[2024-11-15T07:09:23.632+0000] {local_task_job_runner.py:123} INFO - ::group::Pre task execution logs
[2024-11-15T07:09:23.649+0000] {taskinstance.py:2613} INFO - Dependencies all met for dep_context=non-requeueable deps ti=<TaskInstance: email_pipeline.run_result_script manual__2024-11-15T07:09:22+00:00 [queued]>
[2024-11-15T07:09:23.661+0000] {taskinstance.py:2613} INFO - Dependencies all met for dep_context=requeueable deps ti=<TaskInstance: email_pipeline.run_result_script manual__2024-11-15T07:09:22+00:00 [queued]>
[2024-11-15T07:09:23.662+0000] {taskinstance.py:2866} INFO - Starting attempt 1 of 2
[2024-11-15T07:09:23.679+0000] {taskinstance.py:2889} INFO - Executing <Task(BashOperator): run_result_script> on 2024-11-15 07:09:22+00:00
[2024-11-15T07:09:23.684+0000] {warnings.py:112} WARNING - /home/***/.local/lib/python3.12/site-packages/***/task/task_runner/standard_task_runner.py:70: DeprecationWarning: This process (pid=285) is multi-threaded, use of fork() may lead to deadlocks in the child.
  pid = os.fork()

[2024-11-15T07:09:23.686+0000] {standard_task_runner.py:72} INFO - Started process 286 to run task
[2024-11-15T07:09:23.686+0000] {standard_task_runner.py:104} INFO - Running: ['***', 'tasks', 'run', 'email_pipeline', 'run_result_script', 'manual__2024-11-15T07:09:22+00:00', '--job-id', '9', '--raw', '--subdir', 'DAGS_FOLDER/workflow.py', '--cfg-path', '/tmp/tmp38rvf7pf']
[2024-11-15T07:09:23.687+0000] {standard_task_runner.py:105} INFO - Job 9: Subtask run_result_script
[2024-11-15T07:09:23.736+0000] {task_command.py:467} INFO - Running <TaskInstance: email_pipeline.run_result_script manual__2024-11-15T07:09:22+00:00 [running]> on host 1d9b6efd6c03
[2024-11-15T07:09:23.824+0000] {taskinstance.py:3132} INFO - Exporting env vars: AIRFLOW_CTX_DAG_OWNER='***' AIRFLOW_CTX_DAG_ID='email_pipeline' AIRFLOW_CTX_TASK_ID='run_result_script' AIRFLOW_CTX_EXECUTION_DATE='2024-11-15T07:09:22+00:00' AIRFLOW_CTX_TRY_NUMBER='1' AIRFLOW_CTX_DAG_RUN_ID='manual__2024-11-15T07:09:22+00:00'
[2024-11-15T07:09:23.825+0000] {taskinstance.py:731} INFO - ::endgroup::
[2024-11-15T07:09:23.839+0000] {subprocess.py:78} INFO - Tmp dir root location: /tmp
[2024-11-15T07:09:23.840+0000] {subprocess.py:88} INFO - Running command: ['/usr/bin/bash', '-c', 'python /opt/***/dags/result.py']
[2024-11-15T07:09:23.853+0000] {subprocess.py:99} INFO - Output:
[2024-11-15T07:09:29.910+0000] {subprocess.py:110} INFO - Command exited with return code 0
[2024-11-15T07:09:29.935+0000] {taskinstance.py:340} INFO - ::group::Post task execution logs
[2024-11-15T07:09:29.936+0000] {taskinstance.py:352} INFO - Marking task as SUCCESS. dag_id=email_pipeline, task_id=run_result_script, run_id=manual__2024-11-15T07:09:22+00:00, execution_date=20241115T070922, start_date=20241115T070923, end_date=20241115T070929
[2024-11-15T07:09:29.999+0000] {local_task_job_runner.py:266} INFO - Task exited with return code 0
[2024-11-15T07:09:30.016+0000] {taskinstance.py:3895} INFO - 0 downstream tasks scheduled from follow-on schedule check
[2024-11-15T07:09:30.022+0000] {local_task_job_runner.py:245} INFO - ::endgroup::
