[2024-11-15T07:55:53.223+0000] {local_task_job_runner.py:123} INFO - ::group::Pre task execution logs
[2024-11-15T07:55:53.267+0000] {taskinstance.py:2613} INFO - Dependencies all met for dep_context=non-requeueable deps ti=<TaskInstance: email_pipeline.run_result_script scheduled__2024-11-15T07:50:00+00:00 [queued]>
[2024-11-15T07:55:53.286+0000] {taskinstance.py:2613} INFO - Dependencies all met for dep_context=requeueable deps ti=<TaskInstance: email_pipeline.run_result_script scheduled__2024-11-15T07:50:00+00:00 [queued]>
[2024-11-15T07:55:53.287+0000] {taskinstance.py:2866} INFO - Starting attempt 1 of 2
[2024-11-15T07:55:53.319+0000] {taskinstance.py:2889} INFO - Executing <Task(BashOperator): run_result_script> on 2024-11-15 07:50:00+00:00
[2024-11-15T07:55:53.327+0000] {warnings.py:112} WARNING - /home/***/.local/lib/python3.12/site-packages/***/task/task_runner/standard_task_runner.py:70: DeprecationWarning: This process (pid=60) is multi-threaded, use of fork() may lead to deadlocks in the child.
  pid = os.fork()

[2024-11-15T07:55:53.331+0000] {standard_task_runner.py:72} INFO - Started process 62 to run task
[2024-11-15T07:55:53.331+0000] {standard_task_runner.py:104} INFO - Running: ['***', 'tasks', 'run', 'email_pipeline', 'run_result_script', 'scheduled__2024-11-15T07:50:00+00:00', '--job-id', '3', '--raw', '--subdir', 'DAGS_FOLDER/workflow.py', '--cfg-path', '/tmp/tmp96pnd05l']
[2024-11-15T07:55:53.334+0000] {standard_task_runner.py:105} INFO - Job 3: Subtask run_result_script
[2024-11-15T07:55:53.438+0000] {task_command.py:467} INFO - Running <TaskInstance: email_pipeline.run_result_script scheduled__2024-11-15T07:50:00+00:00 [running]> on host 64ec42a6425f
[2024-11-15T07:55:53.721+0000] {taskinstance.py:3132} INFO - Exporting env vars: AIRFLOW_CTX_DAG_OWNER='***' AIRFLOW_CTX_DAG_ID='email_pipeline' AIRFLOW_CTX_TASK_ID='run_result_script' AIRFLOW_CTX_EXECUTION_DATE='2024-11-15T07:50:00+00:00' AIRFLOW_CTX_TRY_NUMBER='1' AIRFLOW_CTX_DAG_RUN_ID='scheduled__2024-11-15T07:50:00+00:00'
[2024-11-15T07:55:53.723+0000] {taskinstance.py:731} INFO - ::endgroup::
[2024-11-15T07:55:53.892+0000] {subprocess.py:78} INFO - Tmp dir root location: /tmp
[2024-11-15T07:55:54.036+0000] {subprocess.py:88} INFO - Running command: ['/usr/bin/bash', '-c', 'python /opt/***/dags/result.py']
[2024-11-15T07:55:54.054+0000] {subprocess.py:99} INFO - Output:
[2024-11-15T07:56:14.359+0000] {subprocess.py:110} INFO - Command exited with return code 0
[2024-11-15T07:56:14.435+0000] {taskinstance.py:340} INFO - ::group::Post task execution logs
[2024-11-15T07:56:14.440+0000] {taskinstance.py:352} INFO - Marking task as SUCCESS. dag_id=email_pipeline, task_id=run_result_script, run_id=scheduled__2024-11-15T07:50:00+00:00, execution_date=20241115T075000, start_date=20241115T075553, end_date=20241115T075614
[2024-11-15T07:56:14.507+0000] {local_task_job_runner.py:266} INFO - Task exited with return code 0
[2024-11-15T07:56:14.543+0000] {taskinstance.py:3895} INFO - 0 downstream tasks scheduled from follow-on schedule check
[2024-11-15T07:56:14.549+0000] {local_task_job_runner.py:245} INFO - ::endgroup::
