[2024-11-15T05:12:50.880+0000] {processor.py:186} INFO - Started process (PID=93) to work on /home/airflow/.local/lib/python3.12/site-packages/airflow/example_dags/example_datasets.py
[2024-11-15T05:12:50.881+0000] {processor.py:914} INFO - Processing file /home/airflow/.local/lib/python3.12/site-packages/airflow/example_dags/example_datasets.py for tasks to queue
[2024-11-15T05:12:50.886+0000] {logging_mixin.py:190} INFO - [2024-11-15T05:12:50.885+0000] {dagbag.py:588} INFO - Filling up the DagBag from /home/airflow/.local/lib/python3.12/site-packages/airflow/example_dags/example_datasets.py
[2024-11-15T05:12:51.740+0000] {processor.py:925} INFO - DAG(s) 'dataset_produces_2', 'dataset_consumes_1', 'dataset_consumes_1_and_2', 'consume_1_or_2_with_dataset_expressions', 'consume_1_or_both_2_and_3_with_dataset_expressions', 'dataset_consumes_unknown_never_scheduled', 'conditional_dataset_and_time_based_timetable', 'dataset_consumes_1_never_scheduled', 'dataset_produces_1', 'consume_1_and_2_with_dataset_expressions' retrieved from /home/airflow/.local/lib/python3.12/site-packages/airflow/example_dags/example_datasets.py
[2024-11-15T05:12:51.887+0000] {logging_mixin.py:190} INFO - [2024-11-15T05:12:51.886+0000] {override.py:1911} INFO - Created Permission View: can delete on DAG:dataset_produces_2
[2024-11-15T05:12:51.908+0000] {logging_mixin.py:190} INFO - [2024-11-15T05:12:51.908+0000] {override.py:1911} INFO - Created Permission View: can edit on DAG:dataset_produces_2
[2024-11-15T05:12:51.923+0000] {logging_mixin.py:190} INFO - [2024-11-15T05:12:51.923+0000] {override.py:1911} INFO - Created Permission View: can read on DAG:dataset_produces_2
[2024-11-15T05:12:51.940+0000] {logging_mixin.py:190} INFO - [2024-11-15T05:12:51.940+0000] {override.py:1911} INFO - Created Permission View: can create on DAG Run:dataset_produces_2
[2024-11-15T05:12:51.955+0000] {logging_mixin.py:190} INFO - [2024-11-15T05:12:51.955+0000] {override.py:1911} INFO - Created Permission View: can delete on DAG Run:dataset_produces_2
[2024-11-15T05:12:51.968+0000] {logging_mixin.py:190} INFO - [2024-11-15T05:12:51.968+0000] {override.py:1911} INFO - Created Permission View: menu access on DAG Run:dataset_produces_2
[2024-11-15T05:12:51.985+0000] {logging_mixin.py:190} INFO - [2024-11-15T05:12:51.984+0000] {override.py:1911} INFO - Created Permission View: can read on DAG Run:dataset_produces_2
[2024-11-15T05:12:52.019+0000] {logging_mixin.py:190} INFO - [2024-11-15T05:12:52.018+0000] {override.py:1911} INFO - Created Permission View: can delete on DAG:dataset_consumes_1
[2024-11-15T05:12:52.032+0000] {logging_mixin.py:190} INFO - [2024-11-15T05:12:52.031+0000] {override.py:1911} INFO - Created Permission View: can edit on DAG:dataset_consumes_1
[2024-11-15T05:12:52.049+0000] {logging_mixin.py:190} INFO - [2024-11-15T05:12:52.047+0000] {override.py:1911} INFO - Created Permission View: can read on DAG:dataset_consumes_1
[2024-11-15T05:12:52.066+0000] {logging_mixin.py:190} INFO - [2024-11-15T05:12:52.066+0000] {override.py:1911} INFO - Created Permission View: can create on DAG Run:dataset_consumes_1
[2024-11-15T05:12:52.080+0000] {logging_mixin.py:190} INFO - [2024-11-15T05:12:52.079+0000] {override.py:1911} INFO - Created Permission View: can delete on DAG Run:dataset_consumes_1
[2024-11-15T05:12:52.091+0000] {logging_mixin.py:190} INFO - [2024-11-15T05:12:52.091+0000] {override.py:1911} INFO - Created Permission View: menu access on DAG Run:dataset_consumes_1
[2024-11-15T05:12:52.104+0000] {logging_mixin.py:190} INFO - [2024-11-15T05:12:52.104+0000] {override.py:1911} INFO - Created Permission View: can read on DAG Run:dataset_consumes_1
[2024-11-15T05:12:52.128+0000] {logging_mixin.py:190} INFO - [2024-11-15T05:12:52.127+0000] {override.py:1911} INFO - Created Permission View: can delete on DAG:dataset_consumes_1_and_2
[2024-11-15T05:12:52.142+0000] {logging_mixin.py:190} INFO - [2024-11-15T05:12:52.141+0000] {override.py:1911} INFO - Created Permission View: can edit on DAG:dataset_consumes_1_and_2
[2024-11-15T05:12:52.156+0000] {logging_mixin.py:190} INFO - [2024-11-15T05:12:52.155+0000] {override.py:1911} INFO - Created Permission View: can read on DAG:dataset_consumes_1_and_2
[2024-11-15T05:12:52.173+0000] {logging_mixin.py:190} INFO - [2024-11-15T05:12:52.173+0000] {override.py:1911} INFO - Created Permission View: can create on DAG Run:dataset_consumes_1_and_2
[2024-11-15T05:12:52.188+0000] {logging_mixin.py:190} INFO - [2024-11-15T05:12:52.188+0000] {override.py:1911} INFO - Created Permission View: can delete on DAG Run:dataset_consumes_1_and_2
[2024-11-15T05:12:52.202+0000] {logging_mixin.py:190} INFO - [2024-11-15T05:12:52.201+0000] {override.py:1911} INFO - Created Permission View: menu access on DAG Run:dataset_consumes_1_and_2
[2024-11-15T05:12:52.216+0000] {logging_mixin.py:190} INFO - [2024-11-15T05:12:52.215+0000] {override.py:1911} INFO - Created Permission View: can read on DAG Run:dataset_consumes_1_and_2
[2024-11-15T05:12:52.240+0000] {logging_mixin.py:190} INFO - [2024-11-15T05:12:52.239+0000] {override.py:1911} INFO - Created Permission View: can delete on DAG:consume_1_or_2_with_dataset_expressions
[2024-11-15T05:12:52.253+0000] {logging_mixin.py:190} INFO - [2024-11-15T05:12:52.253+0000] {override.py:1911} INFO - Created Permission View: can edit on DAG:consume_1_or_2_with_dataset_expressions
[2024-11-15T05:12:52.267+0000] {logging_mixin.py:190} INFO - [2024-11-15T05:12:52.266+0000] {override.py:1911} INFO - Created Permission View: can read on DAG:consume_1_or_2_with_dataset_expressions
[2024-11-15T05:12:52.284+0000] {logging_mixin.py:190} INFO - [2024-11-15T05:12:52.284+0000] {override.py:1911} INFO - Created Permission View: can create on DAG Run:consume_1_or_2_with_dataset_expressions
[2024-11-15T05:12:52.296+0000] {logging_mixin.py:190} INFO - [2024-11-15T05:12:52.296+0000] {override.py:1911} INFO - Created Permission View: can delete on DAG Run:consume_1_or_2_with_dataset_expressions
[2024-11-15T05:12:52.310+0000] {logging_mixin.py:190} INFO - [2024-11-15T05:12:52.309+0000] {override.py:1911} INFO - Created Permission View: menu access on DAG Run:consume_1_or_2_with_dataset_expressions
[2024-11-15T05:12:52.324+0000] {logging_mixin.py:190} INFO - [2024-11-15T05:12:52.324+0000] {override.py:1911} INFO - Created Permission View: can read on DAG Run:consume_1_or_2_with_dataset_expressions
[2024-11-15T05:12:52.350+0000] {logging_mixin.py:190} INFO - [2024-11-15T05:12:52.350+0000] {override.py:1911} INFO - Created Permission View: can delete on DAG:consume_1_or_both_2_and_3_with_dataset_expressions
[2024-11-15T05:12:52.363+0000] {logging_mixin.py:190} INFO - [2024-11-15T05:12:52.362+0000] {override.py:1911} INFO - Created Permission View: can edit on DAG:consume_1_or_both_2_and_3_with_dataset_expressions
[2024-11-15T05:12:52.377+0000] {logging_mixin.py:190} INFO - [2024-11-15T05:12:52.377+0000] {override.py:1911} INFO - Created Permission View: can read on DAG:consume_1_or_both_2_and_3_with_dataset_expressions
[2024-11-15T05:12:52.394+0000] {logging_mixin.py:190} INFO - [2024-11-15T05:12:52.394+0000] {override.py:1911} INFO - Created Permission View: can create on DAG Run:consume_1_or_both_2_and_3_with_dataset_expressions
[2024-11-15T05:12:52.409+0000] {logging_mixin.py:190} INFO - [2024-11-15T05:12:52.408+0000] {override.py:1911} INFO - Created Permission View: can delete on DAG Run:consume_1_or_both_2_and_3_with_dataset_expressions
[2024-11-15T05:12:52.423+0000] {logging_mixin.py:190} INFO - [2024-11-15T05:12:52.423+0000] {override.py:1911} INFO - Created Permission View: menu access on DAG Run:consume_1_or_both_2_and_3_with_dataset_expressions
[2024-11-15T05:12:52.436+0000] {logging_mixin.py:190} INFO - [2024-11-15T05:12:52.436+0000] {override.py:1911} INFO - Created Permission View: can read on DAG Run:consume_1_or_both_2_and_3_with_dataset_expressions
[2024-11-15T05:12:52.460+0000] {logging_mixin.py:190} INFO - [2024-11-15T05:12:52.460+0000] {override.py:1911} INFO - Created Permission View: can delete on DAG:dataset_consumes_unknown_never_scheduled
[2024-11-15T05:12:52.474+0000] {logging_mixin.py:190} INFO - [2024-11-15T05:12:52.474+0000] {override.py:1911} INFO - Created Permission View: can edit on DAG:dataset_consumes_unknown_never_scheduled
[2024-11-15T05:12:52.488+0000] {logging_mixin.py:190} INFO - [2024-11-15T05:12:52.488+0000] {override.py:1911} INFO - Created Permission View: can read on DAG:dataset_consumes_unknown_never_scheduled
[2024-11-15T05:12:52.505+0000] {logging_mixin.py:190} INFO - [2024-11-15T05:12:52.504+0000] {override.py:1911} INFO - Created Permission View: can create on DAG Run:dataset_consumes_unknown_never_scheduled
[2024-11-15T05:12:52.517+0000] {logging_mixin.py:190} INFO - [2024-11-15T05:12:52.517+0000] {override.py:1911} INFO - Created Permission View: can delete on DAG Run:dataset_consumes_unknown_never_scheduled
[2024-11-15T05:12:52.529+0000] {logging_mixin.py:190} INFO - [2024-11-15T05:12:52.529+0000] {override.py:1911} INFO - Created Permission View: menu access on DAG Run:dataset_consumes_unknown_never_scheduled
[2024-11-15T05:12:52.542+0000] {logging_mixin.py:190} INFO - [2024-11-15T05:12:52.541+0000] {override.py:1911} INFO - Created Permission View: can read on DAG Run:dataset_consumes_unknown_never_scheduled
[2024-11-15T05:12:52.566+0000] {logging_mixin.py:190} INFO - [2024-11-15T05:12:52.565+0000] {override.py:1911} INFO - Created Permission View: can delete on DAG:conditional_dataset_and_time_based_timetable
[2024-11-15T05:12:52.579+0000] {logging_mixin.py:190} INFO - [2024-11-15T05:12:52.578+0000] {override.py:1911} INFO - Created Permission View: can edit on DAG:conditional_dataset_and_time_based_timetable
[2024-11-15T05:12:52.592+0000] {logging_mixin.py:190} INFO - [2024-11-15T05:12:52.591+0000] {override.py:1911} INFO - Created Permission View: can read on DAG:conditional_dataset_and_time_based_timetable
[2024-11-15T05:12:52.610+0000] {logging_mixin.py:190} INFO - [2024-11-15T05:12:52.609+0000] {override.py:1911} INFO - Created Permission View: can create on DAG Run:conditional_dataset_and_time_based_timetable
[2024-11-15T05:12:52.623+0000] {logging_mixin.py:190} INFO - [2024-11-15T05:12:52.622+0000] {override.py:1911} INFO - Created Permission View: can delete on DAG Run:conditional_dataset_and_time_based_timetable
[2024-11-15T05:12:52.635+0000] {logging_mixin.py:190} INFO - [2024-11-15T05:12:52.635+0000] {override.py:1911} INFO - Created Permission View: menu access on DAG Run:conditional_dataset_and_time_based_timetable
[2024-11-15T05:12:52.647+0000] {logging_mixin.py:190} INFO - [2024-11-15T05:12:52.647+0000] {override.py:1911} INFO - Created Permission View: can read on DAG Run:conditional_dataset_and_time_based_timetable
[2024-11-15T05:12:52.670+0000] {logging_mixin.py:190} INFO - [2024-11-15T05:12:52.670+0000] {override.py:1911} INFO - Created Permission View: can delete on DAG:dataset_consumes_1_never_scheduled
[2024-11-15T05:12:52.683+0000] {logging_mixin.py:190} INFO - [2024-11-15T05:12:52.682+0000] {override.py:1911} INFO - Created Permission View: can edit on DAG:dataset_consumes_1_never_scheduled
[2024-11-15T05:12:52.695+0000] {logging_mixin.py:190} INFO - [2024-11-15T05:12:52.694+0000] {override.py:1911} INFO - Created Permission View: can read on DAG:dataset_consumes_1_never_scheduled
[2024-11-15T05:12:52.714+0000] {logging_mixin.py:190} INFO - [2024-11-15T05:12:52.713+0000] {override.py:1911} INFO - Created Permission View: can create on DAG Run:dataset_consumes_1_never_scheduled
[2024-11-15T05:12:52.726+0000] {logging_mixin.py:190} INFO - [2024-11-15T05:12:52.726+0000] {override.py:1911} INFO - Created Permission View: can delete on DAG Run:dataset_consumes_1_never_scheduled
[2024-11-15T05:12:52.740+0000] {logging_mixin.py:190} INFO - [2024-11-15T05:12:52.739+0000] {override.py:1911} INFO - Created Permission View: menu access on DAG Run:dataset_consumes_1_never_scheduled
[2024-11-15T05:12:52.752+0000] {logging_mixin.py:190} INFO - [2024-11-15T05:12:52.752+0000] {override.py:1911} INFO - Created Permission View: can read on DAG Run:dataset_consumes_1_never_scheduled
[2024-11-15T05:12:52.775+0000] {logging_mixin.py:190} INFO - [2024-11-15T05:12:52.774+0000] {override.py:1911} INFO - Created Permission View: can delete on DAG:dataset_produces_1
[2024-11-15T05:12:52.788+0000] {logging_mixin.py:190} INFO - [2024-11-15T05:12:52.787+0000] {override.py:1911} INFO - Created Permission View: can edit on DAG:dataset_produces_1
[2024-11-15T05:12:52.799+0000] {logging_mixin.py:190} INFO - [2024-11-15T05:12:52.799+0000] {override.py:1911} INFO - Created Permission View: can read on DAG:dataset_produces_1
[2024-11-15T05:12:52.815+0000] {logging_mixin.py:190} INFO - [2024-11-15T05:12:52.815+0000] {override.py:1911} INFO - Created Permission View: can create on DAG Run:dataset_produces_1
[2024-11-15T05:12:52.827+0000] {logging_mixin.py:190} INFO - [2024-11-15T05:12:52.827+0000] {override.py:1911} INFO - Created Permission View: can delete on DAG Run:dataset_produces_1
[2024-11-15T05:12:52.839+0000] {logging_mixin.py:190} INFO - [2024-11-15T05:12:52.839+0000] {override.py:1911} INFO - Created Permission View: menu access on DAG Run:dataset_produces_1
[2024-11-15T05:12:52.852+0000] {logging_mixin.py:190} INFO - [2024-11-15T05:12:52.851+0000] {override.py:1911} INFO - Created Permission View: can read on DAG Run:dataset_produces_1
[2024-11-15T05:12:52.875+0000] {logging_mixin.py:190} INFO - [2024-11-15T05:12:52.875+0000] {override.py:1911} INFO - Created Permission View: can delete on DAG:consume_1_and_2_with_dataset_expressions
[2024-11-15T05:12:52.886+0000] {logging_mixin.py:190} INFO - [2024-11-15T05:12:52.886+0000] {override.py:1911} INFO - Created Permission View: can edit on DAG:consume_1_and_2_with_dataset_expressions
[2024-11-15T05:12:52.897+0000] {logging_mixin.py:190} INFO - [2024-11-15T05:12:52.897+0000] {override.py:1911} INFO - Created Permission View: can read on DAG:consume_1_and_2_with_dataset_expressions
[2024-11-15T05:12:52.921+0000] {logging_mixin.py:190} INFO - [2024-11-15T05:12:52.920+0000] {override.py:1911} INFO - Created Permission View: can create on DAG Run:consume_1_and_2_with_dataset_expressions
[2024-11-15T05:12:52.933+0000] {logging_mixin.py:190} INFO - [2024-11-15T05:12:52.932+0000] {override.py:1911} INFO - Created Permission View: can delete on DAG Run:consume_1_and_2_with_dataset_expressions
[2024-11-15T05:12:52.944+0000] {logging_mixin.py:190} INFO - [2024-11-15T05:12:52.944+0000] {override.py:1911} INFO - Created Permission View: menu access on DAG Run:consume_1_and_2_with_dataset_expressions
[2024-11-15T05:12:52.957+0000] {logging_mixin.py:190} INFO - [2024-11-15T05:12:52.957+0000] {override.py:1911} INFO - Created Permission View: can read on DAG Run:consume_1_and_2_with_dataset_expressions
[2024-11-15T05:12:52.958+0000] {logging_mixin.py:190} INFO - [2024-11-15T05:12:52.958+0000] {dag.py:3239} INFO - Sync 10 DAGs
[2024-11-15T05:12:52.973+0000] {logging_mixin.py:190} INFO - [2024-11-15T05:12:52.972+0000] {dag.py:3262} INFO - Creating ORM DAG for dataset_consumes_1_never_scheduled
[2024-11-15T05:12:52.974+0000] {logging_mixin.py:190} INFO - [2024-11-15T05:12:52.974+0000] {dag.py:3262} INFO - Creating ORM DAG for consume_1_or_both_2_and_3_with_dataset_expressions
[2024-11-15T05:12:52.975+0000] {logging_mixin.py:190} INFO - [2024-11-15T05:12:52.975+0000] {dag.py:3262} INFO - Creating ORM DAG for dataset_consumes_unknown_never_scheduled
[2024-11-15T05:12:52.976+0000] {logging_mixin.py:190} INFO - [2024-11-15T05:12:52.976+0000] {dag.py:3262} INFO - Creating ORM DAG for dataset_produces_1
[2024-11-15T05:12:52.977+0000] {logging_mixin.py:190} INFO - [2024-11-15T05:12:52.977+0000] {dag.py:3262} INFO - Creating ORM DAG for consume_1_and_2_with_dataset_expressions
[2024-11-15T05:12:52.978+0000] {logging_mixin.py:190} INFO - [2024-11-15T05:12:52.978+0000] {dag.py:3262} INFO - Creating ORM DAG for consume_1_or_2_with_dataset_expressions
[2024-11-15T05:12:52.979+0000] {logging_mixin.py:190} INFO - [2024-11-15T05:12:52.979+0000] {dag.py:3262} INFO - Creating ORM DAG for dataset_produces_2
[2024-11-15T05:12:52.980+0000] {logging_mixin.py:190} INFO - [2024-11-15T05:12:52.980+0000] {dag.py:3262} INFO - Creating ORM DAG for dataset_consumes_1
[2024-11-15T05:12:52.982+0000] {logging_mixin.py:190} INFO - [2024-11-15T05:12:52.981+0000] {dag.py:3262} INFO - Creating ORM DAG for dataset_consumes_1_and_2
[2024-11-15T05:12:52.983+0000] {logging_mixin.py:190} INFO - [2024-11-15T05:12:52.983+0000] {dag.py:3262} INFO - Creating ORM DAG for conditional_dataset_and_time_based_timetable
[2024-11-15T05:12:52.994+0000] {logging_mixin.py:190} INFO - [2024-11-15T05:12:52.994+0000] {dag.py:4180} INFO - Setting next_dagrun for conditional_dataset_and_time_based_timetable to 2024-11-13 01:00:00+00:00, run_after=2024-11-13 01:00:00+00:00
[2024-11-15T05:12:52.996+0000] {logging_mixin.py:190} INFO - [2024-11-15T05:12:52.995+0000] {dag.py:4180} INFO - Setting next_dagrun for consume_1_and_2_with_dataset_expressions to None, run_after=None
[2024-11-15T05:12:52.997+0000] {logging_mixin.py:190} INFO - [2024-11-15T05:12:52.996+0000] {dag.py:4180} INFO - Setting next_dagrun for consume_1_or_2_with_dataset_expressions to None, run_after=None
[2024-11-15T05:12:52.998+0000] {logging_mixin.py:190} INFO - [2024-11-15T05:12:52.997+0000] {dag.py:4180} INFO - Setting next_dagrun for consume_1_or_both_2_and_3_with_dataset_expressions to None, run_after=None
[2024-11-15T05:12:52.999+0000] {logging_mixin.py:190} INFO - [2024-11-15T05:12:52.998+0000] {dag.py:4180} INFO - Setting next_dagrun for dataset_consumes_1 to None, run_after=None
[2024-11-15T05:12:53.000+0000] {logging_mixin.py:190} INFO - [2024-11-15T05:12:52.999+0000] {dag.py:4180} INFO - Setting next_dagrun for dataset_consumes_1_and_2 to None, run_after=None
[2024-11-15T05:12:53.001+0000] {logging_mixin.py:190} INFO - [2024-11-15T05:12:53.001+0000] {dag.py:4180} INFO - Setting next_dagrun for dataset_consumes_1_never_scheduled to None, run_after=None
[2024-11-15T05:12:53.003+0000] {logging_mixin.py:190} INFO - [2024-11-15T05:12:53.003+0000] {dag.py:4180} INFO - Setting next_dagrun for dataset_consumes_unknown_never_scheduled to None, run_after=None
[2024-11-15T05:12:53.005+0000] {logging_mixin.py:190} INFO - [2024-11-15T05:12:53.005+0000] {dag.py:4180} INFO - Setting next_dagrun for dataset_produces_1 to 2024-11-14 00:00:00+00:00, run_after=2024-11-15 00:00:00+00:00
[2024-11-15T05:12:53.007+0000] {logging_mixin.py:190} INFO - [2024-11-15T05:12:53.006+0000] {dag.py:4180} INFO - Setting next_dagrun for dataset_produces_2 to None, run_after=None
[2024-11-15T05:12:53.069+0000] {processor.py:208} INFO - Processing /home/airflow/.local/lib/python3.12/site-packages/airflow/example_dags/example_datasets.py took 2.197 seconds
[2024-11-15T05:13:23.516+0000] {processor.py:186} INFO - Started process (PID=172) to work on /home/airflow/.local/lib/python3.12/site-packages/airflow/example_dags/example_datasets.py
[2024-11-15T05:13:23.517+0000] {processor.py:914} INFO - Processing file /home/airflow/.local/lib/python3.12/site-packages/airflow/example_dags/example_datasets.py for tasks to queue
[2024-11-15T05:13:23.520+0000] {logging_mixin.py:190} INFO - [2024-11-15T05:13:23.520+0000] {dagbag.py:588} INFO - Filling up the DagBag from /home/airflow/.local/lib/python3.12/site-packages/airflow/example_dags/example_datasets.py
[2024-11-15T05:13:24.141+0000] {processor.py:925} INFO - DAG(s) 'consume_1_and_2_with_dataset_expressions', 'dataset_consumes_1_never_scheduled', 'consume_1_or_both_2_and_3_with_dataset_expressions', 'dataset_consumes_1_and_2', 'dataset_consumes_unknown_never_scheduled', 'dataset_produces_1', 'dataset_consumes_1', 'dataset_produces_2', 'conditional_dataset_and_time_based_timetable', 'consume_1_or_2_with_dataset_expressions' retrieved from /home/airflow/.local/lib/python3.12/site-packages/airflow/example_dags/example_datasets.py
[2024-11-15T05:13:24.232+0000] {logging_mixin.py:190} INFO - [2024-11-15T05:13:24.232+0000] {dag.py:3239} INFO - Sync 10 DAGs
[2024-11-15T05:13:24.277+0000] {logging_mixin.py:190} INFO - [2024-11-15T05:13:24.276+0000] {dag.py:4180} INFO - Setting next_dagrun for conditional_dataset_and_time_based_timetable to 2024-11-13 01:00:00+00:00, run_after=2024-11-13 01:00:00+00:00
[2024-11-15T05:13:24.284+0000] {logging_mixin.py:190} INFO - [2024-11-15T05:13:24.284+0000] {dag.py:4180} INFO - Setting next_dagrun for consume_1_and_2_with_dataset_expressions to None, run_after=None
[2024-11-15T05:13:24.287+0000] {logging_mixin.py:190} INFO - [2024-11-15T05:13:24.287+0000] {dag.py:4180} INFO - Setting next_dagrun for consume_1_or_2_with_dataset_expressions to None, run_after=None
[2024-11-15T05:13:24.289+0000] {logging_mixin.py:190} INFO - [2024-11-15T05:13:24.289+0000] {dag.py:4180} INFO - Setting next_dagrun for consume_1_or_both_2_and_3_with_dataset_expressions to None, run_after=None
[2024-11-15T05:13:24.292+0000] {logging_mixin.py:190} INFO - [2024-11-15T05:13:24.292+0000] {dag.py:4180} INFO - Setting next_dagrun for dataset_consumes_1 to None, run_after=None
[2024-11-15T05:13:24.295+0000] {logging_mixin.py:190} INFO - [2024-11-15T05:13:24.294+0000] {dag.py:4180} INFO - Setting next_dagrun for dataset_consumes_1_and_2 to None, run_after=None
[2024-11-15T05:13:24.298+0000] {logging_mixin.py:190} INFO - [2024-11-15T05:13:24.298+0000] {dag.py:4180} INFO - Setting next_dagrun for dataset_consumes_1_never_scheduled to None, run_after=None
[2024-11-15T05:13:24.302+0000] {logging_mixin.py:190} INFO - [2024-11-15T05:13:24.301+0000] {dag.py:4180} INFO - Setting next_dagrun for dataset_consumes_unknown_never_scheduled to None, run_after=None
[2024-11-15T05:13:24.306+0000] {logging_mixin.py:190} INFO - [2024-11-15T05:13:24.306+0000] {dag.py:4180} INFO - Setting next_dagrun for dataset_produces_1 to 2024-11-14 00:00:00+00:00, run_after=2024-11-15 00:00:00+00:00
[2024-11-15T05:13:24.308+0000] {logging_mixin.py:190} INFO - [2024-11-15T05:13:24.308+0000] {dag.py:4180} INFO - Setting next_dagrun for dataset_produces_2 to None, run_after=None
[2024-11-15T05:13:24.354+0000] {processor.py:208} INFO - Processing /home/airflow/.local/lib/python3.12/site-packages/airflow/example_dags/example_datasets.py took 0.844 seconds
[2024-11-15T05:13:54.402+0000] {processor.py:186} INFO - Started process (PID=236) to work on /home/airflow/.local/lib/python3.12/site-packages/airflow/example_dags/example_datasets.py
[2024-11-15T05:13:54.403+0000] {processor.py:914} INFO - Processing file /home/airflow/.local/lib/python3.12/site-packages/airflow/example_dags/example_datasets.py for tasks to queue
[2024-11-15T05:13:54.406+0000] {logging_mixin.py:190} INFO - [2024-11-15T05:13:54.405+0000] {dagbag.py:588} INFO - Filling up the DagBag from /home/airflow/.local/lib/python3.12/site-packages/airflow/example_dags/example_datasets.py
[2024-11-15T05:13:54.899+0000] {processor.py:925} INFO - DAG(s) 'consume_1_and_2_with_dataset_expressions', 'consume_1_or_both_2_and_3_with_dataset_expressions', 'dataset_consumes_unknown_never_scheduled', 'dataset_consumes_1_never_scheduled', 'dataset_produces_1', 'conditional_dataset_and_time_based_timetable', 'dataset_consumes_1_and_2', 'dataset_produces_2', 'dataset_consumes_1', 'consume_1_or_2_with_dataset_expressions' retrieved from /home/airflow/.local/lib/python3.12/site-packages/airflow/example_dags/example_datasets.py
[2024-11-15T05:13:54.946+0000] {logging_mixin.py:190} INFO - [2024-11-15T05:13:54.946+0000] {dag.py:3239} INFO - Sync 10 DAGs
[2024-11-15T05:13:54.971+0000] {logging_mixin.py:190} INFO - [2024-11-15T05:13:54.970+0000] {dag.py:4180} INFO - Setting next_dagrun for conditional_dataset_and_time_based_timetable to 2024-11-13 01:00:00+00:00, run_after=2024-11-13 01:00:00+00:00
[2024-11-15T05:13:54.975+0000] {logging_mixin.py:190} INFO - [2024-11-15T05:13:54.974+0000] {dag.py:4180} INFO - Setting next_dagrun for consume_1_and_2_with_dataset_expressions to None, run_after=None
[2024-11-15T05:13:54.977+0000] {logging_mixin.py:190} INFO - [2024-11-15T05:13:54.977+0000] {dag.py:4180} INFO - Setting next_dagrun for consume_1_or_2_with_dataset_expressions to None, run_after=None
[2024-11-15T05:13:54.979+0000] {logging_mixin.py:190} INFO - [2024-11-15T05:13:54.979+0000] {dag.py:4180} INFO - Setting next_dagrun for consume_1_or_both_2_and_3_with_dataset_expressions to None, run_after=None
[2024-11-15T05:13:54.981+0000] {logging_mixin.py:190} INFO - [2024-11-15T05:13:54.981+0000] {dag.py:4180} INFO - Setting next_dagrun for dataset_consumes_1 to None, run_after=None
[2024-11-15T05:13:54.983+0000] {logging_mixin.py:190} INFO - [2024-11-15T05:13:54.983+0000] {dag.py:4180} INFO - Setting next_dagrun for dataset_consumes_1_and_2 to None, run_after=None
[2024-11-15T05:13:54.985+0000] {logging_mixin.py:190} INFO - [2024-11-15T05:13:54.985+0000] {dag.py:4180} INFO - Setting next_dagrun for dataset_consumes_1_never_scheduled to None, run_after=None
[2024-11-15T05:13:54.987+0000] {logging_mixin.py:190} INFO - [2024-11-15T05:13:54.987+0000] {dag.py:4180} INFO - Setting next_dagrun for dataset_consumes_unknown_never_scheduled to None, run_after=None
[2024-11-15T05:13:54.989+0000] {logging_mixin.py:190} INFO - [2024-11-15T05:13:54.989+0000] {dag.py:4180} INFO - Setting next_dagrun for dataset_produces_1 to 2024-11-14 00:00:00+00:00, run_after=2024-11-15 00:00:00+00:00
[2024-11-15T05:13:54.992+0000] {logging_mixin.py:190} INFO - [2024-11-15T05:13:54.992+0000] {dag.py:4180} INFO - Setting next_dagrun for dataset_produces_2 to None, run_after=None
[2024-11-15T05:13:55.036+0000] {processor.py:208} INFO - Processing /home/airflow/.local/lib/python3.12/site-packages/airflow/example_dags/example_datasets.py took 0.639 seconds
[2024-11-15T05:14:26.008+0000] {processor.py:186} INFO - Started process (PID=300) to work on /home/airflow/.local/lib/python3.12/site-packages/airflow/example_dags/example_datasets.py
[2024-11-15T05:14:26.010+0000] {processor.py:914} INFO - Processing file /home/airflow/.local/lib/python3.12/site-packages/airflow/example_dags/example_datasets.py for tasks to queue
[2024-11-15T05:14:26.014+0000] {logging_mixin.py:190} INFO - [2024-11-15T05:14:26.013+0000] {dagbag.py:588} INFO - Filling up the DagBag from /home/airflow/.local/lib/python3.12/site-packages/airflow/example_dags/example_datasets.py
[2024-11-15T05:14:26.673+0000] {processor.py:925} INFO - DAG(s) 'dataset_consumes_1_never_scheduled', 'conditional_dataset_and_time_based_timetable', 'dataset_consumes_1_and_2', 'dataset_produces_1', 'consume_1_and_2_with_dataset_expressions', 'dataset_consumes_1', 'dataset_produces_2', 'consume_1_or_both_2_and_3_with_dataset_expressions', 'dataset_consumes_unknown_never_scheduled', 'consume_1_or_2_with_dataset_expressions' retrieved from /home/airflow/.local/lib/python3.12/site-packages/airflow/example_dags/example_datasets.py
[2024-11-15T05:14:26.713+0000] {logging_mixin.py:190} INFO - [2024-11-15T05:14:26.713+0000] {dag.py:3239} INFO - Sync 10 DAGs
[2024-11-15T05:14:26.734+0000] {logging_mixin.py:190} INFO - [2024-11-15T05:14:26.733+0000] {dag.py:4180} INFO - Setting next_dagrun for conditional_dataset_and_time_based_timetable to 2024-11-13 01:00:00+00:00, run_after=2024-11-13 01:00:00+00:00
[2024-11-15T05:14:26.738+0000] {logging_mixin.py:190} INFO - [2024-11-15T05:14:26.737+0000] {dag.py:4180} INFO - Setting next_dagrun for consume_1_and_2_with_dataset_expressions to None, run_after=None
[2024-11-15T05:14:26.739+0000] {logging_mixin.py:190} INFO - [2024-11-15T05:14:26.739+0000] {dag.py:4180} INFO - Setting next_dagrun for consume_1_or_2_with_dataset_expressions to None, run_after=None
[2024-11-15T05:14:26.741+0000] {logging_mixin.py:190} INFO - [2024-11-15T05:14:26.741+0000] {dag.py:4180} INFO - Setting next_dagrun for consume_1_or_both_2_and_3_with_dataset_expressions to None, run_after=None
[2024-11-15T05:14:26.742+0000] {logging_mixin.py:190} INFO - [2024-11-15T05:14:26.742+0000] {dag.py:4180} INFO - Setting next_dagrun for dataset_consumes_1 to None, run_after=None
[2024-11-15T05:14:26.744+0000] {logging_mixin.py:190} INFO - [2024-11-15T05:14:26.744+0000] {dag.py:4180} INFO - Setting next_dagrun for dataset_consumes_1_and_2 to None, run_after=None
[2024-11-15T05:14:26.746+0000] {logging_mixin.py:190} INFO - [2024-11-15T05:14:26.746+0000] {dag.py:4180} INFO - Setting next_dagrun for dataset_consumes_1_never_scheduled to None, run_after=None
[2024-11-15T05:14:26.748+0000] {logging_mixin.py:190} INFO - [2024-11-15T05:14:26.748+0000] {dag.py:4180} INFO - Setting next_dagrun for dataset_consumes_unknown_never_scheduled to None, run_after=None
[2024-11-15T05:14:26.751+0000] {logging_mixin.py:190} INFO - [2024-11-15T05:14:26.751+0000] {dag.py:4180} INFO - Setting next_dagrun for dataset_produces_1 to 2024-11-14 00:00:00+00:00, run_after=2024-11-15 00:00:00+00:00
[2024-11-15T05:14:26.753+0000] {logging_mixin.py:190} INFO - [2024-11-15T05:14:26.753+0000] {dag.py:4180} INFO - Setting next_dagrun for dataset_produces_2 to None, run_after=None
[2024-11-15T05:14:26.785+0000] {processor.py:208} INFO - Processing /home/airflow/.local/lib/python3.12/site-packages/airflow/example_dags/example_datasets.py took 0.796 seconds
[2024-11-15T05:14:57.073+0000] {processor.py:186} INFO - Started process (PID=364) to work on /home/airflow/.local/lib/python3.12/site-packages/airflow/example_dags/example_datasets.py
[2024-11-15T05:14:57.074+0000] {processor.py:914} INFO - Processing file /home/airflow/.local/lib/python3.12/site-packages/airflow/example_dags/example_datasets.py for tasks to queue
[2024-11-15T05:14:57.076+0000] {logging_mixin.py:190} INFO - [2024-11-15T05:14:57.076+0000] {dagbag.py:588} INFO - Filling up the DagBag from /home/airflow/.local/lib/python3.12/site-packages/airflow/example_dags/example_datasets.py
[2024-11-15T05:14:57.627+0000] {processor.py:925} INFO - DAG(s) 'dataset_consumes_unknown_never_scheduled', 'dataset_produces_1', 'dataset_consumes_1_and_2', 'dataset_consumes_1_never_scheduled', 'conditional_dataset_and_time_based_timetable', 'consume_1_or_both_2_and_3_with_dataset_expressions', 'dataset_produces_2', 'consume_1_and_2_with_dataset_expressions', 'dataset_consumes_1', 'consume_1_or_2_with_dataset_expressions' retrieved from /home/airflow/.local/lib/python3.12/site-packages/airflow/example_dags/example_datasets.py
[2024-11-15T05:14:57.667+0000] {logging_mixin.py:190} INFO - [2024-11-15T05:14:57.667+0000] {dag.py:3239} INFO - Sync 10 DAGs
[2024-11-15T05:14:57.688+0000] {logging_mixin.py:190} INFO - [2024-11-15T05:14:57.688+0000] {dag.py:4180} INFO - Setting next_dagrun for conditional_dataset_and_time_based_timetable to 2024-11-13 01:00:00+00:00, run_after=2024-11-13 01:00:00+00:00
[2024-11-15T05:14:57.693+0000] {logging_mixin.py:190} INFO - [2024-11-15T05:14:57.693+0000] {dag.py:4180} INFO - Setting next_dagrun for consume_1_and_2_with_dataset_expressions to None, run_after=None
[2024-11-15T05:14:57.694+0000] {logging_mixin.py:190} INFO - [2024-11-15T05:14:57.694+0000] {dag.py:4180} INFO - Setting next_dagrun for consume_1_or_2_with_dataset_expressions to None, run_after=None
[2024-11-15T05:14:57.696+0000] {logging_mixin.py:190} INFO - [2024-11-15T05:14:57.696+0000] {dag.py:4180} INFO - Setting next_dagrun for consume_1_or_both_2_and_3_with_dataset_expressions to None, run_after=None
[2024-11-15T05:14:57.698+0000] {logging_mixin.py:190} INFO - [2024-11-15T05:14:57.697+0000] {dag.py:4180} INFO - Setting next_dagrun for dataset_consumes_1 to None, run_after=None
[2024-11-15T05:14:57.699+0000] {logging_mixin.py:190} INFO - [2024-11-15T05:14:57.699+0000] {dag.py:4180} INFO - Setting next_dagrun for dataset_consumes_1_and_2 to None, run_after=None
[2024-11-15T05:14:57.701+0000] {logging_mixin.py:190} INFO - [2024-11-15T05:14:57.700+0000] {dag.py:4180} INFO - Setting next_dagrun for dataset_consumes_1_never_scheduled to None, run_after=None
[2024-11-15T05:14:57.702+0000] {logging_mixin.py:190} INFO - [2024-11-15T05:14:57.702+0000] {dag.py:4180} INFO - Setting next_dagrun for dataset_consumes_unknown_never_scheduled to None, run_after=None
[2024-11-15T05:14:57.705+0000] {logging_mixin.py:190} INFO - [2024-11-15T05:14:57.704+0000] {dag.py:4180} INFO - Setting next_dagrun for dataset_produces_1 to 2024-11-14 00:00:00+00:00, run_after=2024-11-15 00:00:00+00:00
[2024-11-15T05:14:57.706+0000] {logging_mixin.py:190} INFO - [2024-11-15T05:14:57.706+0000] {dag.py:4180} INFO - Setting next_dagrun for dataset_produces_2 to None, run_after=None
[2024-11-15T05:14:57.745+0000] {processor.py:208} INFO - Processing /home/airflow/.local/lib/python3.12/site-packages/airflow/example_dags/example_datasets.py took 0.678 seconds
[2024-11-15T05:15:28.445+0000] {processor.py:186} INFO - Started process (PID=455) to work on /home/airflow/.local/lib/python3.12/site-packages/airflow/example_dags/example_datasets.py
[2024-11-15T05:15:28.446+0000] {processor.py:914} INFO - Processing file /home/airflow/.local/lib/python3.12/site-packages/airflow/example_dags/example_datasets.py for tasks to queue
[2024-11-15T05:15:28.450+0000] {logging_mixin.py:190} INFO - [2024-11-15T05:15:28.449+0000] {dagbag.py:588} INFO - Filling up the DagBag from /home/airflow/.local/lib/python3.12/site-packages/airflow/example_dags/example_datasets.py
[2024-11-15T05:15:29.175+0000] {processor.py:925} INFO - DAG(s) 'dataset_produces_2', 'dataset_consumes_1_and_2', 'dataset_consumes_unknown_never_scheduled', 'dataset_consumes_1_never_scheduled', 'dataset_produces_1', 'dataset_consumes_1', 'conditional_dataset_and_time_based_timetable', 'consume_1_and_2_with_dataset_expressions', 'consume_1_or_2_with_dataset_expressions', 'consume_1_or_both_2_and_3_with_dataset_expressions' retrieved from /home/airflow/.local/lib/python3.12/site-packages/airflow/example_dags/example_datasets.py
[2024-11-15T05:15:29.239+0000] {logging_mixin.py:190} INFO - [2024-11-15T05:15:29.238+0000] {dag.py:3239} INFO - Sync 10 DAGs
[2024-11-15T05:15:29.273+0000] {logging_mixin.py:190} INFO - [2024-11-15T05:15:29.273+0000] {dag.py:4180} INFO - Setting next_dagrun for conditional_dataset_and_time_based_timetable to 2024-11-13 01:00:00+00:00, run_after=2024-11-13 01:00:00+00:00
[2024-11-15T05:15:29.279+0000] {logging_mixin.py:190} INFO - [2024-11-15T05:15:29.278+0000] {dag.py:4180} INFO - Setting next_dagrun for consume_1_and_2_with_dataset_expressions to None, run_after=None
[2024-11-15T05:15:29.281+0000] {logging_mixin.py:190} INFO - [2024-11-15T05:15:29.281+0000] {dag.py:4180} INFO - Setting next_dagrun for consume_1_or_2_with_dataset_expressions to None, run_after=None
[2024-11-15T05:15:29.284+0000] {logging_mixin.py:190} INFO - [2024-11-15T05:15:29.283+0000] {dag.py:4180} INFO - Setting next_dagrun for consume_1_or_both_2_and_3_with_dataset_expressions to None, run_after=None
[2024-11-15T05:15:29.286+0000] {logging_mixin.py:190} INFO - [2024-11-15T05:15:29.286+0000] {dag.py:4180} INFO - Setting next_dagrun for dataset_consumes_1 to None, run_after=None
[2024-11-15T05:15:29.288+0000] {logging_mixin.py:190} INFO - [2024-11-15T05:15:29.288+0000] {dag.py:4180} INFO - Setting next_dagrun for dataset_consumes_1_and_2 to None, run_after=None
[2024-11-15T05:15:29.291+0000] {logging_mixin.py:190} INFO - [2024-11-15T05:15:29.290+0000] {dag.py:4180} INFO - Setting next_dagrun for dataset_consumes_1_never_scheduled to None, run_after=None
[2024-11-15T05:15:29.293+0000] {logging_mixin.py:190} INFO - [2024-11-15T05:15:29.293+0000] {dag.py:4180} INFO - Setting next_dagrun for dataset_consumes_unknown_never_scheduled to None, run_after=None
[2024-11-15T05:15:29.297+0000] {logging_mixin.py:190} INFO - [2024-11-15T05:15:29.297+0000] {dag.py:4180} INFO - Setting next_dagrun for dataset_produces_1 to 2024-11-14 00:00:00+00:00, run_after=2024-11-15 00:00:00+00:00
[2024-11-15T05:15:29.300+0000] {logging_mixin.py:190} INFO - [2024-11-15T05:15:29.299+0000] {dag.py:4180} INFO - Setting next_dagrun for dataset_produces_2 to None, run_after=None
[2024-11-15T05:15:29.355+0000] {processor.py:208} INFO - Processing /home/airflow/.local/lib/python3.12/site-packages/airflow/example_dags/example_datasets.py took 0.923 seconds
[2024-11-15T05:16:00.162+0000] {processor.py:186} INFO - Started process (PID=531) to work on /home/airflow/.local/lib/python3.12/site-packages/airflow/example_dags/example_datasets.py
[2024-11-15T05:16:00.163+0000] {processor.py:914} INFO - Processing file /home/airflow/.local/lib/python3.12/site-packages/airflow/example_dags/example_datasets.py for tasks to queue
[2024-11-15T05:16:00.166+0000] {logging_mixin.py:190} INFO - [2024-11-15T05:16:00.166+0000] {dagbag.py:588} INFO - Filling up the DagBag from /home/airflow/.local/lib/python3.12/site-packages/airflow/example_dags/example_datasets.py
[2024-11-15T05:16:01.039+0000] {processor.py:925} INFO - DAG(s) 'dataset_consumes_1_and_2', 'dataset_produces_2', 'conditional_dataset_and_time_based_timetable', 'dataset_consumes_unknown_never_scheduled', 'dataset_consumes_1_never_scheduled', 'dataset_produces_1', 'consume_1_or_2_with_dataset_expressions', 'consume_1_or_both_2_and_3_with_dataset_expressions', 'consume_1_and_2_with_dataset_expressions', 'dataset_consumes_1' retrieved from /home/airflow/.local/lib/python3.12/site-packages/airflow/example_dags/example_datasets.py
[2024-11-15T05:16:01.115+0000] {logging_mixin.py:190} INFO - [2024-11-15T05:16:01.114+0000] {dag.py:3239} INFO - Sync 10 DAGs
[2024-11-15T05:16:01.152+0000] {logging_mixin.py:190} INFO - [2024-11-15T05:16:01.152+0000] {dag.py:4180} INFO - Setting next_dagrun for conditional_dataset_and_time_based_timetable to 2024-11-13 01:00:00+00:00, run_after=2024-11-13 01:00:00+00:00
[2024-11-15T05:16:01.161+0000] {logging_mixin.py:190} INFO - [2024-11-15T05:16:01.160+0000] {dag.py:4180} INFO - Setting next_dagrun for consume_1_and_2_with_dataset_expressions to None, run_after=None
[2024-11-15T05:16:01.164+0000] {logging_mixin.py:190} INFO - [2024-11-15T05:16:01.164+0000] {dag.py:4180} INFO - Setting next_dagrun for consume_1_or_2_with_dataset_expressions to None, run_after=None
[2024-11-15T05:16:01.167+0000] {logging_mixin.py:190} INFO - [2024-11-15T05:16:01.166+0000] {dag.py:4180} INFO - Setting next_dagrun for consume_1_or_both_2_and_3_with_dataset_expressions to None, run_after=None
[2024-11-15T05:16:01.169+0000] {logging_mixin.py:190} INFO - [2024-11-15T05:16:01.169+0000] {dag.py:4180} INFO - Setting next_dagrun for dataset_consumes_1 to None, run_after=None
[2024-11-15T05:16:01.171+0000] {logging_mixin.py:190} INFO - [2024-11-15T05:16:01.171+0000] {dag.py:4180} INFO - Setting next_dagrun for dataset_consumes_1_and_2 to None, run_after=None
[2024-11-15T05:16:01.174+0000] {logging_mixin.py:190} INFO - [2024-11-15T05:16:01.174+0000] {dag.py:4180} INFO - Setting next_dagrun for dataset_consumes_1_never_scheduled to None, run_after=None
[2024-11-15T05:16:01.177+0000] {logging_mixin.py:190} INFO - [2024-11-15T05:16:01.176+0000] {dag.py:4180} INFO - Setting next_dagrun for dataset_consumes_unknown_never_scheduled to None, run_after=None
[2024-11-15T05:16:01.183+0000] {logging_mixin.py:190} INFO - [2024-11-15T05:16:01.182+0000] {dag.py:4180} INFO - Setting next_dagrun for dataset_produces_1 to 2024-11-14 00:00:00+00:00, run_after=2024-11-15 00:00:00+00:00
[2024-11-15T05:16:01.185+0000] {logging_mixin.py:190} INFO - [2024-11-15T05:16:01.185+0000] {dag.py:4180} INFO - Setting next_dagrun for dataset_produces_2 to None, run_after=None
[2024-11-15T05:16:01.241+0000] {processor.py:208} INFO - Processing /home/airflow/.local/lib/python3.12/site-packages/airflow/example_dags/example_datasets.py took 1.089 seconds
[2024-11-15T05:16:31.965+0000] {processor.py:186} INFO - Started process (PID=601) to work on /home/airflow/.local/lib/python3.12/site-packages/airflow/example_dags/example_datasets.py
[2024-11-15T05:16:31.967+0000] {processor.py:914} INFO - Processing file /home/airflow/.local/lib/python3.12/site-packages/airflow/example_dags/example_datasets.py for tasks to queue
[2024-11-15T05:16:31.972+0000] {logging_mixin.py:190} INFO - [2024-11-15T05:16:31.972+0000] {dagbag.py:588} INFO - Filling up the DagBag from /home/airflow/.local/lib/python3.12/site-packages/airflow/example_dags/example_datasets.py
[2024-11-15T05:16:32.970+0000] {processor.py:925} INFO - DAG(s) 'consume_1_or_both_2_and_3_with_dataset_expressions', 'dataset_consumes_1', 'dataset_consumes_unknown_never_scheduled', 'dataset_produces_2', 'dataset_consumes_1_never_scheduled', 'dataset_produces_1', 'consume_1_or_2_with_dataset_expressions', 'consume_1_and_2_with_dataset_expressions', 'conditional_dataset_and_time_based_timetable', 'dataset_consumes_1_and_2' retrieved from /home/airflow/.local/lib/python3.12/site-packages/airflow/example_dags/example_datasets.py
[2024-11-15T05:16:33.026+0000] {logging_mixin.py:190} INFO - [2024-11-15T05:16:33.026+0000] {dag.py:3239} INFO - Sync 10 DAGs
[2024-11-15T05:16:33.055+0000] {logging_mixin.py:190} INFO - [2024-11-15T05:16:33.055+0000] {dag.py:4180} INFO - Setting next_dagrun for conditional_dataset_and_time_based_timetable to 2024-11-13 01:00:00+00:00, run_after=2024-11-13 01:00:00+00:00
[2024-11-15T05:16:33.060+0000] {logging_mixin.py:190} INFO - [2024-11-15T05:16:33.060+0000] {dag.py:4180} INFO - Setting next_dagrun for consume_1_and_2_with_dataset_expressions to None, run_after=None
[2024-11-15T05:16:33.063+0000] {logging_mixin.py:190} INFO - [2024-11-15T05:16:33.062+0000] {dag.py:4180} INFO - Setting next_dagrun for consume_1_or_2_with_dataset_expressions to None, run_after=None
[2024-11-15T05:16:33.065+0000] {logging_mixin.py:190} INFO - [2024-11-15T05:16:33.064+0000] {dag.py:4180} INFO - Setting next_dagrun for consume_1_or_both_2_and_3_with_dataset_expressions to None, run_after=None
[2024-11-15T05:16:33.067+0000] {logging_mixin.py:190} INFO - [2024-11-15T05:16:33.066+0000] {dag.py:4180} INFO - Setting next_dagrun for dataset_consumes_1 to None, run_after=None
[2024-11-15T05:16:33.069+0000] {logging_mixin.py:190} INFO - [2024-11-15T05:16:33.069+0000] {dag.py:4180} INFO - Setting next_dagrun for dataset_consumes_1_and_2 to None, run_after=None
[2024-11-15T05:16:33.072+0000] {logging_mixin.py:190} INFO - [2024-11-15T05:16:33.071+0000] {dag.py:4180} INFO - Setting next_dagrun for dataset_consumes_1_never_scheduled to None, run_after=None
[2024-11-15T05:16:33.074+0000] {logging_mixin.py:190} INFO - [2024-11-15T05:16:33.074+0000] {dag.py:4180} INFO - Setting next_dagrun for dataset_consumes_unknown_never_scheduled to None, run_after=None
[2024-11-15T05:16:33.078+0000] {logging_mixin.py:190} INFO - [2024-11-15T05:16:33.078+0000] {dag.py:4180} INFO - Setting next_dagrun for dataset_produces_1 to 2024-11-14 00:00:00+00:00, run_after=2024-11-15 00:00:00+00:00
[2024-11-15T05:16:33.081+0000] {logging_mixin.py:190} INFO - [2024-11-15T05:16:33.080+0000] {dag.py:4180} INFO - Setting next_dagrun for dataset_produces_2 to None, run_after=None
[2024-11-15T05:16:33.129+0000] {processor.py:208} INFO - Processing /home/airflow/.local/lib/python3.12/site-packages/airflow/example_dags/example_datasets.py took 1.178 seconds
[2024-11-15T05:17:03.849+0000] {processor.py:186} INFO - Started process (PID=665) to work on /home/airflow/.local/lib/python3.12/site-packages/airflow/example_dags/example_datasets.py
[2024-11-15T05:17:03.850+0000] {processor.py:914} INFO - Processing file /home/airflow/.local/lib/python3.12/site-packages/airflow/example_dags/example_datasets.py for tasks to queue
[2024-11-15T05:17:03.852+0000] {logging_mixin.py:190} INFO - [2024-11-15T05:17:03.852+0000] {dagbag.py:588} INFO - Filling up the DagBag from /home/airflow/.local/lib/python3.12/site-packages/airflow/example_dags/example_datasets.py
[2024-11-15T05:17:04.437+0000] {processor.py:925} INFO - DAG(s) 'consume_1_or_both_2_and_3_with_dataset_expressions', 'conditional_dataset_and_time_based_timetable', 'dataset_consumes_1_and_2', 'dataset_produces_2', 'consume_1_and_2_with_dataset_expressions', 'dataset_produces_1', 'dataset_consumes_1_never_scheduled', 'dataset_consumes_1', 'dataset_consumes_unknown_never_scheduled', 'consume_1_or_2_with_dataset_expressions' retrieved from /home/airflow/.local/lib/python3.12/site-packages/airflow/example_dags/example_datasets.py
[2024-11-15T05:17:04.487+0000] {logging_mixin.py:190} INFO - [2024-11-15T05:17:04.487+0000] {dag.py:3239} INFO - Sync 10 DAGs
[2024-11-15T05:17:04.512+0000] {logging_mixin.py:190} INFO - [2024-11-15T05:17:04.512+0000] {dag.py:4180} INFO - Setting next_dagrun for conditional_dataset_and_time_based_timetable to 2024-11-13 01:00:00+00:00, run_after=2024-11-13 01:00:00+00:00
[2024-11-15T05:17:04.516+0000] {logging_mixin.py:190} INFO - [2024-11-15T05:17:04.516+0000] {dag.py:4180} INFO - Setting next_dagrun for consume_1_and_2_with_dataset_expressions to None, run_after=None
[2024-11-15T05:17:04.518+0000] {logging_mixin.py:190} INFO - [2024-11-15T05:17:04.518+0000] {dag.py:4180} INFO - Setting next_dagrun for consume_1_or_2_with_dataset_expressions to None, run_after=None
[2024-11-15T05:17:04.519+0000] {logging_mixin.py:190} INFO - [2024-11-15T05:17:04.519+0000] {dag.py:4180} INFO - Setting next_dagrun for consume_1_or_both_2_and_3_with_dataset_expressions to None, run_after=None
[2024-11-15T05:17:04.521+0000] {logging_mixin.py:190} INFO - [2024-11-15T05:17:04.521+0000] {dag.py:4180} INFO - Setting next_dagrun for dataset_consumes_1 to None, run_after=None
[2024-11-15T05:17:04.522+0000] {logging_mixin.py:190} INFO - [2024-11-15T05:17:04.522+0000] {dag.py:4180} INFO - Setting next_dagrun for dataset_consumes_1_and_2 to None, run_after=None
[2024-11-15T05:17:04.524+0000] {logging_mixin.py:190} INFO - [2024-11-15T05:17:04.524+0000] {dag.py:4180} INFO - Setting next_dagrun for dataset_consumes_1_never_scheduled to None, run_after=None
[2024-11-15T05:17:04.526+0000] {logging_mixin.py:190} INFO - [2024-11-15T05:17:04.525+0000] {dag.py:4180} INFO - Setting next_dagrun for dataset_consumes_unknown_never_scheduled to None, run_after=None
[2024-11-15T05:17:04.530+0000] {logging_mixin.py:190} INFO - [2024-11-15T05:17:04.530+0000] {dag.py:4180} INFO - Setting next_dagrun for dataset_produces_1 to 2024-11-14 00:00:00+00:00, run_after=2024-11-15 00:00:00+00:00
[2024-11-15T05:17:04.532+0000] {logging_mixin.py:190} INFO - [2024-11-15T05:17:04.532+0000] {dag.py:4180} INFO - Setting next_dagrun for dataset_produces_2 to None, run_after=None
[2024-11-15T05:17:04.582+0000] {processor.py:208} INFO - Processing /home/airflow/.local/lib/python3.12/site-packages/airflow/example_dags/example_datasets.py took 0.742 seconds
[2024-11-15T05:17:34.946+0000] {processor.py:186} INFO - Started process (PID=729) to work on /home/airflow/.local/lib/python3.12/site-packages/airflow/example_dags/example_datasets.py
[2024-11-15T05:17:34.947+0000] {processor.py:914} INFO - Processing file /home/airflow/.local/lib/python3.12/site-packages/airflow/example_dags/example_datasets.py for tasks to queue
[2024-11-15T05:17:34.951+0000] {logging_mixin.py:190} INFO - [2024-11-15T05:17:34.950+0000] {dagbag.py:588} INFO - Filling up the DagBag from /home/airflow/.local/lib/python3.12/site-packages/airflow/example_dags/example_datasets.py
[2024-11-15T05:17:35.556+0000] {processor.py:925} INFO - DAG(s) 'conditional_dataset_and_time_based_timetable', 'consume_1_and_2_with_dataset_expressions', 'dataset_consumes_1_and_2', 'dataset_produces_1', 'consume_1_or_both_2_and_3_with_dataset_expressions', 'dataset_consumes_1_never_scheduled', 'consume_1_or_2_with_dataset_expressions', 'dataset_consumes_1', 'dataset_consumes_unknown_never_scheduled', 'dataset_produces_2' retrieved from /home/airflow/.local/lib/python3.12/site-packages/airflow/example_dags/example_datasets.py
[2024-11-15T05:17:35.599+0000] {logging_mixin.py:190} INFO - [2024-11-15T05:17:35.598+0000] {dag.py:3239} INFO - Sync 10 DAGs
[2024-11-15T05:17:35.623+0000] {logging_mixin.py:190} INFO - [2024-11-15T05:17:35.622+0000] {dag.py:4180} INFO - Setting next_dagrun for conditional_dataset_and_time_based_timetable to 2024-11-13 01:00:00+00:00, run_after=2024-11-13 01:00:00+00:00
[2024-11-15T05:17:35.627+0000] {logging_mixin.py:190} INFO - [2024-11-15T05:17:35.627+0000] {dag.py:4180} INFO - Setting next_dagrun for consume_1_and_2_with_dataset_expressions to None, run_after=None
[2024-11-15T05:17:35.629+0000] {logging_mixin.py:190} INFO - [2024-11-15T05:17:35.629+0000] {dag.py:4180} INFO - Setting next_dagrun for consume_1_or_2_with_dataset_expressions to None, run_after=None
[2024-11-15T05:17:35.631+0000] {logging_mixin.py:190} INFO - [2024-11-15T05:17:35.631+0000] {dag.py:4180} INFO - Setting next_dagrun for consume_1_or_both_2_and_3_with_dataset_expressions to None, run_after=None
[2024-11-15T05:17:35.633+0000] {logging_mixin.py:190} INFO - [2024-11-15T05:17:35.633+0000] {dag.py:4180} INFO - Setting next_dagrun for dataset_consumes_1 to None, run_after=None
[2024-11-15T05:17:35.635+0000] {logging_mixin.py:190} INFO - [2024-11-15T05:17:35.635+0000] {dag.py:4180} INFO - Setting next_dagrun for dataset_consumes_1_and_2 to None, run_after=None
[2024-11-15T05:17:35.638+0000] {logging_mixin.py:190} INFO - [2024-11-15T05:17:35.638+0000] {dag.py:4180} INFO - Setting next_dagrun for dataset_consumes_1_never_scheduled to None, run_after=None
[2024-11-15T05:17:35.640+0000] {logging_mixin.py:190} INFO - [2024-11-15T05:17:35.640+0000] {dag.py:4180} INFO - Setting next_dagrun for dataset_consumes_unknown_never_scheduled to None, run_after=None
[2024-11-15T05:17:35.643+0000] {logging_mixin.py:190} INFO - [2024-11-15T05:17:35.643+0000] {dag.py:4180} INFO - Setting next_dagrun for dataset_produces_1 to 2024-11-14 00:00:00+00:00, run_after=2024-11-15 00:00:00+00:00
[2024-11-15T05:17:35.645+0000] {logging_mixin.py:190} INFO - [2024-11-15T05:17:35.645+0000] {dag.py:4180} INFO - Setting next_dagrun for dataset_produces_2 to None, run_after=None
[2024-11-15T05:17:35.684+0000] {processor.py:208} INFO - Processing /home/airflow/.local/lib/python3.12/site-packages/airflow/example_dags/example_datasets.py took 0.748 seconds
[2024-11-15T05:20:13.713+0000] {processor.py:186} INFO - Started process (PID=93) to work on /home/airflow/.local/lib/python3.12/site-packages/airflow/example_dags/example_datasets.py
[2024-11-15T05:20:13.714+0000] {processor.py:914} INFO - Processing file /home/airflow/.local/lib/python3.12/site-packages/airflow/example_dags/example_datasets.py for tasks to queue
[2024-11-15T05:20:13.718+0000] {logging_mixin.py:190} INFO - [2024-11-15T05:20:13.717+0000] {dagbag.py:588} INFO - Filling up the DagBag from /home/airflow/.local/lib/python3.12/site-packages/airflow/example_dags/example_datasets.py
[2024-11-15T05:20:14.526+0000] {processor.py:925} INFO - DAG(s) 'dataset_consumes_unknown_never_scheduled', 'consume_1_or_2_with_dataset_expressions', 'dataset_produces_2', 'dataset_produces_1', 'dataset_consumes_1', 'consume_1_or_both_2_and_3_with_dataset_expressions', 'consume_1_and_2_with_dataset_expressions', 'conditional_dataset_and_time_based_timetable', 'dataset_consumes_1_never_scheduled', 'dataset_consumes_1_and_2' retrieved from /home/airflow/.local/lib/python3.12/site-packages/airflow/example_dags/example_datasets.py
[2024-11-15T05:20:14.665+0000] {logging_mixin.py:190} INFO - [2024-11-15T05:20:14.664+0000] {override.py:1911} INFO - Created Permission View: can delete on DAG:dataset_consumes_unknown_never_scheduled
[2024-11-15T05:20:14.683+0000] {logging_mixin.py:190} INFO - [2024-11-15T05:20:14.683+0000] {override.py:1911} INFO - Created Permission View: can edit on DAG:dataset_consumes_unknown_never_scheduled
[2024-11-15T05:20:14.696+0000] {logging_mixin.py:190} INFO - [2024-11-15T05:20:14.695+0000] {override.py:1911} INFO - Created Permission View: can read on DAG:dataset_consumes_unknown_never_scheduled
[2024-11-15T05:20:14.713+0000] {logging_mixin.py:190} INFO - [2024-11-15T05:20:14.712+0000] {override.py:1911} INFO - Created Permission View: can delete on DAG Run:dataset_consumes_unknown_never_scheduled
[2024-11-15T05:20:14.729+0000] {logging_mixin.py:190} INFO - [2024-11-15T05:20:14.728+0000] {override.py:1911} INFO - Created Permission View: can read on DAG Run:dataset_consumes_unknown_never_scheduled
[2024-11-15T05:20:14.742+0000] {logging_mixin.py:190} INFO - [2024-11-15T05:20:14.742+0000] {override.py:1911} INFO - Created Permission View: can create on DAG Run:dataset_consumes_unknown_never_scheduled
[2024-11-15T05:20:14.756+0000] {logging_mixin.py:190} INFO - [2024-11-15T05:20:14.756+0000] {override.py:1911} INFO - Created Permission View: menu access on DAG Run:dataset_consumes_unknown_never_scheduled
[2024-11-15T05:20:14.781+0000] {logging_mixin.py:190} INFO - [2024-11-15T05:20:14.781+0000] {override.py:1911} INFO - Created Permission View: can delete on DAG:consume_1_or_2_with_dataset_expressions
[2024-11-15T05:20:14.795+0000] {logging_mixin.py:190} INFO - [2024-11-15T05:20:14.795+0000] {override.py:1911} INFO - Created Permission View: can edit on DAG:consume_1_or_2_with_dataset_expressions
[2024-11-15T05:20:14.808+0000] {logging_mixin.py:190} INFO - [2024-11-15T05:20:14.808+0000] {override.py:1911} INFO - Created Permission View: can read on DAG:consume_1_or_2_with_dataset_expressions
[2024-11-15T05:20:14.825+0000] {logging_mixin.py:190} INFO - [2024-11-15T05:20:14.824+0000] {override.py:1911} INFO - Created Permission View: can delete on DAG Run:consume_1_or_2_with_dataset_expressions
[2024-11-15T05:20:14.838+0000] {logging_mixin.py:190} INFO - [2024-11-15T05:20:14.838+0000] {override.py:1911} INFO - Created Permission View: can read on DAG Run:consume_1_or_2_with_dataset_expressions
[2024-11-15T05:20:14.852+0000] {logging_mixin.py:190} INFO - [2024-11-15T05:20:14.852+0000] {override.py:1911} INFO - Created Permission View: can create on DAG Run:consume_1_or_2_with_dataset_expressions
[2024-11-15T05:20:14.866+0000] {logging_mixin.py:190} INFO - [2024-11-15T05:20:14.866+0000] {override.py:1911} INFO - Created Permission View: menu access on DAG Run:consume_1_or_2_with_dataset_expressions
[2024-11-15T05:20:14.890+0000] {logging_mixin.py:190} INFO - [2024-11-15T05:20:14.890+0000] {override.py:1911} INFO - Created Permission View: can delete on DAG:dataset_produces_2
[2024-11-15T05:20:14.904+0000] {logging_mixin.py:190} INFO - [2024-11-15T05:20:14.903+0000] {override.py:1911} INFO - Created Permission View: can edit on DAG:dataset_produces_2
[2024-11-15T05:20:14.916+0000] {logging_mixin.py:190} INFO - [2024-11-15T05:20:14.916+0000] {override.py:1911} INFO - Created Permission View: can read on DAG:dataset_produces_2
[2024-11-15T05:20:14.933+0000] {logging_mixin.py:190} INFO - [2024-11-15T05:20:14.932+0000] {override.py:1911} INFO - Created Permission View: can delete on DAG Run:dataset_produces_2
[2024-11-15T05:20:14.946+0000] {logging_mixin.py:190} INFO - [2024-11-15T05:20:14.946+0000] {override.py:1911} INFO - Created Permission View: can read on DAG Run:dataset_produces_2
[2024-11-15T05:20:14.960+0000] {logging_mixin.py:190} INFO - [2024-11-15T05:20:14.960+0000] {override.py:1911} INFO - Created Permission View: can create on DAG Run:dataset_produces_2
[2024-11-15T05:20:14.973+0000] {logging_mixin.py:190} INFO - [2024-11-15T05:20:14.972+0000] {override.py:1911} INFO - Created Permission View: menu access on DAG Run:dataset_produces_2
[2024-11-15T05:20:14.996+0000] {logging_mixin.py:190} INFO - [2024-11-15T05:20:14.995+0000] {override.py:1911} INFO - Created Permission View: can delete on DAG:dataset_produces_1
[2024-11-15T05:20:15.008+0000] {logging_mixin.py:190} INFO - [2024-11-15T05:20:15.007+0000] {override.py:1911} INFO - Created Permission View: can edit on DAG:dataset_produces_1
[2024-11-15T05:20:15.021+0000] {logging_mixin.py:190} INFO - [2024-11-15T05:20:15.021+0000] {override.py:1911} INFO - Created Permission View: can read on DAG:dataset_produces_1
[2024-11-15T05:20:15.037+0000] {logging_mixin.py:190} INFO - [2024-11-15T05:20:15.037+0000] {override.py:1911} INFO - Created Permission View: can delete on DAG Run:dataset_produces_1
[2024-11-15T05:20:15.050+0000] {logging_mixin.py:190} INFO - [2024-11-15T05:20:15.050+0000] {override.py:1911} INFO - Created Permission View: can read on DAG Run:dataset_produces_1
[2024-11-15T05:20:15.061+0000] {logging_mixin.py:190} INFO - [2024-11-15T05:20:15.060+0000] {override.py:1911} INFO - Created Permission View: can create on DAG Run:dataset_produces_1
[2024-11-15T05:20:15.072+0000] {logging_mixin.py:190} INFO - [2024-11-15T05:20:15.072+0000] {override.py:1911} INFO - Created Permission View: menu access on DAG Run:dataset_produces_1
[2024-11-15T05:20:15.094+0000] {logging_mixin.py:190} INFO - [2024-11-15T05:20:15.093+0000] {override.py:1911} INFO - Created Permission View: can delete on DAG:dataset_consumes_1
[2024-11-15T05:20:15.104+0000] {logging_mixin.py:190} INFO - [2024-11-15T05:20:15.104+0000] {override.py:1911} INFO - Created Permission View: can edit on DAG:dataset_consumes_1
[2024-11-15T05:20:15.118+0000] {logging_mixin.py:190} INFO - [2024-11-15T05:20:15.118+0000] {override.py:1911} INFO - Created Permission View: can read on DAG:dataset_consumes_1
[2024-11-15T05:20:15.134+0000] {logging_mixin.py:190} INFO - [2024-11-15T05:20:15.134+0000] {override.py:1911} INFO - Created Permission View: can delete on DAG Run:dataset_consumes_1
[2024-11-15T05:20:15.146+0000] {logging_mixin.py:190} INFO - [2024-11-15T05:20:15.146+0000] {override.py:1911} INFO - Created Permission View: can read on DAG Run:dataset_consumes_1
[2024-11-15T05:20:15.158+0000] {logging_mixin.py:190} INFO - [2024-11-15T05:20:15.158+0000] {override.py:1911} INFO - Created Permission View: can create on DAG Run:dataset_consumes_1
[2024-11-15T05:20:15.171+0000] {logging_mixin.py:190} INFO - [2024-11-15T05:20:15.170+0000] {override.py:1911} INFO - Created Permission View: menu access on DAG Run:dataset_consumes_1
[2024-11-15T05:20:15.192+0000] {logging_mixin.py:190} INFO - [2024-11-15T05:20:15.192+0000] {override.py:1911} INFO - Created Permission View: can delete on DAG:consume_1_or_both_2_and_3_with_dataset_expressions
[2024-11-15T05:20:15.206+0000] {logging_mixin.py:190} INFO - [2024-11-15T05:20:15.205+0000] {override.py:1911} INFO - Created Permission View: can edit on DAG:consume_1_or_both_2_and_3_with_dataset_expressions
[2024-11-15T05:20:15.217+0000] {logging_mixin.py:190} INFO - [2024-11-15T05:20:15.217+0000] {override.py:1911} INFO - Created Permission View: can read on DAG:consume_1_or_both_2_and_3_with_dataset_expressions
[2024-11-15T05:20:15.233+0000] {logging_mixin.py:190} INFO - [2024-11-15T05:20:15.232+0000] {override.py:1911} INFO - Created Permission View: can delete on DAG Run:consume_1_or_both_2_and_3_with_dataset_expressions
[2024-11-15T05:20:15.244+0000] {logging_mixin.py:190} INFO - [2024-11-15T05:20:15.244+0000] {override.py:1911} INFO - Created Permission View: can read on DAG Run:consume_1_or_both_2_and_3_with_dataset_expressions
[2024-11-15T05:20:15.256+0000] {logging_mixin.py:190} INFO - [2024-11-15T05:20:15.256+0000] {override.py:1911} INFO - Created Permission View: can create on DAG Run:consume_1_or_both_2_and_3_with_dataset_expressions
[2024-11-15T05:20:15.268+0000] {logging_mixin.py:190} INFO - [2024-11-15T05:20:15.268+0000] {override.py:1911} INFO - Created Permission View: menu access on DAG Run:consume_1_or_both_2_and_3_with_dataset_expressions
[2024-11-15T05:20:15.289+0000] {logging_mixin.py:190} INFO - [2024-11-15T05:20:15.288+0000] {override.py:1911} INFO - Created Permission View: can delete on DAG:consume_1_and_2_with_dataset_expressions
[2024-11-15T05:20:15.300+0000] {logging_mixin.py:190} INFO - [2024-11-15T05:20:15.300+0000] {override.py:1911} INFO - Created Permission View: can edit on DAG:consume_1_and_2_with_dataset_expressions
[2024-11-15T05:20:15.312+0000] {logging_mixin.py:190} INFO - [2024-11-15T05:20:15.312+0000] {override.py:1911} INFO - Created Permission View: can read on DAG:consume_1_and_2_with_dataset_expressions
[2024-11-15T05:20:15.327+0000] {logging_mixin.py:190} INFO - [2024-11-15T05:20:15.326+0000] {override.py:1911} INFO - Created Permission View: can delete on DAG Run:consume_1_and_2_with_dataset_expressions
[2024-11-15T05:20:15.338+0000] {logging_mixin.py:190} INFO - [2024-11-15T05:20:15.337+0000] {override.py:1911} INFO - Created Permission View: can read on DAG Run:consume_1_and_2_with_dataset_expressions
[2024-11-15T05:20:15.348+0000] {logging_mixin.py:190} INFO - [2024-11-15T05:20:15.348+0000] {override.py:1911} INFO - Created Permission View: can create on DAG Run:consume_1_and_2_with_dataset_expressions
[2024-11-15T05:20:15.359+0000] {logging_mixin.py:190} INFO - [2024-11-15T05:20:15.358+0000] {override.py:1911} INFO - Created Permission View: menu access on DAG Run:consume_1_and_2_with_dataset_expressions
[2024-11-15T05:20:15.380+0000] {logging_mixin.py:190} INFO - [2024-11-15T05:20:15.379+0000] {override.py:1911} INFO - Created Permission View: can delete on DAG:conditional_dataset_and_time_based_timetable
[2024-11-15T05:20:15.392+0000] {logging_mixin.py:190} INFO - [2024-11-15T05:20:15.392+0000] {override.py:1911} INFO - Created Permission View: can edit on DAG:conditional_dataset_and_time_based_timetable
[2024-11-15T05:20:15.404+0000] {logging_mixin.py:190} INFO - [2024-11-15T05:20:15.403+0000] {override.py:1911} INFO - Created Permission View: can read on DAG:conditional_dataset_and_time_based_timetable
[2024-11-15T05:20:15.419+0000] {logging_mixin.py:190} INFO - [2024-11-15T05:20:15.418+0000] {override.py:1911} INFO - Created Permission View: can delete on DAG Run:conditional_dataset_and_time_based_timetable
[2024-11-15T05:20:15.431+0000] {logging_mixin.py:190} INFO - [2024-11-15T05:20:15.430+0000] {override.py:1911} INFO - Created Permission View: can read on DAG Run:conditional_dataset_and_time_based_timetable
[2024-11-15T05:20:15.442+0000] {logging_mixin.py:190} INFO - [2024-11-15T05:20:15.442+0000] {override.py:1911} INFO - Created Permission View: can create on DAG Run:conditional_dataset_and_time_based_timetable
[2024-11-15T05:20:15.454+0000] {logging_mixin.py:190} INFO - [2024-11-15T05:20:15.453+0000] {override.py:1911} INFO - Created Permission View: menu access on DAG Run:conditional_dataset_and_time_based_timetable
[2024-11-15T05:20:15.477+0000] {logging_mixin.py:190} INFO - [2024-11-15T05:20:15.477+0000] {override.py:1911} INFO - Created Permission View: can delete on DAG:dataset_consumes_1_never_scheduled
[2024-11-15T05:20:15.490+0000] {logging_mixin.py:190} INFO - [2024-11-15T05:20:15.489+0000] {override.py:1911} INFO - Created Permission View: can edit on DAG:dataset_consumes_1_never_scheduled
[2024-11-15T05:20:15.500+0000] {logging_mixin.py:190} INFO - [2024-11-15T05:20:15.500+0000] {override.py:1911} INFO - Created Permission View: can read on DAG:dataset_consumes_1_never_scheduled
[2024-11-15T05:20:15.515+0000] {logging_mixin.py:190} INFO - [2024-11-15T05:20:15.515+0000] {override.py:1911} INFO - Created Permission View: can delete on DAG Run:dataset_consumes_1_never_scheduled
[2024-11-15T05:20:15.527+0000] {logging_mixin.py:190} INFO - [2024-11-15T05:20:15.527+0000] {override.py:1911} INFO - Created Permission View: can read on DAG Run:dataset_consumes_1_never_scheduled
[2024-11-15T05:20:15.538+0000] {logging_mixin.py:190} INFO - [2024-11-15T05:20:15.538+0000] {override.py:1911} INFO - Created Permission View: can create on DAG Run:dataset_consumes_1_never_scheduled
[2024-11-15T05:20:15.549+0000] {logging_mixin.py:190} INFO - [2024-11-15T05:20:15.549+0000] {override.py:1911} INFO - Created Permission View: menu access on DAG Run:dataset_consumes_1_never_scheduled
[2024-11-15T05:20:15.570+0000] {logging_mixin.py:190} INFO - [2024-11-15T05:20:15.569+0000] {override.py:1911} INFO - Created Permission View: can delete on DAG:dataset_consumes_1_and_2
[2024-11-15T05:20:15.581+0000] {logging_mixin.py:190} INFO - [2024-11-15T05:20:15.581+0000] {override.py:1911} INFO - Created Permission View: can edit on DAG:dataset_consumes_1_and_2
[2024-11-15T05:20:15.593+0000] {logging_mixin.py:190} INFO - [2024-11-15T05:20:15.593+0000] {override.py:1911} INFO - Created Permission View: can read on DAG:dataset_consumes_1_and_2
[2024-11-15T05:20:15.609+0000] {logging_mixin.py:190} INFO - [2024-11-15T05:20:15.608+0000] {override.py:1911} INFO - Created Permission View: can delete on DAG Run:dataset_consumes_1_and_2
[2024-11-15T05:20:15.620+0000] {logging_mixin.py:190} INFO - [2024-11-15T05:20:15.619+0000] {override.py:1911} INFO - Created Permission View: can read on DAG Run:dataset_consumes_1_and_2
[2024-11-15T05:20:15.632+0000] {logging_mixin.py:190} INFO - [2024-11-15T05:20:15.631+0000] {override.py:1911} INFO - Created Permission View: can create on DAG Run:dataset_consumes_1_and_2
[2024-11-15T05:20:15.643+0000] {logging_mixin.py:190} INFO - [2024-11-15T05:20:15.643+0000] {override.py:1911} INFO - Created Permission View: menu access on DAG Run:dataset_consumes_1_and_2
[2024-11-15T05:20:15.644+0000] {logging_mixin.py:190} INFO - [2024-11-15T05:20:15.644+0000] {dag.py:3239} INFO - Sync 10 DAGs
[2024-11-15T05:20:15.659+0000] {logging_mixin.py:190} INFO - [2024-11-15T05:20:15.658+0000] {dag.py:3262} INFO - Creating ORM DAG for dataset_consumes_1
[2024-11-15T05:20:15.660+0000] {logging_mixin.py:190} INFO - [2024-11-15T05:20:15.660+0000] {dag.py:3262} INFO - Creating ORM DAG for consume_1_or_both_2_and_3_with_dataset_expressions
[2024-11-15T05:20:15.661+0000] {logging_mixin.py:190} INFO - [2024-11-15T05:20:15.661+0000] {dag.py:3262} INFO - Creating ORM DAG for dataset_produces_2
[2024-11-15T05:20:15.663+0000] {logging_mixin.py:190} INFO - [2024-11-15T05:20:15.662+0000] {dag.py:3262} INFO - Creating ORM DAG for dataset_produces_1
[2024-11-15T05:20:15.664+0000] {logging_mixin.py:190} INFO - [2024-11-15T05:20:15.664+0000] {dag.py:3262} INFO - Creating ORM DAG for conditional_dataset_and_time_based_timetable
[2024-11-15T05:20:15.665+0000] {logging_mixin.py:190} INFO - [2024-11-15T05:20:15.665+0000] {dag.py:3262} INFO - Creating ORM DAG for dataset_consumes_1_never_scheduled
[2024-11-15T05:20:15.666+0000] {logging_mixin.py:190} INFO - [2024-11-15T05:20:15.666+0000] {dag.py:3262} INFO - Creating ORM DAG for dataset_consumes_1_and_2
[2024-11-15T05:20:15.668+0000] {logging_mixin.py:190} INFO - [2024-11-15T05:20:15.667+0000] {dag.py:3262} INFO - Creating ORM DAG for consume_1_or_2_with_dataset_expressions
[2024-11-15T05:20:15.668+0000] {logging_mixin.py:190} INFO - [2024-11-15T05:20:15.668+0000] {dag.py:3262} INFO - Creating ORM DAG for consume_1_and_2_with_dataset_expressions
[2024-11-15T05:20:15.669+0000] {logging_mixin.py:190} INFO - [2024-11-15T05:20:15.669+0000] {dag.py:3262} INFO - Creating ORM DAG for dataset_consumes_unknown_never_scheduled
[2024-11-15T05:20:15.681+0000] {logging_mixin.py:190} INFO - [2024-11-15T05:20:15.681+0000] {dag.py:4180} INFO - Setting next_dagrun for conditional_dataset_and_time_based_timetable to 2024-11-13 01:00:00+00:00, run_after=2024-11-13 01:00:00+00:00
[2024-11-15T05:20:15.682+0000] {logging_mixin.py:190} INFO - [2024-11-15T05:20:15.682+0000] {dag.py:4180} INFO - Setting next_dagrun for consume_1_and_2_with_dataset_expressions to None, run_after=None
[2024-11-15T05:20:15.683+0000] {logging_mixin.py:190} INFO - [2024-11-15T05:20:15.683+0000] {dag.py:4180} INFO - Setting next_dagrun for consume_1_or_2_with_dataset_expressions to None, run_after=None
[2024-11-15T05:20:15.684+0000] {logging_mixin.py:190} INFO - [2024-11-15T05:20:15.684+0000] {dag.py:4180} INFO - Setting next_dagrun for consume_1_or_both_2_and_3_with_dataset_expressions to None, run_after=None
[2024-11-15T05:20:15.685+0000] {logging_mixin.py:190} INFO - [2024-11-15T05:20:15.684+0000] {dag.py:4180} INFO - Setting next_dagrun for dataset_consumes_1 to None, run_after=None
[2024-11-15T05:20:15.685+0000] {logging_mixin.py:190} INFO - [2024-11-15T05:20:15.685+0000] {dag.py:4180} INFO - Setting next_dagrun for dataset_consumes_1_and_2 to None, run_after=None
[2024-11-15T05:20:15.686+0000] {logging_mixin.py:190} INFO - [2024-11-15T05:20:15.686+0000] {dag.py:4180} INFO - Setting next_dagrun for dataset_consumes_1_never_scheduled to None, run_after=None
[2024-11-15T05:20:15.687+0000] {logging_mixin.py:190} INFO - [2024-11-15T05:20:15.687+0000] {dag.py:4180} INFO - Setting next_dagrun for dataset_consumes_unknown_never_scheduled to None, run_after=None
[2024-11-15T05:20:15.690+0000] {logging_mixin.py:190} INFO - [2024-11-15T05:20:15.689+0000] {dag.py:4180} INFO - Setting next_dagrun for dataset_produces_1 to 2024-11-14 00:00:00+00:00, run_after=2024-11-15 00:00:00+00:00
[2024-11-15T05:20:15.691+0000] {logging_mixin.py:190} INFO - [2024-11-15T05:20:15.691+0000] {dag.py:4180} INFO - Setting next_dagrun for dataset_produces_2 to None, run_after=None
[2024-11-15T05:20:15.757+0000] {processor.py:208} INFO - Processing /home/airflow/.local/lib/python3.12/site-packages/airflow/example_dags/example_datasets.py took 2.052 seconds
[2024-11-15T05:20:46.128+0000] {processor.py:186} INFO - Started process (PID=163) to work on /home/airflow/.local/lib/python3.12/site-packages/airflow/example_dags/example_datasets.py
[2024-11-15T05:20:46.129+0000] {processor.py:914} INFO - Processing file /home/airflow/.local/lib/python3.12/site-packages/airflow/example_dags/example_datasets.py for tasks to queue
[2024-11-15T05:20:46.133+0000] {logging_mixin.py:190} INFO - [2024-11-15T05:20:46.133+0000] {dagbag.py:588} INFO - Filling up the DagBag from /home/airflow/.local/lib/python3.12/site-packages/airflow/example_dags/example_datasets.py
[2024-11-15T05:20:47.023+0000] {processor.py:925} INFO - DAG(s) 'conditional_dataset_and_time_based_timetable', 'dataset_consumes_1_never_scheduled', 'dataset_consumes_1_and_2', 'dataset_produces_2', 'dataset_produces_1', 'consume_1_or_2_with_dataset_expressions', 'consume_1_or_both_2_and_3_with_dataset_expressions', 'dataset_consumes_unknown_never_scheduled', 'dataset_consumes_1', 'consume_1_and_2_with_dataset_expressions' retrieved from /home/airflow/.local/lib/python3.12/site-packages/airflow/example_dags/example_datasets.py
[2024-11-15T05:20:47.091+0000] {logging_mixin.py:190} INFO - [2024-11-15T05:20:47.091+0000] {dag.py:3239} INFO - Sync 10 DAGs
[2024-11-15T05:20:47.140+0000] {logging_mixin.py:190} INFO - [2024-11-15T05:20:47.140+0000] {dag.py:4180} INFO - Setting next_dagrun for conditional_dataset_and_time_based_timetable to 2024-11-13 01:00:00+00:00, run_after=2024-11-13 01:00:00+00:00
[2024-11-15T05:20:47.147+0000] {logging_mixin.py:190} INFO - [2024-11-15T05:20:47.147+0000] {dag.py:4180} INFO - Setting next_dagrun for consume_1_and_2_with_dataset_expressions to None, run_after=None
[2024-11-15T05:20:47.150+0000] {logging_mixin.py:190} INFO - [2024-11-15T05:20:47.150+0000] {dag.py:4180} INFO - Setting next_dagrun for consume_1_or_2_with_dataset_expressions to None, run_after=None
[2024-11-15T05:20:47.153+0000] {logging_mixin.py:190} INFO - [2024-11-15T05:20:47.153+0000] {dag.py:4180} INFO - Setting next_dagrun for consume_1_or_both_2_and_3_with_dataset_expressions to None, run_after=None
[2024-11-15T05:20:47.156+0000] {logging_mixin.py:190} INFO - [2024-11-15T05:20:47.155+0000] {dag.py:4180} INFO - Setting next_dagrun for dataset_consumes_1 to None, run_after=None
[2024-11-15T05:20:47.158+0000] {logging_mixin.py:190} INFO - [2024-11-15T05:20:47.158+0000] {dag.py:4180} INFO - Setting next_dagrun for dataset_consumes_1_and_2 to None, run_after=None
[2024-11-15T05:20:47.161+0000] {logging_mixin.py:190} INFO - [2024-11-15T05:20:47.161+0000] {dag.py:4180} INFO - Setting next_dagrun for dataset_consumes_1_never_scheduled to None, run_after=None
[2024-11-15T05:20:47.163+0000] {logging_mixin.py:190} INFO - [2024-11-15T05:20:47.163+0000] {dag.py:4180} INFO - Setting next_dagrun for dataset_consumes_unknown_never_scheduled to None, run_after=None
[2024-11-15T05:20:47.167+0000] {logging_mixin.py:190} INFO - [2024-11-15T05:20:47.167+0000] {dag.py:4180} INFO - Setting next_dagrun for dataset_produces_1 to 2024-11-14 00:00:00+00:00, run_after=2024-11-15 00:00:00+00:00
[2024-11-15T05:20:47.171+0000] {logging_mixin.py:190} INFO - [2024-11-15T05:20:47.170+0000] {dag.py:4180} INFO - Setting next_dagrun for dataset_produces_2 to None, run_after=None
[2024-11-15T05:20:47.234+0000] {processor.py:208} INFO - Processing /home/airflow/.local/lib/python3.12/site-packages/airflow/example_dags/example_datasets.py took 1.116 seconds
[2024-11-15T05:21:17.734+0000] {processor.py:186} INFO - Started process (PID=233) to work on /home/airflow/.local/lib/python3.12/site-packages/airflow/example_dags/example_datasets.py
[2024-11-15T05:21:17.735+0000] {processor.py:914} INFO - Processing file /home/airflow/.local/lib/python3.12/site-packages/airflow/example_dags/example_datasets.py for tasks to queue
[2024-11-15T05:21:17.737+0000] {logging_mixin.py:190} INFO - [2024-11-15T05:21:17.737+0000] {dagbag.py:588} INFO - Filling up the DagBag from /home/airflow/.local/lib/python3.12/site-packages/airflow/example_dags/example_datasets.py
[2024-11-15T05:21:18.265+0000] {processor.py:925} INFO - DAG(s) 'dataset_consumes_1_and_2', 'dataset_produces_2', 'dataset_consumes_1_never_scheduled', 'dataset_consumes_1', 'consume_1_or_2_with_dataset_expressions', 'conditional_dataset_and_time_based_timetable', 'consume_1_or_both_2_and_3_with_dataset_expressions', 'dataset_consumes_unknown_never_scheduled', 'consume_1_and_2_with_dataset_expressions', 'dataset_produces_1' retrieved from /home/airflow/.local/lib/python3.12/site-packages/airflow/example_dags/example_datasets.py
[2024-11-15T05:21:18.317+0000] {logging_mixin.py:190} INFO - [2024-11-15T05:21:18.317+0000] {dag.py:3239} INFO - Sync 10 DAGs
[2024-11-15T05:21:18.367+0000] {logging_mixin.py:190} INFO - [2024-11-15T05:21:18.367+0000] {dag.py:4180} INFO - Setting next_dagrun for conditional_dataset_and_time_based_timetable to 2024-11-13 01:00:00+00:00, run_after=2024-11-13 01:00:00+00:00
[2024-11-15T05:21:18.375+0000] {logging_mixin.py:190} INFO - [2024-11-15T05:21:18.375+0000] {dag.py:4180} INFO - Setting next_dagrun for consume_1_and_2_with_dataset_expressions to None, run_after=None
[2024-11-15T05:21:18.378+0000] {logging_mixin.py:190} INFO - [2024-11-15T05:21:18.378+0000] {dag.py:4180} INFO - Setting next_dagrun for consume_1_or_2_with_dataset_expressions to None, run_after=None
[2024-11-15T05:21:18.390+0000] {logging_mixin.py:190} INFO - [2024-11-15T05:21:18.390+0000] {dag.py:4180} INFO - Setting next_dagrun for consume_1_or_both_2_and_3_with_dataset_expressions to None, run_after=None
[2024-11-15T05:21:18.393+0000] {logging_mixin.py:190} INFO - [2024-11-15T05:21:18.393+0000] {dag.py:4180} INFO - Setting next_dagrun for dataset_consumes_1 to None, run_after=None
[2024-11-15T05:21:18.406+0000] {logging_mixin.py:190} INFO - [2024-11-15T05:21:18.405+0000] {dag.py:4180} INFO - Setting next_dagrun for dataset_consumes_1_and_2 to None, run_after=None
[2024-11-15T05:21:18.441+0000] {logging_mixin.py:190} INFO - [2024-11-15T05:21:18.441+0000] {dag.py:4180} INFO - Setting next_dagrun for dataset_consumes_1_never_scheduled to None, run_after=None
[2024-11-15T05:21:18.450+0000] {logging_mixin.py:190} INFO - [2024-11-15T05:21:18.450+0000] {dag.py:4180} INFO - Setting next_dagrun for dataset_consumes_unknown_never_scheduled to None, run_after=None
[2024-11-15T05:21:18.455+0000] {logging_mixin.py:190} INFO - [2024-11-15T05:21:18.454+0000] {dag.py:4180} INFO - Setting next_dagrun for dataset_produces_1 to 2024-11-14 00:00:00+00:00, run_after=2024-11-15 00:00:00+00:00
[2024-11-15T05:21:18.458+0000] {logging_mixin.py:190} INFO - [2024-11-15T05:21:18.458+0000] {dag.py:4180} INFO - Setting next_dagrun for dataset_produces_2 to None, run_after=None
[2024-11-15T05:21:18.552+0000] {processor.py:208} INFO - Processing /home/airflow/.local/lib/python3.12/site-packages/airflow/example_dags/example_datasets.py took 0.825 seconds
[2024-11-15T05:21:49.560+0000] {processor.py:186} INFO - Started process (PID=297) to work on /home/airflow/.local/lib/python3.12/site-packages/airflow/example_dags/example_datasets.py
[2024-11-15T05:21:49.562+0000] {processor.py:914} INFO - Processing file /home/airflow/.local/lib/python3.12/site-packages/airflow/example_dags/example_datasets.py for tasks to queue
[2024-11-15T05:21:49.566+0000] {logging_mixin.py:190} INFO - [2024-11-15T05:21:49.565+0000] {dagbag.py:588} INFO - Filling up the DagBag from /home/airflow/.local/lib/python3.12/site-packages/airflow/example_dags/example_datasets.py
[2024-11-15T05:21:50.306+0000] {processor.py:925} INFO - DAG(s) 'consume_1_or_2_with_dataset_expressions', 'dataset_consumes_unknown_never_scheduled', 'dataset_consumes_1_never_scheduled', 'dataset_consumes_1_and_2', 'consume_1_or_both_2_and_3_with_dataset_expressions', 'conditional_dataset_and_time_based_timetable', 'consume_1_and_2_with_dataset_expressions', 'dataset_consumes_1', 'dataset_produces_1', 'dataset_produces_2' retrieved from /home/airflow/.local/lib/python3.12/site-packages/airflow/example_dags/example_datasets.py
[2024-11-15T05:21:50.458+0000] {logging_mixin.py:190} INFO - [2024-11-15T05:21:50.458+0000] {dag.py:3239} INFO - Sync 10 DAGs
[2024-11-15T05:21:50.549+0000] {logging_mixin.py:190} INFO - [2024-11-15T05:21:50.549+0000] {dag.py:4180} INFO - Setting next_dagrun for conditional_dataset_and_time_based_timetable to 2024-11-13 01:00:00+00:00, run_after=2024-11-13 01:00:00+00:00
[2024-11-15T05:21:50.568+0000] {logging_mixin.py:190} INFO - [2024-11-15T05:21:50.567+0000] {dag.py:4180} INFO - Setting next_dagrun for consume_1_and_2_with_dataset_expressions to None, run_after=None
[2024-11-15T05:21:50.573+0000] {logging_mixin.py:190} INFO - [2024-11-15T05:21:50.572+0000] {dag.py:4180} INFO - Setting next_dagrun for consume_1_or_2_with_dataset_expressions to None, run_after=None
[2024-11-15T05:21:50.576+0000] {logging_mixin.py:190} INFO - [2024-11-15T05:21:50.576+0000] {dag.py:4180} INFO - Setting next_dagrun for consume_1_or_both_2_and_3_with_dataset_expressions to None, run_after=None
[2024-11-15T05:21:50.584+0000] {logging_mixin.py:190} INFO - [2024-11-15T05:21:50.584+0000] {dag.py:4180} INFO - Setting next_dagrun for dataset_consumes_1 to None, run_after=None
[2024-11-15T05:21:50.588+0000] {logging_mixin.py:190} INFO - [2024-11-15T05:21:50.588+0000] {dag.py:4180} INFO - Setting next_dagrun for dataset_consumes_1_and_2 to None, run_after=None
[2024-11-15T05:21:50.592+0000] {logging_mixin.py:190} INFO - [2024-11-15T05:21:50.592+0000] {dag.py:4180} INFO - Setting next_dagrun for dataset_consumes_1_never_scheduled to None, run_after=None
[2024-11-15T05:21:50.595+0000] {logging_mixin.py:190} INFO - [2024-11-15T05:21:50.595+0000] {dag.py:4180} INFO - Setting next_dagrun for dataset_consumes_unknown_never_scheduled to None, run_after=None
[2024-11-15T05:21:50.601+0000] {logging_mixin.py:190} INFO - [2024-11-15T05:21:50.601+0000] {dag.py:4180} INFO - Setting next_dagrun for dataset_produces_1 to 2024-11-14 00:00:00+00:00, run_after=2024-11-15 00:00:00+00:00
[2024-11-15T05:21:50.607+0000] {logging_mixin.py:190} INFO - [2024-11-15T05:21:50.607+0000] {dag.py:4180} INFO - Setting next_dagrun for dataset_produces_2 to None, run_after=None
[2024-11-15T05:21:50.660+0000] {processor.py:208} INFO - Processing /home/airflow/.local/lib/python3.12/site-packages/airflow/example_dags/example_datasets.py took 1.107 seconds
[2024-11-15T05:22:21.222+0000] {processor.py:186} INFO - Started process (PID=361) to work on /home/airflow/.local/lib/python3.12/site-packages/airflow/example_dags/example_datasets.py
[2024-11-15T05:22:21.223+0000] {processor.py:914} INFO - Processing file /home/airflow/.local/lib/python3.12/site-packages/airflow/example_dags/example_datasets.py for tasks to queue
[2024-11-15T05:22:21.225+0000] {logging_mixin.py:190} INFO - [2024-11-15T05:22:21.225+0000] {dagbag.py:588} INFO - Filling up the DagBag from /home/airflow/.local/lib/python3.12/site-packages/airflow/example_dags/example_datasets.py
[2024-11-15T05:22:21.701+0000] {processor.py:925} INFO - DAG(s) 'dataset_produces_1', 'consume_1_or_both_2_and_3_with_dataset_expressions', 'dataset_consumes_1', 'dataset_consumes_1_and_2', 'dataset_consumes_unknown_never_scheduled', 'consume_1_and_2_with_dataset_expressions', 'conditional_dataset_and_time_based_timetable', 'consume_1_or_2_with_dataset_expressions', 'dataset_produces_2', 'dataset_consumes_1_never_scheduled' retrieved from /home/airflow/.local/lib/python3.12/site-packages/airflow/example_dags/example_datasets.py
[2024-11-15T05:22:21.740+0000] {logging_mixin.py:190} INFO - [2024-11-15T05:22:21.739+0000] {dag.py:3239} INFO - Sync 10 DAGs
[2024-11-15T05:22:21.762+0000] {logging_mixin.py:190} INFO - [2024-11-15T05:22:21.762+0000] {dag.py:4180} INFO - Setting next_dagrun for conditional_dataset_and_time_based_timetable to 2024-11-13 01:00:00+00:00, run_after=2024-11-13 01:00:00+00:00
[2024-11-15T05:22:21.765+0000] {logging_mixin.py:190} INFO - [2024-11-15T05:22:21.765+0000] {dag.py:4180} INFO - Setting next_dagrun for consume_1_and_2_with_dataset_expressions to None, run_after=None
[2024-11-15T05:22:21.767+0000] {logging_mixin.py:190} INFO - [2024-11-15T05:22:21.767+0000] {dag.py:4180} INFO - Setting next_dagrun for consume_1_or_2_with_dataset_expressions to None, run_after=None
[2024-11-15T05:22:21.769+0000] {logging_mixin.py:190} INFO - [2024-11-15T05:22:21.769+0000] {dag.py:4180} INFO - Setting next_dagrun for consume_1_or_both_2_and_3_with_dataset_expressions to None, run_after=None
[2024-11-15T05:22:21.771+0000] {logging_mixin.py:190} INFO - [2024-11-15T05:22:21.770+0000] {dag.py:4180} INFO - Setting next_dagrun for dataset_consumes_1 to None, run_after=None
[2024-11-15T05:22:21.773+0000] {logging_mixin.py:190} INFO - [2024-11-15T05:22:21.773+0000] {dag.py:4180} INFO - Setting next_dagrun for dataset_consumes_1_and_2 to None, run_after=None
[2024-11-15T05:22:21.775+0000] {logging_mixin.py:190} INFO - [2024-11-15T05:22:21.775+0000] {dag.py:4180} INFO - Setting next_dagrun for dataset_consumes_1_never_scheduled to None, run_after=None
[2024-11-15T05:22:21.777+0000] {logging_mixin.py:190} INFO - [2024-11-15T05:22:21.777+0000] {dag.py:4180} INFO - Setting next_dagrun for dataset_consumes_unknown_never_scheduled to None, run_after=None
[2024-11-15T05:22:21.779+0000] {logging_mixin.py:190} INFO - [2024-11-15T05:22:21.779+0000] {dag.py:4180} INFO - Setting next_dagrun for dataset_produces_1 to 2024-11-14 00:00:00+00:00, run_after=2024-11-15 00:00:00+00:00
[2024-11-15T05:22:21.781+0000] {logging_mixin.py:190} INFO - [2024-11-15T05:22:21.781+0000] {dag.py:4180} INFO - Setting next_dagrun for dataset_produces_2 to None, run_after=None
[2024-11-15T05:22:21.816+0000] {processor.py:208} INFO - Processing /home/airflow/.local/lib/python3.12/site-packages/airflow/example_dags/example_datasets.py took 0.599 seconds
[2024-11-15T05:22:51.873+0000] {processor.py:186} INFO - Started process (PID=425) to work on /home/airflow/.local/lib/python3.12/site-packages/airflow/example_dags/example_datasets.py
[2024-11-15T05:22:51.875+0000] {processor.py:914} INFO - Processing file /home/airflow/.local/lib/python3.12/site-packages/airflow/example_dags/example_datasets.py for tasks to queue
[2024-11-15T05:22:51.877+0000] {logging_mixin.py:190} INFO - [2024-11-15T05:22:51.877+0000] {dagbag.py:588} INFO - Filling up the DagBag from /home/airflow/.local/lib/python3.12/site-packages/airflow/example_dags/example_datasets.py
[2024-11-15T05:22:52.452+0000] {processor.py:925} INFO - DAG(s) 'dataset_consumes_1', 'dataset_consumes_1_never_scheduled', 'consume_1_and_2_with_dataset_expressions', 'dataset_consumes_unknown_never_scheduled', 'consume_1_or_2_with_dataset_expressions', 'dataset_produces_1', 'dataset_produces_2', 'consume_1_or_both_2_and_3_with_dataset_expressions', 'dataset_consumes_1_and_2', 'conditional_dataset_and_time_based_timetable' retrieved from /home/airflow/.local/lib/python3.12/site-packages/airflow/example_dags/example_datasets.py
[2024-11-15T05:22:52.498+0000] {logging_mixin.py:190} INFO - [2024-11-15T05:22:52.497+0000] {dag.py:3239} INFO - Sync 10 DAGs
[2024-11-15T05:22:52.526+0000] {logging_mixin.py:190} INFO - [2024-11-15T05:22:52.525+0000] {dag.py:4180} INFO - Setting next_dagrun for conditional_dataset_and_time_based_timetable to 2024-11-13 01:00:00+00:00, run_after=2024-11-13 01:00:00+00:00
[2024-11-15T05:22:52.532+0000] {logging_mixin.py:190} INFO - [2024-11-15T05:22:52.531+0000] {dag.py:4180} INFO - Setting next_dagrun for consume_1_and_2_with_dataset_expressions to None, run_after=None
[2024-11-15T05:22:52.534+0000] {logging_mixin.py:190} INFO - [2024-11-15T05:22:52.533+0000] {dag.py:4180} INFO - Setting next_dagrun for consume_1_or_2_with_dataset_expressions to None, run_after=None
[2024-11-15T05:22:52.535+0000] {logging_mixin.py:190} INFO - [2024-11-15T05:22:52.535+0000] {dag.py:4180} INFO - Setting next_dagrun for consume_1_or_both_2_and_3_with_dataset_expressions to None, run_after=None
[2024-11-15T05:22:52.539+0000] {logging_mixin.py:190} INFO - [2024-11-15T05:22:52.539+0000] {dag.py:4180} INFO - Setting next_dagrun for dataset_consumes_1 to None, run_after=None
[2024-11-15T05:22:52.541+0000] {logging_mixin.py:190} INFO - [2024-11-15T05:22:52.541+0000] {dag.py:4180} INFO - Setting next_dagrun for dataset_consumes_1_and_2 to None, run_after=None
[2024-11-15T05:22:52.543+0000] {logging_mixin.py:190} INFO - [2024-11-15T05:22:52.543+0000] {dag.py:4180} INFO - Setting next_dagrun for dataset_consumes_1_never_scheduled to None, run_after=None
[2024-11-15T05:22:52.545+0000] {logging_mixin.py:190} INFO - [2024-11-15T05:22:52.545+0000] {dag.py:4180} INFO - Setting next_dagrun for dataset_consumes_unknown_never_scheduled to None, run_after=None
[2024-11-15T05:22:52.548+0000] {logging_mixin.py:190} INFO - [2024-11-15T05:22:52.548+0000] {dag.py:4180} INFO - Setting next_dagrun for dataset_produces_1 to 2024-11-14 00:00:00+00:00, run_after=2024-11-15 00:00:00+00:00
[2024-11-15T05:22:52.550+0000] {logging_mixin.py:190} INFO - [2024-11-15T05:22:52.550+0000] {dag.py:4180} INFO - Setting next_dagrun for dataset_produces_2 to None, run_after=None
[2024-11-15T05:22:52.595+0000] {processor.py:208} INFO - Processing /home/airflow/.local/lib/python3.12/site-packages/airflow/example_dags/example_datasets.py took 0.730 seconds
