[2024-11-15T05:12:51.248+0000] {processor.py:186} INFO - Started process (PID=94) to work on /home/airflow/.local/lib/python3.12/site-packages/airflow/example_dags/example_bash_decorator.py
[2024-11-15T05:12:51.250+0000] {processor.py:914} INFO - Processing file /home/airflow/.local/lib/python3.12/site-packages/airflow/example_dags/example_bash_decorator.py for tasks to queue
[2024-11-15T05:12:51.254+0000] {logging_mixin.py:190} INFO - [2024-11-15T05:12:51.253+0000] {dagbag.py:588} INFO - Filling up the DagBag from /home/airflow/.local/lib/python3.12/site-packages/airflow/example_dags/example_bash_decorator.py
[2024-11-15T05:12:51.279+0000] {processor.py:925} INFO - DAG(s) 'example_bash_decorator' retrieved from /home/airflow/.local/lib/python3.12/site-packages/airflow/example_dags/example_bash_decorator.py
[2024-11-15T05:12:51.455+0000] {logging_mixin.py:190} INFO - [2024-11-15T05:12:51.454+0000] {override.py:1911} INFO - Created Permission View: can delete on DAG:example_bash_decorator
[2024-11-15T05:12:51.478+0000] {logging_mixin.py:190} INFO - [2024-11-15T05:12:51.477+0000] {override.py:1911} INFO - Created Permission View: can edit on DAG:example_bash_decorator
[2024-11-15T05:12:51.493+0000] {logging_mixin.py:190} INFO - [2024-11-15T05:12:51.493+0000] {override.py:1911} INFO - Created Permission View: can read on DAG:example_bash_decorator
[2024-11-15T05:12:51.513+0000] {logging_mixin.py:190} INFO - [2024-11-15T05:12:51.512+0000] {override.py:1911} INFO - Created Permission View: can create on DAG Run:example_bash_decorator
[2024-11-15T05:12:51.527+0000] {logging_mixin.py:190} INFO - [2024-11-15T05:12:51.526+0000] {override.py:1911} INFO - Created Permission View: can delete on DAG Run:example_bash_decorator
[2024-11-15T05:12:51.542+0000] {logging_mixin.py:190} INFO - [2024-11-15T05:12:51.542+0000] {override.py:1911} INFO - Created Permission View: menu access on DAG Run:example_bash_decorator
[2024-11-15T05:12:51.561+0000] {logging_mixin.py:190} INFO - [2024-11-15T05:12:51.560+0000] {override.py:1911} INFO - Created Permission View: can read on DAG Run:example_bash_decorator
[2024-11-15T05:12:51.562+0000] {logging_mixin.py:190} INFO - [2024-11-15T05:12:51.562+0000] {dag.py:3239} INFO - Sync 1 DAGs
[2024-11-15T05:12:51.583+0000] {logging_mixin.py:190} INFO - [2024-11-15T05:12:51.583+0000] {dag.py:3262} INFO - Creating ORM DAG for example_bash_decorator
[2024-11-15T05:12:51.585+0000] {logging_mixin.py:190} INFO - [2024-11-15T05:12:51.584+0000] {dag.py:4180} INFO - Setting next_dagrun for example_bash_decorator to None, run_after=None
[2024-11-15T05:12:51.608+0000] {processor.py:208} INFO - Processing /home/airflow/.local/lib/python3.12/site-packages/airflow/example_dags/example_bash_decorator.py took 0.369 seconds
[2024-11-15T05:13:22.303+0000] {processor.py:186} INFO - Started process (PID=166) to work on /home/airflow/.local/lib/python3.12/site-packages/airflow/example_dags/example_bash_decorator.py
[2024-11-15T05:13:22.304+0000] {processor.py:914} INFO - Processing file /home/airflow/.local/lib/python3.12/site-packages/airflow/example_dags/example_bash_decorator.py for tasks to queue
[2024-11-15T05:13:22.306+0000] {logging_mixin.py:190} INFO - [2024-11-15T05:13:22.306+0000] {dagbag.py:588} INFO - Filling up the DagBag from /home/airflow/.local/lib/python3.12/site-packages/airflow/example_dags/example_bash_decorator.py
[2024-11-15T05:13:22.323+0000] {processor.py:925} INFO - DAG(s) 'example_bash_decorator' retrieved from /home/airflow/.local/lib/python3.12/site-packages/airflow/example_dags/example_bash_decorator.py
[2024-11-15T05:13:22.351+0000] {logging_mixin.py:190} INFO - [2024-11-15T05:13:22.351+0000] {dag.py:3239} INFO - Sync 1 DAGs
[2024-11-15T05:13:22.365+0000] {logging_mixin.py:190} INFO - [2024-11-15T05:13:22.365+0000] {dag.py:4180} INFO - Setting next_dagrun for example_bash_decorator to None, run_after=None
[2024-11-15T05:13:22.390+0000] {processor.py:208} INFO - Processing /home/airflow/.local/lib/python3.12/site-packages/airflow/example_dags/example_bash_decorator.py took 0.093 seconds
[2024-11-15T05:13:53.169+0000] {processor.py:186} INFO - Started process (PID=230) to work on /home/airflow/.local/lib/python3.12/site-packages/airflow/example_dags/example_bash_decorator.py
[2024-11-15T05:13:53.170+0000] {processor.py:914} INFO - Processing file /home/airflow/.local/lib/python3.12/site-packages/airflow/example_dags/example_bash_decorator.py for tasks to queue
[2024-11-15T05:13:53.173+0000] {logging_mixin.py:190} INFO - [2024-11-15T05:13:53.172+0000] {dagbag.py:588} INFO - Filling up the DagBag from /home/airflow/.local/lib/python3.12/site-packages/airflow/example_dags/example_bash_decorator.py
[2024-11-15T05:13:53.186+0000] {processor.py:925} INFO - DAG(s) 'example_bash_decorator' retrieved from /home/airflow/.local/lib/python3.12/site-packages/airflow/example_dags/example_bash_decorator.py
[2024-11-15T05:13:53.210+0000] {logging_mixin.py:190} INFO - [2024-11-15T05:13:53.210+0000] {dag.py:3239} INFO - Sync 1 DAGs
[2024-11-15T05:13:53.224+0000] {logging_mixin.py:190} INFO - [2024-11-15T05:13:53.224+0000] {dag.py:4180} INFO - Setting next_dagrun for example_bash_decorator to None, run_after=None
[2024-11-15T05:13:53.248+0000] {processor.py:208} INFO - Processing /home/airflow/.local/lib/python3.12/site-packages/airflow/example_dags/example_bash_decorator.py took 0.084 seconds
[2024-11-15T05:14:23.683+0000] {processor.py:186} INFO - Started process (PID=294) to work on /home/airflow/.local/lib/python3.12/site-packages/airflow/example_dags/example_bash_decorator.py
[2024-11-15T05:14:23.684+0000] {processor.py:914} INFO - Processing file /home/airflow/.local/lib/python3.12/site-packages/airflow/example_dags/example_bash_decorator.py for tasks to queue
[2024-11-15T05:14:23.686+0000] {logging_mixin.py:190} INFO - [2024-11-15T05:14:23.686+0000] {dagbag.py:588} INFO - Filling up the DagBag from /home/airflow/.local/lib/python3.12/site-packages/airflow/example_dags/example_bash_decorator.py
[2024-11-15T05:14:23.701+0000] {processor.py:925} INFO - DAG(s) 'example_bash_decorator' retrieved from /home/airflow/.local/lib/python3.12/site-packages/airflow/example_dags/example_bash_decorator.py
[2024-11-15T05:14:23.726+0000] {logging_mixin.py:190} INFO - [2024-11-15T05:14:23.726+0000] {dag.py:3239} INFO - Sync 1 DAGs
[2024-11-15T05:14:23.740+0000] {logging_mixin.py:190} INFO - [2024-11-15T05:14:23.740+0000] {dag.py:4180} INFO - Setting next_dagrun for example_bash_decorator to None, run_after=None
[2024-11-15T05:14:23.765+0000] {processor.py:208} INFO - Processing /home/airflow/.local/lib/python3.12/site-packages/airflow/example_dags/example_bash_decorator.py took 0.089 seconds
[2024-11-15T05:14:53.856+0000] {processor.py:186} INFO - Started process (PID=360) to work on /home/airflow/.local/lib/python3.12/site-packages/airflow/example_dags/example_bash_decorator.py
[2024-11-15T05:14:53.857+0000] {processor.py:914} INFO - Processing file /home/airflow/.local/lib/python3.12/site-packages/airflow/example_dags/example_bash_decorator.py for tasks to queue
[2024-11-15T05:14:53.860+0000] {logging_mixin.py:190} INFO - [2024-11-15T05:14:53.859+0000] {dagbag.py:588} INFO - Filling up the DagBag from /home/airflow/.local/lib/python3.12/site-packages/airflow/example_dags/example_bash_decorator.py
[2024-11-15T05:14:53.873+0000] {processor.py:925} INFO - DAG(s) 'example_bash_decorator' retrieved from /home/airflow/.local/lib/python3.12/site-packages/airflow/example_dags/example_bash_decorator.py
[2024-11-15T05:14:53.896+0000] {logging_mixin.py:190} INFO - [2024-11-15T05:14:53.896+0000] {dag.py:3239} INFO - Sync 1 DAGs
[2024-11-15T05:14:53.909+0000] {logging_mixin.py:190} INFO - [2024-11-15T05:14:53.909+0000] {dag.py:4180} INFO - Setting next_dagrun for example_bash_decorator to None, run_after=None
[2024-11-15T05:14:53.931+0000] {processor.py:208} INFO - Processing /home/airflow/.local/lib/python3.12/site-packages/airflow/example_dags/example_bash_decorator.py took 0.081 seconds
[2024-11-15T05:15:25.956+0000] {processor.py:186} INFO - Started process (PID=449) to work on /home/airflow/.local/lib/python3.12/site-packages/airflow/example_dags/example_bash_decorator.py
[2024-11-15T05:15:25.957+0000] {processor.py:914} INFO - Processing file /home/airflow/.local/lib/python3.12/site-packages/airflow/example_dags/example_bash_decorator.py for tasks to queue
[2024-11-15T05:15:25.961+0000] {logging_mixin.py:190} INFO - [2024-11-15T05:15:25.960+0000] {dagbag.py:588} INFO - Filling up the DagBag from /home/airflow/.local/lib/python3.12/site-packages/airflow/example_dags/example_bash_decorator.py
[2024-11-15T05:15:25.986+0000] {processor.py:925} INFO - DAG(s) 'example_bash_decorator' retrieved from /home/airflow/.local/lib/python3.12/site-packages/airflow/example_dags/example_bash_decorator.py
[2024-11-15T05:15:26.023+0000] {logging_mixin.py:190} INFO - [2024-11-15T05:15:26.023+0000] {dag.py:3239} INFO - Sync 1 DAGs
[2024-11-15T05:15:26.051+0000] {logging_mixin.py:190} INFO - [2024-11-15T05:15:26.050+0000] {dag.py:4180} INFO - Setting next_dagrun for example_bash_decorator to None, run_after=None
[2024-11-15T05:15:26.093+0000] {processor.py:208} INFO - Processing /home/airflow/.local/lib/python3.12/site-packages/airflow/example_dags/example_bash_decorator.py took 0.157 seconds
[2024-11-15T05:15:56.753+0000] {processor.py:186} INFO - Started process (PID=525) to work on /home/airflow/.local/lib/python3.12/site-packages/airflow/example_dags/example_bash_decorator.py
[2024-11-15T05:15:56.754+0000] {processor.py:914} INFO - Processing file /home/airflow/.local/lib/python3.12/site-packages/airflow/example_dags/example_bash_decorator.py for tasks to queue
[2024-11-15T05:15:56.757+0000] {logging_mixin.py:190} INFO - [2024-11-15T05:15:56.757+0000] {dagbag.py:588} INFO - Filling up the DagBag from /home/airflow/.local/lib/python3.12/site-packages/airflow/example_dags/example_bash_decorator.py
[2024-11-15T05:15:56.780+0000] {processor.py:925} INFO - DAG(s) 'example_bash_decorator' retrieved from /home/airflow/.local/lib/python3.12/site-packages/airflow/example_dags/example_bash_decorator.py
[2024-11-15T05:15:56.819+0000] {logging_mixin.py:190} INFO - [2024-11-15T05:15:56.819+0000] {dag.py:3239} INFO - Sync 1 DAGs
[2024-11-15T05:15:56.839+0000] {logging_mixin.py:190} INFO - [2024-11-15T05:15:56.839+0000] {dag.py:4180} INFO - Setting next_dagrun for example_bash_decorator to None, run_after=None
[2024-11-15T05:15:56.879+0000] {processor.py:208} INFO - Processing /home/airflow/.local/lib/python3.12/site-packages/airflow/example_dags/example_bash_decorator.py took 0.144 seconds
[2024-11-15T05:16:27.647+0000] {processor.py:186} INFO - Started process (PID=589) to work on /home/airflow/.local/lib/python3.12/site-packages/airflow/example_dags/example_bash_decorator.py
[2024-11-15T05:16:27.648+0000] {processor.py:914} INFO - Processing file /home/airflow/.local/lib/python3.12/site-packages/airflow/example_dags/example_bash_decorator.py for tasks to queue
[2024-11-15T05:16:27.651+0000] {logging_mixin.py:190} INFO - [2024-11-15T05:16:27.651+0000] {dagbag.py:588} INFO - Filling up the DagBag from /home/airflow/.local/lib/python3.12/site-packages/airflow/example_dags/example_bash_decorator.py
[2024-11-15T05:16:27.669+0000] {processor.py:925} INFO - DAG(s) 'example_bash_decorator' retrieved from /home/airflow/.local/lib/python3.12/site-packages/airflow/example_dags/example_bash_decorator.py
[2024-11-15T05:16:27.693+0000] {logging_mixin.py:190} INFO - [2024-11-15T05:16:27.693+0000] {dag.py:3239} INFO - Sync 1 DAGs
[2024-11-15T05:16:27.709+0000] {logging_mixin.py:190} INFO - [2024-11-15T05:16:27.708+0000] {dag.py:4180} INFO - Setting next_dagrun for example_bash_decorator to None, run_after=None
[2024-11-15T05:16:27.737+0000] {processor.py:208} INFO - Processing /home/airflow/.local/lib/python3.12/site-packages/airflow/example_dags/example_bash_decorator.py took 0.100 seconds
[2024-11-15T05:16:58.463+0000] {processor.py:186} INFO - Started process (PID=653) to work on /home/airflow/.local/lib/python3.12/site-packages/airflow/example_dags/example_bash_decorator.py
[2024-11-15T05:16:58.464+0000] {processor.py:914} INFO - Processing file /home/airflow/.local/lib/python3.12/site-packages/airflow/example_dags/example_bash_decorator.py for tasks to queue
[2024-11-15T05:16:58.468+0000] {logging_mixin.py:190} INFO - [2024-11-15T05:16:58.467+0000] {dagbag.py:588} INFO - Filling up the DagBag from /home/airflow/.local/lib/python3.12/site-packages/airflow/example_dags/example_bash_decorator.py
[2024-11-15T05:16:58.488+0000] {processor.py:925} INFO - DAG(s) 'example_bash_decorator' retrieved from /home/airflow/.local/lib/python3.12/site-packages/airflow/example_dags/example_bash_decorator.py
[2024-11-15T05:16:58.523+0000] {logging_mixin.py:190} INFO - [2024-11-15T05:16:58.522+0000] {dag.py:3239} INFO - Sync 1 DAGs
[2024-11-15T05:16:58.546+0000] {logging_mixin.py:190} INFO - [2024-11-15T05:16:58.544+0000] {dag.py:4180} INFO - Setting next_dagrun for example_bash_decorator to None, run_after=None
[2024-11-15T05:16:58.582+0000] {processor.py:208} INFO - Processing /home/airflow/.local/lib/python3.12/site-packages/airflow/example_dags/example_bash_decorator.py took 0.134 seconds
[2024-11-15T05:17:29.536+0000] {processor.py:186} INFO - Started process (PID=717) to work on /home/airflow/.local/lib/python3.12/site-packages/airflow/example_dags/example_bash_decorator.py
[2024-11-15T05:17:29.537+0000] {processor.py:914} INFO - Processing file /home/airflow/.local/lib/python3.12/site-packages/airflow/example_dags/example_bash_decorator.py for tasks to queue
[2024-11-15T05:17:29.540+0000] {logging_mixin.py:190} INFO - [2024-11-15T05:17:29.540+0000] {dagbag.py:588} INFO - Filling up the DagBag from /home/airflow/.local/lib/python3.12/site-packages/airflow/example_dags/example_bash_decorator.py
[2024-11-15T05:17:29.560+0000] {processor.py:925} INFO - DAG(s) 'example_bash_decorator' retrieved from /home/airflow/.local/lib/python3.12/site-packages/airflow/example_dags/example_bash_decorator.py
[2024-11-15T05:17:29.586+0000] {logging_mixin.py:190} INFO - [2024-11-15T05:17:29.586+0000] {dag.py:3239} INFO - Sync 1 DAGs
[2024-11-15T05:17:29.603+0000] {logging_mixin.py:190} INFO - [2024-11-15T05:17:29.603+0000] {dag.py:4180} INFO - Setting next_dagrun for example_bash_decorator to None, run_after=None
[2024-11-15T05:17:29.630+0000] {processor.py:208} INFO - Processing /home/airflow/.local/lib/python3.12/site-packages/airflow/example_dags/example_bash_decorator.py took 0.106 seconds
[2024-11-15T05:18:00.680+0000] {processor.py:186} INFO - Started process (PID=781) to work on /home/airflow/.local/lib/python3.12/site-packages/airflow/example_dags/example_bash_decorator.py
[2024-11-15T05:18:00.681+0000] {processor.py:914} INFO - Processing file /home/airflow/.local/lib/python3.12/site-packages/airflow/example_dags/example_bash_decorator.py for tasks to queue
[2024-11-15T05:18:00.685+0000] {logging_mixin.py:190} INFO - [2024-11-15T05:18:00.684+0000] {dagbag.py:588} INFO - Filling up the DagBag from /home/airflow/.local/lib/python3.12/site-packages/airflow/example_dags/example_bash_decorator.py
[2024-11-15T05:18:00.699+0000] {processor.py:925} INFO - DAG(s) 'example_bash_decorator' retrieved from /home/airflow/.local/lib/python3.12/site-packages/airflow/example_dags/example_bash_decorator.py
[2024-11-15T05:18:00.724+0000] {logging_mixin.py:190} INFO - [2024-11-15T05:18:00.724+0000] {dag.py:3239} INFO - Sync 1 DAGs
[2024-11-15T05:18:00.737+0000] {logging_mixin.py:190} INFO - [2024-11-15T05:18:00.737+0000] {dag.py:4180} INFO - Setting next_dagrun for example_bash_decorator to None, run_after=None
[2024-11-15T05:18:00.763+0000] {processor.py:208} INFO - Processing /home/airflow/.local/lib/python3.12/site-packages/airflow/example_dags/example_bash_decorator.py took 0.093 seconds
[2024-11-15T05:20:14.024+0000] {processor.py:186} INFO - Started process (PID=94) to work on /home/airflow/.local/lib/python3.12/site-packages/airflow/example_dags/example_bash_decorator.py
[2024-11-15T05:20:14.026+0000] {processor.py:914} INFO - Processing file /home/airflow/.local/lib/python3.12/site-packages/airflow/example_dags/example_bash_decorator.py for tasks to queue
[2024-11-15T05:20:14.029+0000] {logging_mixin.py:190} INFO - [2024-11-15T05:20:14.028+0000] {dagbag.py:588} INFO - Filling up the DagBag from /home/airflow/.local/lib/python3.12/site-packages/airflow/example_dags/example_bash_decorator.py
[2024-11-15T05:20:14.049+0000] {processor.py:925} INFO - DAG(s) 'example_bash_decorator' retrieved from /home/airflow/.local/lib/python3.12/site-packages/airflow/example_dags/example_bash_decorator.py
[2024-11-15T05:20:14.224+0000] {logging_mixin.py:190} INFO - [2024-11-15T05:20:14.222+0000] {override.py:1911} INFO - Created Permission View: can delete on DAG:example_bash_decorator
[2024-11-15T05:20:14.242+0000] {logging_mixin.py:190} INFO - [2024-11-15T05:20:14.242+0000] {override.py:1911} INFO - Created Permission View: can edit on DAG:example_bash_decorator
[2024-11-15T05:20:14.256+0000] {logging_mixin.py:190} INFO - [2024-11-15T05:20:14.255+0000] {override.py:1911} INFO - Created Permission View: can read on DAG:example_bash_decorator
[2024-11-15T05:20:14.272+0000] {logging_mixin.py:190} INFO - [2024-11-15T05:20:14.272+0000] {override.py:1911} INFO - Created Permission View: can delete on DAG Run:example_bash_decorator
[2024-11-15T05:20:14.287+0000] {logging_mixin.py:190} INFO - [2024-11-15T05:20:14.286+0000] {override.py:1911} INFO - Created Permission View: can read on DAG Run:example_bash_decorator
[2024-11-15T05:20:14.302+0000] {logging_mixin.py:190} INFO - [2024-11-15T05:20:14.301+0000] {override.py:1911} INFO - Created Permission View: can create on DAG Run:example_bash_decorator
[2024-11-15T05:20:14.314+0000] {logging_mixin.py:190} INFO - [2024-11-15T05:20:14.313+0000] {override.py:1911} INFO - Created Permission View: menu access on DAG Run:example_bash_decorator
[2024-11-15T05:20:14.315+0000] {logging_mixin.py:190} INFO - [2024-11-15T05:20:14.314+0000] {dag.py:3239} INFO - Sync 1 DAGs
[2024-11-15T05:20:14.334+0000] {logging_mixin.py:190} INFO - [2024-11-15T05:20:14.334+0000] {dag.py:3262} INFO - Creating ORM DAG for example_bash_decorator
[2024-11-15T05:20:14.336+0000] {logging_mixin.py:190} INFO - [2024-11-15T05:20:14.336+0000] {dag.py:4180} INFO - Setting next_dagrun for example_bash_decorator to None, run_after=None
[2024-11-15T05:20:14.362+0000] {processor.py:208} INFO - Processing /home/airflow/.local/lib/python3.12/site-packages/airflow/example_dags/example_bash_decorator.py took 0.346 seconds
[2024-11-15T05:20:44.679+0000] {processor.py:186} INFO - Started process (PID=157) to work on /home/airflow/.local/lib/python3.12/site-packages/airflow/example_dags/example_bash_decorator.py
[2024-11-15T05:20:44.681+0000] {processor.py:914} INFO - Processing file /home/airflow/.local/lib/python3.12/site-packages/airflow/example_dags/example_bash_decorator.py for tasks to queue
[2024-11-15T05:20:44.686+0000] {logging_mixin.py:190} INFO - [2024-11-15T05:20:44.686+0000] {dagbag.py:588} INFO - Filling up the DagBag from /home/airflow/.local/lib/python3.12/site-packages/airflow/example_dags/example_bash_decorator.py
[2024-11-15T05:20:44.724+0000] {processor.py:925} INFO - DAG(s) 'example_bash_decorator' retrieved from /home/airflow/.local/lib/python3.12/site-packages/airflow/example_dags/example_bash_decorator.py
[2024-11-15T05:20:44.794+0000] {logging_mixin.py:190} INFO - [2024-11-15T05:20:44.793+0000] {dag.py:3239} INFO - Sync 1 DAGs
[2024-11-15T05:20:44.842+0000] {logging_mixin.py:190} INFO - [2024-11-15T05:20:44.841+0000] {dag.py:4180} INFO - Setting next_dagrun for example_bash_decorator to None, run_after=None
[2024-11-15T05:20:44.886+0000] {processor.py:208} INFO - Processing /home/airflow/.local/lib/python3.12/site-packages/airflow/example_dags/example_bash_decorator.py took 0.218 seconds
[2024-11-15T05:21:15.497+0000] {processor.py:186} INFO - Started process (PID=221) to work on /home/airflow/.local/lib/python3.12/site-packages/airflow/example_dags/example_bash_decorator.py
[2024-11-15T05:21:15.498+0000] {processor.py:914} INFO - Processing file /home/airflow/.local/lib/python3.12/site-packages/airflow/example_dags/example_bash_decorator.py for tasks to queue
[2024-11-15T05:21:15.500+0000] {logging_mixin.py:190} INFO - [2024-11-15T05:21:15.500+0000] {dagbag.py:588} INFO - Filling up the DagBag from /home/airflow/.local/lib/python3.12/site-packages/airflow/example_dags/example_bash_decorator.py
[2024-11-15T05:21:15.515+0000] {processor.py:925} INFO - DAG(s) 'example_bash_decorator' retrieved from /home/airflow/.local/lib/python3.12/site-packages/airflow/example_dags/example_bash_decorator.py
[2024-11-15T05:21:15.537+0000] {logging_mixin.py:190} INFO - [2024-11-15T05:21:15.536+0000] {dag.py:3239} INFO - Sync 1 DAGs
[2024-11-15T05:21:15.549+0000] {logging_mixin.py:190} INFO - [2024-11-15T05:21:15.549+0000] {dag.py:4180} INFO - Setting next_dagrun for example_bash_decorator to None, run_after=None
[2024-11-15T05:21:15.572+0000] {processor.py:208} INFO - Processing /home/airflow/.local/lib/python3.12/site-packages/airflow/example_dags/example_bash_decorator.py took 0.081 seconds
[2024-11-15T05:21:46.158+0000] {processor.py:186} INFO - Started process (PID=285) to work on /home/airflow/.local/lib/python3.12/site-packages/airflow/example_dags/example_bash_decorator.py
[2024-11-15T05:21:46.159+0000] {processor.py:914} INFO - Processing file /home/airflow/.local/lib/python3.12/site-packages/airflow/example_dags/example_bash_decorator.py for tasks to queue
[2024-11-15T05:21:46.162+0000] {logging_mixin.py:190} INFO - [2024-11-15T05:21:46.161+0000] {dagbag.py:588} INFO - Filling up the DagBag from /home/airflow/.local/lib/python3.12/site-packages/airflow/example_dags/example_bash_decorator.py
[2024-11-15T05:21:46.176+0000] {processor.py:925} INFO - DAG(s) 'example_bash_decorator' retrieved from /home/airflow/.local/lib/python3.12/site-packages/airflow/example_dags/example_bash_decorator.py
[2024-11-15T05:21:46.200+0000] {logging_mixin.py:190} INFO - [2024-11-15T05:21:46.200+0000] {dag.py:3239} INFO - Sync 1 DAGs
[2024-11-15T05:21:46.214+0000] {logging_mixin.py:190} INFO - [2024-11-15T05:21:46.214+0000] {dag.py:4180} INFO - Setting next_dagrun for example_bash_decorator to None, run_after=None
[2024-11-15T05:21:46.238+0000] {processor.py:208} INFO - Processing /home/airflow/.local/lib/python3.12/site-packages/airflow/example_dags/example_bash_decorator.py took 0.087 seconds
[2024-11-15T05:22:16.782+0000] {processor.py:186} INFO - Started process (PID=348) to work on /home/airflow/.local/lib/python3.12/site-packages/airflow/example_dags/example_bash_decorator.py
[2024-11-15T05:22:16.783+0000] {processor.py:914} INFO - Processing file /home/airflow/.local/lib/python3.12/site-packages/airflow/example_dags/example_bash_decorator.py for tasks to queue
[2024-11-15T05:22:16.786+0000] {logging_mixin.py:190} INFO - [2024-11-15T05:22:16.786+0000] {dagbag.py:588} INFO - Filling up the DagBag from /home/airflow/.local/lib/python3.12/site-packages/airflow/example_dags/example_bash_decorator.py
[2024-11-15T05:22:16.799+0000] {processor.py:925} INFO - DAG(s) 'example_bash_decorator' retrieved from /home/airflow/.local/lib/python3.12/site-packages/airflow/example_dags/example_bash_decorator.py
[2024-11-15T05:22:16.821+0000] {logging_mixin.py:190} INFO - [2024-11-15T05:22:16.821+0000] {dag.py:3239} INFO - Sync 1 DAGs
[2024-11-15T05:22:16.838+0000] {logging_mixin.py:190} INFO - [2024-11-15T05:22:16.838+0000] {dag.py:4180} INFO - Setting next_dagrun for example_bash_decorator to None, run_after=None
[2024-11-15T05:22:16.860+0000] {processor.py:208} INFO - Processing /home/airflow/.local/lib/python3.12/site-packages/airflow/example_dags/example_bash_decorator.py took 0.085 seconds
[2024-11-15T05:22:47.503+0000] {processor.py:186} INFO - Started process (PID=418) to work on /home/airflow/.local/lib/python3.12/site-packages/airflow/example_dags/example_bash_decorator.py
[2024-11-15T05:22:47.505+0000] {processor.py:914} INFO - Processing file /home/airflow/.local/lib/python3.12/site-packages/airflow/example_dags/example_bash_decorator.py for tasks to queue
[2024-11-15T05:22:47.510+0000] {logging_mixin.py:190} INFO - [2024-11-15T05:22:47.509+0000] {dagbag.py:588} INFO - Filling up the DagBag from /home/airflow/.local/lib/python3.12/site-packages/airflow/example_dags/example_bash_decorator.py
[2024-11-15T05:22:47.538+0000] {processor.py:925} INFO - DAG(s) 'example_bash_decorator' retrieved from /home/airflow/.local/lib/python3.12/site-packages/airflow/example_dags/example_bash_decorator.py
[2024-11-15T05:22:47.569+0000] {logging_mixin.py:190} INFO - [2024-11-15T05:22:47.569+0000] {dag.py:3239} INFO - Sync 1 DAGs
[2024-11-15T05:22:47.592+0000] {logging_mixin.py:190} INFO - [2024-11-15T05:22:47.592+0000] {dag.py:4180} INFO - Setting next_dagrun for example_bash_decorator to None, run_after=None
[2024-11-15T05:22:47.630+0000] {processor.py:208} INFO - Processing /home/airflow/.local/lib/python3.12/site-packages/airflow/example_dags/example_bash_decorator.py took 0.137 seconds
