[2024-11-15T05:12:36.879+0000] {processor.py:186} INFO - Started process (PID=49) to work on /home/airflow/.local/lib/python3.12/site-packages/airflow/example_dags/example_latest_only_with_trigger.py
[2024-11-15T05:12:36.881+0000] {processor.py:914} INFO - Processing file /home/airflow/.local/lib/python3.12/site-packages/airflow/example_dags/example_latest_only_with_trigger.py for tasks to queue
[2024-11-15T05:12:36.888+0000] {logging_mixin.py:190} INFO - [2024-11-15T05:12:36.887+0000] {dagbag.py:588} INFO - Filling up the DagBag from /home/airflow/.local/lib/python3.12/site-packages/airflow/example_dags/example_latest_only_with_trigger.py
[2024-11-15T05:12:36.912+0000] {processor.py:925} INFO - DAG(s) 'latest_only_with_trigger' retrieved from /home/airflow/.local/lib/python3.12/site-packages/airflow/example_dags/example_latest_only_with_trigger.py
[2024-11-15T05:12:37.171+0000] {logging_mixin.py:190} INFO - [2024-11-15T05:12:37.169+0000] {override.py:1911} INFO - Created Permission View: can delete on DAG:latest_only_with_trigger
[2024-11-15T05:12:37.209+0000] {logging_mixin.py:190} INFO - [2024-11-15T05:12:37.209+0000] {override.py:1911} INFO - Created Permission View: can edit on DAG:latest_only_with_trigger
[2024-11-15T05:12:37.261+0000] {logging_mixin.py:190} INFO - [2024-11-15T05:12:37.261+0000] {override.py:1911} INFO - Created Permission View: can read on DAG:latest_only_with_trigger
[2024-11-15T05:12:37.298+0000] {logging_mixin.py:190} INFO - [2024-11-15T05:12:37.292+0000] {override.py:1911} INFO - Created Permission View: can create on DAG Run:latest_only_with_trigger
[2024-11-15T05:12:37.325+0000] {logging_mixin.py:190} INFO - [2024-11-15T05:12:37.324+0000] {override.py:1911} INFO - Created Permission View: can delete on DAG Run:latest_only_with_trigger
[2024-11-15T05:12:37.362+0000] {logging_mixin.py:190} INFO - [2024-11-15T05:12:37.356+0000] {override.py:1911} INFO - Created Permission View: menu access on DAG Run:latest_only_with_trigger
[2024-11-15T05:12:37.405+0000] {logging_mixin.py:190} INFO - [2024-11-15T05:12:37.404+0000] {override.py:1911} INFO - Created Permission View: can read on DAG Run:latest_only_with_trigger
[2024-11-15T05:12:37.407+0000] {logging_mixin.py:190} INFO - [2024-11-15T05:12:37.406+0000] {dag.py:3239} INFO - Sync 1 DAGs
[2024-11-15T05:12:37.452+0000] {logging_mixin.py:190} INFO - [2024-11-15T05:12:37.451+0000] {dag.py:3262} INFO - Creating ORM DAG for latest_only_with_trigger
[2024-11-15T05:12:37.483+0000] {logging_mixin.py:190} INFO - [2024-11-15T05:12:37.483+0000] {dag.py:4180} INFO - Setting next_dagrun for latest_only_with_trigger to 2024-11-15 00:00:00+00:00, run_after=2024-11-15 04:00:00+00:00
[2024-11-15T05:12:37.526+0000] {processor.py:208} INFO - Processing /home/airflow/.local/lib/python3.12/site-packages/airflow/example_dags/example_latest_only_with_trigger.py took 0.662 seconds
[2024-11-15T05:13:08.478+0000] {processor.py:186} INFO - Started process (PID=113) to work on /home/airflow/.local/lib/python3.12/site-packages/airflow/example_dags/example_latest_only_with_trigger.py
[2024-11-15T05:13:08.480+0000] {processor.py:914} INFO - Processing file /home/airflow/.local/lib/python3.12/site-packages/airflow/example_dags/example_latest_only_with_trigger.py for tasks to queue
[2024-11-15T05:13:08.482+0000] {logging_mixin.py:190} INFO - [2024-11-15T05:13:08.482+0000] {dagbag.py:588} INFO - Filling up the DagBag from /home/airflow/.local/lib/python3.12/site-packages/airflow/example_dags/example_latest_only_with_trigger.py
[2024-11-15T05:13:08.489+0000] {processor.py:925} INFO - DAG(s) 'latest_only_with_trigger' retrieved from /home/airflow/.local/lib/python3.12/site-packages/airflow/example_dags/example_latest_only_with_trigger.py
[2024-11-15T05:13:08.510+0000] {logging_mixin.py:190} INFO - [2024-11-15T05:13:08.509+0000] {dag.py:3239} INFO - Sync 1 DAGs
[2024-11-15T05:13:08.533+0000] {logging_mixin.py:190} INFO - [2024-11-15T05:13:08.533+0000] {dag.py:4180} INFO - Setting next_dagrun for latest_only_with_trigger to 2024-11-15 00:00:00+00:00, run_after=2024-11-15 04:00:00+00:00
[2024-11-15T05:13:08.556+0000] {processor.py:208} INFO - Processing /home/airflow/.local/lib/python3.12/site-packages/airflow/example_dags/example_latest_only_with_trigger.py took 0.083 seconds
[2024-11-15T05:13:38.932+0000] {processor.py:186} INFO - Started process (PID=186) to work on /home/airflow/.local/lib/python3.12/site-packages/airflow/example_dags/example_latest_only_with_trigger.py
[2024-11-15T05:13:38.934+0000] {processor.py:914} INFO - Processing file /home/airflow/.local/lib/python3.12/site-packages/airflow/example_dags/example_latest_only_with_trigger.py for tasks to queue
[2024-11-15T05:13:38.936+0000] {logging_mixin.py:190} INFO - [2024-11-15T05:13:38.936+0000] {dagbag.py:588} INFO - Filling up the DagBag from /home/airflow/.local/lib/python3.12/site-packages/airflow/example_dags/example_latest_only_with_trigger.py
[2024-11-15T05:13:38.944+0000] {processor.py:925} INFO - DAG(s) 'latest_only_with_trigger' retrieved from /home/airflow/.local/lib/python3.12/site-packages/airflow/example_dags/example_latest_only_with_trigger.py
[2024-11-15T05:13:38.964+0000] {logging_mixin.py:190} INFO - [2024-11-15T05:13:38.964+0000] {dag.py:3239} INFO - Sync 1 DAGs
[2024-11-15T05:13:38.990+0000] {logging_mixin.py:190} INFO - [2024-11-15T05:13:38.990+0000] {dag.py:4180} INFO - Setting next_dagrun for latest_only_with_trigger to 2024-11-15 00:00:00+00:00, run_after=2024-11-15 04:00:00+00:00
[2024-11-15T05:13:39.025+0000] {processor.py:208} INFO - Processing /home/airflow/.local/lib/python3.12/site-packages/airflow/example_dags/example_latest_only_with_trigger.py took 0.100 seconds
[2024-11-15T05:14:09.541+0000] {processor.py:186} INFO - Started process (PID=250) to work on /home/airflow/.local/lib/python3.12/site-packages/airflow/example_dags/example_latest_only_with_trigger.py
[2024-11-15T05:14:09.542+0000] {processor.py:914} INFO - Processing file /home/airflow/.local/lib/python3.12/site-packages/airflow/example_dags/example_latest_only_with_trigger.py for tasks to queue
[2024-11-15T05:14:09.546+0000] {logging_mixin.py:190} INFO - [2024-11-15T05:14:09.545+0000] {dagbag.py:588} INFO - Filling up the DagBag from /home/airflow/.local/lib/python3.12/site-packages/airflow/example_dags/example_latest_only_with_trigger.py
[2024-11-15T05:14:09.566+0000] {processor.py:925} INFO - DAG(s) 'latest_only_with_trigger' retrieved from /home/airflow/.local/lib/python3.12/site-packages/airflow/example_dags/example_latest_only_with_trigger.py
[2024-11-15T05:14:09.605+0000] {logging_mixin.py:190} INFO - [2024-11-15T05:14:09.605+0000] {dag.py:3239} INFO - Sync 1 DAGs
[2024-11-15T05:14:09.649+0000] {logging_mixin.py:190} INFO - [2024-11-15T05:14:09.649+0000] {dag.py:4180} INFO - Setting next_dagrun for latest_only_with_trigger to 2024-11-15 00:00:00+00:00, run_after=2024-11-15 04:00:00+00:00
[2024-11-15T05:14:09.674+0000] {processor.py:208} INFO - Processing /home/airflow/.local/lib/python3.12/site-packages/airflow/example_dags/example_latest_only_with_trigger.py took 0.144 seconds
[2024-11-15T05:14:40.312+0000] {processor.py:186} INFO - Started process (PID=314) to work on /home/airflow/.local/lib/python3.12/site-packages/airflow/example_dags/example_latest_only_with_trigger.py
[2024-11-15T05:14:40.313+0000] {processor.py:914} INFO - Processing file /home/airflow/.local/lib/python3.12/site-packages/airflow/example_dags/example_latest_only_with_trigger.py for tasks to queue
[2024-11-15T05:14:40.317+0000] {logging_mixin.py:190} INFO - [2024-11-15T05:14:40.316+0000] {dagbag.py:588} INFO - Filling up the DagBag from /home/airflow/.local/lib/python3.12/site-packages/airflow/example_dags/example_latest_only_with_trigger.py
[2024-11-15T05:14:40.330+0000] {processor.py:925} INFO - DAG(s) 'latest_only_with_trigger' retrieved from /home/airflow/.local/lib/python3.12/site-packages/airflow/example_dags/example_latest_only_with_trigger.py
[2024-11-15T05:14:40.355+0000] {logging_mixin.py:190} INFO - [2024-11-15T05:14:40.355+0000] {dag.py:3239} INFO - Sync 1 DAGs
[2024-11-15T05:14:40.383+0000] {logging_mixin.py:190} INFO - [2024-11-15T05:14:40.382+0000] {dag.py:4180} INFO - Setting next_dagrun for latest_only_with_trigger to 2024-11-15 00:00:00+00:00, run_after=2024-11-15 04:00:00+00:00
[2024-11-15T05:14:40.406+0000] {processor.py:208} INFO - Processing /home/airflow/.local/lib/python3.12/site-packages/airflow/example_dags/example_latest_only_with_trigger.py took 0.103 seconds
[2024-11-15T05:15:10.587+0000] {processor.py:186} INFO - Started process (PID=405) to work on /home/airflow/.local/lib/python3.12/site-packages/airflow/example_dags/example_latest_only_with_trigger.py
[2024-11-15T05:15:10.588+0000] {processor.py:914} INFO - Processing file /home/airflow/.local/lib/python3.12/site-packages/airflow/example_dags/example_latest_only_with_trigger.py for tasks to queue
[2024-11-15T05:15:10.591+0000] {logging_mixin.py:190} INFO - [2024-11-15T05:15:10.591+0000] {dagbag.py:588} INFO - Filling up the DagBag from /home/airflow/.local/lib/python3.12/site-packages/airflow/example_dags/example_latest_only_with_trigger.py
[2024-11-15T05:15:10.603+0000] {processor.py:925} INFO - DAG(s) 'latest_only_with_trigger' retrieved from /home/airflow/.local/lib/python3.12/site-packages/airflow/example_dags/example_latest_only_with_trigger.py
[2024-11-15T05:15:10.633+0000] {logging_mixin.py:190} INFO - [2024-11-15T05:15:10.633+0000] {dag.py:3239} INFO - Sync 1 DAGs
[2024-11-15T05:15:10.665+0000] {logging_mixin.py:190} INFO - [2024-11-15T05:15:10.665+0000] {dag.py:4180} INFO - Setting next_dagrun for latest_only_with_trigger to 2024-11-15 00:00:00+00:00, run_after=2024-11-15 04:00:00+00:00
[2024-11-15T05:15:10.692+0000] {processor.py:208} INFO - Processing /home/airflow/.local/lib/python3.12/site-packages/airflow/example_dags/example_latest_only_with_trigger.py took 0.116 seconds
[2024-11-15T05:15:40.861+0000] {processor.py:186} INFO - Started process (PID=481) to work on /home/airflow/.local/lib/python3.12/site-packages/airflow/example_dags/example_latest_only_with_trigger.py
[2024-11-15T05:15:40.863+0000] {processor.py:914} INFO - Processing file /home/airflow/.local/lib/python3.12/site-packages/airflow/example_dags/example_latest_only_with_trigger.py for tasks to queue
[2024-11-15T05:15:40.867+0000] {logging_mixin.py:190} INFO - [2024-11-15T05:15:40.867+0000] {dagbag.py:588} INFO - Filling up the DagBag from /home/airflow/.local/lib/python3.12/site-packages/airflow/example_dags/example_latest_only_with_trigger.py
[2024-11-15T05:15:40.882+0000] {processor.py:925} INFO - DAG(s) 'latest_only_with_trigger' retrieved from /home/airflow/.local/lib/python3.12/site-packages/airflow/example_dags/example_latest_only_with_trigger.py
[2024-11-15T05:15:40.918+0000] {logging_mixin.py:190} INFO - [2024-11-15T05:15:40.917+0000] {dag.py:3239} INFO - Sync 1 DAGs
[2024-11-15T05:15:40.960+0000] {logging_mixin.py:190} INFO - [2024-11-15T05:15:40.960+0000] {dag.py:4180} INFO - Setting next_dagrun for latest_only_with_trigger to 2024-11-15 00:00:00+00:00, run_after=2024-11-15 04:00:00+00:00
[2024-11-15T05:15:40.999+0000] {processor.py:208} INFO - Processing /home/airflow/.local/lib/python3.12/site-packages/airflow/example_dags/example_latest_only_with_trigger.py took 0.150 seconds
[2024-11-15T05:16:11.681+0000] {processor.py:186} INFO - Started process (PID=545) to work on /home/airflow/.local/lib/python3.12/site-packages/airflow/example_dags/example_latest_only_with_trigger.py
[2024-11-15T05:16:11.682+0000] {processor.py:914} INFO - Processing file /home/airflow/.local/lib/python3.12/site-packages/airflow/example_dags/example_latest_only_with_trigger.py for tasks to queue
[2024-11-15T05:16:11.685+0000] {logging_mixin.py:190} INFO - [2024-11-15T05:16:11.684+0000] {dagbag.py:588} INFO - Filling up the DagBag from /home/airflow/.local/lib/python3.12/site-packages/airflow/example_dags/example_latest_only_with_trigger.py
[2024-11-15T05:16:11.691+0000] {processor.py:925} INFO - DAG(s) 'latest_only_with_trigger' retrieved from /home/airflow/.local/lib/python3.12/site-packages/airflow/example_dags/example_latest_only_with_trigger.py
[2024-11-15T05:16:11.712+0000] {logging_mixin.py:190} INFO - [2024-11-15T05:16:11.711+0000] {dag.py:3239} INFO - Sync 1 DAGs
[2024-11-15T05:16:11.733+0000] {logging_mixin.py:190} INFO - [2024-11-15T05:16:11.733+0000] {dag.py:4180} INFO - Setting next_dagrun for latest_only_with_trigger to 2024-11-15 00:00:00+00:00, run_after=2024-11-15 04:00:00+00:00
[2024-11-15T05:16:11.758+0000] {processor.py:208} INFO - Processing /home/airflow/.local/lib/python3.12/site-packages/airflow/example_dags/example_latest_only_with_trigger.py took 0.085 seconds
[2024-11-15T05:16:42.422+0000] {processor.py:186} INFO - Started process (PID=609) to work on /home/airflow/.local/lib/python3.12/site-packages/airflow/example_dags/example_latest_only_with_trigger.py
[2024-11-15T05:16:42.424+0000] {processor.py:914} INFO - Processing file /home/airflow/.local/lib/python3.12/site-packages/airflow/example_dags/example_latest_only_with_trigger.py for tasks to queue
[2024-11-15T05:16:42.427+0000] {logging_mixin.py:190} INFO - [2024-11-15T05:16:42.426+0000] {dagbag.py:588} INFO - Filling up the DagBag from /home/airflow/.local/lib/python3.12/site-packages/airflow/example_dags/example_latest_only_with_trigger.py
[2024-11-15T05:16:42.434+0000] {processor.py:925} INFO - DAG(s) 'latest_only_with_trigger' retrieved from /home/airflow/.local/lib/python3.12/site-packages/airflow/example_dags/example_latest_only_with_trigger.py
[2024-11-15T05:16:42.457+0000] {logging_mixin.py:190} INFO - [2024-11-15T05:16:42.456+0000] {dag.py:3239} INFO - Sync 1 DAGs
[2024-11-15T05:16:42.481+0000] {logging_mixin.py:190} INFO - [2024-11-15T05:16:42.481+0000] {dag.py:4180} INFO - Setting next_dagrun for latest_only_with_trigger to 2024-11-15 00:00:00+00:00, run_after=2024-11-15 04:00:00+00:00
[2024-11-15T05:16:42.503+0000] {processor.py:208} INFO - Processing /home/airflow/.local/lib/python3.12/site-packages/airflow/example_dags/example_latest_only_with_trigger.py took 0.088 seconds
[2024-11-15T05:17:12.986+0000] {processor.py:186} INFO - Started process (PID=673) to work on /home/airflow/.local/lib/python3.12/site-packages/airflow/example_dags/example_latest_only_with_trigger.py
[2024-11-15T05:17:12.987+0000] {processor.py:914} INFO - Processing file /home/airflow/.local/lib/python3.12/site-packages/airflow/example_dags/example_latest_only_with_trigger.py for tasks to queue
[2024-11-15T05:17:12.989+0000] {logging_mixin.py:190} INFO - [2024-11-15T05:17:12.989+0000] {dagbag.py:588} INFO - Filling up the DagBag from /home/airflow/.local/lib/python3.12/site-packages/airflow/example_dags/example_latest_only_with_trigger.py
[2024-11-15T05:17:12.996+0000] {processor.py:925} INFO - DAG(s) 'latest_only_with_trigger' retrieved from /home/airflow/.local/lib/python3.12/site-packages/airflow/example_dags/example_latest_only_with_trigger.py
[2024-11-15T05:17:13.019+0000] {logging_mixin.py:190} INFO - [2024-11-15T05:17:13.018+0000] {dag.py:3239} INFO - Sync 1 DAGs
[2024-11-15T05:17:13.041+0000] {logging_mixin.py:190} INFO - [2024-11-15T05:17:13.041+0000] {dag.py:4180} INFO - Setting next_dagrun for latest_only_with_trigger to 2024-11-15 00:00:00+00:00, run_after=2024-11-15 04:00:00+00:00
[2024-11-15T05:17:13.063+0000] {processor.py:208} INFO - Processing /home/airflow/.local/lib/python3.12/site-packages/airflow/example_dags/example_latest_only_with_trigger.py took 0.085 seconds
[2024-11-15T05:17:43.409+0000] {processor.py:186} INFO - Started process (PID=737) to work on /home/airflow/.local/lib/python3.12/site-packages/airflow/example_dags/example_latest_only_with_trigger.py
[2024-11-15T05:17:43.411+0000] {processor.py:914} INFO - Processing file /home/airflow/.local/lib/python3.12/site-packages/airflow/example_dags/example_latest_only_with_trigger.py for tasks to queue
[2024-11-15T05:17:43.414+0000] {logging_mixin.py:190} INFO - [2024-11-15T05:17:43.413+0000] {dagbag.py:588} INFO - Filling up the DagBag from /home/airflow/.local/lib/python3.12/site-packages/airflow/example_dags/example_latest_only_with_trigger.py
[2024-11-15T05:17:43.424+0000] {processor.py:925} INFO - DAG(s) 'latest_only_with_trigger' retrieved from /home/airflow/.local/lib/python3.12/site-packages/airflow/example_dags/example_latest_only_with_trigger.py
[2024-11-15T05:17:43.449+0000] {logging_mixin.py:190} INFO - [2024-11-15T05:17:43.448+0000] {dag.py:3239} INFO - Sync 1 DAGs
[2024-11-15T05:17:43.475+0000] {logging_mixin.py:190} INFO - [2024-11-15T05:17:43.475+0000] {dag.py:4180} INFO - Setting next_dagrun for latest_only_with_trigger to 2024-11-15 00:00:00+00:00, run_after=2024-11-15 04:00:00+00:00
[2024-11-15T05:17:43.503+0000] {processor.py:208} INFO - Processing /home/airflow/.local/lib/python3.12/site-packages/airflow/example_dags/example_latest_only_with_trigger.py took 0.107 seconds
[2024-11-15T05:20:00.043+0000] {processor.py:186} INFO - Started process (PID=49) to work on /home/airflow/.local/lib/python3.12/site-packages/airflow/example_dags/example_latest_only_with_trigger.py
[2024-11-15T05:20:00.045+0000] {processor.py:914} INFO - Processing file /home/airflow/.local/lib/python3.12/site-packages/airflow/example_dags/example_latest_only_with_trigger.py for tasks to queue
[2024-11-15T05:20:00.049+0000] {logging_mixin.py:190} INFO - [2024-11-15T05:20:00.049+0000] {dagbag.py:588} INFO - Filling up the DagBag from /home/airflow/.local/lib/python3.12/site-packages/airflow/example_dags/example_latest_only_with_trigger.py
[2024-11-15T05:20:00.067+0000] {processor.py:925} INFO - DAG(s) 'latest_only_with_trigger' retrieved from /home/airflow/.local/lib/python3.12/site-packages/airflow/example_dags/example_latest_only_with_trigger.py
[2024-11-15T05:20:00.308+0000] {logging_mixin.py:190} INFO - [2024-11-15T05:20:00.306+0000] {override.py:1911} INFO - Created Permission View: can delete on DAG:latest_only_with_trigger
[2024-11-15T05:20:00.336+0000] {logging_mixin.py:190} INFO - [2024-11-15T05:20:00.336+0000] {override.py:1911} INFO - Created Permission View: can edit on DAG:latest_only_with_trigger
[2024-11-15T05:20:00.390+0000] {logging_mixin.py:190} INFO - [2024-11-15T05:20:00.388+0000] {override.py:1911} INFO - Created Permission View: can read on DAG:latest_only_with_trigger
[2024-11-15T05:20:00.428+0000] {logging_mixin.py:190} INFO - [2024-11-15T05:20:00.427+0000] {override.py:1911} INFO - Created Permission View: can delete on DAG Run:latest_only_with_trigger
[2024-11-15T05:20:00.454+0000] {logging_mixin.py:190} INFO - [2024-11-15T05:20:00.453+0000] {override.py:1911} INFO - Created Permission View: can read on DAG Run:latest_only_with_trigger
[2024-11-15T05:20:00.485+0000] {logging_mixin.py:190} INFO - [2024-11-15T05:20:00.484+0000] {override.py:1911} INFO - Created Permission View: can create on DAG Run:latest_only_with_trigger
[2024-11-15T05:20:00.516+0000] {logging_mixin.py:190} INFO - [2024-11-15T05:20:00.515+0000] {override.py:1911} INFO - Created Permission View: menu access on DAG Run:latest_only_with_trigger
[2024-11-15T05:20:00.517+0000] {logging_mixin.py:190} INFO - [2024-11-15T05:20:00.516+0000] {dag.py:3239} INFO - Sync 1 DAGs
[2024-11-15T05:20:00.583+0000] {logging_mixin.py:190} INFO - [2024-11-15T05:20:00.583+0000] {dag.py:3262} INFO - Creating ORM DAG for latest_only_with_trigger
[2024-11-15T05:20:00.618+0000] {logging_mixin.py:190} INFO - [2024-11-15T05:20:00.618+0000] {dag.py:4180} INFO - Setting next_dagrun for latest_only_with_trigger to 2024-11-15 00:00:00+00:00, run_after=2024-11-15 04:00:00+00:00
[2024-11-15T05:20:00.661+0000] {processor.py:208} INFO - Processing /home/airflow/.local/lib/python3.12/site-packages/airflow/example_dags/example_latest_only_with_trigger.py took 0.632 seconds
[2024-11-15T05:20:30.767+0000] {processor.py:186} INFO - Started process (PID=113) to work on /home/airflow/.local/lib/python3.12/site-packages/airflow/example_dags/example_latest_only_with_trigger.py
[2024-11-15T05:20:30.769+0000] {processor.py:914} INFO - Processing file /home/airflow/.local/lib/python3.12/site-packages/airflow/example_dags/example_latest_only_with_trigger.py for tasks to queue
[2024-11-15T05:20:30.774+0000] {logging_mixin.py:190} INFO - [2024-11-15T05:20:30.773+0000] {dagbag.py:588} INFO - Filling up the DagBag from /home/airflow/.local/lib/python3.12/site-packages/airflow/example_dags/example_latest_only_with_trigger.py
[2024-11-15T05:20:30.787+0000] {processor.py:925} INFO - DAG(s) 'latest_only_with_trigger' retrieved from /home/airflow/.local/lib/python3.12/site-packages/airflow/example_dags/example_latest_only_with_trigger.py
[2024-11-15T05:20:30.818+0000] {logging_mixin.py:190} INFO - [2024-11-15T05:20:30.818+0000] {dag.py:3239} INFO - Sync 1 DAGs
[2024-11-15T05:20:30.852+0000] {logging_mixin.py:190} INFO - [2024-11-15T05:20:30.852+0000] {dag.py:4180} INFO - Setting next_dagrun for latest_only_with_trigger to 2024-11-15 00:00:00+00:00, run_after=2024-11-15 04:00:00+00:00
[2024-11-15T05:20:30.885+0000] {processor.py:208} INFO - Processing /home/airflow/.local/lib/python3.12/site-packages/airflow/example_dags/example_latest_only_with_trigger.py took 0.126 seconds
[2024-11-15T05:21:01.768+0000] {processor.py:186} INFO - Started process (PID=177) to work on /home/airflow/.local/lib/python3.12/site-packages/airflow/example_dags/example_latest_only_with_trigger.py
[2024-11-15T05:21:01.769+0000] {processor.py:914} INFO - Processing file /home/airflow/.local/lib/python3.12/site-packages/airflow/example_dags/example_latest_only_with_trigger.py for tasks to queue
[2024-11-15T05:21:01.772+0000] {logging_mixin.py:190} INFO - [2024-11-15T05:21:01.771+0000] {dagbag.py:588} INFO - Filling up the DagBag from /home/airflow/.local/lib/python3.12/site-packages/airflow/example_dags/example_latest_only_with_trigger.py
[2024-11-15T05:21:01.780+0000] {processor.py:925} INFO - DAG(s) 'latest_only_with_trigger' retrieved from /home/airflow/.local/lib/python3.12/site-packages/airflow/example_dags/example_latest_only_with_trigger.py
[2024-11-15T05:21:01.800+0000] {logging_mixin.py:190} INFO - [2024-11-15T05:21:01.800+0000] {dag.py:3239} INFO - Sync 1 DAGs
[2024-11-15T05:21:01.821+0000] {logging_mixin.py:190} INFO - [2024-11-15T05:21:01.821+0000] {dag.py:4180} INFO - Setting next_dagrun for latest_only_with_trigger to 2024-11-15 00:00:00+00:00, run_after=2024-11-15 04:00:00+00:00
[2024-11-15T05:21:01.846+0000] {processor.py:208} INFO - Processing /home/airflow/.local/lib/python3.12/site-packages/airflow/example_dags/example_latest_only_with_trigger.py took 0.084 seconds
[2024-11-15T05:21:32.105+0000] {processor.py:186} INFO - Started process (PID=241) to work on /home/airflow/.local/lib/python3.12/site-packages/airflow/example_dags/example_latest_only_with_trigger.py
[2024-11-15T05:21:32.107+0000] {processor.py:914} INFO - Processing file /home/airflow/.local/lib/python3.12/site-packages/airflow/example_dags/example_latest_only_with_trigger.py for tasks to queue
[2024-11-15T05:21:32.109+0000] {logging_mixin.py:190} INFO - [2024-11-15T05:21:32.109+0000] {dagbag.py:588} INFO - Filling up the DagBag from /home/airflow/.local/lib/python3.12/site-packages/airflow/example_dags/example_latest_only_with_trigger.py
[2024-11-15T05:21:32.116+0000] {processor.py:925} INFO - DAG(s) 'latest_only_with_trigger' retrieved from /home/airflow/.local/lib/python3.12/site-packages/airflow/example_dags/example_latest_only_with_trigger.py
[2024-11-15T05:21:32.135+0000] {logging_mixin.py:190} INFO - [2024-11-15T05:21:32.135+0000] {dag.py:3239} INFO - Sync 1 DAGs
[2024-11-15T05:21:32.156+0000] {logging_mixin.py:190} INFO - [2024-11-15T05:21:32.156+0000] {dag.py:4180} INFO - Setting next_dagrun for latest_only_with_trigger to 2024-11-15 00:00:00+00:00, run_after=2024-11-15 04:00:00+00:00
[2024-11-15T05:21:32.179+0000] {processor.py:208} INFO - Processing /home/airflow/.local/lib/python3.12/site-packages/airflow/example_dags/example_latest_only_with_trigger.py took 0.078 seconds
[2024-11-15T05:22:02.266+0000] {processor.py:186} INFO - Started process (PID=305) to work on /home/airflow/.local/lib/python3.12/site-packages/airflow/example_dags/example_latest_only_with_trigger.py
[2024-11-15T05:22:02.267+0000] {processor.py:914} INFO - Processing file /home/airflow/.local/lib/python3.12/site-packages/airflow/example_dags/example_latest_only_with_trigger.py for tasks to queue
[2024-11-15T05:22:02.270+0000] {logging_mixin.py:190} INFO - [2024-11-15T05:22:02.269+0000] {dagbag.py:588} INFO - Filling up the DagBag from /home/airflow/.local/lib/python3.12/site-packages/airflow/example_dags/example_latest_only_with_trigger.py
[2024-11-15T05:22:02.277+0000] {processor.py:925} INFO - DAG(s) 'latest_only_with_trigger' retrieved from /home/airflow/.local/lib/python3.12/site-packages/airflow/example_dags/example_latest_only_with_trigger.py
[2024-11-15T05:22:02.297+0000] {logging_mixin.py:190} INFO - [2024-11-15T05:22:02.296+0000] {dag.py:3239} INFO - Sync 1 DAGs
[2024-11-15T05:22:02.318+0000] {logging_mixin.py:190} INFO - [2024-11-15T05:22:02.317+0000] {dag.py:4180} INFO - Setting next_dagrun for latest_only_with_trigger to 2024-11-15 00:00:00+00:00, run_after=2024-11-15 04:00:00+00:00
[2024-11-15T05:22:02.343+0000] {processor.py:208} INFO - Processing /home/airflow/.local/lib/python3.12/site-packages/airflow/example_dags/example_latest_only_with_trigger.py took 0.082 seconds
[2024-11-15T05:22:32.456+0000] {processor.py:186} INFO - Started process (PID=369) to work on /home/airflow/.local/lib/python3.12/site-packages/airflow/example_dags/example_latest_only_with_trigger.py
[2024-11-15T05:22:32.457+0000] {processor.py:914} INFO - Processing file /home/airflow/.local/lib/python3.12/site-packages/airflow/example_dags/example_latest_only_with_trigger.py for tasks to queue
[2024-11-15T05:22:32.459+0000] {logging_mixin.py:190} INFO - [2024-11-15T05:22:32.458+0000] {dagbag.py:588} INFO - Filling up the DagBag from /home/airflow/.local/lib/python3.12/site-packages/airflow/example_dags/example_latest_only_with_trigger.py
[2024-11-15T05:22:32.466+0000] {processor.py:925} INFO - DAG(s) 'latest_only_with_trigger' retrieved from /home/airflow/.local/lib/python3.12/site-packages/airflow/example_dags/example_latest_only_with_trigger.py
[2024-11-15T05:22:32.486+0000] {logging_mixin.py:190} INFO - [2024-11-15T05:22:32.485+0000] {dag.py:3239} INFO - Sync 1 DAGs
[2024-11-15T05:22:32.508+0000] {logging_mixin.py:190} INFO - [2024-11-15T05:22:32.508+0000] {dag.py:4180} INFO - Setting next_dagrun for latest_only_with_trigger to 2024-11-15 00:00:00+00:00, run_after=2024-11-15 04:00:00+00:00
[2024-11-15T05:22:32.533+0000] {processor.py:208} INFO - Processing /home/airflow/.local/lib/python3.12/site-packages/airflow/example_dags/example_latest_only_with_trigger.py took 0.083 seconds
[2024-11-15T05:23:03.163+0000] {processor.py:186} INFO - Started process (PID=433) to work on /home/airflow/.local/lib/python3.12/site-packages/airflow/example_dags/example_latest_only_with_trigger.py
[2024-11-15T05:23:03.164+0000] {processor.py:914} INFO - Processing file /home/airflow/.local/lib/python3.12/site-packages/airflow/example_dags/example_latest_only_with_trigger.py for tasks to queue
[2024-11-15T05:23:03.166+0000] {logging_mixin.py:190} INFO - [2024-11-15T05:23:03.166+0000] {dagbag.py:588} INFO - Filling up the DagBag from /home/airflow/.local/lib/python3.12/site-packages/airflow/example_dags/example_latest_only_with_trigger.py
[2024-11-15T05:23:03.173+0000] {processor.py:925} INFO - DAG(s) 'latest_only_with_trigger' retrieved from /home/airflow/.local/lib/python3.12/site-packages/airflow/example_dags/example_latest_only_with_trigger.py
[2024-11-15T05:23:03.193+0000] {logging_mixin.py:190} INFO - [2024-11-15T05:23:03.192+0000] {dag.py:3239} INFO - Sync 1 DAGs
[2024-11-15T05:23:03.211+0000] {logging_mixin.py:190} INFO - [2024-11-15T05:23:03.211+0000] {dag.py:4180} INFO - Setting next_dagrun for latest_only_with_trigger to 2024-11-15 00:00:00+00:00, run_after=2024-11-15 04:00:00+00:00
[2024-11-15T05:23:03.234+0000] {processor.py:208} INFO - Processing /home/airflow/.local/lib/python3.12/site-packages/airflow/example_dags/example_latest_only_with_trigger.py took 0.076 seconds
