[2024-11-15T05:12:40.537+0000] {processor.py:186} INFO - Started process (PID=58) to work on /home/airflow/.local/lib/python3.12/site-packages/airflow/example_dags/example_inlet_event_extra.py
[2024-11-15T05:12:40.539+0000] {processor.py:914} INFO - Processing file /home/airflow/.local/lib/python3.12/site-packages/airflow/example_dags/example_inlet_event_extra.py for tasks to queue
[2024-11-15T05:12:40.543+0000] {logging_mixin.py:190} INFO - [2024-11-15T05:12:40.542+0000] {dagbag.py:588} INFO - Filling up the DagBag from /home/airflow/.local/lib/python3.12/site-packages/airflow/example_dags/example_inlet_event_extra.py
[2024-11-15T05:12:41.553+0000] {processor.py:925} INFO - DAG(s) 'read_dataset_event', 'read_dataset_event_from_classic' retrieved from /home/airflow/.local/lib/python3.12/site-packages/airflow/example_dags/example_inlet_event_extra.py
[2024-11-15T05:12:41.713+0000] {logging_mixin.py:190} INFO - [2024-11-15T05:12:41.712+0000] {override.py:1911} INFO - Created Permission View: can delete on DAG:read_dataset_event
[2024-11-15T05:12:41.734+0000] {logging_mixin.py:190} INFO - [2024-11-15T05:12:41.733+0000] {override.py:1911} INFO - Created Permission View: can edit on DAG:read_dataset_event
[2024-11-15T05:12:41.747+0000] {logging_mixin.py:190} INFO - [2024-11-15T05:12:41.747+0000] {override.py:1911} INFO - Created Permission View: can read on DAG:read_dataset_event
[2024-11-15T05:12:41.766+0000] {logging_mixin.py:190} INFO - [2024-11-15T05:12:41.765+0000] {override.py:1911} INFO - Created Permission View: can create on DAG Run:read_dataset_event
[2024-11-15T05:12:41.780+0000] {logging_mixin.py:190} INFO - [2024-11-15T05:12:41.779+0000] {override.py:1911} INFO - Created Permission View: can delete on DAG Run:read_dataset_event
[2024-11-15T05:12:41.796+0000] {logging_mixin.py:190} INFO - [2024-11-15T05:12:41.795+0000] {override.py:1911} INFO - Created Permission View: menu access on DAG Run:read_dataset_event
[2024-11-15T05:12:41.817+0000] {logging_mixin.py:190} INFO - [2024-11-15T05:12:41.816+0000] {override.py:1911} INFO - Created Permission View: can read on DAG Run:read_dataset_event
[2024-11-15T05:12:41.843+0000] {logging_mixin.py:190} INFO - [2024-11-15T05:12:41.842+0000] {override.py:1911} INFO - Created Permission View: can delete on DAG:read_dataset_event_from_classic
[2024-11-15T05:12:41.858+0000] {logging_mixin.py:190} INFO - [2024-11-15T05:12:41.858+0000] {override.py:1911} INFO - Created Permission View: can edit on DAG:read_dataset_event_from_classic
[2024-11-15T05:12:41.873+0000] {logging_mixin.py:190} INFO - [2024-11-15T05:12:41.872+0000] {override.py:1911} INFO - Created Permission View: can read on DAG:read_dataset_event_from_classic
[2024-11-15T05:12:41.891+0000] {logging_mixin.py:190} INFO - [2024-11-15T05:12:41.891+0000] {override.py:1911} INFO - Created Permission View: can create on DAG Run:read_dataset_event_from_classic
[2024-11-15T05:12:41.908+0000] {logging_mixin.py:190} INFO - [2024-11-15T05:12:41.908+0000] {override.py:1911} INFO - Created Permission View: can delete on DAG Run:read_dataset_event_from_classic
[2024-11-15T05:12:41.921+0000] {logging_mixin.py:190} INFO - [2024-11-15T05:12:41.921+0000] {override.py:1911} INFO - Created Permission View: menu access on DAG Run:read_dataset_event_from_classic
[2024-11-15T05:12:41.936+0000] {logging_mixin.py:190} INFO - [2024-11-15T05:12:41.936+0000] {override.py:1911} INFO - Created Permission View: can read on DAG Run:read_dataset_event_from_classic
[2024-11-15T05:12:41.937+0000] {logging_mixin.py:190} INFO - [2024-11-15T05:12:41.937+0000] {dag.py:3239} INFO - Sync 2 DAGs
[2024-11-15T05:12:41.956+0000] {logging_mixin.py:190} INFO - [2024-11-15T05:12:41.956+0000] {dag.py:3262} INFO - Creating ORM DAG for read_dataset_event
[2024-11-15T05:12:41.958+0000] {logging_mixin.py:190} INFO - [2024-11-15T05:12:41.957+0000] {dag.py:3262} INFO - Creating ORM DAG for read_dataset_event_from_classic
[2024-11-15T05:12:41.972+0000] {logging_mixin.py:190} INFO - [2024-11-15T05:12:41.971+0000] {dag.py:4180} INFO - Setting next_dagrun for read_dataset_event to 2024-11-14 00:00:00+00:00, run_after=2024-11-15 00:00:00+00:00
[2024-11-15T05:12:41.975+0000] {logging_mixin.py:190} INFO - [2024-11-15T05:12:41.974+0000] {dag.py:4180} INFO - Setting next_dagrun for read_dataset_event_from_classic to 2024-11-14 00:00:00+00:00, run_after=2024-11-15 00:00:00+00:00
[2024-11-15T05:12:42.003+0000] {processor.py:208} INFO - Processing /home/airflow/.local/lib/python3.12/site-packages/airflow/example_dags/example_inlet_event_extra.py took 1.474 seconds
[2024-11-15T05:13:12.889+0000] {processor.py:186} INFO - Started process (PID=122) to work on /home/airflow/.local/lib/python3.12/site-packages/airflow/example_dags/example_inlet_event_extra.py
[2024-11-15T05:13:12.890+0000] {processor.py:914} INFO - Processing file /home/airflow/.local/lib/python3.12/site-packages/airflow/example_dags/example_inlet_event_extra.py for tasks to queue
[2024-11-15T05:13:12.892+0000] {logging_mixin.py:190} INFO - [2024-11-15T05:13:12.892+0000] {dagbag.py:588} INFO - Filling up the DagBag from /home/airflow/.local/lib/python3.12/site-packages/airflow/example_dags/example_inlet_event_extra.py
[2024-11-15T05:13:13.792+0000] {processor.py:925} INFO - DAG(s) 'read_dataset_event_from_classic', 'read_dataset_event' retrieved from /home/airflow/.local/lib/python3.12/site-packages/airflow/example_dags/example_inlet_event_extra.py
[2024-11-15T05:13:13.821+0000] {logging_mixin.py:190} INFO - [2024-11-15T05:13:13.820+0000] {dag.py:3239} INFO - Sync 2 DAGs
[2024-11-15T05:13:13.853+0000] {logging_mixin.py:190} INFO - [2024-11-15T05:13:13.852+0000] {dag.py:4180} INFO - Setting next_dagrun for read_dataset_event to 2024-11-14 00:00:00+00:00, run_after=2024-11-15 00:00:00+00:00
[2024-11-15T05:13:13.861+0000] {logging_mixin.py:190} INFO - [2024-11-15T05:13:13.860+0000] {dag.py:4180} INFO - Setting next_dagrun for read_dataset_event_from_classic to 2024-11-14 00:00:00+00:00, run_after=2024-11-15 00:00:00+00:00
[2024-11-15T05:13:13.887+0000] {processor.py:208} INFO - Processing /home/airflow/.local/lib/python3.12/site-packages/airflow/example_dags/example_inlet_event_extra.py took 1.004 seconds
[2024-11-15T05:13:44.497+0000] {processor.py:186} INFO - Started process (PID=195) to work on /home/airflow/.local/lib/python3.12/site-packages/airflow/example_dags/example_inlet_event_extra.py
[2024-11-15T05:13:44.499+0000] {processor.py:914} INFO - Processing file /home/airflow/.local/lib/python3.12/site-packages/airflow/example_dags/example_inlet_event_extra.py for tasks to queue
[2024-11-15T05:13:44.501+0000] {logging_mixin.py:190} INFO - [2024-11-15T05:13:44.501+0000] {dagbag.py:588} INFO - Filling up the DagBag from /home/airflow/.local/lib/python3.12/site-packages/airflow/example_dags/example_inlet_event_extra.py
[2024-11-15T05:13:45.161+0000] {processor.py:925} INFO - DAG(s) 'read_dataset_event', 'read_dataset_event_from_classic' retrieved from /home/airflow/.local/lib/python3.12/site-packages/airflow/example_dags/example_inlet_event_extra.py
[2024-11-15T05:13:45.188+0000] {logging_mixin.py:190} INFO - [2024-11-15T05:13:45.188+0000] {dag.py:3239} INFO - Sync 2 DAGs
[2024-11-15T05:13:45.214+0000] {logging_mixin.py:190} INFO - [2024-11-15T05:13:45.214+0000] {dag.py:4180} INFO - Setting next_dagrun for read_dataset_event to 2024-11-14 00:00:00+00:00, run_after=2024-11-15 00:00:00+00:00
[2024-11-15T05:13:45.221+0000] {logging_mixin.py:190} INFO - [2024-11-15T05:13:45.220+0000] {dag.py:4180} INFO - Setting next_dagrun for read_dataset_event_from_classic to 2024-11-14 00:00:00+00:00, run_after=2024-11-15 00:00:00+00:00
[2024-11-15T05:13:45.246+0000] {processor.py:208} INFO - Processing /home/airflow/.local/lib/python3.12/site-packages/airflow/example_dags/example_inlet_event_extra.py took 0.754 seconds
[2024-11-15T05:14:16.047+0000] {processor.py:186} INFO - Started process (PID=259) to work on /home/airflow/.local/lib/python3.12/site-packages/airflow/example_dags/example_inlet_event_extra.py
[2024-11-15T05:14:16.048+0000] {processor.py:914} INFO - Processing file /home/airflow/.local/lib/python3.12/site-packages/airflow/example_dags/example_inlet_event_extra.py for tasks to queue
[2024-11-15T05:14:16.051+0000] {logging_mixin.py:190} INFO - [2024-11-15T05:14:16.051+0000] {dagbag.py:588} INFO - Filling up the DagBag from /home/airflow/.local/lib/python3.12/site-packages/airflow/example_dags/example_inlet_event_extra.py
[2024-11-15T05:14:16.684+0000] {processor.py:925} INFO - DAG(s) 'read_dataset_event_from_classic', 'read_dataset_event' retrieved from /home/airflow/.local/lib/python3.12/site-packages/airflow/example_dags/example_inlet_event_extra.py
[2024-11-15T05:14:16.709+0000] {logging_mixin.py:190} INFO - [2024-11-15T05:14:16.708+0000] {dag.py:3239} INFO - Sync 2 DAGs
[2024-11-15T05:14:16.738+0000] {logging_mixin.py:190} INFO - [2024-11-15T05:14:16.738+0000] {dag.py:4180} INFO - Setting next_dagrun for read_dataset_event to 2024-11-14 00:00:00+00:00, run_after=2024-11-15 00:00:00+00:00
[2024-11-15T05:14:16.744+0000] {logging_mixin.py:190} INFO - [2024-11-15T05:14:16.744+0000] {dag.py:4180} INFO - Setting next_dagrun for read_dataset_event_from_classic to 2024-11-14 00:00:00+00:00, run_after=2024-11-15 00:00:00+00:00
[2024-11-15T05:14:16.770+0000] {processor.py:208} INFO - Processing /home/airflow/.local/lib/python3.12/site-packages/airflow/example_dags/example_inlet_event_extra.py took 0.728 seconds
[2024-11-15T05:14:46.907+0000] {processor.py:186} INFO - Started process (PID=323) to work on /home/airflow/.local/lib/python3.12/site-packages/airflow/example_dags/example_inlet_event_extra.py
[2024-11-15T05:14:46.908+0000] {processor.py:914} INFO - Processing file /home/airflow/.local/lib/python3.12/site-packages/airflow/example_dags/example_inlet_event_extra.py for tasks to queue
[2024-11-15T05:14:46.910+0000] {logging_mixin.py:190} INFO - [2024-11-15T05:14:46.910+0000] {dagbag.py:588} INFO - Filling up the DagBag from /home/airflow/.local/lib/python3.12/site-packages/airflow/example_dags/example_inlet_event_extra.py
[2024-11-15T05:14:47.554+0000] {processor.py:925} INFO - DAG(s) 'read_dataset_event', 'read_dataset_event_from_classic' retrieved from /home/airflow/.local/lib/python3.12/site-packages/airflow/example_dags/example_inlet_event_extra.py
[2024-11-15T05:14:47.575+0000] {logging_mixin.py:190} INFO - [2024-11-15T05:14:47.575+0000] {dag.py:3239} INFO - Sync 2 DAGs
[2024-11-15T05:14:47.602+0000] {logging_mixin.py:190} INFO - [2024-11-15T05:14:47.601+0000] {dag.py:4180} INFO - Setting next_dagrun for read_dataset_event to 2024-11-14 00:00:00+00:00, run_after=2024-11-15 00:00:00+00:00
[2024-11-15T05:14:47.607+0000] {logging_mixin.py:190} INFO - [2024-11-15T05:14:47.606+0000] {dag.py:4180} INFO - Setting next_dagrun for read_dataset_event_from_classic to 2024-11-14 00:00:00+00:00, run_after=2024-11-15 00:00:00+00:00
[2024-11-15T05:14:47.626+0000] {processor.py:208} INFO - Processing /home/airflow/.local/lib/python3.12/site-packages/airflow/example_dags/example_inlet_event_extra.py took 0.724 seconds
[2024-11-15T05:15:18.167+0000] {processor.py:186} INFO - Started process (PID=414) to work on /home/airflow/.local/lib/python3.12/site-packages/airflow/example_dags/example_inlet_event_extra.py
[2024-11-15T05:15:18.168+0000] {processor.py:914} INFO - Processing file /home/airflow/.local/lib/python3.12/site-packages/airflow/example_dags/example_inlet_event_extra.py for tasks to queue
[2024-11-15T05:15:18.171+0000] {logging_mixin.py:190} INFO - [2024-11-15T05:15:18.171+0000] {dagbag.py:588} INFO - Filling up the DagBag from /home/airflow/.local/lib/python3.12/site-packages/airflow/example_dags/example_inlet_event_extra.py
[2024-11-15T05:15:18.860+0000] {processor.py:925} INFO - DAG(s) 'read_dataset_event_from_classic', 'read_dataset_event' retrieved from /home/airflow/.local/lib/python3.12/site-packages/airflow/example_dags/example_inlet_event_extra.py
[2024-11-15T05:15:18.886+0000] {logging_mixin.py:190} INFO - [2024-11-15T05:15:18.886+0000] {dag.py:3239} INFO - Sync 2 DAGs
[2024-11-15T05:15:18.914+0000] {logging_mixin.py:190} INFO - [2024-11-15T05:15:18.913+0000] {dag.py:4180} INFO - Setting next_dagrun for read_dataset_event to 2024-11-14 00:00:00+00:00, run_after=2024-11-15 00:00:00+00:00
[2024-11-15T05:15:18.920+0000] {logging_mixin.py:190} INFO - [2024-11-15T05:15:18.920+0000] {dag.py:4180} INFO - Setting next_dagrun for read_dataset_event_from_classic to 2024-11-14 00:00:00+00:00, run_after=2024-11-15 00:00:00+00:00
[2024-11-15T05:15:18.947+0000] {processor.py:208} INFO - Processing /home/airflow/.local/lib/python3.12/site-packages/airflow/example_dags/example_inlet_event_extra.py took 0.795 seconds
[2024-11-15T05:15:49.655+0000] {processor.py:186} INFO - Started process (PID=490) to work on /home/airflow/.local/lib/python3.12/site-packages/airflow/example_dags/example_inlet_event_extra.py
[2024-11-15T05:15:49.656+0000] {processor.py:914} INFO - Processing file /home/airflow/.local/lib/python3.12/site-packages/airflow/example_dags/example_inlet_event_extra.py for tasks to queue
[2024-11-15T05:15:49.660+0000] {logging_mixin.py:190} INFO - [2024-11-15T05:15:49.660+0000] {dagbag.py:588} INFO - Filling up the DagBag from /home/airflow/.local/lib/python3.12/site-packages/airflow/example_dags/example_inlet_event_extra.py
[2024-11-15T05:15:50.515+0000] {processor.py:925} INFO - DAG(s) 'read_dataset_event', 'read_dataset_event_from_classic' retrieved from /home/airflow/.local/lib/python3.12/site-packages/airflow/example_dags/example_inlet_event_extra.py
[2024-11-15T05:15:50.555+0000] {logging_mixin.py:190} INFO - [2024-11-15T05:15:50.554+0000] {dag.py:3239} INFO - Sync 2 DAGs
[2024-11-15T05:15:50.601+0000] {logging_mixin.py:190} INFO - [2024-11-15T05:15:50.601+0000] {dag.py:4180} INFO - Setting next_dagrun for read_dataset_event to 2024-11-14 00:00:00+00:00, run_after=2024-11-15 00:00:00+00:00
[2024-11-15T05:15:50.612+0000] {logging_mixin.py:190} INFO - [2024-11-15T05:15:50.611+0000] {dag.py:4180} INFO - Setting next_dagrun for read_dataset_event_from_classic to 2024-11-14 00:00:00+00:00, run_after=2024-11-15 00:00:00+00:00
[2024-11-15T05:15:50.643+0000] {processor.py:208} INFO - Processing /home/airflow/.local/lib/python3.12/site-packages/airflow/example_dags/example_inlet_event_extra.py took 1.004 seconds
[2024-11-15T05:16:21.161+0000] {processor.py:186} INFO - Started process (PID=554) to work on /home/airflow/.local/lib/python3.12/site-packages/airflow/example_dags/example_inlet_event_extra.py
[2024-11-15T05:16:21.163+0000] {processor.py:914} INFO - Processing file /home/airflow/.local/lib/python3.12/site-packages/airflow/example_dags/example_inlet_event_extra.py for tasks to queue
[2024-11-15T05:16:21.167+0000] {logging_mixin.py:190} INFO - [2024-11-15T05:16:21.167+0000] {dagbag.py:588} INFO - Filling up the DagBag from /home/airflow/.local/lib/python3.12/site-packages/airflow/example_dags/example_inlet_event_extra.py
[2024-11-15T05:16:21.788+0000] {processor.py:925} INFO - DAG(s) 'read_dataset_event', 'read_dataset_event_from_classic' retrieved from /home/airflow/.local/lib/python3.12/site-packages/airflow/example_dags/example_inlet_event_extra.py
[2024-11-15T05:16:21.812+0000] {logging_mixin.py:190} INFO - [2024-11-15T05:16:21.812+0000] {dag.py:3239} INFO - Sync 2 DAGs
[2024-11-15T05:16:21.842+0000] {logging_mixin.py:190} INFO - [2024-11-15T05:16:21.842+0000] {dag.py:4180} INFO - Setting next_dagrun for read_dataset_event to 2024-11-14 00:00:00+00:00, run_after=2024-11-15 00:00:00+00:00
[2024-11-15T05:16:21.848+0000] {logging_mixin.py:190} INFO - [2024-11-15T05:16:21.848+0000] {dag.py:4180} INFO - Setting next_dagrun for read_dataset_event_from_classic to 2024-11-14 00:00:00+00:00, run_after=2024-11-15 00:00:00+00:00
[2024-11-15T05:16:21.868+0000] {processor.py:208} INFO - Processing /home/airflow/.local/lib/python3.12/site-packages/airflow/example_dags/example_inlet_event_extra.py took 0.720 seconds
[2024-11-15T05:16:51.936+0000] {processor.py:186} INFO - Started process (PID=617) to work on /home/airflow/.local/lib/python3.12/site-packages/airflow/example_dags/example_inlet_event_extra.py
[2024-11-15T05:16:51.937+0000] {processor.py:914} INFO - Processing file /home/airflow/.local/lib/python3.12/site-packages/airflow/example_dags/example_inlet_event_extra.py for tasks to queue
[2024-11-15T05:16:51.939+0000] {logging_mixin.py:190} INFO - [2024-11-15T05:16:51.939+0000] {dagbag.py:588} INFO - Filling up the DagBag from /home/airflow/.local/lib/python3.12/site-packages/airflow/example_dags/example_inlet_event_extra.py
[2024-11-15T05:16:52.580+0000] {processor.py:925} INFO - DAG(s) 'read_dataset_event', 'read_dataset_event_from_classic' retrieved from /home/airflow/.local/lib/python3.12/site-packages/airflow/example_dags/example_inlet_event_extra.py
[2024-11-15T05:16:52.601+0000] {logging_mixin.py:190} INFO - [2024-11-15T05:16:52.601+0000] {dag.py:3239} INFO - Sync 2 DAGs
[2024-11-15T05:16:52.625+0000] {logging_mixin.py:190} INFO - [2024-11-15T05:16:52.625+0000] {dag.py:4180} INFO - Setting next_dagrun for read_dataset_event to 2024-11-14 00:00:00+00:00, run_after=2024-11-15 00:00:00+00:00
[2024-11-15T05:16:52.631+0000] {logging_mixin.py:190} INFO - [2024-11-15T05:16:52.630+0000] {dag.py:4180} INFO - Setting next_dagrun for read_dataset_event_from_classic to 2024-11-14 00:00:00+00:00, run_after=2024-11-15 00:00:00+00:00
[2024-11-15T05:16:52.653+0000] {processor.py:208} INFO - Processing /home/airflow/.local/lib/python3.12/site-packages/airflow/example_dags/example_inlet_event_extra.py took 0.727 seconds
[2024-11-15T05:17:23.521+0000] {processor.py:186} INFO - Started process (PID=682) to work on /home/airflow/.local/lib/python3.12/site-packages/airflow/example_dags/example_inlet_event_extra.py
[2024-11-15T05:17:23.522+0000] {processor.py:914} INFO - Processing file /home/airflow/.local/lib/python3.12/site-packages/airflow/example_dags/example_inlet_event_extra.py for tasks to queue
[2024-11-15T05:17:23.525+0000] {logging_mixin.py:190} INFO - [2024-11-15T05:17:23.525+0000] {dagbag.py:588} INFO - Filling up the DagBag from /home/airflow/.local/lib/python3.12/site-packages/airflow/example_dags/example_inlet_event_extra.py
[2024-11-15T05:17:24.029+0000] {processor.py:925} INFO - DAG(s) 'read_dataset_event', 'read_dataset_event_from_classic' retrieved from /home/airflow/.local/lib/python3.12/site-packages/airflow/example_dags/example_inlet_event_extra.py
[2024-11-15T05:17:24.056+0000] {logging_mixin.py:190} INFO - [2024-11-15T05:17:24.056+0000] {dag.py:3239} INFO - Sync 2 DAGs
[2024-11-15T05:17:24.080+0000] {logging_mixin.py:190} INFO - [2024-11-15T05:17:24.079+0000] {dag.py:4180} INFO - Setting next_dagrun for read_dataset_event to 2024-11-14 00:00:00+00:00, run_after=2024-11-15 00:00:00+00:00
[2024-11-15T05:17:24.085+0000] {logging_mixin.py:190} INFO - [2024-11-15T05:17:24.084+0000] {dag.py:4180} INFO - Setting next_dagrun for read_dataset_event_from_classic to 2024-11-14 00:00:00+00:00, run_after=2024-11-15 00:00:00+00:00
[2024-11-15T05:17:24.109+0000] {processor.py:208} INFO - Processing /home/airflow/.local/lib/python3.12/site-packages/airflow/example_dags/example_inlet_event_extra.py took 0.597 seconds
[2024-11-15T05:17:54.986+0000] {processor.py:186} INFO - Started process (PID=746) to work on /home/airflow/.local/lib/python3.12/site-packages/airflow/example_dags/example_inlet_event_extra.py
[2024-11-15T05:17:54.987+0000] {processor.py:914} INFO - Processing file /home/airflow/.local/lib/python3.12/site-packages/airflow/example_dags/example_inlet_event_extra.py for tasks to queue
[2024-11-15T05:17:54.990+0000] {logging_mixin.py:190} INFO - [2024-11-15T05:17:54.990+0000] {dagbag.py:588} INFO - Filling up the DagBag from /home/airflow/.local/lib/python3.12/site-packages/airflow/example_dags/example_inlet_event_extra.py
[2024-11-15T05:17:55.495+0000] {processor.py:925} INFO - DAG(s) 'read_dataset_event_from_classic', 'read_dataset_event' retrieved from /home/airflow/.local/lib/python3.12/site-packages/airflow/example_dags/example_inlet_event_extra.py
[2024-11-15T05:17:55.515+0000] {logging_mixin.py:190} INFO - [2024-11-15T05:17:55.514+0000] {dag.py:3239} INFO - Sync 2 DAGs
[2024-11-15T05:17:55.534+0000] {logging_mixin.py:190} INFO - [2024-11-15T05:17:55.534+0000] {dag.py:4180} INFO - Setting next_dagrun for read_dataset_event to 2024-11-14 00:00:00+00:00, run_after=2024-11-15 00:00:00+00:00
[2024-11-15T05:17:55.539+0000] {logging_mixin.py:190} INFO - [2024-11-15T05:17:55.539+0000] {dag.py:4180} INFO - Setting next_dagrun for read_dataset_event_from_classic to 2024-11-14 00:00:00+00:00, run_after=2024-11-15 00:00:00+00:00
[2024-11-15T05:17:55.563+0000] {processor.py:208} INFO - Processing /home/airflow/.local/lib/python3.12/site-packages/airflow/example_dags/example_inlet_event_extra.py took 0.585 seconds
[2024-11-15T05:20:04.212+0000] {processor.py:186} INFO - Started process (PID=58) to work on /home/airflow/.local/lib/python3.12/site-packages/airflow/example_dags/example_inlet_event_extra.py
[2024-11-15T05:20:04.213+0000] {processor.py:914} INFO - Processing file /home/airflow/.local/lib/python3.12/site-packages/airflow/example_dags/example_inlet_event_extra.py for tasks to queue
[2024-11-15T05:20:04.216+0000] {logging_mixin.py:190} INFO - [2024-11-15T05:20:04.216+0000] {dagbag.py:588} INFO - Filling up the DagBag from /home/airflow/.local/lib/python3.12/site-packages/airflow/example_dags/example_inlet_event_extra.py
[2024-11-15T05:20:05.333+0000] {processor.py:925} INFO - DAG(s) 'read_dataset_event_from_classic', 'read_dataset_event' retrieved from /home/airflow/.local/lib/python3.12/site-packages/airflow/example_dags/example_inlet_event_extra.py
[2024-11-15T05:20:05.502+0000] {logging_mixin.py:190} INFO - [2024-11-15T05:20:05.501+0000] {override.py:1911} INFO - Created Permission View: can delete on DAG:read_dataset_event_from_classic
[2024-11-15T05:20:05.524+0000] {logging_mixin.py:190} INFO - [2024-11-15T05:20:05.523+0000] {override.py:1911} INFO - Created Permission View: can edit on DAG:read_dataset_event_from_classic
[2024-11-15T05:20:05.538+0000] {logging_mixin.py:190} INFO - [2024-11-15T05:20:05.537+0000] {override.py:1911} INFO - Created Permission View: can read on DAG:read_dataset_event_from_classic
[2024-11-15T05:20:05.558+0000] {logging_mixin.py:190} INFO - [2024-11-15T05:20:05.558+0000] {override.py:1911} INFO - Created Permission View: can delete on DAG Run:read_dataset_event_from_classic
[2024-11-15T05:20:05.573+0000] {logging_mixin.py:190} INFO - [2024-11-15T05:20:05.572+0000] {override.py:1911} INFO - Created Permission View: can read on DAG Run:read_dataset_event_from_classic
[2024-11-15T05:20:05.585+0000] {logging_mixin.py:190} INFO - [2024-11-15T05:20:05.584+0000] {override.py:1911} INFO - Created Permission View: can create on DAG Run:read_dataset_event_from_classic
[2024-11-15T05:20:05.596+0000] {logging_mixin.py:190} INFO - [2024-11-15T05:20:05.595+0000] {override.py:1911} INFO - Created Permission View: menu access on DAG Run:read_dataset_event_from_classic
[2024-11-15T05:20:05.623+0000] {logging_mixin.py:190} INFO - [2024-11-15T05:20:05.623+0000] {override.py:1911} INFO - Created Permission View: can delete on DAG:read_dataset_event
[2024-11-15T05:20:05.636+0000] {logging_mixin.py:190} INFO - [2024-11-15T05:20:05.635+0000] {override.py:1911} INFO - Created Permission View: can edit on DAG:read_dataset_event
[2024-11-15T05:20:05.651+0000] {logging_mixin.py:190} INFO - [2024-11-15T05:20:05.651+0000] {override.py:1911} INFO - Created Permission View: can read on DAG:read_dataset_event
[2024-11-15T05:20:05.667+0000] {logging_mixin.py:190} INFO - [2024-11-15T05:20:05.667+0000] {override.py:1911} INFO - Created Permission View: can delete on DAG Run:read_dataset_event
[2024-11-15T05:20:05.681+0000] {logging_mixin.py:190} INFO - [2024-11-15T05:20:05.680+0000] {override.py:1911} INFO - Created Permission View: can read on DAG Run:read_dataset_event
[2024-11-15T05:20:05.694+0000] {logging_mixin.py:190} INFO - [2024-11-15T05:20:05.694+0000] {override.py:1911} INFO - Created Permission View: can create on DAG Run:read_dataset_event
[2024-11-15T05:20:05.707+0000] {logging_mixin.py:190} INFO - [2024-11-15T05:20:05.707+0000] {override.py:1911} INFO - Created Permission View: menu access on DAG Run:read_dataset_event
[2024-11-15T05:20:05.709+0000] {logging_mixin.py:190} INFO - [2024-11-15T05:20:05.708+0000] {dag.py:3239} INFO - Sync 2 DAGs
[2024-11-15T05:20:05.726+0000] {logging_mixin.py:190} INFO - [2024-11-15T05:20:05.725+0000] {dag.py:3262} INFO - Creating ORM DAG for read_dataset_event
[2024-11-15T05:20:05.727+0000] {logging_mixin.py:190} INFO - [2024-11-15T05:20:05.727+0000] {dag.py:3262} INFO - Creating ORM DAG for read_dataset_event_from_classic
[2024-11-15T05:20:05.748+0000] {logging_mixin.py:190} INFO - [2024-11-15T05:20:05.747+0000] {dag.py:4180} INFO - Setting next_dagrun for read_dataset_event to 2024-11-14 00:00:00+00:00, run_after=2024-11-15 00:00:00+00:00
[2024-11-15T05:20:05.752+0000] {logging_mixin.py:190} INFO - [2024-11-15T05:20:05.752+0000] {dag.py:4180} INFO - Setting next_dagrun for read_dataset_event_from_classic to 2024-11-14 00:00:00+00:00, run_after=2024-11-15 00:00:00+00:00
[2024-11-15T05:20:05.784+0000] {processor.py:208} INFO - Processing /home/airflow/.local/lib/python3.12/site-packages/airflow/example_dags/example_inlet_event_extra.py took 1.580 seconds
[2024-11-15T05:20:35.831+0000] {processor.py:186} INFO - Started process (PID=122) to work on /home/airflow/.local/lib/python3.12/site-packages/airflow/example_dags/example_inlet_event_extra.py
[2024-11-15T05:20:35.832+0000] {processor.py:914} INFO - Processing file /home/airflow/.local/lib/python3.12/site-packages/airflow/example_dags/example_inlet_event_extra.py for tasks to queue
[2024-11-15T05:20:35.835+0000] {logging_mixin.py:190} INFO - [2024-11-15T05:20:35.834+0000] {dagbag.py:588} INFO - Filling up the DagBag from /home/airflow/.local/lib/python3.12/site-packages/airflow/example_dags/example_inlet_event_extra.py
[2024-11-15T05:20:36.354+0000] {processor.py:925} INFO - DAG(s) 'read_dataset_event', 'read_dataset_event_from_classic' retrieved from /home/airflow/.local/lib/python3.12/site-packages/airflow/example_dags/example_inlet_event_extra.py
[2024-11-15T05:20:36.378+0000] {logging_mixin.py:190} INFO - [2024-11-15T05:20:36.378+0000] {dag.py:3239} INFO - Sync 2 DAGs
[2024-11-15T05:20:36.403+0000] {logging_mixin.py:190} INFO - [2024-11-15T05:20:36.402+0000] {dag.py:4180} INFO - Setting next_dagrun for read_dataset_event to 2024-11-14 00:00:00+00:00, run_after=2024-11-15 00:00:00+00:00
[2024-11-15T05:20:36.408+0000] {logging_mixin.py:190} INFO - [2024-11-15T05:20:36.408+0000] {dag.py:4180} INFO - Setting next_dagrun for read_dataset_event_from_classic to 2024-11-14 00:00:00+00:00, run_after=2024-11-15 00:00:00+00:00
[2024-11-15T05:20:36.428+0000] {processor.py:208} INFO - Processing /home/airflow/.local/lib/python3.12/site-packages/airflow/example_dags/example_inlet_event_extra.py took 0.602 seconds
[2024-11-15T05:21:07.020+0000] {processor.py:186} INFO - Started process (PID=187) to work on /home/airflow/.local/lib/python3.12/site-packages/airflow/example_dags/example_inlet_event_extra.py
[2024-11-15T05:21:07.026+0000] {processor.py:914} INFO - Processing file /home/airflow/.local/lib/python3.12/site-packages/airflow/example_dags/example_inlet_event_extra.py for tasks to queue
[2024-11-15T05:21:07.031+0000] {logging_mixin.py:190} INFO - [2024-11-15T05:21:07.031+0000] {dagbag.py:588} INFO - Filling up the DagBag from /home/airflow/.local/lib/python3.12/site-packages/airflow/example_dags/example_inlet_event_extra.py
[2024-11-15T05:21:07.932+0000] {processor.py:925} INFO - DAG(s) 'read_dataset_event_from_classic', 'read_dataset_event' retrieved from /home/airflow/.local/lib/python3.12/site-packages/airflow/example_dags/example_inlet_event_extra.py
[2024-11-15T05:21:07.957+0000] {logging_mixin.py:190} INFO - [2024-11-15T05:21:07.957+0000] {dag.py:3239} INFO - Sync 2 DAGs
[2024-11-15T05:21:07.992+0000] {logging_mixin.py:190} INFO - [2024-11-15T05:21:07.992+0000] {dag.py:4180} INFO - Setting next_dagrun for read_dataset_event to 2024-11-14 00:00:00+00:00, run_after=2024-11-15 00:00:00+00:00
[2024-11-15T05:21:07.999+0000] {logging_mixin.py:190} INFO - [2024-11-15T05:21:07.998+0000] {dag.py:4180} INFO - Setting next_dagrun for read_dataset_event_from_classic to 2024-11-14 00:00:00+00:00, run_after=2024-11-15 00:00:00+00:00
[2024-11-15T05:21:08.026+0000] {processor.py:208} INFO - Processing /home/airflow/.local/lib/python3.12/site-packages/airflow/example_dags/example_inlet_event_extra.py took 1.024 seconds
[2024-11-15T05:21:38.093+0000] {processor.py:186} INFO - Started process (PID=254) to work on /home/airflow/.local/lib/python3.12/site-packages/airflow/example_dags/example_inlet_event_extra.py
[2024-11-15T05:21:38.094+0000] {processor.py:914} INFO - Processing file /home/airflow/.local/lib/python3.12/site-packages/airflow/example_dags/example_inlet_event_extra.py for tasks to queue
[2024-11-15T05:21:38.097+0000] {logging_mixin.py:190} INFO - [2024-11-15T05:21:38.097+0000] {dagbag.py:588} INFO - Filling up the DagBag from /home/airflow/.local/lib/python3.12/site-packages/airflow/example_dags/example_inlet_event_extra.py
[2024-11-15T05:21:38.732+0000] {processor.py:925} INFO - DAG(s) 'read_dataset_event_from_classic', 'read_dataset_event' retrieved from /home/airflow/.local/lib/python3.12/site-packages/airflow/example_dags/example_inlet_event_extra.py
[2024-11-15T05:21:38.754+0000] {logging_mixin.py:190} INFO - [2024-11-15T05:21:38.753+0000] {dag.py:3239} INFO - Sync 2 DAGs
[2024-11-15T05:21:38.783+0000] {logging_mixin.py:190} INFO - [2024-11-15T05:21:38.783+0000] {dag.py:4180} INFO - Setting next_dagrun for read_dataset_event to 2024-11-14 00:00:00+00:00, run_after=2024-11-15 00:00:00+00:00
[2024-11-15T05:21:38.791+0000] {logging_mixin.py:190} INFO - [2024-11-15T05:21:38.790+0000] {dag.py:4180} INFO - Setting next_dagrun for read_dataset_event_from_classic to 2024-11-14 00:00:00+00:00, run_after=2024-11-15 00:00:00+00:00
[2024-11-15T05:21:38.814+0000] {processor.py:208} INFO - Processing /home/airflow/.local/lib/python3.12/site-packages/airflow/example_dags/example_inlet_event_extra.py took 0.727 seconds
[2024-11-15T05:22:08.946+0000] {processor.py:186} INFO - Started process (PID=317) to work on /home/airflow/.local/lib/python3.12/site-packages/airflow/example_dags/example_inlet_event_extra.py
[2024-11-15T05:22:08.947+0000] {processor.py:914} INFO - Processing file /home/airflow/.local/lib/python3.12/site-packages/airflow/example_dags/example_inlet_event_extra.py for tasks to queue
[2024-11-15T05:22:08.950+0000] {logging_mixin.py:190} INFO - [2024-11-15T05:22:08.950+0000] {dagbag.py:588} INFO - Filling up the DagBag from /home/airflow/.local/lib/python3.12/site-packages/airflow/example_dags/example_inlet_event_extra.py
[2024-11-15T05:22:09.568+0000] {processor.py:925} INFO - DAG(s) 'read_dataset_event', 'read_dataset_event_from_classic' retrieved from /home/airflow/.local/lib/python3.12/site-packages/airflow/example_dags/example_inlet_event_extra.py
[2024-11-15T05:22:09.594+0000] {logging_mixin.py:190} INFO - [2024-11-15T05:22:09.593+0000] {dag.py:3239} INFO - Sync 2 DAGs
[2024-11-15T05:22:09.622+0000] {logging_mixin.py:190} INFO - [2024-11-15T05:22:09.622+0000] {dag.py:4180} INFO - Setting next_dagrun for read_dataset_event to 2024-11-14 00:00:00+00:00, run_after=2024-11-15 00:00:00+00:00
[2024-11-15T05:22:09.631+0000] {logging_mixin.py:190} INFO - [2024-11-15T05:22:09.631+0000] {dag.py:4180} INFO - Setting next_dagrun for read_dataset_event_from_classic to 2024-11-14 00:00:00+00:00, run_after=2024-11-15 00:00:00+00:00
[2024-11-15T05:22:09.656+0000] {processor.py:208} INFO - Processing /home/airflow/.local/lib/python3.12/site-packages/airflow/example_dags/example_inlet_event_extra.py took 0.721 seconds
[2024-11-15T05:22:40.240+0000] {processor.py:186} INFO - Started process (PID=381) to work on /home/airflow/.local/lib/python3.12/site-packages/airflow/example_dags/example_inlet_event_extra.py
[2024-11-15T05:22:40.241+0000] {processor.py:914} INFO - Processing file /home/airflow/.local/lib/python3.12/site-packages/airflow/example_dags/example_inlet_event_extra.py for tasks to queue
[2024-11-15T05:22:40.244+0000] {logging_mixin.py:190} INFO - [2024-11-15T05:22:40.243+0000] {dagbag.py:588} INFO - Filling up the DagBag from /home/airflow/.local/lib/python3.12/site-packages/airflow/example_dags/example_inlet_event_extra.py
[2024-11-15T05:22:40.842+0000] {processor.py:925} INFO - DAG(s) 'read_dataset_event', 'read_dataset_event_from_classic' retrieved from /home/airflow/.local/lib/python3.12/site-packages/airflow/example_dags/example_inlet_event_extra.py
[2024-11-15T05:22:40.865+0000] {logging_mixin.py:190} INFO - [2024-11-15T05:22:40.865+0000] {dag.py:3239} INFO - Sync 2 DAGs
[2024-11-15T05:22:40.890+0000] {logging_mixin.py:190} INFO - [2024-11-15T05:22:40.890+0000] {dag.py:4180} INFO - Setting next_dagrun for read_dataset_event to 2024-11-14 00:00:00+00:00, run_after=2024-11-15 00:00:00+00:00
[2024-11-15T05:22:40.896+0000] {logging_mixin.py:190} INFO - [2024-11-15T05:22:40.896+0000] {dag.py:4180} INFO - Setting next_dagrun for read_dataset_event_from_classic to 2024-11-14 00:00:00+00:00, run_after=2024-11-15 00:00:00+00:00
[2024-11-15T05:22:40.919+0000] {processor.py:208} INFO - Processing /home/airflow/.local/lib/python3.12/site-packages/airflow/example_dags/example_inlet_event_extra.py took 0.684 seconds
