[2024-11-15T05:12:42.830+0000] {processor.py:186} INFO - Started process (PID=63) to work on /home/airflow/.local/lib/python3.12/site-packages/airflow/example_dags/example_setup_teardown.py
[2024-11-15T05:12:42.832+0000] {processor.py:914} INFO - Processing file /home/airflow/.local/lib/python3.12/site-packages/airflow/example_dags/example_setup_teardown.py for tasks to queue
[2024-11-15T05:12:42.836+0000] {logging_mixin.py:190} INFO - [2024-11-15T05:12:42.836+0000] {dagbag.py:588} INFO - Filling up the DagBag from /home/airflow/.local/lib/python3.12/site-packages/airflow/example_dags/example_setup_teardown.py
[2024-11-15T05:12:42.853+0000] {processor.py:925} INFO - DAG(s) 'example_setup_teardown' retrieved from /home/airflow/.local/lib/python3.12/site-packages/airflow/example_dags/example_setup_teardown.py
[2024-11-15T05:12:43.045+0000] {logging_mixin.py:190} INFO - [2024-11-15T05:12:43.043+0000] {override.py:1911} INFO - Created Permission View: can delete on DAG:example_setup_teardown
[2024-11-15T05:12:43.064+0000] {logging_mixin.py:190} INFO - [2024-11-15T05:12:43.064+0000] {override.py:1911} INFO - Created Permission View: can edit on DAG:example_setup_teardown
[2024-11-15T05:12:43.084+0000] {logging_mixin.py:190} INFO - [2024-11-15T05:12:43.083+0000] {override.py:1911} INFO - Created Permission View: can read on DAG:example_setup_teardown
[2024-11-15T05:12:43.102+0000] {logging_mixin.py:190} INFO - [2024-11-15T05:12:43.102+0000] {override.py:1911} INFO - Created Permission View: can create on DAG Run:example_setup_teardown
[2024-11-15T05:12:43.116+0000] {logging_mixin.py:190} INFO - [2024-11-15T05:12:43.116+0000] {override.py:1911} INFO - Created Permission View: can delete on DAG Run:example_setup_teardown
[2024-11-15T05:12:43.131+0000] {logging_mixin.py:190} INFO - [2024-11-15T05:12:43.131+0000] {override.py:1911} INFO - Created Permission View: menu access on DAG Run:example_setup_teardown
[2024-11-15T05:12:43.146+0000] {logging_mixin.py:190} INFO - [2024-11-15T05:12:43.145+0000] {override.py:1911} INFO - Created Permission View: can read on DAG Run:example_setup_teardown
[2024-11-15T05:12:43.147+0000] {logging_mixin.py:190} INFO - [2024-11-15T05:12:43.147+0000] {dag.py:3239} INFO - Sync 1 DAGs
[2024-11-15T05:12:43.171+0000] {logging_mixin.py:190} INFO - [2024-11-15T05:12:43.170+0000] {dag.py:3262} INFO - Creating ORM DAG for example_setup_teardown
[2024-11-15T05:12:43.172+0000] {logging_mixin.py:190} INFO - [2024-11-15T05:12:43.172+0000] {dag.py:4180} INFO - Setting next_dagrun for example_setup_teardown to None, run_after=None
[2024-11-15T05:12:43.205+0000] {processor.py:208} INFO - Processing /home/airflow/.local/lib/python3.12/site-packages/airflow/example_dags/example_setup_teardown.py took 0.384 seconds
[2024-11-15T05:13:14.226+0000] {processor.py:186} INFO - Started process (PID=127) to work on /home/airflow/.local/lib/python3.12/site-packages/airflow/example_dags/example_setup_teardown.py
[2024-11-15T05:13:14.228+0000] {processor.py:914} INFO - Processing file /home/airflow/.local/lib/python3.12/site-packages/airflow/example_dags/example_setup_teardown.py for tasks to queue
[2024-11-15T05:13:14.233+0000] {logging_mixin.py:190} INFO - [2024-11-15T05:13:14.231+0000] {dagbag.py:588} INFO - Filling up the DagBag from /home/airflow/.local/lib/python3.12/site-packages/airflow/example_dags/example_setup_teardown.py
[2024-11-15T05:13:14.247+0000] {processor.py:925} INFO - DAG(s) 'example_setup_teardown' retrieved from /home/airflow/.local/lib/python3.12/site-packages/airflow/example_dags/example_setup_teardown.py
[2024-11-15T05:13:14.273+0000] {logging_mixin.py:190} INFO - [2024-11-15T05:13:14.273+0000] {dag.py:3239} INFO - Sync 1 DAGs
[2024-11-15T05:13:14.292+0000] {logging_mixin.py:190} INFO - [2024-11-15T05:13:14.292+0000] {dag.py:4180} INFO - Setting next_dagrun for example_setup_teardown to None, run_after=None
[2024-11-15T05:13:14.316+0000] {processor.py:208} INFO - Processing /home/airflow/.local/lib/python3.12/site-packages/airflow/example_dags/example_setup_teardown.py took 0.101 seconds
[2024-11-15T05:13:45.567+0000] {processor.py:186} INFO - Started process (PID=200) to work on /home/airflow/.local/lib/python3.12/site-packages/airflow/example_dags/example_setup_teardown.py
[2024-11-15T05:13:45.568+0000] {processor.py:914} INFO - Processing file /home/airflow/.local/lib/python3.12/site-packages/airflow/example_dags/example_setup_teardown.py for tasks to queue
[2024-11-15T05:13:45.571+0000] {logging_mixin.py:190} INFO - [2024-11-15T05:13:45.571+0000] {dagbag.py:588} INFO - Filling up the DagBag from /home/airflow/.local/lib/python3.12/site-packages/airflow/example_dags/example_setup_teardown.py
[2024-11-15T05:13:45.585+0000] {processor.py:925} INFO - DAG(s) 'example_setup_teardown' retrieved from /home/airflow/.local/lib/python3.12/site-packages/airflow/example_dags/example_setup_teardown.py
[2024-11-15T05:13:45.672+0000] {logging_mixin.py:190} INFO - [2024-11-15T05:13:45.672+0000] {dag.py:3239} INFO - Sync 1 DAGs
[2024-11-15T05:13:45.697+0000] {logging_mixin.py:190} INFO - [2024-11-15T05:13:45.697+0000] {dag.py:4180} INFO - Setting next_dagrun for example_setup_teardown to None, run_after=None
[2024-11-15T05:13:45.723+0000] {processor.py:208} INFO - Processing /home/airflow/.local/lib/python3.12/site-packages/airflow/example_dags/example_setup_teardown.py took 0.164 seconds
[2024-11-15T05:14:17.098+0000] {processor.py:186} INFO - Started process (PID=264) to work on /home/airflow/.local/lib/python3.12/site-packages/airflow/example_dags/example_setup_teardown.py
[2024-11-15T05:14:17.100+0000] {processor.py:914} INFO - Processing file /home/airflow/.local/lib/python3.12/site-packages/airflow/example_dags/example_setup_teardown.py for tasks to queue
[2024-11-15T05:14:17.103+0000] {logging_mixin.py:190} INFO - [2024-11-15T05:14:17.103+0000] {dagbag.py:588} INFO - Filling up the DagBag from /home/airflow/.local/lib/python3.12/site-packages/airflow/example_dags/example_setup_teardown.py
[2024-11-15T05:14:17.115+0000] {processor.py:925} INFO - DAG(s) 'example_setup_teardown' retrieved from /home/airflow/.local/lib/python3.12/site-packages/airflow/example_dags/example_setup_teardown.py
[2024-11-15T05:14:17.142+0000] {logging_mixin.py:190} INFO - [2024-11-15T05:14:17.141+0000] {dag.py:3239} INFO - Sync 1 DAGs
[2024-11-15T05:14:17.160+0000] {logging_mixin.py:190} INFO - [2024-11-15T05:14:17.160+0000] {dag.py:4180} INFO - Setting next_dagrun for example_setup_teardown to None, run_after=None
[2024-11-15T05:14:17.190+0000] {processor.py:208} INFO - Processing /home/airflow/.local/lib/python3.12/site-packages/airflow/example_dags/example_setup_teardown.py took 0.099 seconds
[2024-11-15T05:14:47.903+0000] {processor.py:186} INFO - Started process (PID=328) to work on /home/airflow/.local/lib/python3.12/site-packages/airflow/example_dags/example_setup_teardown.py
[2024-11-15T05:14:47.904+0000] {processor.py:914} INFO - Processing file /home/airflow/.local/lib/python3.12/site-packages/airflow/example_dags/example_setup_teardown.py for tasks to queue
[2024-11-15T05:14:47.907+0000] {logging_mixin.py:190} INFO - [2024-11-15T05:14:47.906+0000] {dagbag.py:588} INFO - Filling up the DagBag from /home/airflow/.local/lib/python3.12/site-packages/airflow/example_dags/example_setup_teardown.py
[2024-11-15T05:14:47.917+0000] {processor.py:925} INFO - DAG(s) 'example_setup_teardown' retrieved from /home/airflow/.local/lib/python3.12/site-packages/airflow/example_dags/example_setup_teardown.py
[2024-11-15T05:14:47.943+0000] {logging_mixin.py:190} INFO - [2024-11-15T05:14:47.943+0000] {dag.py:3239} INFO - Sync 1 DAGs
[2024-11-15T05:14:47.959+0000] {logging_mixin.py:190} INFO - [2024-11-15T05:14:47.959+0000] {dag.py:4180} INFO - Setting next_dagrun for example_setup_teardown to None, run_after=None
[2024-11-15T05:14:47.986+0000] {processor.py:208} INFO - Processing /home/airflow/.local/lib/python3.12/site-packages/airflow/example_dags/example_setup_teardown.py took 0.090 seconds
[2024-11-15T05:15:19.271+0000] {processor.py:186} INFO - Started process (PID=419) to work on /home/airflow/.local/lib/python3.12/site-packages/airflow/example_dags/example_setup_teardown.py
[2024-11-15T05:15:19.272+0000] {processor.py:914} INFO - Processing file /home/airflow/.local/lib/python3.12/site-packages/airflow/example_dags/example_setup_teardown.py for tasks to queue
[2024-11-15T05:15:19.275+0000] {logging_mixin.py:190} INFO - [2024-11-15T05:15:19.275+0000] {dagbag.py:588} INFO - Filling up the DagBag from /home/airflow/.local/lib/python3.12/site-packages/airflow/example_dags/example_setup_teardown.py
[2024-11-15T05:15:19.285+0000] {processor.py:925} INFO - DAG(s) 'example_setup_teardown' retrieved from /home/airflow/.local/lib/python3.12/site-packages/airflow/example_dags/example_setup_teardown.py
[2024-11-15T05:15:19.312+0000] {logging_mixin.py:190} INFO - [2024-11-15T05:15:19.311+0000] {dag.py:3239} INFO - Sync 1 DAGs
[2024-11-15T05:15:19.328+0000] {logging_mixin.py:190} INFO - [2024-11-15T05:15:19.328+0000] {dag.py:4180} INFO - Setting next_dagrun for example_setup_teardown to None, run_after=None
[2024-11-15T05:15:19.359+0000] {processor.py:208} INFO - Processing /home/airflow/.local/lib/python3.12/site-packages/airflow/example_dags/example_setup_teardown.py took 0.099 seconds
[2024-11-15T05:15:51.007+0000] {processor.py:186} INFO - Started process (PID=495) to work on /home/airflow/.local/lib/python3.12/site-packages/airflow/example_dags/example_setup_teardown.py
[2024-11-15T05:15:51.008+0000] {processor.py:914} INFO - Processing file /home/airflow/.local/lib/python3.12/site-packages/airflow/example_dags/example_setup_teardown.py for tasks to queue
[2024-11-15T05:15:51.012+0000] {logging_mixin.py:190} INFO - [2024-11-15T05:15:51.011+0000] {dagbag.py:588} INFO - Filling up the DagBag from /home/airflow/.local/lib/python3.12/site-packages/airflow/example_dags/example_setup_teardown.py
[2024-11-15T05:15:51.025+0000] {processor.py:925} INFO - DAG(s) 'example_setup_teardown' retrieved from /home/airflow/.local/lib/python3.12/site-packages/airflow/example_dags/example_setup_teardown.py
[2024-11-15T05:15:51.061+0000] {logging_mixin.py:190} INFO - [2024-11-15T05:15:51.060+0000] {dag.py:3239} INFO - Sync 1 DAGs
[2024-11-15T05:15:51.082+0000] {logging_mixin.py:190} INFO - [2024-11-15T05:15:51.081+0000] {dag.py:4180} INFO - Setting next_dagrun for example_setup_teardown to None, run_after=None
[2024-11-15T05:15:51.119+0000] {processor.py:208} INFO - Processing /home/airflow/.local/lib/python3.12/site-packages/airflow/example_dags/example_setup_teardown.py took 0.126 seconds
[2024-11-15T05:16:22.131+0000] {processor.py:186} INFO - Started process (PID=559) to work on /home/airflow/.local/lib/python3.12/site-packages/airflow/example_dags/example_setup_teardown.py
[2024-11-15T05:16:22.132+0000] {processor.py:914} INFO - Processing file /home/airflow/.local/lib/python3.12/site-packages/airflow/example_dags/example_setup_teardown.py for tasks to queue
[2024-11-15T05:16:22.135+0000] {logging_mixin.py:190} INFO - [2024-11-15T05:16:22.135+0000] {dagbag.py:588} INFO - Filling up the DagBag from /home/airflow/.local/lib/python3.12/site-packages/airflow/example_dags/example_setup_teardown.py
[2024-11-15T05:16:22.143+0000] {processor.py:925} INFO - DAG(s) 'example_setup_teardown' retrieved from /home/airflow/.local/lib/python3.12/site-packages/airflow/example_dags/example_setup_teardown.py
[2024-11-15T05:16:22.165+0000] {logging_mixin.py:190} INFO - [2024-11-15T05:16:22.165+0000] {dag.py:3239} INFO - Sync 1 DAGs
[2024-11-15T05:16:22.180+0000] {logging_mixin.py:190} INFO - [2024-11-15T05:16:22.180+0000] {dag.py:4180} INFO - Setting next_dagrun for example_setup_teardown to None, run_after=None
[2024-11-15T05:16:22.202+0000] {processor.py:208} INFO - Processing /home/airflow/.local/lib/python3.12/site-packages/airflow/example_dags/example_setup_teardown.py took 0.079 seconds
[2024-11-15T05:16:53.073+0000] {processor.py:186} INFO - Started process (PID=623) to work on /home/airflow/.local/lib/python3.12/site-packages/airflow/example_dags/example_setup_teardown.py
[2024-11-15T05:16:53.074+0000] {processor.py:914} INFO - Processing file /home/airflow/.local/lib/python3.12/site-packages/airflow/example_dags/example_setup_teardown.py for tasks to queue
[2024-11-15T05:16:53.077+0000] {logging_mixin.py:190} INFO - [2024-11-15T05:16:53.076+0000] {dagbag.py:588} INFO - Filling up the DagBag from /home/airflow/.local/lib/python3.12/site-packages/airflow/example_dags/example_setup_teardown.py
[2024-11-15T05:16:53.085+0000] {processor.py:925} INFO - DAG(s) 'example_setup_teardown' retrieved from /home/airflow/.local/lib/python3.12/site-packages/airflow/example_dags/example_setup_teardown.py
[2024-11-15T05:16:53.104+0000] {logging_mixin.py:190} INFO - [2024-11-15T05:16:53.104+0000] {dag.py:3239} INFO - Sync 1 DAGs
[2024-11-15T05:16:53.122+0000] {logging_mixin.py:190} INFO - [2024-11-15T05:16:53.122+0000] {dag.py:4180} INFO - Setting next_dagrun for example_setup_teardown to None, run_after=None
[2024-11-15T05:16:53.146+0000] {processor.py:208} INFO - Processing /home/airflow/.local/lib/python3.12/site-packages/airflow/example_dags/example_setup_teardown.py took 0.081 seconds
[2024-11-15T05:17:24.439+0000] {processor.py:186} INFO - Started process (PID=687) to work on /home/airflow/.local/lib/python3.12/site-packages/airflow/example_dags/example_setup_teardown.py
[2024-11-15T05:17:24.440+0000] {processor.py:914} INFO - Processing file /home/airflow/.local/lib/python3.12/site-packages/airflow/example_dags/example_setup_teardown.py for tasks to queue
[2024-11-15T05:17:24.443+0000] {logging_mixin.py:190} INFO - [2024-11-15T05:17:24.443+0000] {dagbag.py:588} INFO - Filling up the DagBag from /home/airflow/.local/lib/python3.12/site-packages/airflow/example_dags/example_setup_teardown.py
[2024-11-15T05:17:24.453+0000] {processor.py:925} INFO - DAG(s) 'example_setup_teardown' retrieved from /home/airflow/.local/lib/python3.12/site-packages/airflow/example_dags/example_setup_teardown.py
[2024-11-15T05:17:24.478+0000] {logging_mixin.py:190} INFO - [2024-11-15T05:17:24.477+0000] {dag.py:3239} INFO - Sync 1 DAGs
[2024-11-15T05:17:24.491+0000] {logging_mixin.py:190} INFO - [2024-11-15T05:17:24.491+0000] {dag.py:4180} INFO - Setting next_dagrun for example_setup_teardown to None, run_after=None
[2024-11-15T05:17:24.510+0000] {processor.py:208} INFO - Processing /home/airflow/.local/lib/python3.12/site-packages/airflow/example_dags/example_setup_teardown.py took 0.089 seconds
[2024-11-15T05:17:55.835+0000] {processor.py:186} INFO - Started process (PID=751) to work on /home/airflow/.local/lib/python3.12/site-packages/airflow/example_dags/example_setup_teardown.py
[2024-11-15T05:17:55.836+0000] {processor.py:914} INFO - Processing file /home/airflow/.local/lib/python3.12/site-packages/airflow/example_dags/example_setup_teardown.py for tasks to queue
[2024-11-15T05:17:55.839+0000] {logging_mixin.py:190} INFO - [2024-11-15T05:17:55.839+0000] {dagbag.py:588} INFO - Filling up the DagBag from /home/airflow/.local/lib/python3.12/site-packages/airflow/example_dags/example_setup_teardown.py
[2024-11-15T05:17:55.848+0000] {processor.py:925} INFO - DAG(s) 'example_setup_teardown' retrieved from /home/airflow/.local/lib/python3.12/site-packages/airflow/example_dags/example_setup_teardown.py
[2024-11-15T05:17:55.870+0000] {logging_mixin.py:190} INFO - [2024-11-15T05:17:55.870+0000] {dag.py:3239} INFO - Sync 1 DAGs
[2024-11-15T05:17:55.882+0000] {logging_mixin.py:190} INFO - [2024-11-15T05:17:55.882+0000] {dag.py:4180} INFO - Setting next_dagrun for example_setup_teardown to None, run_after=None
[2024-11-15T05:17:55.906+0000] {processor.py:208} INFO - Processing /home/airflow/.local/lib/python3.12/site-packages/airflow/example_dags/example_setup_teardown.py took 0.079 seconds
[2024-11-15T05:20:06.220+0000] {processor.py:186} INFO - Started process (PID=63) to work on /home/airflow/.local/lib/python3.12/site-packages/airflow/example_dags/example_setup_teardown.py
[2024-11-15T05:20:06.222+0000] {processor.py:914} INFO - Processing file /home/airflow/.local/lib/python3.12/site-packages/airflow/example_dags/example_setup_teardown.py for tasks to queue
[2024-11-15T05:20:06.227+0000] {logging_mixin.py:190} INFO - [2024-11-15T05:20:06.227+0000] {dagbag.py:588} INFO - Filling up the DagBag from /home/airflow/.local/lib/python3.12/site-packages/airflow/example_dags/example_setup_teardown.py
[2024-11-15T05:20:06.240+0000] {processor.py:925} INFO - DAG(s) 'example_setup_teardown' retrieved from /home/airflow/.local/lib/python3.12/site-packages/airflow/example_dags/example_setup_teardown.py
[2024-11-15T05:20:06.435+0000] {logging_mixin.py:190} INFO - [2024-11-15T05:20:06.434+0000] {override.py:1911} INFO - Created Permission View: can delete on DAG:example_setup_teardown
[2024-11-15T05:20:06.488+0000] {logging_mixin.py:190} INFO - [2024-11-15T05:20:06.487+0000] {override.py:1911} INFO - Created Permission View: can edit on DAG:example_setup_teardown
[2024-11-15T05:20:06.505+0000] {logging_mixin.py:190} INFO - [2024-11-15T05:20:06.504+0000] {override.py:1911} INFO - Created Permission View: can read on DAG:example_setup_teardown
[2024-11-15T05:20:06.535+0000] {logging_mixin.py:190} INFO - [2024-11-15T05:20:06.534+0000] {override.py:1911} INFO - Created Permission View: can delete on DAG Run:example_setup_teardown
[2024-11-15T05:20:06.549+0000] {logging_mixin.py:190} INFO - [2024-11-15T05:20:06.549+0000] {override.py:1911} INFO - Created Permission View: can read on DAG Run:example_setup_teardown
[2024-11-15T05:20:06.572+0000] {logging_mixin.py:190} INFO - [2024-11-15T05:20:06.571+0000] {override.py:1911} INFO - Created Permission View: can create on DAG Run:example_setup_teardown
[2024-11-15T05:20:06.589+0000] {logging_mixin.py:190} INFO - [2024-11-15T05:20:06.588+0000] {override.py:1911} INFO - Created Permission View: menu access on DAG Run:example_setup_teardown
[2024-11-15T05:20:06.590+0000] {logging_mixin.py:190} INFO - [2024-11-15T05:20:06.589+0000] {dag.py:3239} INFO - Sync 1 DAGs
[2024-11-15T05:20:06.608+0000] {logging_mixin.py:190} INFO - [2024-11-15T05:20:06.608+0000] {dag.py:3262} INFO - Creating ORM DAG for example_setup_teardown
[2024-11-15T05:20:06.610+0000] {logging_mixin.py:190} INFO - [2024-11-15T05:20:06.610+0000] {dag.py:4180} INFO - Setting next_dagrun for example_setup_teardown to None, run_after=None
[2024-11-15T05:20:06.640+0000] {processor.py:208} INFO - Processing /home/airflow/.local/lib/python3.12/site-packages/airflow/example_dags/example_setup_teardown.py took 0.427 seconds
[2024-11-15T05:20:36.788+0000] {processor.py:186} INFO - Started process (PID=127) to work on /home/airflow/.local/lib/python3.12/site-packages/airflow/example_dags/example_setup_teardown.py
[2024-11-15T05:20:36.790+0000] {processor.py:914} INFO - Processing file /home/airflow/.local/lib/python3.12/site-packages/airflow/example_dags/example_setup_teardown.py for tasks to queue
[2024-11-15T05:20:36.794+0000] {logging_mixin.py:190} INFO - [2024-11-15T05:20:36.794+0000] {dagbag.py:588} INFO - Filling up the DagBag from /home/airflow/.local/lib/python3.12/site-packages/airflow/example_dags/example_setup_teardown.py
[2024-11-15T05:20:36.805+0000] {processor.py:925} INFO - DAG(s) 'example_setup_teardown' retrieved from /home/airflow/.local/lib/python3.12/site-packages/airflow/example_dags/example_setup_teardown.py
[2024-11-15T05:20:36.836+0000] {logging_mixin.py:190} INFO - [2024-11-15T05:20:36.836+0000] {dag.py:3239} INFO - Sync 1 DAGs
[2024-11-15T05:20:36.855+0000] {logging_mixin.py:190} INFO - [2024-11-15T05:20:36.855+0000] {dag.py:4180} INFO - Setting next_dagrun for example_setup_teardown to None, run_after=None
[2024-11-15T05:20:36.950+0000] {processor.py:208} INFO - Processing /home/airflow/.local/lib/python3.12/site-packages/airflow/example_dags/example_setup_teardown.py took 0.170 seconds
[2024-11-15T05:21:07.600+0000] {processor.py:186} INFO - Started process (PID=191) to work on /home/airflow/.local/lib/python3.12/site-packages/airflow/example_dags/example_setup_teardown.py
[2024-11-15T05:21:07.602+0000] {processor.py:914} INFO - Processing file /home/airflow/.local/lib/python3.12/site-packages/airflow/example_dags/example_setup_teardown.py for tasks to queue
[2024-11-15T05:21:07.607+0000] {logging_mixin.py:190} INFO - [2024-11-15T05:21:07.606+0000] {dagbag.py:588} INFO - Filling up the DagBag from /home/airflow/.local/lib/python3.12/site-packages/airflow/example_dags/example_setup_teardown.py
[2024-11-15T05:21:07.618+0000] {processor.py:925} INFO - DAG(s) 'example_setup_teardown' retrieved from /home/airflow/.local/lib/python3.12/site-packages/airflow/example_dags/example_setup_teardown.py
[2024-11-15T05:21:07.650+0000] {logging_mixin.py:190} INFO - [2024-11-15T05:21:07.649+0000] {dag.py:3239} INFO - Sync 1 DAGs
[2024-11-15T05:21:07.673+0000] {logging_mixin.py:190} INFO - [2024-11-15T05:21:07.673+0000] {dag.py:4180} INFO - Setting next_dagrun for example_setup_teardown to None, run_after=None
[2024-11-15T05:21:07.710+0000] {processor.py:208} INFO - Processing /home/airflow/.local/lib/python3.12/site-packages/airflow/example_dags/example_setup_teardown.py took 0.117 seconds
[2024-11-15T05:21:38.578+0000] {processor.py:186} INFO - Started process (PID=255) to work on /home/airflow/.local/lib/python3.12/site-packages/airflow/example_dags/example_setup_teardown.py
[2024-11-15T05:21:38.579+0000] {processor.py:914} INFO - Processing file /home/airflow/.local/lib/python3.12/site-packages/airflow/example_dags/example_setup_teardown.py for tasks to queue
[2024-11-15T05:21:38.582+0000] {logging_mixin.py:190} INFO - [2024-11-15T05:21:38.582+0000] {dagbag.py:588} INFO - Filling up the DagBag from /home/airflow/.local/lib/python3.12/site-packages/airflow/example_dags/example_setup_teardown.py
[2024-11-15T05:21:38.592+0000] {processor.py:925} INFO - DAG(s) 'example_setup_teardown' retrieved from /home/airflow/.local/lib/python3.12/site-packages/airflow/example_dags/example_setup_teardown.py
[2024-11-15T05:21:38.611+0000] {logging_mixin.py:190} INFO - [2024-11-15T05:21:38.611+0000] {dag.py:3239} INFO - Sync 1 DAGs
[2024-11-15T05:21:38.626+0000] {logging_mixin.py:190} INFO - [2024-11-15T05:21:38.626+0000] {dag.py:4180} INFO - Setting next_dagrun for example_setup_teardown to None, run_after=None
[2024-11-15T05:21:38.649+0000] {processor.py:208} INFO - Processing /home/airflow/.local/lib/python3.12/site-packages/airflow/example_dags/example_setup_teardown.py took 0.078 seconds
[2024-11-15T05:22:09.714+0000] {processor.py:186} INFO - Started process (PID=319) to work on /home/airflow/.local/lib/python3.12/site-packages/airflow/example_dags/example_setup_teardown.py
[2024-11-15T05:22:09.715+0000] {processor.py:914} INFO - Processing file /home/airflow/.local/lib/python3.12/site-packages/airflow/example_dags/example_setup_teardown.py for tasks to queue
[2024-11-15T05:22:09.718+0000] {logging_mixin.py:190} INFO - [2024-11-15T05:22:09.718+0000] {dagbag.py:588} INFO - Filling up the DagBag from /home/airflow/.local/lib/python3.12/site-packages/airflow/example_dags/example_setup_teardown.py
[2024-11-15T05:22:09.727+0000] {processor.py:925} INFO - DAG(s) 'example_setup_teardown' retrieved from /home/airflow/.local/lib/python3.12/site-packages/airflow/example_dags/example_setup_teardown.py
[2024-11-15T05:22:09.747+0000] {logging_mixin.py:190} INFO - [2024-11-15T05:22:09.747+0000] {dag.py:3239} INFO - Sync 1 DAGs
[2024-11-15T05:22:09.762+0000] {logging_mixin.py:190} INFO - [2024-11-15T05:22:09.762+0000] {dag.py:4180} INFO - Setting next_dagrun for example_setup_teardown to None, run_after=None
[2024-11-15T05:22:09.787+0000] {processor.py:208} INFO - Processing /home/airflow/.local/lib/python3.12/site-packages/airflow/example_dags/example_setup_teardown.py took 0.078 seconds
[2024-11-15T05:22:41.002+0000] {processor.py:186} INFO - Started process (PID=383) to work on /home/airflow/.local/lib/python3.12/site-packages/airflow/example_dags/example_setup_teardown.py
[2024-11-15T05:22:41.004+0000] {processor.py:914} INFO - Processing file /home/airflow/.local/lib/python3.12/site-packages/airflow/example_dags/example_setup_teardown.py for tasks to queue
[2024-11-15T05:22:41.007+0000] {logging_mixin.py:190} INFO - [2024-11-15T05:22:41.007+0000] {dagbag.py:588} INFO - Filling up the DagBag from /home/airflow/.local/lib/python3.12/site-packages/airflow/example_dags/example_setup_teardown.py
[2024-11-15T05:22:41.017+0000] {processor.py:925} INFO - DAG(s) 'example_setup_teardown' retrieved from /home/airflow/.local/lib/python3.12/site-packages/airflow/example_dags/example_setup_teardown.py
[2024-11-15T05:22:41.040+0000] {logging_mixin.py:190} INFO - [2024-11-15T05:22:41.040+0000] {dag.py:3239} INFO - Sync 1 DAGs
[2024-11-15T05:22:41.056+0000] {logging_mixin.py:190} INFO - [2024-11-15T05:22:41.056+0000] {dag.py:4180} INFO - Setting next_dagrun for example_setup_teardown to None, run_after=None
[2024-11-15T05:22:41.087+0000] {processor.py:208} INFO - Processing /home/airflow/.local/lib/python3.12/site-packages/airflow/example_dags/example_setup_teardown.py took 0.091 seconds
