[2024-11-15T05:12:50.775+0000] {processor.py:186} INFO - Started process (PID=92) to work on /home/airflow/.local/lib/python3.12/site-packages/airflow/example_dags/example_bash_operator.py
[2024-11-15T05:12:50.776+0000] {processor.py:914} INFO - Processing file /home/airflow/.local/lib/python3.12/site-packages/airflow/example_dags/example_bash_operator.py for tasks to queue
[2024-11-15T05:12:50.779+0000] {logging_mixin.py:190} INFO - [2024-11-15T05:12:50.779+0000] {dagbag.py:588} INFO - Filling up the DagBag from /home/airflow/.local/lib/python3.12/site-packages/airflow/example_dags/example_bash_operator.py
[2024-11-15T05:12:50.801+0000] {processor.py:925} INFO - DAG(s) 'example_bash_operator' retrieved from /home/airflow/.local/lib/python3.12/site-packages/airflow/example_dags/example_bash_operator.py
[2024-11-15T05:12:51.030+0000] {logging_mixin.py:190} INFO - [2024-11-15T05:12:51.029+0000] {override.py:1911} INFO - Created Permission View: can delete on DAG:example_bash_operator
[2024-11-15T05:12:51.047+0000] {logging_mixin.py:190} INFO - [2024-11-15T05:12:51.047+0000] {override.py:1911} INFO - Created Permission View: can edit on DAG:example_bash_operator
[2024-11-15T05:12:51.061+0000] {logging_mixin.py:190} INFO - [2024-11-15T05:12:51.061+0000] {override.py:1911} INFO - Created Permission View: can read on DAG:example_bash_operator
[2024-11-15T05:12:51.077+0000] {logging_mixin.py:190} INFO - [2024-11-15T05:12:51.077+0000] {override.py:1911} INFO - Created Permission View: can create on DAG Run:example_bash_operator
[2024-11-15T05:12:51.090+0000] {logging_mixin.py:190} INFO - [2024-11-15T05:12:51.090+0000] {override.py:1911} INFO - Created Permission View: can delete on DAG Run:example_bash_operator
[2024-11-15T05:12:51.106+0000] {logging_mixin.py:190} INFO - [2024-11-15T05:12:51.105+0000] {override.py:1911} INFO - Created Permission View: menu access on DAG Run:example_bash_operator
[2024-11-15T05:12:51.131+0000] {logging_mixin.py:190} INFO - [2024-11-15T05:12:51.130+0000] {override.py:1911} INFO - Created Permission View: can read on DAG Run:example_bash_operator
[2024-11-15T05:12:51.132+0000] {logging_mixin.py:190} INFO - [2024-11-15T05:12:51.132+0000] {dag.py:3239} INFO - Sync 1 DAGs
[2024-11-15T05:12:51.148+0000] {logging_mixin.py:190} INFO - [2024-11-15T05:12:51.148+0000] {dag.py:3262} INFO - Creating ORM DAG for example_bash_operator
[2024-11-15T05:12:51.162+0000] {logging_mixin.py:190} INFO - [2024-11-15T05:12:51.162+0000] {dag.py:4180} INFO - Setting next_dagrun for example_bash_operator to 2024-11-14 00:00:00+00:00, run_after=2024-11-15 00:00:00+00:00
[2024-11-15T05:12:51.192+0000] {processor.py:208} INFO - Processing /home/airflow/.local/lib/python3.12/site-packages/airflow/example_dags/example_bash_operator.py took 0.426 seconds
[2024-11-15T05:13:21.295+0000] {processor.py:186} INFO - Started process (PID=165) to work on /home/airflow/.local/lib/python3.12/site-packages/airflow/example_dags/example_bash_operator.py
[2024-11-15T05:13:21.296+0000] {processor.py:914} INFO - Processing file /home/airflow/.local/lib/python3.12/site-packages/airflow/example_dags/example_bash_operator.py for tasks to queue
[2024-11-15T05:13:21.299+0000] {logging_mixin.py:190} INFO - [2024-11-15T05:13:21.299+0000] {dagbag.py:588} INFO - Filling up the DagBag from /home/airflow/.local/lib/python3.12/site-packages/airflow/example_dags/example_bash_operator.py
[2024-11-15T05:13:21.316+0000] {processor.py:925} INFO - DAG(s) 'example_bash_operator' retrieved from /home/airflow/.local/lib/python3.12/site-packages/airflow/example_dags/example_bash_operator.py
[2024-11-15T05:13:21.378+0000] {logging_mixin.py:190} INFO - [2024-11-15T05:13:21.377+0000] {dag.py:3239} INFO - Sync 1 DAGs
[2024-11-15T05:13:21.488+0000] {logging_mixin.py:190} INFO - [2024-11-15T05:13:21.487+0000] {dag.py:4180} INFO - Setting next_dagrun for example_bash_operator to 2024-11-14 00:00:00+00:00, run_after=2024-11-15 00:00:00+00:00
[2024-11-15T05:13:21.518+0000] {processor.py:208} INFO - Processing /home/airflow/.local/lib/python3.12/site-packages/airflow/example_dags/example_bash_operator.py took 0.232 seconds
[2024-11-15T05:13:52.091+0000] {processor.py:186} INFO - Started process (PID=229) to work on /home/airflow/.local/lib/python3.12/site-packages/airflow/example_dags/example_bash_operator.py
[2024-11-15T05:13:52.092+0000] {processor.py:914} INFO - Processing file /home/airflow/.local/lib/python3.12/site-packages/airflow/example_dags/example_bash_operator.py for tasks to queue
[2024-11-15T05:13:52.094+0000] {logging_mixin.py:190} INFO - [2024-11-15T05:13:52.094+0000] {dagbag.py:588} INFO - Filling up the DagBag from /home/airflow/.local/lib/python3.12/site-packages/airflow/example_dags/example_bash_operator.py
[2024-11-15T05:13:52.108+0000] {processor.py:925} INFO - DAG(s) 'example_bash_operator' retrieved from /home/airflow/.local/lib/python3.12/site-packages/airflow/example_dags/example_bash_operator.py
[2024-11-15T05:13:52.136+0000] {logging_mixin.py:190} INFO - [2024-11-15T05:13:52.135+0000] {dag.py:3239} INFO - Sync 1 DAGs
[2024-11-15T05:13:52.155+0000] {logging_mixin.py:190} INFO - [2024-11-15T05:13:52.155+0000] {dag.py:4180} INFO - Setting next_dagrun for example_bash_operator to 2024-11-14 00:00:00+00:00, run_after=2024-11-15 00:00:00+00:00
[2024-11-15T05:13:52.175+0000] {processor.py:208} INFO - Processing /home/airflow/.local/lib/python3.12/site-packages/airflow/example_dags/example_bash_operator.py took 0.090 seconds
[2024-11-15T05:14:22.541+0000] {processor.py:186} INFO - Started process (PID=293) to work on /home/airflow/.local/lib/python3.12/site-packages/airflow/example_dags/example_bash_operator.py
[2024-11-15T05:14:22.543+0000] {processor.py:914} INFO - Processing file /home/airflow/.local/lib/python3.12/site-packages/airflow/example_dags/example_bash_operator.py for tasks to queue
[2024-11-15T05:14:22.548+0000] {logging_mixin.py:190} INFO - [2024-11-15T05:14:22.547+0000] {dagbag.py:588} INFO - Filling up the DagBag from /home/airflow/.local/lib/python3.12/site-packages/airflow/example_dags/example_bash_operator.py
[2024-11-15T05:14:22.568+0000] {processor.py:925} INFO - DAG(s) 'example_bash_operator' retrieved from /home/airflow/.local/lib/python3.12/site-packages/airflow/example_dags/example_bash_operator.py
[2024-11-15T05:14:22.603+0000] {logging_mixin.py:190} INFO - [2024-11-15T05:14:22.603+0000] {dag.py:3239} INFO - Sync 1 DAGs
[2024-11-15T05:14:22.636+0000] {logging_mixin.py:190} INFO - [2024-11-15T05:14:22.635+0000] {dag.py:4180} INFO - Setting next_dagrun for example_bash_operator to 2024-11-14 00:00:00+00:00, run_after=2024-11-15 00:00:00+00:00
[2024-11-15T05:14:22.665+0000] {processor.py:208} INFO - Processing /home/airflow/.local/lib/python3.12/site-packages/airflow/example_dags/example_bash_operator.py took 0.133 seconds
[2024-11-15T05:14:53.664+0000] {processor.py:186} INFO - Started process (PID=357) to work on /home/airflow/.local/lib/python3.12/site-packages/airflow/example_dags/example_bash_operator.py
[2024-11-15T05:14:53.666+0000] {processor.py:914} INFO - Processing file /home/airflow/.local/lib/python3.12/site-packages/airflow/example_dags/example_bash_operator.py for tasks to queue
[2024-11-15T05:14:53.669+0000] {logging_mixin.py:190} INFO - [2024-11-15T05:14:53.668+0000] {dagbag.py:588} INFO - Filling up the DagBag from /home/airflow/.local/lib/python3.12/site-packages/airflow/example_dags/example_bash_operator.py
[2024-11-15T05:14:53.684+0000] {processor.py:925} INFO - DAG(s) 'example_bash_operator' retrieved from /home/airflow/.local/lib/python3.12/site-packages/airflow/example_dags/example_bash_operator.py
[2024-11-15T05:14:53.715+0000] {logging_mixin.py:190} INFO - [2024-11-15T05:14:53.715+0000] {dag.py:3239} INFO - Sync 1 DAGs
[2024-11-15T05:14:53.743+0000] {logging_mixin.py:190} INFO - [2024-11-15T05:14:53.743+0000] {dag.py:4180} INFO - Setting next_dagrun for example_bash_operator to 2024-11-14 00:00:00+00:00, run_after=2024-11-15 00:00:00+00:00
[2024-11-15T05:14:53.764+0000] {processor.py:208} INFO - Processing /home/airflow/.local/lib/python3.12/site-packages/airflow/example_dags/example_bash_operator.py took 0.107 seconds
[2024-11-15T05:15:25.952+0000] {processor.py:186} INFO - Started process (PID=448) to work on /home/airflow/.local/lib/python3.12/site-packages/airflow/example_dags/example_bash_operator.py
[2024-11-15T05:15:25.953+0000] {processor.py:914} INFO - Processing file /home/airflow/.local/lib/python3.12/site-packages/airflow/example_dags/example_bash_operator.py for tasks to queue
[2024-11-15T05:15:25.958+0000] {logging_mixin.py:190} INFO - [2024-11-15T05:15:25.957+0000] {dagbag.py:588} INFO - Filling up the DagBag from /home/airflow/.local/lib/python3.12/site-packages/airflow/example_dags/example_bash_operator.py
[2024-11-15T05:15:25.983+0000] {processor.py:925} INFO - DAG(s) 'example_bash_operator' retrieved from /home/airflow/.local/lib/python3.12/site-packages/airflow/example_dags/example_bash_operator.py
[2024-11-15T05:15:26.035+0000] {logging_mixin.py:190} INFO - [2024-11-15T05:15:26.035+0000] {dag.py:3239} INFO - Sync 1 DAGs
[2024-11-15T05:15:26.091+0000] {logging_mixin.py:190} INFO - [2024-11-15T05:15:26.090+0000] {dag.py:4180} INFO - Setting next_dagrun for example_bash_operator to 2024-11-14 00:00:00+00:00, run_after=2024-11-15 00:00:00+00:00
[2024-11-15T05:15:26.135+0000] {processor.py:208} INFO - Processing /home/airflow/.local/lib/python3.12/site-packages/airflow/example_dags/example_bash_operator.py took 0.202 seconds
[2024-11-15T05:15:56.636+0000] {processor.py:186} INFO - Started process (PID=524) to work on /home/airflow/.local/lib/python3.12/site-packages/airflow/example_dags/example_bash_operator.py
[2024-11-15T05:15:56.637+0000] {processor.py:914} INFO - Processing file /home/airflow/.local/lib/python3.12/site-packages/airflow/example_dags/example_bash_operator.py for tasks to queue
[2024-11-15T05:15:56.641+0000] {logging_mixin.py:190} INFO - [2024-11-15T05:15:56.640+0000] {dagbag.py:588} INFO - Filling up the DagBag from /home/airflow/.local/lib/python3.12/site-packages/airflow/example_dags/example_bash_operator.py
[2024-11-15T05:15:56.662+0000] {processor.py:925} INFO - DAG(s) 'example_bash_operator' retrieved from /home/airflow/.local/lib/python3.12/site-packages/airflow/example_dags/example_bash_operator.py
[2024-11-15T05:15:56.702+0000] {logging_mixin.py:190} INFO - [2024-11-15T05:15:56.702+0000] {dag.py:3239} INFO - Sync 1 DAGs
[2024-11-15T05:15:56.741+0000] {logging_mixin.py:190} INFO - [2024-11-15T05:15:56.741+0000] {dag.py:4180} INFO - Setting next_dagrun for example_bash_operator to 2024-11-14 00:00:00+00:00, run_after=2024-11-15 00:00:00+00:00
[2024-11-15T05:15:56.774+0000] {processor.py:208} INFO - Processing /home/airflow/.local/lib/python3.12/site-packages/airflow/example_dags/example_bash_operator.py took 0.153 seconds
[2024-11-15T05:16:27.601+0000] {processor.py:186} INFO - Started process (PID=588) to work on /home/airflow/.local/lib/python3.12/site-packages/airflow/example_dags/example_bash_operator.py
[2024-11-15T05:16:27.602+0000] {processor.py:914} INFO - Processing file /home/airflow/.local/lib/python3.12/site-packages/airflow/example_dags/example_bash_operator.py for tasks to queue
[2024-11-15T05:16:27.605+0000] {logging_mixin.py:190} INFO - [2024-11-15T05:16:27.605+0000] {dagbag.py:588} INFO - Filling up the DagBag from /home/airflow/.local/lib/python3.12/site-packages/airflow/example_dags/example_bash_operator.py
[2024-11-15T05:16:27.618+0000] {processor.py:925} INFO - DAG(s) 'example_bash_operator' retrieved from /home/airflow/.local/lib/python3.12/site-packages/airflow/example_dags/example_bash_operator.py
[2024-11-15T05:16:27.647+0000] {logging_mixin.py:190} INFO - [2024-11-15T05:16:27.647+0000] {dag.py:3239} INFO - Sync 1 DAGs
[2024-11-15T05:16:27.677+0000] {logging_mixin.py:190} INFO - [2024-11-15T05:16:27.676+0000] {dag.py:4180} INFO - Setting next_dagrun for example_bash_operator to 2024-11-14 00:00:00+00:00, run_after=2024-11-15 00:00:00+00:00
[2024-11-15T05:16:27.701+0000] {processor.py:208} INFO - Processing /home/airflow/.local/lib/python3.12/site-packages/airflow/example_dags/example_bash_operator.py took 0.107 seconds
[2024-11-15T05:16:58.397+0000] {processor.py:186} INFO - Started process (PID=652) to work on /home/airflow/.local/lib/python3.12/site-packages/airflow/example_dags/example_bash_operator.py
[2024-11-15T05:16:58.398+0000] {processor.py:914} INFO - Processing file /home/airflow/.local/lib/python3.12/site-packages/airflow/example_dags/example_bash_operator.py for tasks to queue
[2024-11-15T05:16:58.402+0000] {logging_mixin.py:190} INFO - [2024-11-15T05:16:58.402+0000] {dagbag.py:588} INFO - Filling up the DagBag from /home/airflow/.local/lib/python3.12/site-packages/airflow/example_dags/example_bash_operator.py
[2024-11-15T05:16:58.426+0000] {processor.py:925} INFO - DAG(s) 'example_bash_operator' retrieved from /home/airflow/.local/lib/python3.12/site-packages/airflow/example_dags/example_bash_operator.py
[2024-11-15T05:16:58.472+0000] {logging_mixin.py:190} INFO - [2024-11-15T05:16:58.471+0000] {dag.py:3239} INFO - Sync 1 DAGs
[2024-11-15T05:16:58.510+0000] {logging_mixin.py:190} INFO - [2024-11-15T05:16:58.510+0000] {dag.py:4180} INFO - Setting next_dagrun for example_bash_operator to 2024-11-14 00:00:00+00:00, run_after=2024-11-15 00:00:00+00:00
[2024-11-15T05:16:58.541+0000] {processor.py:208} INFO - Processing /home/airflow/.local/lib/python3.12/site-packages/airflow/example_dags/example_bash_operator.py took 0.159 seconds
[2024-11-15T05:17:29.434+0000] {processor.py:186} INFO - Started process (PID=716) to work on /home/airflow/.local/lib/python3.12/site-packages/airflow/example_dags/example_bash_operator.py
[2024-11-15T05:17:29.435+0000] {processor.py:914} INFO - Processing file /home/airflow/.local/lib/python3.12/site-packages/airflow/example_dags/example_bash_operator.py for tasks to queue
[2024-11-15T05:17:29.439+0000] {logging_mixin.py:190} INFO - [2024-11-15T05:17:29.438+0000] {dagbag.py:588} INFO - Filling up the DagBag from /home/airflow/.local/lib/python3.12/site-packages/airflow/example_dags/example_bash_operator.py
[2024-11-15T05:17:29.459+0000] {processor.py:925} INFO - DAG(s) 'example_bash_operator' retrieved from /home/airflow/.local/lib/python3.12/site-packages/airflow/example_dags/example_bash_operator.py
[2024-11-15T05:17:29.493+0000] {logging_mixin.py:190} INFO - [2024-11-15T05:17:29.492+0000] {dag.py:3239} INFO - Sync 1 DAGs
[2024-11-15T05:17:29.524+0000] {logging_mixin.py:190} INFO - [2024-11-15T05:17:29.524+0000] {dag.py:4180} INFO - Setting next_dagrun for example_bash_operator to 2024-11-14 00:00:00+00:00, run_after=2024-11-15 00:00:00+00:00
[2024-11-15T05:17:29.549+0000] {processor.py:208} INFO - Processing /home/airflow/.local/lib/python3.12/site-packages/airflow/example_dags/example_bash_operator.py took 0.127 seconds
[2024-11-15T05:18:00.661+0000] {processor.py:186} INFO - Started process (PID=780) to work on /home/airflow/.local/lib/python3.12/site-packages/airflow/example_dags/example_bash_operator.py
[2024-11-15T05:18:00.662+0000] {processor.py:914} INFO - Processing file /home/airflow/.local/lib/python3.12/site-packages/airflow/example_dags/example_bash_operator.py for tasks to queue
[2024-11-15T05:18:00.665+0000] {logging_mixin.py:190} INFO - [2024-11-15T05:18:00.665+0000] {dagbag.py:588} INFO - Filling up the DagBag from /home/airflow/.local/lib/python3.12/site-packages/airflow/example_dags/example_bash_operator.py
[2024-11-15T05:18:00.677+0000] {processor.py:925} INFO - DAG(s) 'example_bash_operator' retrieved from /home/airflow/.local/lib/python3.12/site-packages/airflow/example_dags/example_bash_operator.py
[2024-11-15T05:18:00.700+0000] {logging_mixin.py:190} INFO - [2024-11-15T05:18:00.700+0000] {dag.py:3239} INFO - Sync 1 DAGs
[2024-11-15T05:18:00.724+0000] {logging_mixin.py:190} INFO - [2024-11-15T05:18:00.724+0000] {dag.py:4180} INFO - Setting next_dagrun for example_bash_operator to 2024-11-14 00:00:00+00:00, run_after=2024-11-15 00:00:00+00:00
[2024-11-15T05:18:00.746+0000] {processor.py:208} INFO - Processing /home/airflow/.local/lib/python3.12/site-packages/airflow/example_dags/example_bash_operator.py took 0.093 seconds
[2024-11-15T05:20:13.659+0000] {processor.py:186} INFO - Started process (PID=92) to work on /home/airflow/.local/lib/python3.12/site-packages/airflow/example_dags/example_bash_operator.py
[2024-11-15T05:20:13.660+0000] {processor.py:914} INFO - Processing file /home/airflow/.local/lib/python3.12/site-packages/airflow/example_dags/example_bash_operator.py for tasks to queue
[2024-11-15T05:20:13.664+0000] {logging_mixin.py:190} INFO - [2024-11-15T05:20:13.663+0000] {dagbag.py:588} INFO - Filling up the DagBag from /home/airflow/.local/lib/python3.12/site-packages/airflow/example_dags/example_bash_operator.py
[2024-11-15T05:20:13.685+0000] {processor.py:925} INFO - DAG(s) 'example_bash_operator' retrieved from /home/airflow/.local/lib/python3.12/site-packages/airflow/example_dags/example_bash_operator.py
[2024-11-15T05:20:13.831+0000] {logging_mixin.py:190} INFO - [2024-11-15T05:20:13.830+0000] {override.py:1911} INFO - Created Permission View: can delete on DAG:example_bash_operator
[2024-11-15T05:20:13.848+0000] {logging_mixin.py:190} INFO - [2024-11-15T05:20:13.848+0000] {override.py:1911} INFO - Created Permission View: can edit on DAG:example_bash_operator
[2024-11-15T05:20:13.861+0000] {logging_mixin.py:190} INFO - [2024-11-15T05:20:13.860+0000] {override.py:1911} INFO - Created Permission View: can read on DAG:example_bash_operator
[2024-11-15T05:20:13.876+0000] {logging_mixin.py:190} INFO - [2024-11-15T05:20:13.875+0000] {override.py:1911} INFO - Created Permission View: can delete on DAG Run:example_bash_operator
[2024-11-15T05:20:13.888+0000] {logging_mixin.py:190} INFO - [2024-11-15T05:20:13.888+0000] {override.py:1911} INFO - Created Permission View: can read on DAG Run:example_bash_operator
[2024-11-15T05:20:13.903+0000] {logging_mixin.py:190} INFO - [2024-11-15T05:20:13.903+0000] {override.py:1911} INFO - Created Permission View: can create on DAG Run:example_bash_operator
[2024-11-15T05:20:13.918+0000] {logging_mixin.py:190} INFO - [2024-11-15T05:20:13.917+0000] {override.py:1911} INFO - Created Permission View: menu access on DAG Run:example_bash_operator
[2024-11-15T05:20:13.919+0000] {logging_mixin.py:190} INFO - [2024-11-15T05:20:13.918+0000] {dag.py:3239} INFO - Sync 1 DAGs
[2024-11-15T05:20:13.935+0000] {logging_mixin.py:190} INFO - [2024-11-15T05:20:13.935+0000] {dag.py:3262} INFO - Creating ORM DAG for example_bash_operator
[2024-11-15T05:20:13.949+0000] {logging_mixin.py:190} INFO - [2024-11-15T05:20:13.949+0000] {dag.py:4180} INFO - Setting next_dagrun for example_bash_operator to 2024-11-14 00:00:00+00:00, run_after=2024-11-15 00:00:00+00:00
[2024-11-15T05:20:13.978+0000] {processor.py:208} INFO - Processing /home/airflow/.local/lib/python3.12/site-packages/airflow/example_dags/example_bash_operator.py took 0.327 seconds
[2024-11-15T05:20:44.570+0000] {processor.py:186} INFO - Started process (PID=156) to work on /home/airflow/.local/lib/python3.12/site-packages/airflow/example_dags/example_bash_operator.py
[2024-11-15T05:20:44.572+0000] {processor.py:914} INFO - Processing file /home/airflow/.local/lib/python3.12/site-packages/airflow/example_dags/example_bash_operator.py for tasks to queue
[2024-11-15T05:20:44.577+0000] {logging_mixin.py:190} INFO - [2024-11-15T05:20:44.577+0000] {dagbag.py:588} INFO - Filling up the DagBag from /home/airflow/.local/lib/python3.12/site-packages/airflow/example_dags/example_bash_operator.py
[2024-11-15T05:20:44.602+0000] {processor.py:925} INFO - DAG(s) 'example_bash_operator' retrieved from /home/airflow/.local/lib/python3.12/site-packages/airflow/example_dags/example_bash_operator.py
[2024-11-15T05:20:44.659+0000] {logging_mixin.py:190} INFO - [2024-11-15T05:20:44.658+0000] {dag.py:3239} INFO - Sync 1 DAGs
[2024-11-15T05:20:44.704+0000] {logging_mixin.py:190} INFO - [2024-11-15T05:20:44.703+0000] {dag.py:4180} INFO - Setting next_dagrun for example_bash_operator to 2024-11-14 00:00:00+00:00, run_after=2024-11-15 00:00:00+00:00
[2024-11-15T05:20:44.752+0000] {processor.py:208} INFO - Processing /home/airflow/.local/lib/python3.12/site-packages/airflow/example_dags/example_bash_operator.py took 0.191 seconds
[2024-11-15T05:21:15.413+0000] {processor.py:186} INFO - Started process (PID=220) to work on /home/airflow/.local/lib/python3.12/site-packages/airflow/example_dags/example_bash_operator.py
[2024-11-15T05:21:15.414+0000] {processor.py:914} INFO - Processing file /home/airflow/.local/lib/python3.12/site-packages/airflow/example_dags/example_bash_operator.py for tasks to queue
[2024-11-15T05:21:15.416+0000] {logging_mixin.py:190} INFO - [2024-11-15T05:21:15.416+0000] {dagbag.py:588} INFO - Filling up the DagBag from /home/airflow/.local/lib/python3.12/site-packages/airflow/example_dags/example_bash_operator.py
[2024-11-15T05:21:15.429+0000] {processor.py:925} INFO - DAG(s) 'example_bash_operator' retrieved from /home/airflow/.local/lib/python3.12/site-packages/airflow/example_dags/example_bash_operator.py
[2024-11-15T05:21:15.456+0000] {logging_mixin.py:190} INFO - [2024-11-15T05:21:15.455+0000] {dag.py:3239} INFO - Sync 1 DAGs
[2024-11-15T05:21:15.479+0000] {logging_mixin.py:190} INFO - [2024-11-15T05:21:15.478+0000] {dag.py:4180} INFO - Setting next_dagrun for example_bash_operator to 2024-11-14 00:00:00+00:00, run_after=2024-11-15 00:00:00+00:00
[2024-11-15T05:21:15.500+0000] {processor.py:208} INFO - Processing /home/airflow/.local/lib/python3.12/site-packages/airflow/example_dags/example_bash_operator.py took 0.093 seconds
[2024-11-15T05:21:46.029+0000] {processor.py:186} INFO - Started process (PID=284) to work on /home/airflow/.local/lib/python3.12/site-packages/airflow/example_dags/example_bash_operator.py
[2024-11-15T05:21:46.030+0000] {processor.py:914} INFO - Processing file /home/airflow/.local/lib/python3.12/site-packages/airflow/example_dags/example_bash_operator.py for tasks to queue
[2024-11-15T05:21:46.032+0000] {logging_mixin.py:190} INFO - [2024-11-15T05:21:46.032+0000] {dagbag.py:588} INFO - Filling up the DagBag from /home/airflow/.local/lib/python3.12/site-packages/airflow/example_dags/example_bash_operator.py
[2024-11-15T05:21:46.046+0000] {processor.py:925} INFO - DAG(s) 'example_bash_operator' retrieved from /home/airflow/.local/lib/python3.12/site-packages/airflow/example_dags/example_bash_operator.py
[2024-11-15T05:21:46.076+0000] {logging_mixin.py:190} INFO - [2024-11-15T05:21:46.075+0000] {dag.py:3239} INFO - Sync 1 DAGs
[2024-11-15T05:21:46.099+0000] {logging_mixin.py:190} INFO - [2024-11-15T05:21:46.098+0000] {dag.py:4180} INFO - Setting next_dagrun for example_bash_operator to 2024-11-14 00:00:00+00:00, run_after=2024-11-15 00:00:00+00:00
[2024-11-15T05:21:46.125+0000] {processor.py:208} INFO - Processing /home/airflow/.local/lib/python3.12/site-packages/airflow/example_dags/example_bash_operator.py took 0.103 seconds
[2024-11-15T05:22:16.731+0000] {processor.py:186} INFO - Started process (PID=347) to work on /home/airflow/.local/lib/python3.12/site-packages/airflow/example_dags/example_bash_operator.py
[2024-11-15T05:22:16.733+0000] {processor.py:914} INFO - Processing file /home/airflow/.local/lib/python3.12/site-packages/airflow/example_dags/example_bash_operator.py for tasks to queue
[2024-11-15T05:22:16.736+0000] {logging_mixin.py:190} INFO - [2024-11-15T05:22:16.735+0000] {dagbag.py:588} INFO - Filling up the DagBag from /home/airflow/.local/lib/python3.12/site-packages/airflow/example_dags/example_bash_operator.py
[2024-11-15T05:22:16.747+0000] {processor.py:925} INFO - DAG(s) 'example_bash_operator' retrieved from /home/airflow/.local/lib/python3.12/site-packages/airflow/example_dags/example_bash_operator.py
[2024-11-15T05:22:16.776+0000] {logging_mixin.py:190} INFO - [2024-11-15T05:22:16.776+0000] {dag.py:3239} INFO - Sync 1 DAGs
[2024-11-15T05:22:16.798+0000] {logging_mixin.py:190} INFO - [2024-11-15T05:22:16.798+0000] {dag.py:4180} INFO - Setting next_dagrun for example_bash_operator to 2024-11-14 00:00:00+00:00, run_after=2024-11-15 00:00:00+00:00
[2024-11-15T05:22:16.821+0000] {processor.py:208} INFO - Processing /home/airflow/.local/lib/python3.12/site-packages/airflow/example_dags/example_bash_operator.py took 0.095 seconds
[2024-11-15T05:22:47.358+0000] {processor.py:186} INFO - Started process (PID=412) to work on /home/airflow/.local/lib/python3.12/site-packages/airflow/example_dags/example_bash_operator.py
[2024-11-15T05:22:47.361+0000] {processor.py:914} INFO - Processing file /home/airflow/.local/lib/python3.12/site-packages/airflow/example_dags/example_bash_operator.py for tasks to queue
[2024-11-15T05:22:47.365+0000] {logging_mixin.py:190} INFO - [2024-11-15T05:22:47.364+0000] {dagbag.py:588} INFO - Filling up the DagBag from /home/airflow/.local/lib/python3.12/site-packages/airflow/example_dags/example_bash_operator.py
[2024-11-15T05:22:47.385+0000] {processor.py:925} INFO - DAG(s) 'example_bash_operator' retrieved from /home/airflow/.local/lib/python3.12/site-packages/airflow/example_dags/example_bash_operator.py
[2024-11-15T05:22:47.425+0000] {logging_mixin.py:190} INFO - [2024-11-15T05:22:47.425+0000] {dag.py:3239} INFO - Sync 1 DAGs
[2024-11-15T05:22:47.463+0000] {logging_mixin.py:190} INFO - [2024-11-15T05:22:47.463+0000] {dag.py:4180} INFO - Setting next_dagrun for example_bash_operator to 2024-11-14 00:00:00+00:00, run_after=2024-11-15 00:00:00+00:00
[2024-11-15T05:22:47.498+0000] {processor.py:208} INFO - Processing /home/airflow/.local/lib/python3.12/site-packages/airflow/example_dags/example_bash_operator.py took 0.152 seconds
