[2024-11-15T05:12:48.685+0000] {processor.py:186} INFO - Started process (PID=82) to work on /home/airflow/.local/lib/python3.12/site-packages/airflow/example_dags/example_params_ui_tutorial.py
[2024-11-15T05:12:48.686+0000] {processor.py:914} INFO - Processing file /home/airflow/.local/lib/python3.12/site-packages/airflow/example_dags/example_params_ui_tutorial.py for tasks to queue
[2024-11-15T05:12:48.690+0000] {logging_mixin.py:190} INFO - [2024-11-15T05:12:48.689+0000] {dagbag.py:588} INFO - Filling up the DagBag from /home/airflow/.local/lib/python3.12/site-packages/airflow/example_dags/example_params_ui_tutorial.py
[2024-11-15T05:12:48.706+0000] {processor.py:925} INFO - DAG(s) 'example_params_ui_tutorial' retrieved from /home/airflow/.local/lib/python3.12/site-packages/airflow/example_dags/example_params_ui_tutorial.py
[2024-11-15T05:12:48.912+0000] {logging_mixin.py:190} INFO - [2024-11-15T05:12:48.911+0000] {override.py:1911} INFO - Created Permission View: can delete on DAG:example_params_ui_tutorial
[2024-11-15T05:12:48.928+0000] {logging_mixin.py:190} INFO - [2024-11-15T05:12:48.928+0000] {override.py:1911} INFO - Created Permission View: can edit on DAG:example_params_ui_tutorial
[2024-11-15T05:12:48.942+0000] {logging_mixin.py:190} INFO - [2024-11-15T05:12:48.942+0000] {override.py:1911} INFO - Created Permission View: can read on DAG:example_params_ui_tutorial
[2024-11-15T05:12:48.961+0000] {logging_mixin.py:190} INFO - [2024-11-15T05:12:48.960+0000] {override.py:1911} INFO - Created Permission View: can create on DAG Run:example_params_ui_tutorial
[2024-11-15T05:12:48.973+0000] {logging_mixin.py:190} INFO - [2024-11-15T05:12:48.973+0000] {override.py:1911} INFO - Created Permission View: can delete on DAG Run:example_params_ui_tutorial
[2024-11-15T05:12:48.987+0000] {logging_mixin.py:190} INFO - [2024-11-15T05:12:48.987+0000] {override.py:1911} INFO - Created Permission View: menu access on DAG Run:example_params_ui_tutorial
[2024-11-15T05:12:49.000+0000] {logging_mixin.py:190} INFO - [2024-11-15T05:12:49.000+0000] {override.py:1911} INFO - Created Permission View: can read on DAG Run:example_params_ui_tutorial
[2024-11-15T05:12:49.002+0000] {logging_mixin.py:190} INFO - [2024-11-15T05:12:49.001+0000] {dag.py:3239} INFO - Sync 1 DAGs
[2024-11-15T05:12:49.019+0000] {logging_mixin.py:190} INFO - [2024-11-15T05:12:49.019+0000] {dag.py:3262} INFO - Creating ORM DAG for example_params_ui_tutorial
[2024-11-15T05:12:49.020+0000] {logging_mixin.py:190} INFO - [2024-11-15T05:12:49.020+0000] {dag.py:4180} INFO - Setting next_dagrun for example_params_ui_tutorial to None, run_after=None
[2024-11-15T05:12:49.048+0000] {processor.py:208} INFO - Processing /home/airflow/.local/lib/python3.12/site-packages/airflow/example_dags/example_params_ui_tutorial.py took 0.372 seconds
[2024-11-15T05:13:19.595+0000] {processor.py:186} INFO - Started process (PID=155) to work on /home/airflow/.local/lib/python3.12/site-packages/airflow/example_dags/example_params_ui_tutorial.py
[2024-11-15T05:13:19.596+0000] {processor.py:914} INFO - Processing file /home/airflow/.local/lib/python3.12/site-packages/airflow/example_dags/example_params_ui_tutorial.py for tasks to queue
[2024-11-15T05:13:19.598+0000] {logging_mixin.py:190} INFO - [2024-11-15T05:13:19.598+0000] {dagbag.py:588} INFO - Filling up the DagBag from /home/airflow/.local/lib/python3.12/site-packages/airflow/example_dags/example_params_ui_tutorial.py
[2024-11-15T05:13:19.608+0000] {processor.py:925} INFO - DAG(s) 'example_params_ui_tutorial' retrieved from /home/airflow/.local/lib/python3.12/site-packages/airflow/example_dags/example_params_ui_tutorial.py
[2024-11-15T05:13:19.659+0000] {logging_mixin.py:190} INFO - [2024-11-15T05:13:19.658+0000] {dag.py:3239} INFO - Sync 1 DAGs
[2024-11-15T05:13:19.673+0000] {logging_mixin.py:190} INFO - [2024-11-15T05:13:19.672+0000] {dag.py:4180} INFO - Setting next_dagrun for example_params_ui_tutorial to None, run_after=None
[2024-11-15T05:13:19.697+0000] {processor.py:208} INFO - Processing /home/airflow/.local/lib/python3.12/site-packages/airflow/example_dags/example_params_ui_tutorial.py took 0.108 seconds
[2024-11-15T05:13:50.495+0000] {processor.py:186} INFO - Started process (PID=219) to work on /home/airflow/.local/lib/python3.12/site-packages/airflow/example_dags/example_params_ui_tutorial.py
[2024-11-15T05:13:50.496+0000] {processor.py:914} INFO - Processing file /home/airflow/.local/lib/python3.12/site-packages/airflow/example_dags/example_params_ui_tutorial.py for tasks to queue
[2024-11-15T05:13:50.498+0000] {logging_mixin.py:190} INFO - [2024-11-15T05:13:50.498+0000] {dagbag.py:588} INFO - Filling up the DagBag from /home/airflow/.local/lib/python3.12/site-packages/airflow/example_dags/example_params_ui_tutorial.py
[2024-11-15T05:13:50.507+0000] {processor.py:925} INFO - DAG(s) 'example_params_ui_tutorial' retrieved from /home/airflow/.local/lib/python3.12/site-packages/airflow/example_dags/example_params_ui_tutorial.py
[2024-11-15T05:13:50.547+0000] {logging_mixin.py:190} INFO - [2024-11-15T05:13:50.546+0000] {dag.py:3239} INFO - Sync 1 DAGs
[2024-11-15T05:13:50.562+0000] {logging_mixin.py:190} INFO - [2024-11-15T05:13:50.561+0000] {dag.py:4180} INFO - Setting next_dagrun for example_params_ui_tutorial to None, run_after=None
[2024-11-15T05:13:50.587+0000] {processor.py:208} INFO - Processing /home/airflow/.local/lib/python3.12/site-packages/airflow/example_dags/example_params_ui_tutorial.py took 0.098 seconds
[2024-11-15T05:14:21.646+0000] {processor.py:186} INFO - Started process (PID=283) to work on /home/airflow/.local/lib/python3.12/site-packages/airflow/example_dags/example_params_ui_tutorial.py
[2024-11-15T05:14:21.648+0000] {processor.py:914} INFO - Processing file /home/airflow/.local/lib/python3.12/site-packages/airflow/example_dags/example_params_ui_tutorial.py for tasks to queue
[2024-11-15T05:14:21.651+0000] {logging_mixin.py:190} INFO - [2024-11-15T05:14:21.650+0000] {dagbag.py:588} INFO - Filling up the DagBag from /home/airflow/.local/lib/python3.12/site-packages/airflow/example_dags/example_params_ui_tutorial.py
[2024-11-15T05:14:21.666+0000] {processor.py:925} INFO - DAG(s) 'example_params_ui_tutorial' retrieved from /home/airflow/.local/lib/python3.12/site-packages/airflow/example_dags/example_params_ui_tutorial.py
[2024-11-15T05:14:21.753+0000] {logging_mixin.py:190} INFO - [2024-11-15T05:14:21.752+0000] {dag.py:3239} INFO - Sync 1 DAGs
[2024-11-15T05:14:21.774+0000] {logging_mixin.py:190} INFO - [2024-11-15T05:14:21.774+0000] {dag.py:4180} INFO - Setting next_dagrun for example_params_ui_tutorial to None, run_after=None
[2024-11-15T05:14:21.806+0000] {processor.py:208} INFO - Processing /home/airflow/.local/lib/python3.12/site-packages/airflow/example_dags/example_params_ui_tutorial.py took 0.169 seconds
[2024-11-15T05:14:52.863+0000] {processor.py:186} INFO - Started process (PID=347) to work on /home/airflow/.local/lib/python3.12/site-packages/airflow/example_dags/example_params_ui_tutorial.py
[2024-11-15T05:14:52.864+0000] {processor.py:914} INFO - Processing file /home/airflow/.local/lib/python3.12/site-packages/airflow/example_dags/example_params_ui_tutorial.py for tasks to queue
[2024-11-15T05:14:52.866+0000] {logging_mixin.py:190} INFO - [2024-11-15T05:14:52.866+0000] {dagbag.py:588} INFO - Filling up the DagBag from /home/airflow/.local/lib/python3.12/site-packages/airflow/example_dags/example_params_ui_tutorial.py
[2024-11-15T05:14:52.874+0000] {processor.py:925} INFO - DAG(s) 'example_params_ui_tutorial' retrieved from /home/airflow/.local/lib/python3.12/site-packages/airflow/example_dags/example_params_ui_tutorial.py
[2024-11-15T05:14:52.916+0000] {logging_mixin.py:190} INFO - [2024-11-15T05:14:52.916+0000] {dag.py:3239} INFO - Sync 1 DAGs
[2024-11-15T05:14:52.930+0000] {logging_mixin.py:190} INFO - [2024-11-15T05:14:52.930+0000] {dag.py:4180} INFO - Setting next_dagrun for example_params_ui_tutorial to None, run_after=None
[2024-11-15T05:14:52.953+0000] {processor.py:208} INFO - Processing /home/airflow/.local/lib/python3.12/site-packages/airflow/example_dags/example_params_ui_tutorial.py took 0.096 seconds
[2024-11-15T05:15:24.421+0000] {processor.py:186} INFO - Started process (PID=438) to work on /home/airflow/.local/lib/python3.12/site-packages/airflow/example_dags/example_params_ui_tutorial.py
[2024-11-15T05:15:24.423+0000] {processor.py:914} INFO - Processing file /home/airflow/.local/lib/python3.12/site-packages/airflow/example_dags/example_params_ui_tutorial.py for tasks to queue
[2024-11-15T05:15:24.428+0000] {logging_mixin.py:190} INFO - [2024-11-15T05:15:24.427+0000] {dagbag.py:588} INFO - Filling up the DagBag from /home/airflow/.local/lib/python3.12/site-packages/airflow/example_dags/example_params_ui_tutorial.py
[2024-11-15T05:15:24.462+0000] {processor.py:925} INFO - DAG(s) 'example_params_ui_tutorial' retrieved from /home/airflow/.local/lib/python3.12/site-packages/airflow/example_dags/example_params_ui_tutorial.py
[2024-11-15T05:15:24.588+0000] {logging_mixin.py:190} INFO - [2024-11-15T05:15:24.588+0000] {dag.py:3239} INFO - Sync 1 DAGs
[2024-11-15T05:15:24.613+0000] {logging_mixin.py:190} INFO - [2024-11-15T05:15:24.612+0000] {dag.py:4180} INFO - Setting next_dagrun for example_params_ui_tutorial to None, run_after=None
[2024-11-15T05:15:24.647+0000] {processor.py:208} INFO - Processing /home/airflow/.local/lib/python3.12/site-packages/airflow/example_dags/example_params_ui_tutorial.py took 0.266 seconds
[2024-11-15T05:15:55.350+0000] {processor.py:186} INFO - Started process (PID=514) to work on /home/airflow/.local/lib/python3.12/site-packages/airflow/example_dags/example_params_ui_tutorial.py
[2024-11-15T05:15:55.352+0000] {processor.py:914} INFO - Processing file /home/airflow/.local/lib/python3.12/site-packages/airflow/example_dags/example_params_ui_tutorial.py for tasks to queue
[2024-11-15T05:15:55.356+0000] {logging_mixin.py:190} INFO - [2024-11-15T05:15:55.355+0000] {dagbag.py:588} INFO - Filling up the DagBag from /home/airflow/.local/lib/python3.12/site-packages/airflow/example_dags/example_params_ui_tutorial.py
[2024-11-15T05:15:55.380+0000] {processor.py:925} INFO - DAG(s) 'example_params_ui_tutorial' retrieved from /home/airflow/.local/lib/python3.12/site-packages/airflow/example_dags/example_params_ui_tutorial.py
[2024-11-15T05:15:55.491+0000] {logging_mixin.py:190} INFO - [2024-11-15T05:15:55.491+0000] {dag.py:3239} INFO - Sync 1 DAGs
[2024-11-15T05:15:55.524+0000] {logging_mixin.py:190} INFO - [2024-11-15T05:15:55.524+0000] {dag.py:4180} INFO - Setting next_dagrun for example_params_ui_tutorial to None, run_after=None
[2024-11-15T05:15:55.574+0000] {processor.py:208} INFO - Processing /home/airflow/.local/lib/python3.12/site-packages/airflow/example_dags/example_params_ui_tutorial.py took 0.247 seconds
[2024-11-15T05:16:25.838+0000] {processor.py:186} INFO - Started process (PID=578) to work on /home/airflow/.local/lib/python3.12/site-packages/airflow/example_dags/example_params_ui_tutorial.py
[2024-11-15T05:16:25.839+0000] {processor.py:914} INFO - Processing file /home/airflow/.local/lib/python3.12/site-packages/airflow/example_dags/example_params_ui_tutorial.py for tasks to queue
[2024-11-15T05:16:25.842+0000] {logging_mixin.py:190} INFO - [2024-11-15T05:16:25.841+0000] {dagbag.py:588} INFO - Filling up the DagBag from /home/airflow/.local/lib/python3.12/site-packages/airflow/example_dags/example_params_ui_tutorial.py
[2024-11-15T05:16:25.849+0000] {processor.py:925} INFO - DAG(s) 'example_params_ui_tutorial' retrieved from /home/airflow/.local/lib/python3.12/site-packages/airflow/example_dags/example_params_ui_tutorial.py
[2024-11-15T05:16:25.893+0000] {logging_mixin.py:190} INFO - [2024-11-15T05:16:25.892+0000] {dag.py:3239} INFO - Sync 1 DAGs
[2024-11-15T05:16:25.907+0000] {logging_mixin.py:190} INFO - [2024-11-15T05:16:25.907+0000] {dag.py:4180} INFO - Setting next_dagrun for example_params_ui_tutorial to None, run_after=None
[2024-11-15T05:16:25.932+0000] {processor.py:208} INFO - Processing /home/airflow/.local/lib/python3.12/site-packages/airflow/example_dags/example_params_ui_tutorial.py took 0.101 seconds
[2024-11-15T05:16:57.215+0000] {processor.py:186} INFO - Started process (PID=642) to work on /home/airflow/.local/lib/python3.12/site-packages/airflow/example_dags/example_params_ui_tutorial.py
[2024-11-15T05:16:57.217+0000] {processor.py:914} INFO - Processing file /home/airflow/.local/lib/python3.12/site-packages/airflow/example_dags/example_params_ui_tutorial.py for tasks to queue
[2024-11-15T05:16:57.220+0000] {logging_mixin.py:190} INFO - [2024-11-15T05:16:57.220+0000] {dagbag.py:588} INFO - Filling up the DagBag from /home/airflow/.local/lib/python3.12/site-packages/airflow/example_dags/example_params_ui_tutorial.py
[2024-11-15T05:16:57.231+0000] {processor.py:925} INFO - DAG(s) 'example_params_ui_tutorial' retrieved from /home/airflow/.local/lib/python3.12/site-packages/airflow/example_dags/example_params_ui_tutorial.py
[2024-11-15T05:16:57.284+0000] {logging_mixin.py:190} INFO - [2024-11-15T05:16:57.284+0000] {dag.py:3239} INFO - Sync 1 DAGs
[2024-11-15T05:16:57.301+0000] {logging_mixin.py:190} INFO - [2024-11-15T05:16:57.301+0000] {dag.py:4180} INFO - Setting next_dagrun for example_params_ui_tutorial to None, run_after=None
[2024-11-15T05:16:57.333+0000] {processor.py:208} INFO - Processing /home/airflow/.local/lib/python3.12/site-packages/airflow/example_dags/example_params_ui_tutorial.py took 0.127 seconds
[2024-11-15T05:17:28.455+0000] {processor.py:186} INFO - Started process (PID=706) to work on /home/airflow/.local/lib/python3.12/site-packages/airflow/example_dags/example_params_ui_tutorial.py
[2024-11-15T05:17:28.456+0000] {processor.py:914} INFO - Processing file /home/airflow/.local/lib/python3.12/site-packages/airflow/example_dags/example_params_ui_tutorial.py for tasks to queue
[2024-11-15T05:17:28.459+0000] {logging_mixin.py:190} INFO - [2024-11-15T05:17:28.458+0000] {dagbag.py:588} INFO - Filling up the DagBag from /home/airflow/.local/lib/python3.12/site-packages/airflow/example_dags/example_params_ui_tutorial.py
[2024-11-15T05:17:28.467+0000] {processor.py:925} INFO - DAG(s) 'example_params_ui_tutorial' retrieved from /home/airflow/.local/lib/python3.12/site-packages/airflow/example_dags/example_params_ui_tutorial.py
[2024-11-15T05:17:28.513+0000] {logging_mixin.py:190} INFO - [2024-11-15T05:17:28.513+0000] {dag.py:3239} INFO - Sync 1 DAGs
[2024-11-15T05:17:28.536+0000] {logging_mixin.py:190} INFO - [2024-11-15T05:17:28.536+0000] {dag.py:4180} INFO - Setting next_dagrun for example_params_ui_tutorial to None, run_after=None
[2024-11-15T05:17:28.584+0000] {processor.py:208} INFO - Processing /home/airflow/.local/lib/python3.12/site-packages/airflow/example_dags/example_params_ui_tutorial.py took 0.138 seconds
[2024-11-15T05:17:59.743+0000] {processor.py:186} INFO - Started process (PID=770) to work on /home/airflow/.local/lib/python3.12/site-packages/airflow/example_dags/example_params_ui_tutorial.py
[2024-11-15T05:17:59.745+0000] {processor.py:914} INFO - Processing file /home/airflow/.local/lib/python3.12/site-packages/airflow/example_dags/example_params_ui_tutorial.py for tasks to queue
[2024-11-15T05:17:59.748+0000] {logging_mixin.py:190} INFO - [2024-11-15T05:17:59.747+0000] {dagbag.py:588} INFO - Filling up the DagBag from /home/airflow/.local/lib/python3.12/site-packages/airflow/example_dags/example_params_ui_tutorial.py
[2024-11-15T05:17:59.757+0000] {processor.py:925} INFO - DAG(s) 'example_params_ui_tutorial' retrieved from /home/airflow/.local/lib/python3.12/site-packages/airflow/example_dags/example_params_ui_tutorial.py
[2024-11-15T05:17:59.796+0000] {logging_mixin.py:190} INFO - [2024-11-15T05:17:59.796+0000] {dag.py:3239} INFO - Sync 1 DAGs
[2024-11-15T05:17:59.810+0000] {logging_mixin.py:190} INFO - [2024-11-15T05:17:59.810+0000] {dag.py:4180} INFO - Setting next_dagrun for example_params_ui_tutorial to None, run_after=None
[2024-11-15T05:17:59.835+0000] {processor.py:208} INFO - Processing /home/airflow/.local/lib/python3.12/site-packages/airflow/example_dags/example_params_ui_tutorial.py took 0.100 seconds
[2024-11-15T05:20:11.563+0000] {processor.py:186} INFO - Started process (PID=82) to work on /home/airflow/.local/lib/python3.12/site-packages/airflow/example_dags/example_params_ui_tutorial.py
[2024-11-15T05:20:11.565+0000] {processor.py:914} INFO - Processing file /home/airflow/.local/lib/python3.12/site-packages/airflow/example_dags/example_params_ui_tutorial.py for tasks to queue
[2024-11-15T05:20:11.569+0000] {logging_mixin.py:190} INFO - [2024-11-15T05:20:11.569+0000] {dagbag.py:588} INFO - Filling up the DagBag from /home/airflow/.local/lib/python3.12/site-packages/airflow/example_dags/example_params_ui_tutorial.py
[2024-11-15T05:20:11.590+0000] {processor.py:925} INFO - DAG(s) 'example_params_ui_tutorial' retrieved from /home/airflow/.local/lib/python3.12/site-packages/airflow/example_dags/example_params_ui_tutorial.py
[2024-11-15T05:20:11.772+0000] {logging_mixin.py:190} INFO - [2024-11-15T05:20:11.771+0000] {override.py:1911} INFO - Created Permission View: can delete on DAG:example_params_ui_tutorial
[2024-11-15T05:20:11.790+0000] {logging_mixin.py:190} INFO - [2024-11-15T05:20:11.789+0000] {override.py:1911} INFO - Created Permission View: can edit on DAG:example_params_ui_tutorial
[2024-11-15T05:20:11.804+0000] {logging_mixin.py:190} INFO - [2024-11-15T05:20:11.803+0000] {override.py:1911} INFO - Created Permission View: can read on DAG:example_params_ui_tutorial
[2024-11-15T05:20:11.822+0000] {logging_mixin.py:190} INFO - [2024-11-15T05:20:11.821+0000] {override.py:1911} INFO - Created Permission View: can delete on DAG Run:example_params_ui_tutorial
[2024-11-15T05:20:11.835+0000] {logging_mixin.py:190} INFO - [2024-11-15T05:20:11.834+0000] {override.py:1911} INFO - Created Permission View: can read on DAG Run:example_params_ui_tutorial
[2024-11-15T05:20:11.848+0000] {logging_mixin.py:190} INFO - [2024-11-15T05:20:11.847+0000] {override.py:1911} INFO - Created Permission View: can create on DAG Run:example_params_ui_tutorial
[2024-11-15T05:20:11.860+0000] {logging_mixin.py:190} INFO - [2024-11-15T05:20:11.860+0000] {override.py:1911} INFO - Created Permission View: menu access on DAG Run:example_params_ui_tutorial
[2024-11-15T05:20:11.861+0000] {logging_mixin.py:190} INFO - [2024-11-15T05:20:11.861+0000] {dag.py:3239} INFO - Sync 1 DAGs
[2024-11-15T05:20:11.880+0000] {logging_mixin.py:190} INFO - [2024-11-15T05:20:11.880+0000] {dag.py:3262} INFO - Creating ORM DAG for example_params_ui_tutorial
[2024-11-15T05:20:11.882+0000] {logging_mixin.py:190} INFO - [2024-11-15T05:20:11.882+0000] {dag.py:4180} INFO - Setting next_dagrun for example_params_ui_tutorial to None, run_after=None
[2024-11-15T05:20:11.910+0000] {processor.py:208} INFO - Processing /home/airflow/.local/lib/python3.12/site-packages/airflow/example_dags/example_params_ui_tutorial.py took 0.355 seconds
[2024-11-15T05:20:42.597+0000] {processor.py:186} INFO - Started process (PID=146) to work on /home/airflow/.local/lib/python3.12/site-packages/airflow/example_dags/example_params_ui_tutorial.py
[2024-11-15T05:20:42.599+0000] {processor.py:914} INFO - Processing file /home/airflow/.local/lib/python3.12/site-packages/airflow/example_dags/example_params_ui_tutorial.py for tasks to queue
[2024-11-15T05:20:42.602+0000] {logging_mixin.py:190} INFO - [2024-11-15T05:20:42.602+0000] {dagbag.py:588} INFO - Filling up the DagBag from /home/airflow/.local/lib/python3.12/site-packages/airflow/example_dags/example_params_ui_tutorial.py
[2024-11-15T05:20:42.626+0000] {processor.py:925} INFO - DAG(s) 'example_params_ui_tutorial' retrieved from /home/airflow/.local/lib/python3.12/site-packages/airflow/example_dags/example_params_ui_tutorial.py
[2024-11-15T05:20:42.745+0000] {logging_mixin.py:190} INFO - [2024-11-15T05:20:42.745+0000] {dag.py:3239} INFO - Sync 1 DAGs
[2024-11-15T05:20:42.780+0000] {logging_mixin.py:190} INFO - [2024-11-15T05:20:42.780+0000] {dag.py:4180} INFO - Setting next_dagrun for example_params_ui_tutorial to None, run_after=None
[2024-11-15T05:20:42.821+0000] {processor.py:208} INFO - Processing /home/airflow/.local/lib/python3.12/site-packages/airflow/example_dags/example_params_ui_tutorial.py took 0.234 seconds
[2024-11-15T05:21:12.902+0000] {processor.py:186} INFO - Started process (PID=209) to work on /home/airflow/.local/lib/python3.12/site-packages/airflow/example_dags/example_params_ui_tutorial.py
[2024-11-15T05:21:12.903+0000] {processor.py:914} INFO - Processing file /home/airflow/.local/lib/python3.12/site-packages/airflow/example_dags/example_params_ui_tutorial.py for tasks to queue
[2024-11-15T05:21:12.905+0000] {logging_mixin.py:190} INFO - [2024-11-15T05:21:12.905+0000] {dagbag.py:588} INFO - Filling up the DagBag from /home/airflow/.local/lib/python3.12/site-packages/airflow/example_dags/example_params_ui_tutorial.py
[2024-11-15T05:21:12.914+0000] {processor.py:925} INFO - DAG(s) 'example_params_ui_tutorial' retrieved from /home/airflow/.local/lib/python3.12/site-packages/airflow/example_dags/example_params_ui_tutorial.py
[2024-11-15T05:21:12.954+0000] {logging_mixin.py:190} INFO - [2024-11-15T05:21:12.953+0000] {dag.py:3239} INFO - Sync 1 DAGs
[2024-11-15T05:21:12.968+0000] {logging_mixin.py:190} INFO - [2024-11-15T05:21:12.968+0000] {dag.py:4180} INFO - Setting next_dagrun for example_params_ui_tutorial to None, run_after=None
[2024-11-15T05:21:12.991+0000] {processor.py:208} INFO - Processing /home/airflow/.local/lib/python3.12/site-packages/airflow/example_dags/example_params_ui_tutorial.py took 0.095 seconds
[2024-11-15T05:21:43.816+0000] {processor.py:186} INFO - Started process (PID=273) to work on /home/airflow/.local/lib/python3.12/site-packages/airflow/example_dags/example_params_ui_tutorial.py
[2024-11-15T05:21:43.818+0000] {processor.py:914} INFO - Processing file /home/airflow/.local/lib/python3.12/site-packages/airflow/example_dags/example_params_ui_tutorial.py for tasks to queue
[2024-11-15T05:21:43.821+0000] {logging_mixin.py:190} INFO - [2024-11-15T05:21:43.820+0000] {dagbag.py:588} INFO - Filling up the DagBag from /home/airflow/.local/lib/python3.12/site-packages/airflow/example_dags/example_params_ui_tutorial.py
[2024-11-15T05:21:43.833+0000] {processor.py:925} INFO - DAG(s) 'example_params_ui_tutorial' retrieved from /home/airflow/.local/lib/python3.12/site-packages/airflow/example_dags/example_params_ui_tutorial.py
[2024-11-15T05:21:43.878+0000] {logging_mixin.py:190} INFO - [2024-11-15T05:21:43.877+0000] {dag.py:3239} INFO - Sync 1 DAGs
[2024-11-15T05:21:43.892+0000] {logging_mixin.py:190} INFO - [2024-11-15T05:21:43.892+0000] {dag.py:4180} INFO - Setting next_dagrun for example_params_ui_tutorial to None, run_after=None
[2024-11-15T05:21:43.922+0000] {processor.py:208} INFO - Processing /home/airflow/.local/lib/python3.12/site-packages/airflow/example_dags/example_params_ui_tutorial.py took 0.112 seconds
[2024-11-15T05:22:14.787+0000] {processor.py:186} INFO - Started process (PID=337) to work on /home/airflow/.local/lib/python3.12/site-packages/airflow/example_dags/example_params_ui_tutorial.py
[2024-11-15T05:22:14.788+0000] {processor.py:914} INFO - Processing file /home/airflow/.local/lib/python3.12/site-packages/airflow/example_dags/example_params_ui_tutorial.py for tasks to queue
[2024-11-15T05:22:14.790+0000] {logging_mixin.py:190} INFO - [2024-11-15T05:22:14.790+0000] {dagbag.py:588} INFO - Filling up the DagBag from /home/airflow/.local/lib/python3.12/site-packages/airflow/example_dags/example_params_ui_tutorial.py
[2024-11-15T05:22:14.799+0000] {processor.py:925} INFO - DAG(s) 'example_params_ui_tutorial' retrieved from /home/airflow/.local/lib/python3.12/site-packages/airflow/example_dags/example_params_ui_tutorial.py
[2024-11-15T05:22:14.841+0000] {logging_mixin.py:190} INFO - [2024-11-15T05:22:14.841+0000] {dag.py:3239} INFO - Sync 1 DAGs
[2024-11-15T05:22:14.854+0000] {logging_mixin.py:190} INFO - [2024-11-15T05:22:14.854+0000] {dag.py:4180} INFO - Setting next_dagrun for example_params_ui_tutorial to None, run_after=None
[2024-11-15T05:22:14.878+0000] {processor.py:208} INFO - Processing /home/airflow/.local/lib/python3.12/site-packages/airflow/example_dags/example_params_ui_tutorial.py took 0.097 seconds
[2024-11-15T05:22:45.232+0000] {processor.py:186} INFO - Started process (PID=400) to work on /home/airflow/.local/lib/python3.12/site-packages/airflow/example_dags/example_params_ui_tutorial.py
[2024-11-15T05:22:45.233+0000] {processor.py:914} INFO - Processing file /home/airflow/.local/lib/python3.12/site-packages/airflow/example_dags/example_params_ui_tutorial.py for tasks to queue
[2024-11-15T05:22:45.236+0000] {logging_mixin.py:190} INFO - [2024-11-15T05:22:45.235+0000] {dagbag.py:588} INFO - Filling up the DagBag from /home/airflow/.local/lib/python3.12/site-packages/airflow/example_dags/example_params_ui_tutorial.py
[2024-11-15T05:22:45.247+0000] {processor.py:925} INFO - DAG(s) 'example_params_ui_tutorial' retrieved from /home/airflow/.local/lib/python3.12/site-packages/airflow/example_dags/example_params_ui_tutorial.py
[2024-11-15T05:22:45.295+0000] {logging_mixin.py:190} INFO - [2024-11-15T05:22:45.294+0000] {dag.py:3239} INFO - Sync 1 DAGs
[2024-11-15T05:22:45.310+0000] {logging_mixin.py:190} INFO - [2024-11-15T05:22:45.309+0000] {dag.py:4180} INFO - Setting next_dagrun for example_params_ui_tutorial to None, run_after=None
[2024-11-15T05:22:45.334+0000] {processor.py:208} INFO - Processing /home/airflow/.local/lib/python3.12/site-packages/airflow/example_dags/example_params_ui_tutorial.py took 0.108 seconds
