[2024-11-15T05:12:42.325+0000] {processor.py:186} INFO - Started process (PID=60) to work on /home/airflow/.local/lib/python3.12/site-packages/airflow/example_dags/example_task_group_decorator.py
[2024-11-15T05:12:42.327+0000] {processor.py:914} INFO - Processing file /home/airflow/.local/lib/python3.12/site-packages/airflow/example_dags/example_task_group_decorator.py for tasks to queue
[2024-11-15T05:12:42.331+0000] {logging_mixin.py:190} INFO - [2024-11-15T05:12:42.330+0000] {dagbag.py:588} INFO - Filling up the DagBag from /home/airflow/.local/lib/python3.12/site-packages/airflow/example_dags/example_task_group_decorator.py
[2024-11-15T05:12:42.356+0000] {processor.py:925} INFO - DAG(s) 'example_task_group_decorator' retrieved from /home/airflow/.local/lib/python3.12/site-packages/airflow/example_dags/example_task_group_decorator.py
[2024-11-15T05:12:42.530+0000] {logging_mixin.py:190} INFO - [2024-11-15T05:12:42.529+0000] {override.py:1911} INFO - Created Permission View: can delete on DAG:example_task_group_decorator
[2024-11-15T05:12:42.549+0000] {logging_mixin.py:190} INFO - [2024-11-15T05:12:42.548+0000] {override.py:1911} INFO - Created Permission View: can edit on DAG:example_task_group_decorator
[2024-11-15T05:12:42.561+0000] {logging_mixin.py:190} INFO - [2024-11-15T05:12:42.561+0000] {override.py:1911} INFO - Created Permission View: can read on DAG:example_task_group_decorator
[2024-11-15T05:12:42.577+0000] {logging_mixin.py:190} INFO - [2024-11-15T05:12:42.577+0000] {override.py:1911} INFO - Created Permission View: can create on DAG Run:example_task_group_decorator
[2024-11-15T05:12:42.590+0000] {logging_mixin.py:190} INFO - [2024-11-15T05:12:42.590+0000] {override.py:1911} INFO - Created Permission View: can delete on DAG Run:example_task_group_decorator
[2024-11-15T05:12:42.604+0000] {logging_mixin.py:190} INFO - [2024-11-15T05:12:42.604+0000] {override.py:1911} INFO - Created Permission View: menu access on DAG Run:example_task_group_decorator
[2024-11-15T05:12:42.617+0000] {logging_mixin.py:190} INFO - [2024-11-15T05:12:42.616+0000] {override.py:1911} INFO - Created Permission View: can read on DAG Run:example_task_group_decorator
[2024-11-15T05:12:42.618+0000] {logging_mixin.py:190} INFO - [2024-11-15T05:12:42.618+0000] {dag.py:3239} INFO - Sync 1 DAGs
[2024-11-15T05:12:42.636+0000] {logging_mixin.py:190} INFO - [2024-11-15T05:12:42.636+0000] {dag.py:3262} INFO - Creating ORM DAG for example_task_group_decorator
[2024-11-15T05:12:42.638+0000] {logging_mixin.py:190} INFO - [2024-11-15T05:12:42.638+0000] {dag.py:4180} INFO - Setting next_dagrun for example_task_group_decorator to None, run_after=None
[2024-11-15T05:12:42.672+0000] {processor.py:208} INFO - Processing /home/airflow/.local/lib/python3.12/site-packages/airflow/example_dags/example_task_group_decorator.py took 0.357 seconds
[2024-11-15T05:13:13.941+0000] {processor.py:186} INFO - Started process (PID=124) to work on /home/airflow/.local/lib/python3.12/site-packages/airflow/example_dags/example_task_group_decorator.py
[2024-11-15T05:13:13.943+0000] {processor.py:914} INFO - Processing file /home/airflow/.local/lib/python3.12/site-packages/airflow/example_dags/example_task_group_decorator.py for tasks to queue
[2024-11-15T05:13:13.946+0000] {logging_mixin.py:190} INFO - [2024-11-15T05:13:13.946+0000] {dagbag.py:588} INFO - Filling up the DagBag from /home/airflow/.local/lib/python3.12/site-packages/airflow/example_dags/example_task_group_decorator.py
[2024-11-15T05:13:13.966+0000] {processor.py:925} INFO - DAG(s) 'example_task_group_decorator' retrieved from /home/airflow/.local/lib/python3.12/site-packages/airflow/example_dags/example_task_group_decorator.py
[2024-11-15T05:13:14.007+0000] {logging_mixin.py:190} INFO - [2024-11-15T05:13:14.006+0000] {dag.py:3239} INFO - Sync 1 DAGs
[2024-11-15T05:13:14.026+0000] {logging_mixin.py:190} INFO - [2024-11-15T05:13:14.025+0000] {dag.py:4180} INFO - Setting next_dagrun for example_task_group_decorator to None, run_after=None
[2024-11-15T05:13:14.057+0000] {processor.py:208} INFO - Processing /home/airflow/.local/lib/python3.12/site-packages/airflow/example_dags/example_task_group_decorator.py took 0.123 seconds
[2024-11-15T05:13:45.316+0000] {processor.py:186} INFO - Started process (PID=197) to work on /home/airflow/.local/lib/python3.12/site-packages/airflow/example_dags/example_task_group_decorator.py
[2024-11-15T05:13:45.318+0000] {processor.py:914} INFO - Processing file /home/airflow/.local/lib/python3.12/site-packages/airflow/example_dags/example_task_group_decorator.py for tasks to queue
[2024-11-15T05:13:45.321+0000] {logging_mixin.py:190} INFO - [2024-11-15T05:13:45.321+0000] {dagbag.py:588} INFO - Filling up the DagBag from /home/airflow/.local/lib/python3.12/site-packages/airflow/example_dags/example_task_group_decorator.py
[2024-11-15T05:13:45.345+0000] {processor.py:925} INFO - DAG(s) 'example_task_group_decorator' retrieved from /home/airflow/.local/lib/python3.12/site-packages/airflow/example_dags/example_task_group_decorator.py
[2024-11-15T05:13:45.377+0000] {logging_mixin.py:190} INFO - [2024-11-15T05:13:45.376+0000] {dag.py:3239} INFO - Sync 1 DAGs
[2024-11-15T05:13:45.395+0000] {logging_mixin.py:190} INFO - [2024-11-15T05:13:45.395+0000] {dag.py:4180} INFO - Setting next_dagrun for example_task_group_decorator to None, run_after=None
[2024-11-15T05:13:45.425+0000] {processor.py:208} INFO - Processing /home/airflow/.local/lib/python3.12/site-packages/airflow/example_dags/example_task_group_decorator.py took 0.117 seconds
[2024-11-15T05:14:16.860+0000] {processor.py:186} INFO - Started process (PID=261) to work on /home/airflow/.local/lib/python3.12/site-packages/airflow/example_dags/example_task_group_decorator.py
[2024-11-15T05:14:16.863+0000] {processor.py:914} INFO - Processing file /home/airflow/.local/lib/python3.12/site-packages/airflow/example_dags/example_task_group_decorator.py for tasks to queue
[2024-11-15T05:14:16.867+0000] {logging_mixin.py:190} INFO - [2024-11-15T05:14:16.866+0000] {dagbag.py:588} INFO - Filling up the DagBag from /home/airflow/.local/lib/python3.12/site-packages/airflow/example_dags/example_task_group_decorator.py
[2024-11-15T05:14:16.885+0000] {processor.py:925} INFO - DAG(s) 'example_task_group_decorator' retrieved from /home/airflow/.local/lib/python3.12/site-packages/airflow/example_dags/example_task_group_decorator.py
[2024-11-15T05:14:16.916+0000] {logging_mixin.py:190} INFO - [2024-11-15T05:14:16.915+0000] {dag.py:3239} INFO - Sync 1 DAGs
[2024-11-15T05:14:16.936+0000] {logging_mixin.py:190} INFO - [2024-11-15T05:14:16.935+0000] {dag.py:4180} INFO - Setting next_dagrun for example_task_group_decorator to None, run_after=None
[2024-11-15T05:14:16.964+0000] {processor.py:208} INFO - Processing /home/airflow/.local/lib/python3.12/site-packages/airflow/example_dags/example_task_group_decorator.py took 0.113 seconds
[2024-11-15T05:14:47.704+0000] {processor.py:186} INFO - Started process (PID=325) to work on /home/airflow/.local/lib/python3.12/site-packages/airflow/example_dags/example_task_group_decorator.py
[2024-11-15T05:14:47.705+0000] {processor.py:914} INFO - Processing file /home/airflow/.local/lib/python3.12/site-packages/airflow/example_dags/example_task_group_decorator.py for tasks to queue
[2024-11-15T05:14:47.707+0000] {logging_mixin.py:190} INFO - [2024-11-15T05:14:47.707+0000] {dagbag.py:588} INFO - Filling up the DagBag from /home/airflow/.local/lib/python3.12/site-packages/airflow/example_dags/example_task_group_decorator.py
[2024-11-15T05:14:47.727+0000] {processor.py:925} INFO - DAG(s) 'example_task_group_decorator' retrieved from /home/airflow/.local/lib/python3.12/site-packages/airflow/example_dags/example_task_group_decorator.py
[2024-11-15T05:14:47.754+0000] {logging_mixin.py:190} INFO - [2024-11-15T05:14:47.753+0000] {dag.py:3239} INFO - Sync 1 DAGs
[2024-11-15T05:14:47.769+0000] {logging_mixin.py:190} INFO - [2024-11-15T05:14:47.769+0000] {dag.py:4180} INFO - Setting next_dagrun for example_task_group_decorator to None, run_after=None
[2024-11-15T05:14:47.793+0000] {processor.py:208} INFO - Processing /home/airflow/.local/lib/python3.12/site-packages/airflow/example_dags/example_task_group_decorator.py took 0.095 seconds
[2024-11-15T05:15:19.034+0000] {processor.py:186} INFO - Started process (PID=416) to work on /home/airflow/.local/lib/python3.12/site-packages/airflow/example_dags/example_task_group_decorator.py
[2024-11-15T05:15:19.036+0000] {processor.py:914} INFO - Processing file /home/airflow/.local/lib/python3.12/site-packages/airflow/example_dags/example_task_group_decorator.py for tasks to queue
[2024-11-15T05:15:19.039+0000] {logging_mixin.py:190} INFO - [2024-11-15T05:15:19.039+0000] {dagbag.py:588} INFO - Filling up the DagBag from /home/airflow/.local/lib/python3.12/site-packages/airflow/example_dags/example_task_group_decorator.py
[2024-11-15T05:15:19.058+0000] {processor.py:925} INFO - DAG(s) 'example_task_group_decorator' retrieved from /home/airflow/.local/lib/python3.12/site-packages/airflow/example_dags/example_task_group_decorator.py
[2024-11-15T05:15:19.090+0000] {logging_mixin.py:190} INFO - [2024-11-15T05:15:19.090+0000] {dag.py:3239} INFO - Sync 1 DAGs
[2024-11-15T05:15:19.107+0000] {logging_mixin.py:190} INFO - [2024-11-15T05:15:19.107+0000] {dag.py:4180} INFO - Setting next_dagrun for example_task_group_decorator to None, run_after=None
[2024-11-15T05:15:19.134+0000] {processor.py:208} INFO - Processing /home/airflow/.local/lib/python3.12/site-packages/airflow/example_dags/example_task_group_decorator.py took 0.110 seconds
[2024-11-15T05:15:50.754+0000] {processor.py:186} INFO - Started process (PID=492) to work on /home/airflow/.local/lib/python3.12/site-packages/airflow/example_dags/example_task_group_decorator.py
[2024-11-15T05:15:50.756+0000] {processor.py:914} INFO - Processing file /home/airflow/.local/lib/python3.12/site-packages/airflow/example_dags/example_task_group_decorator.py for tasks to queue
[2024-11-15T05:15:50.759+0000] {logging_mixin.py:190} INFO - [2024-11-15T05:15:50.758+0000] {dagbag.py:588} INFO - Filling up the DagBag from /home/airflow/.local/lib/python3.12/site-packages/airflow/example_dags/example_task_group_decorator.py
[2024-11-15T05:15:50.781+0000] {processor.py:925} INFO - DAG(s) 'example_task_group_decorator' retrieved from /home/airflow/.local/lib/python3.12/site-packages/airflow/example_dags/example_task_group_decorator.py
[2024-11-15T05:15:50.814+0000] {logging_mixin.py:190} INFO - [2024-11-15T05:15:50.814+0000] {dag.py:3239} INFO - Sync 1 DAGs
[2024-11-15T05:15:50.837+0000] {logging_mixin.py:190} INFO - [2024-11-15T05:15:50.837+0000] {dag.py:4180} INFO - Setting next_dagrun for example_task_group_decorator to None, run_after=None
[2024-11-15T05:15:50.866+0000] {processor.py:208} INFO - Processing /home/airflow/.local/lib/python3.12/site-packages/airflow/example_dags/example_task_group_decorator.py took 0.127 seconds
[2024-11-15T05:16:21.945+0000] {processor.py:186} INFO - Started process (PID=556) to work on /home/airflow/.local/lib/python3.12/site-packages/airflow/example_dags/example_task_group_decorator.py
[2024-11-15T05:16:21.946+0000] {processor.py:914} INFO - Processing file /home/airflow/.local/lib/python3.12/site-packages/airflow/example_dags/example_task_group_decorator.py for tasks to queue
[2024-11-15T05:16:21.948+0000] {logging_mixin.py:190} INFO - [2024-11-15T05:16:21.948+0000] {dagbag.py:588} INFO - Filling up the DagBag from /home/airflow/.local/lib/python3.12/site-packages/airflow/example_dags/example_task_group_decorator.py
[2024-11-15T05:16:21.962+0000] {processor.py:925} INFO - DAG(s) 'example_task_group_decorator' retrieved from /home/airflow/.local/lib/python3.12/site-packages/airflow/example_dags/example_task_group_decorator.py
[2024-11-15T05:16:21.985+0000] {logging_mixin.py:190} INFO - [2024-11-15T05:16:21.985+0000] {dag.py:3239} INFO - Sync 1 DAGs
[2024-11-15T05:16:22.001+0000] {logging_mixin.py:190} INFO - [2024-11-15T05:16:22.000+0000] {dag.py:4180} INFO - Setting next_dagrun for example_task_group_decorator to None, run_after=None
[2024-11-15T05:16:22.030+0000] {processor.py:208} INFO - Processing /home/airflow/.local/lib/python3.12/site-packages/airflow/example_dags/example_task_group_decorator.py took 0.092 seconds
[2024-11-15T05:16:52.832+0000] {processor.py:186} INFO - Started process (PID=620) to work on /home/airflow/.local/lib/python3.12/site-packages/airflow/example_dags/example_task_group_decorator.py
[2024-11-15T05:16:52.833+0000] {processor.py:914} INFO - Processing file /home/airflow/.local/lib/python3.12/site-packages/airflow/example_dags/example_task_group_decorator.py for tasks to queue
[2024-11-15T05:16:52.835+0000] {logging_mixin.py:190} INFO - [2024-11-15T05:16:52.835+0000] {dagbag.py:588} INFO - Filling up the DagBag from /home/airflow/.local/lib/python3.12/site-packages/airflow/example_dags/example_task_group_decorator.py
[2024-11-15T05:16:52.849+0000] {processor.py:925} INFO - DAG(s) 'example_task_group_decorator' retrieved from /home/airflow/.local/lib/python3.12/site-packages/airflow/example_dags/example_task_group_decorator.py
[2024-11-15T05:16:52.872+0000] {logging_mixin.py:190} INFO - [2024-11-15T05:16:52.872+0000] {dag.py:3239} INFO - Sync 1 DAGs
[2024-11-15T05:16:52.889+0000] {logging_mixin.py:190} INFO - [2024-11-15T05:16:52.889+0000] {dag.py:4180} INFO - Setting next_dagrun for example_task_group_decorator to None, run_after=None
[2024-11-15T05:16:52.913+0000] {processor.py:208} INFO - Processing /home/airflow/.local/lib/python3.12/site-packages/airflow/example_dags/example_task_group_decorator.py took 0.090 seconds
[2024-11-15T05:17:24.178+0000] {processor.py:186} INFO - Started process (PID=684) to work on /home/airflow/.local/lib/python3.12/site-packages/airflow/example_dags/example_task_group_decorator.py
[2024-11-15T05:17:24.179+0000] {processor.py:914} INFO - Processing file /home/airflow/.local/lib/python3.12/site-packages/airflow/example_dags/example_task_group_decorator.py for tasks to queue
[2024-11-15T05:17:24.182+0000] {logging_mixin.py:190} INFO - [2024-11-15T05:17:24.181+0000] {dagbag.py:588} INFO - Filling up the DagBag from /home/airflow/.local/lib/python3.12/site-packages/airflow/example_dags/example_task_group_decorator.py
[2024-11-15T05:17:24.196+0000] {processor.py:925} INFO - DAG(s) 'example_task_group_decorator' retrieved from /home/airflow/.local/lib/python3.12/site-packages/airflow/example_dags/example_task_group_decorator.py
[2024-11-15T05:17:24.224+0000] {logging_mixin.py:190} INFO - [2024-11-15T05:17:24.223+0000] {dag.py:3239} INFO - Sync 1 DAGs
[2024-11-15T05:17:24.240+0000] {logging_mixin.py:190} INFO - [2024-11-15T05:17:24.240+0000] {dag.py:4180} INFO - Setting next_dagrun for example_task_group_decorator to None, run_after=None
[2024-11-15T05:17:24.268+0000] {processor.py:208} INFO - Processing /home/airflow/.local/lib/python3.12/site-packages/airflow/example_dags/example_task_group_decorator.py took 0.099 seconds
[2024-11-15T05:17:55.635+0000] {processor.py:186} INFO - Started process (PID=748) to work on /home/airflow/.local/lib/python3.12/site-packages/airflow/example_dags/example_task_group_decorator.py
[2024-11-15T05:17:55.636+0000] {processor.py:914} INFO - Processing file /home/airflow/.local/lib/python3.12/site-packages/airflow/example_dags/example_task_group_decorator.py for tasks to queue
[2024-11-15T05:17:55.639+0000] {logging_mixin.py:190} INFO - [2024-11-15T05:17:55.638+0000] {dagbag.py:588} INFO - Filling up the DagBag from /home/airflow/.local/lib/python3.12/site-packages/airflow/example_dags/example_task_group_decorator.py
[2024-11-15T05:17:55.652+0000] {processor.py:925} INFO - DAG(s) 'example_task_group_decorator' retrieved from /home/airflow/.local/lib/python3.12/site-packages/airflow/example_dags/example_task_group_decorator.py
[2024-11-15T05:17:55.676+0000] {logging_mixin.py:190} INFO - [2024-11-15T05:17:55.676+0000] {dag.py:3239} INFO - Sync 1 DAGs
[2024-11-15T05:17:55.690+0000] {logging_mixin.py:190} INFO - [2024-11-15T05:17:55.689+0000] {dag.py:4180} INFO - Setting next_dagrun for example_task_group_decorator to None, run_after=None
[2024-11-15T05:17:55.713+0000] {processor.py:208} INFO - Processing /home/airflow/.local/lib/python3.12/site-packages/airflow/example_dags/example_task_group_decorator.py took 0.086 seconds
[2024-11-15T05:20:05.588+0000] {processor.py:186} INFO - Started process (PID=60) to work on /home/airflow/.local/lib/python3.12/site-packages/airflow/example_dags/example_task_group_decorator.py
[2024-11-15T05:20:05.590+0000] {processor.py:914} INFO - Processing file /home/airflow/.local/lib/python3.12/site-packages/airflow/example_dags/example_task_group_decorator.py for tasks to queue
[2024-11-15T05:20:05.594+0000] {logging_mixin.py:190} INFO - [2024-11-15T05:20:05.594+0000] {dagbag.py:588} INFO - Filling up the DagBag from /home/airflow/.local/lib/python3.12/site-packages/airflow/example_dags/example_task_group_decorator.py
[2024-11-15T05:20:05.619+0000] {processor.py:925} INFO - DAG(s) 'example_task_group_decorator' retrieved from /home/airflow/.local/lib/python3.12/site-packages/airflow/example_dags/example_task_group_decorator.py
[2024-11-15T05:20:05.778+0000] {logging_mixin.py:190} INFO - [2024-11-15T05:20:05.777+0000] {override.py:1911} INFO - Created Permission View: can delete on DAG:example_task_group_decorator
[2024-11-15T05:20:05.797+0000] {logging_mixin.py:190} INFO - [2024-11-15T05:20:05.796+0000] {override.py:1911} INFO - Created Permission View: can edit on DAG:example_task_group_decorator
[2024-11-15T05:20:05.812+0000] {logging_mixin.py:190} INFO - [2024-11-15T05:20:05.811+0000] {override.py:1911} INFO - Created Permission View: can read on DAG:example_task_group_decorator
[2024-11-15T05:20:05.828+0000] {logging_mixin.py:190} INFO - [2024-11-15T05:20:05.828+0000] {override.py:1911} INFO - Created Permission View: can delete on DAG Run:example_task_group_decorator
[2024-11-15T05:20:05.843+0000] {logging_mixin.py:190} INFO - [2024-11-15T05:20:05.843+0000] {override.py:1911} INFO - Created Permission View: can read on DAG Run:example_task_group_decorator
[2024-11-15T05:20:05.857+0000] {logging_mixin.py:190} INFO - [2024-11-15T05:20:05.856+0000] {override.py:1911} INFO - Created Permission View: can create on DAG Run:example_task_group_decorator
[2024-11-15T05:20:05.871+0000] {logging_mixin.py:190} INFO - [2024-11-15T05:20:05.870+0000] {override.py:1911} INFO - Created Permission View: menu access on DAG Run:example_task_group_decorator
[2024-11-15T05:20:05.872+0000] {logging_mixin.py:190} INFO - [2024-11-15T05:20:05.871+0000] {dag.py:3239} INFO - Sync 1 DAGs
[2024-11-15T05:20:05.889+0000] {logging_mixin.py:190} INFO - [2024-11-15T05:20:05.889+0000] {dag.py:3262} INFO - Creating ORM DAG for example_task_group_decorator
[2024-11-15T05:20:05.891+0000] {logging_mixin.py:190} INFO - [2024-11-15T05:20:05.890+0000] {dag.py:4180} INFO - Setting next_dagrun for example_task_group_decorator to None, run_after=None
[2024-11-15T05:20:05.916+0000] {processor.py:208} INFO - Processing /home/airflow/.local/lib/python3.12/site-packages/airflow/example_dags/example_task_group_decorator.py took 0.339 seconds
[2024-11-15T05:20:36.476+0000] {processor.py:186} INFO - Started process (PID=124) to work on /home/airflow/.local/lib/python3.12/site-packages/airflow/example_dags/example_task_group_decorator.py
[2024-11-15T05:20:36.477+0000] {processor.py:914} INFO - Processing file /home/airflow/.local/lib/python3.12/site-packages/airflow/example_dags/example_task_group_decorator.py for tasks to queue
[2024-11-15T05:20:36.480+0000] {logging_mixin.py:190} INFO - [2024-11-15T05:20:36.480+0000] {dagbag.py:588} INFO - Filling up the DagBag from /home/airflow/.local/lib/python3.12/site-packages/airflow/example_dags/example_task_group_decorator.py
[2024-11-15T05:20:36.494+0000] {processor.py:925} INFO - DAG(s) 'example_task_group_decorator' retrieved from /home/airflow/.local/lib/python3.12/site-packages/airflow/example_dags/example_task_group_decorator.py
[2024-11-15T05:20:36.523+0000] {logging_mixin.py:190} INFO - [2024-11-15T05:20:36.523+0000] {dag.py:3239} INFO - Sync 1 DAGs
[2024-11-15T05:20:36.543+0000] {logging_mixin.py:190} INFO - [2024-11-15T05:20:36.543+0000] {dag.py:4180} INFO - Setting next_dagrun for example_task_group_decorator to None, run_after=None
[2024-11-15T05:20:36.574+0000] {processor.py:208} INFO - Processing /home/airflow/.local/lib/python3.12/site-packages/airflow/example_dags/example_task_group_decorator.py took 0.104 seconds
[2024-11-15T05:21:07.027+0000] {processor.py:186} INFO - Started process (PID=188) to work on /home/airflow/.local/lib/python3.12/site-packages/airflow/example_dags/example_task_group_decorator.py
[2024-11-15T05:21:07.029+0000] {processor.py:914} INFO - Processing file /home/airflow/.local/lib/python3.12/site-packages/airflow/example_dags/example_task_group_decorator.py for tasks to queue
[2024-11-15T05:21:07.035+0000] {logging_mixin.py:190} INFO - [2024-11-15T05:21:07.034+0000] {dagbag.py:588} INFO - Filling up the DagBag from /home/airflow/.local/lib/python3.12/site-packages/airflow/example_dags/example_task_group_decorator.py
[2024-11-15T05:21:07.091+0000] {processor.py:925} INFO - DAG(s) 'example_task_group_decorator' retrieved from /home/airflow/.local/lib/python3.12/site-packages/airflow/example_dags/example_task_group_decorator.py
[2024-11-15T05:21:07.150+0000] {logging_mixin.py:190} INFO - [2024-11-15T05:21:07.150+0000] {dag.py:3239} INFO - Sync 1 DAGs
[2024-11-15T05:21:07.179+0000] {logging_mixin.py:190} INFO - [2024-11-15T05:21:07.179+0000] {dag.py:4180} INFO - Setting next_dagrun for example_task_group_decorator to None, run_after=None
[2024-11-15T05:21:07.220+0000] {processor.py:208} INFO - Processing /home/airflow/.local/lib/python3.12/site-packages/airflow/example_dags/example_task_group_decorator.py took 0.211 seconds
[2024-11-15T05:21:37.673+0000] {processor.py:186} INFO - Started process (PID=251) to work on /home/airflow/.local/lib/python3.12/site-packages/airflow/example_dags/example_task_group_decorator.py
[2024-11-15T05:21:37.674+0000] {processor.py:914} INFO - Processing file /home/airflow/.local/lib/python3.12/site-packages/airflow/example_dags/example_task_group_decorator.py for tasks to queue
[2024-11-15T05:21:37.676+0000] {logging_mixin.py:190} INFO - [2024-11-15T05:21:37.676+0000] {dagbag.py:588} INFO - Filling up the DagBag from /home/airflow/.local/lib/python3.12/site-packages/airflow/example_dags/example_task_group_decorator.py
[2024-11-15T05:21:37.690+0000] {processor.py:925} INFO - DAG(s) 'example_task_group_decorator' retrieved from /home/airflow/.local/lib/python3.12/site-packages/airflow/example_dags/example_task_group_decorator.py
[2024-11-15T05:21:37.713+0000] {logging_mixin.py:190} INFO - [2024-11-15T05:21:37.713+0000] {dag.py:3239} INFO - Sync 1 DAGs
[2024-11-15T05:21:37.730+0000] {logging_mixin.py:190} INFO - [2024-11-15T05:21:37.729+0000] {dag.py:4180} INFO - Setting next_dagrun for example_task_group_decorator to None, run_after=None
[2024-11-15T05:21:37.753+0000] {processor.py:208} INFO - Processing /home/airflow/.local/lib/python3.12/site-packages/airflow/example_dags/example_task_group_decorator.py took 0.085 seconds
[2024-11-15T05:22:07.807+0000] {processor.py:186} INFO - Started process (PID=314) to work on /home/airflow/.local/lib/python3.12/site-packages/airflow/example_dags/example_task_group_decorator.py
[2024-11-15T05:22:07.808+0000] {processor.py:914} INFO - Processing file /home/airflow/.local/lib/python3.12/site-packages/airflow/example_dags/example_task_group_decorator.py for tasks to queue
[2024-11-15T05:22:07.811+0000] {logging_mixin.py:190} INFO - [2024-11-15T05:22:07.810+0000] {dagbag.py:588} INFO - Filling up the DagBag from /home/airflow/.local/lib/python3.12/site-packages/airflow/example_dags/example_task_group_decorator.py
[2024-11-15T05:22:07.826+0000] {processor.py:925} INFO - DAG(s) 'example_task_group_decorator' retrieved from /home/airflow/.local/lib/python3.12/site-packages/airflow/example_dags/example_task_group_decorator.py
[2024-11-15T05:22:07.850+0000] {logging_mixin.py:190} INFO - [2024-11-15T05:22:07.850+0000] {dag.py:3239} INFO - Sync 1 DAGs
[2024-11-15T05:22:07.864+0000] {logging_mixin.py:190} INFO - [2024-11-15T05:22:07.863+0000] {dag.py:4180} INFO - Setting next_dagrun for example_task_group_decorator to None, run_after=None
[2024-11-15T05:22:07.883+0000] {processor.py:208} INFO - Processing /home/airflow/.local/lib/python3.12/site-packages/airflow/example_dags/example_task_group_decorator.py took 0.084 seconds
[2024-11-15T05:22:38.110+0000] {processor.py:186} INFO - Started process (PID=378) to work on /home/airflow/.local/lib/python3.12/site-packages/airflow/example_dags/example_task_group_decorator.py
[2024-11-15T05:22:38.111+0000] {processor.py:914} INFO - Processing file /home/airflow/.local/lib/python3.12/site-packages/airflow/example_dags/example_task_group_decorator.py for tasks to queue
[2024-11-15T05:22:38.114+0000] {logging_mixin.py:190} INFO - [2024-11-15T05:22:38.113+0000] {dagbag.py:588} INFO - Filling up the DagBag from /home/airflow/.local/lib/python3.12/site-packages/airflow/example_dags/example_task_group_decorator.py
[2024-11-15T05:22:38.131+0000] {processor.py:925} INFO - DAG(s) 'example_task_group_decorator' retrieved from /home/airflow/.local/lib/python3.12/site-packages/airflow/example_dags/example_task_group_decorator.py
[2024-11-15T05:22:38.157+0000] {logging_mixin.py:190} INFO - [2024-11-15T05:22:38.157+0000] {dag.py:3239} INFO - Sync 1 DAGs
[2024-11-15T05:22:38.174+0000] {logging_mixin.py:190} INFO - [2024-11-15T05:22:38.174+0000] {dag.py:4180} INFO - Setting next_dagrun for example_task_group_decorator to None, run_after=None
[2024-11-15T05:22:38.199+0000] {processor.py:208} INFO - Processing /home/airflow/.local/lib/python3.12/site-packages/airflow/example_dags/example_task_group_decorator.py took 0.094 seconds
[2024-11-15T05:23:08.667+0000] {processor.py:186} INFO - Started process (PID=442) to work on /home/airflow/.local/lib/python3.12/site-packages/airflow/example_dags/example_task_group_decorator.py
[2024-11-15T05:23:08.668+0000] {processor.py:914} INFO - Processing file /home/airflow/.local/lib/python3.12/site-packages/airflow/example_dags/example_task_group_decorator.py for tasks to queue
[2024-11-15T05:23:08.672+0000] {logging_mixin.py:190} INFO - [2024-11-15T05:23:08.672+0000] {dagbag.py:588} INFO - Filling up the DagBag from /home/airflow/.local/lib/python3.12/site-packages/airflow/example_dags/example_task_group_decorator.py
[2024-11-15T05:23:08.691+0000] {processor.py:925} INFO - DAG(s) 'example_task_group_decorator' retrieved from /home/airflow/.local/lib/python3.12/site-packages/airflow/example_dags/example_task_group_decorator.py
[2024-11-15T05:23:08.715+0000] {logging_mixin.py:190} INFO - [2024-11-15T05:23:08.715+0000] {dag.py:3239} INFO - Sync 1 DAGs
[2024-11-15T05:23:08.734+0000] {logging_mixin.py:190} INFO - [2024-11-15T05:23:08.734+0000] {dag.py:4180} INFO - Setting next_dagrun for example_task_group_decorator to None, run_after=None
[2024-11-15T05:23:08.765+0000] {processor.py:208} INFO - Processing /home/airflow/.local/lib/python3.12/site-packages/airflow/example_dags/example_task_group_decorator.py took 0.104 seconds
