[2024-11-15T05:12:47.761+0000] {processor.py:186} INFO - Started process (PID=80) to work on /home/airflow/.local/lib/python3.12/site-packages/airflow/example_dags/example_xcom.py
[2024-11-15T05:12:47.763+0000] {processor.py:914} INFO - Processing file /home/airflow/.local/lib/python3.12/site-packages/airflow/example_dags/example_xcom.py for tasks to queue
[2024-11-15T05:12:47.769+0000] {logging_mixin.py:190} INFO - [2024-11-15T05:12:47.768+0000] {dagbag.py:588} INFO - Filling up the DagBag from /home/airflow/.local/lib/python3.12/site-packages/airflow/example_dags/example_xcom.py
[2024-11-15T05:12:47.790+0000] {processor.py:925} INFO - DAG(s) 'example_xcom' retrieved from /home/airflow/.local/lib/python3.12/site-packages/airflow/example_dags/example_xcom.py
[2024-11-15T05:12:48.050+0000] {logging_mixin.py:190} INFO - [2024-11-15T05:12:48.048+0000] {override.py:1911} INFO - Created Permission View: can delete on DAG:example_xcom
[2024-11-15T05:12:48.071+0000] {logging_mixin.py:190} INFO - [2024-11-15T05:12:48.070+0000] {override.py:1911} INFO - Created Permission View: can edit on DAG:example_xcom
[2024-11-15T05:12:48.088+0000] {logging_mixin.py:190} INFO - [2024-11-15T05:12:48.087+0000] {override.py:1911} INFO - Created Permission View: can read on DAG:example_xcom
[2024-11-15T05:12:48.107+0000] {logging_mixin.py:190} INFO - [2024-11-15T05:12:48.107+0000] {override.py:1911} INFO - Created Permission View: can create on DAG Run:example_xcom
[2024-11-15T05:12:48.120+0000] {logging_mixin.py:190} INFO - [2024-11-15T05:12:48.120+0000] {override.py:1911} INFO - Created Permission View: can delete on DAG Run:example_xcom
[2024-11-15T05:12:48.134+0000] {logging_mixin.py:190} INFO - [2024-11-15T05:12:48.133+0000] {override.py:1911} INFO - Created Permission View: menu access on DAG Run:example_xcom
[2024-11-15T05:12:48.148+0000] {logging_mixin.py:190} INFO - [2024-11-15T05:12:48.148+0000] {override.py:1911} INFO - Created Permission View: can read on DAG Run:example_xcom
[2024-11-15T05:12:48.150+0000] {logging_mixin.py:190} INFO - [2024-11-15T05:12:48.149+0000] {dag.py:3239} INFO - Sync 1 DAGs
[2024-11-15T05:12:48.173+0000] {logging_mixin.py:190} INFO - [2024-11-15T05:12:48.173+0000] {dag.py:3262} INFO - Creating ORM DAG for example_xcom
[2024-11-15T05:12:48.190+0000] {logging_mixin.py:190} INFO - [2024-11-15T05:12:48.190+0000] {dag.py:4180} INFO - Setting next_dagrun for example_xcom to 2021-01-01 00:00:00+00:00, run_after=2021-01-01 00:00:00+00:00
[2024-11-15T05:12:48.222+0000] {processor.py:208} INFO - Processing /home/airflow/.local/lib/python3.12/site-packages/airflow/example_dags/example_xcom.py took 0.474 seconds
[2024-11-15T05:13:18.313+0000] {processor.py:186} INFO - Started process (PID=152) to work on /home/airflow/.local/lib/python3.12/site-packages/airflow/example_dags/example_xcom.py
[2024-11-15T05:13:18.314+0000] {processor.py:914} INFO - Processing file /home/airflow/.local/lib/python3.12/site-packages/airflow/example_dags/example_xcom.py for tasks to queue
[2024-11-15T05:13:18.316+0000] {logging_mixin.py:190} INFO - [2024-11-15T05:13:18.315+0000] {dagbag.py:588} INFO - Filling up the DagBag from /home/airflow/.local/lib/python3.12/site-packages/airflow/example_dags/example_xcom.py
[2024-11-15T05:13:18.324+0000] {processor.py:925} INFO - DAG(s) 'example_xcom' retrieved from /home/airflow/.local/lib/python3.12/site-packages/airflow/example_dags/example_xcom.py
[2024-11-15T05:13:18.345+0000] {logging_mixin.py:190} INFO - [2024-11-15T05:13:18.344+0000] {dag.py:3239} INFO - Sync 1 DAGs
[2024-11-15T05:13:18.365+0000] {logging_mixin.py:190} INFO - [2024-11-15T05:13:18.365+0000] {dag.py:4180} INFO - Setting next_dagrun for example_xcom to 2021-01-01 00:00:00+00:00, run_after=2021-01-01 00:00:00+00:00
[2024-11-15T05:13:18.390+0000] {processor.py:208} INFO - Processing /home/airflow/.local/lib/python3.12/site-packages/airflow/example_dags/example_xcom.py took 0.083 seconds
[2024-11-15T05:13:48.677+0000] {processor.py:186} INFO - Started process (PID=215) to work on /home/airflow/.local/lib/python3.12/site-packages/airflow/example_dags/example_xcom.py
[2024-11-15T05:13:48.678+0000] {processor.py:914} INFO - Processing file /home/airflow/.local/lib/python3.12/site-packages/airflow/example_dags/example_xcom.py for tasks to queue
[2024-11-15T05:13:48.680+0000] {logging_mixin.py:190} INFO - [2024-11-15T05:13:48.680+0000] {dagbag.py:588} INFO - Filling up the DagBag from /home/airflow/.local/lib/python3.12/site-packages/airflow/example_dags/example_xcom.py
[2024-11-15T05:13:48.688+0000] {processor.py:925} INFO - DAG(s) 'example_xcom' retrieved from /home/airflow/.local/lib/python3.12/site-packages/airflow/example_dags/example_xcom.py
[2024-11-15T05:13:48.707+0000] {logging_mixin.py:190} INFO - [2024-11-15T05:13:48.707+0000] {dag.py:3239} INFO - Sync 1 DAGs
[2024-11-15T05:13:48.725+0000] {logging_mixin.py:190} INFO - [2024-11-15T05:13:48.725+0000] {dag.py:4180} INFO - Setting next_dagrun for example_xcom to 2021-01-01 00:00:00+00:00, run_after=2021-01-01 00:00:00+00:00
[2024-11-15T05:13:48.747+0000] {processor.py:208} INFO - Processing /home/airflow/.local/lib/python3.12/site-packages/airflow/example_dags/example_xcom.py took 0.075 seconds
[2024-11-15T05:14:19.341+0000] {processor.py:186} INFO - Started process (PID=279) to work on /home/airflow/.local/lib/python3.12/site-packages/airflow/example_dags/example_xcom.py
[2024-11-15T05:14:19.342+0000] {processor.py:914} INFO - Processing file /home/airflow/.local/lib/python3.12/site-packages/airflow/example_dags/example_xcom.py for tasks to queue
[2024-11-15T05:14:19.347+0000] {logging_mixin.py:190} INFO - [2024-11-15T05:14:19.346+0000] {dagbag.py:588} INFO - Filling up the DagBag from /home/airflow/.local/lib/python3.12/site-packages/airflow/example_dags/example_xcom.py
[2024-11-15T05:14:19.373+0000] {processor.py:925} INFO - DAG(s) 'example_xcom' retrieved from /home/airflow/.local/lib/python3.12/site-packages/airflow/example_dags/example_xcom.py
[2024-11-15T05:14:19.424+0000] {logging_mixin.py:190} INFO - [2024-11-15T05:14:19.424+0000] {dag.py:3239} INFO - Sync 1 DAGs
[2024-11-15T05:14:19.522+0000] {logging_mixin.py:190} INFO - [2024-11-15T05:14:19.522+0000] {dag.py:4180} INFO - Setting next_dagrun for example_xcom to 2021-01-01 00:00:00+00:00, run_after=2021-01-01 00:00:00+00:00
[2024-11-15T05:14:19.566+0000] {processor.py:208} INFO - Processing /home/airflow/.local/lib/python3.12/site-packages/airflow/example_dags/example_xcom.py took 0.233 seconds
[2024-11-15T05:14:49.939+0000] {processor.py:186} INFO - Started process (PID=343) to work on /home/airflow/.local/lib/python3.12/site-packages/airflow/example_dags/example_xcom.py
[2024-11-15T05:14:49.940+0000] {processor.py:914} INFO - Processing file /home/airflow/.local/lib/python3.12/site-packages/airflow/example_dags/example_xcom.py for tasks to queue
[2024-11-15T05:14:49.942+0000] {logging_mixin.py:190} INFO - [2024-11-15T05:14:49.942+0000] {dagbag.py:588} INFO - Filling up the DagBag from /home/airflow/.local/lib/python3.12/site-packages/airflow/example_dags/example_xcom.py
[2024-11-15T05:14:49.951+0000] {processor.py:925} INFO - DAG(s) 'example_xcom' retrieved from /home/airflow/.local/lib/python3.12/site-packages/airflow/example_dags/example_xcom.py
[2024-11-15T05:14:49.969+0000] {logging_mixin.py:190} INFO - [2024-11-15T05:14:49.969+0000] {dag.py:3239} INFO - Sync 1 DAGs
[2024-11-15T05:14:49.989+0000] {logging_mixin.py:190} INFO - [2024-11-15T05:14:49.988+0000] {dag.py:4180} INFO - Setting next_dagrun for example_xcom to 2021-01-01 00:00:00+00:00, run_after=2021-01-01 00:00:00+00:00
[2024-11-15T05:14:50.012+0000] {processor.py:208} INFO - Processing /home/airflow/.local/lib/python3.12/site-packages/airflow/example_dags/example_xcom.py took 0.078 seconds
[2024-11-15T05:15:20.892+0000] {processor.py:186} INFO - Started process (PID=434) to work on /home/airflow/.local/lib/python3.12/site-packages/airflow/example_dags/example_xcom.py
[2024-11-15T05:15:20.894+0000] {processor.py:914} INFO - Processing file /home/airflow/.local/lib/python3.12/site-packages/airflow/example_dags/example_xcom.py for tasks to queue
[2024-11-15T05:15:20.899+0000] {logging_mixin.py:190} INFO - [2024-11-15T05:15:20.899+0000] {dagbag.py:588} INFO - Filling up the DagBag from /home/airflow/.local/lib/python3.12/site-packages/airflow/example_dags/example_xcom.py
[2024-11-15T05:15:20.911+0000] {processor.py:925} INFO - DAG(s) 'example_xcom' retrieved from /home/airflow/.local/lib/python3.12/site-packages/airflow/example_dags/example_xcom.py
[2024-11-15T05:15:20.946+0000] {logging_mixin.py:190} INFO - [2024-11-15T05:15:20.945+0000] {dag.py:3239} INFO - Sync 1 DAGs
[2024-11-15T05:15:20.979+0000] {logging_mixin.py:190} INFO - [2024-11-15T05:15:20.978+0000] {dag.py:4180} INFO - Setting next_dagrun for example_xcom to 2021-01-01 00:00:00+00:00, run_after=2021-01-01 00:00:00+00:00
[2024-11-15T05:15:21.012+0000] {processor.py:208} INFO - Processing /home/airflow/.local/lib/python3.12/site-packages/airflow/example_dags/example_xcom.py took 0.131 seconds
[2024-11-15T05:15:52.162+0000] {processor.py:186} INFO - Started process (PID=510) to work on /home/airflow/.local/lib/python3.12/site-packages/airflow/example_dags/example_xcom.py
[2024-11-15T05:15:52.163+0000] {processor.py:914} INFO - Processing file /home/airflow/.local/lib/python3.12/site-packages/airflow/example_dags/example_xcom.py for tasks to queue
[2024-11-15T05:15:52.167+0000] {logging_mixin.py:190} INFO - [2024-11-15T05:15:52.166+0000] {dagbag.py:588} INFO - Filling up the DagBag from /home/airflow/.local/lib/python3.12/site-packages/airflow/example_dags/example_xcom.py
[2024-11-15T05:15:52.177+0000] {processor.py:925} INFO - DAG(s) 'example_xcom' retrieved from /home/airflow/.local/lib/python3.12/site-packages/airflow/example_dags/example_xcom.py
[2024-11-15T05:15:52.201+0000] {logging_mixin.py:190} INFO - [2024-11-15T05:15:52.201+0000] {dag.py:3239} INFO - Sync 1 DAGs
[2024-11-15T05:15:52.226+0000] {logging_mixin.py:190} INFO - [2024-11-15T05:15:52.226+0000] {dag.py:4180} INFO - Setting next_dagrun for example_xcom to 2021-01-01 00:00:00+00:00, run_after=2021-01-01 00:00:00+00:00
[2024-11-15T05:15:52.253+0000] {processor.py:208} INFO - Processing /home/airflow/.local/lib/python3.12/site-packages/airflow/example_dags/example_xcom.py took 0.102 seconds
[2024-11-15T05:16:23.052+0000] {processor.py:186} INFO - Started process (PID=574) to work on /home/airflow/.local/lib/python3.12/site-packages/airflow/example_dags/example_xcom.py
[2024-11-15T05:16:23.053+0000] {processor.py:914} INFO - Processing file /home/airflow/.local/lib/python3.12/site-packages/airflow/example_dags/example_xcom.py for tasks to queue
[2024-11-15T05:16:23.056+0000] {logging_mixin.py:190} INFO - [2024-11-15T05:16:23.055+0000] {dagbag.py:588} INFO - Filling up the DagBag from /home/airflow/.local/lib/python3.12/site-packages/airflow/example_dags/example_xcom.py
[2024-11-15T05:16:23.064+0000] {processor.py:925} INFO - DAG(s) 'example_xcom' retrieved from /home/airflow/.local/lib/python3.12/site-packages/airflow/example_dags/example_xcom.py
[2024-11-15T05:16:23.083+0000] {logging_mixin.py:190} INFO - [2024-11-15T05:16:23.082+0000] {dag.py:3239} INFO - Sync 1 DAGs
[2024-11-15T05:16:23.101+0000] {logging_mixin.py:190} INFO - [2024-11-15T05:16:23.101+0000] {dag.py:4180} INFO - Setting next_dagrun for example_xcom to 2021-01-01 00:00:00+00:00, run_after=2021-01-01 00:00:00+00:00
[2024-11-15T05:16:23.122+0000] {processor.py:208} INFO - Processing /home/airflow/.local/lib/python3.12/site-packages/airflow/example_dags/example_xcom.py took 0.077 seconds
[2024-11-15T05:16:54.125+0000] {processor.py:186} INFO - Started process (PID=638) to work on /home/airflow/.local/lib/python3.12/site-packages/airflow/example_dags/example_xcom.py
[2024-11-15T05:16:54.126+0000] {processor.py:914} INFO - Processing file /home/airflow/.local/lib/python3.12/site-packages/airflow/example_dags/example_xcom.py for tasks to queue
[2024-11-15T05:16:54.129+0000] {logging_mixin.py:190} INFO - [2024-11-15T05:16:54.128+0000] {dagbag.py:588} INFO - Filling up the DagBag from /home/airflow/.local/lib/python3.12/site-packages/airflow/example_dags/example_xcom.py
[2024-11-15T05:16:54.138+0000] {processor.py:925} INFO - DAG(s) 'example_xcom' retrieved from /home/airflow/.local/lib/python3.12/site-packages/airflow/example_dags/example_xcom.py
[2024-11-15T05:16:54.158+0000] {logging_mixin.py:190} INFO - [2024-11-15T05:16:54.158+0000] {dag.py:3239} INFO - Sync 1 DAGs
[2024-11-15T05:16:54.182+0000] {logging_mixin.py:190} INFO - [2024-11-15T05:16:54.181+0000] {dag.py:4180} INFO - Setting next_dagrun for example_xcom to 2021-01-01 00:00:00+00:00, run_after=2021-01-01 00:00:00+00:00
[2024-11-15T05:16:54.205+0000] {processor.py:208} INFO - Processing /home/airflow/.local/lib/python3.12/site-packages/airflow/example_dags/example_xcom.py took 0.089 seconds
[2024-11-15T05:17:25.343+0000] {processor.py:186} INFO - Started process (PID=702) to work on /home/airflow/.local/lib/python3.12/site-packages/airflow/example_dags/example_xcom.py
[2024-11-15T05:17:25.344+0000] {processor.py:914} INFO - Processing file /home/airflow/.local/lib/python3.12/site-packages/airflow/example_dags/example_xcom.py for tasks to queue
[2024-11-15T05:17:25.347+0000] {logging_mixin.py:190} INFO - [2024-11-15T05:17:25.347+0000] {dagbag.py:588} INFO - Filling up the DagBag from /home/airflow/.local/lib/python3.12/site-packages/airflow/example_dags/example_xcom.py
[2024-11-15T05:17:25.361+0000] {processor.py:925} INFO - DAG(s) 'example_xcom' retrieved from /home/airflow/.local/lib/python3.12/site-packages/airflow/example_dags/example_xcom.py
[2024-11-15T05:17:25.390+0000] {logging_mixin.py:190} INFO - [2024-11-15T05:17:25.390+0000] {dag.py:3239} INFO - Sync 1 DAGs
[2024-11-15T05:17:25.418+0000] {logging_mixin.py:190} INFO - [2024-11-15T05:17:25.417+0000] {dag.py:4180} INFO - Setting next_dagrun for example_xcom to 2021-01-01 00:00:00+00:00, run_after=2021-01-01 00:00:00+00:00
[2024-11-15T05:17:25.444+0000] {processor.py:208} INFO - Processing /home/airflow/.local/lib/python3.12/site-packages/airflow/example_dags/example_xcom.py took 0.110 seconds
[2024-11-15T05:17:56.936+0000] {processor.py:186} INFO - Started process (PID=766) to work on /home/airflow/.local/lib/python3.12/site-packages/airflow/example_dags/example_xcom.py
[2024-11-15T05:17:56.937+0000] {processor.py:914} INFO - Processing file /home/airflow/.local/lib/python3.12/site-packages/airflow/example_dags/example_xcom.py for tasks to queue
[2024-11-15T05:17:56.940+0000] {logging_mixin.py:190} INFO - [2024-11-15T05:17:56.940+0000] {dagbag.py:588} INFO - Filling up the DagBag from /home/airflow/.local/lib/python3.12/site-packages/airflow/example_dags/example_xcom.py
[2024-11-15T05:17:56.949+0000] {processor.py:925} INFO - DAG(s) 'example_xcom' retrieved from /home/airflow/.local/lib/python3.12/site-packages/airflow/example_dags/example_xcom.py
[2024-11-15T05:17:56.969+0000] {logging_mixin.py:190} INFO - [2024-11-15T05:17:56.969+0000] {dag.py:3239} INFO - Sync 1 DAGs
[2024-11-15T05:17:56.998+0000] {logging_mixin.py:190} INFO - [2024-11-15T05:17:56.998+0000] {dag.py:4180} INFO - Setting next_dagrun for example_xcom to 2021-01-01 00:00:00+00:00, run_after=2021-01-01 00:00:00+00:00
[2024-11-15T05:17:57.021+0000] {processor.py:208} INFO - Processing /home/airflow/.local/lib/python3.12/site-packages/airflow/example_dags/example_xcom.py took 0.093 seconds
[2024-11-15T05:20:10.770+0000] {processor.py:186} INFO - Started process (PID=80) to work on /home/airflow/.local/lib/python3.12/site-packages/airflow/example_dags/example_xcom.py
[2024-11-15T05:20:10.773+0000] {processor.py:914} INFO - Processing file /home/airflow/.local/lib/python3.12/site-packages/airflow/example_dags/example_xcom.py for tasks to queue
[2024-11-15T05:20:10.778+0000] {logging_mixin.py:190} INFO - [2024-11-15T05:20:10.778+0000] {dagbag.py:588} INFO - Filling up the DagBag from /home/airflow/.local/lib/python3.12/site-packages/airflow/example_dags/example_xcom.py
[2024-11-15T05:20:10.793+0000] {processor.py:925} INFO - DAG(s) 'example_xcom' retrieved from /home/airflow/.local/lib/python3.12/site-packages/airflow/example_dags/example_xcom.py
[2024-11-15T05:20:10.948+0000] {logging_mixin.py:190} INFO - [2024-11-15T05:20:10.947+0000] {override.py:1911} INFO - Created Permission View: can delete on DAG:example_xcom
[2024-11-15T05:20:10.971+0000] {logging_mixin.py:190} INFO - [2024-11-15T05:20:10.971+0000] {override.py:1911} INFO - Created Permission View: can edit on DAG:example_xcom
[2024-11-15T05:20:10.986+0000] {logging_mixin.py:190} INFO - [2024-11-15T05:20:10.986+0000] {override.py:1911} INFO - Created Permission View: can read on DAG:example_xcom
[2024-11-15T05:20:11.022+0000] {logging_mixin.py:190} INFO - [2024-11-15T05:20:11.022+0000] {override.py:1911} INFO - Created Permission View: can delete on DAG Run:example_xcom
[2024-11-15T05:20:11.033+0000] {logging_mixin.py:190} INFO - [2024-11-15T05:20:11.033+0000] {override.py:1911} INFO - Created Permission View: can read on DAG Run:example_xcom
[2024-11-15T05:20:11.045+0000] {logging_mixin.py:190} INFO - [2024-11-15T05:20:11.044+0000] {override.py:1911} INFO - Created Permission View: can create on DAG Run:example_xcom
[2024-11-15T05:20:11.059+0000] {logging_mixin.py:190} INFO - [2024-11-15T05:20:11.058+0000] {override.py:1911} INFO - Created Permission View: menu access on DAG Run:example_xcom
[2024-11-15T05:20:11.060+0000] {logging_mixin.py:190} INFO - [2024-11-15T05:20:11.059+0000] {dag.py:3239} INFO - Sync 1 DAGs
[2024-11-15T05:20:11.079+0000] {logging_mixin.py:190} INFO - [2024-11-15T05:20:11.079+0000] {dag.py:3262} INFO - Creating ORM DAG for example_xcom
[2024-11-15T05:20:11.093+0000] {logging_mixin.py:190} INFO - [2024-11-15T05:20:11.093+0000] {dag.py:4180} INFO - Setting next_dagrun for example_xcom to 2021-01-01 00:00:00+00:00, run_after=2021-01-01 00:00:00+00:00
[2024-11-15T05:20:11.122+0000] {processor.py:208} INFO - Processing /home/airflow/.local/lib/python3.12/site-packages/airflow/example_dags/example_xcom.py took 0.363 seconds
[2024-11-15T05:20:41.255+0000] {processor.py:186} INFO - Started process (PID=143) to work on /home/airflow/.local/lib/python3.12/site-packages/airflow/example_dags/example_xcom.py
[2024-11-15T05:20:41.258+0000] {processor.py:914} INFO - Processing file /home/airflow/.local/lib/python3.12/site-packages/airflow/example_dags/example_xcom.py for tasks to queue
[2024-11-15T05:20:41.263+0000] {logging_mixin.py:190} INFO - [2024-11-15T05:20:41.262+0000] {dagbag.py:588} INFO - Filling up the DagBag from /home/airflow/.local/lib/python3.12/site-packages/airflow/example_dags/example_xcom.py
[2024-11-15T05:20:41.275+0000] {processor.py:925} INFO - DAG(s) 'example_xcom' retrieved from /home/airflow/.local/lib/python3.12/site-packages/airflow/example_dags/example_xcom.py
[2024-11-15T05:20:41.302+0000] {logging_mixin.py:190} INFO - [2024-11-15T05:20:41.302+0000] {dag.py:3239} INFO - Sync 1 DAGs
[2024-11-15T05:20:41.332+0000] {logging_mixin.py:190} INFO - [2024-11-15T05:20:41.332+0000] {dag.py:4180} INFO - Setting next_dagrun for example_xcom to 2021-01-01 00:00:00+00:00, run_after=2021-01-01 00:00:00+00:00
[2024-11-15T05:20:41.368+0000] {processor.py:208} INFO - Processing /home/airflow/.local/lib/python3.12/site-packages/airflow/example_dags/example_xcom.py took 0.120 seconds
[2024-11-15T05:21:11.768+0000] {processor.py:186} INFO - Started process (PID=206) to work on /home/airflow/.local/lib/python3.12/site-packages/airflow/example_dags/example_xcom.py
[2024-11-15T05:21:11.769+0000] {processor.py:914} INFO - Processing file /home/airflow/.local/lib/python3.12/site-packages/airflow/example_dags/example_xcom.py for tasks to queue
[2024-11-15T05:21:11.771+0000] {logging_mixin.py:190} INFO - [2024-11-15T05:21:11.771+0000] {dagbag.py:588} INFO - Filling up the DagBag from /home/airflow/.local/lib/python3.12/site-packages/airflow/example_dags/example_xcom.py
[2024-11-15T05:21:11.779+0000] {processor.py:925} INFO - DAG(s) 'example_xcom' retrieved from /home/airflow/.local/lib/python3.12/site-packages/airflow/example_dags/example_xcom.py
[2024-11-15T05:21:11.797+0000] {logging_mixin.py:190} INFO - [2024-11-15T05:21:11.796+0000] {dag.py:3239} INFO - Sync 1 DAGs
[2024-11-15T05:21:11.815+0000] {logging_mixin.py:190} INFO - [2024-11-15T05:21:11.815+0000] {dag.py:4180} INFO - Setting next_dagrun for example_xcom to 2021-01-01 00:00:00+00:00, run_after=2021-01-01 00:00:00+00:00
[2024-11-15T05:21:11.838+0000] {processor.py:208} INFO - Processing /home/airflow/.local/lib/python3.12/site-packages/airflow/example_dags/example_xcom.py took 0.074 seconds
[2024-11-15T05:21:42.674+0000] {processor.py:186} INFO - Started process (PID=270) to work on /home/airflow/.local/lib/python3.12/site-packages/airflow/example_dags/example_xcom.py
[2024-11-15T05:21:42.675+0000] {processor.py:914} INFO - Processing file /home/airflow/.local/lib/python3.12/site-packages/airflow/example_dags/example_xcom.py for tasks to queue
[2024-11-15T05:21:42.678+0000] {logging_mixin.py:190} INFO - [2024-11-15T05:21:42.677+0000] {dagbag.py:588} INFO - Filling up the DagBag from /home/airflow/.local/lib/python3.12/site-packages/airflow/example_dags/example_xcom.py
[2024-11-15T05:21:42.685+0000] {processor.py:925} INFO - DAG(s) 'example_xcom' retrieved from /home/airflow/.local/lib/python3.12/site-packages/airflow/example_dags/example_xcom.py
[2024-11-15T05:21:42.706+0000] {logging_mixin.py:190} INFO - [2024-11-15T05:21:42.705+0000] {dag.py:3239} INFO - Sync 1 DAGs
[2024-11-15T05:21:42.726+0000] {logging_mixin.py:190} INFO - [2024-11-15T05:21:42.726+0000] {dag.py:4180} INFO - Setting next_dagrun for example_xcom to 2021-01-01 00:00:00+00:00, run_after=2021-01-01 00:00:00+00:00
[2024-11-15T05:21:42.748+0000] {processor.py:208} INFO - Processing /home/airflow/.local/lib/python3.12/site-packages/airflow/example_dags/example_xcom.py took 0.079 seconds
[2024-11-15T05:22:13.649+0000] {processor.py:186} INFO - Started process (PID=334) to work on /home/airflow/.local/lib/python3.12/site-packages/airflow/example_dags/example_xcom.py
[2024-11-15T05:22:13.650+0000] {processor.py:914} INFO - Processing file /home/airflow/.local/lib/python3.12/site-packages/airflow/example_dags/example_xcom.py for tasks to queue
[2024-11-15T05:22:13.652+0000] {logging_mixin.py:190} INFO - [2024-11-15T05:22:13.652+0000] {dagbag.py:588} INFO - Filling up the DagBag from /home/airflow/.local/lib/python3.12/site-packages/airflow/example_dags/example_xcom.py
[2024-11-15T05:22:13.660+0000] {processor.py:925} INFO - DAG(s) 'example_xcom' retrieved from /home/airflow/.local/lib/python3.12/site-packages/airflow/example_dags/example_xcom.py
[2024-11-15T05:22:13.678+0000] {logging_mixin.py:190} INFO - [2024-11-15T05:22:13.678+0000] {dag.py:3239} INFO - Sync 1 DAGs
[2024-11-15T05:22:13.698+0000] {logging_mixin.py:190} INFO - [2024-11-15T05:22:13.698+0000] {dag.py:4180} INFO - Setting next_dagrun for example_xcom to 2021-01-01 00:00:00+00:00, run_after=2021-01-01 00:00:00+00:00
[2024-11-15T05:22:13.722+0000] {processor.py:208} INFO - Processing /home/airflow/.local/lib/python3.12/site-packages/airflow/example_dags/example_xcom.py took 0.078 seconds
[2024-11-15T05:22:44.194+0000] {processor.py:186} INFO - Started process (PID=398) to work on /home/airflow/.local/lib/python3.12/site-packages/airflow/example_dags/example_xcom.py
[2024-11-15T05:22:44.195+0000] {processor.py:914} INFO - Processing file /home/airflow/.local/lib/python3.12/site-packages/airflow/example_dags/example_xcom.py for tasks to queue
[2024-11-15T05:22:44.198+0000] {logging_mixin.py:190} INFO - [2024-11-15T05:22:44.197+0000] {dagbag.py:588} INFO - Filling up the DagBag from /home/airflow/.local/lib/python3.12/site-packages/airflow/example_dags/example_xcom.py
[2024-11-15T05:22:44.210+0000] {processor.py:925} INFO - DAG(s) 'example_xcom' retrieved from /home/airflow/.local/lib/python3.12/site-packages/airflow/example_dags/example_xcom.py
[2024-11-15T05:22:44.233+0000] {logging_mixin.py:190} INFO - [2024-11-15T05:22:44.232+0000] {dag.py:3239} INFO - Sync 1 DAGs
[2024-11-15T05:22:44.258+0000] {logging_mixin.py:190} INFO - [2024-11-15T05:22:44.258+0000] {dag.py:4180} INFO - Setting next_dagrun for example_xcom to 2021-01-01 00:00:00+00:00, run_after=2021-01-01 00:00:00+00:00
[2024-11-15T05:22:44.282+0000] {processor.py:208} INFO - Processing /home/airflow/.local/lib/python3.12/site-packages/airflow/example_dags/example_xcom.py took 0.095 seconds
