[2024-11-15T05:12:43.704+0000] {processor.py:186} INFO - Started process (PID=67) to work on /home/airflow/.local/lib/python3.12/site-packages/airflow/example_dags/example_branch_python_dop_operator_3.py
[2024-11-15T05:12:43.706+0000] {processor.py:914} INFO - Processing file /home/airflow/.local/lib/python3.12/site-packages/airflow/example_dags/example_branch_python_dop_operator_3.py for tasks to queue
[2024-11-15T05:12:43.710+0000] {logging_mixin.py:190} INFO - [2024-11-15T05:12:43.709+0000] {dagbag.py:588} INFO - Filling up the DagBag from /home/airflow/.local/lib/python3.12/site-packages/airflow/example_dags/example_branch_python_dop_operator_3.py
[2024-11-15T05:12:43.731+0000] {processor.py:925} INFO - DAG(s) 'example_branch_dop_operator_v3' retrieved from /home/airflow/.local/lib/python3.12/site-packages/airflow/example_dags/example_branch_python_dop_operator_3.py
[2024-11-15T05:12:43.895+0000] {logging_mixin.py:190} INFO - [2024-11-15T05:12:43.894+0000] {override.py:1911} INFO - Created Permission View: can delete on DAG:example_branch_dop_operator_v3
[2024-11-15T05:12:43.916+0000] {logging_mixin.py:190} INFO - [2024-11-15T05:12:43.916+0000] {override.py:1911} INFO - Created Permission View: can edit on DAG:example_branch_dop_operator_v3
[2024-11-15T05:12:43.933+0000] {logging_mixin.py:190} INFO - [2024-11-15T05:12:43.933+0000] {override.py:1911} INFO - Created Permission View: can read on DAG:example_branch_dop_operator_v3
[2024-11-15T05:12:43.954+0000] {logging_mixin.py:190} INFO - [2024-11-15T05:12:43.953+0000] {override.py:1911} INFO - Created Permission View: can create on DAG Run:example_branch_dop_operator_v3
[2024-11-15T05:12:43.971+0000] {logging_mixin.py:190} INFO - [2024-11-15T05:12:43.970+0000] {override.py:1911} INFO - Created Permission View: can delete on DAG Run:example_branch_dop_operator_v3
[2024-11-15T05:12:43.986+0000] {logging_mixin.py:190} INFO - [2024-11-15T05:12:43.985+0000] {override.py:1911} INFO - Created Permission View: menu access on DAG Run:example_branch_dop_operator_v3
[2024-11-15T05:12:43.998+0000] {logging_mixin.py:190} INFO - [2024-11-15T05:12:43.997+0000] {override.py:1911} INFO - Created Permission View: can read on DAG Run:example_branch_dop_operator_v3
[2024-11-15T05:12:43.999+0000] {logging_mixin.py:190} INFO - [2024-11-15T05:12:43.999+0000] {dag.py:3239} INFO - Sync 1 DAGs
[2024-11-15T05:12:44.019+0000] {logging_mixin.py:190} INFO - [2024-11-15T05:12:44.018+0000] {dag.py:3262} INFO - Creating ORM DAG for example_branch_dop_operator_v3
[2024-11-15T05:12:44.047+0000] {logging_mixin.py:190} INFO - [2024-11-15T05:12:44.046+0000] {dag.py:4180} INFO - Setting next_dagrun for example_branch_dop_operator_v3 to 2024-11-15 05:11:00+00:00, run_after=2024-11-15 05:12:00+00:00
[2024-11-15T05:12:44.088+0000] {processor.py:208} INFO - Processing /home/airflow/.local/lib/python3.12/site-packages/airflow/example_dags/example_branch_python_dop_operator_3.py took 0.395 seconds
[2024-11-15T05:13:14.512+0000] {processor.py:186} INFO - Started process (PID=131) to work on /home/airflow/.local/lib/python3.12/site-packages/airflow/example_dags/example_branch_python_dop_operator_3.py
[2024-11-15T05:13:14.514+0000] {processor.py:914} INFO - Processing file /home/airflow/.local/lib/python3.12/site-packages/airflow/example_dags/example_branch_python_dop_operator_3.py for tasks to queue
[2024-11-15T05:13:14.517+0000] {logging_mixin.py:190} INFO - [2024-11-15T05:13:14.517+0000] {dagbag.py:588} INFO - Filling up the DagBag from /home/airflow/.local/lib/python3.12/site-packages/airflow/example_dags/example_branch_python_dop_operator_3.py
[2024-11-15T05:13:14.530+0000] {processor.py:925} INFO - DAG(s) 'example_branch_dop_operator_v3' retrieved from /home/airflow/.local/lib/python3.12/site-packages/airflow/example_dags/example_branch_python_dop_operator_3.py
[2024-11-15T05:13:14.563+0000] {logging_mixin.py:190} INFO - [2024-11-15T05:13:14.562+0000] {dag.py:3239} INFO - Sync 1 DAGs
[2024-11-15T05:13:14.599+0000] {logging_mixin.py:190} INFO - [2024-11-15T05:13:14.599+0000] {dag.py:4180} INFO - Setting next_dagrun for example_branch_dop_operator_v3 to 2024-11-15 05:12:00+00:00, run_after=2024-11-15 05:13:00+00:00
[2024-11-15T05:13:14.630+0000] {processor.py:208} INFO - Processing /home/airflow/.local/lib/python3.12/site-packages/airflow/example_dags/example_branch_python_dop_operator_3.py took 0.125 seconds
[2024-11-15T05:13:45.906+0000] {processor.py:186} INFO - Started process (PID=204) to work on /home/airflow/.local/lib/python3.12/site-packages/airflow/example_dags/example_branch_python_dop_operator_3.py
[2024-11-15T05:13:45.908+0000] {processor.py:914} INFO - Processing file /home/airflow/.local/lib/python3.12/site-packages/airflow/example_dags/example_branch_python_dop_operator_3.py for tasks to queue
[2024-11-15T05:13:45.911+0000] {logging_mixin.py:190} INFO - [2024-11-15T05:13:45.911+0000] {dagbag.py:588} INFO - Filling up the DagBag from /home/airflow/.local/lib/python3.12/site-packages/airflow/example_dags/example_branch_python_dop_operator_3.py
[2024-11-15T05:13:45.929+0000] {processor.py:925} INFO - DAG(s) 'example_branch_dop_operator_v3' retrieved from /home/airflow/.local/lib/python3.12/site-packages/airflow/example_dags/example_branch_python_dop_operator_3.py
[2024-11-15T05:13:45.953+0000] {logging_mixin.py:190} INFO - [2024-11-15T05:13:45.953+0000] {dag.py:3239} INFO - Sync 1 DAGs
[2024-11-15T05:13:45.988+0000] {logging_mixin.py:190} INFO - [2024-11-15T05:13:45.987+0000] {dag.py:4180} INFO - Setting next_dagrun for example_branch_dop_operator_v3 to 2024-11-15 05:12:00+00:00, run_after=2024-11-15 05:13:00+00:00
[2024-11-15T05:13:46.019+0000] {processor.py:208} INFO - Processing /home/airflow/.local/lib/python3.12/site-packages/airflow/example_dags/example_branch_python_dop_operator_3.py took 0.120 seconds
[2024-11-15T05:14:17.390+0000] {processor.py:186} INFO - Started process (PID=268) to work on /home/airflow/.local/lib/python3.12/site-packages/airflow/example_dags/example_branch_python_dop_operator_3.py
[2024-11-15T05:14:17.391+0000] {processor.py:914} INFO - Processing file /home/airflow/.local/lib/python3.12/site-packages/airflow/example_dags/example_branch_python_dop_operator_3.py for tasks to queue
[2024-11-15T05:14:17.396+0000] {logging_mixin.py:190} INFO - [2024-11-15T05:14:17.394+0000] {dagbag.py:588} INFO - Filling up the DagBag from /home/airflow/.local/lib/python3.12/site-packages/airflow/example_dags/example_branch_python_dop_operator_3.py
[2024-11-15T05:14:17.409+0000] {processor.py:925} INFO - DAG(s) 'example_branch_dop_operator_v3' retrieved from /home/airflow/.local/lib/python3.12/site-packages/airflow/example_dags/example_branch_python_dop_operator_3.py
[2024-11-15T05:14:17.438+0000] {logging_mixin.py:190} INFO - [2024-11-15T05:14:17.437+0000] {dag.py:3239} INFO - Sync 1 DAGs
[2024-11-15T05:14:17.474+0000] {logging_mixin.py:190} INFO - [2024-11-15T05:14:17.473+0000] {dag.py:4180} INFO - Setting next_dagrun for example_branch_dop_operator_v3 to 2024-11-15 05:13:00+00:00, run_after=2024-11-15 05:14:00+00:00
[2024-11-15T05:14:17.503+0000] {processor.py:208} INFO - Processing /home/airflow/.local/lib/python3.12/site-packages/airflow/example_dags/example_branch_python_dop_operator_3.py took 0.121 seconds
[2024-11-15T05:14:48.143+0000] {processor.py:186} INFO - Started process (PID=332) to work on /home/airflow/.local/lib/python3.12/site-packages/airflow/example_dags/example_branch_python_dop_operator_3.py
[2024-11-15T05:14:48.145+0000] {processor.py:914} INFO - Processing file /home/airflow/.local/lib/python3.12/site-packages/airflow/example_dags/example_branch_python_dop_operator_3.py for tasks to queue
[2024-11-15T05:14:48.148+0000] {logging_mixin.py:190} INFO - [2024-11-15T05:14:48.147+0000] {dagbag.py:588} INFO - Filling up the DagBag from /home/airflow/.local/lib/python3.12/site-packages/airflow/example_dags/example_branch_python_dop_operator_3.py
[2024-11-15T05:14:48.160+0000] {processor.py:925} INFO - DAG(s) 'example_branch_dop_operator_v3' retrieved from /home/airflow/.local/lib/python3.12/site-packages/airflow/example_dags/example_branch_python_dop_operator_3.py
[2024-11-15T05:14:48.176+0000] {logging_mixin.py:190} INFO - [2024-11-15T05:14:48.176+0000] {dag.py:3239} INFO - Sync 1 DAGs
[2024-11-15T05:14:48.202+0000] {logging_mixin.py:190} INFO - [2024-11-15T05:14:48.201+0000] {dag.py:4180} INFO - Setting next_dagrun for example_branch_dop_operator_v3 to 2024-11-15 05:13:00+00:00, run_after=2024-11-15 05:14:00+00:00
[2024-11-15T05:14:48.224+0000] {processor.py:208} INFO - Processing /home/airflow/.local/lib/python3.12/site-packages/airflow/example_dags/example_branch_python_dop_operator_3.py took 0.088 seconds
[2024-11-15T05:15:19.589+0000] {processor.py:186} INFO - Started process (PID=423) to work on /home/airflow/.local/lib/python3.12/site-packages/airflow/example_dags/example_branch_python_dop_operator_3.py
[2024-11-15T05:15:19.591+0000] {processor.py:914} INFO - Processing file /home/airflow/.local/lib/python3.12/site-packages/airflow/example_dags/example_branch_python_dop_operator_3.py for tasks to queue
[2024-11-15T05:15:19.598+0000] {logging_mixin.py:190} INFO - [2024-11-15T05:15:19.597+0000] {dagbag.py:588} INFO - Filling up the DagBag from /home/airflow/.local/lib/python3.12/site-packages/airflow/example_dags/example_branch_python_dop_operator_3.py
[2024-11-15T05:15:19.618+0000] {processor.py:925} INFO - DAG(s) 'example_branch_dop_operator_v3' retrieved from /home/airflow/.local/lib/python3.12/site-packages/airflow/example_dags/example_branch_python_dop_operator_3.py
[2024-11-15T05:15:19.651+0000] {logging_mixin.py:190} INFO - [2024-11-15T05:15:19.651+0000] {dag.py:3239} INFO - Sync 1 DAGs
[2024-11-15T05:15:19.695+0000] {logging_mixin.py:190} INFO - [2024-11-15T05:15:19.694+0000] {dag.py:4180} INFO - Setting next_dagrun for example_branch_dop_operator_v3 to 2024-11-15 05:14:00+00:00, run_after=2024-11-15 05:15:00+00:00
[2024-11-15T05:15:19.726+0000] {processor.py:208} INFO - Processing /home/airflow/.local/lib/python3.12/site-packages/airflow/example_dags/example_branch_python_dop_operator_3.py took 0.156 seconds
[2024-11-15T05:15:51.341+0000] {processor.py:186} INFO - Started process (PID=499) to work on /home/airflow/.local/lib/python3.12/site-packages/airflow/example_dags/example_branch_python_dop_operator_3.py
[2024-11-15T05:15:51.343+0000] {processor.py:914} INFO - Processing file /home/airflow/.local/lib/python3.12/site-packages/airflow/example_dags/example_branch_python_dop_operator_3.py for tasks to queue
[2024-11-15T05:15:51.348+0000] {logging_mixin.py:190} INFO - [2024-11-15T05:15:51.347+0000] {dagbag.py:588} INFO - Filling up the DagBag from /home/airflow/.local/lib/python3.12/site-packages/airflow/example_dags/example_branch_python_dop_operator_3.py
[2024-11-15T05:15:51.363+0000] {processor.py:925} INFO - DAG(s) 'example_branch_dop_operator_v3' retrieved from /home/airflow/.local/lib/python3.12/site-packages/airflow/example_dags/example_branch_python_dop_operator_3.py
[2024-11-15T05:15:51.386+0000] {logging_mixin.py:190} INFO - [2024-11-15T05:15:51.386+0000] {dag.py:3239} INFO - Sync 1 DAGs
[2024-11-15T05:15:51.419+0000] {logging_mixin.py:190} INFO - [2024-11-15T05:15:51.419+0000] {dag.py:4180} INFO - Setting next_dagrun for example_branch_dop_operator_v3 to 2024-11-15 05:14:00+00:00, run_after=2024-11-15 05:15:00+00:00
[2024-11-15T05:15:51.446+0000] {processor.py:208} INFO - Processing /home/airflow/.local/lib/python3.12/site-packages/airflow/example_dags/example_branch_python_dop_operator_3.py took 0.117 seconds
[2024-11-15T05:16:22.374+0000] {processor.py:186} INFO - Started process (PID=563) to work on /home/airflow/.local/lib/python3.12/site-packages/airflow/example_dags/example_branch_python_dop_operator_3.py
[2024-11-15T05:16:22.375+0000] {processor.py:914} INFO - Processing file /home/airflow/.local/lib/python3.12/site-packages/airflow/example_dags/example_branch_python_dop_operator_3.py for tasks to queue
[2024-11-15T05:16:22.378+0000] {logging_mixin.py:190} INFO - [2024-11-15T05:16:22.378+0000] {dagbag.py:588} INFO - Filling up the DagBag from /home/airflow/.local/lib/python3.12/site-packages/airflow/example_dags/example_branch_python_dop_operator_3.py
[2024-11-15T05:16:22.389+0000] {processor.py:925} INFO - DAG(s) 'example_branch_dop_operator_v3' retrieved from /home/airflow/.local/lib/python3.12/site-packages/airflow/example_dags/example_branch_python_dop_operator_3.py
[2024-11-15T05:16:22.407+0000] {logging_mixin.py:190} INFO - [2024-11-15T05:16:22.407+0000] {dag.py:3239} INFO - Sync 1 DAGs
[2024-11-15T05:16:22.432+0000] {logging_mixin.py:190} INFO - [2024-11-15T05:16:22.432+0000] {dag.py:4180} INFO - Setting next_dagrun for example_branch_dop_operator_v3 to 2024-11-15 05:15:00+00:00, run_after=2024-11-15 05:16:00+00:00
[2024-11-15T05:16:22.455+0000] {processor.py:208} INFO - Processing /home/airflow/.local/lib/python3.12/site-packages/airflow/example_dags/example_branch_python_dop_operator_3.py took 0.091 seconds
[2024-11-15T05:16:53.307+0000] {processor.py:186} INFO - Started process (PID=627) to work on /home/airflow/.local/lib/python3.12/site-packages/airflow/example_dags/example_branch_python_dop_operator_3.py
[2024-11-15T05:16:53.308+0000] {processor.py:914} INFO - Processing file /home/airflow/.local/lib/python3.12/site-packages/airflow/example_dags/example_branch_python_dop_operator_3.py for tasks to queue
[2024-11-15T05:16:53.311+0000] {logging_mixin.py:190} INFO - [2024-11-15T05:16:53.311+0000] {dagbag.py:588} INFO - Filling up the DagBag from /home/airflow/.local/lib/python3.12/site-packages/airflow/example_dags/example_branch_python_dop_operator_3.py
[2024-11-15T05:16:53.326+0000] {processor.py:925} INFO - DAG(s) 'example_branch_dop_operator_v3' retrieved from /home/airflow/.local/lib/python3.12/site-packages/airflow/example_dags/example_branch_python_dop_operator_3.py
[2024-11-15T05:16:53.345+0000] {logging_mixin.py:190} INFO - [2024-11-15T05:16:53.345+0000] {dag.py:3239} INFO - Sync 1 DAGs
[2024-11-15T05:16:53.369+0000] {logging_mixin.py:190} INFO - [2024-11-15T05:16:53.369+0000] {dag.py:4180} INFO - Setting next_dagrun for example_branch_dop_operator_v3 to 2024-11-15 05:15:00+00:00, run_after=2024-11-15 05:16:00+00:00
[2024-11-15T05:16:53.394+0000] {processor.py:208} INFO - Processing /home/airflow/.local/lib/python3.12/site-packages/airflow/example_dags/example_branch_python_dop_operator_3.py took 0.096 seconds
[2024-11-15T05:17:24.646+0000] {processor.py:186} INFO - Started process (PID=691) to work on /home/airflow/.local/lib/python3.12/site-packages/airflow/example_dags/example_branch_python_dop_operator_3.py
[2024-11-15T05:17:24.647+0000] {processor.py:914} INFO - Processing file /home/airflow/.local/lib/python3.12/site-packages/airflow/example_dags/example_branch_python_dop_operator_3.py for tasks to queue
[2024-11-15T05:17:24.650+0000] {logging_mixin.py:190} INFO - [2024-11-15T05:17:24.649+0000] {dagbag.py:588} INFO - Filling up the DagBag from /home/airflow/.local/lib/python3.12/site-packages/airflow/example_dags/example_branch_python_dop_operator_3.py
[2024-11-15T05:17:24.660+0000] {processor.py:925} INFO - DAG(s) 'example_branch_dop_operator_v3' retrieved from /home/airflow/.local/lib/python3.12/site-packages/airflow/example_dags/example_branch_python_dop_operator_3.py
[2024-11-15T05:17:24.680+0000] {logging_mixin.py:190} INFO - [2024-11-15T05:17:24.679+0000] {dag.py:3239} INFO - Sync 1 DAGs
[2024-11-15T05:17:24.705+0000] {logging_mixin.py:190} INFO - [2024-11-15T05:17:24.704+0000] {dag.py:4180} INFO - Setting next_dagrun for example_branch_dop_operator_v3 to 2024-11-15 05:16:00+00:00, run_after=2024-11-15 05:17:00+00:00
[2024-11-15T05:17:24.728+0000] {processor.py:208} INFO - Processing /home/airflow/.local/lib/python3.12/site-packages/airflow/example_dags/example_branch_python_dop_operator_3.py took 0.090 seconds
[2024-11-15T05:17:56.065+0000] {processor.py:186} INFO - Started process (PID=755) to work on /home/airflow/.local/lib/python3.12/site-packages/airflow/example_dags/example_branch_python_dop_operator_3.py
[2024-11-15T05:17:56.066+0000] {processor.py:914} INFO - Processing file /home/airflow/.local/lib/python3.12/site-packages/airflow/example_dags/example_branch_python_dop_operator_3.py for tasks to queue
[2024-11-15T05:17:56.068+0000] {logging_mixin.py:190} INFO - [2024-11-15T05:17:56.068+0000] {dagbag.py:588} INFO - Filling up the DagBag from /home/airflow/.local/lib/python3.12/site-packages/airflow/example_dags/example_branch_python_dop_operator_3.py
[2024-11-15T05:17:56.078+0000] {processor.py:925} INFO - DAG(s) 'example_branch_dop_operator_v3' retrieved from /home/airflow/.local/lib/python3.12/site-packages/airflow/example_dags/example_branch_python_dop_operator_3.py
[2024-11-15T05:17:56.097+0000] {logging_mixin.py:190} INFO - [2024-11-15T05:17:56.097+0000] {dag.py:3239} INFO - Sync 1 DAGs
[2024-11-15T05:17:56.120+0000] {logging_mixin.py:190} INFO - [2024-11-15T05:17:56.119+0000] {dag.py:4180} INFO - Setting next_dagrun for example_branch_dop_operator_v3 to 2024-11-15 05:16:00+00:00, run_after=2024-11-15 05:17:00+00:00
[2024-11-15T05:17:56.142+0000] {processor.py:208} INFO - Processing /home/airflow/.local/lib/python3.12/site-packages/airflow/example_dags/example_branch_python_dop_operator_3.py took 0.087 seconds
[2024-11-15T05:20:07.129+0000] {processor.py:186} INFO - Started process (PID=67) to work on /home/airflow/.local/lib/python3.12/site-packages/airflow/example_dags/example_branch_python_dop_operator_3.py
[2024-11-15T05:20:07.131+0000] {processor.py:914} INFO - Processing file /home/airflow/.local/lib/python3.12/site-packages/airflow/example_dags/example_branch_python_dop_operator_3.py for tasks to queue
[2024-11-15T05:20:07.136+0000] {logging_mixin.py:190} INFO - [2024-11-15T05:20:07.135+0000] {dagbag.py:588} INFO - Filling up the DagBag from /home/airflow/.local/lib/python3.12/site-packages/airflow/example_dags/example_branch_python_dop_operator_3.py
[2024-11-15T05:20:07.158+0000] {processor.py:925} INFO - DAG(s) 'example_branch_dop_operator_v3' retrieved from /home/airflow/.local/lib/python3.12/site-packages/airflow/example_dags/example_branch_python_dop_operator_3.py
[2024-11-15T05:20:07.334+0000] {logging_mixin.py:190} INFO - [2024-11-15T05:20:07.333+0000] {override.py:1911} INFO - Created Permission View: can delete on DAG:example_branch_dop_operator_v3
[2024-11-15T05:20:07.352+0000] {logging_mixin.py:190} INFO - [2024-11-15T05:20:07.351+0000] {override.py:1911} INFO - Created Permission View: can edit on DAG:example_branch_dop_operator_v3
[2024-11-15T05:20:07.365+0000] {logging_mixin.py:190} INFO - [2024-11-15T05:20:07.364+0000] {override.py:1911} INFO - Created Permission View: can read on DAG:example_branch_dop_operator_v3
[2024-11-15T05:20:07.385+0000] {logging_mixin.py:190} INFO - [2024-11-15T05:20:07.384+0000] {override.py:1911} INFO - Created Permission View: can delete on DAG Run:example_branch_dop_operator_v3
[2024-11-15T05:20:07.399+0000] {logging_mixin.py:190} INFO - [2024-11-15T05:20:07.398+0000] {override.py:1911} INFO - Created Permission View: can read on DAG Run:example_branch_dop_operator_v3
[2024-11-15T05:20:07.415+0000] {logging_mixin.py:190} INFO - [2024-11-15T05:20:07.414+0000] {override.py:1911} INFO - Created Permission View: can create on DAG Run:example_branch_dop_operator_v3
[2024-11-15T05:20:07.429+0000] {logging_mixin.py:190} INFO - [2024-11-15T05:20:07.428+0000] {override.py:1911} INFO - Created Permission View: menu access on DAG Run:example_branch_dop_operator_v3
[2024-11-15T05:20:07.430+0000] {logging_mixin.py:190} INFO - [2024-11-15T05:20:07.430+0000] {dag.py:3239} INFO - Sync 1 DAGs
[2024-11-15T05:20:07.456+0000] {logging_mixin.py:190} INFO - [2024-11-15T05:20:07.455+0000] {dag.py:3262} INFO - Creating ORM DAG for example_branch_dop_operator_v3
[2024-11-15T05:20:07.489+0000] {logging_mixin.py:190} INFO - [2024-11-15T05:20:07.487+0000] {dag.py:4180} INFO - Setting next_dagrun for example_branch_dop_operator_v3 to 2024-11-15 05:19:00+00:00, run_after=2024-11-15 05:20:00+00:00
[2024-11-15T05:20:07.525+0000] {processor.py:208} INFO - Processing /home/airflow/.local/lib/python3.12/site-packages/airflow/example_dags/example_branch_python_dop_operator_3.py took 0.404 seconds
[2024-11-15T05:20:38.312+0000] {processor.py:186} INFO - Started process (PID=131) to work on /home/airflow/.local/lib/python3.12/site-packages/airflow/example_dags/example_branch_python_dop_operator_3.py
[2024-11-15T05:20:38.314+0000] {processor.py:914} INFO - Processing file /home/airflow/.local/lib/python3.12/site-packages/airflow/example_dags/example_branch_python_dop_operator_3.py for tasks to queue
[2024-11-15T05:20:38.317+0000] {logging_mixin.py:190} INFO - [2024-11-15T05:20:38.317+0000] {dagbag.py:588} INFO - Filling up the DagBag from /home/airflow/.local/lib/python3.12/site-packages/airflow/example_dags/example_branch_python_dop_operator_3.py
[2024-11-15T05:20:38.330+0000] {processor.py:925} INFO - DAG(s) 'example_branch_dop_operator_v3' retrieved from /home/airflow/.local/lib/python3.12/site-packages/airflow/example_dags/example_branch_python_dop_operator_3.py
[2024-11-15T05:20:38.357+0000] {logging_mixin.py:190} INFO - [2024-11-15T05:20:38.356+0000] {dag.py:3239} INFO - Sync 1 DAGs
[2024-11-15T05:20:38.387+0000] {logging_mixin.py:190} INFO - [2024-11-15T05:20:38.387+0000] {dag.py:4180} INFO - Setting next_dagrun for example_branch_dop_operator_v3 to 2024-11-15 05:19:00+00:00, run_after=2024-11-15 05:20:00+00:00
[2024-11-15T05:20:38.419+0000] {processor.py:208} INFO - Processing /home/airflow/.local/lib/python3.12/site-packages/airflow/example_dags/example_branch_python_dop_operator_3.py took 0.114 seconds
[2024-11-15T05:21:09.083+0000] {processor.py:186} INFO - Started process (PID=195) to work on /home/airflow/.local/lib/python3.12/site-packages/airflow/example_dags/example_branch_python_dop_operator_3.py
[2024-11-15T05:21:09.084+0000] {processor.py:914} INFO - Processing file /home/airflow/.local/lib/python3.12/site-packages/airflow/example_dags/example_branch_python_dop_operator_3.py for tasks to queue
[2024-11-15T05:21:09.087+0000] {logging_mixin.py:190} INFO - [2024-11-15T05:21:09.086+0000] {dagbag.py:588} INFO - Filling up the DagBag from /home/airflow/.local/lib/python3.12/site-packages/airflow/example_dags/example_branch_python_dop_operator_3.py
[2024-11-15T05:21:09.096+0000] {processor.py:925} INFO - DAG(s) 'example_branch_dop_operator_v3' retrieved from /home/airflow/.local/lib/python3.12/site-packages/airflow/example_dags/example_branch_python_dop_operator_3.py
[2024-11-15T05:21:09.117+0000] {logging_mixin.py:190} INFO - [2024-11-15T05:21:09.117+0000] {dag.py:3239} INFO - Sync 1 DAGs
[2024-11-15T05:21:09.142+0000] {logging_mixin.py:190} INFO - [2024-11-15T05:21:09.142+0000] {dag.py:4180} INFO - Setting next_dagrun for example_branch_dop_operator_v3 to 2024-11-15 05:20:00+00:00, run_after=2024-11-15 05:21:00+00:00
[2024-11-15T05:21:09.165+0000] {processor.py:208} INFO - Processing /home/airflow/.local/lib/python3.12/site-packages/airflow/example_dags/example_branch_python_dop_operator_3.py took 0.088 seconds
[2024-11-15T05:21:39.957+0000] {processor.py:186} INFO - Started process (PID=259) to work on /home/airflow/.local/lib/python3.12/site-packages/airflow/example_dags/example_branch_python_dop_operator_3.py
[2024-11-15T05:21:39.960+0000] {processor.py:914} INFO - Processing file /home/airflow/.local/lib/python3.12/site-packages/airflow/example_dags/example_branch_python_dop_operator_3.py for tasks to queue
[2024-11-15T05:21:39.962+0000] {logging_mixin.py:190} INFO - [2024-11-15T05:21:39.962+0000] {dagbag.py:588} INFO - Filling up the DagBag from /home/airflow/.local/lib/python3.12/site-packages/airflow/example_dags/example_branch_python_dop_operator_3.py
[2024-11-15T05:21:39.976+0000] {processor.py:925} INFO - DAG(s) 'example_branch_dop_operator_v3' retrieved from /home/airflow/.local/lib/python3.12/site-packages/airflow/example_dags/example_branch_python_dop_operator_3.py
[2024-11-15T05:21:39.998+0000] {logging_mixin.py:190} INFO - [2024-11-15T05:21:39.998+0000] {dag.py:3239} INFO - Sync 1 DAGs
[2024-11-15T05:21:40.028+0000] {logging_mixin.py:190} INFO - [2024-11-15T05:21:40.028+0000] {dag.py:4180} INFO - Setting next_dagrun for example_branch_dop_operator_v3 to 2024-11-15 05:20:00+00:00, run_after=2024-11-15 05:21:00+00:00
[2024-11-15T05:21:40.052+0000] {processor.py:208} INFO - Processing /home/airflow/.local/lib/python3.12/site-packages/airflow/example_dags/example_branch_python_dop_operator_3.py took 0.102 seconds
[2024-11-15T05:22:10.979+0000] {processor.py:186} INFO - Started process (PID=323) to work on /home/airflow/.local/lib/python3.12/site-packages/airflow/example_dags/example_branch_python_dop_operator_3.py
[2024-11-15T05:22:10.981+0000] {processor.py:914} INFO - Processing file /home/airflow/.local/lib/python3.12/site-packages/airflow/example_dags/example_branch_python_dop_operator_3.py for tasks to queue
[2024-11-15T05:22:10.983+0000] {logging_mixin.py:190} INFO - [2024-11-15T05:22:10.983+0000] {dagbag.py:588} INFO - Filling up the DagBag from /home/airflow/.local/lib/python3.12/site-packages/airflow/example_dags/example_branch_python_dop_operator_3.py
[2024-11-15T05:22:10.994+0000] {processor.py:925} INFO - DAG(s) 'example_branch_dop_operator_v3' retrieved from /home/airflow/.local/lib/python3.12/site-packages/airflow/example_dags/example_branch_python_dop_operator_3.py
[2024-11-15T05:22:11.013+0000] {logging_mixin.py:190} INFO - [2024-11-15T05:22:11.013+0000] {dag.py:3239} INFO - Sync 1 DAGs
[2024-11-15T05:22:11.038+0000] {logging_mixin.py:190} INFO - [2024-11-15T05:22:11.038+0000] {dag.py:4180} INFO - Setting next_dagrun for example_branch_dop_operator_v3 to 2024-11-15 05:21:00+00:00, run_after=2024-11-15 05:22:00+00:00
[2024-11-15T05:22:11.062+0000] {processor.py:208} INFO - Processing /home/airflow/.local/lib/python3.12/site-packages/airflow/example_dags/example_branch_python_dop_operator_3.py took 0.091 seconds
[2024-11-15T05:22:41.283+0000] {processor.py:186} INFO - Started process (PID=387) to work on /home/airflow/.local/lib/python3.12/site-packages/airflow/example_dags/example_branch_python_dop_operator_3.py
[2024-11-15T05:22:41.284+0000] {processor.py:914} INFO - Processing file /home/airflow/.local/lib/python3.12/site-packages/airflow/example_dags/example_branch_python_dop_operator_3.py for tasks to queue
[2024-11-15T05:22:41.288+0000] {logging_mixin.py:190} INFO - [2024-11-15T05:22:41.288+0000] {dagbag.py:588} INFO - Filling up the DagBag from /home/airflow/.local/lib/python3.12/site-packages/airflow/example_dags/example_branch_python_dop_operator_3.py
[2024-11-15T05:22:41.307+0000] {processor.py:925} INFO - DAG(s) 'example_branch_dop_operator_v3' retrieved from /home/airflow/.local/lib/python3.12/site-packages/airflow/example_dags/example_branch_python_dop_operator_3.py
[2024-11-15T05:22:41.336+0000] {logging_mixin.py:190} INFO - [2024-11-15T05:22:41.335+0000] {dag.py:3239} INFO - Sync 1 DAGs
[2024-11-15T05:22:41.379+0000] {logging_mixin.py:190} INFO - [2024-11-15T05:22:41.379+0000] {dag.py:4180} INFO - Setting next_dagrun for example_branch_dop_operator_v3 to 2024-11-15 05:21:00+00:00, run_after=2024-11-15 05:22:00+00:00
[2024-11-15T05:22:41.413+0000] {processor.py:208} INFO - Processing /home/airflow/.local/lib/python3.12/site-packages/airflow/example_dags/example_branch_python_dop_operator_3.py took 0.140 seconds
