[2024-11-15T05:12:45.284+0000] {processor.py:186} INFO - Started process (PID=75) to work on /home/airflow/.local/lib/python3.12/site-packages/airflow/example_dags/example_xcomargs.py
[2024-11-15T05:12:45.285+0000] {processor.py:914} INFO - Processing file /home/airflow/.local/lib/python3.12/site-packages/airflow/example_dags/example_xcomargs.py for tasks to queue
[2024-11-15T05:12:45.288+0000] {logging_mixin.py:190} INFO - [2024-11-15T05:12:45.288+0000] {dagbag.py:588} INFO - Filling up the DagBag from /home/airflow/.local/lib/python3.12/site-packages/airflow/example_dags/example_xcomargs.py
[2024-11-15T05:12:45.307+0000] {processor.py:925} INFO - DAG(s) 'example_xcom_args_with_operators', 'example_xcom_args' retrieved from /home/airflow/.local/lib/python3.12/site-packages/airflow/example_dags/example_xcomargs.py
[2024-11-15T05:12:45.455+0000] {logging_mixin.py:190} INFO - [2024-11-15T05:12:45.454+0000] {override.py:1911} INFO - Created Permission View: can delete on DAG:example_xcom_args_with_operators
[2024-11-15T05:12:45.471+0000] {logging_mixin.py:190} INFO - [2024-11-15T05:12:45.470+0000] {override.py:1911} INFO - Created Permission View: can edit on DAG:example_xcom_args_with_operators
[2024-11-15T05:12:45.482+0000] {logging_mixin.py:190} INFO - [2024-11-15T05:12:45.481+0000] {override.py:1911} INFO - Created Permission View: can read on DAG:example_xcom_args_with_operators
[2024-11-15T05:12:45.502+0000] {logging_mixin.py:190} INFO - [2024-11-15T05:12:45.501+0000] {override.py:1911} INFO - Created Permission View: can create on DAG Run:example_xcom_args_with_operators
[2024-11-15T05:12:45.517+0000] {logging_mixin.py:190} INFO - [2024-11-15T05:12:45.516+0000] {override.py:1911} INFO - Created Permission View: can delete on DAG Run:example_xcom_args_with_operators
[2024-11-15T05:12:45.530+0000] {logging_mixin.py:190} INFO - [2024-11-15T05:12:45.530+0000] {override.py:1911} INFO - Created Permission View: menu access on DAG Run:example_xcom_args_with_operators
[2024-11-15T05:12:45.542+0000] {logging_mixin.py:190} INFO - [2024-11-15T05:12:45.542+0000] {override.py:1911} INFO - Created Permission View: can read on DAG Run:example_xcom_args_with_operators
[2024-11-15T05:12:45.569+0000] {logging_mixin.py:190} INFO - [2024-11-15T05:12:45.569+0000] {override.py:1911} INFO - Created Permission View: can delete on DAG:example_xcom_args
[2024-11-15T05:12:45.583+0000] {logging_mixin.py:190} INFO - [2024-11-15T05:12:45.583+0000] {override.py:1911} INFO - Created Permission View: can edit on DAG:example_xcom_args
[2024-11-15T05:12:45.596+0000] {logging_mixin.py:190} INFO - [2024-11-15T05:12:45.596+0000] {override.py:1911} INFO - Created Permission View: can read on DAG:example_xcom_args
[2024-11-15T05:12:45.614+0000] {logging_mixin.py:190} INFO - [2024-11-15T05:12:45.613+0000] {override.py:1911} INFO - Created Permission View: can create on DAG Run:example_xcom_args
[2024-11-15T05:12:45.624+0000] {logging_mixin.py:190} INFO - [2024-11-15T05:12:45.624+0000] {override.py:1911} INFO - Created Permission View: can delete on DAG Run:example_xcom_args
[2024-11-15T05:12:45.636+0000] {logging_mixin.py:190} INFO - [2024-11-15T05:12:45.635+0000] {override.py:1911} INFO - Created Permission View: menu access on DAG Run:example_xcom_args
[2024-11-15T05:12:45.646+0000] {logging_mixin.py:190} INFO - [2024-11-15T05:12:45.646+0000] {override.py:1911} INFO - Created Permission View: can read on DAG Run:example_xcom_args
[2024-11-15T05:12:45.648+0000] {logging_mixin.py:190} INFO - [2024-11-15T05:12:45.647+0000] {dag.py:3239} INFO - Sync 2 DAGs
[2024-11-15T05:12:45.664+0000] {logging_mixin.py:190} INFO - [2024-11-15T05:12:45.664+0000] {dag.py:3262} INFO - Creating ORM DAG for example_xcom_args_with_operators
[2024-11-15T05:12:45.666+0000] {logging_mixin.py:190} INFO - [2024-11-15T05:12:45.665+0000] {dag.py:3262} INFO - Creating ORM DAG for example_xcom_args
[2024-11-15T05:12:45.667+0000] {logging_mixin.py:190} INFO - [2024-11-15T05:12:45.667+0000] {dag.py:4180} INFO - Setting next_dagrun for example_xcom_args to None, run_after=None
[2024-11-15T05:12:45.668+0000] {logging_mixin.py:190} INFO - [2024-11-15T05:12:45.668+0000] {dag.py:4180} INFO - Setting next_dagrun for example_xcom_args_with_operators to None, run_after=None
[2024-11-15T05:12:45.694+0000] {processor.py:208} INFO - Processing /home/airflow/.local/lib/python3.12/site-packages/airflow/example_dags/example_xcomargs.py took 0.421 seconds
[2024-11-15T05:13:16.166+0000] {processor.py:186} INFO - Started process (PID=146) to work on /home/airflow/.local/lib/python3.12/site-packages/airflow/example_dags/example_xcomargs.py
[2024-11-15T05:13:16.168+0000] {processor.py:914} INFO - Processing file /home/airflow/.local/lib/python3.12/site-packages/airflow/example_dags/example_xcomargs.py for tasks to queue
[2024-11-15T05:13:16.170+0000] {logging_mixin.py:190} INFO - [2024-11-15T05:13:16.170+0000] {dagbag.py:588} INFO - Filling up the DagBag from /home/airflow/.local/lib/python3.12/site-packages/airflow/example_dags/example_xcomargs.py
[2024-11-15T05:13:16.181+0000] {processor.py:925} INFO - DAG(s) 'example_xcom_args_with_operators', 'example_xcom_args' retrieved from /home/airflow/.local/lib/python3.12/site-packages/airflow/example_dags/example_xcomargs.py
[2024-11-15T05:13:16.208+0000] {logging_mixin.py:190} INFO - [2024-11-15T05:13:16.207+0000] {dag.py:3239} INFO - Sync 2 DAGs
[2024-11-15T05:13:16.221+0000] {logging_mixin.py:190} INFO - [2024-11-15T05:13:16.221+0000] {dag.py:4180} INFO - Setting next_dagrun for example_xcom_args to None, run_after=None
[2024-11-15T05:13:16.225+0000] {logging_mixin.py:190} INFO - [2024-11-15T05:13:16.225+0000] {dag.py:4180} INFO - Setting next_dagrun for example_xcom_args_with_operators to None, run_after=None
[2024-11-15T05:13:16.245+0000] {processor.py:208} INFO - Processing /home/airflow/.local/lib/python3.12/site-packages/airflow/example_dags/example_xcomargs.py took 0.084 seconds
[2024-11-15T05:13:46.505+0000] {processor.py:186} INFO - Started process (PID=212) to work on /home/airflow/.local/lib/python3.12/site-packages/airflow/example_dags/example_xcomargs.py
[2024-11-15T05:13:46.507+0000] {processor.py:914} INFO - Processing file /home/airflow/.local/lib/python3.12/site-packages/airflow/example_dags/example_xcomargs.py for tasks to queue
[2024-11-15T05:13:46.510+0000] {logging_mixin.py:190} INFO - [2024-11-15T05:13:46.510+0000] {dagbag.py:588} INFO - Filling up the DagBag from /home/airflow/.local/lib/python3.12/site-packages/airflow/example_dags/example_xcomargs.py
[2024-11-15T05:13:46.523+0000] {processor.py:925} INFO - DAG(s) 'example_xcom_args_with_operators', 'example_xcom_args' retrieved from /home/airflow/.local/lib/python3.12/site-packages/airflow/example_dags/example_xcomargs.py
[2024-11-15T05:13:46.554+0000] {logging_mixin.py:190} INFO - [2024-11-15T05:13:46.554+0000] {dag.py:3239} INFO - Sync 2 DAGs
[2024-11-15T05:13:46.573+0000] {logging_mixin.py:190} INFO - [2024-11-15T05:13:46.572+0000] {dag.py:4180} INFO - Setting next_dagrun for example_xcom_args to None, run_after=None
[2024-11-15T05:13:46.578+0000] {logging_mixin.py:190} INFO - [2024-11-15T05:13:46.578+0000] {dag.py:4180} INFO - Setting next_dagrun for example_xcom_args_with_operators to None, run_after=None
[2024-11-15T05:13:46.604+0000] {processor.py:208} INFO - Processing /home/airflow/.local/lib/python3.12/site-packages/airflow/example_dags/example_xcomargs.py took 0.106 seconds
[2024-11-15T05:14:18.003+0000] {processor.py:186} INFO - Started process (PID=276) to work on /home/airflow/.local/lib/python3.12/site-packages/airflow/example_dags/example_xcomargs.py
[2024-11-15T05:14:18.005+0000] {processor.py:914} INFO - Processing file /home/airflow/.local/lib/python3.12/site-packages/airflow/example_dags/example_xcomargs.py for tasks to queue
[2024-11-15T05:14:18.009+0000] {logging_mixin.py:190} INFO - [2024-11-15T05:14:18.008+0000] {dagbag.py:588} INFO - Filling up the DagBag from /home/airflow/.local/lib/python3.12/site-packages/airflow/example_dags/example_xcomargs.py
[2024-11-15T05:14:18.027+0000] {processor.py:925} INFO - DAG(s) 'example_xcom_args_with_operators', 'example_xcom_args' retrieved from /home/airflow/.local/lib/python3.12/site-packages/airflow/example_dags/example_xcomargs.py
[2024-11-15T05:14:18.069+0000] {logging_mixin.py:190} INFO - [2024-11-15T05:14:18.069+0000] {dag.py:3239} INFO - Sync 2 DAGs
[2024-11-15T05:14:18.092+0000] {logging_mixin.py:190} INFO - [2024-11-15T05:14:18.092+0000] {dag.py:4180} INFO - Setting next_dagrun for example_xcom_args to None, run_after=None
[2024-11-15T05:14:18.098+0000] {logging_mixin.py:190} INFO - [2024-11-15T05:14:18.098+0000] {dag.py:4180} INFO - Setting next_dagrun for example_xcom_args_with_operators to None, run_after=None
[2024-11-15T05:14:18.124+0000] {processor.py:208} INFO - Processing /home/airflow/.local/lib/python3.12/site-packages/airflow/example_dags/example_xcomargs.py took 0.129 seconds
[2024-11-15T05:14:48.794+0000] {processor.py:186} INFO - Started process (PID=340) to work on /home/airflow/.local/lib/python3.12/site-packages/airflow/example_dags/example_xcomargs.py
[2024-11-15T05:14:48.795+0000] {processor.py:914} INFO - Processing file /home/airflow/.local/lib/python3.12/site-packages/airflow/example_dags/example_xcomargs.py for tasks to queue
[2024-11-15T05:14:48.798+0000] {logging_mixin.py:190} INFO - [2024-11-15T05:14:48.797+0000] {dagbag.py:588} INFO - Filling up the DagBag from /home/airflow/.local/lib/python3.12/site-packages/airflow/example_dags/example_xcomargs.py
[2024-11-15T05:14:48.807+0000] {processor.py:925} INFO - DAG(s) 'example_xcom_args', 'example_xcom_args_with_operators' retrieved from /home/airflow/.local/lib/python3.12/site-packages/airflow/example_dags/example_xcomargs.py
[2024-11-15T05:14:48.832+0000] {logging_mixin.py:190} INFO - [2024-11-15T05:14:48.832+0000] {dag.py:3239} INFO - Sync 2 DAGs
[2024-11-15T05:14:48.846+0000] {logging_mixin.py:190} INFO - [2024-11-15T05:14:48.846+0000] {dag.py:4180} INFO - Setting next_dagrun for example_xcom_args to None, run_after=None
[2024-11-15T05:14:48.850+0000] {logging_mixin.py:190} INFO - [2024-11-15T05:14:48.850+0000] {dag.py:4180} INFO - Setting next_dagrun for example_xcom_args_with_operators to None, run_after=None
[2024-11-15T05:14:48.870+0000] {processor.py:208} INFO - Processing /home/airflow/.local/lib/python3.12/site-packages/airflow/example_dags/example_xcomargs.py took 0.082 seconds
[2024-11-15T05:15:20.358+0000] {processor.py:186} INFO - Started process (PID=431) to work on /home/airflow/.local/lib/python3.12/site-packages/airflow/example_dags/example_xcomargs.py
[2024-11-15T05:15:20.360+0000] {processor.py:914} INFO - Processing file /home/airflow/.local/lib/python3.12/site-packages/airflow/example_dags/example_xcomargs.py for tasks to queue
[2024-11-15T05:15:20.364+0000] {logging_mixin.py:190} INFO - [2024-11-15T05:15:20.364+0000] {dagbag.py:588} INFO - Filling up the DagBag from /home/airflow/.local/lib/python3.12/site-packages/airflow/example_dags/example_xcomargs.py
[2024-11-15T05:15:20.377+0000] {processor.py:925} INFO - DAG(s) 'example_xcom_args', 'example_xcom_args_with_operators' retrieved from /home/airflow/.local/lib/python3.12/site-packages/airflow/example_dags/example_xcomargs.py
[2024-11-15T05:15:20.411+0000] {logging_mixin.py:190} INFO - [2024-11-15T05:15:20.411+0000] {dag.py:3239} INFO - Sync 2 DAGs
[2024-11-15T05:15:20.435+0000] {logging_mixin.py:190} INFO - [2024-11-15T05:15:20.434+0000] {dag.py:4180} INFO - Setting next_dagrun for example_xcom_args to None, run_after=None
[2024-11-15T05:15:20.441+0000] {logging_mixin.py:190} INFO - [2024-11-15T05:15:20.440+0000] {dag.py:4180} INFO - Setting next_dagrun for example_xcom_args_with_operators to None, run_after=None
[2024-11-15T05:15:20.473+0000] {processor.py:208} INFO - Processing /home/airflow/.local/lib/python3.12/site-packages/airflow/example_dags/example_xcomargs.py took 0.129 seconds
[2024-11-15T05:15:51.918+0000] {processor.py:186} INFO - Started process (PID=507) to work on /home/airflow/.local/lib/python3.12/site-packages/airflow/example_dags/example_xcomargs.py
[2024-11-15T05:15:51.919+0000] {processor.py:914} INFO - Processing file /home/airflow/.local/lib/python3.12/site-packages/airflow/example_dags/example_xcomargs.py for tasks to queue
[2024-11-15T05:15:51.922+0000] {logging_mixin.py:190} INFO - [2024-11-15T05:15:51.922+0000] {dagbag.py:588} INFO - Filling up the DagBag from /home/airflow/.local/lib/python3.12/site-packages/airflow/example_dags/example_xcomargs.py
[2024-11-15T05:15:51.936+0000] {processor.py:925} INFO - DAG(s) 'example_xcom_args', 'example_xcom_args_with_operators' retrieved from /home/airflow/.local/lib/python3.12/site-packages/airflow/example_dags/example_xcomargs.py
[2024-11-15T05:15:51.965+0000] {logging_mixin.py:190} INFO - [2024-11-15T05:15:51.964+0000] {dag.py:3239} INFO - Sync 2 DAGs
[2024-11-15T05:15:51.981+0000] {logging_mixin.py:190} INFO - [2024-11-15T05:15:51.981+0000] {dag.py:4180} INFO - Setting next_dagrun for example_xcom_args to None, run_after=None
[2024-11-15T05:15:51.986+0000] {logging_mixin.py:190} INFO - [2024-11-15T05:15:51.986+0000] {dag.py:4180} INFO - Setting next_dagrun for example_xcom_args_with_operators to None, run_after=None
[2024-11-15T05:15:52.011+0000] {processor.py:208} INFO - Processing /home/airflow/.local/lib/python3.12/site-packages/airflow/example_dags/example_xcomargs.py took 0.104 seconds
[2024-11-15T05:16:22.838+0000] {processor.py:186} INFO - Started process (PID=571) to work on /home/airflow/.local/lib/python3.12/site-packages/airflow/example_dags/example_xcomargs.py
[2024-11-15T05:16:22.840+0000] {processor.py:914} INFO - Processing file /home/airflow/.local/lib/python3.12/site-packages/airflow/example_dags/example_xcomargs.py for tasks to queue
[2024-11-15T05:16:22.843+0000] {logging_mixin.py:190} INFO - [2024-11-15T05:16:22.843+0000] {dagbag.py:588} INFO - Filling up the DagBag from /home/airflow/.local/lib/python3.12/site-packages/airflow/example_dags/example_xcomargs.py
[2024-11-15T05:16:22.857+0000] {processor.py:925} INFO - DAG(s) 'example_xcom_args', 'example_xcom_args_with_operators' retrieved from /home/airflow/.local/lib/python3.12/site-packages/airflow/example_dags/example_xcomargs.py
[2024-11-15T05:16:22.882+0000] {logging_mixin.py:190} INFO - [2024-11-15T05:16:22.882+0000] {dag.py:3239} INFO - Sync 2 DAGs
[2024-11-15T05:16:22.896+0000] {logging_mixin.py:190} INFO - [2024-11-15T05:16:22.896+0000] {dag.py:4180} INFO - Setting next_dagrun for example_xcom_args to None, run_after=None
[2024-11-15T05:16:22.900+0000] {logging_mixin.py:190} INFO - [2024-11-15T05:16:22.900+0000] {dag.py:4180} INFO - Setting next_dagrun for example_xcom_args_with_operators to None, run_after=None
[2024-11-15T05:16:22.922+0000] {processor.py:208} INFO - Processing /home/airflow/.local/lib/python3.12/site-packages/airflow/example_dags/example_xcomargs.py took 0.095 seconds
[2024-11-15T05:16:53.890+0000] {processor.py:186} INFO - Started process (PID=635) to work on /home/airflow/.local/lib/python3.12/site-packages/airflow/example_dags/example_xcomargs.py
[2024-11-15T05:16:53.891+0000] {processor.py:914} INFO - Processing file /home/airflow/.local/lib/python3.12/site-packages/airflow/example_dags/example_xcomargs.py for tasks to queue
[2024-11-15T05:16:53.894+0000] {logging_mixin.py:190} INFO - [2024-11-15T05:16:53.894+0000] {dagbag.py:588} INFO - Filling up the DagBag from /home/airflow/.local/lib/python3.12/site-packages/airflow/example_dags/example_xcomargs.py
[2024-11-15T05:16:53.906+0000] {processor.py:925} INFO - DAG(s) 'example_xcom_args', 'example_xcom_args_with_operators' retrieved from /home/airflow/.local/lib/python3.12/site-packages/airflow/example_dags/example_xcomargs.py
[2024-11-15T05:16:53.936+0000] {logging_mixin.py:190} INFO - [2024-11-15T05:16:53.935+0000] {dag.py:3239} INFO - Sync 2 DAGs
[2024-11-15T05:16:53.950+0000] {logging_mixin.py:190} INFO - [2024-11-15T05:16:53.949+0000] {dag.py:4180} INFO - Setting next_dagrun for example_xcom_args to None, run_after=None
[2024-11-15T05:16:53.953+0000] {logging_mixin.py:190} INFO - [2024-11-15T05:16:53.953+0000] {dag.py:4180} INFO - Setting next_dagrun for example_xcom_args_with_operators to None, run_after=None
[2024-11-15T05:16:53.972+0000] {processor.py:208} INFO - Processing /home/airflow/.local/lib/python3.12/site-packages/airflow/example_dags/example_xcomargs.py took 0.095 seconds
[2024-11-15T05:17:25.123+0000] {processor.py:186} INFO - Started process (PID=699) to work on /home/airflow/.local/lib/python3.12/site-packages/airflow/example_dags/example_xcomargs.py
[2024-11-15T05:17:25.124+0000] {processor.py:914} INFO - Processing file /home/airflow/.local/lib/python3.12/site-packages/airflow/example_dags/example_xcomargs.py for tasks to queue
[2024-11-15T05:17:25.127+0000] {logging_mixin.py:190} INFO - [2024-11-15T05:17:25.127+0000] {dagbag.py:588} INFO - Filling up the DagBag from /home/airflow/.local/lib/python3.12/site-packages/airflow/example_dags/example_xcomargs.py
[2024-11-15T05:17:25.137+0000] {processor.py:925} INFO - DAG(s) 'example_xcom_args', 'example_xcom_args_with_operators' retrieved from /home/airflow/.local/lib/python3.12/site-packages/airflow/example_dags/example_xcomargs.py
[2024-11-15T05:17:25.160+0000] {logging_mixin.py:190} INFO - [2024-11-15T05:17:25.160+0000] {dag.py:3239} INFO - Sync 2 DAGs
[2024-11-15T05:17:25.178+0000] {logging_mixin.py:190} INFO - [2024-11-15T05:17:25.177+0000] {dag.py:4180} INFO - Setting next_dagrun for example_xcom_args to None, run_after=None
[2024-11-15T05:17:25.182+0000] {logging_mixin.py:190} INFO - [2024-11-15T05:17:25.182+0000] {dag.py:4180} INFO - Setting next_dagrun for example_xcom_args_with_operators to None, run_after=None
[2024-11-15T05:17:25.202+0000] {processor.py:208} INFO - Processing /home/airflow/.local/lib/python3.12/site-packages/airflow/example_dags/example_xcomargs.py took 0.088 seconds
[2024-11-15T05:17:56.754+0000] {processor.py:186} INFO - Started process (PID=763) to work on /home/airflow/.local/lib/python3.12/site-packages/airflow/example_dags/example_xcomargs.py
[2024-11-15T05:17:56.755+0000] {processor.py:914} INFO - Processing file /home/airflow/.local/lib/python3.12/site-packages/airflow/example_dags/example_xcomargs.py for tasks to queue
[2024-11-15T05:17:56.759+0000] {logging_mixin.py:190} INFO - [2024-11-15T05:17:56.758+0000] {dagbag.py:588} INFO - Filling up the DagBag from /home/airflow/.local/lib/python3.12/site-packages/airflow/example_dags/example_xcomargs.py
[2024-11-15T05:17:56.779+0000] {processor.py:925} INFO - DAG(s) 'example_xcom_args', 'example_xcom_args_with_operators' retrieved from /home/airflow/.local/lib/python3.12/site-packages/airflow/example_dags/example_xcomargs.py
[2024-11-15T05:17:56.809+0000] {logging_mixin.py:190} INFO - [2024-11-15T05:17:56.809+0000] {dag.py:3239} INFO - Sync 2 DAGs
[2024-11-15T05:17:56.827+0000] {logging_mixin.py:190} INFO - [2024-11-15T05:17:56.827+0000] {dag.py:4180} INFO - Setting next_dagrun for example_xcom_args to None, run_after=None
[2024-11-15T05:17:56.834+0000] {logging_mixin.py:190} INFO - [2024-11-15T05:17:56.834+0000] {dag.py:4180} INFO - Setting next_dagrun for example_xcom_args_with_operators to None, run_after=None
[2024-11-15T05:17:56.862+0000] {processor.py:208} INFO - Processing /home/airflow/.local/lib/python3.12/site-packages/airflow/example_dags/example_xcomargs.py took 0.116 seconds
[2024-11-15T05:20:08.780+0000] {processor.py:186} INFO - Started process (PID=75) to work on /home/airflow/.local/lib/python3.12/site-packages/airflow/example_dags/example_xcomargs.py
[2024-11-15T05:20:08.782+0000] {processor.py:914} INFO - Processing file /home/airflow/.local/lib/python3.12/site-packages/airflow/example_dags/example_xcomargs.py for tasks to queue
[2024-11-15T05:20:08.787+0000] {logging_mixin.py:190} INFO - [2024-11-15T05:20:08.786+0000] {dagbag.py:588} INFO - Filling up the DagBag from /home/airflow/.local/lib/python3.12/site-packages/airflow/example_dags/example_xcomargs.py
[2024-11-15T05:20:08.805+0000] {processor.py:925} INFO - DAG(s) 'example_xcom_args_with_operators', 'example_xcom_args' retrieved from /home/airflow/.local/lib/python3.12/site-packages/airflow/example_dags/example_xcomargs.py
[2024-11-15T05:20:08.951+0000] {logging_mixin.py:190} INFO - [2024-11-15T05:20:08.950+0000] {override.py:1911} INFO - Created Permission View: can delete on DAG:example_xcom_args_with_operators
[2024-11-15T05:20:08.972+0000] {logging_mixin.py:190} INFO - [2024-11-15T05:20:08.971+0000] {override.py:1911} INFO - Created Permission View: can edit on DAG:example_xcom_args_with_operators
[2024-11-15T05:20:08.986+0000] {logging_mixin.py:190} INFO - [2024-11-15T05:20:08.985+0000] {override.py:1911} INFO - Created Permission View: can read on DAG:example_xcom_args_with_operators
[2024-11-15T05:20:09.003+0000] {logging_mixin.py:190} INFO - [2024-11-15T05:20:09.002+0000] {override.py:1911} INFO - Created Permission View: can delete on DAG Run:example_xcom_args_with_operators
[2024-11-15T05:20:09.016+0000] {logging_mixin.py:190} INFO - [2024-11-15T05:20:09.016+0000] {override.py:1911} INFO - Created Permission View: can read on DAG Run:example_xcom_args_with_operators
[2024-11-15T05:20:09.027+0000] {logging_mixin.py:190} INFO - [2024-11-15T05:20:09.027+0000] {override.py:1911} INFO - Created Permission View: can create on DAG Run:example_xcom_args_with_operators
[2024-11-15T05:20:09.040+0000] {logging_mixin.py:190} INFO - [2024-11-15T05:20:09.039+0000] {override.py:1911} INFO - Created Permission View: menu access on DAG Run:example_xcom_args_with_operators
[2024-11-15T05:20:09.091+0000] {logging_mixin.py:190} INFO - [2024-11-15T05:20:09.091+0000] {override.py:1911} INFO - Created Permission View: can delete on DAG:example_xcom_args
[2024-11-15T05:20:09.104+0000] {logging_mixin.py:190} INFO - [2024-11-15T05:20:09.104+0000] {override.py:1911} INFO - Created Permission View: can edit on DAG:example_xcom_args
[2024-11-15T05:20:09.118+0000] {logging_mixin.py:190} INFO - [2024-11-15T05:20:09.117+0000] {override.py:1911} INFO - Created Permission View: can read on DAG:example_xcom_args
[2024-11-15T05:20:09.138+0000] {logging_mixin.py:190} INFO - [2024-11-15T05:20:09.137+0000] {override.py:1911} INFO - Created Permission View: can delete on DAG Run:example_xcom_args
[2024-11-15T05:20:09.151+0000] {logging_mixin.py:190} INFO - [2024-11-15T05:20:09.150+0000] {override.py:1911} INFO - Created Permission View: can read on DAG Run:example_xcom_args
[2024-11-15T05:20:09.164+0000] {logging_mixin.py:190} INFO - [2024-11-15T05:20:09.164+0000] {override.py:1911} INFO - Created Permission View: can create on DAG Run:example_xcom_args
[2024-11-15T05:20:09.177+0000] {logging_mixin.py:190} INFO - [2024-11-15T05:20:09.177+0000] {override.py:1911} INFO - Created Permission View: menu access on DAG Run:example_xcom_args
[2024-11-15T05:20:09.179+0000] {logging_mixin.py:190} INFO - [2024-11-15T05:20:09.178+0000] {dag.py:3239} INFO - Sync 2 DAGs
[2024-11-15T05:20:09.198+0000] {logging_mixin.py:190} INFO - [2024-11-15T05:20:09.198+0000] {dag.py:3262} INFO - Creating ORM DAG for example_xcom_args
[2024-11-15T05:20:09.199+0000] {logging_mixin.py:190} INFO - [2024-11-15T05:20:09.199+0000] {dag.py:3262} INFO - Creating ORM DAG for example_xcom_args_with_operators
[2024-11-15T05:20:09.200+0000] {logging_mixin.py:190} INFO - [2024-11-15T05:20:09.200+0000] {dag.py:4180} INFO - Setting next_dagrun for example_xcom_args to None, run_after=None
[2024-11-15T05:20:09.202+0000] {logging_mixin.py:190} INFO - [2024-11-15T05:20:09.201+0000] {dag.py:4180} INFO - Setting next_dagrun for example_xcom_args_with_operators to None, run_after=None
[2024-11-15T05:20:09.232+0000] {processor.py:208} INFO - Processing /home/airflow/.local/lib/python3.12/site-packages/airflow/example_dags/example_xcomargs.py took 0.460 seconds
[2024-11-15T05:20:39.936+0000] {processor.py:186} INFO - Started process (PID=139) to work on /home/airflow/.local/lib/python3.12/site-packages/airflow/example_dags/example_xcomargs.py
[2024-11-15T05:20:39.938+0000] {processor.py:914} INFO - Processing file /home/airflow/.local/lib/python3.12/site-packages/airflow/example_dags/example_xcomargs.py for tasks to queue
[2024-11-15T05:20:39.943+0000] {logging_mixin.py:190} INFO - [2024-11-15T05:20:39.942+0000] {dagbag.py:588} INFO - Filling up the DagBag from /home/airflow/.local/lib/python3.12/site-packages/airflow/example_dags/example_xcomargs.py
[2024-11-15T05:20:39.957+0000] {processor.py:925} INFO - DAG(s) 'example_xcom_args', 'example_xcom_args_with_operators' retrieved from /home/airflow/.local/lib/python3.12/site-packages/airflow/example_dags/example_xcomargs.py
[2024-11-15T05:20:39.992+0000] {logging_mixin.py:190} INFO - [2024-11-15T05:20:39.992+0000] {dag.py:3239} INFO - Sync 2 DAGs
[2024-11-15T05:20:40.017+0000] {logging_mixin.py:190} INFO - [2024-11-15T05:20:40.017+0000] {dag.py:4180} INFO - Setting next_dagrun for example_xcom_args to None, run_after=None
[2024-11-15T05:20:40.024+0000] {logging_mixin.py:190} INFO - [2024-11-15T05:20:40.023+0000] {dag.py:4180} INFO - Setting next_dagrun for example_xcom_args_with_operators to None, run_after=None
[2024-11-15T05:20:40.052+0000] {processor.py:208} INFO - Processing /home/airflow/.local/lib/python3.12/site-packages/airflow/example_dags/example_xcomargs.py took 0.123 seconds
[2024-11-15T05:21:10.537+0000] {processor.py:186} INFO - Started process (PID=203) to work on /home/airflow/.local/lib/python3.12/site-packages/airflow/example_dags/example_xcomargs.py
[2024-11-15T05:21:10.538+0000] {processor.py:914} INFO - Processing file /home/airflow/.local/lib/python3.12/site-packages/airflow/example_dags/example_xcomargs.py for tasks to queue
[2024-11-15T05:21:10.540+0000] {logging_mixin.py:190} INFO - [2024-11-15T05:21:10.540+0000] {dagbag.py:588} INFO - Filling up the DagBag from /home/airflow/.local/lib/python3.12/site-packages/airflow/example_dags/example_xcomargs.py
[2024-11-15T05:21:10.550+0000] {processor.py:925} INFO - DAG(s) 'example_xcom_args', 'example_xcom_args_with_operators' retrieved from /home/airflow/.local/lib/python3.12/site-packages/airflow/example_dags/example_xcomargs.py
[2024-11-15T05:21:10.574+0000] {logging_mixin.py:190} INFO - [2024-11-15T05:21:10.574+0000] {dag.py:3239} INFO - Sync 2 DAGs
[2024-11-15T05:21:10.587+0000] {logging_mixin.py:190} INFO - [2024-11-15T05:21:10.587+0000] {dag.py:4180} INFO - Setting next_dagrun for example_xcom_args to None, run_after=None
[2024-11-15T05:21:10.591+0000] {logging_mixin.py:190} INFO - [2024-11-15T05:21:10.591+0000] {dag.py:4180} INFO - Setting next_dagrun for example_xcom_args_with_operators to None, run_after=None
[2024-11-15T05:21:10.611+0000] {processor.py:208} INFO - Processing /home/airflow/.local/lib/python3.12/site-packages/airflow/example_dags/example_xcomargs.py took 0.079 seconds
[2024-11-15T05:21:41.415+0000] {processor.py:186} INFO - Started process (PID=267) to work on /home/airflow/.local/lib/python3.12/site-packages/airflow/example_dags/example_xcomargs.py
[2024-11-15T05:21:41.416+0000] {processor.py:914} INFO - Processing file /home/airflow/.local/lib/python3.12/site-packages/airflow/example_dags/example_xcomargs.py for tasks to queue
[2024-11-15T05:21:41.418+0000] {logging_mixin.py:190} INFO - [2024-11-15T05:21:41.418+0000] {dagbag.py:588} INFO - Filling up the DagBag from /home/airflow/.local/lib/python3.12/site-packages/airflow/example_dags/example_xcomargs.py
[2024-11-15T05:21:41.428+0000] {processor.py:925} INFO - DAG(s) 'example_xcom_args_with_operators', 'example_xcom_args' retrieved from /home/airflow/.local/lib/python3.12/site-packages/airflow/example_dags/example_xcomargs.py
[2024-11-15T05:21:41.452+0000] {logging_mixin.py:190} INFO - [2024-11-15T05:21:41.452+0000] {dag.py:3239} INFO - Sync 2 DAGs
[2024-11-15T05:21:41.466+0000] {logging_mixin.py:190} INFO - [2024-11-15T05:21:41.466+0000] {dag.py:4180} INFO - Setting next_dagrun for example_xcom_args to None, run_after=None
[2024-11-15T05:21:41.471+0000] {logging_mixin.py:190} INFO - [2024-11-15T05:21:41.470+0000] {dag.py:4180} INFO - Setting next_dagrun for example_xcom_args_with_operators to None, run_after=None
[2024-11-15T05:21:41.493+0000] {processor.py:208} INFO - Processing /home/airflow/.local/lib/python3.12/site-packages/airflow/example_dags/example_xcomargs.py took 0.083 seconds
[2024-11-15T05:22:12.412+0000] {processor.py:186} INFO - Started process (PID=331) to work on /home/airflow/.local/lib/python3.12/site-packages/airflow/example_dags/example_xcomargs.py
[2024-11-15T05:22:12.413+0000] {processor.py:914} INFO - Processing file /home/airflow/.local/lib/python3.12/site-packages/airflow/example_dags/example_xcomargs.py for tasks to queue
[2024-11-15T05:22:12.416+0000] {logging_mixin.py:190} INFO - [2024-11-15T05:22:12.415+0000] {dagbag.py:588} INFO - Filling up the DagBag from /home/airflow/.local/lib/python3.12/site-packages/airflow/example_dags/example_xcomargs.py
[2024-11-15T05:22:12.425+0000] {processor.py:925} INFO - DAG(s) 'example_xcom_args', 'example_xcom_args_with_operators' retrieved from /home/airflow/.local/lib/python3.12/site-packages/airflow/example_dags/example_xcomargs.py
[2024-11-15T05:22:12.453+0000] {logging_mixin.py:190} INFO - [2024-11-15T05:22:12.453+0000] {dag.py:3239} INFO - Sync 2 DAGs
[2024-11-15T05:22:12.470+0000] {logging_mixin.py:190} INFO - [2024-11-15T05:22:12.470+0000] {dag.py:4180} INFO - Setting next_dagrun for example_xcom_args to None, run_after=None
[2024-11-15T05:22:12.474+0000] {logging_mixin.py:190} INFO - [2024-11-15T05:22:12.474+0000] {dag.py:4180} INFO - Setting next_dagrun for example_xcom_args_with_operators to None, run_after=None
[2024-11-15T05:22:12.495+0000] {processor.py:208} INFO - Processing /home/airflow/.local/lib/python3.12/site-packages/airflow/example_dags/example_xcomargs.py took 0.088 seconds
[2024-11-15T05:22:42.903+0000] {processor.py:186} INFO - Started process (PID=395) to work on /home/airflow/.local/lib/python3.12/site-packages/airflow/example_dags/example_xcomargs.py
[2024-11-15T05:22:42.904+0000] {processor.py:914} INFO - Processing file /home/airflow/.local/lib/python3.12/site-packages/airflow/example_dags/example_xcomargs.py for tasks to queue
[2024-11-15T05:22:42.907+0000] {logging_mixin.py:190} INFO - [2024-11-15T05:22:42.907+0000] {dagbag.py:588} INFO - Filling up the DagBag from /home/airflow/.local/lib/python3.12/site-packages/airflow/example_dags/example_xcomargs.py
[2024-11-15T05:22:42.921+0000] {processor.py:925} INFO - DAG(s) 'example_xcom_args_with_operators', 'example_xcom_args' retrieved from /home/airflow/.local/lib/python3.12/site-packages/airflow/example_dags/example_xcomargs.py
[2024-11-15T05:22:42.953+0000] {logging_mixin.py:190} INFO - [2024-11-15T05:22:42.953+0000] {dag.py:3239} INFO - Sync 2 DAGs
[2024-11-15T05:22:42.973+0000] {logging_mixin.py:190} INFO - [2024-11-15T05:22:42.972+0000] {dag.py:4180} INFO - Setting next_dagrun for example_xcom_args to None, run_after=None
[2024-11-15T05:22:42.978+0000] {logging_mixin.py:190} INFO - [2024-11-15T05:22:42.978+0000] {dag.py:4180} INFO - Setting next_dagrun for example_xcom_args_with_operators to None, run_after=None
[2024-11-15T05:22:43.004+0000] {processor.py:208} INFO - Processing /home/airflow/.local/lib/python3.12/site-packages/airflow/example_dags/example_xcomargs.py took 0.108 seconds
