[2024-11-15T05:12:42.057+0000] {processor.py:186} INFO - Started process (PID=59) to work on /home/airflow/.local/lib/python3.12/site-packages/airflow/example_dags/example_branch_labels.py
[2024-11-15T05:12:42.058+0000] {processor.py:914} INFO - Processing file /home/airflow/.local/lib/python3.12/site-packages/airflow/example_dags/example_branch_labels.py for tasks to queue
[2024-11-15T05:12:42.062+0000] {logging_mixin.py:190} INFO - [2024-11-15T05:12:42.061+0000] {dagbag.py:588} INFO - Filling up the DagBag from /home/airflow/.local/lib/python3.12/site-packages/airflow/example_dags/example_branch_labels.py
[2024-11-15T05:12:42.086+0000] {processor.py:925} INFO - DAG(s) 'example_branch_labels' retrieved from /home/airflow/.local/lib/python3.12/site-packages/airflow/example_dags/example_branch_labels.py
[2024-11-15T05:12:42.244+0000] {logging_mixin.py:190} INFO - [2024-11-15T05:12:42.243+0000] {override.py:1911} INFO - Created Permission View: can delete on DAG:example_branch_labels
[2024-11-15T05:12:42.261+0000] {logging_mixin.py:190} INFO - [2024-11-15T05:12:42.261+0000] {override.py:1911} INFO - Created Permission View: can edit on DAG:example_branch_labels
[2024-11-15T05:12:42.275+0000] {logging_mixin.py:190} INFO - [2024-11-15T05:12:42.275+0000] {override.py:1911} INFO - Created Permission View: can read on DAG:example_branch_labels
[2024-11-15T05:12:42.293+0000] {logging_mixin.py:190} INFO - [2024-11-15T05:12:42.292+0000] {override.py:1911} INFO - Created Permission View: can create on DAG Run:example_branch_labels
[2024-11-15T05:12:42.308+0000] {logging_mixin.py:190} INFO - [2024-11-15T05:12:42.307+0000] {override.py:1911} INFO - Created Permission View: can delete on DAG Run:example_branch_labels
[2024-11-15T05:12:42.322+0000] {logging_mixin.py:190} INFO - [2024-11-15T05:12:42.321+0000] {override.py:1911} INFO - Created Permission View: menu access on DAG Run:example_branch_labels
[2024-11-15T05:12:42.335+0000] {logging_mixin.py:190} INFO - [2024-11-15T05:12:42.334+0000] {override.py:1911} INFO - Created Permission View: can read on DAG Run:example_branch_labels
[2024-11-15T05:12:42.336+0000] {logging_mixin.py:190} INFO - [2024-11-15T05:12:42.336+0000] {dag.py:3239} INFO - Sync 1 DAGs
[2024-11-15T05:12:42.354+0000] {logging_mixin.py:190} INFO - [2024-11-15T05:12:42.353+0000] {dag.py:3262} INFO - Creating ORM DAG for example_branch_labels
[2024-11-15T05:12:42.369+0000] {logging_mixin.py:190} INFO - [2024-11-15T05:12:42.369+0000] {dag.py:4180} INFO - Setting next_dagrun for example_branch_labels to 2024-11-14 00:00:00+00:00, run_after=2024-11-15 00:00:00+00:00
[2024-11-15T05:12:42.398+0000] {processor.py:208} INFO - Processing /home/airflow/.local/lib/python3.12/site-packages/airflow/example_dags/example_branch_labels.py took 0.350 seconds
[2024-11-15T05:13:13.922+0000] {processor.py:186} INFO - Started process (PID=123) to work on /home/airflow/.local/lib/python3.12/site-packages/airflow/example_dags/example_branch_labels.py
[2024-11-15T05:13:13.924+0000] {processor.py:914} INFO - Processing file /home/airflow/.local/lib/python3.12/site-packages/airflow/example_dags/example_branch_labels.py for tasks to queue
[2024-11-15T05:13:13.928+0000] {logging_mixin.py:190} INFO - [2024-11-15T05:13:13.928+0000] {dagbag.py:588} INFO - Filling up the DagBag from /home/airflow/.local/lib/python3.12/site-packages/airflow/example_dags/example_branch_labels.py
[2024-11-15T05:13:13.942+0000] {processor.py:925} INFO - DAG(s) 'example_branch_labels' retrieved from /home/airflow/.local/lib/python3.12/site-packages/airflow/example_dags/example_branch_labels.py
[2024-11-15T05:13:13.970+0000] {logging_mixin.py:190} INFO - [2024-11-15T05:13:13.969+0000] {dag.py:3239} INFO - Sync 1 DAGs
[2024-11-15T05:13:14.001+0000] {logging_mixin.py:190} INFO - [2024-11-15T05:13:14.001+0000] {dag.py:4180} INFO - Setting next_dagrun for example_branch_labels to 2024-11-14 00:00:00+00:00, run_after=2024-11-15 00:00:00+00:00
[2024-11-15T05:13:14.033+0000] {processor.py:208} INFO - Processing /home/airflow/.local/lib/python3.12/site-packages/airflow/example_dags/example_branch_labels.py took 0.120 seconds
[2024-11-15T05:13:45.297+0000] {processor.py:186} INFO - Started process (PID=196) to work on /home/airflow/.local/lib/python3.12/site-packages/airflow/example_dags/example_branch_labels.py
[2024-11-15T05:13:45.298+0000] {processor.py:914} INFO - Processing file /home/airflow/.local/lib/python3.12/site-packages/airflow/example_dags/example_branch_labels.py for tasks to queue
[2024-11-15T05:13:45.302+0000] {logging_mixin.py:190} INFO - [2024-11-15T05:13:45.301+0000] {dagbag.py:588} INFO - Filling up the DagBag from /home/airflow/.local/lib/python3.12/site-packages/airflow/example_dags/example_branch_labels.py
[2024-11-15T05:13:45.313+0000] {processor.py:925} INFO - DAG(s) 'example_branch_labels' retrieved from /home/airflow/.local/lib/python3.12/site-packages/airflow/example_dags/example_branch_labels.py
[2024-11-15T05:13:45.338+0000] {logging_mixin.py:190} INFO - [2024-11-15T05:13:45.338+0000] {dag.py:3239} INFO - Sync 1 DAGs
[2024-11-15T05:13:45.367+0000] {logging_mixin.py:190} INFO - [2024-11-15T05:13:45.367+0000] {dag.py:4180} INFO - Setting next_dagrun for example_branch_labels to 2024-11-14 00:00:00+00:00, run_after=2024-11-15 00:00:00+00:00
[2024-11-15T05:13:45.393+0000] {processor.py:208} INFO - Processing /home/airflow/.local/lib/python3.12/site-packages/airflow/example_dags/example_branch_labels.py took 0.105 seconds
[2024-11-15T05:14:16.817+0000] {processor.py:186} INFO - Started process (PID=260) to work on /home/airflow/.local/lib/python3.12/site-packages/airflow/example_dags/example_branch_labels.py
[2024-11-15T05:14:16.818+0000] {processor.py:914} INFO - Processing file /home/airflow/.local/lib/python3.12/site-packages/airflow/example_dags/example_branch_labels.py for tasks to queue
[2024-11-15T05:14:16.823+0000] {logging_mixin.py:190} INFO - [2024-11-15T05:14:16.822+0000] {dagbag.py:588} INFO - Filling up the DagBag from /home/airflow/.local/lib/python3.12/site-packages/airflow/example_dags/example_branch_labels.py
[2024-11-15T05:14:16.839+0000] {processor.py:925} INFO - DAG(s) 'example_branch_labels' retrieved from /home/airflow/.local/lib/python3.12/site-packages/airflow/example_dags/example_branch_labels.py
[2024-11-15T05:14:16.866+0000] {logging_mixin.py:190} INFO - [2024-11-15T05:14:16.865+0000] {dag.py:3239} INFO - Sync 1 DAGs
[2024-11-15T05:14:16.895+0000] {logging_mixin.py:190} INFO - [2024-11-15T05:14:16.894+0000] {dag.py:4180} INFO - Setting next_dagrun for example_branch_labels to 2024-11-14 00:00:00+00:00, run_after=2024-11-15 00:00:00+00:00
[2024-11-15T05:14:16.920+0000] {processor.py:208} INFO - Processing /home/airflow/.local/lib/python3.12/site-packages/airflow/example_dags/example_branch_labels.py took 0.112 seconds
[2024-11-15T05:14:47.670+0000] {processor.py:186} INFO - Started process (PID=324) to work on /home/airflow/.local/lib/python3.12/site-packages/airflow/example_dags/example_branch_labels.py
[2024-11-15T05:14:47.671+0000] {processor.py:914} INFO - Processing file /home/airflow/.local/lib/python3.12/site-packages/airflow/example_dags/example_branch_labels.py for tasks to queue
[2024-11-15T05:14:47.673+0000] {logging_mixin.py:190} INFO - [2024-11-15T05:14:47.673+0000] {dagbag.py:588} INFO - Filling up the DagBag from /home/airflow/.local/lib/python3.12/site-packages/airflow/example_dags/example_branch_labels.py
[2024-11-15T05:14:47.686+0000] {processor.py:925} INFO - DAG(s) 'example_branch_labels' retrieved from /home/airflow/.local/lib/python3.12/site-packages/airflow/example_dags/example_branch_labels.py
[2024-11-15T05:14:47.708+0000] {logging_mixin.py:190} INFO - [2024-11-15T05:14:47.708+0000] {dag.py:3239} INFO - Sync 1 DAGs
[2024-11-15T05:14:47.739+0000] {logging_mixin.py:190} INFO - [2024-11-15T05:14:47.739+0000] {dag.py:4180} INFO - Setting next_dagrun for example_branch_labels to 2024-11-14 00:00:00+00:00, run_after=2024-11-15 00:00:00+00:00
[2024-11-15T05:14:47.764+0000] {processor.py:208} INFO - Processing /home/airflow/.local/lib/python3.12/site-packages/airflow/example_dags/example_branch_labels.py took 0.103 seconds
[2024-11-15T05:15:18.993+0000] {processor.py:186} INFO - Started process (PID=415) to work on /home/airflow/.local/lib/python3.12/site-packages/airflow/example_dags/example_branch_labels.py
[2024-11-15T05:15:18.995+0000] {processor.py:914} INFO - Processing file /home/airflow/.local/lib/python3.12/site-packages/airflow/example_dags/example_branch_labels.py for tasks to queue
[2024-11-15T05:15:18.998+0000] {logging_mixin.py:190} INFO - [2024-11-15T05:15:18.998+0000] {dagbag.py:588} INFO - Filling up the DagBag from /home/airflow/.local/lib/python3.12/site-packages/airflow/example_dags/example_branch_labels.py
[2024-11-15T05:15:19.011+0000] {processor.py:925} INFO - DAG(s) 'example_branch_labels' retrieved from /home/airflow/.local/lib/python3.12/site-packages/airflow/example_dags/example_branch_labels.py
[2024-11-15T05:15:19.036+0000] {logging_mixin.py:190} INFO - [2024-11-15T05:15:19.036+0000] {dag.py:3239} INFO - Sync 1 DAGs
[2024-11-15T05:15:19.065+0000] {logging_mixin.py:190} INFO - [2024-11-15T05:15:19.065+0000] {dag.py:4180} INFO - Setting next_dagrun for example_branch_labels to 2024-11-14 00:00:00+00:00, run_after=2024-11-15 00:00:00+00:00
[2024-11-15T05:15:19.091+0000] {processor.py:208} INFO - Processing /home/airflow/.local/lib/python3.12/site-packages/airflow/example_dags/example_branch_labels.py took 0.108 seconds
[2024-11-15T05:15:50.704+0000] {processor.py:186} INFO - Started process (PID=491) to work on /home/airflow/.local/lib/python3.12/site-packages/airflow/example_dags/example_branch_labels.py
[2024-11-15T05:15:50.706+0000] {processor.py:914} INFO - Processing file /home/airflow/.local/lib/python3.12/site-packages/airflow/example_dags/example_branch_labels.py for tasks to queue
[2024-11-15T05:15:50.711+0000] {logging_mixin.py:190} INFO - [2024-11-15T05:15:50.710+0000] {dagbag.py:588} INFO - Filling up the DagBag from /home/airflow/.local/lib/python3.12/site-packages/airflow/example_dags/example_branch_labels.py
[2024-11-15T05:15:50.725+0000] {processor.py:925} INFO - DAG(s) 'example_branch_labels' retrieved from /home/airflow/.local/lib/python3.12/site-packages/airflow/example_dags/example_branch_labels.py
[2024-11-15T05:15:50.756+0000] {logging_mixin.py:190} INFO - [2024-11-15T05:15:50.756+0000] {dag.py:3239} INFO - Sync 1 DAGs
[2024-11-15T05:15:50.791+0000] {logging_mixin.py:190} INFO - [2024-11-15T05:15:50.791+0000] {dag.py:4180} INFO - Setting next_dagrun for example_branch_labels to 2024-11-14 00:00:00+00:00, run_after=2024-11-15 00:00:00+00:00
[2024-11-15T05:15:50.819+0000] {processor.py:208} INFO - Processing /home/airflow/.local/lib/python3.12/site-packages/airflow/example_dags/example_branch_labels.py took 0.130 seconds
[2024-11-15T05:16:21.905+0000] {processor.py:186} INFO - Started process (PID=555) to work on /home/airflow/.local/lib/python3.12/site-packages/airflow/example_dags/example_branch_labels.py
[2024-11-15T05:16:21.906+0000] {processor.py:914} INFO - Processing file /home/airflow/.local/lib/python3.12/site-packages/airflow/example_dags/example_branch_labels.py for tasks to queue
[2024-11-15T05:16:21.909+0000] {logging_mixin.py:190} INFO - [2024-11-15T05:16:21.908+0000] {dagbag.py:588} INFO - Filling up the DagBag from /home/airflow/.local/lib/python3.12/site-packages/airflow/example_dags/example_branch_labels.py
[2024-11-15T05:16:21.918+0000] {processor.py:925} INFO - DAG(s) 'example_branch_labels' retrieved from /home/airflow/.local/lib/python3.12/site-packages/airflow/example_dags/example_branch_labels.py
[2024-11-15T05:16:21.938+0000] {logging_mixin.py:190} INFO - [2024-11-15T05:16:21.938+0000] {dag.py:3239} INFO - Sync 1 DAGs
[2024-11-15T05:16:21.959+0000] {logging_mixin.py:190} INFO - [2024-11-15T05:16:21.959+0000] {dag.py:4180} INFO - Setting next_dagrun for example_branch_labels to 2024-11-14 00:00:00+00:00, run_after=2024-11-15 00:00:00+00:00
[2024-11-15T05:16:21.982+0000] {processor.py:208} INFO - Processing /home/airflow/.local/lib/python3.12/site-packages/airflow/example_dags/example_branch_labels.py took 0.085 seconds
[2024-11-15T05:16:52.694+0000] {processor.py:186} INFO - Started process (PID=619) to work on /home/airflow/.local/lib/python3.12/site-packages/airflow/example_dags/example_branch_labels.py
[2024-11-15T05:16:52.695+0000] {processor.py:914} INFO - Processing file /home/airflow/.local/lib/python3.12/site-packages/airflow/example_dags/example_branch_labels.py for tasks to queue
[2024-11-15T05:16:52.698+0000] {logging_mixin.py:190} INFO - [2024-11-15T05:16:52.698+0000] {dagbag.py:588} INFO - Filling up the DagBag from /home/airflow/.local/lib/python3.12/site-packages/airflow/example_dags/example_branch_labels.py
[2024-11-15T05:16:52.707+0000] {processor.py:925} INFO - DAG(s) 'example_branch_labels' retrieved from /home/airflow/.local/lib/python3.12/site-packages/airflow/example_dags/example_branch_labels.py
[2024-11-15T05:16:52.728+0000] {logging_mixin.py:190} INFO - [2024-11-15T05:16:52.727+0000] {dag.py:3239} INFO - Sync 1 DAGs
[2024-11-15T05:16:52.756+0000] {logging_mixin.py:190} INFO - [2024-11-15T05:16:52.756+0000] {dag.py:4180} INFO - Setting next_dagrun for example_branch_labels to 2024-11-14 00:00:00+00:00, run_after=2024-11-15 00:00:00+00:00
[2024-11-15T05:16:52.786+0000] {processor.py:208} INFO - Processing /home/airflow/.local/lib/python3.12/site-packages/airflow/example_dags/example_branch_labels.py took 0.100 seconds
[2024-11-15T05:17:24.151+0000] {processor.py:186} INFO - Started process (PID=683) to work on /home/airflow/.local/lib/python3.12/site-packages/airflow/example_dags/example_branch_labels.py
[2024-11-15T05:17:24.153+0000] {processor.py:914} INFO - Processing file /home/airflow/.local/lib/python3.12/site-packages/airflow/example_dags/example_branch_labels.py for tasks to queue
[2024-11-15T05:17:24.156+0000] {logging_mixin.py:190} INFO - [2024-11-15T05:17:24.155+0000] {dagbag.py:588} INFO - Filling up the DagBag from /home/airflow/.local/lib/python3.12/site-packages/airflow/example_dags/example_branch_labels.py
[2024-11-15T05:17:24.166+0000] {processor.py:925} INFO - DAG(s) 'example_branch_labels' retrieved from /home/airflow/.local/lib/python3.12/site-packages/airflow/example_dags/example_branch_labels.py
[2024-11-15T05:17:24.186+0000] {logging_mixin.py:190} INFO - [2024-11-15T05:17:24.186+0000] {dag.py:3239} INFO - Sync 1 DAGs
[2024-11-15T05:17:24.212+0000] {logging_mixin.py:190} INFO - [2024-11-15T05:17:24.212+0000] {dag.py:4180} INFO - Setting next_dagrun for example_branch_labels to 2024-11-14 00:00:00+00:00, run_after=2024-11-15 00:00:00+00:00
[2024-11-15T05:17:24.234+0000] {processor.py:208} INFO - Processing /home/airflow/.local/lib/python3.12/site-packages/airflow/example_dags/example_branch_labels.py took 0.092 seconds
[2024-11-15T05:17:55.610+0000] {processor.py:186} INFO - Started process (PID=747) to work on /home/airflow/.local/lib/python3.12/site-packages/airflow/example_dags/example_branch_labels.py
[2024-11-15T05:17:55.611+0000] {processor.py:914} INFO - Processing file /home/airflow/.local/lib/python3.12/site-packages/airflow/example_dags/example_branch_labels.py for tasks to queue
[2024-11-15T05:17:55.614+0000] {logging_mixin.py:190} INFO - [2024-11-15T05:17:55.614+0000] {dagbag.py:588} INFO - Filling up the DagBag from /home/airflow/.local/lib/python3.12/site-packages/airflow/example_dags/example_branch_labels.py
[2024-11-15T05:17:55.624+0000] {processor.py:925} INFO - DAG(s) 'example_branch_labels' retrieved from /home/airflow/.local/lib/python3.12/site-packages/airflow/example_dags/example_branch_labels.py
[2024-11-15T05:17:55.644+0000] {logging_mixin.py:190} INFO - [2024-11-15T05:17:55.643+0000] {dag.py:3239} INFO - Sync 1 DAGs
[2024-11-15T05:17:55.666+0000] {logging_mixin.py:190} INFO - [2024-11-15T05:17:55.666+0000] {dag.py:4180} INFO - Setting next_dagrun for example_branch_labels to 2024-11-14 00:00:00+00:00, run_after=2024-11-15 00:00:00+00:00
[2024-11-15T05:17:55.687+0000] {processor.py:208} INFO - Processing /home/airflow/.local/lib/python3.12/site-packages/airflow/example_dags/example_branch_labels.py took 0.085 seconds
[2024-11-15T05:20:05.183+0000] {processor.py:186} INFO - Started process (PID=59) to work on /home/airflow/.local/lib/python3.12/site-packages/airflow/example_dags/example_branch_labels.py
[2024-11-15T05:20:05.185+0000] {processor.py:914} INFO - Processing file /home/airflow/.local/lib/python3.12/site-packages/airflow/example_dags/example_branch_labels.py for tasks to queue
[2024-11-15T05:20:05.189+0000] {logging_mixin.py:190} INFO - [2024-11-15T05:20:05.188+0000] {dagbag.py:588} INFO - Filling up the DagBag from /home/airflow/.local/lib/python3.12/site-packages/airflow/example_dags/example_branch_labels.py
[2024-11-15T05:20:05.208+0000] {processor.py:925} INFO - DAG(s) 'example_branch_labels' retrieved from /home/airflow/.local/lib/python3.12/site-packages/airflow/example_dags/example_branch_labels.py
[2024-11-15T05:20:05.397+0000] {logging_mixin.py:190} INFO - [2024-11-15T05:20:05.396+0000] {override.py:1911} INFO - Created Permission View: can delete on DAG:example_branch_labels
[2024-11-15T05:20:05.418+0000] {logging_mixin.py:190} INFO - [2024-11-15T05:20:05.417+0000] {override.py:1911} INFO - Created Permission View: can edit on DAG:example_branch_labels
[2024-11-15T05:20:05.431+0000] {logging_mixin.py:190} INFO - [2024-11-15T05:20:05.431+0000] {override.py:1911} INFO - Created Permission View: can read on DAG:example_branch_labels
[2024-11-15T05:20:05.446+0000] {logging_mixin.py:190} INFO - [2024-11-15T05:20:05.446+0000] {override.py:1911} INFO - Created Permission View: can delete on DAG Run:example_branch_labels
[2024-11-15T05:20:05.460+0000] {logging_mixin.py:190} INFO - [2024-11-15T05:20:05.460+0000] {override.py:1911} INFO - Created Permission View: can read on DAG Run:example_branch_labels
[2024-11-15T05:20:05.471+0000] {logging_mixin.py:190} INFO - [2024-11-15T05:20:05.471+0000] {override.py:1911} INFO - Created Permission View: can create on DAG Run:example_branch_labels
[2024-11-15T05:20:05.485+0000] {logging_mixin.py:190} INFO - [2024-11-15T05:20:05.484+0000] {override.py:1911} INFO - Created Permission View: menu access on DAG Run:example_branch_labels
[2024-11-15T05:20:05.486+0000] {logging_mixin.py:190} INFO - [2024-11-15T05:20:05.486+0000] {dag.py:3239} INFO - Sync 1 DAGs
[2024-11-15T05:20:05.504+0000] {logging_mixin.py:190} INFO - [2024-11-15T05:20:05.503+0000] {dag.py:3262} INFO - Creating ORM DAG for example_branch_labels
[2024-11-15T05:20:05.519+0000] {logging_mixin.py:190} INFO - [2024-11-15T05:20:05.518+0000] {dag.py:4180} INFO - Setting next_dagrun for example_branch_labels to 2024-11-14 00:00:00+00:00, run_after=2024-11-15 00:00:00+00:00
[2024-11-15T05:20:05.546+0000] {processor.py:208} INFO - Processing /home/airflow/.local/lib/python3.12/site-packages/airflow/example_dags/example_branch_labels.py took 0.372 seconds
[2024-11-15T05:20:35.831+0000] {processor.py:186} INFO - Started process (PID=123) to work on /home/airflow/.local/lib/python3.12/site-packages/airflow/example_dags/example_branch_labels.py
[2024-11-15T05:20:35.832+0000] {processor.py:914} INFO - Processing file /home/airflow/.local/lib/python3.12/site-packages/airflow/example_dags/example_branch_labels.py for tasks to queue
[2024-11-15T05:20:35.835+0000] {logging_mixin.py:190} INFO - [2024-11-15T05:20:35.834+0000] {dagbag.py:588} INFO - Filling up the DagBag from /home/airflow/.local/lib/python3.12/site-packages/airflow/example_dags/example_branch_labels.py
[2024-11-15T05:20:35.843+0000] {processor.py:925} INFO - DAG(s) 'example_branch_labels' retrieved from /home/airflow/.local/lib/python3.12/site-packages/airflow/example_dags/example_branch_labels.py
[2024-11-15T05:20:35.863+0000] {logging_mixin.py:190} INFO - [2024-11-15T05:20:35.862+0000] {dag.py:3239} INFO - Sync 1 DAGs
[2024-11-15T05:20:35.885+0000] {logging_mixin.py:190} INFO - [2024-11-15T05:20:35.885+0000] {dag.py:4180} INFO - Setting next_dagrun for example_branch_labels to 2024-11-14 00:00:00+00:00, run_after=2024-11-15 00:00:00+00:00
[2024-11-15T05:20:35.910+0000] {processor.py:208} INFO - Processing /home/airflow/.local/lib/python3.12/site-packages/airflow/example_dags/example_branch_labels.py took 0.084 seconds
[2024-11-15T05:21:06.212+0000] {processor.py:186} INFO - Started process (PID=186) to work on /home/airflow/.local/lib/python3.12/site-packages/airflow/example_dags/example_branch_labels.py
[2024-11-15T05:21:06.213+0000] {processor.py:914} INFO - Processing file /home/airflow/.local/lib/python3.12/site-packages/airflow/example_dags/example_branch_labels.py for tasks to queue
[2024-11-15T05:21:06.216+0000] {logging_mixin.py:190} INFO - [2024-11-15T05:21:06.216+0000] {dagbag.py:588} INFO - Filling up the DagBag from /home/airflow/.local/lib/python3.12/site-packages/airflow/example_dags/example_branch_labels.py
[2024-11-15T05:21:06.232+0000] {processor.py:925} INFO - DAG(s) 'example_branch_labels' retrieved from /home/airflow/.local/lib/python3.12/site-packages/airflow/example_dags/example_branch_labels.py
[2024-11-15T05:21:06.258+0000] {logging_mixin.py:190} INFO - [2024-11-15T05:21:06.257+0000] {dag.py:3239} INFO - Sync 1 DAGs
[2024-11-15T05:21:06.285+0000] {logging_mixin.py:190} INFO - [2024-11-15T05:21:06.285+0000] {dag.py:4180} INFO - Setting next_dagrun for example_branch_labels to 2024-11-14 00:00:00+00:00, run_after=2024-11-15 00:00:00+00:00
[2024-11-15T05:21:06.313+0000] {processor.py:208} INFO - Processing /home/airflow/.local/lib/python3.12/site-packages/airflow/example_dags/example_branch_labels.py took 0.107 seconds
[2024-11-15T05:21:36.569+0000] {processor.py:186} INFO - Started process (PID=249) to work on /home/airflow/.local/lib/python3.12/site-packages/airflow/example_dags/example_branch_labels.py
[2024-11-15T05:21:36.570+0000] {processor.py:914} INFO - Processing file /home/airflow/.local/lib/python3.12/site-packages/airflow/example_dags/example_branch_labels.py for tasks to queue
[2024-11-15T05:21:36.573+0000] {logging_mixin.py:190} INFO - [2024-11-15T05:21:36.572+0000] {dagbag.py:588} INFO - Filling up the DagBag from /home/airflow/.local/lib/python3.12/site-packages/airflow/example_dags/example_branch_labels.py
[2024-11-15T05:21:36.581+0000] {processor.py:925} INFO - DAG(s) 'example_branch_labels' retrieved from /home/airflow/.local/lib/python3.12/site-packages/airflow/example_dags/example_branch_labels.py
[2024-11-15T05:21:36.602+0000] {logging_mixin.py:190} INFO - [2024-11-15T05:21:36.602+0000] {dag.py:3239} INFO - Sync 1 DAGs
[2024-11-15T05:21:36.624+0000] {logging_mixin.py:190} INFO - [2024-11-15T05:21:36.623+0000] {dag.py:4180} INFO - Setting next_dagrun for example_branch_labels to 2024-11-14 00:00:00+00:00, run_after=2024-11-15 00:00:00+00:00
[2024-11-15T05:21:36.644+0000] {processor.py:208} INFO - Processing /home/airflow/.local/lib/python3.12/site-packages/airflow/example_dags/example_branch_labels.py took 0.081 seconds
[2024-11-15T05:22:06.772+0000] {processor.py:186} INFO - Started process (PID=313) to work on /home/airflow/.local/lib/python3.12/site-packages/airflow/example_dags/example_branch_labels.py
[2024-11-15T05:22:06.773+0000] {processor.py:914} INFO - Processing file /home/airflow/.local/lib/python3.12/site-packages/airflow/example_dags/example_branch_labels.py for tasks to queue
[2024-11-15T05:22:06.776+0000] {logging_mixin.py:190} INFO - [2024-11-15T05:22:06.775+0000] {dagbag.py:588} INFO - Filling up the DagBag from /home/airflow/.local/lib/python3.12/site-packages/airflow/example_dags/example_branch_labels.py
[2024-11-15T05:22:06.784+0000] {processor.py:925} INFO - DAG(s) 'example_branch_labels' retrieved from /home/airflow/.local/lib/python3.12/site-packages/airflow/example_dags/example_branch_labels.py
[2024-11-15T05:22:06.803+0000] {logging_mixin.py:190} INFO - [2024-11-15T05:22:06.802+0000] {dag.py:3239} INFO - Sync 1 DAGs
[2024-11-15T05:22:06.824+0000] {logging_mixin.py:190} INFO - [2024-11-15T05:22:06.823+0000] {dag.py:4180} INFO - Setting next_dagrun for example_branch_labels to 2024-11-14 00:00:00+00:00, run_after=2024-11-15 00:00:00+00:00
[2024-11-15T05:22:06.846+0000] {processor.py:208} INFO - Processing /home/airflow/.local/lib/python3.12/site-packages/airflow/example_dags/example_branch_labels.py took 0.079 seconds
[2024-11-15T05:22:36.998+0000] {processor.py:186} INFO - Started process (PID=377) to work on /home/airflow/.local/lib/python3.12/site-packages/airflow/example_dags/example_branch_labels.py
[2024-11-15T05:22:36.999+0000] {processor.py:914} INFO - Processing file /home/airflow/.local/lib/python3.12/site-packages/airflow/example_dags/example_branch_labels.py for tasks to queue
[2024-11-15T05:22:37.004+0000] {logging_mixin.py:190} INFO - [2024-11-15T05:22:37.002+0000] {dagbag.py:588} INFO - Filling up the DagBag from /home/airflow/.local/lib/python3.12/site-packages/airflow/example_dags/example_branch_labels.py
[2024-11-15T05:22:37.015+0000] {processor.py:925} INFO - DAG(s) 'example_branch_labels' retrieved from /home/airflow/.local/lib/python3.12/site-packages/airflow/example_dags/example_branch_labels.py
[2024-11-15T05:22:37.034+0000] {logging_mixin.py:190} INFO - [2024-11-15T05:22:37.033+0000] {dag.py:3239} INFO - Sync 1 DAGs
[2024-11-15T05:22:37.060+0000] {logging_mixin.py:190} INFO - [2024-11-15T05:22:37.059+0000] {dag.py:4180} INFO - Setting next_dagrun for example_branch_labels to 2024-11-14 00:00:00+00:00, run_after=2024-11-15 00:00:00+00:00
[2024-11-15T05:22:37.081+0000] {processor.py:208} INFO - Processing /home/airflow/.local/lib/python3.12/site-packages/airflow/example_dags/example_branch_labels.py took 0.089 seconds
[2024-11-15T05:23:07.578+0000] {processor.py:186} INFO - Started process (PID=441) to work on /home/airflow/.local/lib/python3.12/site-packages/airflow/example_dags/example_branch_labels.py
[2024-11-15T05:23:07.580+0000] {processor.py:914} INFO - Processing file /home/airflow/.local/lib/python3.12/site-packages/airflow/example_dags/example_branch_labels.py for tasks to queue
[2024-11-15T05:23:07.582+0000] {logging_mixin.py:190} INFO - [2024-11-15T05:23:07.582+0000] {dagbag.py:588} INFO - Filling up the DagBag from /home/airflow/.local/lib/python3.12/site-packages/airflow/example_dags/example_branch_labels.py
[2024-11-15T05:23:07.590+0000] {processor.py:925} INFO - DAG(s) 'example_branch_labels' retrieved from /home/airflow/.local/lib/python3.12/site-packages/airflow/example_dags/example_branch_labels.py
[2024-11-15T05:23:07.609+0000] {logging_mixin.py:190} INFO - [2024-11-15T05:23:07.609+0000] {dag.py:3239} INFO - Sync 1 DAGs
[2024-11-15T05:23:07.630+0000] {logging_mixin.py:190} INFO - [2024-11-15T05:23:07.630+0000] {dag.py:4180} INFO - Setting next_dagrun for example_branch_labels to 2024-11-14 00:00:00+00:00, run_after=2024-11-15 00:00:00+00:00
[2024-11-15T05:23:07.652+0000] {processor.py:208} INFO - Processing /home/airflow/.local/lib/python3.12/site-packages/airflow/example_dags/example_branch_labels.py took 0.078 seconds
