[2024-11-15T05:12:44.551+0000] {processor.py:186} INFO - Started process (PID=71) to work on /home/airflow/.local/lib/python3.12/site-packages/airflow/example_dags/example_python_decorator.py
[2024-11-15T05:12:44.552+0000] {processor.py:914} INFO - Processing file /home/airflow/.local/lib/python3.12/site-packages/airflow/example_dags/example_python_decorator.py for tasks to queue
[2024-11-15T05:12:44.555+0000] {logging_mixin.py:190} INFO - [2024-11-15T05:12:44.555+0000] {dagbag.py:588} INFO - Filling up the DagBag from /home/airflow/.local/lib/python3.12/site-packages/airflow/example_dags/example_python_decorator.py
[2024-11-15T05:12:44.577+0000] {processor.py:925} INFO - DAG(s) 'example_python_decorator' retrieved from /home/airflow/.local/lib/python3.12/site-packages/airflow/example_dags/example_python_decorator.py
[2024-11-15T05:12:44.729+0000] {logging_mixin.py:190} INFO - [2024-11-15T05:12:44.728+0000] {override.py:1911} INFO - Created Permission View: can delete on DAG:example_python_decorator
[2024-11-15T05:12:44.746+0000] {logging_mixin.py:190} INFO - [2024-11-15T05:12:44.746+0000] {override.py:1911} INFO - Created Permission View: can edit on DAG:example_python_decorator
[2024-11-15T05:12:44.759+0000] {logging_mixin.py:190} INFO - [2024-11-15T05:12:44.759+0000] {override.py:1911} INFO - Created Permission View: can read on DAG:example_python_decorator
[2024-11-15T05:12:44.775+0000] {logging_mixin.py:190} INFO - [2024-11-15T05:12:44.774+0000] {override.py:1911} INFO - Created Permission View: can create on DAG Run:example_python_decorator
[2024-11-15T05:12:44.788+0000] {logging_mixin.py:190} INFO - [2024-11-15T05:12:44.788+0000] {override.py:1911} INFO - Created Permission View: can delete on DAG Run:example_python_decorator
[2024-11-15T05:12:44.803+0000] {logging_mixin.py:190} INFO - [2024-11-15T05:12:44.802+0000] {override.py:1911} INFO - Created Permission View: menu access on DAG Run:example_python_decorator
[2024-11-15T05:12:44.816+0000] {logging_mixin.py:190} INFO - [2024-11-15T05:12:44.815+0000] {override.py:1911} INFO - Created Permission View: can read on DAG Run:example_python_decorator
[2024-11-15T05:12:44.817+0000] {logging_mixin.py:190} INFO - [2024-11-15T05:12:44.816+0000] {dag.py:3239} INFO - Sync 1 DAGs
[2024-11-15T05:12:44.833+0000] {logging_mixin.py:190} INFO - [2024-11-15T05:12:44.833+0000] {dag.py:3262} INFO - Creating ORM DAG for example_python_decorator
[2024-11-15T05:12:44.834+0000] {logging_mixin.py:190} INFO - [2024-11-15T05:12:44.834+0000] {dag.py:4180} INFO - Setting next_dagrun for example_python_decorator to None, run_after=None
[2024-11-15T05:12:44.861+0000] {processor.py:208} INFO - Processing /home/airflow/.local/lib/python3.12/site-packages/airflow/example_dags/example_python_decorator.py took 0.318 seconds
[2024-11-15T05:13:15.026+0000] {processor.py:186} INFO - Started process (PID=135) to work on /home/airflow/.local/lib/python3.12/site-packages/airflow/example_dags/example_python_decorator.py
[2024-11-15T05:13:15.028+0000] {processor.py:914} INFO - Processing file /home/airflow/.local/lib/python3.12/site-packages/airflow/example_dags/example_python_decorator.py for tasks to queue
[2024-11-15T05:13:15.030+0000] {logging_mixin.py:190} INFO - [2024-11-15T05:13:15.030+0000] {dagbag.py:588} INFO - Filling up the DagBag from /home/airflow/.local/lib/python3.12/site-packages/airflow/example_dags/example_python_decorator.py
[2024-11-15T05:13:15.046+0000] {processor.py:925} INFO - DAG(s) 'example_python_decorator' retrieved from /home/airflow/.local/lib/python3.12/site-packages/airflow/example_dags/example_python_decorator.py
[2024-11-15T05:13:15.072+0000] {logging_mixin.py:190} INFO - [2024-11-15T05:13:15.072+0000] {dag.py:3239} INFO - Sync 1 DAGs
[2024-11-15T05:13:15.088+0000] {logging_mixin.py:190} INFO - [2024-11-15T05:13:15.087+0000] {dag.py:4180} INFO - Setting next_dagrun for example_python_decorator to None, run_after=None
[2024-11-15T05:13:15.122+0000] {processor.py:208} INFO - Processing /home/airflow/.local/lib/python3.12/site-packages/airflow/example_dags/example_python_decorator.py took 0.102 seconds
[2024-11-15T05:13:46.196+0000] {processor.py:186} INFO - Started process (PID=208) to work on /home/airflow/.local/lib/python3.12/site-packages/airflow/example_dags/example_python_decorator.py
[2024-11-15T05:13:46.197+0000] {processor.py:914} INFO - Processing file /home/airflow/.local/lib/python3.12/site-packages/airflow/example_dags/example_python_decorator.py for tasks to queue
[2024-11-15T05:13:46.202+0000] {logging_mixin.py:190} INFO - [2024-11-15T05:13:46.201+0000] {dagbag.py:588} INFO - Filling up the DagBag from /home/airflow/.local/lib/python3.12/site-packages/airflow/example_dags/example_python_decorator.py
[2024-11-15T05:13:46.227+0000] {processor.py:925} INFO - DAG(s) 'example_python_decorator' retrieved from /home/airflow/.local/lib/python3.12/site-packages/airflow/example_dags/example_python_decorator.py
[2024-11-15T05:13:46.258+0000] {logging_mixin.py:190} INFO - [2024-11-15T05:13:46.258+0000] {dag.py:3239} INFO - Sync 1 DAGs
[2024-11-15T05:13:46.278+0000] {logging_mixin.py:190} INFO - [2024-11-15T05:13:46.278+0000] {dag.py:4180} INFO - Setting next_dagrun for example_python_decorator to None, run_after=None
[2024-11-15T05:13:46.310+0000] {processor.py:208} INFO - Processing /home/airflow/.local/lib/python3.12/site-packages/airflow/example_dags/example_python_decorator.py took 0.125 seconds
[2024-11-15T05:14:17.685+0000] {processor.py:186} INFO - Started process (PID=272) to work on /home/airflow/.local/lib/python3.12/site-packages/airflow/example_dags/example_python_decorator.py
[2024-11-15T05:14:17.686+0000] {processor.py:914} INFO - Processing file /home/airflow/.local/lib/python3.12/site-packages/airflow/example_dags/example_python_decorator.py for tasks to queue
[2024-11-15T05:14:17.689+0000] {logging_mixin.py:190} INFO - [2024-11-15T05:14:17.689+0000] {dagbag.py:588} INFO - Filling up the DagBag from /home/airflow/.local/lib/python3.12/site-packages/airflow/example_dags/example_python_decorator.py
[2024-11-15T05:14:17.709+0000] {processor.py:925} INFO - DAG(s) 'example_python_decorator' retrieved from /home/airflow/.local/lib/python3.12/site-packages/airflow/example_dags/example_python_decorator.py
[2024-11-15T05:14:17.746+0000] {logging_mixin.py:190} INFO - [2024-11-15T05:14:17.746+0000] {dag.py:3239} INFO - Sync 1 DAGs
[2024-11-15T05:14:17.769+0000] {logging_mixin.py:190} INFO - [2024-11-15T05:14:17.768+0000] {dag.py:4180} INFO - Setting next_dagrun for example_python_decorator to None, run_after=None
[2024-11-15T05:14:17.798+0000] {processor.py:208} INFO - Processing /home/airflow/.local/lib/python3.12/site-packages/airflow/example_dags/example_python_decorator.py took 0.122 seconds
[2024-11-15T05:14:48.380+0000] {processor.py:186} INFO - Started process (PID=336) to work on /home/airflow/.local/lib/python3.12/site-packages/airflow/example_dags/example_python_decorator.py
[2024-11-15T05:14:48.382+0000] {processor.py:914} INFO - Processing file /home/airflow/.local/lib/python3.12/site-packages/airflow/example_dags/example_python_decorator.py for tasks to queue
[2024-11-15T05:14:48.385+0000] {logging_mixin.py:190} INFO - [2024-11-15T05:14:48.385+0000] {dagbag.py:588} INFO - Filling up the DagBag from /home/airflow/.local/lib/python3.12/site-packages/airflow/example_dags/example_python_decorator.py
[2024-11-15T05:14:48.406+0000] {processor.py:925} INFO - DAG(s) 'example_python_decorator' retrieved from /home/airflow/.local/lib/python3.12/site-packages/airflow/example_dags/example_python_decorator.py
[2024-11-15T05:14:48.431+0000] {logging_mixin.py:190} INFO - [2024-11-15T05:14:48.430+0000] {dag.py:3239} INFO - Sync 1 DAGs
[2024-11-15T05:14:48.446+0000] {logging_mixin.py:190} INFO - [2024-11-15T05:14:48.445+0000] {dag.py:4180} INFO - Setting next_dagrun for example_python_decorator to None, run_after=None
[2024-11-15T05:14:48.471+0000] {processor.py:208} INFO - Processing /home/airflow/.local/lib/python3.12/site-packages/airflow/example_dags/example_python_decorator.py took 0.099 seconds
[2024-11-15T05:15:19.963+0000] {processor.py:186} INFO - Started process (PID=427) to work on /home/airflow/.local/lib/python3.12/site-packages/airflow/example_dags/example_python_decorator.py
[2024-11-15T05:15:19.965+0000] {processor.py:914} INFO - Processing file /home/airflow/.local/lib/python3.12/site-packages/airflow/example_dags/example_python_decorator.py for tasks to queue
[2024-11-15T05:15:19.968+0000] {logging_mixin.py:190} INFO - [2024-11-15T05:15:19.968+0000] {dagbag.py:588} INFO - Filling up the DagBag from /home/airflow/.local/lib/python3.12/site-packages/airflow/example_dags/example_python_decorator.py
[2024-11-15T05:15:19.990+0000] {processor.py:925} INFO - DAG(s) 'example_python_decorator' retrieved from /home/airflow/.local/lib/python3.12/site-packages/airflow/example_dags/example_python_decorator.py
[2024-11-15T05:15:20.028+0000] {logging_mixin.py:190} INFO - [2024-11-15T05:15:20.028+0000] {dag.py:3239} INFO - Sync 1 DAGs
[2024-11-15T05:15:20.053+0000] {logging_mixin.py:190} INFO - [2024-11-15T05:15:20.053+0000] {dag.py:4180} INFO - Setting next_dagrun for example_python_decorator to None, run_after=None
[2024-11-15T05:15:20.090+0000] {processor.py:208} INFO - Processing /home/airflow/.local/lib/python3.12/site-packages/airflow/example_dags/example_python_decorator.py took 0.140 seconds
[2024-11-15T05:15:51.629+0000] {processor.py:186} INFO - Started process (PID=503) to work on /home/airflow/.local/lib/python3.12/site-packages/airflow/example_dags/example_python_decorator.py
[2024-11-15T05:15:51.631+0000] {processor.py:914} INFO - Processing file /home/airflow/.local/lib/python3.12/site-packages/airflow/example_dags/example_python_decorator.py for tasks to queue
[2024-11-15T05:15:51.635+0000] {logging_mixin.py:190} INFO - [2024-11-15T05:15:51.634+0000] {dagbag.py:588} INFO - Filling up the DagBag from /home/airflow/.local/lib/python3.12/site-packages/airflow/example_dags/example_python_decorator.py
[2024-11-15T05:15:51.655+0000] {processor.py:925} INFO - DAG(s) 'example_python_decorator' retrieved from /home/airflow/.local/lib/python3.12/site-packages/airflow/example_dags/example_python_decorator.py
[2024-11-15T05:15:51.684+0000] {logging_mixin.py:190} INFO - [2024-11-15T05:15:51.684+0000] {dag.py:3239} INFO - Sync 1 DAGs
[2024-11-15T05:15:51.701+0000] {logging_mixin.py:190} INFO - [2024-11-15T05:15:51.701+0000] {dag.py:4180} INFO - Setting next_dagrun for example_python_decorator to None, run_after=None
[2024-11-15T05:15:51.730+0000] {processor.py:208} INFO - Processing /home/airflow/.local/lib/python3.12/site-packages/airflow/example_dags/example_python_decorator.py took 0.114 seconds
[2024-11-15T05:16:22.611+0000] {processor.py:186} INFO - Started process (PID=567) to work on /home/airflow/.local/lib/python3.12/site-packages/airflow/example_dags/example_python_decorator.py
[2024-11-15T05:16:22.612+0000] {processor.py:914} INFO - Processing file /home/airflow/.local/lib/python3.12/site-packages/airflow/example_dags/example_python_decorator.py for tasks to queue
[2024-11-15T05:16:22.615+0000] {logging_mixin.py:190} INFO - [2024-11-15T05:16:22.615+0000] {dagbag.py:588} INFO - Filling up the DagBag from /home/airflow/.local/lib/python3.12/site-packages/airflow/example_dags/example_python_decorator.py
[2024-11-15T05:16:22.628+0000] {processor.py:925} INFO - DAG(s) 'example_python_decorator' retrieved from /home/airflow/.local/lib/python3.12/site-packages/airflow/example_dags/example_python_decorator.py
[2024-11-15T05:16:22.649+0000] {logging_mixin.py:190} INFO - [2024-11-15T05:16:22.649+0000] {dag.py:3239} INFO - Sync 1 DAGs
[2024-11-15T05:16:22.662+0000] {logging_mixin.py:190} INFO - [2024-11-15T05:16:22.662+0000] {dag.py:4180} INFO - Setting next_dagrun for example_python_decorator to None, run_after=None
[2024-11-15T05:16:22.684+0000] {processor.py:208} INFO - Processing /home/airflow/.local/lib/python3.12/site-packages/airflow/example_dags/example_python_decorator.py took 0.082 seconds
[2024-11-15T05:16:53.550+0000] {processor.py:186} INFO - Started process (PID=631) to work on /home/airflow/.local/lib/python3.12/site-packages/airflow/example_dags/example_python_decorator.py
[2024-11-15T05:16:53.551+0000] {processor.py:914} INFO - Processing file /home/airflow/.local/lib/python3.12/site-packages/airflow/example_dags/example_python_decorator.py for tasks to queue
[2024-11-15T05:16:53.554+0000] {logging_mixin.py:190} INFO - [2024-11-15T05:16:53.554+0000] {dagbag.py:588} INFO - Filling up the DagBag from /home/airflow/.local/lib/python3.12/site-packages/airflow/example_dags/example_python_decorator.py
[2024-11-15T05:16:53.567+0000] {processor.py:925} INFO - DAG(s) 'example_python_decorator' retrieved from /home/airflow/.local/lib/python3.12/site-packages/airflow/example_dags/example_python_decorator.py
[2024-11-15T05:16:53.588+0000] {logging_mixin.py:190} INFO - [2024-11-15T05:16:53.587+0000] {dag.py:3239} INFO - Sync 1 DAGs
[2024-11-15T05:16:53.602+0000] {logging_mixin.py:190} INFO - [2024-11-15T05:16:53.602+0000] {dag.py:4180} INFO - Setting next_dagrun for example_python_decorator to None, run_after=None
[2024-11-15T05:16:53.624+0000] {processor.py:208} INFO - Processing /home/airflow/.local/lib/python3.12/site-packages/airflow/example_dags/example_python_decorator.py took 0.083 seconds
[2024-11-15T05:17:24.878+0000] {processor.py:186} INFO - Started process (PID=695) to work on /home/airflow/.local/lib/python3.12/site-packages/airflow/example_dags/example_python_decorator.py
[2024-11-15T05:17:24.879+0000] {processor.py:914} INFO - Processing file /home/airflow/.local/lib/python3.12/site-packages/airflow/example_dags/example_python_decorator.py for tasks to queue
[2024-11-15T05:17:24.882+0000] {logging_mixin.py:190} INFO - [2024-11-15T05:17:24.882+0000] {dagbag.py:588} INFO - Filling up the DagBag from /home/airflow/.local/lib/python3.12/site-packages/airflow/example_dags/example_python_decorator.py
[2024-11-15T05:17:24.895+0000] {processor.py:925} INFO - DAG(s) 'example_python_decorator' retrieved from /home/airflow/.local/lib/python3.12/site-packages/airflow/example_dags/example_python_decorator.py
[2024-11-15T05:17:24.918+0000] {logging_mixin.py:190} INFO - [2024-11-15T05:17:24.918+0000] {dag.py:3239} INFO - Sync 1 DAGs
[2024-11-15T05:17:24.933+0000] {logging_mixin.py:190} INFO - [2024-11-15T05:17:24.933+0000] {dag.py:4180} INFO - Setting next_dagrun for example_python_decorator to None, run_after=None
[2024-11-15T05:17:24.956+0000] {processor.py:208} INFO - Processing /home/airflow/.local/lib/python3.12/site-packages/airflow/example_dags/example_python_decorator.py took 0.086 seconds
[2024-11-15T05:17:56.530+0000] {processor.py:186} INFO - Started process (PID=759) to work on /home/airflow/.local/lib/python3.12/site-packages/airflow/example_dags/example_python_decorator.py
[2024-11-15T05:17:56.531+0000] {processor.py:914} INFO - Processing file /home/airflow/.local/lib/python3.12/site-packages/airflow/example_dags/example_python_decorator.py for tasks to queue
[2024-11-15T05:17:56.534+0000] {logging_mixin.py:190} INFO - [2024-11-15T05:17:56.534+0000] {dagbag.py:588} INFO - Filling up the DagBag from /home/airflow/.local/lib/python3.12/site-packages/airflow/example_dags/example_python_decorator.py
[2024-11-15T05:17:56.547+0000] {processor.py:925} INFO - DAG(s) 'example_python_decorator' retrieved from /home/airflow/.local/lib/python3.12/site-packages/airflow/example_dags/example_python_decorator.py
[2024-11-15T05:17:56.569+0000] {logging_mixin.py:190} INFO - [2024-11-15T05:17:56.568+0000] {dag.py:3239} INFO - Sync 1 DAGs
[2024-11-15T05:17:56.582+0000] {logging_mixin.py:190} INFO - [2024-11-15T05:17:56.582+0000] {dag.py:4180} INFO - Setting next_dagrun for example_python_decorator to None, run_after=None
[2024-11-15T05:17:56.605+0000] {processor.py:208} INFO - Processing /home/airflow/.local/lib/python3.12/site-packages/airflow/example_dags/example_python_decorator.py took 0.084 seconds
[2024-11-15T05:20:08.012+0000] {processor.py:186} INFO - Started process (PID=71) to work on /home/airflow/.local/lib/python3.12/site-packages/airflow/example_dags/example_python_decorator.py
[2024-11-15T05:20:08.014+0000] {processor.py:914} INFO - Processing file /home/airflow/.local/lib/python3.12/site-packages/airflow/example_dags/example_python_decorator.py for tasks to queue
[2024-11-15T05:20:08.019+0000] {logging_mixin.py:190} INFO - [2024-11-15T05:20:08.018+0000] {dagbag.py:588} INFO - Filling up the DagBag from /home/airflow/.local/lib/python3.12/site-packages/airflow/example_dags/example_python_decorator.py
[2024-11-15T05:20:08.048+0000] {processor.py:925} INFO - DAG(s) 'example_python_decorator' retrieved from /home/airflow/.local/lib/python3.12/site-packages/airflow/example_dags/example_python_decorator.py
[2024-11-15T05:20:08.237+0000] {logging_mixin.py:190} INFO - [2024-11-15T05:20:08.236+0000] {override.py:1911} INFO - Created Permission View: can delete on DAG:example_python_decorator
[2024-11-15T05:20:08.258+0000] {logging_mixin.py:190} INFO - [2024-11-15T05:20:08.257+0000] {override.py:1911} INFO - Created Permission View: can edit on DAG:example_python_decorator
[2024-11-15T05:20:08.271+0000] {logging_mixin.py:190} INFO - [2024-11-15T05:20:08.270+0000] {override.py:1911} INFO - Created Permission View: can read on DAG:example_python_decorator
[2024-11-15T05:20:08.285+0000] {logging_mixin.py:190} INFO - [2024-11-15T05:20:08.285+0000] {override.py:1911} INFO - Created Permission View: can delete on DAG Run:example_python_decorator
[2024-11-15T05:20:08.296+0000] {logging_mixin.py:190} INFO - [2024-11-15T05:20:08.296+0000] {override.py:1911} INFO - Created Permission View: can read on DAG Run:example_python_decorator
[2024-11-15T05:20:08.307+0000] {logging_mixin.py:190} INFO - [2024-11-15T05:20:08.306+0000] {override.py:1911} INFO - Created Permission View: can create on DAG Run:example_python_decorator
[2024-11-15T05:20:08.319+0000] {logging_mixin.py:190} INFO - [2024-11-15T05:20:08.319+0000] {override.py:1911} INFO - Created Permission View: menu access on DAG Run:example_python_decorator
[2024-11-15T05:20:08.320+0000] {logging_mixin.py:190} INFO - [2024-11-15T05:20:08.320+0000] {dag.py:3239} INFO - Sync 1 DAGs
[2024-11-15T05:20:08.342+0000] {logging_mixin.py:190} INFO - [2024-11-15T05:20:08.342+0000] {dag.py:3262} INFO - Creating ORM DAG for example_python_decorator
[2024-11-15T05:20:08.344+0000] {logging_mixin.py:190} INFO - [2024-11-15T05:20:08.343+0000] {dag.py:4180} INFO - Setting next_dagrun for example_python_decorator to None, run_after=None
[2024-11-15T05:20:08.377+0000] {processor.py:208} INFO - Processing /home/airflow/.local/lib/python3.12/site-packages/airflow/example_dags/example_python_decorator.py took 0.380 seconds
[2024-11-15T05:20:38.615+0000] {processor.py:186} INFO - Started process (PID=135) to work on /home/airflow/.local/lib/python3.12/site-packages/airflow/example_dags/example_python_decorator.py
[2024-11-15T05:20:38.617+0000] {processor.py:914} INFO - Processing file /home/airflow/.local/lib/python3.12/site-packages/airflow/example_dags/example_python_decorator.py for tasks to queue
[2024-11-15T05:20:38.620+0000] {logging_mixin.py:190} INFO - [2024-11-15T05:20:38.620+0000] {dagbag.py:588} INFO - Filling up the DagBag from /home/airflow/.local/lib/python3.12/site-packages/airflow/example_dags/example_python_decorator.py
[2024-11-15T05:20:38.644+0000] {processor.py:925} INFO - DAG(s) 'example_python_decorator' retrieved from /home/airflow/.local/lib/python3.12/site-packages/airflow/example_dags/example_python_decorator.py
[2024-11-15T05:20:38.679+0000] {logging_mixin.py:190} INFO - [2024-11-15T05:20:38.679+0000] {dag.py:3239} INFO - Sync 1 DAGs
[2024-11-15T05:20:38.701+0000] {logging_mixin.py:190} INFO - [2024-11-15T05:20:38.701+0000] {dag.py:4180} INFO - Setting next_dagrun for example_python_decorator to None, run_after=None
[2024-11-15T05:20:38.739+0000] {processor.py:208} INFO - Processing /home/airflow/.local/lib/python3.12/site-packages/airflow/example_dags/example_python_decorator.py took 0.133 seconds
[2024-11-15T05:21:09.310+0000] {processor.py:186} INFO - Started process (PID=199) to work on /home/airflow/.local/lib/python3.12/site-packages/airflow/example_dags/example_python_decorator.py
[2024-11-15T05:21:09.311+0000] {processor.py:914} INFO - Processing file /home/airflow/.local/lib/python3.12/site-packages/airflow/example_dags/example_python_decorator.py for tasks to queue
[2024-11-15T05:21:09.315+0000] {logging_mixin.py:190} INFO - [2024-11-15T05:21:09.314+0000] {dagbag.py:588} INFO - Filling up the DagBag from /home/airflow/.local/lib/python3.12/site-packages/airflow/example_dags/example_python_decorator.py
[2024-11-15T05:21:09.332+0000] {processor.py:925} INFO - DAG(s) 'example_python_decorator' retrieved from /home/airflow/.local/lib/python3.12/site-packages/airflow/example_dags/example_python_decorator.py
[2024-11-15T05:21:09.361+0000] {logging_mixin.py:190} INFO - [2024-11-15T05:21:09.360+0000] {dag.py:3239} INFO - Sync 1 DAGs
[2024-11-15T05:21:09.376+0000] {logging_mixin.py:190} INFO - [2024-11-15T05:21:09.376+0000] {dag.py:4180} INFO - Setting next_dagrun for example_python_decorator to None, run_after=None
[2024-11-15T05:21:09.402+0000] {processor.py:208} INFO - Processing /home/airflow/.local/lib/python3.12/site-packages/airflow/example_dags/example_python_decorator.py took 0.099 seconds
[2024-11-15T05:21:40.187+0000] {processor.py:186} INFO - Started process (PID=263) to work on /home/airflow/.local/lib/python3.12/site-packages/airflow/example_dags/example_python_decorator.py
[2024-11-15T05:21:40.189+0000] {processor.py:914} INFO - Processing file /home/airflow/.local/lib/python3.12/site-packages/airflow/example_dags/example_python_decorator.py for tasks to queue
[2024-11-15T05:21:40.192+0000] {logging_mixin.py:190} INFO - [2024-11-15T05:21:40.191+0000] {dagbag.py:588} INFO - Filling up the DagBag from /home/airflow/.local/lib/python3.12/site-packages/airflow/example_dags/example_python_decorator.py
[2024-11-15T05:21:40.207+0000] {processor.py:925} INFO - DAG(s) 'example_python_decorator' retrieved from /home/airflow/.local/lib/python3.12/site-packages/airflow/example_dags/example_python_decorator.py
[2024-11-15T05:21:40.234+0000] {logging_mixin.py:190} INFO - [2024-11-15T05:21:40.234+0000] {dag.py:3239} INFO - Sync 1 DAGs
[2024-11-15T05:21:40.251+0000] {logging_mixin.py:190} INFO - [2024-11-15T05:21:40.251+0000] {dag.py:4180} INFO - Setting next_dagrun for example_python_decorator to None, run_after=None
[2024-11-15T05:21:40.280+0000] {processor.py:208} INFO - Processing /home/airflow/.local/lib/python3.12/site-packages/airflow/example_dags/example_python_decorator.py took 0.098 seconds
[2024-11-15T05:22:11.183+0000] {processor.py:186} INFO - Started process (PID=327) to work on /home/airflow/.local/lib/python3.12/site-packages/airflow/example_dags/example_python_decorator.py
[2024-11-15T05:22:11.185+0000] {processor.py:914} INFO - Processing file /home/airflow/.local/lib/python3.12/site-packages/airflow/example_dags/example_python_decorator.py for tasks to queue
[2024-11-15T05:22:11.188+0000] {logging_mixin.py:190} INFO - [2024-11-15T05:22:11.187+0000] {dagbag.py:588} INFO - Filling up the DagBag from /home/airflow/.local/lib/python3.12/site-packages/airflow/example_dags/example_python_decorator.py
[2024-11-15T05:22:11.201+0000] {processor.py:925} INFO - DAG(s) 'example_python_decorator' retrieved from /home/airflow/.local/lib/python3.12/site-packages/airflow/example_dags/example_python_decorator.py
[2024-11-15T05:22:11.231+0000] {logging_mixin.py:190} INFO - [2024-11-15T05:22:11.231+0000] {dag.py:3239} INFO - Sync 1 DAGs
[2024-11-15T05:22:11.248+0000] {logging_mixin.py:190} INFO - [2024-11-15T05:22:11.247+0000] {dag.py:4180} INFO - Setting next_dagrun for example_python_decorator to None, run_after=None
[2024-11-15T05:22:11.272+0000] {processor.py:208} INFO - Processing /home/airflow/.local/lib/python3.12/site-packages/airflow/example_dags/example_python_decorator.py took 0.097 seconds
[2024-11-15T05:22:41.586+0000] {processor.py:186} INFO - Started process (PID=391) to work on /home/airflow/.local/lib/python3.12/site-packages/airflow/example_dags/example_python_decorator.py
[2024-11-15T05:22:41.588+0000] {processor.py:914} INFO - Processing file /home/airflow/.local/lib/python3.12/site-packages/airflow/example_dags/example_python_decorator.py for tasks to queue
[2024-11-15T05:22:41.591+0000] {logging_mixin.py:190} INFO - [2024-11-15T05:22:41.591+0000] {dagbag.py:588} INFO - Filling up the DagBag from /home/airflow/.local/lib/python3.12/site-packages/airflow/example_dags/example_python_decorator.py
[2024-11-15T05:22:41.611+0000] {processor.py:925} INFO - DAG(s) 'example_python_decorator' retrieved from /home/airflow/.local/lib/python3.12/site-packages/airflow/example_dags/example_python_decorator.py
[2024-11-15T05:22:41.642+0000] {logging_mixin.py:190} INFO - [2024-11-15T05:22:41.642+0000] {dag.py:3239} INFO - Sync 1 DAGs
[2024-11-15T05:22:41.662+0000] {logging_mixin.py:190} INFO - [2024-11-15T05:22:41.661+0000] {dag.py:4180} INFO - Setting next_dagrun for example_python_decorator to None, run_after=None
[2024-11-15T05:22:41.692+0000] {processor.py:208} INFO - Processing /home/airflow/.local/lib/python3.12/site-packages/airflow/example_dags/example_python_decorator.py took 0.113 seconds
