[2024-11-15T05:12:49.676+0000] {processor.py:186} INFO - Started process (PID=87) to work on /home/airflow/.local/lib/python3.12/site-packages/airflow/example_dags/example_short_circuit_operator.py
[2024-11-15T05:12:49.688+0000] {processor.py:914} INFO - Processing file /home/airflow/.local/lib/python3.12/site-packages/airflow/example_dags/example_short_circuit_operator.py for tasks to queue
[2024-11-15T05:12:49.693+0000] {logging_mixin.py:190} INFO - [2024-11-15T05:12:49.693+0000] {dagbag.py:588} INFO - Filling up the DagBag from /home/airflow/.local/lib/python3.12/site-packages/airflow/example_dags/example_short_circuit_operator.py
[2024-11-15T05:12:49.719+0000] {processor.py:925} INFO - DAG(s) 'example_short_circuit_operator' retrieved from /home/airflow/.local/lib/python3.12/site-packages/airflow/example_dags/example_short_circuit_operator.py
[2024-11-15T05:12:49.962+0000] {logging_mixin.py:190} INFO - [2024-11-15T05:12:49.960+0000] {override.py:1911} INFO - Created Permission View: can delete on DAG:example_short_circuit_operator
[2024-11-15T05:12:49.997+0000] {logging_mixin.py:190} INFO - [2024-11-15T05:12:49.996+0000] {override.py:1911} INFO - Created Permission View: can edit on DAG:example_short_circuit_operator
[2024-11-15T05:12:50.016+0000] {logging_mixin.py:190} INFO - [2024-11-15T05:12:50.014+0000] {override.py:1911} INFO - Created Permission View: can read on DAG:example_short_circuit_operator
[2024-11-15T05:12:50.036+0000] {logging_mixin.py:190} INFO - [2024-11-15T05:12:50.035+0000] {override.py:1911} INFO - Created Permission View: can create on DAG Run:example_short_circuit_operator
[2024-11-15T05:12:50.050+0000] {logging_mixin.py:190} INFO - [2024-11-15T05:12:50.049+0000] {override.py:1911} INFO - Created Permission View: can delete on DAG Run:example_short_circuit_operator
[2024-11-15T05:12:50.061+0000] {logging_mixin.py:190} INFO - [2024-11-15T05:12:50.060+0000] {override.py:1911} INFO - Created Permission View: menu access on DAG Run:example_short_circuit_operator
[2024-11-15T05:12:50.075+0000] {logging_mixin.py:190} INFO - [2024-11-15T05:12:50.075+0000] {override.py:1911} INFO - Created Permission View: can read on DAG Run:example_short_circuit_operator
[2024-11-15T05:12:50.076+0000] {logging_mixin.py:190} INFO - [2024-11-15T05:12:50.076+0000] {dag.py:3239} INFO - Sync 1 DAGs
[2024-11-15T05:12:50.097+0000] {logging_mixin.py:190} INFO - [2024-11-15T05:12:50.097+0000] {dag.py:3262} INFO - Creating ORM DAG for example_short_circuit_operator
[2024-11-15T05:12:50.099+0000] {logging_mixin.py:190} INFO - [2024-11-15T05:12:50.098+0000] {dag.py:4180} INFO - Setting next_dagrun for example_short_circuit_operator to None, run_after=None
[2024-11-15T05:12:50.121+0000] {processor.py:208} INFO - Processing /home/airflow/.local/lib/python3.12/site-packages/airflow/example_dags/example_short_circuit_operator.py took 0.466 seconds
[2024-11-15T05:13:20.875+0000] {processor.py:186} INFO - Started process (PID=160) to work on /home/airflow/.local/lib/python3.12/site-packages/airflow/example_dags/example_short_circuit_operator.py
[2024-11-15T05:13:20.876+0000] {processor.py:914} INFO - Processing file /home/airflow/.local/lib/python3.12/site-packages/airflow/example_dags/example_short_circuit_operator.py for tasks to queue
[2024-11-15T05:13:20.879+0000] {logging_mixin.py:190} INFO - [2024-11-15T05:13:20.878+0000] {dagbag.py:588} INFO - Filling up the DagBag from /home/airflow/.local/lib/python3.12/site-packages/airflow/example_dags/example_short_circuit_operator.py
[2024-11-15T05:13:20.888+0000] {processor.py:925} INFO - DAG(s) 'example_short_circuit_operator' retrieved from /home/airflow/.local/lib/python3.12/site-packages/airflow/example_dags/example_short_circuit_operator.py
[2024-11-15T05:13:20.911+0000] {logging_mixin.py:190} INFO - [2024-11-15T05:13:20.911+0000] {dag.py:3239} INFO - Sync 1 DAGs
[2024-11-15T05:13:20.924+0000] {logging_mixin.py:190} INFO - [2024-11-15T05:13:20.924+0000] {dag.py:4180} INFO - Setting next_dagrun for example_short_circuit_operator to None, run_after=None
[2024-11-15T05:13:20.946+0000] {processor.py:208} INFO - Processing /home/airflow/.local/lib/python3.12/site-packages/airflow/example_dags/example_short_circuit_operator.py took 0.075 seconds
[2024-11-15T05:13:51.753+0000] {processor.py:186} INFO - Started process (PID=224) to work on /home/airflow/.local/lib/python3.12/site-packages/airflow/example_dags/example_short_circuit_operator.py
[2024-11-15T05:13:51.754+0000] {processor.py:914} INFO - Processing file /home/airflow/.local/lib/python3.12/site-packages/airflow/example_dags/example_short_circuit_operator.py for tasks to queue
[2024-11-15T05:13:51.756+0000] {logging_mixin.py:190} INFO - [2024-11-15T05:13:51.756+0000] {dagbag.py:588} INFO - Filling up the DagBag from /home/airflow/.local/lib/python3.12/site-packages/airflow/example_dags/example_short_circuit_operator.py
[2024-11-15T05:13:51.764+0000] {processor.py:925} INFO - DAG(s) 'example_short_circuit_operator' retrieved from /home/airflow/.local/lib/python3.12/site-packages/airflow/example_dags/example_short_circuit_operator.py
[2024-11-15T05:13:51.786+0000] {logging_mixin.py:190} INFO - [2024-11-15T05:13:51.786+0000] {dag.py:3239} INFO - Sync 1 DAGs
[2024-11-15T05:13:51.798+0000] {logging_mixin.py:190} INFO - [2024-11-15T05:13:51.798+0000] {dag.py:4180} INFO - Setting next_dagrun for example_short_circuit_operator to None, run_after=None
[2024-11-15T05:13:51.820+0000] {processor.py:208} INFO - Processing /home/airflow/.local/lib/python3.12/site-packages/airflow/example_dags/example_short_circuit_operator.py took 0.073 seconds
[2024-11-15T05:14:22.133+0000] {processor.py:186} INFO - Started process (PID=288) to work on /home/airflow/.local/lib/python3.12/site-packages/airflow/example_dags/example_short_circuit_operator.py
[2024-11-15T05:14:22.135+0000] {processor.py:914} INFO - Processing file /home/airflow/.local/lib/python3.12/site-packages/airflow/example_dags/example_short_circuit_operator.py for tasks to queue
[2024-11-15T05:14:22.139+0000] {logging_mixin.py:190} INFO - [2024-11-15T05:14:22.138+0000] {dagbag.py:588} INFO - Filling up the DagBag from /home/airflow/.local/lib/python3.12/site-packages/airflow/example_dags/example_short_circuit_operator.py
[2024-11-15T05:14:22.152+0000] {processor.py:925} INFO - DAG(s) 'example_short_circuit_operator' retrieved from /home/airflow/.local/lib/python3.12/site-packages/airflow/example_dags/example_short_circuit_operator.py
[2024-11-15T05:14:22.181+0000] {logging_mixin.py:190} INFO - [2024-11-15T05:14:22.180+0000] {dag.py:3239} INFO - Sync 1 DAGs
[2024-11-15T05:14:22.199+0000] {logging_mixin.py:190} INFO - [2024-11-15T05:14:22.199+0000] {dag.py:4180} INFO - Setting next_dagrun for example_short_circuit_operator to None, run_after=None
[2024-11-15T05:14:22.227+0000] {processor.py:208} INFO - Processing /home/airflow/.local/lib/python3.12/site-packages/airflow/example_dags/example_short_circuit_operator.py took 0.102 seconds
[2024-11-15T05:14:53.249+0000] {processor.py:186} INFO - Started process (PID=352) to work on /home/airflow/.local/lib/python3.12/site-packages/airflow/example_dags/example_short_circuit_operator.py
[2024-11-15T05:14:53.250+0000] {processor.py:914} INFO - Processing file /home/airflow/.local/lib/python3.12/site-packages/airflow/example_dags/example_short_circuit_operator.py for tasks to queue
[2024-11-15T05:14:53.252+0000] {logging_mixin.py:190} INFO - [2024-11-15T05:14:53.252+0000] {dagbag.py:588} INFO - Filling up the DagBag from /home/airflow/.local/lib/python3.12/site-packages/airflow/example_dags/example_short_circuit_operator.py
[2024-11-15T05:14:53.260+0000] {processor.py:925} INFO - DAG(s) 'example_short_circuit_operator' retrieved from /home/airflow/.local/lib/python3.12/site-packages/airflow/example_dags/example_short_circuit_operator.py
[2024-11-15T05:14:53.281+0000] {logging_mixin.py:190} INFO - [2024-11-15T05:14:53.281+0000] {dag.py:3239} INFO - Sync 1 DAGs
[2024-11-15T05:14:53.299+0000] {logging_mixin.py:190} INFO - [2024-11-15T05:14:53.299+0000] {dag.py:4180} INFO - Setting next_dagrun for example_short_circuit_operator to None, run_after=None
[2024-11-15T05:14:53.323+0000] {processor.py:208} INFO - Processing /home/airflow/.local/lib/python3.12/site-packages/airflow/example_dags/example_short_circuit_operator.py took 0.080 seconds
[2024-11-15T05:15:24.899+0000] {processor.py:186} INFO - Started process (PID=443) to work on /home/airflow/.local/lib/python3.12/site-packages/airflow/example_dags/example_short_circuit_operator.py
[2024-11-15T05:15:24.901+0000] {processor.py:914} INFO - Processing file /home/airflow/.local/lib/python3.12/site-packages/airflow/example_dags/example_short_circuit_operator.py for tasks to queue
[2024-11-15T05:15:24.904+0000] {logging_mixin.py:190} INFO - [2024-11-15T05:15:24.903+0000] {dagbag.py:588} INFO - Filling up the DagBag from /home/airflow/.local/lib/python3.12/site-packages/airflow/example_dags/example_short_circuit_operator.py
[2024-11-15T05:15:24.915+0000] {processor.py:925} INFO - DAG(s) 'example_short_circuit_operator' retrieved from /home/airflow/.local/lib/python3.12/site-packages/airflow/example_dags/example_short_circuit_operator.py
[2024-11-15T05:15:24.971+0000] {logging_mixin.py:190} INFO - [2024-11-15T05:15:24.970+0000] {dag.py:3239} INFO - Sync 1 DAGs
[2024-11-15T05:15:25.018+0000] {logging_mixin.py:190} INFO - [2024-11-15T05:15:25.017+0000] {dag.py:4180} INFO - Setting next_dagrun for example_short_circuit_operator to None, run_after=None
[2024-11-15T05:15:25.066+0000] {processor.py:208} INFO - Processing /home/airflow/.local/lib/python3.12/site-packages/airflow/example_dags/example_short_circuit_operator.py took 0.180 seconds
[2024-11-15T05:15:56.024+0000] {processor.py:186} INFO - Started process (PID=519) to work on /home/airflow/.local/lib/python3.12/site-packages/airflow/example_dags/example_short_circuit_operator.py
[2024-11-15T05:15:56.025+0000] {processor.py:914} INFO - Processing file /home/airflow/.local/lib/python3.12/site-packages/airflow/example_dags/example_short_circuit_operator.py for tasks to queue
[2024-11-15T05:15:56.030+0000] {logging_mixin.py:190} INFO - [2024-11-15T05:15:56.030+0000] {dagbag.py:588} INFO - Filling up the DagBag from /home/airflow/.local/lib/python3.12/site-packages/airflow/example_dags/example_short_circuit_operator.py
[2024-11-15T05:15:56.043+0000] {processor.py:925} INFO - DAG(s) 'example_short_circuit_operator' retrieved from /home/airflow/.local/lib/python3.12/site-packages/airflow/example_dags/example_short_circuit_operator.py
[2024-11-15T05:15:56.079+0000] {logging_mixin.py:190} INFO - [2024-11-15T05:15:56.079+0000] {dag.py:3239} INFO - Sync 1 DAGs
[2024-11-15T05:15:56.103+0000] {logging_mixin.py:190} INFO - [2024-11-15T05:15:56.103+0000] {dag.py:4180} INFO - Setting next_dagrun for example_short_circuit_operator to None, run_after=None
[2024-11-15T05:15:56.137+0000] {processor.py:208} INFO - Processing /home/airflow/.local/lib/python3.12/site-packages/airflow/example_dags/example_short_circuit_operator.py took 0.127 seconds
[2024-11-15T05:16:26.209+0000] {processor.py:186} INFO - Started process (PID=583) to work on /home/airflow/.local/lib/python3.12/site-packages/airflow/example_dags/example_short_circuit_operator.py
[2024-11-15T05:16:26.210+0000] {processor.py:914} INFO - Processing file /home/airflow/.local/lib/python3.12/site-packages/airflow/example_dags/example_short_circuit_operator.py for tasks to queue
[2024-11-15T05:16:26.213+0000] {logging_mixin.py:190} INFO - [2024-11-15T05:16:26.213+0000] {dagbag.py:588} INFO - Filling up the DagBag from /home/airflow/.local/lib/python3.12/site-packages/airflow/example_dags/example_short_circuit_operator.py
[2024-11-15T05:16:26.221+0000] {processor.py:925} INFO - DAG(s) 'example_short_circuit_operator' retrieved from /home/airflow/.local/lib/python3.12/site-packages/airflow/example_dags/example_short_circuit_operator.py
[2024-11-15T05:16:26.242+0000] {logging_mixin.py:190} INFO - [2024-11-15T05:16:26.242+0000] {dag.py:3239} INFO - Sync 1 DAGs
[2024-11-15T05:16:26.255+0000] {logging_mixin.py:190} INFO - [2024-11-15T05:16:26.255+0000] {dag.py:4180} INFO - Setting next_dagrun for example_short_circuit_operator to None, run_after=None
[2024-11-15T05:16:26.275+0000] {processor.py:208} INFO - Processing /home/airflow/.local/lib/python3.12/site-packages/airflow/example_dags/example_short_circuit_operator.py took 0.075 seconds
[2024-11-15T05:16:57.550+0000] {processor.py:186} INFO - Started process (PID=647) to work on /home/airflow/.local/lib/python3.12/site-packages/airflow/example_dags/example_short_circuit_operator.py
[2024-11-15T05:16:57.551+0000] {processor.py:914} INFO - Processing file /home/airflow/.local/lib/python3.12/site-packages/airflow/example_dags/example_short_circuit_operator.py for tasks to queue
[2024-11-15T05:16:57.555+0000] {logging_mixin.py:190} INFO - [2024-11-15T05:16:57.554+0000] {dagbag.py:588} INFO - Filling up the DagBag from /home/airflow/.local/lib/python3.12/site-packages/airflow/example_dags/example_short_circuit_operator.py
[2024-11-15T05:16:57.567+0000] {processor.py:925} INFO - DAG(s) 'example_short_circuit_operator' retrieved from /home/airflow/.local/lib/python3.12/site-packages/airflow/example_dags/example_short_circuit_operator.py
[2024-11-15T05:16:57.599+0000] {logging_mixin.py:190} INFO - [2024-11-15T05:16:57.599+0000] {dag.py:3239} INFO - Sync 1 DAGs
[2024-11-15T05:16:57.617+0000] {logging_mixin.py:190} INFO - [2024-11-15T05:16:57.617+0000] {dag.py:4180} INFO - Setting next_dagrun for example_short_circuit_operator to None, run_after=None
[2024-11-15T05:16:57.643+0000] {processor.py:208} INFO - Processing /home/airflow/.local/lib/python3.12/site-packages/airflow/example_dags/example_short_circuit_operator.py took 0.105 seconds
[2024-11-15T05:17:28.962+0000] {processor.py:186} INFO - Started process (PID=711) to work on /home/airflow/.local/lib/python3.12/site-packages/airflow/example_dags/example_short_circuit_operator.py
[2024-11-15T05:17:28.963+0000] {processor.py:914} INFO - Processing file /home/airflow/.local/lib/python3.12/site-packages/airflow/example_dags/example_short_circuit_operator.py for tasks to queue
[2024-11-15T05:17:28.966+0000] {logging_mixin.py:190} INFO - [2024-11-15T05:17:28.966+0000] {dagbag.py:588} INFO - Filling up the DagBag from /home/airflow/.local/lib/python3.12/site-packages/airflow/example_dags/example_short_circuit_operator.py
[2024-11-15T05:17:28.978+0000] {processor.py:925} INFO - DAG(s) 'example_short_circuit_operator' retrieved from /home/airflow/.local/lib/python3.12/site-packages/airflow/example_dags/example_short_circuit_operator.py
[2024-11-15T05:17:29.012+0000] {logging_mixin.py:190} INFO - [2024-11-15T05:17:29.012+0000] {dag.py:3239} INFO - Sync 1 DAGs
[2024-11-15T05:17:29.034+0000] {logging_mixin.py:190} INFO - [2024-11-15T05:17:29.034+0000] {dag.py:4180} INFO - Setting next_dagrun for example_short_circuit_operator to None, run_after=None
[2024-11-15T05:17:29.066+0000] {processor.py:208} INFO - Processing /home/airflow/.local/lib/python3.12/site-packages/airflow/example_dags/example_short_circuit_operator.py took 0.117 seconds
[2024-11-15T05:18:00.242+0000] {processor.py:186} INFO - Started process (PID=775) to work on /home/airflow/.local/lib/python3.12/site-packages/airflow/example_dags/example_short_circuit_operator.py
[2024-11-15T05:18:00.243+0000] {processor.py:914} INFO - Processing file /home/airflow/.local/lib/python3.12/site-packages/airflow/example_dags/example_short_circuit_operator.py for tasks to queue
[2024-11-15T05:18:00.245+0000] {logging_mixin.py:190} INFO - [2024-11-15T05:18:00.245+0000] {dagbag.py:588} INFO - Filling up the DagBag from /home/airflow/.local/lib/python3.12/site-packages/airflow/example_dags/example_short_circuit_operator.py
[2024-11-15T05:18:00.253+0000] {processor.py:925} INFO - DAG(s) 'example_short_circuit_operator' retrieved from /home/airflow/.local/lib/python3.12/site-packages/airflow/example_dags/example_short_circuit_operator.py
[2024-11-15T05:18:00.275+0000] {logging_mixin.py:190} INFO - [2024-11-15T05:18:00.275+0000] {dag.py:3239} INFO - Sync 1 DAGs
[2024-11-15T05:18:00.287+0000] {logging_mixin.py:190} INFO - [2024-11-15T05:18:00.287+0000] {dag.py:4180} INFO - Setting next_dagrun for example_short_circuit_operator to None, run_after=None
[2024-11-15T05:18:00.310+0000] {processor.py:208} INFO - Processing /home/airflow/.local/lib/python3.12/site-packages/airflow/example_dags/example_short_circuit_operator.py took 0.076 seconds
[2024-11-15T05:20:12.574+0000] {processor.py:186} INFO - Started process (PID=87) to work on /home/airflow/.local/lib/python3.12/site-packages/airflow/example_dags/example_short_circuit_operator.py
[2024-11-15T05:20:12.576+0000] {processor.py:914} INFO - Processing file /home/airflow/.local/lib/python3.12/site-packages/airflow/example_dags/example_short_circuit_operator.py for tasks to queue
[2024-11-15T05:20:12.579+0000] {logging_mixin.py:190} INFO - [2024-11-15T05:20:12.579+0000] {dagbag.py:588} INFO - Filling up the DagBag from /home/airflow/.local/lib/python3.12/site-packages/airflow/example_dags/example_short_circuit_operator.py
[2024-11-15T05:20:12.595+0000] {processor.py:925} INFO - DAG(s) 'example_short_circuit_operator' retrieved from /home/airflow/.local/lib/python3.12/site-packages/airflow/example_dags/example_short_circuit_operator.py
[2024-11-15T05:20:12.765+0000] {logging_mixin.py:190} INFO - [2024-11-15T05:20:12.763+0000] {override.py:1911} INFO - Created Permission View: can delete on DAG:example_short_circuit_operator
[2024-11-15T05:20:12.785+0000] {logging_mixin.py:190} INFO - [2024-11-15T05:20:12.784+0000] {override.py:1911} INFO - Created Permission View: can edit on DAG:example_short_circuit_operator
[2024-11-15T05:20:12.798+0000] {logging_mixin.py:190} INFO - [2024-11-15T05:20:12.798+0000] {override.py:1911} INFO - Created Permission View: can read on DAG:example_short_circuit_operator
[2024-11-15T05:20:12.818+0000] {logging_mixin.py:190} INFO - [2024-11-15T05:20:12.817+0000] {override.py:1911} INFO - Created Permission View: can delete on DAG Run:example_short_circuit_operator
[2024-11-15T05:20:12.831+0000] {logging_mixin.py:190} INFO - [2024-11-15T05:20:12.831+0000] {override.py:1911} INFO - Created Permission View: can read on DAG Run:example_short_circuit_operator
[2024-11-15T05:20:12.846+0000] {logging_mixin.py:190} INFO - [2024-11-15T05:20:12.846+0000] {override.py:1911} INFO - Created Permission View: can create on DAG Run:example_short_circuit_operator
[2024-11-15T05:20:12.859+0000] {logging_mixin.py:190} INFO - [2024-11-15T05:20:12.859+0000] {override.py:1911} INFO - Created Permission View: menu access on DAG Run:example_short_circuit_operator
[2024-11-15T05:20:12.860+0000] {logging_mixin.py:190} INFO - [2024-11-15T05:20:12.860+0000] {dag.py:3239} INFO - Sync 1 DAGs
[2024-11-15T05:20:12.883+0000] {logging_mixin.py:190} INFO - [2024-11-15T05:20:12.883+0000] {dag.py:3262} INFO - Creating ORM DAG for example_short_circuit_operator
[2024-11-15T05:20:12.884+0000] {logging_mixin.py:190} INFO - [2024-11-15T05:20:12.884+0000] {dag.py:4180} INFO - Setting next_dagrun for example_short_circuit_operator to None, run_after=None
[2024-11-15T05:20:12.912+0000] {processor.py:208} INFO - Processing /home/airflow/.local/lib/python3.12/site-packages/airflow/example_dags/example_short_circuit_operator.py took 0.347 seconds
[2024-11-15T05:20:43.898+0000] {processor.py:186} INFO - Started process (PID=151) to work on /home/airflow/.local/lib/python3.12/site-packages/airflow/example_dags/example_short_circuit_operator.py
[2024-11-15T05:20:43.900+0000] {processor.py:914} INFO - Processing file /home/airflow/.local/lib/python3.12/site-packages/airflow/example_dags/example_short_circuit_operator.py for tasks to queue
[2024-11-15T05:20:43.905+0000] {logging_mixin.py:190} INFO - [2024-11-15T05:20:43.905+0000] {dagbag.py:588} INFO - Filling up the DagBag from /home/airflow/.local/lib/python3.12/site-packages/airflow/example_dags/example_short_circuit_operator.py
[2024-11-15T05:20:43.925+0000] {processor.py:925} INFO - DAG(s) 'example_short_circuit_operator' retrieved from /home/airflow/.local/lib/python3.12/site-packages/airflow/example_dags/example_short_circuit_operator.py
[2024-11-15T05:20:43.967+0000] {logging_mixin.py:190} INFO - [2024-11-15T05:20:43.966+0000] {dag.py:3239} INFO - Sync 1 DAGs
[2024-11-15T05:20:43.993+0000] {logging_mixin.py:190} INFO - [2024-11-15T05:20:43.993+0000] {dag.py:4180} INFO - Setting next_dagrun for example_short_circuit_operator to None, run_after=None
[2024-11-15T05:20:44.029+0000] {processor.py:208} INFO - Processing /home/airflow/.local/lib/python3.12/site-packages/airflow/example_dags/example_short_circuit_operator.py took 0.147 seconds
[2024-11-15T05:21:14.811+0000] {processor.py:186} INFO - Started process (PID=215) to work on /home/airflow/.local/lib/python3.12/site-packages/airflow/example_dags/example_short_circuit_operator.py
[2024-11-15T05:21:14.813+0000] {processor.py:914} INFO - Processing file /home/airflow/.local/lib/python3.12/site-packages/airflow/example_dags/example_short_circuit_operator.py for tasks to queue
[2024-11-15T05:21:14.815+0000] {logging_mixin.py:190} INFO - [2024-11-15T05:21:14.815+0000] {dagbag.py:588} INFO - Filling up the DagBag from /home/airflow/.local/lib/python3.12/site-packages/airflow/example_dags/example_short_circuit_operator.py
[2024-11-15T05:21:14.825+0000] {processor.py:925} INFO - DAG(s) 'example_short_circuit_operator' retrieved from /home/airflow/.local/lib/python3.12/site-packages/airflow/example_dags/example_short_circuit_operator.py
[2024-11-15T05:21:14.849+0000] {logging_mixin.py:190} INFO - [2024-11-15T05:21:14.848+0000] {dag.py:3239} INFO - Sync 1 DAGs
[2024-11-15T05:21:14.864+0000] {logging_mixin.py:190} INFO - [2024-11-15T05:21:14.864+0000] {dag.py:4180} INFO - Setting next_dagrun for example_short_circuit_operator to None, run_after=None
[2024-11-15T05:21:14.891+0000] {processor.py:208} INFO - Processing /home/airflow/.local/lib/python3.12/site-packages/airflow/example_dags/example_short_circuit_operator.py took 0.087 seconds
[2024-11-15T05:21:45.358+0000] {processor.py:186} INFO - Started process (PID=278) to work on /home/airflow/.local/lib/python3.12/site-packages/airflow/example_dags/example_short_circuit_operator.py
[2024-11-15T05:21:45.359+0000] {processor.py:914} INFO - Processing file /home/airflow/.local/lib/python3.12/site-packages/airflow/example_dags/example_short_circuit_operator.py for tasks to queue
[2024-11-15T05:21:45.361+0000] {logging_mixin.py:190} INFO - [2024-11-15T05:21:45.361+0000] {dagbag.py:588} INFO - Filling up the DagBag from /home/airflow/.local/lib/python3.12/site-packages/airflow/example_dags/example_short_circuit_operator.py
[2024-11-15T05:21:45.368+0000] {processor.py:925} INFO - DAG(s) 'example_short_circuit_operator' retrieved from /home/airflow/.local/lib/python3.12/site-packages/airflow/example_dags/example_short_circuit_operator.py
[2024-11-15T05:21:45.394+0000] {logging_mixin.py:190} INFO - [2024-11-15T05:21:45.393+0000] {dag.py:3239} INFO - Sync 1 DAGs
[2024-11-15T05:21:45.407+0000] {logging_mixin.py:190} INFO - [2024-11-15T05:21:45.406+0000] {dag.py:4180} INFO - Setting next_dagrun for example_short_circuit_operator to None, run_after=None
[2024-11-15T05:21:45.431+0000] {processor.py:208} INFO - Processing /home/airflow/.local/lib/python3.12/site-packages/airflow/example_dags/example_short_circuit_operator.py took 0.079 seconds
[2024-11-15T05:22:16.307+0000] {processor.py:186} INFO - Started process (PID=342) to work on /home/airflow/.local/lib/python3.12/site-packages/airflow/example_dags/example_short_circuit_operator.py
[2024-11-15T05:22:16.308+0000] {processor.py:914} INFO - Processing file /home/airflow/.local/lib/python3.12/site-packages/airflow/example_dags/example_short_circuit_operator.py for tasks to queue
[2024-11-15T05:22:16.311+0000] {logging_mixin.py:190} INFO - [2024-11-15T05:22:16.311+0000] {dagbag.py:588} INFO - Filling up the DagBag from /home/airflow/.local/lib/python3.12/site-packages/airflow/example_dags/example_short_circuit_operator.py
[2024-11-15T05:22:16.320+0000] {processor.py:925} INFO - DAG(s) 'example_short_circuit_operator' retrieved from /home/airflow/.local/lib/python3.12/site-packages/airflow/example_dags/example_short_circuit_operator.py
[2024-11-15T05:22:16.348+0000] {logging_mixin.py:190} INFO - [2024-11-15T05:22:16.347+0000] {dag.py:3239} INFO - Sync 1 DAGs
[2024-11-15T05:22:16.364+0000] {logging_mixin.py:190} INFO - [2024-11-15T05:22:16.364+0000] {dag.py:4180} INFO - Setting next_dagrun for example_short_circuit_operator to None, run_after=None
[2024-11-15T05:22:16.388+0000] {processor.py:208} INFO - Processing /home/airflow/.local/lib/python3.12/site-packages/airflow/example_dags/example_short_circuit_operator.py took 0.087 seconds
[2024-11-15T05:22:46.700+0000] {processor.py:186} INFO - Started process (PID=406) to work on /home/airflow/.local/lib/python3.12/site-packages/airflow/example_dags/example_short_circuit_operator.py
[2024-11-15T05:22:46.701+0000] {processor.py:914} INFO - Processing file /home/airflow/.local/lib/python3.12/site-packages/airflow/example_dags/example_short_circuit_operator.py for tasks to queue
[2024-11-15T05:22:46.704+0000] {logging_mixin.py:190} INFO - [2024-11-15T05:22:46.704+0000] {dagbag.py:588} INFO - Filling up the DagBag from /home/airflow/.local/lib/python3.12/site-packages/airflow/example_dags/example_short_circuit_operator.py
[2024-11-15T05:22:46.715+0000] {processor.py:925} INFO - DAG(s) 'example_short_circuit_operator' retrieved from /home/airflow/.local/lib/python3.12/site-packages/airflow/example_dags/example_short_circuit_operator.py
[2024-11-15T05:22:46.742+0000] {logging_mixin.py:190} INFO - [2024-11-15T05:22:46.742+0000] {dag.py:3239} INFO - Sync 1 DAGs
[2024-11-15T05:22:46.757+0000] {logging_mixin.py:190} INFO - [2024-11-15T05:22:46.757+0000] {dag.py:4180} INFO - Setting next_dagrun for example_short_circuit_operator to None, run_after=None
[2024-11-15T05:22:46.784+0000] {processor.py:208} INFO - Processing /home/airflow/.local/lib/python3.12/site-packages/airflow/example_dags/example_short_circuit_operator.py took 0.089 seconds
