[2024-11-15T05:12:34.745+0000] {processor.py:186} INFO - Started process (PID=45) to work on /home/airflow/.local/lib/python3.12/site-packages/airflow/example_dags/example_branch_operator.py
[2024-11-15T05:12:34.750+0000] {processor.py:914} INFO - Processing file /home/airflow/.local/lib/python3.12/site-packages/airflow/example_dags/example_branch_operator.py for tasks to queue
[2024-11-15T05:12:34.756+0000] {logging_mixin.py:190} INFO - [2024-11-15T05:12:34.755+0000] {dagbag.py:588} INFO - Filling up the DagBag from /home/airflow/.local/lib/python3.12/site-packages/airflow/example_dags/example_branch_operator.py
[2024-11-15T05:12:34.836+0000] {processor.py:925} INFO - DAG(s) 'example_branch_operator' retrieved from /home/airflow/.local/lib/python3.12/site-packages/airflow/example_dags/example_branch_operator.py
[2024-11-15T05:12:35.141+0000] {logging_mixin.py:190} INFO - [2024-11-15T05:12:35.138+0000] {override.py:1911} INFO - Created Permission View: can delete on DAG:example_branch_operator
[2024-11-15T05:12:35.289+0000] {logging_mixin.py:190} INFO - [2024-11-15T05:12:35.289+0000] {override.py:1911} INFO - Created Permission View: can edit on DAG:example_branch_operator
[2024-11-15T05:12:35.627+0000] {logging_mixin.py:190} INFO - [2024-11-15T05:12:35.626+0000] {override.py:1911} INFO - Created Permission View: can read on DAG:example_branch_operator
[2024-11-15T05:12:35.694+0000] {logging_mixin.py:190} INFO - [2024-11-15T05:12:35.693+0000] {override.py:1911} INFO - Created Permission View: can create on DAG Run:example_branch_operator
[2024-11-15T05:12:35.735+0000] {logging_mixin.py:190} INFO - [2024-11-15T05:12:35.734+0000] {override.py:1911} INFO - Created Permission View: can delete on DAG Run:example_branch_operator
[2024-11-15T05:12:35.770+0000] {logging_mixin.py:190} INFO - [2024-11-15T05:12:35.769+0000] {override.py:1911} INFO - Created Permission View: menu access on DAG Run:example_branch_operator
[2024-11-15T05:12:35.818+0000] {logging_mixin.py:190} INFO - [2024-11-15T05:12:35.817+0000] {override.py:1911} INFO - Created Permission View: can read on DAG Run:example_branch_operator
[2024-11-15T05:12:35.820+0000] {logging_mixin.py:190} INFO - [2024-11-15T05:12:35.819+0000] {dag.py:3239} INFO - Sync 1 DAGs
[2024-11-15T05:12:35.860+0000] {logging_mixin.py:190} INFO - [2024-11-15T05:12:35.860+0000] {dag.py:3262} INFO - Creating ORM DAG for example_branch_operator
[2024-11-15T05:12:35.898+0000] {logging_mixin.py:190} INFO - [2024-11-15T05:12:35.898+0000] {dag.py:4180} INFO - Setting next_dagrun for example_branch_operator to 2024-11-14 00:00:00+00:00, run_after=2024-11-15 00:00:00+00:00
[2024-11-15T05:12:35.984+0000] {processor.py:208} INFO - Processing /home/airflow/.local/lib/python3.12/site-packages/airflow/example_dags/example_branch_operator.py took 1.254 seconds
[2024-11-15T05:13:06.309+0000] {processor.py:186} INFO - Started process (PID=109) to work on /home/airflow/.local/lib/python3.12/site-packages/airflow/example_dags/example_branch_operator.py
[2024-11-15T05:13:06.310+0000] {processor.py:914} INFO - Processing file /home/airflow/.local/lib/python3.12/site-packages/airflow/example_dags/example_branch_operator.py for tasks to queue
[2024-11-15T05:13:06.312+0000] {logging_mixin.py:190} INFO - [2024-11-15T05:13:06.312+0000] {dagbag.py:588} INFO - Filling up the DagBag from /home/airflow/.local/lib/python3.12/site-packages/airflow/example_dags/example_branch_operator.py
[2024-11-15T05:13:06.334+0000] {processor.py:925} INFO - DAG(s) 'example_branch_operator' retrieved from /home/airflow/.local/lib/python3.12/site-packages/airflow/example_dags/example_branch_operator.py
[2024-11-15T05:13:06.366+0000] {logging_mixin.py:190} INFO - [2024-11-15T05:13:06.365+0000] {dag.py:3239} INFO - Sync 1 DAGs
[2024-11-15T05:13:06.390+0000] {logging_mixin.py:190} INFO - [2024-11-15T05:13:06.390+0000] {dag.py:4180} INFO - Setting next_dagrun for example_branch_operator to 2024-11-14 00:00:00+00:00, run_after=2024-11-15 00:00:00+00:00
[2024-11-15T05:13:06.418+0000] {processor.py:208} INFO - Processing /home/airflow/.local/lib/python3.12/site-packages/airflow/example_dags/example_branch_operator.py took 0.114 seconds
[2024-11-15T05:13:36.704+0000] {processor.py:186} INFO - Started process (PID=182) to work on /home/airflow/.local/lib/python3.12/site-packages/airflow/example_dags/example_branch_operator.py
[2024-11-15T05:13:36.705+0000] {processor.py:914} INFO - Processing file /home/airflow/.local/lib/python3.12/site-packages/airflow/example_dags/example_branch_operator.py for tasks to queue
[2024-11-15T05:13:36.708+0000] {logging_mixin.py:190} INFO - [2024-11-15T05:13:36.708+0000] {dagbag.py:588} INFO - Filling up the DagBag from /home/airflow/.local/lib/python3.12/site-packages/airflow/example_dags/example_branch_operator.py
[2024-11-15T05:13:36.740+0000] {processor.py:925} INFO - DAG(s) 'example_branch_operator' retrieved from /home/airflow/.local/lib/python3.12/site-packages/airflow/example_dags/example_branch_operator.py
[2024-11-15T05:13:36.787+0000] {logging_mixin.py:190} INFO - [2024-11-15T05:13:36.786+0000] {dag.py:3239} INFO - Sync 1 DAGs
[2024-11-15T05:13:36.827+0000] {logging_mixin.py:190} INFO - [2024-11-15T05:13:36.827+0000] {dag.py:4180} INFO - Setting next_dagrun for example_branch_operator to 2024-11-14 00:00:00+00:00, run_after=2024-11-15 00:00:00+00:00
[2024-11-15T05:13:36.873+0000] {processor.py:208} INFO - Processing /home/airflow/.local/lib/python3.12/site-packages/airflow/example_dags/example_branch_operator.py took 0.178 seconds
[2024-11-15T05:14:07.357+0000] {processor.py:186} INFO - Started process (PID=246) to work on /home/airflow/.local/lib/python3.12/site-packages/airflow/example_dags/example_branch_operator.py
[2024-11-15T05:14:07.358+0000] {processor.py:914} INFO - Processing file /home/airflow/.local/lib/python3.12/site-packages/airflow/example_dags/example_branch_operator.py for tasks to queue
[2024-11-15T05:14:07.360+0000] {logging_mixin.py:190} INFO - [2024-11-15T05:14:07.360+0000] {dagbag.py:588} INFO - Filling up the DagBag from /home/airflow/.local/lib/python3.12/site-packages/airflow/example_dags/example_branch_operator.py
[2024-11-15T05:14:07.379+0000] {processor.py:925} INFO - DAG(s) 'example_branch_operator' retrieved from /home/airflow/.local/lib/python3.12/site-packages/airflow/example_dags/example_branch_operator.py
[2024-11-15T05:14:07.410+0000] {logging_mixin.py:190} INFO - [2024-11-15T05:14:07.409+0000] {dag.py:3239} INFO - Sync 1 DAGs
[2024-11-15T05:14:07.438+0000] {logging_mixin.py:190} INFO - [2024-11-15T05:14:07.438+0000] {dag.py:4180} INFO - Setting next_dagrun for example_branch_operator to 2024-11-14 00:00:00+00:00, run_after=2024-11-15 00:00:00+00:00
[2024-11-15T05:14:07.465+0000] {processor.py:208} INFO - Processing /home/airflow/.local/lib/python3.12/site-packages/airflow/example_dags/example_branch_operator.py took 0.112 seconds
[2024-11-15T05:14:38.129+0000] {processor.py:186} INFO - Started process (PID=310) to work on /home/airflow/.local/lib/python3.12/site-packages/airflow/example_dags/example_branch_operator.py
[2024-11-15T05:14:38.131+0000] {processor.py:914} INFO - Processing file /home/airflow/.local/lib/python3.12/site-packages/airflow/example_dags/example_branch_operator.py for tasks to queue
[2024-11-15T05:14:38.134+0000] {logging_mixin.py:190} INFO - [2024-11-15T05:14:38.134+0000] {dagbag.py:588} INFO - Filling up the DagBag from /home/airflow/.local/lib/python3.12/site-packages/airflow/example_dags/example_branch_operator.py
[2024-11-15T05:14:38.154+0000] {processor.py:925} INFO - DAG(s) 'example_branch_operator' retrieved from /home/airflow/.local/lib/python3.12/site-packages/airflow/example_dags/example_branch_operator.py
[2024-11-15T05:14:38.186+0000] {logging_mixin.py:190} INFO - [2024-11-15T05:14:38.186+0000] {dag.py:3239} INFO - Sync 1 DAGs
[2024-11-15T05:14:38.217+0000] {logging_mixin.py:190} INFO - [2024-11-15T05:14:38.216+0000] {dag.py:4180} INFO - Setting next_dagrun for example_branch_operator to 2024-11-14 00:00:00+00:00, run_after=2024-11-15 00:00:00+00:00
[2024-11-15T05:14:38.240+0000] {processor.py:208} INFO - Processing /home/airflow/.local/lib/python3.12/site-packages/airflow/example_dags/example_branch_operator.py took 0.118 seconds
[2024-11-15T05:15:08.364+0000] {processor.py:186} INFO - Started process (PID=400) to work on /home/airflow/.local/lib/python3.12/site-packages/airflow/example_dags/example_branch_operator.py
[2024-11-15T05:15:08.366+0000] {processor.py:914} INFO - Processing file /home/airflow/.local/lib/python3.12/site-packages/airflow/example_dags/example_branch_operator.py for tasks to queue
[2024-11-15T05:15:08.378+0000] {logging_mixin.py:190} INFO - [2024-11-15T05:15:08.378+0000] {dagbag.py:588} INFO - Filling up the DagBag from /home/airflow/.local/lib/python3.12/site-packages/airflow/example_dags/example_branch_operator.py
[2024-11-15T05:15:08.405+0000] {processor.py:925} INFO - DAG(s) 'example_branch_operator' retrieved from /home/airflow/.local/lib/python3.12/site-packages/airflow/example_dags/example_branch_operator.py
[2024-11-15T05:15:08.456+0000] {logging_mixin.py:190} INFO - [2024-11-15T05:15:08.456+0000] {dag.py:3239} INFO - Sync 1 DAGs
[2024-11-15T05:15:08.491+0000] {logging_mixin.py:190} INFO - [2024-11-15T05:15:08.491+0000] {dag.py:4180} INFO - Setting next_dagrun for example_branch_operator to 2024-11-14 00:00:00+00:00, run_after=2024-11-15 00:00:00+00:00
[2024-11-15T05:15:08.514+0000] {processor.py:208} INFO - Processing /home/airflow/.local/lib/python3.12/site-packages/airflow/example_dags/example_branch_operator.py took 0.159 seconds
[2024-11-15T05:15:38.646+0000] {processor.py:186} INFO - Started process (PID=477) to work on /home/airflow/.local/lib/python3.12/site-packages/airflow/example_dags/example_branch_operator.py
[2024-11-15T05:15:38.648+0000] {processor.py:914} INFO - Processing file /home/airflow/.local/lib/python3.12/site-packages/airflow/example_dags/example_branch_operator.py for tasks to queue
[2024-11-15T05:15:38.651+0000] {logging_mixin.py:190} INFO - [2024-11-15T05:15:38.651+0000] {dagbag.py:588} INFO - Filling up the DagBag from /home/airflow/.local/lib/python3.12/site-packages/airflow/example_dags/example_branch_operator.py
[2024-11-15T05:15:38.672+0000] {processor.py:925} INFO - DAG(s) 'example_branch_operator' retrieved from /home/airflow/.local/lib/python3.12/site-packages/airflow/example_dags/example_branch_operator.py
[2024-11-15T05:15:38.706+0000] {logging_mixin.py:190} INFO - [2024-11-15T05:15:38.706+0000] {dag.py:3239} INFO - Sync 1 DAGs
[2024-11-15T05:15:38.740+0000] {logging_mixin.py:190} INFO - [2024-11-15T05:15:38.740+0000] {dag.py:4180} INFO - Setting next_dagrun for example_branch_operator to 2024-11-14 00:00:00+00:00, run_after=2024-11-15 00:00:00+00:00
[2024-11-15T05:15:38.774+0000] {processor.py:208} INFO - Processing /home/airflow/.local/lib/python3.12/site-packages/airflow/example_dags/example_branch_operator.py took 0.139 seconds
[2024-11-15T05:16:09.484+0000] {processor.py:186} INFO - Started process (PID=541) to work on /home/airflow/.local/lib/python3.12/site-packages/airflow/example_dags/example_branch_operator.py
[2024-11-15T05:16:09.485+0000] {processor.py:914} INFO - Processing file /home/airflow/.local/lib/python3.12/site-packages/airflow/example_dags/example_branch_operator.py for tasks to queue
[2024-11-15T05:16:09.488+0000] {logging_mixin.py:190} INFO - [2024-11-15T05:16:09.488+0000] {dagbag.py:588} INFO - Filling up the DagBag from /home/airflow/.local/lib/python3.12/site-packages/airflow/example_dags/example_branch_operator.py
[2024-11-15T05:16:09.514+0000] {processor.py:925} INFO - DAG(s) 'example_branch_operator' retrieved from /home/airflow/.local/lib/python3.12/site-packages/airflow/example_dags/example_branch_operator.py
[2024-11-15T05:16:09.552+0000] {logging_mixin.py:190} INFO - [2024-11-15T05:16:09.552+0000] {dag.py:3239} INFO - Sync 1 DAGs
[2024-11-15T05:16:09.584+0000] {logging_mixin.py:190} INFO - [2024-11-15T05:16:09.584+0000] {dag.py:4180} INFO - Setting next_dagrun for example_branch_operator to 2024-11-14 00:00:00+00:00, run_after=2024-11-15 00:00:00+00:00
[2024-11-15T05:16:09.608+0000] {processor.py:208} INFO - Processing /home/airflow/.local/lib/python3.12/site-packages/airflow/example_dags/example_branch_operator.py took 0.134 seconds
[2024-11-15T05:16:40.217+0000] {processor.py:186} INFO - Started process (PID=605) to work on /home/airflow/.local/lib/python3.12/site-packages/airflow/example_dags/example_branch_operator.py
[2024-11-15T05:16:40.218+0000] {processor.py:914} INFO - Processing file /home/airflow/.local/lib/python3.12/site-packages/airflow/example_dags/example_branch_operator.py for tasks to queue
[2024-11-15T05:16:40.221+0000] {logging_mixin.py:190} INFO - [2024-11-15T05:16:40.221+0000] {dagbag.py:588} INFO - Filling up the DagBag from /home/airflow/.local/lib/python3.12/site-packages/airflow/example_dags/example_branch_operator.py
[2024-11-15T05:16:40.239+0000] {processor.py:925} INFO - DAG(s) 'example_branch_operator' retrieved from /home/airflow/.local/lib/python3.12/site-packages/airflow/example_dags/example_branch_operator.py
[2024-11-15T05:16:40.270+0000] {logging_mixin.py:190} INFO - [2024-11-15T05:16:40.270+0000] {dag.py:3239} INFO - Sync 1 DAGs
[2024-11-15T05:16:40.298+0000] {logging_mixin.py:190} INFO - [2024-11-15T05:16:40.298+0000] {dag.py:4180} INFO - Setting next_dagrun for example_branch_operator to 2024-11-14 00:00:00+00:00, run_after=2024-11-15 00:00:00+00:00
[2024-11-15T05:16:40.325+0000] {processor.py:208} INFO - Processing /home/airflow/.local/lib/python3.12/site-packages/airflow/example_dags/example_branch_operator.py took 0.119 seconds
[2024-11-15T05:17:10.948+0000] {processor.py:186} INFO - Started process (PID=669) to work on /home/airflow/.local/lib/python3.12/site-packages/airflow/example_dags/example_branch_operator.py
[2024-11-15T05:17:10.949+0000] {processor.py:914} INFO - Processing file /home/airflow/.local/lib/python3.12/site-packages/airflow/example_dags/example_branch_operator.py for tasks to queue
[2024-11-15T05:17:10.951+0000] {logging_mixin.py:190} INFO - [2024-11-15T05:17:10.951+0000] {dagbag.py:588} INFO - Filling up the DagBag from /home/airflow/.local/lib/python3.12/site-packages/airflow/example_dags/example_branch_operator.py
[2024-11-15T05:17:10.967+0000] {processor.py:925} INFO - DAG(s) 'example_branch_operator' retrieved from /home/airflow/.local/lib/python3.12/site-packages/airflow/example_dags/example_branch_operator.py
[2024-11-15T05:17:10.994+0000] {logging_mixin.py:190} INFO - [2024-11-15T05:17:10.994+0000] {dag.py:3239} INFO - Sync 1 DAGs
[2024-11-15T05:17:11.018+0000] {logging_mixin.py:190} INFO - [2024-11-15T05:17:11.018+0000] {dag.py:4180} INFO - Setting next_dagrun for example_branch_operator to 2024-11-14 00:00:00+00:00, run_after=2024-11-15 00:00:00+00:00
[2024-11-15T05:17:11.041+0000] {processor.py:208} INFO - Processing /home/airflow/.local/lib/python3.12/site-packages/airflow/example_dags/example_branch_operator.py took 0.100 seconds
[2024-11-15T05:17:41.204+0000] {processor.py:186} INFO - Started process (PID=733) to work on /home/airflow/.local/lib/python3.12/site-packages/airflow/example_dags/example_branch_operator.py
[2024-11-15T05:17:41.205+0000] {processor.py:914} INFO - Processing file /home/airflow/.local/lib/python3.12/site-packages/airflow/example_dags/example_branch_operator.py for tasks to queue
[2024-11-15T05:17:41.208+0000] {logging_mixin.py:190} INFO - [2024-11-15T05:17:41.208+0000] {dagbag.py:588} INFO - Filling up the DagBag from /home/airflow/.local/lib/python3.12/site-packages/airflow/example_dags/example_branch_operator.py
[2024-11-15T05:17:41.229+0000] {processor.py:925} INFO - DAG(s) 'example_branch_operator' retrieved from /home/airflow/.local/lib/python3.12/site-packages/airflow/example_dags/example_branch_operator.py
[2024-11-15T05:17:41.262+0000] {logging_mixin.py:190} INFO - [2024-11-15T05:17:41.262+0000] {dag.py:3239} INFO - Sync 1 DAGs
[2024-11-15T05:17:41.299+0000] {logging_mixin.py:190} INFO - [2024-11-15T05:17:41.299+0000] {dag.py:4180} INFO - Setting next_dagrun for example_branch_operator to 2024-11-14 00:00:00+00:00, run_after=2024-11-15 00:00:00+00:00
[2024-11-15T05:17:41.329+0000] {processor.py:208} INFO - Processing /home/airflow/.local/lib/python3.12/site-packages/airflow/example_dags/example_branch_operator.py took 0.135 seconds
[2024-11-15T05:19:58.704+0000] {processor.py:186} INFO - Started process (PID=45) to work on /home/airflow/.local/lib/python3.12/site-packages/airflow/example_dags/example_branch_operator.py
[2024-11-15T05:19:58.706+0000] {processor.py:914} INFO - Processing file /home/airflow/.local/lib/python3.12/site-packages/airflow/example_dags/example_branch_operator.py for tasks to queue
[2024-11-15T05:19:58.710+0000] {logging_mixin.py:190} INFO - [2024-11-15T05:19:58.710+0000] {dagbag.py:588} INFO - Filling up the DagBag from /home/airflow/.local/lib/python3.12/site-packages/airflow/example_dags/example_branch_operator.py
[2024-11-15T05:19:58.771+0000] {processor.py:925} INFO - DAG(s) 'example_branch_operator' retrieved from /home/airflow/.local/lib/python3.12/site-packages/airflow/example_dags/example_branch_operator.py
[2024-11-15T05:19:59.217+0000] {logging_mixin.py:190} INFO - [2024-11-15T05:19:59.216+0000] {override.py:1911} INFO - Created Permission View: can delete on DAG:example_branch_operator
[2024-11-15T05:19:59.246+0000] {logging_mixin.py:190} INFO - [2024-11-15T05:19:59.246+0000] {override.py:1911} INFO - Created Permission View: can edit on DAG:example_branch_operator
[2024-11-15T05:19:59.268+0000] {logging_mixin.py:190} INFO - [2024-11-15T05:19:59.267+0000] {override.py:1911} INFO - Created Permission View: can read on DAG:example_branch_operator
[2024-11-15T05:19:59.292+0000] {logging_mixin.py:190} INFO - [2024-11-15T05:19:59.292+0000] {override.py:1911} INFO - Created Permission View: can delete on DAG Run:example_branch_operator
[2024-11-15T05:19:59.309+0000] {logging_mixin.py:190} INFO - [2024-11-15T05:19:59.309+0000] {override.py:1911} INFO - Created Permission View: can read on DAG Run:example_branch_operator
[2024-11-15T05:19:59.333+0000] {logging_mixin.py:190} INFO - [2024-11-15T05:19:59.332+0000] {override.py:1911} INFO - Created Permission View: can create on DAG Run:example_branch_operator
[2024-11-15T05:19:59.350+0000] {logging_mixin.py:190} INFO - [2024-11-15T05:19:59.350+0000] {override.py:1911} INFO - Created Permission View: menu access on DAG Run:example_branch_operator
[2024-11-15T05:19:59.352+0000] {logging_mixin.py:190} INFO - [2024-11-15T05:19:59.351+0000] {dag.py:3239} INFO - Sync 1 DAGs
[2024-11-15T05:19:59.379+0000] {logging_mixin.py:190} INFO - [2024-11-15T05:19:59.378+0000] {dag.py:3262} INFO - Creating ORM DAG for example_branch_operator
[2024-11-15T05:19:59.401+0000] {logging_mixin.py:190} INFO - [2024-11-15T05:19:59.400+0000] {dag.py:4180} INFO - Setting next_dagrun for example_branch_operator to 2024-11-14 00:00:00+00:00, run_after=2024-11-15 00:00:00+00:00
[2024-11-15T05:19:59.458+0000] {processor.py:208} INFO - Processing /home/airflow/.local/lib/python3.12/site-packages/airflow/example_dags/example_branch_operator.py took 0.765 seconds
[2024-11-15T05:20:30.124+0000] {processor.py:186} INFO - Started process (PID=109) to work on /home/airflow/.local/lib/python3.12/site-packages/airflow/example_dags/example_branch_operator.py
[2024-11-15T05:20:30.127+0000] {processor.py:914} INFO - Processing file /home/airflow/.local/lib/python3.12/site-packages/airflow/example_dags/example_branch_operator.py for tasks to queue
[2024-11-15T05:20:30.131+0000] {logging_mixin.py:190} INFO - [2024-11-15T05:20:30.131+0000] {dagbag.py:588} INFO - Filling up the DagBag from /home/airflow/.local/lib/python3.12/site-packages/airflow/example_dags/example_branch_operator.py
[2024-11-15T05:20:30.178+0000] {processor.py:925} INFO - DAG(s) 'example_branch_operator' retrieved from /home/airflow/.local/lib/python3.12/site-packages/airflow/example_dags/example_branch_operator.py
[2024-11-15T05:20:30.242+0000] {logging_mixin.py:190} INFO - [2024-11-15T05:20:30.242+0000] {dag.py:3239} INFO - Sync 1 DAGs
[2024-11-15T05:20:30.315+0000] {logging_mixin.py:190} INFO - [2024-11-15T05:20:30.314+0000] {dag.py:4180} INFO - Setting next_dagrun for example_branch_operator to 2024-11-14 00:00:00+00:00, run_after=2024-11-15 00:00:00+00:00
[2024-11-15T05:20:30.379+0000] {processor.py:208} INFO - Processing /home/airflow/.local/lib/python3.12/site-packages/airflow/example_dags/example_branch_operator.py took 0.266 seconds
[2024-11-15T05:21:00.476+0000] {processor.py:186} INFO - Started process (PID=173) to work on /home/airflow/.local/lib/python3.12/site-packages/airflow/example_dags/example_branch_operator.py
[2024-11-15T05:21:00.477+0000] {processor.py:914} INFO - Processing file /home/airflow/.local/lib/python3.12/site-packages/airflow/example_dags/example_branch_operator.py for tasks to queue
[2024-11-15T05:21:00.480+0000] {logging_mixin.py:190} INFO - [2024-11-15T05:21:00.479+0000] {dagbag.py:588} INFO - Filling up the DagBag from /home/airflow/.local/lib/python3.12/site-packages/airflow/example_dags/example_branch_operator.py
[2024-11-15T05:21:00.501+0000] {processor.py:925} INFO - DAG(s) 'example_branch_operator' retrieved from /home/airflow/.local/lib/python3.12/site-packages/airflow/example_dags/example_branch_operator.py
[2024-11-15T05:21:00.535+0000] {logging_mixin.py:190} INFO - [2024-11-15T05:21:00.535+0000] {dag.py:3239} INFO - Sync 1 DAGs
[2024-11-15T05:21:00.562+0000] {logging_mixin.py:190} INFO - [2024-11-15T05:21:00.562+0000] {dag.py:4180} INFO - Setting next_dagrun for example_branch_operator to 2024-11-14 00:00:00+00:00, run_after=2024-11-15 00:00:00+00:00
[2024-11-15T05:21:00.590+0000] {processor.py:208} INFO - Processing /home/airflow/.local/lib/python3.12/site-packages/airflow/example_dags/example_branch_operator.py took 0.121 seconds
[2024-11-15T05:21:30.831+0000] {processor.py:186} INFO - Started process (PID=237) to work on /home/airflow/.local/lib/python3.12/site-packages/airflow/example_dags/example_branch_operator.py
[2024-11-15T05:21:30.831+0000] {processor.py:914} INFO - Processing file /home/airflow/.local/lib/python3.12/site-packages/airflow/example_dags/example_branch_operator.py for tasks to queue
[2024-11-15T05:21:30.834+0000] {logging_mixin.py:190} INFO - [2024-11-15T05:21:30.833+0000] {dagbag.py:588} INFO - Filling up the DagBag from /home/airflow/.local/lib/python3.12/site-packages/airflow/example_dags/example_branch_operator.py
[2024-11-15T05:21:30.850+0000] {processor.py:925} INFO - DAG(s) 'example_branch_operator' retrieved from /home/airflow/.local/lib/python3.12/site-packages/airflow/example_dags/example_branch_operator.py
[2024-11-15T05:21:30.880+0000] {logging_mixin.py:190} INFO - [2024-11-15T05:21:30.879+0000] {dag.py:3239} INFO - Sync 1 DAGs
[2024-11-15T05:21:30.913+0000] {logging_mixin.py:190} INFO - [2024-11-15T05:21:30.913+0000] {dag.py:4180} INFO - Setting next_dagrun for example_branch_operator to 2024-11-14 00:00:00+00:00, run_after=2024-11-15 00:00:00+00:00
[2024-11-15T05:21:30.940+0000] {processor.py:208} INFO - Processing /home/airflow/.local/lib/python3.12/site-packages/airflow/example_dags/example_branch_operator.py took 0.114 seconds
[2024-11-15T05:22:01.896+0000] {processor.py:186} INFO - Started process (PID=301) to work on /home/airflow/.local/lib/python3.12/site-packages/airflow/example_dags/example_branch_operator.py
[2024-11-15T05:22:01.898+0000] {processor.py:914} INFO - Processing file /home/airflow/.local/lib/python3.12/site-packages/airflow/example_dags/example_branch_operator.py for tasks to queue
[2024-11-15T05:22:01.903+0000] {logging_mixin.py:190} INFO - [2024-11-15T05:22:01.902+0000] {dagbag.py:588} INFO - Filling up the DagBag from /home/airflow/.local/lib/python3.12/site-packages/airflow/example_dags/example_branch_operator.py
[2024-11-15T05:22:01.951+0000] {processor.py:925} INFO - DAG(s) 'example_branch_operator' retrieved from /home/airflow/.local/lib/python3.12/site-packages/airflow/example_dags/example_branch_operator.py
[2024-11-15T05:22:01.977+0000] {logging_mixin.py:190} INFO - [2024-11-15T05:22:01.977+0000] {dag.py:3239} INFO - Sync 1 DAGs
[2024-11-15T05:22:02.000+0000] {logging_mixin.py:190} INFO - [2024-11-15T05:22:02.000+0000] {dag.py:4180} INFO - Setting next_dagrun for example_branch_operator to 2024-11-14 00:00:00+00:00, run_after=2024-11-15 00:00:00+00:00
[2024-11-15T05:22:02.026+0000] {processor.py:208} INFO - Processing /home/airflow/.local/lib/python3.12/site-packages/airflow/example_dags/example_branch_operator.py took 0.141 seconds
[2024-11-15T05:22:32.086+0000] {processor.py:186} INFO - Started process (PID=365) to work on /home/airflow/.local/lib/python3.12/site-packages/airflow/example_dags/example_branch_operator.py
[2024-11-15T05:22:32.087+0000] {processor.py:914} INFO - Processing file /home/airflow/.local/lib/python3.12/site-packages/airflow/example_dags/example_branch_operator.py for tasks to queue
[2024-11-15T05:22:32.090+0000] {logging_mixin.py:190} INFO - [2024-11-15T05:22:32.089+0000] {dagbag.py:588} INFO - Filling up the DagBag from /home/airflow/.local/lib/python3.12/site-packages/airflow/example_dags/example_branch_operator.py
[2024-11-15T05:22:32.106+0000] {processor.py:925} INFO - DAG(s) 'example_branch_operator' retrieved from /home/airflow/.local/lib/python3.12/site-packages/airflow/example_dags/example_branch_operator.py
[2024-11-15T05:22:32.133+0000] {logging_mixin.py:190} INFO - [2024-11-15T05:22:32.133+0000] {dag.py:3239} INFO - Sync 1 DAGs
[2024-11-15T05:22:32.157+0000] {logging_mixin.py:190} INFO - [2024-11-15T05:22:32.157+0000] {dag.py:4180} INFO - Setting next_dagrun for example_branch_operator to 2024-11-14 00:00:00+00:00, run_after=2024-11-15 00:00:00+00:00
[2024-11-15T05:22:32.185+0000] {processor.py:208} INFO - Processing /home/airflow/.local/lib/python3.12/site-packages/airflow/example_dags/example_branch_operator.py took 0.105 seconds
[2024-11-15T05:23:02.810+0000] {processor.py:186} INFO - Started process (PID=429) to work on /home/airflow/.local/lib/python3.12/site-packages/airflow/example_dags/example_branch_operator.py
[2024-11-15T05:23:02.811+0000] {processor.py:914} INFO - Processing file /home/airflow/.local/lib/python3.12/site-packages/airflow/example_dags/example_branch_operator.py for tasks to queue
[2024-11-15T05:23:02.814+0000] {logging_mixin.py:190} INFO - [2024-11-15T05:23:02.814+0000] {dagbag.py:588} INFO - Filling up the DagBag from /home/airflow/.local/lib/python3.12/site-packages/airflow/example_dags/example_branch_operator.py
[2024-11-15T05:23:02.829+0000] {processor.py:925} INFO - DAG(s) 'example_branch_operator' retrieved from /home/airflow/.local/lib/python3.12/site-packages/airflow/example_dags/example_branch_operator.py
[2024-11-15T05:23:02.855+0000] {logging_mixin.py:190} INFO - [2024-11-15T05:23:02.855+0000] {dag.py:3239} INFO - Sync 1 DAGs
[2024-11-15T05:23:02.876+0000] {logging_mixin.py:190} INFO - [2024-11-15T05:23:02.875+0000] {dag.py:4180} INFO - Setting next_dagrun for example_branch_operator to 2024-11-14 00:00:00+00:00, run_after=2024-11-15 00:00:00+00:00
[2024-11-15T05:23:02.898+0000] {processor.py:208} INFO - Processing /home/airflow/.local/lib/python3.12/site-packages/airflow/example_dags/example_branch_operator.py took 0.093 seconds
