[2024-11-15T05:12:45.220+0000] {processor.py:186} INFO - Started process (PID=74) to work on /home/airflow/.local/lib/python3.12/site-packages/airflow/example_dags/example_branch_datetime_operator.py
[2024-11-15T05:12:45.221+0000] {processor.py:914} INFO - Processing file /home/airflow/.local/lib/python3.12/site-packages/airflow/example_dags/example_branch_datetime_operator.py for tasks to queue
[2024-11-15T05:12:45.227+0000] {logging_mixin.py:190} INFO - [2024-11-15T05:12:45.226+0000] {dagbag.py:588} INFO - Filling up the DagBag from /home/airflow/.local/lib/python3.12/site-packages/airflow/example_dags/example_branch_datetime_operator.py
[2024-11-15T05:12:45.257+0000] {processor.py:925} INFO - DAG(s) 'example_branch_datetime_operator', 'example_branch_datetime_operator_3', 'example_branch_datetime_operator_2' retrieved from /home/airflow/.local/lib/python3.12/site-packages/airflow/example_dags/example_branch_datetime_operator.py
[2024-11-15T05:12:45.413+0000] {logging_mixin.py:190} INFO - [2024-11-15T05:12:45.412+0000] {override.py:1911} INFO - Created Permission View: can delete on DAG:example_branch_datetime_operator
[2024-11-15T05:12:45.427+0000] {logging_mixin.py:190} INFO - [2024-11-15T05:12:45.426+0000] {override.py:1911} INFO - Created Permission View: can edit on DAG:example_branch_datetime_operator
[2024-11-15T05:12:45.437+0000] {logging_mixin.py:190} INFO - [2024-11-15T05:12:45.437+0000] {override.py:1911} INFO - Created Permission View: can read on DAG:example_branch_datetime_operator
[2024-11-15T05:12:45.460+0000] {logging_mixin.py:190} INFO - [2024-11-15T05:12:45.459+0000] {override.py:1911} INFO - Created Permission View: can create on DAG Run:example_branch_datetime_operator
[2024-11-15T05:12:45.473+0000] {logging_mixin.py:190} INFO - [2024-11-15T05:12:45.473+0000] {override.py:1911} INFO - Created Permission View: can delete on DAG Run:example_branch_datetime_operator
[2024-11-15T05:12:45.485+0000] {logging_mixin.py:190} INFO - [2024-11-15T05:12:45.484+0000] {override.py:1911} INFO - Created Permission View: menu access on DAG Run:example_branch_datetime_operator
[2024-11-15T05:12:45.497+0000] {logging_mixin.py:190} INFO - [2024-11-15T05:12:45.497+0000] {override.py:1911} INFO - Created Permission View: can read on DAG Run:example_branch_datetime_operator
[2024-11-15T05:12:45.524+0000] {logging_mixin.py:190} INFO - [2024-11-15T05:12:45.523+0000] {override.py:1911} INFO - Created Permission View: can delete on DAG:example_branch_datetime_operator_3
[2024-11-15T05:12:45.536+0000] {logging_mixin.py:190} INFO - [2024-11-15T05:12:45.536+0000] {override.py:1911} INFO - Created Permission View: can edit on DAG:example_branch_datetime_operator_3
[2024-11-15T05:12:45.548+0000] {logging_mixin.py:190} INFO - [2024-11-15T05:12:45.548+0000] {override.py:1911} INFO - Created Permission View: can read on DAG:example_branch_datetime_operator_3
[2024-11-15T05:12:45.566+0000] {logging_mixin.py:190} INFO - [2024-11-15T05:12:45.566+0000] {override.py:1911} INFO - Created Permission View: can create on DAG Run:example_branch_datetime_operator_3
[2024-11-15T05:12:45.578+0000] {logging_mixin.py:190} INFO - [2024-11-15T05:12:45.578+0000] {override.py:1911} INFO - Created Permission View: can delete on DAG Run:example_branch_datetime_operator_3
[2024-11-15T05:12:45.592+0000] {logging_mixin.py:190} INFO - [2024-11-15T05:12:45.592+0000] {override.py:1911} INFO - Created Permission View: menu access on DAG Run:example_branch_datetime_operator_3
[2024-11-15T05:12:45.604+0000] {logging_mixin.py:190} INFO - [2024-11-15T05:12:45.604+0000] {override.py:1911} INFO - Created Permission View: can read on DAG Run:example_branch_datetime_operator_3
[2024-11-15T05:12:45.627+0000] {logging_mixin.py:190} INFO - [2024-11-15T05:12:45.627+0000] {override.py:1911} INFO - Created Permission View: can delete on DAG:example_branch_datetime_operator_2
[2024-11-15T05:12:45.639+0000] {logging_mixin.py:190} INFO - [2024-11-15T05:12:45.639+0000] {override.py:1911} INFO - Created Permission View: can edit on DAG:example_branch_datetime_operator_2
[2024-11-15T05:12:45.650+0000] {logging_mixin.py:190} INFO - [2024-11-15T05:12:45.650+0000] {override.py:1911} INFO - Created Permission View: can read on DAG:example_branch_datetime_operator_2
[2024-11-15T05:12:45.668+0000] {logging_mixin.py:190} INFO - [2024-11-15T05:12:45.667+0000] {override.py:1911} INFO - Created Permission View: can create on DAG Run:example_branch_datetime_operator_2
[2024-11-15T05:12:45.682+0000] {logging_mixin.py:190} INFO - [2024-11-15T05:12:45.681+0000] {override.py:1911} INFO - Created Permission View: can delete on DAG Run:example_branch_datetime_operator_2
[2024-11-15T05:12:45.695+0000] {logging_mixin.py:190} INFO - [2024-11-15T05:12:45.694+0000] {override.py:1911} INFO - Created Permission View: menu access on DAG Run:example_branch_datetime_operator_2
[2024-11-15T05:12:45.709+0000] {logging_mixin.py:190} INFO - [2024-11-15T05:12:45.708+0000] {override.py:1911} INFO - Created Permission View: can read on DAG Run:example_branch_datetime_operator_2
[2024-11-15T05:12:45.710+0000] {logging_mixin.py:190} INFO - [2024-11-15T05:12:45.709+0000] {dag.py:3239} INFO - Sync 3 DAGs
[2024-11-15T05:12:45.729+0000] {logging_mixin.py:190} INFO - [2024-11-15T05:12:45.728+0000] {dag.py:3262} INFO - Creating ORM DAG for example_branch_datetime_operator
[2024-11-15T05:12:45.730+0000] {logging_mixin.py:190} INFO - [2024-11-15T05:12:45.730+0000] {dag.py:3262} INFO - Creating ORM DAG for example_branch_datetime_operator_2
[2024-11-15T05:12:45.731+0000] {logging_mixin.py:190} INFO - [2024-11-15T05:12:45.731+0000] {dag.py:3262} INFO - Creating ORM DAG for example_branch_datetime_operator_3
[2024-11-15T05:12:45.746+0000] {logging_mixin.py:190} INFO - [2024-11-15T05:12:45.746+0000] {dag.py:4180} INFO - Setting next_dagrun for example_branch_datetime_operator to 2024-11-14 00:00:00+00:00, run_after=2024-11-15 00:00:00+00:00
[2024-11-15T05:12:45.748+0000] {logging_mixin.py:190} INFO - [2024-11-15T05:12:45.748+0000] {dag.py:4180} INFO - Setting next_dagrun for example_branch_datetime_operator_2 to 2024-11-14 00:00:00+00:00, run_after=2024-11-15 00:00:00+00:00
[2024-11-15T05:12:45.752+0000] {logging_mixin.py:190} INFO - [2024-11-15T05:12:45.751+0000] {dag.py:4180} INFO - Setting next_dagrun for example_branch_datetime_operator_3 to 2024-11-14 00:00:00+00:00, run_after=2024-11-15 00:00:00+00:00
[2024-11-15T05:12:45.784+0000] {processor.py:208} INFO - Processing /home/airflow/.local/lib/python3.12/site-packages/airflow/example_dags/example_branch_datetime_operator.py took 0.575 seconds
[2024-11-15T05:13:16.142+0000] {processor.py:186} INFO - Started process (PID=145) to work on /home/airflow/.local/lib/python3.12/site-packages/airflow/example_dags/example_branch_datetime_operator.py
[2024-11-15T05:13:16.143+0000] {processor.py:914} INFO - Processing file /home/airflow/.local/lib/python3.12/site-packages/airflow/example_dags/example_branch_datetime_operator.py for tasks to queue
[2024-11-15T05:13:16.146+0000] {logging_mixin.py:190} INFO - [2024-11-15T05:13:16.146+0000] {dagbag.py:588} INFO - Filling up the DagBag from /home/airflow/.local/lib/python3.12/site-packages/airflow/example_dags/example_branch_datetime_operator.py
[2024-11-15T05:13:16.157+0000] {processor.py:925} INFO - DAG(s) 'example_branch_datetime_operator_3', 'example_branch_datetime_operator', 'example_branch_datetime_operator_2' retrieved from /home/airflow/.local/lib/python3.12/site-packages/airflow/example_dags/example_branch_datetime_operator.py
[2024-11-15T05:13:16.183+0000] {logging_mixin.py:190} INFO - [2024-11-15T05:13:16.183+0000] {dag.py:3239} INFO - Sync 3 DAGs
[2024-11-15T05:13:16.209+0000] {logging_mixin.py:190} INFO - [2024-11-15T05:13:16.209+0000] {dag.py:4180} INFO - Setting next_dagrun for example_branch_datetime_operator to 2024-11-14 00:00:00+00:00, run_after=2024-11-15 00:00:00+00:00
[2024-11-15T05:13:16.214+0000] {logging_mixin.py:190} INFO - [2024-11-15T05:13:16.214+0000] {dag.py:4180} INFO - Setting next_dagrun for example_branch_datetime_operator_2 to 2024-11-14 00:00:00+00:00, run_after=2024-11-15 00:00:00+00:00
[2024-11-15T05:13:16.217+0000] {logging_mixin.py:190} INFO - [2024-11-15T05:13:16.217+0000] {dag.py:4180} INFO - Setting next_dagrun for example_branch_datetime_operator_3 to 2024-11-14 00:00:00+00:00, run_after=2024-11-15 00:00:00+00:00
[2024-11-15T05:13:16.239+0000] {processor.py:208} INFO - Processing /home/airflow/.local/lib/python3.12/site-packages/airflow/example_dags/example_branch_datetime_operator.py took 0.103 seconds
[2024-11-15T05:13:46.462+0000] {processor.py:186} INFO - Started process (PID=211) to work on /home/airflow/.local/lib/python3.12/site-packages/airflow/example_dags/example_branch_datetime_operator.py
[2024-11-15T05:13:46.463+0000] {processor.py:914} INFO - Processing file /home/airflow/.local/lib/python3.12/site-packages/airflow/example_dags/example_branch_datetime_operator.py for tasks to queue
[2024-11-15T05:13:46.467+0000] {logging_mixin.py:190} INFO - [2024-11-15T05:13:46.467+0000] {dagbag.py:588} INFO - Filling up the DagBag from /home/airflow/.local/lib/python3.12/site-packages/airflow/example_dags/example_branch_datetime_operator.py
[2024-11-15T05:13:46.485+0000] {processor.py:925} INFO - DAG(s) 'example_branch_datetime_operator_2', 'example_branch_datetime_operator_3', 'example_branch_datetime_operator' retrieved from /home/airflow/.local/lib/python3.12/site-packages/airflow/example_dags/example_branch_datetime_operator.py
[2024-11-15T05:13:46.521+0000] {logging_mixin.py:190} INFO - [2024-11-15T05:13:46.521+0000] {dag.py:3239} INFO - Sync 3 DAGs
[2024-11-15T05:13:46.552+0000] {logging_mixin.py:190} INFO - [2024-11-15T05:13:46.552+0000] {dag.py:4180} INFO - Setting next_dagrun for example_branch_datetime_operator to 2024-11-14 00:00:00+00:00, run_after=2024-11-15 00:00:00+00:00
[2024-11-15T05:13:46.559+0000] {logging_mixin.py:190} INFO - [2024-11-15T05:13:46.559+0000] {dag.py:4180} INFO - Setting next_dagrun for example_branch_datetime_operator_2 to 2024-11-14 00:00:00+00:00, run_after=2024-11-15 00:00:00+00:00
[2024-11-15T05:13:46.563+0000] {logging_mixin.py:190} INFO - [2024-11-15T05:13:46.562+0000] {dag.py:4180} INFO - Setting next_dagrun for example_branch_datetime_operator_3 to 2024-11-14 00:00:00+00:00, run_after=2024-11-15 00:00:00+00:00
[2024-11-15T05:13:46.588+0000] {processor.py:208} INFO - Processing /home/airflow/.local/lib/python3.12/site-packages/airflow/example_dags/example_branch_datetime_operator.py took 0.134 seconds
[2024-11-15T05:14:17.984+0000] {processor.py:186} INFO - Started process (PID=275) to work on /home/airflow/.local/lib/python3.12/site-packages/airflow/example_dags/example_branch_datetime_operator.py
[2024-11-15T05:14:17.986+0000] {processor.py:914} INFO - Processing file /home/airflow/.local/lib/python3.12/site-packages/airflow/example_dags/example_branch_datetime_operator.py for tasks to queue
[2024-11-15T05:14:17.990+0000] {logging_mixin.py:190} INFO - [2024-11-15T05:14:17.989+0000] {dagbag.py:588} INFO - Filling up the DagBag from /home/airflow/.local/lib/python3.12/site-packages/airflow/example_dags/example_branch_datetime_operator.py
[2024-11-15T05:14:18.008+0000] {processor.py:925} INFO - DAG(s) 'example_branch_datetime_operator_3', 'example_branch_datetime_operator', 'example_branch_datetime_operator_2' retrieved from /home/airflow/.local/lib/python3.12/site-packages/airflow/example_dags/example_branch_datetime_operator.py
[2024-11-15T05:14:18.048+0000] {logging_mixin.py:190} INFO - [2024-11-15T05:14:18.048+0000] {dag.py:3239} INFO - Sync 3 DAGs
[2024-11-15T05:14:18.090+0000] {logging_mixin.py:190} INFO - [2024-11-15T05:14:18.089+0000] {dag.py:4180} INFO - Setting next_dagrun for example_branch_datetime_operator to 2024-11-14 00:00:00+00:00, run_after=2024-11-15 00:00:00+00:00
[2024-11-15T05:14:18.099+0000] {logging_mixin.py:190} INFO - [2024-11-15T05:14:18.098+0000] {dag.py:4180} INFO - Setting next_dagrun for example_branch_datetime_operator_2 to 2024-11-14 00:00:00+00:00, run_after=2024-11-15 00:00:00+00:00
[2024-11-15T05:14:18.103+0000] {logging_mixin.py:190} INFO - [2024-11-15T05:14:18.102+0000] {dag.py:4180} INFO - Setting next_dagrun for example_branch_datetime_operator_3 to 2024-11-14 00:00:00+00:00, run_after=2024-11-15 00:00:00+00:00
[2024-11-15T05:14:18.130+0000] {processor.py:208} INFO - Processing /home/airflow/.local/lib/python3.12/site-packages/airflow/example_dags/example_branch_datetime_operator.py took 0.156 seconds
[2024-11-15T05:14:48.648+0000] {processor.py:186} INFO - Started process (PID=339) to work on /home/airflow/.local/lib/python3.12/site-packages/airflow/example_dags/example_branch_datetime_operator.py
[2024-11-15T05:14:48.649+0000] {processor.py:914} INFO - Processing file /home/airflow/.local/lib/python3.12/site-packages/airflow/example_dags/example_branch_datetime_operator.py for tasks to queue
[2024-11-15T05:14:48.651+0000] {logging_mixin.py:190} INFO - [2024-11-15T05:14:48.650+0000] {dagbag.py:588} INFO - Filling up the DagBag from /home/airflow/.local/lib/python3.12/site-packages/airflow/example_dags/example_branch_datetime_operator.py
[2024-11-15T05:14:48.662+0000] {processor.py:925} INFO - DAG(s) 'example_branch_datetime_operator_3', 'example_branch_datetime_operator_2', 'example_branch_datetime_operator' retrieved from /home/airflow/.local/lib/python3.12/site-packages/airflow/example_dags/example_branch_datetime_operator.py
[2024-11-15T05:14:48.689+0000] {logging_mixin.py:190} INFO - [2024-11-15T05:14:48.688+0000] {dag.py:3239} INFO - Sync 3 DAGs
[2024-11-15T05:14:48.713+0000] {logging_mixin.py:190} INFO - [2024-11-15T05:14:48.713+0000] {dag.py:4180} INFO - Setting next_dagrun for example_branch_datetime_operator to 2024-11-14 00:00:00+00:00, run_after=2024-11-15 00:00:00+00:00
[2024-11-15T05:14:48.719+0000] {logging_mixin.py:190} INFO - [2024-11-15T05:14:48.719+0000] {dag.py:4180} INFO - Setting next_dagrun for example_branch_datetime_operator_2 to 2024-11-14 00:00:00+00:00, run_after=2024-11-15 00:00:00+00:00
[2024-11-15T05:14:48.722+0000] {logging_mixin.py:190} INFO - [2024-11-15T05:14:48.722+0000] {dag.py:4180} INFO - Setting next_dagrun for example_branch_datetime_operator_3 to 2024-11-14 00:00:00+00:00, run_after=2024-11-15 00:00:00+00:00
[2024-11-15T05:14:48.746+0000] {processor.py:208} INFO - Processing /home/airflow/.local/lib/python3.12/site-packages/airflow/example_dags/example_branch_datetime_operator.py took 0.104 seconds
[2024-11-15T05:15:20.325+0000] {processor.py:186} INFO - Started process (PID=430) to work on /home/airflow/.local/lib/python3.12/site-packages/airflow/example_dags/example_branch_datetime_operator.py
[2024-11-15T05:15:20.327+0000] {processor.py:914} INFO - Processing file /home/airflow/.local/lib/python3.12/site-packages/airflow/example_dags/example_branch_datetime_operator.py for tasks to queue
[2024-11-15T05:15:20.333+0000] {logging_mixin.py:190} INFO - [2024-11-15T05:15:20.332+0000] {dagbag.py:588} INFO - Filling up the DagBag from /home/airflow/.local/lib/python3.12/site-packages/airflow/example_dags/example_branch_datetime_operator.py
[2024-11-15T05:15:20.348+0000] {processor.py:925} INFO - DAG(s) 'example_branch_datetime_operator_3', 'example_branch_datetime_operator', 'example_branch_datetime_operator_2' retrieved from /home/airflow/.local/lib/python3.12/site-packages/airflow/example_dags/example_branch_datetime_operator.py
[2024-11-15T05:15:20.385+0000] {logging_mixin.py:190} INFO - [2024-11-15T05:15:20.385+0000] {dag.py:3239} INFO - Sync 3 DAGs
[2024-11-15T05:15:20.419+0000] {logging_mixin.py:190} INFO - [2024-11-15T05:15:20.419+0000] {dag.py:4180} INFO - Setting next_dagrun for example_branch_datetime_operator to 2024-11-14 00:00:00+00:00, run_after=2024-11-15 00:00:00+00:00
[2024-11-15T05:15:20.426+0000] {logging_mixin.py:190} INFO - [2024-11-15T05:15:20.425+0000] {dag.py:4180} INFO - Setting next_dagrun for example_branch_datetime_operator_2 to 2024-11-14 00:00:00+00:00, run_after=2024-11-15 00:00:00+00:00
[2024-11-15T05:15:20.432+0000] {logging_mixin.py:190} INFO - [2024-11-15T05:15:20.432+0000] {dag.py:4180} INFO - Setting next_dagrun for example_branch_datetime_operator_3 to 2024-11-14 00:00:00+00:00, run_after=2024-11-15 00:00:00+00:00
[2024-11-15T05:15:20.461+0000] {processor.py:208} INFO - Processing /home/airflow/.local/lib/python3.12/site-packages/airflow/example_dags/example_branch_datetime_operator.py took 0.151 seconds
[2024-11-15T05:15:51.871+0000] {processor.py:186} INFO - Started process (PID=506) to work on /home/airflow/.local/lib/python3.12/site-packages/airflow/example_dags/example_branch_datetime_operator.py
[2024-11-15T05:15:51.872+0000] {processor.py:914} INFO - Processing file /home/airflow/.local/lib/python3.12/site-packages/airflow/example_dags/example_branch_datetime_operator.py for tasks to queue
[2024-11-15T05:15:51.876+0000] {logging_mixin.py:190} INFO - [2024-11-15T05:15:51.876+0000] {dagbag.py:588} INFO - Filling up the DagBag from /home/airflow/.local/lib/python3.12/site-packages/airflow/example_dags/example_branch_datetime_operator.py
[2024-11-15T05:15:51.893+0000] {processor.py:925} INFO - DAG(s) 'example_branch_datetime_operator', 'example_branch_datetime_operator_3', 'example_branch_datetime_operator_2' retrieved from /home/airflow/.local/lib/python3.12/site-packages/airflow/example_dags/example_branch_datetime_operator.py
[2024-11-15T05:15:51.926+0000] {logging_mixin.py:190} INFO - [2024-11-15T05:15:51.926+0000] {dag.py:3239} INFO - Sync 3 DAGs
[2024-11-15T05:15:51.956+0000] {logging_mixin.py:190} INFO - [2024-11-15T05:15:51.956+0000] {dag.py:4180} INFO - Setting next_dagrun for example_branch_datetime_operator to 2024-11-14 00:00:00+00:00, run_after=2024-11-15 00:00:00+00:00
[2024-11-15T05:15:51.962+0000] {logging_mixin.py:190} INFO - [2024-11-15T05:15:51.962+0000] {dag.py:4180} INFO - Setting next_dagrun for example_branch_datetime_operator_2 to 2024-11-14 00:00:00+00:00, run_after=2024-11-15 00:00:00+00:00
[2024-11-15T05:15:51.966+0000] {logging_mixin.py:190} INFO - [2024-11-15T05:15:51.965+0000] {dag.py:4180} INFO - Setting next_dagrun for example_branch_datetime_operator_3 to 2024-11-14 00:00:00+00:00, run_after=2024-11-15 00:00:00+00:00
[2024-11-15T05:15:51.990+0000] {processor.py:208} INFO - Processing /home/airflow/.local/lib/python3.12/site-packages/airflow/example_dags/example_branch_datetime_operator.py took 0.130 seconds
[2024-11-15T05:16:22.802+0000] {processor.py:186} INFO - Started process (PID=570) to work on /home/airflow/.local/lib/python3.12/site-packages/airflow/example_dags/example_branch_datetime_operator.py
[2024-11-15T05:16:22.803+0000] {processor.py:914} INFO - Processing file /home/airflow/.local/lib/python3.12/site-packages/airflow/example_dags/example_branch_datetime_operator.py for tasks to queue
[2024-11-15T05:16:22.807+0000] {logging_mixin.py:190} INFO - [2024-11-15T05:16:22.806+0000] {dagbag.py:588} INFO - Filling up the DagBag from /home/airflow/.local/lib/python3.12/site-packages/airflow/example_dags/example_branch_datetime_operator.py
[2024-11-15T05:16:22.818+0000] {processor.py:925} INFO - DAG(s) 'example_branch_datetime_operator_2', 'example_branch_datetime_operator_3', 'example_branch_datetime_operator' retrieved from /home/airflow/.local/lib/python3.12/site-packages/airflow/example_dags/example_branch_datetime_operator.py
[2024-11-15T05:16:22.847+0000] {logging_mixin.py:190} INFO - [2024-11-15T05:16:22.847+0000] {dag.py:3239} INFO - Sync 3 DAGs
[2024-11-15T05:16:22.877+0000] {logging_mixin.py:190} INFO - [2024-11-15T05:16:22.876+0000] {dag.py:4180} INFO - Setting next_dagrun for example_branch_datetime_operator to 2024-11-14 00:00:00+00:00, run_after=2024-11-15 00:00:00+00:00
[2024-11-15T05:16:22.883+0000] {logging_mixin.py:190} INFO - [2024-11-15T05:16:22.882+0000] {dag.py:4180} INFO - Setting next_dagrun for example_branch_datetime_operator_2 to 2024-11-14 00:00:00+00:00, run_after=2024-11-15 00:00:00+00:00
[2024-11-15T05:16:22.886+0000] {logging_mixin.py:190} INFO - [2024-11-15T05:16:22.886+0000] {dag.py:4180} INFO - Setting next_dagrun for example_branch_datetime_operator_3 to 2024-11-14 00:00:00+00:00, run_after=2024-11-15 00:00:00+00:00
[2024-11-15T05:16:22.906+0000] {processor.py:208} INFO - Processing /home/airflow/.local/lib/python3.12/site-packages/airflow/example_dags/example_branch_datetime_operator.py took 0.112 seconds
[2024-11-15T05:16:53.860+0000] {processor.py:186} INFO - Started process (PID=634) to work on /home/airflow/.local/lib/python3.12/site-packages/airflow/example_dags/example_branch_datetime_operator.py
[2024-11-15T05:16:53.862+0000] {processor.py:914} INFO - Processing file /home/airflow/.local/lib/python3.12/site-packages/airflow/example_dags/example_branch_datetime_operator.py for tasks to queue
[2024-11-15T05:16:53.868+0000] {logging_mixin.py:190} INFO - [2024-11-15T05:16:53.866+0000] {dagbag.py:588} INFO - Filling up the DagBag from /home/airflow/.local/lib/python3.12/site-packages/airflow/example_dags/example_branch_datetime_operator.py
[2024-11-15T05:16:53.888+0000] {processor.py:925} INFO - DAG(s) 'example_branch_datetime_operator', 'example_branch_datetime_operator_2', 'example_branch_datetime_operator_3' retrieved from /home/airflow/.local/lib/python3.12/site-packages/airflow/example_dags/example_branch_datetime_operator.py
[2024-11-15T05:16:53.921+0000] {logging_mixin.py:190} INFO - [2024-11-15T05:16:53.920+0000] {dag.py:3239} INFO - Sync 3 DAGs
[2024-11-15T05:16:53.950+0000] {logging_mixin.py:190} INFO - [2024-11-15T05:16:53.950+0000] {dag.py:4180} INFO - Setting next_dagrun for example_branch_datetime_operator to 2024-11-14 00:00:00+00:00, run_after=2024-11-15 00:00:00+00:00
[2024-11-15T05:16:53.954+0000] {logging_mixin.py:190} INFO - [2024-11-15T05:16:53.954+0000] {dag.py:4180} INFO - Setting next_dagrun for example_branch_datetime_operator_2 to 2024-11-14 00:00:00+00:00, run_after=2024-11-15 00:00:00+00:00
[2024-11-15T05:16:53.957+0000] {logging_mixin.py:190} INFO - [2024-11-15T05:16:53.957+0000] {dag.py:4180} INFO - Setting next_dagrun for example_branch_datetime_operator_3 to 2024-11-14 00:00:00+00:00, run_after=2024-11-15 00:00:00+00:00
[2024-11-15T05:16:53.976+0000] {processor.py:208} INFO - Processing /home/airflow/.local/lib/python3.12/site-packages/airflow/example_dags/example_branch_datetime_operator.py took 0.129 seconds
[2024-11-15T05:17:25.095+0000] {processor.py:186} INFO - Started process (PID=698) to work on /home/airflow/.local/lib/python3.12/site-packages/airflow/example_dags/example_branch_datetime_operator.py
[2024-11-15T05:17:25.096+0000] {processor.py:914} INFO - Processing file /home/airflow/.local/lib/python3.12/site-packages/airflow/example_dags/example_branch_datetime_operator.py for tasks to queue
[2024-11-15T05:17:25.100+0000] {logging_mixin.py:190} INFO - [2024-11-15T05:17:25.100+0000] {dagbag.py:588} INFO - Filling up the DagBag from /home/airflow/.local/lib/python3.12/site-packages/airflow/example_dags/example_branch_datetime_operator.py
[2024-11-15T05:17:25.113+0000] {processor.py:925} INFO - DAG(s) 'example_branch_datetime_operator_2', 'example_branch_datetime_operator_3', 'example_branch_datetime_operator' retrieved from /home/airflow/.local/lib/python3.12/site-packages/airflow/example_dags/example_branch_datetime_operator.py
[2024-11-15T05:17:25.142+0000] {logging_mixin.py:190} INFO - [2024-11-15T05:17:25.141+0000] {dag.py:3239} INFO - Sync 3 DAGs
[2024-11-15T05:17:25.170+0000] {logging_mixin.py:190} INFO - [2024-11-15T05:17:25.170+0000] {dag.py:4180} INFO - Setting next_dagrun for example_branch_datetime_operator to 2024-11-14 00:00:00+00:00, run_after=2024-11-15 00:00:00+00:00
[2024-11-15T05:17:25.176+0000] {logging_mixin.py:190} INFO - [2024-11-15T05:17:25.176+0000] {dag.py:4180} INFO - Setting next_dagrun for example_branch_datetime_operator_2 to 2024-11-14 00:00:00+00:00, run_after=2024-11-15 00:00:00+00:00
[2024-11-15T05:17:25.179+0000] {logging_mixin.py:190} INFO - [2024-11-15T05:17:25.178+0000] {dag.py:4180} INFO - Setting next_dagrun for example_branch_datetime_operator_3 to 2024-11-14 00:00:00+00:00, run_after=2024-11-15 00:00:00+00:00
[2024-11-15T05:17:25.198+0000] {processor.py:208} INFO - Processing /home/airflow/.local/lib/python3.12/site-packages/airflow/example_dags/example_branch_datetime_operator.py took 0.115 seconds
[2024-11-15T05:17:56.667+0000] {processor.py:186} INFO - Started process (PID=762) to work on /home/airflow/.local/lib/python3.12/site-packages/airflow/example_dags/example_branch_datetime_operator.py
[2024-11-15T05:17:56.668+0000] {processor.py:914} INFO - Processing file /home/airflow/.local/lib/python3.12/site-packages/airflow/example_dags/example_branch_datetime_operator.py for tasks to queue
[2024-11-15T05:17:56.670+0000] {logging_mixin.py:190} INFO - [2024-11-15T05:17:56.670+0000] {dagbag.py:588} INFO - Filling up the DagBag from /home/airflow/.local/lib/python3.12/site-packages/airflow/example_dags/example_branch_datetime_operator.py
[2024-11-15T05:17:56.681+0000] {processor.py:925} INFO - DAG(s) 'example_branch_datetime_operator_3', 'example_branch_datetime_operator', 'example_branch_datetime_operator_2' retrieved from /home/airflow/.local/lib/python3.12/site-packages/airflow/example_dags/example_branch_datetime_operator.py
[2024-11-15T05:17:56.708+0000] {logging_mixin.py:190} INFO - [2024-11-15T05:17:56.707+0000] {dag.py:3239} INFO - Sync 3 DAGs
[2024-11-15T05:17:56.731+0000] {logging_mixin.py:190} INFO - [2024-11-15T05:17:56.731+0000] {dag.py:4180} INFO - Setting next_dagrun for example_branch_datetime_operator to 2024-11-14 00:00:00+00:00, run_after=2024-11-15 00:00:00+00:00
[2024-11-15T05:17:56.736+0000] {logging_mixin.py:190} INFO - [2024-11-15T05:17:56.736+0000] {dag.py:4180} INFO - Setting next_dagrun for example_branch_datetime_operator_2 to 2024-11-14 00:00:00+00:00, run_after=2024-11-15 00:00:00+00:00
[2024-11-15T05:17:56.740+0000] {logging_mixin.py:190} INFO - [2024-11-15T05:17:56.740+0000] {dag.py:4180} INFO - Setting next_dagrun for example_branch_datetime_operator_3 to 2024-11-14 00:00:00+00:00, run_after=2024-11-15 00:00:00+00:00
[2024-11-15T05:17:56.766+0000] {processor.py:208} INFO - Processing /home/airflow/.local/lib/python3.12/site-packages/airflow/example_dags/example_branch_datetime_operator.py took 0.108 seconds
[2024-11-15T05:20:08.569+0000] {processor.py:186} INFO - Started process (PID=74) to work on /home/airflow/.local/lib/python3.12/site-packages/airflow/example_dags/example_branch_datetime_operator.py
[2024-11-15T05:20:08.570+0000] {processor.py:914} INFO - Processing file /home/airflow/.local/lib/python3.12/site-packages/airflow/example_dags/example_branch_datetime_operator.py for tasks to queue
[2024-11-15T05:20:08.573+0000] {logging_mixin.py:190} INFO - [2024-11-15T05:20:08.573+0000] {dagbag.py:588} INFO - Filling up the DagBag from /home/airflow/.local/lib/python3.12/site-packages/airflow/example_dags/example_branch_datetime_operator.py
[2024-11-15T05:20:08.592+0000] {processor.py:925} INFO - DAG(s) 'example_branch_datetime_operator', 'example_branch_datetime_operator_3', 'example_branch_datetime_operator_2' retrieved from /home/airflow/.local/lib/python3.12/site-packages/airflow/example_dags/example_branch_datetime_operator.py
[2024-11-15T05:20:08.738+0000] {logging_mixin.py:190} INFO - [2024-11-15T05:20:08.737+0000] {override.py:1911} INFO - Created Permission View: can delete on DAG:example_branch_datetime_operator
[2024-11-15T05:20:08.755+0000] {logging_mixin.py:190} INFO - [2024-11-15T05:20:08.754+0000] {override.py:1911} INFO - Created Permission View: can edit on DAG:example_branch_datetime_operator
[2024-11-15T05:20:08.766+0000] {logging_mixin.py:190} INFO - [2024-11-15T05:20:08.765+0000] {override.py:1911} INFO - Created Permission View: can read on DAG:example_branch_datetime_operator
[2024-11-15T05:20:08.780+0000] {logging_mixin.py:190} INFO - [2024-11-15T05:20:08.780+0000] {override.py:1911} INFO - Created Permission View: can delete on DAG Run:example_branch_datetime_operator
[2024-11-15T05:20:08.798+0000] {logging_mixin.py:190} INFO - [2024-11-15T05:20:08.798+0000] {override.py:1911} INFO - Created Permission View: can read on DAG Run:example_branch_datetime_operator
[2024-11-15T05:20:08.812+0000] {logging_mixin.py:190} INFO - [2024-11-15T05:20:08.811+0000] {override.py:1911} INFO - Created Permission View: can create on DAG Run:example_branch_datetime_operator
[2024-11-15T05:20:08.824+0000] {logging_mixin.py:190} INFO - [2024-11-15T05:20:08.824+0000] {override.py:1911} INFO - Created Permission View: menu access on DAG Run:example_branch_datetime_operator
[2024-11-15T05:20:08.847+0000] {logging_mixin.py:190} INFO - [2024-11-15T05:20:08.846+0000] {override.py:1911} INFO - Created Permission View: can delete on DAG:example_branch_datetime_operator_3
[2024-11-15T05:20:08.859+0000] {logging_mixin.py:190} INFO - [2024-11-15T05:20:08.858+0000] {override.py:1911} INFO - Created Permission View: can edit on DAG:example_branch_datetime_operator_3
[2024-11-15T05:20:08.871+0000] {logging_mixin.py:190} INFO - [2024-11-15T05:20:08.871+0000] {override.py:1911} INFO - Created Permission View: can read on DAG:example_branch_datetime_operator_3
[2024-11-15T05:20:08.887+0000] {logging_mixin.py:190} INFO - [2024-11-15T05:20:08.887+0000] {override.py:1911} INFO - Created Permission View: can delete on DAG Run:example_branch_datetime_operator_3
[2024-11-15T05:20:08.898+0000] {logging_mixin.py:190} INFO - [2024-11-15T05:20:08.898+0000] {override.py:1911} INFO - Created Permission View: can read on DAG Run:example_branch_datetime_operator_3
[2024-11-15T05:20:08.910+0000] {logging_mixin.py:190} INFO - [2024-11-15T05:20:08.909+0000] {override.py:1911} INFO - Created Permission View: can create on DAG Run:example_branch_datetime_operator_3
[2024-11-15T05:20:08.922+0000] {logging_mixin.py:190} INFO - [2024-11-15T05:20:08.922+0000] {override.py:1911} INFO - Created Permission View: menu access on DAG Run:example_branch_datetime_operator_3
[2024-11-15T05:20:08.946+0000] {logging_mixin.py:190} INFO - [2024-11-15T05:20:08.945+0000] {override.py:1911} INFO - Created Permission View: can delete on DAG:example_branch_datetime_operator_2
[2024-11-15T05:20:08.960+0000] {logging_mixin.py:190} INFO - [2024-11-15T05:20:08.960+0000] {override.py:1911} INFO - Created Permission View: can edit on DAG:example_branch_datetime_operator_2
[2024-11-15T05:20:08.974+0000] {logging_mixin.py:190} INFO - [2024-11-15T05:20:08.974+0000] {override.py:1911} INFO - Created Permission View: can read on DAG:example_branch_datetime_operator_2
[2024-11-15T05:20:08.988+0000] {logging_mixin.py:190} INFO - [2024-11-15T05:20:08.988+0000] {override.py:1911} INFO - Created Permission View: can delete on DAG Run:example_branch_datetime_operator_2
[2024-11-15T05:20:09.000+0000] {logging_mixin.py:190} INFO - [2024-11-15T05:20:08.999+0000] {override.py:1911} INFO - Created Permission View: can read on DAG Run:example_branch_datetime_operator_2
[2024-11-15T05:20:09.013+0000] {logging_mixin.py:190} INFO - [2024-11-15T05:20:09.013+0000] {override.py:1911} INFO - Created Permission View: can create on DAG Run:example_branch_datetime_operator_2
[2024-11-15T05:20:09.024+0000] {logging_mixin.py:190} INFO - [2024-11-15T05:20:09.023+0000] {override.py:1911} INFO - Created Permission View: menu access on DAG Run:example_branch_datetime_operator_2
[2024-11-15T05:20:09.025+0000] {logging_mixin.py:190} INFO - [2024-11-15T05:20:09.024+0000] {dag.py:3239} INFO - Sync 3 DAGs
[2024-11-15T05:20:09.043+0000] {logging_mixin.py:190} INFO - [2024-11-15T05:20:09.043+0000] {dag.py:3262} INFO - Creating ORM DAG for example_branch_datetime_operator_2
[2024-11-15T05:20:09.045+0000] {logging_mixin.py:190} INFO - [2024-11-15T05:20:09.045+0000] {dag.py:3262} INFO - Creating ORM DAG for example_branch_datetime_operator_3
[2024-11-15T05:20:09.047+0000] {logging_mixin.py:190} INFO - [2024-11-15T05:20:09.046+0000] {dag.py:3262} INFO - Creating ORM DAG for example_branch_datetime_operator
[2024-11-15T05:20:09.066+0000] {logging_mixin.py:190} INFO - [2024-11-15T05:20:09.066+0000] {dag.py:4180} INFO - Setting next_dagrun for example_branch_datetime_operator to 2024-11-14 00:00:00+00:00, run_after=2024-11-15 00:00:00+00:00
[2024-11-15T05:20:09.069+0000] {logging_mixin.py:190} INFO - [2024-11-15T05:20:09.069+0000] {dag.py:4180} INFO - Setting next_dagrun for example_branch_datetime_operator_2 to 2024-11-14 00:00:00+00:00, run_after=2024-11-15 00:00:00+00:00
[2024-11-15T05:20:09.072+0000] {logging_mixin.py:190} INFO - [2024-11-15T05:20:09.071+0000] {dag.py:4180} INFO - Setting next_dagrun for example_branch_datetime_operator_3 to 2024-11-14 00:00:00+00:00, run_after=2024-11-15 00:00:00+00:00
[2024-11-15T05:20:09.105+0000] {processor.py:208} INFO - Processing /home/airflow/.local/lib/python3.12/site-packages/airflow/example_dags/example_branch_datetime_operator.py took 0.544 seconds
[2024-11-15T05:20:39.936+0000] {processor.py:186} INFO - Started process (PID=138) to work on /home/airflow/.local/lib/python3.12/site-packages/airflow/example_dags/example_branch_datetime_operator.py
[2024-11-15T05:20:39.938+0000] {processor.py:914} INFO - Processing file /home/airflow/.local/lib/python3.12/site-packages/airflow/example_dags/example_branch_datetime_operator.py for tasks to queue
[2024-11-15T05:20:39.943+0000] {logging_mixin.py:190} INFO - [2024-11-15T05:20:39.942+0000] {dagbag.py:588} INFO - Filling up the DagBag from /home/airflow/.local/lib/python3.12/site-packages/airflow/example_dags/example_branch_datetime_operator.py
[2024-11-15T05:20:39.959+0000] {processor.py:925} INFO - DAG(s) 'example_branch_datetime_operator_3', 'example_branch_datetime_operator_2', 'example_branch_datetime_operator' retrieved from /home/airflow/.local/lib/python3.12/site-packages/airflow/example_dags/example_branch_datetime_operator.py
[2024-11-15T05:20:40.001+0000] {logging_mixin.py:190} INFO - [2024-11-15T05:20:40.001+0000] {dag.py:3239} INFO - Sync 3 DAGs
[2024-11-15T05:20:40.044+0000] {logging_mixin.py:190} INFO - [2024-11-15T05:20:40.044+0000] {dag.py:4180} INFO - Setting next_dagrun for example_branch_datetime_operator to 2024-11-14 00:00:00+00:00, run_after=2024-11-15 00:00:00+00:00
[2024-11-15T05:20:40.051+0000] {logging_mixin.py:190} INFO - [2024-11-15T05:20:40.050+0000] {dag.py:4180} INFO - Setting next_dagrun for example_branch_datetime_operator_2 to 2024-11-14 00:00:00+00:00, run_after=2024-11-15 00:00:00+00:00
[2024-11-15T05:20:40.055+0000] {logging_mixin.py:190} INFO - [2024-11-15T05:20:40.055+0000] {dag.py:4180} INFO - Setting next_dagrun for example_branch_datetime_operator_3 to 2024-11-14 00:00:00+00:00, run_after=2024-11-15 00:00:00+00:00
[2024-11-15T05:20:40.086+0000] {processor.py:208} INFO - Processing /home/airflow/.local/lib/python3.12/site-packages/airflow/example_dags/example_branch_datetime_operator.py took 0.157 seconds
[2024-11-15T05:21:10.534+0000] {processor.py:186} INFO - Started process (PID=202) to work on /home/airflow/.local/lib/python3.12/site-packages/airflow/example_dags/example_branch_datetime_operator.py
[2024-11-15T05:21:10.535+0000] {processor.py:914} INFO - Processing file /home/airflow/.local/lib/python3.12/site-packages/airflow/example_dags/example_branch_datetime_operator.py for tasks to queue
[2024-11-15T05:21:10.537+0000] {logging_mixin.py:190} INFO - [2024-11-15T05:21:10.537+0000] {dagbag.py:588} INFO - Filling up the DagBag from /home/airflow/.local/lib/python3.12/site-packages/airflow/example_dags/example_branch_datetime_operator.py
[2024-11-15T05:21:10.548+0000] {processor.py:925} INFO - DAG(s) 'example_branch_datetime_operator_2', 'example_branch_datetime_operator_3', 'example_branch_datetime_operator' retrieved from /home/airflow/.local/lib/python3.12/site-packages/airflow/example_dags/example_branch_datetime_operator.py
[2024-11-15T05:21:10.577+0000] {logging_mixin.py:190} INFO - [2024-11-15T05:21:10.577+0000] {dag.py:3239} INFO - Sync 3 DAGs
[2024-11-15T05:21:10.599+0000] {logging_mixin.py:190} INFO - [2024-11-15T05:21:10.599+0000] {dag.py:4180} INFO - Setting next_dagrun for example_branch_datetime_operator to 2024-11-14 00:00:00+00:00, run_after=2024-11-15 00:00:00+00:00
[2024-11-15T05:21:10.604+0000] {logging_mixin.py:190} INFO - [2024-11-15T05:21:10.604+0000] {dag.py:4180} INFO - Setting next_dagrun for example_branch_datetime_operator_2 to 2024-11-14 00:00:00+00:00, run_after=2024-11-15 00:00:00+00:00
[2024-11-15T05:21:10.606+0000] {logging_mixin.py:190} INFO - [2024-11-15T05:21:10.606+0000] {dag.py:4180} INFO - Setting next_dagrun for example_branch_datetime_operator_3 to 2024-11-14 00:00:00+00:00, run_after=2024-11-15 00:00:00+00:00
[2024-11-15T05:21:10.628+0000] {processor.py:208} INFO - Processing /home/airflow/.local/lib/python3.12/site-packages/airflow/example_dags/example_branch_datetime_operator.py took 0.101 seconds
[2024-11-15T05:21:41.415+0000] {processor.py:186} INFO - Started process (PID=266) to work on /home/airflow/.local/lib/python3.12/site-packages/airflow/example_dags/example_branch_datetime_operator.py
[2024-11-15T05:21:41.416+0000] {processor.py:914} INFO - Processing file /home/airflow/.local/lib/python3.12/site-packages/airflow/example_dags/example_branch_datetime_operator.py for tasks to queue
[2024-11-15T05:21:41.418+0000] {logging_mixin.py:190} INFO - [2024-11-15T05:21:41.418+0000] {dagbag.py:588} INFO - Filling up the DagBag from /home/airflow/.local/lib/python3.12/site-packages/airflow/example_dags/example_branch_datetime_operator.py
[2024-11-15T05:21:41.430+0000] {processor.py:925} INFO - DAG(s) 'example_branch_datetime_operator', 'example_branch_datetime_operator_2', 'example_branch_datetime_operator_3' retrieved from /home/airflow/.local/lib/python3.12/site-packages/airflow/example_dags/example_branch_datetime_operator.py
[2024-11-15T05:21:41.457+0000] {logging_mixin.py:190} INFO - [2024-11-15T05:21:41.457+0000] {dag.py:3239} INFO - Sync 3 DAGs
[2024-11-15T05:21:41.480+0000] {logging_mixin.py:190} INFO - [2024-11-15T05:21:41.480+0000] {dag.py:4180} INFO - Setting next_dagrun for example_branch_datetime_operator to 2024-11-14 00:00:00+00:00, run_after=2024-11-15 00:00:00+00:00
[2024-11-15T05:21:41.486+0000] {logging_mixin.py:190} INFO - [2024-11-15T05:21:41.486+0000] {dag.py:4180} INFO - Setting next_dagrun for example_branch_datetime_operator_2 to 2024-11-14 00:00:00+00:00, run_after=2024-11-15 00:00:00+00:00
[2024-11-15T05:21:41.490+0000] {logging_mixin.py:190} INFO - [2024-11-15T05:21:41.489+0000] {dag.py:4180} INFO - Setting next_dagrun for example_branch_datetime_operator_3 to 2024-11-14 00:00:00+00:00, run_after=2024-11-15 00:00:00+00:00
[2024-11-15T05:21:41.512+0000] {processor.py:208} INFO - Processing /home/airflow/.local/lib/python3.12/site-packages/airflow/example_dags/example_branch_datetime_operator.py took 0.102 seconds
[2024-11-15T05:22:12.412+0000] {processor.py:186} INFO - Started process (PID=330) to work on /home/airflow/.local/lib/python3.12/site-packages/airflow/example_dags/example_branch_datetime_operator.py
[2024-11-15T05:22:12.413+0000] {processor.py:914} INFO - Processing file /home/airflow/.local/lib/python3.12/site-packages/airflow/example_dags/example_branch_datetime_operator.py for tasks to queue
[2024-11-15T05:22:12.415+0000] {logging_mixin.py:190} INFO - [2024-11-15T05:22:12.415+0000] {dagbag.py:588} INFO - Filling up the DagBag from /home/airflow/.local/lib/python3.12/site-packages/airflow/example_dags/example_branch_datetime_operator.py
[2024-11-15T05:22:12.426+0000] {processor.py:925} INFO - DAG(s) 'example_branch_datetime_operator_3', 'example_branch_datetime_operator', 'example_branch_datetime_operator_2' retrieved from /home/airflow/.local/lib/python3.12/site-packages/airflow/example_dags/example_branch_datetime_operator.py
[2024-11-15T05:22:12.457+0000] {logging_mixin.py:190} INFO - [2024-11-15T05:22:12.457+0000] {dag.py:3239} INFO - Sync 3 DAGs
[2024-11-15T05:22:12.481+0000] {logging_mixin.py:190} INFO - [2024-11-15T05:22:12.481+0000] {dag.py:4180} INFO - Setting next_dagrun for example_branch_datetime_operator to 2024-11-14 00:00:00+00:00, run_after=2024-11-15 00:00:00+00:00
[2024-11-15T05:22:12.486+0000] {logging_mixin.py:190} INFO - [2024-11-15T05:22:12.486+0000] {dag.py:4180} INFO - Setting next_dagrun for example_branch_datetime_operator_2 to 2024-11-14 00:00:00+00:00, run_after=2024-11-15 00:00:00+00:00
[2024-11-15T05:22:12.489+0000] {logging_mixin.py:190} INFO - [2024-11-15T05:22:12.489+0000] {dag.py:4180} INFO - Setting next_dagrun for example_branch_datetime_operator_3 to 2024-11-14 00:00:00+00:00, run_after=2024-11-15 00:00:00+00:00
[2024-11-15T05:22:12.510+0000] {processor.py:208} INFO - Processing /home/airflow/.local/lib/python3.12/site-packages/airflow/example_dags/example_branch_datetime_operator.py took 0.104 seconds
[2024-11-15T05:22:42.903+0000] {processor.py:186} INFO - Started process (PID=394) to work on /home/airflow/.local/lib/python3.12/site-packages/airflow/example_dags/example_branch_datetime_operator.py
[2024-11-15T05:22:42.904+0000] {processor.py:914} INFO - Processing file /home/airflow/.local/lib/python3.12/site-packages/airflow/example_dags/example_branch_datetime_operator.py for tasks to queue
[2024-11-15T05:22:42.907+0000] {logging_mixin.py:190} INFO - [2024-11-15T05:22:42.907+0000] {dagbag.py:588} INFO - Filling up the DagBag from /home/airflow/.local/lib/python3.12/site-packages/airflow/example_dags/example_branch_datetime_operator.py
[2024-11-15T05:22:42.922+0000] {processor.py:925} INFO - DAG(s) 'example_branch_datetime_operator', 'example_branch_datetime_operator_2', 'example_branch_datetime_operator_3' retrieved from /home/airflow/.local/lib/python3.12/site-packages/airflow/example_dags/example_branch_datetime_operator.py
[2024-11-15T05:22:42.960+0000] {logging_mixin.py:190} INFO - [2024-11-15T05:22:42.959+0000] {dag.py:3239} INFO - Sync 3 DAGs
[2024-11-15T05:22:42.992+0000] {logging_mixin.py:190} INFO - [2024-11-15T05:22:42.991+0000] {dag.py:4180} INFO - Setting next_dagrun for example_branch_datetime_operator to 2024-11-14 00:00:00+00:00, run_after=2024-11-15 00:00:00+00:00
[2024-11-15T05:22:43.000+0000] {logging_mixin.py:190} INFO - [2024-11-15T05:22:43.000+0000] {dag.py:4180} INFO - Setting next_dagrun for example_branch_datetime_operator_2 to 2024-11-14 00:00:00+00:00, run_after=2024-11-15 00:00:00+00:00
[2024-11-15T05:22:43.005+0000] {logging_mixin.py:190} INFO - [2024-11-15T05:22:43.004+0000] {dag.py:4180} INFO - Setting next_dagrun for example_branch_datetime_operator_3 to 2024-11-14 00:00:00+00:00, run_after=2024-11-15 00:00:00+00:00
[2024-11-15T05:22:43.035+0000] {processor.py:208} INFO - Processing /home/airflow/.local/lib/python3.12/site-packages/airflow/example_dags/example_branch_datetime_operator.py took 0.139 seconds
