[2024-11-15T05:12:36.128+0000] {processor.py:186} INFO - Started process (PID=47) to work on /home/airflow/.local/lib/python3.12/site-packages/airflow/example_dags/example_latest_only.py
[2024-11-15T05:12:36.131+0000] {processor.py:914} INFO - Processing file /home/airflow/.local/lib/python3.12/site-packages/airflow/example_dags/example_latest_only.py for tasks to queue
[2024-11-15T05:12:36.142+0000] {logging_mixin.py:190} INFO - [2024-11-15T05:12:36.141+0000] {dagbag.py:588} INFO - Filling up the DagBag from /home/airflow/.local/lib/python3.12/site-packages/airflow/example_dags/example_latest_only.py
[2024-11-15T05:12:36.173+0000] {processor.py:925} INFO - DAG(s) 'latest_only' retrieved from /home/airflow/.local/lib/python3.12/site-packages/airflow/example_dags/example_latest_only.py
[2024-11-15T05:12:36.466+0000] {logging_mixin.py:190} INFO - [2024-11-15T05:12:36.464+0000] {override.py:1911} INFO - Created Permission View: can delete on DAG:latest_only
[2024-11-15T05:12:36.490+0000] {logging_mixin.py:190} INFO - [2024-11-15T05:12:36.489+0000] {override.py:1911} INFO - Created Permission View: can edit on DAG:latest_only
[2024-11-15T05:12:36.510+0000] {logging_mixin.py:190} INFO - [2024-11-15T05:12:36.509+0000] {override.py:1911} INFO - Created Permission View: can read on DAG:latest_only
[2024-11-15T05:12:36.533+0000] {logging_mixin.py:190} INFO - [2024-11-15T05:12:36.532+0000] {override.py:1911} INFO - Created Permission View: can create on DAG Run:latest_only
[2024-11-15T05:12:36.554+0000] {logging_mixin.py:190} INFO - [2024-11-15T05:12:36.554+0000] {override.py:1911} INFO - Created Permission View: can delete on DAG Run:latest_only
[2024-11-15T05:12:36.579+0000] {logging_mixin.py:190} INFO - [2024-11-15T05:12:36.578+0000] {override.py:1911} INFO - Created Permission View: menu access on DAG Run:latest_only
[2024-11-15T05:12:36.600+0000] {logging_mixin.py:190} INFO - [2024-11-15T05:12:36.599+0000] {override.py:1911} INFO - Created Permission View: can read on DAG Run:latest_only
[2024-11-15T05:12:36.601+0000] {logging_mixin.py:190} INFO - [2024-11-15T05:12:36.601+0000] {dag.py:3239} INFO - Sync 1 DAGs
[2024-11-15T05:12:36.637+0000] {logging_mixin.py:190} INFO - [2024-11-15T05:12:36.636+0000] {dag.py:3262} INFO - Creating ORM DAG for latest_only
[2024-11-15T05:12:36.674+0000] {logging_mixin.py:190} INFO - [2024-11-15T05:12:36.674+0000] {dag.py:4180} INFO - Setting next_dagrun for latest_only to 2024-11-15 00:00:00+00:00, run_after=2024-11-15 04:00:00+00:00
[2024-11-15T05:12:36.757+0000] {processor.py:208} INFO - Processing /home/airflow/.local/lib/python3.12/site-packages/airflow/example_dags/example_latest_only.py took 0.647 seconds
[2024-11-15T05:13:07.452+0000] {processor.py:186} INFO - Started process (PID=111) to work on /home/airflow/.local/lib/python3.12/site-packages/airflow/example_dags/example_latest_only.py
[2024-11-15T05:13:07.453+0000] {processor.py:914} INFO - Processing file /home/airflow/.local/lib/python3.12/site-packages/airflow/example_dags/example_latest_only.py for tasks to queue
[2024-11-15T05:13:07.455+0000] {logging_mixin.py:190} INFO - [2024-11-15T05:13:07.455+0000] {dagbag.py:588} INFO - Filling up the DagBag from /home/airflow/.local/lib/python3.12/site-packages/airflow/example_dags/example_latest_only.py
[2024-11-15T05:13:07.462+0000] {processor.py:925} INFO - DAG(s) 'latest_only' retrieved from /home/airflow/.local/lib/python3.12/site-packages/airflow/example_dags/example_latest_only.py
[2024-11-15T05:13:07.482+0000] {logging_mixin.py:190} INFO - [2024-11-15T05:13:07.482+0000] {dag.py:3239} INFO - Sync 1 DAGs
[2024-11-15T05:13:07.504+0000] {logging_mixin.py:190} INFO - [2024-11-15T05:13:07.504+0000] {dag.py:4180} INFO - Setting next_dagrun for latest_only to 2024-11-15 00:00:00+00:00, run_after=2024-11-15 04:00:00+00:00
[2024-11-15T05:13:07.527+0000] {processor.py:208} INFO - Processing /home/airflow/.local/lib/python3.12/site-packages/airflow/example_dags/example_latest_only.py took 0.080 seconds
[2024-11-15T05:13:37.893+0000] {processor.py:186} INFO - Started process (PID=184) to work on /home/airflow/.local/lib/python3.12/site-packages/airflow/example_dags/example_latest_only.py
[2024-11-15T05:13:37.894+0000] {processor.py:914} INFO - Processing file /home/airflow/.local/lib/python3.12/site-packages/airflow/example_dags/example_latest_only.py for tasks to queue
[2024-11-15T05:13:37.897+0000] {logging_mixin.py:190} INFO - [2024-11-15T05:13:37.897+0000] {dagbag.py:588} INFO - Filling up the DagBag from /home/airflow/.local/lib/python3.12/site-packages/airflow/example_dags/example_latest_only.py
[2024-11-15T05:13:37.903+0000] {processor.py:925} INFO - DAG(s) 'latest_only' retrieved from /home/airflow/.local/lib/python3.12/site-packages/airflow/example_dags/example_latest_only.py
[2024-11-15T05:13:37.923+0000] {logging_mixin.py:190} INFO - [2024-11-15T05:13:37.923+0000] {dag.py:3239} INFO - Sync 1 DAGs
[2024-11-15T05:13:37.948+0000] {logging_mixin.py:190} INFO - [2024-11-15T05:13:37.948+0000] {dag.py:4180} INFO - Setting next_dagrun for latest_only to 2024-11-15 00:00:00+00:00, run_after=2024-11-15 04:00:00+00:00
[2024-11-15T05:13:37.973+0000] {processor.py:208} INFO - Processing /home/airflow/.local/lib/python3.12/site-packages/airflow/example_dags/example_latest_only.py took 0.085 seconds
[2024-11-15T05:14:08.499+0000] {processor.py:186} INFO - Started process (PID=248) to work on /home/airflow/.local/lib/python3.12/site-packages/airflow/example_dags/example_latest_only.py
[2024-11-15T05:14:08.500+0000] {processor.py:914} INFO - Processing file /home/airflow/.local/lib/python3.12/site-packages/airflow/example_dags/example_latest_only.py for tasks to queue
[2024-11-15T05:14:08.503+0000] {logging_mixin.py:190} INFO - [2024-11-15T05:14:08.503+0000] {dagbag.py:588} INFO - Filling up the DagBag from /home/airflow/.local/lib/python3.12/site-packages/airflow/example_dags/example_latest_only.py
[2024-11-15T05:14:08.510+0000] {processor.py:925} INFO - DAG(s) 'latest_only' retrieved from /home/airflow/.local/lib/python3.12/site-packages/airflow/example_dags/example_latest_only.py
[2024-11-15T05:14:08.532+0000] {logging_mixin.py:190} INFO - [2024-11-15T05:14:08.531+0000] {dag.py:3239} INFO - Sync 1 DAGs
[2024-11-15T05:14:08.554+0000] {logging_mixin.py:190} INFO - [2024-11-15T05:14:08.554+0000] {dag.py:4180} INFO - Setting next_dagrun for latest_only to 2024-11-15 00:00:00+00:00, run_after=2024-11-15 04:00:00+00:00
[2024-11-15T05:14:08.576+0000] {processor.py:208} INFO - Processing /home/airflow/.local/lib/python3.12/site-packages/airflow/example_dags/example_latest_only.py took 0.085 seconds
[2024-11-15T05:14:39.284+0000] {processor.py:186} INFO - Started process (PID=312) to work on /home/airflow/.local/lib/python3.12/site-packages/airflow/example_dags/example_latest_only.py
[2024-11-15T05:14:39.285+0000] {processor.py:914} INFO - Processing file /home/airflow/.local/lib/python3.12/site-packages/airflow/example_dags/example_latest_only.py for tasks to queue
[2024-11-15T05:14:39.288+0000] {logging_mixin.py:190} INFO - [2024-11-15T05:14:39.287+0000] {dagbag.py:588} INFO - Filling up the DagBag from /home/airflow/.local/lib/python3.12/site-packages/airflow/example_dags/example_latest_only.py
[2024-11-15T05:14:39.297+0000] {processor.py:925} INFO - DAG(s) 'latest_only' retrieved from /home/airflow/.local/lib/python3.12/site-packages/airflow/example_dags/example_latest_only.py
[2024-11-15T05:14:39.320+0000] {logging_mixin.py:190} INFO - [2024-11-15T05:14:39.320+0000] {dag.py:3239} INFO - Sync 1 DAGs
[2024-11-15T05:14:39.348+0000] {logging_mixin.py:190} INFO - [2024-11-15T05:14:39.348+0000] {dag.py:4180} INFO - Setting next_dagrun for latest_only to 2024-11-15 00:00:00+00:00, run_after=2024-11-15 04:00:00+00:00
[2024-11-15T05:14:39.371+0000] {processor.py:208} INFO - Processing /home/airflow/.local/lib/python3.12/site-packages/airflow/example_dags/example_latest_only.py took 0.096 seconds
[2024-11-15T05:15:09.481+0000] {processor.py:186} INFO - Started process (PID=403) to work on /home/airflow/.local/lib/python3.12/site-packages/airflow/example_dags/example_latest_only.py
[2024-11-15T05:15:09.482+0000] {processor.py:914} INFO - Processing file /home/airflow/.local/lib/python3.12/site-packages/airflow/example_dags/example_latest_only.py for tasks to queue
[2024-11-15T05:15:09.485+0000] {logging_mixin.py:190} INFO - [2024-11-15T05:15:09.485+0000] {dagbag.py:588} INFO - Filling up the DagBag from /home/airflow/.local/lib/python3.12/site-packages/airflow/example_dags/example_latest_only.py
[2024-11-15T05:15:09.495+0000] {processor.py:925} INFO - DAG(s) 'latest_only' retrieved from /home/airflow/.local/lib/python3.12/site-packages/airflow/example_dags/example_latest_only.py
[2024-11-15T05:15:09.522+0000] {logging_mixin.py:190} INFO - [2024-11-15T05:15:09.522+0000] {dag.py:3239} INFO - Sync 1 DAGs
[2024-11-15T05:15:09.562+0000] {logging_mixin.py:190} INFO - [2024-11-15T05:15:09.562+0000] {dag.py:4180} INFO - Setting next_dagrun for latest_only to 2024-11-15 00:00:00+00:00, run_after=2024-11-15 04:00:00+00:00
[2024-11-15T05:15:09.595+0000] {processor.py:208} INFO - Processing /home/airflow/.local/lib/python3.12/site-packages/airflow/example_dags/example_latest_only.py took 0.123 seconds
[2024-11-15T05:15:39.819+0000] {processor.py:186} INFO - Started process (PID=479) to work on /home/airflow/.local/lib/python3.12/site-packages/airflow/example_dags/example_latest_only.py
[2024-11-15T05:15:39.821+0000] {processor.py:914} INFO - Processing file /home/airflow/.local/lib/python3.12/site-packages/airflow/example_dags/example_latest_only.py for tasks to queue
[2024-11-15T05:15:39.824+0000] {logging_mixin.py:190} INFO - [2024-11-15T05:15:39.824+0000] {dagbag.py:588} INFO - Filling up the DagBag from /home/airflow/.local/lib/python3.12/site-packages/airflow/example_dags/example_latest_only.py
[2024-11-15T05:15:39.837+0000] {processor.py:925} INFO - DAG(s) 'latest_only' retrieved from /home/airflow/.local/lib/python3.12/site-packages/airflow/example_dags/example_latest_only.py
[2024-11-15T05:15:39.868+0000] {logging_mixin.py:190} INFO - [2024-11-15T05:15:39.867+0000] {dag.py:3239} INFO - Sync 1 DAGs
[2024-11-15T05:15:39.904+0000] {logging_mixin.py:190} INFO - [2024-11-15T05:15:39.904+0000] {dag.py:4180} INFO - Setting next_dagrun for latest_only to 2024-11-15 00:00:00+00:00, run_after=2024-11-15 04:00:00+00:00
[2024-11-15T05:15:39.937+0000] {processor.py:208} INFO - Processing /home/airflow/.local/lib/python3.12/site-packages/airflow/example_dags/example_latest_only.py took 0.133 seconds
[2024-11-15T05:16:10.647+0000] {processor.py:186} INFO - Started process (PID=543) to work on /home/airflow/.local/lib/python3.12/site-packages/airflow/example_dags/example_latest_only.py
[2024-11-15T05:16:10.648+0000] {processor.py:914} INFO - Processing file /home/airflow/.local/lib/python3.12/site-packages/airflow/example_dags/example_latest_only.py for tasks to queue
[2024-11-15T05:16:10.651+0000] {logging_mixin.py:190} INFO - [2024-11-15T05:16:10.651+0000] {dagbag.py:588} INFO - Filling up the DagBag from /home/airflow/.local/lib/python3.12/site-packages/airflow/example_dags/example_latest_only.py
[2024-11-15T05:16:10.657+0000] {processor.py:925} INFO - DAG(s) 'latest_only' retrieved from /home/airflow/.local/lib/python3.12/site-packages/airflow/example_dags/example_latest_only.py
[2024-11-15T05:16:10.679+0000] {logging_mixin.py:190} INFO - [2024-11-15T05:16:10.679+0000] {dag.py:3239} INFO - Sync 1 DAGs
[2024-11-15T05:16:10.702+0000] {logging_mixin.py:190} INFO - [2024-11-15T05:16:10.702+0000] {dag.py:4180} INFO - Setting next_dagrun for latest_only to 2024-11-15 00:00:00+00:00, run_after=2024-11-15 04:00:00+00:00
[2024-11-15T05:16:10.726+0000] {processor.py:208} INFO - Processing /home/airflow/.local/lib/python3.12/site-packages/airflow/example_dags/example_latest_only.py took 0.090 seconds
[2024-11-15T05:16:41.383+0000] {processor.py:186} INFO - Started process (PID=607) to work on /home/airflow/.local/lib/python3.12/site-packages/airflow/example_dags/example_latest_only.py
[2024-11-15T05:16:41.384+0000] {processor.py:914} INFO - Processing file /home/airflow/.local/lib/python3.12/site-packages/airflow/example_dags/example_latest_only.py for tasks to queue
[2024-11-15T05:16:41.387+0000] {logging_mixin.py:190} INFO - [2024-11-15T05:16:41.387+0000] {dagbag.py:588} INFO - Filling up the DagBag from /home/airflow/.local/lib/python3.12/site-packages/airflow/example_dags/example_latest_only.py
[2024-11-15T05:16:41.395+0000] {processor.py:925} INFO - DAG(s) 'latest_only' retrieved from /home/airflow/.local/lib/python3.12/site-packages/airflow/example_dags/example_latest_only.py
[2024-11-15T05:16:41.418+0000] {logging_mixin.py:190} INFO - [2024-11-15T05:16:41.418+0000] {dag.py:3239} INFO - Sync 1 DAGs
[2024-11-15T05:16:41.444+0000] {logging_mixin.py:190} INFO - [2024-11-15T05:16:41.444+0000] {dag.py:4180} INFO - Setting next_dagrun for latest_only to 2024-11-15 00:00:00+00:00, run_after=2024-11-15 04:00:00+00:00
[2024-11-15T05:16:41.472+0000] {processor.py:208} INFO - Processing /home/airflow/.local/lib/python3.12/site-packages/airflow/example_dags/example_latest_only.py took 0.098 seconds
[2024-11-15T05:17:11.972+0000] {processor.py:186} INFO - Started process (PID=671) to work on /home/airflow/.local/lib/python3.12/site-packages/airflow/example_dags/example_latest_only.py
[2024-11-15T05:17:11.973+0000] {processor.py:914} INFO - Processing file /home/airflow/.local/lib/python3.12/site-packages/airflow/example_dags/example_latest_only.py for tasks to queue
[2024-11-15T05:17:11.975+0000] {logging_mixin.py:190} INFO - [2024-11-15T05:17:11.975+0000] {dagbag.py:588} INFO - Filling up the DagBag from /home/airflow/.local/lib/python3.12/site-packages/airflow/example_dags/example_latest_only.py
[2024-11-15T05:17:11.982+0000] {processor.py:925} INFO - DAG(s) 'latest_only' retrieved from /home/airflow/.local/lib/python3.12/site-packages/airflow/example_dags/example_latest_only.py
[2024-11-15T05:17:12.003+0000] {logging_mixin.py:190} INFO - [2024-11-15T05:17:12.002+0000] {dag.py:3239} INFO - Sync 1 DAGs
[2024-11-15T05:17:12.023+0000] {logging_mixin.py:190} INFO - [2024-11-15T05:17:12.023+0000] {dag.py:4180} INFO - Setting next_dagrun for latest_only to 2024-11-15 00:00:00+00:00, run_after=2024-11-15 04:00:00+00:00
[2024-11-15T05:17:12.048+0000] {processor.py:208} INFO - Processing /home/airflow/.local/lib/python3.12/site-packages/airflow/example_dags/example_latest_only.py took 0.084 seconds
[2024-11-15T05:17:42.343+0000] {processor.py:186} INFO - Started process (PID=735) to work on /home/airflow/.local/lib/python3.12/site-packages/airflow/example_dags/example_latest_only.py
[2024-11-15T05:17:42.345+0000] {processor.py:914} INFO - Processing file /home/airflow/.local/lib/python3.12/site-packages/airflow/example_dags/example_latest_only.py for tasks to queue
[2024-11-15T05:17:42.349+0000] {logging_mixin.py:190} INFO - [2024-11-15T05:17:42.348+0000] {dagbag.py:588} INFO - Filling up the DagBag from /home/airflow/.local/lib/python3.12/site-packages/airflow/example_dags/example_latest_only.py
[2024-11-15T05:17:42.357+0000] {processor.py:925} INFO - DAG(s) 'latest_only' retrieved from /home/airflow/.local/lib/python3.12/site-packages/airflow/example_dags/example_latest_only.py
[2024-11-15T05:17:42.387+0000] {logging_mixin.py:190} INFO - [2024-11-15T05:17:42.386+0000] {dag.py:3239} INFO - Sync 1 DAGs
[2024-11-15T05:17:42.420+0000] {logging_mixin.py:190} INFO - [2024-11-15T05:17:42.420+0000] {dag.py:4180} INFO - Setting next_dagrun for latest_only to 2024-11-15 00:00:00+00:00, run_after=2024-11-15 04:00:00+00:00
[2024-11-15T05:17:42.452+0000] {processor.py:208} INFO - Processing /home/airflow/.local/lib/python3.12/site-packages/airflow/example_dags/example_latest_only.py took 0.119 seconds
[2024-11-15T05:19:59.523+0000] {processor.py:186} INFO - Started process (PID=47) to work on /home/airflow/.local/lib/python3.12/site-packages/airflow/example_dags/example_latest_only.py
[2024-11-15T05:19:59.525+0000] {processor.py:914} INFO - Processing file /home/airflow/.local/lib/python3.12/site-packages/airflow/example_dags/example_latest_only.py for tasks to queue
[2024-11-15T05:19:59.532+0000] {logging_mixin.py:190} INFO - [2024-11-15T05:19:59.531+0000] {dagbag.py:588} INFO - Filling up the DagBag from /home/airflow/.local/lib/python3.12/site-packages/airflow/example_dags/example_latest_only.py
[2024-11-15T05:19:59.550+0000] {processor.py:925} INFO - DAG(s) 'latest_only' retrieved from /home/airflow/.local/lib/python3.12/site-packages/airflow/example_dags/example_latest_only.py
[2024-11-15T05:19:59.756+0000] {logging_mixin.py:190} INFO - [2024-11-15T05:19:59.755+0000] {override.py:1911} INFO - Created Permission View: can delete on DAG:latest_only
[2024-11-15T05:19:59.780+0000] {logging_mixin.py:190} INFO - [2024-11-15T05:19:59.779+0000] {override.py:1911} INFO - Created Permission View: can edit on DAG:latest_only
[2024-11-15T05:19:59.794+0000] {logging_mixin.py:190} INFO - [2024-11-15T05:19:59.793+0000] {override.py:1911} INFO - Created Permission View: can read on DAG:latest_only
[2024-11-15T05:19:59.813+0000] {logging_mixin.py:190} INFO - [2024-11-15T05:19:59.813+0000] {override.py:1911} INFO - Created Permission View: can delete on DAG Run:latest_only
[2024-11-15T05:19:59.830+0000] {logging_mixin.py:190} INFO - [2024-11-15T05:19:59.829+0000] {override.py:1911} INFO - Created Permission View: can read on DAG Run:latest_only
[2024-11-15T05:19:59.847+0000] {logging_mixin.py:190} INFO - [2024-11-15T05:19:59.846+0000] {override.py:1911} INFO - Created Permission View: can create on DAG Run:latest_only
[2024-11-15T05:19:59.863+0000] {logging_mixin.py:190} INFO - [2024-11-15T05:19:59.862+0000] {override.py:1911} INFO - Created Permission View: menu access on DAG Run:latest_only
[2024-11-15T05:19:59.864+0000] {logging_mixin.py:190} INFO - [2024-11-15T05:19:59.863+0000] {dag.py:3239} INFO - Sync 1 DAGs
[2024-11-15T05:19:59.890+0000] {logging_mixin.py:190} INFO - [2024-11-15T05:19:59.888+0000] {dag.py:3262} INFO - Creating ORM DAG for latest_only
[2024-11-15T05:19:59.913+0000] {logging_mixin.py:190} INFO - [2024-11-15T05:19:59.912+0000] {dag.py:4180} INFO - Setting next_dagrun for latest_only to 2024-11-15 00:00:00+00:00, run_after=2024-11-15 04:00:00+00:00
[2024-11-15T05:19:59.959+0000] {processor.py:208} INFO - Processing /home/airflow/.local/lib/python3.12/site-packages/airflow/example_dags/example_latest_only.py took 0.449 seconds
[2024-11-15T05:20:30.441+0000] {processor.py:186} INFO - Started process (PID=111) to work on /home/airflow/.local/lib/python3.12/site-packages/airflow/example_dags/example_latest_only.py
[2024-11-15T05:20:30.444+0000] {processor.py:914} INFO - Processing file /home/airflow/.local/lib/python3.12/site-packages/airflow/example_dags/example_latest_only.py for tasks to queue
[2024-11-15T05:20:30.449+0000] {logging_mixin.py:190} INFO - [2024-11-15T05:20:30.448+0000] {dagbag.py:588} INFO - Filling up the DagBag from /home/airflow/.local/lib/python3.12/site-packages/airflow/example_dags/example_latest_only.py
[2024-11-15T05:20:30.467+0000] {processor.py:925} INFO - DAG(s) 'latest_only' retrieved from /home/airflow/.local/lib/python3.12/site-packages/airflow/example_dags/example_latest_only.py
[2024-11-15T05:20:30.502+0000] {logging_mixin.py:190} INFO - [2024-11-15T05:20:30.502+0000] {dag.py:3239} INFO - Sync 1 DAGs
[2024-11-15T05:20:30.549+0000] {logging_mixin.py:190} INFO - [2024-11-15T05:20:30.548+0000] {dag.py:4180} INFO - Setting next_dagrun for latest_only to 2024-11-15 00:00:00+00:00, run_after=2024-11-15 04:00:00+00:00
[2024-11-15T05:20:30.587+0000] {processor.py:208} INFO - Processing /home/airflow/.local/lib/python3.12/site-packages/airflow/example_dags/example_latest_only.py took 0.156 seconds
[2024-11-15T05:21:00.630+0000] {processor.py:186} INFO - Started process (PID=175) to work on /home/airflow/.local/lib/python3.12/site-packages/airflow/example_dags/example_latest_only.py
[2024-11-15T05:21:00.632+0000] {processor.py:914} INFO - Processing file /home/airflow/.local/lib/python3.12/site-packages/airflow/example_dags/example_latest_only.py for tasks to queue
[2024-11-15T05:21:00.634+0000] {logging_mixin.py:190} INFO - [2024-11-15T05:21:00.634+0000] {dagbag.py:588} INFO - Filling up the DagBag from /home/airflow/.local/lib/python3.12/site-packages/airflow/example_dags/example_latest_only.py
[2024-11-15T05:21:00.643+0000] {processor.py:925} INFO - DAG(s) 'latest_only' retrieved from /home/airflow/.local/lib/python3.12/site-packages/airflow/example_dags/example_latest_only.py
[2024-11-15T05:21:00.664+0000] {logging_mixin.py:190} INFO - [2024-11-15T05:21:00.664+0000] {dag.py:3239} INFO - Sync 1 DAGs
[2024-11-15T05:21:00.686+0000] {logging_mixin.py:190} INFO - [2024-11-15T05:21:00.686+0000] {dag.py:4180} INFO - Setting next_dagrun for latest_only to 2024-11-15 00:00:00+00:00, run_after=2024-11-15 04:00:00+00:00
[2024-11-15T05:21:00.713+0000] {processor.py:208} INFO - Processing /home/airflow/.local/lib/python3.12/site-packages/airflow/example_dags/example_latest_only.py took 0.089 seconds
[2024-11-15T05:21:30.976+0000] {processor.py:186} INFO - Started process (PID=239) to work on /home/airflow/.local/lib/python3.12/site-packages/airflow/example_dags/example_latest_only.py
[2024-11-15T05:21:30.978+0000] {processor.py:914} INFO - Processing file /home/airflow/.local/lib/python3.12/site-packages/airflow/example_dags/example_latest_only.py for tasks to queue
[2024-11-15T05:21:30.981+0000] {logging_mixin.py:190} INFO - [2024-11-15T05:21:30.980+0000] {dagbag.py:588} INFO - Filling up the DagBag from /home/airflow/.local/lib/python3.12/site-packages/airflow/example_dags/example_latest_only.py
[2024-11-15T05:21:30.988+0000] {processor.py:925} INFO - DAG(s) 'latest_only' retrieved from /home/airflow/.local/lib/python3.12/site-packages/airflow/example_dags/example_latest_only.py
[2024-11-15T05:21:31.007+0000] {logging_mixin.py:190} INFO - [2024-11-15T05:21:31.007+0000] {dag.py:3239} INFO - Sync 1 DAGs
[2024-11-15T05:21:31.031+0000] {logging_mixin.py:190} INFO - [2024-11-15T05:21:31.031+0000] {dag.py:4180} INFO - Setting next_dagrun for latest_only to 2024-11-15 00:00:00+00:00, run_after=2024-11-15 04:00:00+00:00
[2024-11-15T05:21:31.051+0000] {processor.py:208} INFO - Processing /home/airflow/.local/lib/python3.12/site-packages/airflow/example_dags/example_latest_only.py took 0.082 seconds
[2024-11-15T05:22:02.060+0000] {processor.py:186} INFO - Started process (PID=303) to work on /home/airflow/.local/lib/python3.12/site-packages/airflow/example_dags/example_latest_only.py
[2024-11-15T05:22:02.061+0000] {processor.py:914} INFO - Processing file /home/airflow/.local/lib/python3.12/site-packages/airflow/example_dags/example_latest_only.py for tasks to queue
[2024-11-15T05:22:02.064+0000] {logging_mixin.py:190} INFO - [2024-11-15T05:22:02.063+0000] {dagbag.py:588} INFO - Filling up the DagBag from /home/airflow/.local/lib/python3.12/site-packages/airflow/example_dags/example_latest_only.py
[2024-11-15T05:22:02.070+0000] {processor.py:925} INFO - DAG(s) 'latest_only' retrieved from /home/airflow/.local/lib/python3.12/site-packages/airflow/example_dags/example_latest_only.py
[2024-11-15T05:22:02.089+0000] {logging_mixin.py:190} INFO - [2024-11-15T05:22:02.089+0000] {dag.py:3239} INFO - Sync 1 DAGs
[2024-11-15T05:22:02.113+0000] {logging_mixin.py:190} INFO - [2024-11-15T05:22:02.112+0000] {dag.py:4180} INFO - Setting next_dagrun for latest_only to 2024-11-15 00:00:00+00:00, run_after=2024-11-15 04:00:00+00:00
[2024-11-15T05:22:02.140+0000] {processor.py:208} INFO - Processing /home/airflow/.local/lib/python3.12/site-packages/airflow/example_dags/example_latest_only.py took 0.086 seconds
[2024-11-15T05:22:32.231+0000] {processor.py:186} INFO - Started process (PID=367) to work on /home/airflow/.local/lib/python3.12/site-packages/airflow/example_dags/example_latest_only.py
[2024-11-15T05:22:32.233+0000] {processor.py:914} INFO - Processing file /home/airflow/.local/lib/python3.12/site-packages/airflow/example_dags/example_latest_only.py for tasks to queue
[2024-11-15T05:22:32.236+0000] {logging_mixin.py:190} INFO - [2024-11-15T05:22:32.235+0000] {dagbag.py:588} INFO - Filling up the DagBag from /home/airflow/.local/lib/python3.12/site-packages/airflow/example_dags/example_latest_only.py
[2024-11-15T05:22:32.245+0000] {processor.py:925} INFO - DAG(s) 'latest_only' retrieved from /home/airflow/.local/lib/python3.12/site-packages/airflow/example_dags/example_latest_only.py
[2024-11-15T05:22:32.271+0000] {logging_mixin.py:190} INFO - [2024-11-15T05:22:32.270+0000] {dag.py:3239} INFO - Sync 1 DAGs
[2024-11-15T05:22:32.297+0000] {logging_mixin.py:190} INFO - [2024-11-15T05:22:32.296+0000] {dag.py:4180} INFO - Setting next_dagrun for latest_only to 2024-11-15 00:00:00+00:00, run_after=2024-11-15 04:00:00+00:00
[2024-11-15T05:22:32.325+0000] {processor.py:208} INFO - Processing /home/airflow/.local/lib/python3.12/site-packages/airflow/example_dags/example_latest_only.py took 0.101 seconds
[2024-11-15T05:23:02.935+0000] {processor.py:186} INFO - Started process (PID=431) to work on /home/airflow/.local/lib/python3.12/site-packages/airflow/example_dags/example_latest_only.py
[2024-11-15T05:23:02.936+0000] {processor.py:914} INFO - Processing file /home/airflow/.local/lib/python3.12/site-packages/airflow/example_dags/example_latest_only.py for tasks to queue
[2024-11-15T05:23:02.939+0000] {logging_mixin.py:190} INFO - [2024-11-15T05:23:02.938+0000] {dagbag.py:588} INFO - Filling up the DagBag from /home/airflow/.local/lib/python3.12/site-packages/airflow/example_dags/example_latest_only.py
[2024-11-15T05:23:02.946+0000] {processor.py:925} INFO - DAG(s) 'latest_only' retrieved from /home/airflow/.local/lib/python3.12/site-packages/airflow/example_dags/example_latest_only.py
[2024-11-15T05:23:02.966+0000] {logging_mixin.py:190} INFO - [2024-11-15T05:23:02.965+0000] {dag.py:3239} INFO - Sync 1 DAGs
[2024-11-15T05:23:02.995+0000] {logging_mixin.py:190} INFO - [2024-11-15T05:23:02.995+0000] {dag.py:4180} INFO - Setting next_dagrun for latest_only to 2024-11-15 00:00:00+00:00, run_after=2024-11-15 04:00:00+00:00
[2024-11-15T05:23:03.020+0000] {processor.py:208} INFO - Processing /home/airflow/.local/lib/python3.12/site-packages/airflow/example_dags/example_latest_only.py took 0.091 seconds
