[2024-11-15T05:12:33.667+0000] {processor.py:186} INFO - Started process (PID=43) to work on /home/airflow/.local/lib/python3.12/site-packages/airflow/example_dags/example_sensor_decorator.py
[2024-11-15T05:12:33.668+0000] {processor.py:914} INFO - Processing file /home/airflow/.local/lib/python3.12/site-packages/airflow/example_dags/example_sensor_decorator.py for tasks to queue
[2024-11-15T05:12:33.672+0000] {logging_mixin.py:190} INFO - [2024-11-15T05:12:33.671+0000] {dagbag.py:588} INFO - Filling up the DagBag from /home/airflow/.local/lib/python3.12/site-packages/airflow/example_dags/example_sensor_decorator.py
[2024-11-15T05:12:33.690+0000] {processor.py:925} INFO - DAG(s) 'example_sensor_decorator' retrieved from /home/airflow/.local/lib/python3.12/site-packages/airflow/example_dags/example_sensor_decorator.py
[2024-11-15T05:12:34.146+0000] {logging_mixin.py:190} INFO - [2024-11-15T05:12:34.140+0000] {override.py:1911} INFO - Created Permission View: can delete on DAG:example_sensor_decorator
[2024-11-15T05:12:34.171+0000] {logging_mixin.py:190} INFO - [2024-11-15T05:12:34.170+0000] {override.py:1911} INFO - Created Permission View: can edit on DAG:example_sensor_decorator
[2024-11-15T05:12:34.185+0000] {logging_mixin.py:190} INFO - [2024-11-15T05:12:34.184+0000] {override.py:1911} INFO - Created Permission View: can read on DAG:example_sensor_decorator
[2024-11-15T05:12:34.204+0000] {logging_mixin.py:190} INFO - [2024-11-15T05:12:34.203+0000] {override.py:1911} INFO - Created Permission View: can create on DAG Run:example_sensor_decorator
[2024-11-15T05:12:34.218+0000] {logging_mixin.py:190} INFO - [2024-11-15T05:12:34.217+0000] {override.py:1911} INFO - Created Permission View: can delete on DAG Run:example_sensor_decorator
[2024-11-15T05:12:34.235+0000] {logging_mixin.py:190} INFO - [2024-11-15T05:12:34.234+0000] {override.py:1911} INFO - Created Permission View: menu access on DAG Run:example_sensor_decorator
[2024-11-15T05:12:34.252+0000] {logging_mixin.py:190} INFO - [2024-11-15T05:12:34.251+0000] {override.py:1911} INFO - Created Permission View: can read on DAG Run:example_sensor_decorator
[2024-11-15T05:12:34.253+0000] {logging_mixin.py:190} INFO - [2024-11-15T05:12:34.253+0000] {dag.py:3239} INFO - Sync 1 DAGs
[2024-11-15T05:12:34.286+0000] {logging_mixin.py:190} INFO - [2024-11-15T05:12:34.285+0000] {dag.py:3262} INFO - Creating ORM DAG for example_sensor_decorator
[2024-11-15T05:12:34.287+0000] {logging_mixin.py:190} INFO - [2024-11-15T05:12:34.287+0000] {dag.py:4180} INFO - Setting next_dagrun for example_sensor_decorator to None, run_after=None
[2024-11-15T05:12:34.342+0000] {processor.py:208} INFO - Processing /home/airflow/.local/lib/python3.12/site-packages/airflow/example_dags/example_sensor_decorator.py took 0.687 seconds
[2024-11-15T05:13:05.170+0000] {processor.py:186} INFO - Started process (PID=107) to work on /home/airflow/.local/lib/python3.12/site-packages/airflow/example_dags/example_sensor_decorator.py
[2024-11-15T05:13:05.171+0000] {processor.py:914} INFO - Processing file /home/airflow/.local/lib/python3.12/site-packages/airflow/example_dags/example_sensor_decorator.py for tasks to queue
[2024-11-15T05:13:05.173+0000] {logging_mixin.py:190} INFO - [2024-11-15T05:13:05.173+0000] {dagbag.py:588} INFO - Filling up the DagBag from /home/airflow/.local/lib/python3.12/site-packages/airflow/example_dags/example_sensor_decorator.py
[2024-11-15T05:13:05.181+0000] {processor.py:925} INFO - DAG(s) 'example_sensor_decorator' retrieved from /home/airflow/.local/lib/python3.12/site-packages/airflow/example_dags/example_sensor_decorator.py
[2024-11-15T05:13:05.199+0000] {logging_mixin.py:190} INFO - [2024-11-15T05:13:05.198+0000] {dag.py:3239} INFO - Sync 1 DAGs
[2024-11-15T05:13:05.211+0000] {logging_mixin.py:190} INFO - [2024-11-15T05:13:05.211+0000] {dag.py:4180} INFO - Setting next_dagrun for example_sensor_decorator to None, run_after=None
[2024-11-15T05:13:05.234+0000] {processor.py:208} INFO - Processing /home/airflow/.local/lib/python3.12/site-packages/airflow/example_dags/example_sensor_decorator.py took 0.070 seconds
[2024-11-15T05:13:35.531+0000] {processor.py:186} INFO - Started process (PID=180) to work on /home/airflow/.local/lib/python3.12/site-packages/airflow/example_dags/example_sensor_decorator.py
[2024-11-15T05:13:35.532+0000] {processor.py:914} INFO - Processing file /home/airflow/.local/lib/python3.12/site-packages/airflow/example_dags/example_sensor_decorator.py for tasks to queue
[2024-11-15T05:13:35.535+0000] {logging_mixin.py:190} INFO - [2024-11-15T05:13:35.535+0000] {dagbag.py:588} INFO - Filling up the DagBag from /home/airflow/.local/lib/python3.12/site-packages/airflow/example_dags/example_sensor_decorator.py
[2024-11-15T05:13:35.548+0000] {processor.py:925} INFO - DAG(s) 'example_sensor_decorator' retrieved from /home/airflow/.local/lib/python3.12/site-packages/airflow/example_dags/example_sensor_decorator.py
[2024-11-15T05:13:35.573+0000] {logging_mixin.py:190} INFO - [2024-11-15T05:13:35.573+0000] {dag.py:3239} INFO - Sync 1 DAGs
[2024-11-15T05:13:35.592+0000] {logging_mixin.py:190} INFO - [2024-11-15T05:13:35.592+0000] {dag.py:4180} INFO - Setting next_dagrun for example_sensor_decorator to None, run_after=None
[2024-11-15T05:13:35.617+0000] {processor.py:208} INFO - Processing /home/airflow/.local/lib/python3.12/site-packages/airflow/example_dags/example_sensor_decorator.py took 0.095 seconds
[2024-11-15T05:14:06.208+0000] {processor.py:186} INFO - Started process (PID=244) to work on /home/airflow/.local/lib/python3.12/site-packages/airflow/example_dags/example_sensor_decorator.py
[2024-11-15T05:14:06.209+0000] {processor.py:914} INFO - Processing file /home/airflow/.local/lib/python3.12/site-packages/airflow/example_dags/example_sensor_decorator.py for tasks to queue
[2024-11-15T05:14:06.211+0000] {logging_mixin.py:190} INFO - [2024-11-15T05:14:06.211+0000] {dagbag.py:588} INFO - Filling up the DagBag from /home/airflow/.local/lib/python3.12/site-packages/airflow/example_dags/example_sensor_decorator.py
[2024-11-15T05:14:06.221+0000] {processor.py:925} INFO - DAG(s) 'example_sensor_decorator' retrieved from /home/airflow/.local/lib/python3.12/site-packages/airflow/example_dags/example_sensor_decorator.py
[2024-11-15T05:14:06.243+0000] {logging_mixin.py:190} INFO - [2024-11-15T05:14:06.243+0000] {dag.py:3239} INFO - Sync 1 DAGs
[2024-11-15T05:14:06.259+0000] {logging_mixin.py:190} INFO - [2024-11-15T05:14:06.259+0000] {dag.py:4180} INFO - Setting next_dagrun for example_sensor_decorator to None, run_after=None
[2024-11-15T05:14:06.284+0000] {processor.py:208} INFO - Processing /home/airflow/.local/lib/python3.12/site-packages/airflow/example_dags/example_sensor_decorator.py took 0.082 seconds
[2024-11-15T05:14:36.960+0000] {processor.py:186} INFO - Started process (PID=308) to work on /home/airflow/.local/lib/python3.12/site-packages/airflow/example_dags/example_sensor_decorator.py
[2024-11-15T05:14:36.962+0000] {processor.py:914} INFO - Processing file /home/airflow/.local/lib/python3.12/site-packages/airflow/example_dags/example_sensor_decorator.py for tasks to queue
[2024-11-15T05:14:36.965+0000] {logging_mixin.py:190} INFO - [2024-11-15T05:14:36.965+0000] {dagbag.py:588} INFO - Filling up the DagBag from /home/airflow/.local/lib/python3.12/site-packages/airflow/example_dags/example_sensor_decorator.py
[2024-11-15T05:14:36.974+0000] {processor.py:925} INFO - DAG(s) 'example_sensor_decorator' retrieved from /home/airflow/.local/lib/python3.12/site-packages/airflow/example_dags/example_sensor_decorator.py
[2024-11-15T05:14:37.010+0000] {logging_mixin.py:190} INFO - [2024-11-15T05:14:37.010+0000] {dag.py:3239} INFO - Sync 1 DAGs
[2024-11-15T05:14:37.031+0000] {logging_mixin.py:190} INFO - [2024-11-15T05:14:37.031+0000] {dag.py:4180} INFO - Setting next_dagrun for example_sensor_decorator to None, run_after=None
[2024-11-15T05:14:37.056+0000] {processor.py:208} INFO - Processing /home/airflow/.local/lib/python3.12/site-packages/airflow/example_dags/example_sensor_decorator.py took 0.102 seconds
[2024-11-15T05:15:07.226+0000] {processor.py:186} INFO - Started process (PID=398) to work on /home/airflow/.local/lib/python3.12/site-packages/airflow/example_dags/example_sensor_decorator.py
[2024-11-15T05:15:07.227+0000] {processor.py:914} INFO - Processing file /home/airflow/.local/lib/python3.12/site-packages/airflow/example_dags/example_sensor_decorator.py for tasks to queue
[2024-11-15T05:15:07.229+0000] {logging_mixin.py:190} INFO - [2024-11-15T05:15:07.228+0000] {dagbag.py:588} INFO - Filling up the DagBag from /home/airflow/.local/lib/python3.12/site-packages/airflow/example_dags/example_sensor_decorator.py
[2024-11-15T05:15:07.237+0000] {processor.py:925} INFO - DAG(s) 'example_sensor_decorator' retrieved from /home/airflow/.local/lib/python3.12/site-packages/airflow/example_dags/example_sensor_decorator.py
[2024-11-15T05:15:07.256+0000] {logging_mixin.py:190} INFO - [2024-11-15T05:15:07.256+0000] {dag.py:3239} INFO - Sync 1 DAGs
[2024-11-15T05:15:07.271+0000] {logging_mixin.py:190} INFO - [2024-11-15T05:15:07.271+0000] {dag.py:4180} INFO - Setting next_dagrun for example_sensor_decorator to None, run_after=None
[2024-11-15T05:15:07.293+0000] {processor.py:208} INFO - Processing /home/airflow/.local/lib/python3.12/site-packages/airflow/example_dags/example_sensor_decorator.py took 0.073 seconds
[2024-11-15T05:15:37.502+0000] {processor.py:186} INFO - Started process (PID=475) to work on /home/airflow/.local/lib/python3.12/site-packages/airflow/example_dags/example_sensor_decorator.py
[2024-11-15T05:15:37.503+0000] {processor.py:914} INFO - Processing file /home/airflow/.local/lib/python3.12/site-packages/airflow/example_dags/example_sensor_decorator.py for tasks to queue
[2024-11-15T05:15:37.506+0000] {logging_mixin.py:190} INFO - [2024-11-15T05:15:37.506+0000] {dagbag.py:588} INFO - Filling up the DagBag from /home/airflow/.local/lib/python3.12/site-packages/airflow/example_dags/example_sensor_decorator.py
[2024-11-15T05:15:37.513+0000] {processor.py:925} INFO - DAG(s) 'example_sensor_decorator' retrieved from /home/airflow/.local/lib/python3.12/site-packages/airflow/example_dags/example_sensor_decorator.py
[2024-11-15T05:15:37.535+0000] {logging_mixin.py:190} INFO - [2024-11-15T05:15:37.535+0000] {dag.py:3239} INFO - Sync 1 DAGs
[2024-11-15T05:15:37.548+0000] {logging_mixin.py:190} INFO - [2024-11-15T05:15:37.548+0000] {dag.py:4180} INFO - Setting next_dagrun for example_sensor_decorator to None, run_after=None
[2024-11-15T05:15:37.572+0000] {processor.py:208} INFO - Processing /home/airflow/.local/lib/python3.12/site-packages/airflow/example_dags/example_sensor_decorator.py took 0.079 seconds
[2024-11-15T05:16:08.264+0000] {processor.py:186} INFO - Started process (PID=539) to work on /home/airflow/.local/lib/python3.12/site-packages/airflow/example_dags/example_sensor_decorator.py
[2024-11-15T05:16:08.265+0000] {processor.py:914} INFO - Processing file /home/airflow/.local/lib/python3.12/site-packages/airflow/example_dags/example_sensor_decorator.py for tasks to queue
[2024-11-15T05:16:08.267+0000] {logging_mixin.py:190} INFO - [2024-11-15T05:16:08.266+0000] {dagbag.py:588} INFO - Filling up the DagBag from /home/airflow/.local/lib/python3.12/site-packages/airflow/example_dags/example_sensor_decorator.py
[2024-11-15T05:16:08.275+0000] {processor.py:925} INFO - DAG(s) 'example_sensor_decorator' retrieved from /home/airflow/.local/lib/python3.12/site-packages/airflow/example_dags/example_sensor_decorator.py
[2024-11-15T05:16:08.295+0000] {logging_mixin.py:190} INFO - [2024-11-15T05:16:08.294+0000] {dag.py:3239} INFO - Sync 1 DAGs
[2024-11-15T05:16:08.311+0000] {logging_mixin.py:190} INFO - [2024-11-15T05:16:08.310+0000] {dag.py:4180} INFO - Setting next_dagrun for example_sensor_decorator to None, run_after=None
[2024-11-15T05:16:08.356+0000] {processor.py:208} INFO - Processing /home/airflow/.local/lib/python3.12/site-packages/airflow/example_dags/example_sensor_decorator.py took 0.100 seconds
[2024-11-15T05:16:39.065+0000] {processor.py:186} INFO - Started process (PID=603) to work on /home/airflow/.local/lib/python3.12/site-packages/airflow/example_dags/example_sensor_decorator.py
[2024-11-15T05:16:39.066+0000] {processor.py:914} INFO - Processing file /home/airflow/.local/lib/python3.12/site-packages/airflow/example_dags/example_sensor_decorator.py for tasks to queue
[2024-11-15T05:16:39.069+0000] {logging_mixin.py:190} INFO - [2024-11-15T05:16:39.068+0000] {dagbag.py:588} INFO - Filling up the DagBag from /home/airflow/.local/lib/python3.12/site-packages/airflow/example_dags/example_sensor_decorator.py
[2024-11-15T05:16:39.078+0000] {processor.py:925} INFO - DAG(s) 'example_sensor_decorator' retrieved from /home/airflow/.local/lib/python3.12/site-packages/airflow/example_dags/example_sensor_decorator.py
[2024-11-15T05:16:39.100+0000] {logging_mixin.py:190} INFO - [2024-11-15T05:16:39.100+0000] {dag.py:3239} INFO - Sync 1 DAGs
[2024-11-15T05:16:39.118+0000] {logging_mixin.py:190} INFO - [2024-11-15T05:16:39.118+0000] {dag.py:4180} INFO - Setting next_dagrun for example_sensor_decorator to None, run_after=None
[2024-11-15T05:16:39.141+0000] {processor.py:208} INFO - Processing /home/airflow/.local/lib/python3.12/site-packages/airflow/example_dags/example_sensor_decorator.py took 0.085 seconds
[2024-11-15T05:17:09.742+0000] {processor.py:186} INFO - Started process (PID=667) to work on /home/airflow/.local/lib/python3.12/site-packages/airflow/example_dags/example_sensor_decorator.py
[2024-11-15T05:17:09.744+0000] {processor.py:914} INFO - Processing file /home/airflow/.local/lib/python3.12/site-packages/airflow/example_dags/example_sensor_decorator.py for tasks to queue
[2024-11-15T05:17:09.747+0000] {logging_mixin.py:190} INFO - [2024-11-15T05:17:09.747+0000] {dagbag.py:588} INFO - Filling up the DagBag from /home/airflow/.local/lib/python3.12/site-packages/airflow/example_dags/example_sensor_decorator.py
[2024-11-15T05:17:09.760+0000] {processor.py:925} INFO - DAG(s) 'example_sensor_decorator' retrieved from /home/airflow/.local/lib/python3.12/site-packages/airflow/example_dags/example_sensor_decorator.py
[2024-11-15T05:17:09.790+0000] {logging_mixin.py:190} INFO - [2024-11-15T05:17:09.790+0000] {dag.py:3239} INFO - Sync 1 DAGs
[2024-11-15T05:17:09.817+0000] {logging_mixin.py:190} INFO - [2024-11-15T05:17:09.816+0000] {dag.py:4180} INFO - Setting next_dagrun for example_sensor_decorator to None, run_after=None
[2024-11-15T05:17:09.851+0000] {processor.py:208} INFO - Processing /home/airflow/.local/lib/python3.12/site-packages/airflow/example_dags/example_sensor_decorator.py took 0.127 seconds
[2024-11-15T05:17:40.071+0000] {processor.py:186} INFO - Started process (PID=731) to work on /home/airflow/.local/lib/python3.12/site-packages/airflow/example_dags/example_sensor_decorator.py
[2024-11-15T05:17:40.072+0000] {processor.py:914} INFO - Processing file /home/airflow/.local/lib/python3.12/site-packages/airflow/example_dags/example_sensor_decorator.py for tasks to queue
[2024-11-15T05:17:40.075+0000] {logging_mixin.py:190} INFO - [2024-11-15T05:17:40.074+0000] {dagbag.py:588} INFO - Filling up the DagBag from /home/airflow/.local/lib/python3.12/site-packages/airflow/example_dags/example_sensor_decorator.py
[2024-11-15T05:17:40.083+0000] {processor.py:925} INFO - DAG(s) 'example_sensor_decorator' retrieved from /home/airflow/.local/lib/python3.12/site-packages/airflow/example_dags/example_sensor_decorator.py
[2024-11-15T05:17:40.101+0000] {logging_mixin.py:190} INFO - [2024-11-15T05:17:40.101+0000] {dag.py:3239} INFO - Sync 1 DAGs
[2024-11-15T05:17:40.113+0000] {logging_mixin.py:190} INFO - [2024-11-15T05:17:40.113+0000] {dag.py:4180} INFO - Setting next_dagrun for example_sensor_decorator to None, run_after=None
[2024-11-15T05:17:40.137+0000] {processor.py:208} INFO - Processing /home/airflow/.local/lib/python3.12/site-packages/airflow/example_dags/example_sensor_decorator.py took 0.075 seconds
[2024-11-15T05:19:57.644+0000] {processor.py:186} INFO - Started process (PID=43) to work on /home/airflow/.local/lib/python3.12/site-packages/airflow/example_dags/example_sensor_decorator.py
[2024-11-15T05:19:57.646+0000] {processor.py:914} INFO - Processing file /home/airflow/.local/lib/python3.12/site-packages/airflow/example_dags/example_sensor_decorator.py for tasks to queue
[2024-11-15T05:19:57.650+0000] {logging_mixin.py:190} INFO - [2024-11-15T05:19:57.649+0000] {dagbag.py:588} INFO - Filling up the DagBag from /home/airflow/.local/lib/python3.12/site-packages/airflow/example_dags/example_sensor_decorator.py
[2024-11-15T05:19:57.670+0000] {processor.py:925} INFO - DAG(s) 'example_sensor_decorator' retrieved from /home/airflow/.local/lib/python3.12/site-packages/airflow/example_dags/example_sensor_decorator.py
[2024-11-15T05:19:58.133+0000] {logging_mixin.py:190} INFO - [2024-11-15T05:19:58.131+0000] {override.py:1911} INFO - Created Permission View: can delete on DAG:example_sensor_decorator
[2024-11-15T05:19:58.152+0000] {logging_mixin.py:190} INFO - [2024-11-15T05:19:58.151+0000] {override.py:1911} INFO - Created Permission View: can edit on DAG:example_sensor_decorator
[2024-11-15T05:19:58.167+0000] {logging_mixin.py:190} INFO - [2024-11-15T05:19:58.167+0000] {override.py:1911} INFO - Created Permission View: can read on DAG:example_sensor_decorator
[2024-11-15T05:19:58.187+0000] {logging_mixin.py:190} INFO - [2024-11-15T05:19:58.186+0000] {override.py:1911} INFO - Created Permission View: can delete on DAG Run:example_sensor_decorator
[2024-11-15T05:19:58.206+0000] {logging_mixin.py:190} INFO - [2024-11-15T05:19:58.202+0000] {override.py:1911} INFO - Created Permission View: can read on DAG Run:example_sensor_decorator
[2024-11-15T05:19:58.243+0000] {logging_mixin.py:190} INFO - [2024-11-15T05:19:58.242+0000] {override.py:1911} INFO - Created Permission View: can create on DAG Run:example_sensor_decorator
[2024-11-15T05:19:58.277+0000] {logging_mixin.py:190} INFO - [2024-11-15T05:19:58.276+0000] {override.py:1911} INFO - Created Permission View: menu access on DAG Run:example_sensor_decorator
[2024-11-15T05:19:58.281+0000] {logging_mixin.py:190} INFO - [2024-11-15T05:19:58.280+0000] {dag.py:3239} INFO - Sync 1 DAGs
[2024-11-15T05:19:58.339+0000] {logging_mixin.py:190} INFO - [2024-11-15T05:19:58.338+0000] {dag.py:3262} INFO - Creating ORM DAG for example_sensor_decorator
[2024-11-15T05:19:58.344+0000] {logging_mixin.py:190} INFO - [2024-11-15T05:19:58.343+0000] {dag.py:4180} INFO - Setting next_dagrun for example_sensor_decorator to None, run_after=None
[2024-11-15T05:19:58.424+0000] {processor.py:208} INFO - Processing /home/airflow/.local/lib/python3.12/site-packages/airflow/example_dags/example_sensor_decorator.py took 0.794 seconds
[2024-11-15T05:20:28.912+0000] {processor.py:186} INFO - Started process (PID=107) to work on /home/airflow/.local/lib/python3.12/site-packages/airflow/example_dags/example_sensor_decorator.py
[2024-11-15T05:20:28.913+0000] {processor.py:914} INFO - Processing file /home/airflow/.local/lib/python3.12/site-packages/airflow/example_dags/example_sensor_decorator.py for tasks to queue
[2024-11-15T05:20:28.919+0000] {logging_mixin.py:190} INFO - [2024-11-15T05:20:28.918+0000] {dagbag.py:588} INFO - Filling up the DagBag from /home/airflow/.local/lib/python3.12/site-packages/airflow/example_dags/example_sensor_decorator.py
[2024-11-15T05:20:28.937+0000] {processor.py:925} INFO - DAG(s) 'example_sensor_decorator' retrieved from /home/airflow/.local/lib/python3.12/site-packages/airflow/example_dags/example_sensor_decorator.py
[2024-11-15T05:20:28.976+0000] {logging_mixin.py:190} INFO - [2024-11-15T05:20:28.976+0000] {dag.py:3239} INFO - Sync 1 DAGs
[2024-11-15T05:20:29.004+0000] {logging_mixin.py:190} INFO - [2024-11-15T05:20:29.004+0000] {dag.py:4180} INFO - Setting next_dagrun for example_sensor_decorator to None, run_after=None
[2024-11-15T05:20:29.045+0000] {processor.py:208} INFO - Processing /home/airflow/.local/lib/python3.12/site-packages/airflow/example_dags/example_sensor_decorator.py took 0.144 seconds
[2024-11-15T05:20:59.352+0000] {processor.py:186} INFO - Started process (PID=171) to work on /home/airflow/.local/lib/python3.12/site-packages/airflow/example_dags/example_sensor_decorator.py
[2024-11-15T05:20:59.353+0000] {processor.py:914} INFO - Processing file /home/airflow/.local/lib/python3.12/site-packages/airflow/example_dags/example_sensor_decorator.py for tasks to queue
[2024-11-15T05:20:59.356+0000] {logging_mixin.py:190} INFO - [2024-11-15T05:20:59.356+0000] {dagbag.py:588} INFO - Filling up the DagBag from /home/airflow/.local/lib/python3.12/site-packages/airflow/example_dags/example_sensor_decorator.py
[2024-11-15T05:20:59.366+0000] {processor.py:925} INFO - DAG(s) 'example_sensor_decorator' retrieved from /home/airflow/.local/lib/python3.12/site-packages/airflow/example_dags/example_sensor_decorator.py
[2024-11-15T05:20:59.385+0000] {logging_mixin.py:190} INFO - [2024-11-15T05:20:59.385+0000] {dag.py:3239} INFO - Sync 1 DAGs
[2024-11-15T05:20:59.399+0000] {logging_mixin.py:190} INFO - [2024-11-15T05:20:59.399+0000] {dag.py:4180} INFO - Setting next_dagrun for example_sensor_decorator to None, run_after=None
[2024-11-15T05:20:59.424+0000] {processor.py:208} INFO - Processing /home/airflow/.local/lib/python3.12/site-packages/airflow/example_dags/example_sensor_decorator.py took 0.077 seconds
[2024-11-15T05:21:29.708+0000] {processor.py:186} INFO - Started process (PID=235) to work on /home/airflow/.local/lib/python3.12/site-packages/airflow/example_dags/example_sensor_decorator.py
[2024-11-15T05:21:29.711+0000] {processor.py:914} INFO - Processing file /home/airflow/.local/lib/python3.12/site-packages/airflow/example_dags/example_sensor_decorator.py for tasks to queue
[2024-11-15T05:21:29.714+0000] {logging_mixin.py:190} INFO - [2024-11-15T05:21:29.714+0000] {dagbag.py:588} INFO - Filling up the DagBag from /home/airflow/.local/lib/python3.12/site-packages/airflow/example_dags/example_sensor_decorator.py
[2024-11-15T05:21:29.724+0000] {processor.py:925} INFO - DAG(s) 'example_sensor_decorator' retrieved from /home/airflow/.local/lib/python3.12/site-packages/airflow/example_dags/example_sensor_decorator.py
[2024-11-15T05:21:29.746+0000] {logging_mixin.py:190} INFO - [2024-11-15T05:21:29.746+0000] {dag.py:3239} INFO - Sync 1 DAGs
[2024-11-15T05:21:29.759+0000] {logging_mixin.py:190} INFO - [2024-11-15T05:21:29.759+0000] {dag.py:4180} INFO - Setting next_dagrun for example_sensor_decorator to None, run_after=None
[2024-11-15T05:21:29.783+0000] {processor.py:208} INFO - Processing /home/airflow/.local/lib/python3.12/site-packages/airflow/example_dags/example_sensor_decorator.py took 0.083 seconds
[2024-11-15T05:22:00.758+0000] {processor.py:186} INFO - Started process (PID=299) to work on /home/airflow/.local/lib/python3.12/site-packages/airflow/example_dags/example_sensor_decorator.py
[2024-11-15T05:22:00.758+0000] {processor.py:914} INFO - Processing file /home/airflow/.local/lib/python3.12/site-packages/airflow/example_dags/example_sensor_decorator.py for tasks to queue
[2024-11-15T05:22:00.761+0000] {logging_mixin.py:190} INFO - [2024-11-15T05:22:00.760+0000] {dagbag.py:588} INFO - Filling up the DagBag from /home/airflow/.local/lib/python3.12/site-packages/airflow/example_dags/example_sensor_decorator.py
[2024-11-15T05:22:00.767+0000] {processor.py:925} INFO - DAG(s) 'example_sensor_decorator' retrieved from /home/airflow/.local/lib/python3.12/site-packages/airflow/example_dags/example_sensor_decorator.py
[2024-11-15T05:22:00.785+0000] {logging_mixin.py:190} INFO - [2024-11-15T05:22:00.785+0000] {dag.py:3239} INFO - Sync 1 DAGs
[2024-11-15T05:22:00.798+0000] {logging_mixin.py:190} INFO - [2024-11-15T05:22:00.798+0000] {dag.py:4180} INFO - Setting next_dagrun for example_sensor_decorator to None, run_after=None
[2024-11-15T05:22:00.822+0000] {processor.py:208} INFO - Processing /home/airflow/.local/lib/python3.12/site-packages/airflow/example_dags/example_sensor_decorator.py took 0.070 seconds
[2024-11-15T05:22:30.962+0000] {processor.py:186} INFO - Started process (PID=363) to work on /home/airflow/.local/lib/python3.12/site-packages/airflow/example_dags/example_sensor_decorator.py
[2024-11-15T05:22:30.963+0000] {processor.py:914} INFO - Processing file /home/airflow/.local/lib/python3.12/site-packages/airflow/example_dags/example_sensor_decorator.py for tasks to queue
[2024-11-15T05:22:30.966+0000] {logging_mixin.py:190} INFO - [2024-11-15T05:22:30.966+0000] {dagbag.py:588} INFO - Filling up the DagBag from /home/airflow/.local/lib/python3.12/site-packages/airflow/example_dags/example_sensor_decorator.py
[2024-11-15T05:22:30.976+0000] {processor.py:925} INFO - DAG(s) 'example_sensor_decorator' retrieved from /home/airflow/.local/lib/python3.12/site-packages/airflow/example_dags/example_sensor_decorator.py
[2024-11-15T05:22:30.997+0000] {logging_mixin.py:190} INFO - [2024-11-15T05:22:30.997+0000] {dag.py:3239} INFO - Sync 1 DAGs
[2024-11-15T05:22:31.012+0000] {logging_mixin.py:190} INFO - [2024-11-15T05:22:31.012+0000] {dag.py:4180} INFO - Setting next_dagrun for example_sensor_decorator to None, run_after=None
[2024-11-15T05:22:31.037+0000] {processor.py:208} INFO - Processing /home/airflow/.local/lib/python3.12/site-packages/airflow/example_dags/example_sensor_decorator.py took 0.083 seconds
[2024-11-15T05:23:01.681+0000] {processor.py:186} INFO - Started process (PID=427) to work on /home/airflow/.local/lib/python3.12/site-packages/airflow/example_dags/example_sensor_decorator.py
[2024-11-15T05:23:01.682+0000] {processor.py:914} INFO - Processing file /home/airflow/.local/lib/python3.12/site-packages/airflow/example_dags/example_sensor_decorator.py for tasks to queue
[2024-11-15T05:23:01.684+0000] {logging_mixin.py:190} INFO - [2024-11-15T05:23:01.684+0000] {dagbag.py:588} INFO - Filling up the DagBag from /home/airflow/.local/lib/python3.12/site-packages/airflow/example_dags/example_sensor_decorator.py
[2024-11-15T05:23:01.691+0000] {processor.py:925} INFO - DAG(s) 'example_sensor_decorator' retrieved from /home/airflow/.local/lib/python3.12/site-packages/airflow/example_dags/example_sensor_decorator.py
[2024-11-15T05:23:01.709+0000] {logging_mixin.py:190} INFO - [2024-11-15T05:23:01.709+0000] {dag.py:3239} INFO - Sync 1 DAGs
[2024-11-15T05:23:01.726+0000] {logging_mixin.py:190} INFO - [2024-11-15T05:23:01.726+0000] {dag.py:4180} INFO - Setting next_dagrun for example_sensor_decorator to None, run_after=None
[2024-11-15T05:23:01.753+0000] {processor.py:208} INFO - Processing /home/airflow/.local/lib/python3.12/site-packages/airflow/example_dags/example_sensor_decorator.py took 0.079 seconds
