[2024-11-15T05:12:45.836+0000] {processor.py:186} INFO - Started process (PID=77) to work on /home/airflow/.local/lib/python3.12/site-packages/airflow/example_dags/example_outlet_event_extra.py
[2024-11-15T05:12:45.838+0000] {processor.py:914} INFO - Processing file /home/airflow/.local/lib/python3.12/site-packages/airflow/example_dags/example_outlet_event_extra.py for tasks to queue
[2024-11-15T05:12:45.841+0000] {logging_mixin.py:190} INFO - [2024-11-15T05:12:45.841+0000] {dagbag.py:588} INFO - Filling up the DagBag from /home/airflow/.local/lib/python3.12/site-packages/airflow/example_dags/example_outlet_event_extra.py
[2024-11-15T05:12:46.781+0000] {processor.py:925} INFO - DAG(s) 'dataset_with_extra_from_classic_operator', 'dataset_with_extra_by_yield', 'dataset_with_extra_by_context' retrieved from /home/airflow/.local/lib/python3.12/site-packages/airflow/example_dags/example_outlet_event_extra.py
[2024-11-15T05:12:46.944+0000] {logging_mixin.py:190} INFO - [2024-11-15T05:12:46.942+0000] {override.py:1911} INFO - Created Permission View: can delete on DAG:dataset_with_extra_from_classic_operator
[2024-11-15T05:12:46.966+0000] {logging_mixin.py:190} INFO - [2024-11-15T05:12:46.965+0000] {override.py:1911} INFO - Created Permission View: can edit on DAG:dataset_with_extra_from_classic_operator
[2024-11-15T05:12:46.983+0000] {logging_mixin.py:190} INFO - [2024-11-15T05:12:46.982+0000] {override.py:1911} INFO - Created Permission View: can read on DAG:dataset_with_extra_from_classic_operator
[2024-11-15T05:12:47.011+0000] {logging_mixin.py:190} INFO - [2024-11-15T05:12:47.011+0000] {override.py:1911} INFO - Created Permission View: can create on DAG Run:dataset_with_extra_from_classic_operator
[2024-11-15T05:12:47.025+0000] {logging_mixin.py:190} INFO - [2024-11-15T05:12:47.024+0000] {override.py:1911} INFO - Created Permission View: can delete on DAG Run:dataset_with_extra_from_classic_operator
[2024-11-15T05:12:47.042+0000] {logging_mixin.py:190} INFO - [2024-11-15T05:12:47.041+0000] {override.py:1911} INFO - Created Permission View: menu access on DAG Run:dataset_with_extra_from_classic_operator
[2024-11-15T05:12:47.056+0000] {logging_mixin.py:190} INFO - [2024-11-15T05:12:47.056+0000] {override.py:1911} INFO - Created Permission View: can read on DAG Run:dataset_with_extra_from_classic_operator
[2024-11-15T05:12:47.091+0000] {logging_mixin.py:190} INFO - [2024-11-15T05:12:47.090+0000] {override.py:1911} INFO - Created Permission View: can delete on DAG:dataset_with_extra_by_yield
[2024-11-15T05:12:47.106+0000] {logging_mixin.py:190} INFO - [2024-11-15T05:12:47.106+0000] {override.py:1911} INFO - Created Permission View: can edit on DAG:dataset_with_extra_by_yield
[2024-11-15T05:12:47.121+0000] {logging_mixin.py:190} INFO - [2024-11-15T05:12:47.120+0000] {override.py:1911} INFO - Created Permission View: can read on DAG:dataset_with_extra_by_yield
[2024-11-15T05:12:47.159+0000] {logging_mixin.py:190} INFO - [2024-11-15T05:12:47.159+0000] {override.py:1911} INFO - Created Permission View: can create on DAG Run:dataset_with_extra_by_yield
[2024-11-15T05:12:47.205+0000] {logging_mixin.py:190} INFO - [2024-11-15T05:12:47.204+0000] {override.py:1911} INFO - Created Permission View: can delete on DAG Run:dataset_with_extra_by_yield
[2024-11-15T05:12:47.237+0000] {logging_mixin.py:190} INFO - [2024-11-15T05:12:47.236+0000] {override.py:1911} INFO - Created Permission View: menu access on DAG Run:dataset_with_extra_by_yield
[2024-11-15T05:12:47.274+0000] {logging_mixin.py:190} INFO - [2024-11-15T05:12:47.274+0000] {override.py:1911} INFO - Created Permission View: can read on DAG Run:dataset_with_extra_by_yield
[2024-11-15T05:12:47.307+0000] {logging_mixin.py:190} INFO - [2024-11-15T05:12:47.306+0000] {override.py:1911} INFO - Created Permission View: can delete on DAG:dataset_with_extra_by_context
[2024-11-15T05:12:47.329+0000] {logging_mixin.py:190} INFO - [2024-11-15T05:12:47.328+0000] {override.py:1911} INFO - Created Permission View: can edit on DAG:dataset_with_extra_by_context
[2024-11-15T05:12:47.361+0000] {logging_mixin.py:190} INFO - [2024-11-15T05:12:47.360+0000] {override.py:1911} INFO - Created Permission View: can read on DAG:dataset_with_extra_by_context
[2024-11-15T05:12:47.398+0000] {logging_mixin.py:190} INFO - [2024-11-15T05:12:47.397+0000] {override.py:1911} INFO - Created Permission View: can create on DAG Run:dataset_with_extra_by_context
[2024-11-15T05:12:47.414+0000] {logging_mixin.py:190} INFO - [2024-11-15T05:12:47.414+0000] {override.py:1911} INFO - Created Permission View: can delete on DAG Run:dataset_with_extra_by_context
[2024-11-15T05:12:47.433+0000] {logging_mixin.py:190} INFO - [2024-11-15T05:12:47.432+0000] {override.py:1911} INFO - Created Permission View: menu access on DAG Run:dataset_with_extra_by_context
[2024-11-15T05:12:47.452+0000] {logging_mixin.py:190} INFO - [2024-11-15T05:12:47.452+0000] {override.py:1911} INFO - Created Permission View: can read on DAG Run:dataset_with_extra_by_context
[2024-11-15T05:12:47.454+0000] {logging_mixin.py:190} INFO - [2024-11-15T05:12:47.453+0000] {dag.py:3239} INFO - Sync 3 DAGs
[2024-11-15T05:12:47.483+0000] {logging_mixin.py:190} INFO - [2024-11-15T05:12:47.481+0000] {dag.py:3262} INFO - Creating ORM DAG for dataset_with_extra_by_context
[2024-11-15T05:12:47.485+0000] {logging_mixin.py:190} INFO - [2024-11-15T05:12:47.485+0000] {dag.py:3262} INFO - Creating ORM DAG for dataset_with_extra_by_yield
[2024-11-15T05:12:47.490+0000] {logging_mixin.py:190} INFO - [2024-11-15T05:12:47.487+0000] {dag.py:3262} INFO - Creating ORM DAG for dataset_with_extra_from_classic_operator
[2024-11-15T05:12:47.514+0000] {logging_mixin.py:190} INFO - [2024-11-15T05:12:47.514+0000] {dag.py:4180} INFO - Setting next_dagrun for dataset_with_extra_by_context to 2024-11-14 00:00:00+00:00, run_after=2024-11-15 00:00:00+00:00
[2024-11-15T05:12:47.517+0000] {logging_mixin.py:190} INFO - [2024-11-15T05:12:47.517+0000] {dag.py:4180} INFO - Setting next_dagrun for dataset_with_extra_by_yield to 2024-11-14 00:00:00+00:00, run_after=2024-11-15 00:00:00+00:00
[2024-11-15T05:12:47.520+0000] {logging_mixin.py:190} INFO - [2024-11-15T05:12:47.520+0000] {dag.py:4180} INFO - Setting next_dagrun for dataset_with_extra_from_classic_operator to 2024-11-14 00:00:00+00:00, run_after=2024-11-15 00:00:00+00:00
[2024-11-15T05:12:47.579+0000] {processor.py:208} INFO - Processing /home/airflow/.local/lib/python3.12/site-packages/airflow/example_dags/example_outlet_event_extra.py took 1.752 seconds
[2024-11-15T05:13:18.319+0000] {processor.py:186} INFO - Started process (PID=151) to work on /home/airflow/.local/lib/python3.12/site-packages/airflow/example_dags/example_outlet_event_extra.py
[2024-11-15T05:13:18.320+0000] {processor.py:914} INFO - Processing file /home/airflow/.local/lib/python3.12/site-packages/airflow/example_dags/example_outlet_event_extra.py for tasks to queue
[2024-11-15T05:13:18.322+0000] {logging_mixin.py:190} INFO - [2024-11-15T05:13:18.322+0000] {dagbag.py:588} INFO - Filling up the DagBag from /home/airflow/.local/lib/python3.12/site-packages/airflow/example_dags/example_outlet_event_extra.py
[2024-11-15T05:13:18.819+0000] {processor.py:925} INFO - DAG(s) 'dataset_with_extra_by_yield', 'dataset_with_extra_by_context', 'dataset_with_extra_from_classic_operator' retrieved from /home/airflow/.local/lib/python3.12/site-packages/airflow/example_dags/example_outlet_event_extra.py
[2024-11-15T05:13:18.841+0000] {logging_mixin.py:190} INFO - [2024-11-15T05:13:18.840+0000] {dag.py:3239} INFO - Sync 3 DAGs
[2024-11-15T05:13:18.860+0000] {logging_mixin.py:190} INFO - [2024-11-15T05:13:18.860+0000] {dag.py:4180} INFO - Setting next_dagrun for dataset_with_extra_by_context to 2024-11-14 00:00:00+00:00, run_after=2024-11-15 00:00:00+00:00
[2024-11-15T05:13:18.865+0000] {logging_mixin.py:190} INFO - [2024-11-15T05:13:18.864+0000] {dag.py:4180} INFO - Setting next_dagrun for dataset_with_extra_by_yield to 2024-11-14 00:00:00+00:00, run_after=2024-11-15 00:00:00+00:00
[2024-11-15T05:13:18.867+0000] {logging_mixin.py:190} INFO - [2024-11-15T05:13:18.867+0000] {dag.py:4180} INFO - Setting next_dagrun for dataset_with_extra_from_classic_operator to 2024-11-14 00:00:00+00:00, run_after=2024-11-15 00:00:00+00:00
[2024-11-15T05:13:18.893+0000] {processor.py:208} INFO - Processing /home/airflow/.local/lib/python3.12/site-packages/airflow/example_dags/example_outlet_event_extra.py took 0.579 seconds
[2024-11-15T05:13:49.787+0000] {processor.py:186} INFO - Started process (PID=216) to work on /home/airflow/.local/lib/python3.12/site-packages/airflow/example_dags/example_outlet_event_extra.py
[2024-11-15T05:13:49.788+0000] {processor.py:914} INFO - Processing file /home/airflow/.local/lib/python3.12/site-packages/airflow/example_dags/example_outlet_event_extra.py for tasks to queue
[2024-11-15T05:13:49.791+0000] {logging_mixin.py:190} INFO - [2024-11-15T05:13:49.790+0000] {dagbag.py:588} INFO - Filling up the DagBag from /home/airflow/.local/lib/python3.12/site-packages/airflow/example_dags/example_outlet_event_extra.py
[2024-11-15T05:13:50.262+0000] {processor.py:925} INFO - DAG(s) 'dataset_with_extra_by_yield', 'dataset_with_extra_by_context', 'dataset_with_extra_from_classic_operator' retrieved from /home/airflow/.local/lib/python3.12/site-packages/airflow/example_dags/example_outlet_event_extra.py
[2024-11-15T05:13:50.286+0000] {logging_mixin.py:190} INFO - [2024-11-15T05:13:50.286+0000] {dag.py:3239} INFO - Sync 3 DAGs
[2024-11-15T05:13:50.306+0000] {logging_mixin.py:190} INFO - [2024-11-15T05:13:50.306+0000] {dag.py:4180} INFO - Setting next_dagrun for dataset_with_extra_by_context to 2024-11-14 00:00:00+00:00, run_after=2024-11-15 00:00:00+00:00
[2024-11-15T05:13:50.312+0000] {logging_mixin.py:190} INFO - [2024-11-15T05:13:50.311+0000] {dag.py:4180} INFO - Setting next_dagrun for dataset_with_extra_by_yield to 2024-11-14 00:00:00+00:00, run_after=2024-11-15 00:00:00+00:00
[2024-11-15T05:13:50.315+0000] {logging_mixin.py:190} INFO - [2024-11-15T05:13:50.315+0000] {dag.py:4180} INFO - Setting next_dagrun for dataset_with_extra_from_classic_operator to 2024-11-14 00:00:00+00:00, run_after=2024-11-15 00:00:00+00:00
[2024-11-15T05:13:50.341+0000] {processor.py:208} INFO - Processing /home/airflow/.local/lib/python3.12/site-packages/airflow/example_dags/example_outlet_event_extra.py took 0.559 seconds
[2024-11-15T05:14:20.510+0000] {processor.py:186} INFO - Started process (PID=280) to work on /home/airflow/.local/lib/python3.12/site-packages/airflow/example_dags/example_outlet_event_extra.py
[2024-11-15T05:14:20.513+0000] {processor.py:914} INFO - Processing file /home/airflow/.local/lib/python3.12/site-packages/airflow/example_dags/example_outlet_event_extra.py for tasks to queue
[2024-11-15T05:14:20.518+0000] {logging_mixin.py:190} INFO - [2024-11-15T05:14:20.517+0000] {dagbag.py:588} INFO - Filling up the DagBag from /home/airflow/.local/lib/python3.12/site-packages/airflow/example_dags/example_outlet_event_extra.py
[2024-11-15T05:14:21.403+0000] {processor.py:925} INFO - DAG(s) 'dataset_with_extra_by_yield', 'dataset_with_extra_by_context', 'dataset_with_extra_from_classic_operator' retrieved from /home/airflow/.local/lib/python3.12/site-packages/airflow/example_dags/example_outlet_event_extra.py
[2024-11-15T05:14:21.455+0000] {logging_mixin.py:190} INFO - [2024-11-15T05:14:21.454+0000] {dag.py:3239} INFO - Sync 3 DAGs
[2024-11-15T05:14:21.501+0000] {logging_mixin.py:190} INFO - [2024-11-15T05:14:21.500+0000] {dag.py:4180} INFO - Setting next_dagrun for dataset_with_extra_by_context to 2024-11-14 00:00:00+00:00, run_after=2024-11-15 00:00:00+00:00
[2024-11-15T05:14:21.508+0000] {logging_mixin.py:190} INFO - [2024-11-15T05:14:21.508+0000] {dag.py:4180} INFO - Setting next_dagrun for dataset_with_extra_by_yield to 2024-11-14 00:00:00+00:00, run_after=2024-11-15 00:00:00+00:00
[2024-11-15T05:14:21.512+0000] {logging_mixin.py:190} INFO - [2024-11-15T05:14:21.512+0000] {dag.py:4180} INFO - Setting next_dagrun for dataset_with_extra_from_classic_operator to 2024-11-14 00:00:00+00:00, run_after=2024-11-15 00:00:00+00:00
[2024-11-15T05:14:21.549+0000] {processor.py:208} INFO - Processing /home/airflow/.local/lib/python3.12/site-packages/airflow/example_dags/example_outlet_event_extra.py took 1.055 seconds
[2024-11-15T05:14:52.045+0000] {processor.py:186} INFO - Started process (PID=344) to work on /home/airflow/.local/lib/python3.12/site-packages/airflow/example_dags/example_outlet_event_extra.py
[2024-11-15T05:14:52.046+0000] {processor.py:914} INFO - Processing file /home/airflow/.local/lib/python3.12/site-packages/airflow/example_dags/example_outlet_event_extra.py for tasks to queue
[2024-11-15T05:14:52.051+0000] {logging_mixin.py:190} INFO - [2024-11-15T05:14:52.050+0000] {dagbag.py:588} INFO - Filling up the DagBag from /home/airflow/.local/lib/python3.12/site-packages/airflow/example_dags/example_outlet_event_extra.py
[2024-11-15T05:14:52.610+0000] {processor.py:925} INFO - DAG(s) 'dataset_with_extra_by_context', 'dataset_with_extra_from_classic_operator', 'dataset_with_extra_by_yield' retrieved from /home/airflow/.local/lib/python3.12/site-packages/airflow/example_dags/example_outlet_event_extra.py
[2024-11-15T05:14:52.634+0000] {logging_mixin.py:190} INFO - [2024-11-15T05:14:52.634+0000] {dag.py:3239} INFO - Sync 3 DAGs
[2024-11-15T05:14:52.656+0000] {logging_mixin.py:190} INFO - [2024-11-15T05:14:52.656+0000] {dag.py:4180} INFO - Setting next_dagrun for dataset_with_extra_by_context to 2024-11-14 00:00:00+00:00, run_after=2024-11-15 00:00:00+00:00
[2024-11-15T05:14:52.663+0000] {logging_mixin.py:190} INFO - [2024-11-15T05:14:52.663+0000] {dag.py:4180} INFO - Setting next_dagrun for dataset_with_extra_by_yield to 2024-11-14 00:00:00+00:00, run_after=2024-11-15 00:00:00+00:00
[2024-11-15T05:14:52.667+0000] {logging_mixin.py:190} INFO - [2024-11-15T05:14:52.666+0000] {dag.py:4180} INFO - Setting next_dagrun for dataset_with_extra_from_classic_operator to 2024-11-14 00:00:00+00:00, run_after=2024-11-15 00:00:00+00:00
[2024-11-15T05:14:52.693+0000] {processor.py:208} INFO - Processing /home/airflow/.local/lib/python3.12/site-packages/airflow/example_dags/example_outlet_event_extra.py took 0.654 seconds
[2024-11-15T05:15:22.915+0000] {processor.py:186} INFO - Started process (PID=435) to work on /home/airflow/.local/lib/python3.12/site-packages/airflow/example_dags/example_outlet_event_extra.py
[2024-11-15T05:15:22.916+0000] {processor.py:914} INFO - Processing file /home/airflow/.local/lib/python3.12/site-packages/airflow/example_dags/example_outlet_event_extra.py for tasks to queue
[2024-11-15T05:15:22.919+0000] {logging_mixin.py:190} INFO - [2024-11-15T05:15:22.918+0000] {dagbag.py:588} INFO - Filling up the DagBag from /home/airflow/.local/lib/python3.12/site-packages/airflow/example_dags/example_outlet_event_extra.py
[2024-11-15T05:15:23.855+0000] {processor.py:925} INFO - DAG(s) 'dataset_with_extra_by_yield', 'dataset_with_extra_from_classic_operator', 'dataset_with_extra_by_context' retrieved from /home/airflow/.local/lib/python3.12/site-packages/airflow/example_dags/example_outlet_event_extra.py
[2024-11-15T05:15:23.958+0000] {logging_mixin.py:190} INFO - [2024-11-15T05:15:23.957+0000] {dag.py:3239} INFO - Sync 3 DAGs
[2024-11-15T05:15:24.020+0000] {logging_mixin.py:190} INFO - [2024-11-15T05:15:24.020+0000] {dag.py:4180} INFO - Setting next_dagrun for dataset_with_extra_by_context to 2024-11-14 00:00:00+00:00, run_after=2024-11-15 00:00:00+00:00
[2024-11-15T05:15:24.034+0000] {logging_mixin.py:190} INFO - [2024-11-15T05:15:24.034+0000] {dag.py:4180} INFO - Setting next_dagrun for dataset_with_extra_by_yield to 2024-11-14 00:00:00+00:00, run_after=2024-11-15 00:00:00+00:00
[2024-11-15T05:15:24.041+0000] {logging_mixin.py:190} INFO - [2024-11-15T05:15:24.040+0000] {dag.py:4180} INFO - Setting next_dagrun for dataset_with_extra_from_classic_operator to 2024-11-14 00:00:00+00:00, run_after=2024-11-15 00:00:00+00:00
[2024-11-15T05:15:24.100+0000] {processor.py:208} INFO - Processing /home/airflow/.local/lib/python3.12/site-packages/airflow/example_dags/example_outlet_event_extra.py took 1.195 seconds
[2024-11-15T05:15:54.208+0000] {processor.py:186} INFO - Started process (PID=511) to work on /home/airflow/.local/lib/python3.12/site-packages/airflow/example_dags/example_outlet_event_extra.py
[2024-11-15T05:15:54.210+0000] {processor.py:914} INFO - Processing file /home/airflow/.local/lib/python3.12/site-packages/airflow/example_dags/example_outlet_event_extra.py for tasks to queue
[2024-11-15T05:15:54.214+0000] {logging_mixin.py:190} INFO - [2024-11-15T05:15:54.213+0000] {dagbag.py:588} INFO - Filling up the DagBag from /home/airflow/.local/lib/python3.12/site-packages/airflow/example_dags/example_outlet_event_extra.py
[2024-11-15T05:15:54.842+0000] {processor.py:925} INFO - DAG(s) 'dataset_with_extra_by_context', 'dataset_with_extra_from_classic_operator', 'dataset_with_extra_by_yield' retrieved from /home/airflow/.local/lib/python3.12/site-packages/airflow/example_dags/example_outlet_event_extra.py
[2024-11-15T05:15:54.882+0000] {logging_mixin.py:190} INFO - [2024-11-15T05:15:54.881+0000] {dag.py:3239} INFO - Sync 3 DAGs
[2024-11-15T05:15:54.926+0000] {logging_mixin.py:190} INFO - [2024-11-15T05:15:54.926+0000] {dag.py:4180} INFO - Setting next_dagrun for dataset_with_extra_by_context to 2024-11-14 00:00:00+00:00, run_after=2024-11-15 00:00:00+00:00
[2024-11-15T05:15:54.936+0000] {logging_mixin.py:190} INFO - [2024-11-15T05:15:54.936+0000] {dag.py:4180} INFO - Setting next_dagrun for dataset_with_extra_by_yield to 2024-11-14 00:00:00+00:00, run_after=2024-11-15 00:00:00+00:00
[2024-11-15T05:15:54.948+0000] {logging_mixin.py:190} INFO - [2024-11-15T05:15:54.947+0000] {dag.py:4180} INFO - Setting next_dagrun for dataset_with_extra_from_classic_operator to 2024-11-14 00:00:00+00:00, run_after=2024-11-15 00:00:00+00:00
[2024-11-15T05:15:55.013+0000] {processor.py:208} INFO - Processing /home/airflow/.local/lib/python3.12/site-packages/airflow/example_dags/example_outlet_event_extra.py took 0.813 seconds
[2024-11-15T05:16:25.091+0000] {processor.py:186} INFO - Started process (PID=575) to work on /home/airflow/.local/lib/python3.12/site-packages/airflow/example_dags/example_outlet_event_extra.py
[2024-11-15T05:16:25.092+0000] {processor.py:914} INFO - Processing file /home/airflow/.local/lib/python3.12/site-packages/airflow/example_dags/example_outlet_event_extra.py for tasks to queue
[2024-11-15T05:16:25.094+0000] {logging_mixin.py:190} INFO - [2024-11-15T05:16:25.094+0000] {dagbag.py:588} INFO - Filling up the DagBag from /home/airflow/.local/lib/python3.12/site-packages/airflow/example_dags/example_outlet_event_extra.py
[2024-11-15T05:16:25.599+0000] {processor.py:925} INFO - DAG(s) 'dataset_with_extra_by_yield', 'dataset_with_extra_from_classic_operator', 'dataset_with_extra_by_context' retrieved from /home/airflow/.local/lib/python3.12/site-packages/airflow/example_dags/example_outlet_event_extra.py
[2024-11-15T05:16:25.626+0000] {logging_mixin.py:190} INFO - [2024-11-15T05:16:25.625+0000] {dag.py:3239} INFO - Sync 3 DAGs
[2024-11-15T05:16:25.649+0000] {logging_mixin.py:190} INFO - [2024-11-15T05:16:25.649+0000] {dag.py:4180} INFO - Setting next_dagrun for dataset_with_extra_by_context to 2024-11-14 00:00:00+00:00, run_after=2024-11-15 00:00:00+00:00
[2024-11-15T05:16:25.654+0000] {logging_mixin.py:190} INFO - [2024-11-15T05:16:25.653+0000] {dag.py:4180} INFO - Setting next_dagrun for dataset_with_extra_by_yield to 2024-11-14 00:00:00+00:00, run_after=2024-11-15 00:00:00+00:00
[2024-11-15T05:16:25.657+0000] {logging_mixin.py:190} INFO - [2024-11-15T05:16:25.657+0000] {dag.py:4180} INFO - Setting next_dagrun for dataset_with_extra_from_classic_operator to 2024-11-14 00:00:00+00:00, run_after=2024-11-15 00:00:00+00:00
[2024-11-15T05:16:25.678+0000] {processor.py:208} INFO - Processing /home/airflow/.local/lib/python3.12/site-packages/airflow/example_dags/example_outlet_event_extra.py took 0.595 seconds
[2024-11-15T05:16:56.152+0000] {processor.py:186} INFO - Started process (PID=639) to work on /home/airflow/.local/lib/python3.12/site-packages/airflow/example_dags/example_outlet_event_extra.py
[2024-11-15T05:16:56.153+0000] {processor.py:914} INFO - Processing file /home/airflow/.local/lib/python3.12/site-packages/airflow/example_dags/example_outlet_event_extra.py for tasks to queue
[2024-11-15T05:16:56.155+0000] {logging_mixin.py:190} INFO - [2024-11-15T05:16:56.154+0000] {dagbag.py:588} INFO - Filling up the DagBag from /home/airflow/.local/lib/python3.12/site-packages/airflow/example_dags/example_outlet_event_extra.py
[2024-11-15T05:16:56.898+0000] {processor.py:925} INFO - DAG(s) 'dataset_with_extra_by_yield', 'dataset_with_extra_from_classic_operator', 'dataset_with_extra_by_context' retrieved from /home/airflow/.local/lib/python3.12/site-packages/airflow/example_dags/example_outlet_event_extra.py
[2024-11-15T05:16:56.927+0000] {logging_mixin.py:190} INFO - [2024-11-15T05:16:56.926+0000] {dag.py:3239} INFO - Sync 3 DAGs
[2024-11-15T05:16:56.958+0000] {logging_mixin.py:190} INFO - [2024-11-15T05:16:56.957+0000] {dag.py:4180} INFO - Setting next_dagrun for dataset_with_extra_by_context to 2024-11-14 00:00:00+00:00, run_after=2024-11-15 00:00:00+00:00
[2024-11-15T05:16:56.964+0000] {logging_mixin.py:190} INFO - [2024-11-15T05:16:56.964+0000] {dag.py:4180} INFO - Setting next_dagrun for dataset_with_extra_by_yield to 2024-11-14 00:00:00+00:00, run_after=2024-11-15 00:00:00+00:00
[2024-11-15T05:16:56.968+0000] {logging_mixin.py:190} INFO - [2024-11-15T05:16:56.968+0000] {dag.py:4180} INFO - Setting next_dagrun for dataset_with_extra_from_classic_operator to 2024-11-14 00:00:00+00:00, run_after=2024-11-15 00:00:00+00:00
[2024-11-15T05:16:56.999+0000] {processor.py:208} INFO - Processing /home/airflow/.local/lib/python3.12/site-packages/airflow/example_dags/example_outlet_event_extra.py took 0.855 seconds
[2024-11-15T05:17:27.492+0000] {processor.py:186} INFO - Started process (PID=703) to work on /home/airflow/.local/lib/python3.12/site-packages/airflow/example_dags/example_outlet_event_extra.py
[2024-11-15T05:17:27.493+0000] {processor.py:914} INFO - Processing file /home/airflow/.local/lib/python3.12/site-packages/airflow/example_dags/example_outlet_event_extra.py for tasks to queue
[2024-11-15T05:17:27.496+0000] {logging_mixin.py:190} INFO - [2024-11-15T05:17:27.496+0000] {dagbag.py:588} INFO - Filling up the DagBag from /home/airflow/.local/lib/python3.12/site-packages/airflow/example_dags/example_outlet_event_extra.py
[2024-11-15T05:17:28.185+0000] {processor.py:925} INFO - DAG(s) 'dataset_with_extra_by_yield', 'dataset_with_extra_from_classic_operator', 'dataset_with_extra_by_context' retrieved from /home/airflow/.local/lib/python3.12/site-packages/airflow/example_dags/example_outlet_event_extra.py
[2024-11-15T05:17:28.211+0000] {logging_mixin.py:190} INFO - [2024-11-15T05:17:28.210+0000] {dag.py:3239} INFO - Sync 3 DAGs
[2024-11-15T05:17:28.232+0000] {logging_mixin.py:190} INFO - [2024-11-15T05:17:28.232+0000] {dag.py:4180} INFO - Setting next_dagrun for dataset_with_extra_by_context to 2024-11-14 00:00:00+00:00, run_after=2024-11-15 00:00:00+00:00
[2024-11-15T05:17:28.237+0000] {logging_mixin.py:190} INFO - [2024-11-15T05:17:28.236+0000] {dag.py:4180} INFO - Setting next_dagrun for dataset_with_extra_by_yield to 2024-11-14 00:00:00+00:00, run_after=2024-11-15 00:00:00+00:00
[2024-11-15T05:17:28.240+0000] {logging_mixin.py:190} INFO - [2024-11-15T05:17:28.240+0000] {dag.py:4180} INFO - Setting next_dagrun for dataset_with_extra_from_classic_operator to 2024-11-14 00:00:00+00:00, run_after=2024-11-15 00:00:00+00:00
[2024-11-15T05:17:28.269+0000] {processor.py:208} INFO - Processing /home/airflow/.local/lib/python3.12/site-packages/airflow/example_dags/example_outlet_event_extra.py took 0.792 seconds
[2024-11-15T05:17:59.053+0000] {processor.py:186} INFO - Started process (PID=767) to work on /home/airflow/.local/lib/python3.12/site-packages/airflow/example_dags/example_outlet_event_extra.py
[2024-11-15T05:17:59.054+0000] {processor.py:914} INFO - Processing file /home/airflow/.local/lib/python3.12/site-packages/airflow/example_dags/example_outlet_event_extra.py for tasks to queue
[2024-11-15T05:17:59.057+0000] {logging_mixin.py:190} INFO - [2024-11-15T05:17:59.057+0000] {dagbag.py:588} INFO - Filling up the DagBag from /home/airflow/.local/lib/python3.12/site-packages/airflow/example_dags/example_outlet_event_extra.py
[2024-11-15T05:17:59.610+0000] {processor.py:925} INFO - DAG(s) 'dataset_with_extra_from_classic_operator', 'dataset_with_extra_by_context', 'dataset_with_extra_by_yield' retrieved from /home/airflow/.local/lib/python3.12/site-packages/airflow/example_dags/example_outlet_event_extra.py
[2024-11-15T05:17:59.634+0000] {logging_mixin.py:190} INFO - [2024-11-15T05:17:59.633+0000] {dag.py:3239} INFO - Sync 3 DAGs
[2024-11-15T05:17:59.655+0000] {logging_mixin.py:190} INFO - [2024-11-15T05:17:59.654+0000] {dag.py:4180} INFO - Setting next_dagrun for dataset_with_extra_by_context to 2024-11-14 00:00:00+00:00, run_after=2024-11-15 00:00:00+00:00
[2024-11-15T05:17:59.660+0000] {logging_mixin.py:190} INFO - [2024-11-15T05:17:59.660+0000] {dag.py:4180} INFO - Setting next_dagrun for dataset_with_extra_by_yield to 2024-11-14 00:00:00+00:00, run_after=2024-11-15 00:00:00+00:00
[2024-11-15T05:17:59.663+0000] {logging_mixin.py:190} INFO - [2024-11-15T05:17:59.663+0000] {dag.py:4180} INFO - Setting next_dagrun for dataset_with_extra_from_classic_operator to 2024-11-14 00:00:00+00:00, run_after=2024-11-15 00:00:00+00:00
[2024-11-15T05:17:59.688+0000] {processor.py:208} INFO - Processing /home/airflow/.local/lib/python3.12/site-packages/airflow/example_dags/example_outlet_event_extra.py took 0.646 seconds
[2024-11-15T05:20:09.277+0000] {processor.py:186} INFO - Started process (PID=77) to work on /home/airflow/.local/lib/python3.12/site-packages/airflow/example_dags/example_outlet_event_extra.py
[2024-11-15T05:20:09.279+0000] {processor.py:914} INFO - Processing file /home/airflow/.local/lib/python3.12/site-packages/airflow/example_dags/example_outlet_event_extra.py for tasks to queue
[2024-11-15T05:20:09.282+0000] {logging_mixin.py:190} INFO - [2024-11-15T05:20:09.282+0000] {dagbag.py:588} INFO - Filling up the DagBag from /home/airflow/.local/lib/python3.12/site-packages/airflow/example_dags/example_outlet_event_extra.py
[2024-11-15T05:20:10.139+0000] {processor.py:925} INFO - DAG(s) 'dataset_with_extra_from_classic_operator', 'dataset_with_extra_by_yield', 'dataset_with_extra_by_context' retrieved from /home/airflow/.local/lib/python3.12/site-packages/airflow/example_dags/example_outlet_event_extra.py
[2024-11-15T05:20:10.300+0000] {logging_mixin.py:190} INFO - [2024-11-15T05:20:10.299+0000] {override.py:1911} INFO - Created Permission View: can delete on DAG:dataset_with_extra_from_classic_operator
[2024-11-15T05:20:10.319+0000] {logging_mixin.py:190} INFO - [2024-11-15T05:20:10.319+0000] {override.py:1911} INFO - Created Permission View: can edit on DAG:dataset_with_extra_from_classic_operator
[2024-11-15T05:20:10.337+0000] {logging_mixin.py:190} INFO - [2024-11-15T05:20:10.336+0000] {override.py:1911} INFO - Created Permission View: can read on DAG:dataset_with_extra_from_classic_operator
[2024-11-15T05:20:10.355+0000] {logging_mixin.py:190} INFO - [2024-11-15T05:20:10.354+0000] {override.py:1911} INFO - Created Permission View: can delete on DAG Run:dataset_with_extra_from_classic_operator
[2024-11-15T05:20:10.370+0000] {logging_mixin.py:190} INFO - [2024-11-15T05:20:10.370+0000] {override.py:1911} INFO - Created Permission View: can read on DAG Run:dataset_with_extra_from_classic_operator
[2024-11-15T05:20:10.385+0000] {logging_mixin.py:190} INFO - [2024-11-15T05:20:10.385+0000] {override.py:1911} INFO - Created Permission View: can create on DAG Run:dataset_with_extra_from_classic_operator
[2024-11-15T05:20:10.399+0000] {logging_mixin.py:190} INFO - [2024-11-15T05:20:10.399+0000] {override.py:1911} INFO - Created Permission View: menu access on DAG Run:dataset_with_extra_from_classic_operator
[2024-11-15T05:20:10.432+0000] {logging_mixin.py:190} INFO - [2024-11-15T05:20:10.432+0000] {override.py:1911} INFO - Created Permission View: can delete on DAG:dataset_with_extra_by_yield
[2024-11-15T05:20:10.444+0000] {logging_mixin.py:190} INFO - [2024-11-15T05:20:10.444+0000] {override.py:1911} INFO - Created Permission View: can edit on DAG:dataset_with_extra_by_yield
[2024-11-15T05:20:10.457+0000] {logging_mixin.py:190} INFO - [2024-11-15T05:20:10.456+0000] {override.py:1911} INFO - Created Permission View: can read on DAG:dataset_with_extra_by_yield
[2024-11-15T05:20:10.478+0000] {logging_mixin.py:190} INFO - [2024-11-15T05:20:10.477+0000] {override.py:1911} INFO - Created Permission View: can delete on DAG Run:dataset_with_extra_by_yield
[2024-11-15T05:20:10.494+0000] {logging_mixin.py:190} INFO - [2024-11-15T05:20:10.493+0000] {override.py:1911} INFO - Created Permission View: can read on DAG Run:dataset_with_extra_by_yield
[2024-11-15T05:20:10.508+0000] {logging_mixin.py:190} INFO - [2024-11-15T05:20:10.508+0000] {override.py:1911} INFO - Created Permission View: can create on DAG Run:dataset_with_extra_by_yield
[2024-11-15T05:20:10.522+0000] {logging_mixin.py:190} INFO - [2024-11-15T05:20:10.521+0000] {override.py:1911} INFO - Created Permission View: menu access on DAG Run:dataset_with_extra_by_yield
[2024-11-15T05:20:10.549+0000] {logging_mixin.py:190} INFO - [2024-11-15T05:20:10.549+0000] {override.py:1911} INFO - Created Permission View: can delete on DAG:dataset_with_extra_by_context
[2024-11-15T05:20:10.563+0000] {logging_mixin.py:190} INFO - [2024-11-15T05:20:10.562+0000] {override.py:1911} INFO - Created Permission View: can edit on DAG:dataset_with_extra_by_context
[2024-11-15T05:20:10.575+0000] {logging_mixin.py:190} INFO - [2024-11-15T05:20:10.574+0000] {override.py:1911} INFO - Created Permission View: can read on DAG:dataset_with_extra_by_context
[2024-11-15T05:20:10.589+0000] {logging_mixin.py:190} INFO - [2024-11-15T05:20:10.589+0000] {override.py:1911} INFO - Created Permission View: can delete on DAG Run:dataset_with_extra_by_context
[2024-11-15T05:20:10.603+0000] {logging_mixin.py:190} INFO - [2024-11-15T05:20:10.602+0000] {override.py:1911} INFO - Created Permission View: can read on DAG Run:dataset_with_extra_by_context
[2024-11-15T05:20:10.617+0000] {logging_mixin.py:190} INFO - [2024-11-15T05:20:10.616+0000] {override.py:1911} INFO - Created Permission View: can create on DAG Run:dataset_with_extra_by_context
[2024-11-15T05:20:10.631+0000] {logging_mixin.py:190} INFO - [2024-11-15T05:20:10.631+0000] {override.py:1911} INFO - Created Permission View: menu access on DAG Run:dataset_with_extra_by_context
[2024-11-15T05:20:10.632+0000] {logging_mixin.py:190} INFO - [2024-11-15T05:20:10.632+0000] {dag.py:3239} INFO - Sync 3 DAGs
[2024-11-15T05:20:10.651+0000] {logging_mixin.py:190} INFO - [2024-11-15T05:20:10.650+0000] {dag.py:3262} INFO - Creating ORM DAG for dataset_with_extra_from_classic_operator
[2024-11-15T05:20:10.652+0000] {logging_mixin.py:190} INFO - [2024-11-15T05:20:10.652+0000] {dag.py:3262} INFO - Creating ORM DAG for dataset_with_extra_by_yield
[2024-11-15T05:20:10.655+0000] {logging_mixin.py:190} INFO - [2024-11-15T05:20:10.653+0000] {dag.py:3262} INFO - Creating ORM DAG for dataset_with_extra_by_context
[2024-11-15T05:20:10.669+0000] {logging_mixin.py:190} INFO - [2024-11-15T05:20:10.669+0000] {dag.py:4180} INFO - Setting next_dagrun for dataset_with_extra_by_context to 2024-11-14 00:00:00+00:00, run_after=2024-11-15 00:00:00+00:00
[2024-11-15T05:20:10.672+0000] {logging_mixin.py:190} INFO - [2024-11-15T05:20:10.672+0000] {dag.py:4180} INFO - Setting next_dagrun for dataset_with_extra_by_yield to 2024-11-14 00:00:00+00:00, run_after=2024-11-15 00:00:00+00:00
[2024-11-15T05:20:10.675+0000] {logging_mixin.py:190} INFO - [2024-11-15T05:20:10.675+0000] {dag.py:4180} INFO - Setting next_dagrun for dataset_with_extra_from_classic_operator to 2024-11-14 00:00:00+00:00, run_after=2024-11-15 00:00:00+00:00
[2024-11-15T05:20:10.717+0000] {processor.py:208} INFO - Processing /home/airflow/.local/lib/python3.12/site-packages/airflow/example_dags/example_outlet_event_extra.py took 1.448 seconds
[2024-11-15T05:20:41.254+0000] {processor.py:186} INFO - Started process (PID=142) to work on /home/airflow/.local/lib/python3.12/site-packages/airflow/example_dags/example_outlet_event_extra.py
[2024-11-15T05:20:41.256+0000] {processor.py:914} INFO - Processing file /home/airflow/.local/lib/python3.12/site-packages/airflow/example_dags/example_outlet_event_extra.py for tasks to queue
[2024-11-15T05:20:41.262+0000] {logging_mixin.py:190} INFO - [2024-11-15T05:20:41.261+0000] {dagbag.py:588} INFO - Filling up the DagBag from /home/airflow/.local/lib/python3.12/site-packages/airflow/example_dags/example_outlet_event_extra.py
[2024-11-15T05:20:42.059+0000] {processor.py:925} INFO - DAG(s) 'dataset_with_extra_from_classic_operator', 'dataset_with_extra_by_context', 'dataset_with_extra_by_yield' retrieved from /home/airflow/.local/lib/python3.12/site-packages/airflow/example_dags/example_outlet_event_extra.py
[2024-11-15T05:20:42.122+0000] {logging_mixin.py:190} INFO - [2024-11-15T05:20:42.121+0000] {dag.py:3239} INFO - Sync 3 DAGs
[2024-11-15T05:20:42.168+0000] {logging_mixin.py:190} INFO - [2024-11-15T05:20:42.168+0000] {dag.py:4180} INFO - Setting next_dagrun for dataset_with_extra_by_context to 2024-11-14 00:00:00+00:00, run_after=2024-11-15 00:00:00+00:00
[2024-11-15T05:20:42.179+0000] {logging_mixin.py:190} INFO - [2024-11-15T05:20:42.179+0000] {dag.py:4180} INFO - Setting next_dagrun for dataset_with_extra_by_yield to 2024-11-14 00:00:00+00:00, run_after=2024-11-15 00:00:00+00:00
[2024-11-15T05:20:42.184+0000] {logging_mixin.py:190} INFO - [2024-11-15T05:20:42.184+0000] {dag.py:4180} INFO - Setting next_dagrun for dataset_with_extra_from_classic_operator to 2024-11-14 00:00:00+00:00, run_after=2024-11-15 00:00:00+00:00
[2024-11-15T05:20:42.225+0000] {processor.py:208} INFO - Processing /home/airflow/.local/lib/python3.12/site-packages/airflow/example_dags/example_outlet_event_extra.py took 0.980 seconds
[2024-11-15T05:21:12.794+0000] {processor.py:186} INFO - Started process (PID=207) to work on /home/airflow/.local/lib/python3.12/site-packages/airflow/example_dags/example_outlet_event_extra.py
[2024-11-15T05:21:12.795+0000] {processor.py:914} INFO - Processing file /home/airflow/.local/lib/python3.12/site-packages/airflow/example_dags/example_outlet_event_extra.py for tasks to queue
[2024-11-15T05:21:12.798+0000] {logging_mixin.py:190} INFO - [2024-11-15T05:21:12.797+0000] {dagbag.py:588} INFO - Filling up the DagBag from /home/airflow/.local/lib/python3.12/site-packages/airflow/example_dags/example_outlet_event_extra.py
[2024-11-15T05:21:13.279+0000] {processor.py:925} INFO - DAG(s) 'dataset_with_extra_from_classic_operator', 'dataset_with_extra_by_yield', 'dataset_with_extra_by_context' retrieved from /home/airflow/.local/lib/python3.12/site-packages/airflow/example_dags/example_outlet_event_extra.py
[2024-11-15T05:21:13.301+0000] {logging_mixin.py:190} INFO - [2024-11-15T05:21:13.301+0000] {dag.py:3239} INFO - Sync 3 DAGs
[2024-11-15T05:21:13.322+0000] {logging_mixin.py:190} INFO - [2024-11-15T05:21:13.321+0000] {dag.py:4180} INFO - Setting next_dagrun for dataset_with_extra_by_context to 2024-11-14 00:00:00+00:00, run_after=2024-11-15 00:00:00+00:00
[2024-11-15T05:21:13.326+0000] {logging_mixin.py:190} INFO - [2024-11-15T05:21:13.326+0000] {dag.py:4180} INFO - Setting next_dagrun for dataset_with_extra_by_yield to 2024-11-14 00:00:00+00:00, run_after=2024-11-15 00:00:00+00:00
[2024-11-15T05:21:13.329+0000] {logging_mixin.py:190} INFO - [2024-11-15T05:21:13.329+0000] {dag.py:4180} INFO - Setting next_dagrun for dataset_with_extra_from_classic_operator to 2024-11-14 00:00:00+00:00, run_after=2024-11-15 00:00:00+00:00
[2024-11-15T05:21:13.354+0000] {processor.py:208} INFO - Processing /home/airflow/.local/lib/python3.12/site-packages/airflow/example_dags/example_outlet_event_extra.py took 0.565 seconds
[2024-11-15T05:21:43.702+0000] {processor.py:186} INFO - Started process (PID=271) to work on /home/airflow/.local/lib/python3.12/site-packages/airflow/example_dags/example_outlet_event_extra.py
[2024-11-15T05:21:43.703+0000] {processor.py:914} INFO - Processing file /home/airflow/.local/lib/python3.12/site-packages/airflow/example_dags/example_outlet_event_extra.py for tasks to queue
[2024-11-15T05:21:43.707+0000] {logging_mixin.py:190} INFO - [2024-11-15T05:21:43.707+0000] {dagbag.py:588} INFO - Filling up the DagBag from /home/airflow/.local/lib/python3.12/site-packages/airflow/example_dags/example_outlet_event_extra.py
[2024-11-15T05:21:44.280+0000] {processor.py:925} INFO - DAG(s) 'dataset_with_extra_by_context', 'dataset_with_extra_from_classic_operator', 'dataset_with_extra_by_yield' retrieved from /home/airflow/.local/lib/python3.12/site-packages/airflow/example_dags/example_outlet_event_extra.py
[2024-11-15T05:21:44.307+0000] {logging_mixin.py:190} INFO - [2024-11-15T05:21:44.307+0000] {dag.py:3239} INFO - Sync 3 DAGs
[2024-11-15T05:21:44.335+0000] {logging_mixin.py:190} INFO - [2024-11-15T05:21:44.334+0000] {dag.py:4180} INFO - Setting next_dagrun for dataset_with_extra_by_context to 2024-11-14 00:00:00+00:00, run_after=2024-11-15 00:00:00+00:00
[2024-11-15T05:21:44.341+0000] {logging_mixin.py:190} INFO - [2024-11-15T05:21:44.340+0000] {dag.py:4180} INFO - Setting next_dagrun for dataset_with_extra_by_yield to 2024-11-14 00:00:00+00:00, run_after=2024-11-15 00:00:00+00:00
[2024-11-15T05:21:44.344+0000] {logging_mixin.py:190} INFO - [2024-11-15T05:21:44.344+0000] {dag.py:4180} INFO - Setting next_dagrun for dataset_with_extra_from_classic_operator to 2024-11-14 00:00:00+00:00, run_after=2024-11-15 00:00:00+00:00
[2024-11-15T05:21:44.368+0000] {processor.py:208} INFO - Processing /home/airflow/.local/lib/python3.12/site-packages/airflow/example_dags/example_outlet_event_extra.py took 0.671 seconds
[2024-11-15T05:22:14.675+0000] {processor.py:186} INFO - Started process (PID=335) to work on /home/airflow/.local/lib/python3.12/site-packages/airflow/example_dags/example_outlet_event_extra.py
[2024-11-15T05:22:14.676+0000] {processor.py:914} INFO - Processing file /home/airflow/.local/lib/python3.12/site-packages/airflow/example_dags/example_outlet_event_extra.py for tasks to queue
[2024-11-15T05:22:14.678+0000] {logging_mixin.py:190} INFO - [2024-11-15T05:22:14.678+0000] {dagbag.py:588} INFO - Filling up the DagBag from /home/airflow/.local/lib/python3.12/site-packages/airflow/example_dags/example_outlet_event_extra.py
[2024-11-15T05:22:15.209+0000] {processor.py:925} INFO - DAG(s) 'dataset_with_extra_by_context', 'dataset_with_extra_by_yield', 'dataset_with_extra_from_classic_operator' retrieved from /home/airflow/.local/lib/python3.12/site-packages/airflow/example_dags/example_outlet_event_extra.py
[2024-11-15T05:22:15.234+0000] {logging_mixin.py:190} INFO - [2024-11-15T05:22:15.234+0000] {dag.py:3239} INFO - Sync 3 DAGs
[2024-11-15T05:22:15.259+0000] {logging_mixin.py:190} INFO - [2024-11-15T05:22:15.258+0000] {dag.py:4180} INFO - Setting next_dagrun for dataset_with_extra_by_context to 2024-11-14 00:00:00+00:00, run_after=2024-11-15 00:00:00+00:00
[2024-11-15T05:22:15.264+0000] {logging_mixin.py:190} INFO - [2024-11-15T05:22:15.264+0000] {dag.py:4180} INFO - Setting next_dagrun for dataset_with_extra_by_yield to 2024-11-14 00:00:00+00:00, run_after=2024-11-15 00:00:00+00:00
[2024-11-15T05:22:15.268+0000] {logging_mixin.py:190} INFO - [2024-11-15T05:22:15.267+0000] {dag.py:4180} INFO - Setting next_dagrun for dataset_with_extra_from_classic_operator to 2024-11-14 00:00:00+00:00, run_after=2024-11-15 00:00:00+00:00
[2024-11-15T05:22:15.293+0000] {processor.py:208} INFO - Processing /home/airflow/.local/lib/python3.12/site-packages/airflow/example_dags/example_outlet_event_extra.py took 0.623 seconds
[2024-11-15T05:22:45.501+0000] {processor.py:186} INFO - Started process (PID=403) to work on /home/airflow/.local/lib/python3.12/site-packages/airflow/example_dags/example_outlet_event_extra.py
[2024-11-15T05:22:45.503+0000] {processor.py:914} INFO - Processing file /home/airflow/.local/lib/python3.12/site-packages/airflow/example_dags/example_outlet_event_extra.py for tasks to queue
[2024-11-15T05:22:45.507+0000] {logging_mixin.py:190} INFO - [2024-11-15T05:22:45.506+0000] {dagbag.py:588} INFO - Filling up the DagBag from /home/airflow/.local/lib/python3.12/site-packages/airflow/example_dags/example_outlet_event_extra.py
[2024-11-15T05:22:46.267+0000] {processor.py:925} INFO - DAG(s) 'dataset_with_extra_from_classic_operator', 'dataset_with_extra_by_yield', 'dataset_with_extra_by_context' retrieved from /home/airflow/.local/lib/python3.12/site-packages/airflow/example_dags/example_outlet_event_extra.py
[2024-11-15T05:22:46.296+0000] {logging_mixin.py:190} INFO - [2024-11-15T05:22:46.296+0000] {dag.py:3239} INFO - Sync 3 DAGs
[2024-11-15T05:22:46.324+0000] {logging_mixin.py:190} INFO - [2024-11-15T05:22:46.323+0000] {dag.py:4180} INFO - Setting next_dagrun for dataset_with_extra_by_context to 2024-11-14 00:00:00+00:00, run_after=2024-11-15 00:00:00+00:00
[2024-11-15T05:22:46.330+0000] {logging_mixin.py:190} INFO - [2024-11-15T05:22:46.330+0000] {dag.py:4180} INFO - Setting next_dagrun for dataset_with_extra_by_yield to 2024-11-14 00:00:00+00:00, run_after=2024-11-15 00:00:00+00:00
[2024-11-15T05:22:46.334+0000] {logging_mixin.py:190} INFO - [2024-11-15T05:22:46.334+0000] {dag.py:4180} INFO - Setting next_dagrun for dataset_with_extra_from_classic_operator to 2024-11-14 00:00:00+00:00, run_after=2024-11-15 00:00:00+00:00
[2024-11-15T05:22:46.369+0000] {processor.py:208} INFO - Processing /home/airflow/.local/lib/python3.12/site-packages/airflow/example_dags/example_outlet_event_extra.py took 0.875 seconds
