[2024-11-15T05:12:38.057+0000] {processor.py:186} INFO - Started process (PID=53) to work on /home/airflow/.local/lib/python3.12/site-packages/airflow/example_dags/example_display_name.py
[2024-11-15T05:12:38.059+0000] {processor.py:914} INFO - Processing file /home/airflow/.local/lib/python3.12/site-packages/airflow/example_dags/example_display_name.py for tasks to queue
[2024-11-15T05:12:38.064+0000] {logging_mixin.py:190} INFO - [2024-11-15T05:12:38.063+0000] {dagbag.py:588} INFO - Filling up the DagBag from /home/airflow/.local/lib/python3.12/site-packages/airflow/example_dags/example_display_name.py
[2024-11-15T05:12:38.085+0000] {processor.py:925} INFO - DAG(s) 'example_display_name' retrieved from /home/airflow/.local/lib/python3.12/site-packages/airflow/example_dags/example_display_name.py
[2024-11-15T05:12:38.301+0000] {logging_mixin.py:190} INFO - [2024-11-15T05:12:38.300+0000] {override.py:1911} INFO - Created Permission View: can delete on DAG:example_display_name
[2024-11-15T05:12:38.321+0000] {logging_mixin.py:190} INFO - [2024-11-15T05:12:38.320+0000] {override.py:1911} INFO - Created Permission View: can edit on DAG:example_display_name
[2024-11-15T05:12:38.335+0000] {logging_mixin.py:190} INFO - [2024-11-15T05:12:38.334+0000] {override.py:1911} INFO - Created Permission View: can read on DAG:example_display_name
[2024-11-15T05:12:38.352+0000] {logging_mixin.py:190} INFO - [2024-11-15T05:12:38.352+0000] {override.py:1911} INFO - Created Permission View: can create on DAG Run:example_display_name
[2024-11-15T05:12:38.368+0000] {logging_mixin.py:190} INFO - [2024-11-15T05:12:38.367+0000] {override.py:1911} INFO - Created Permission View: can delete on DAG Run:example_display_name
[2024-11-15T05:12:38.385+0000] {logging_mixin.py:190} INFO - [2024-11-15T05:12:38.384+0000] {override.py:1911} INFO - Created Permission View: menu access on DAG Run:example_display_name
[2024-11-15T05:12:38.404+0000] {logging_mixin.py:190} INFO - [2024-11-15T05:12:38.403+0000] {override.py:1911} INFO - Created Permission View: can read on DAG Run:example_display_name
[2024-11-15T05:12:38.405+0000] {logging_mixin.py:190} INFO - [2024-11-15T05:12:38.405+0000] {dag.py:3239} INFO - Sync 1 DAGs
[2024-11-15T05:12:38.429+0000] {logging_mixin.py:190} INFO - [2024-11-15T05:12:38.429+0000] {dag.py:3262} INFO - Creating ORM DAG for example_display_name
[2024-11-15T05:12:38.431+0000] {logging_mixin.py:190} INFO - [2024-11-15T05:12:38.431+0000] {dag.py:4180} INFO - Setting next_dagrun for example_display_name to None, run_after=None
[2024-11-15T05:12:38.471+0000] {processor.py:208} INFO - Processing /home/airflow/.local/lib/python3.12/site-packages/airflow/example_dags/example_display_name.py took 0.423 seconds
[2024-11-15T05:13:08.692+0000] {processor.py:186} INFO - Started process (PID=117) to work on /home/airflow/.local/lib/python3.12/site-packages/airflow/example_dags/example_display_name.py
[2024-11-15T05:13:08.693+0000] {processor.py:914} INFO - Processing file /home/airflow/.local/lib/python3.12/site-packages/airflow/example_dags/example_display_name.py for tasks to queue
[2024-11-15T05:13:08.696+0000] {logging_mixin.py:190} INFO - [2024-11-15T05:13:08.696+0000] {dagbag.py:588} INFO - Filling up the DagBag from /home/airflow/.local/lib/python3.12/site-packages/airflow/example_dags/example_display_name.py
[2024-11-15T05:13:08.706+0000] {processor.py:925} INFO - DAG(s) 'example_display_name' retrieved from /home/airflow/.local/lib/python3.12/site-packages/airflow/example_dags/example_display_name.py
[2024-11-15T05:13:08.724+0000] {logging_mixin.py:190} INFO - [2024-11-15T05:13:08.724+0000] {dag.py:3239} INFO - Sync 1 DAGs
[2024-11-15T05:13:08.736+0000] {logging_mixin.py:190} INFO - [2024-11-15T05:13:08.736+0000] {dag.py:4180} INFO - Setting next_dagrun for example_display_name to None, run_after=None
[2024-11-15T05:13:08.758+0000] {processor.py:208} INFO - Processing /home/airflow/.local/lib/python3.12/site-packages/airflow/example_dags/example_display_name.py took 0.072 seconds
[2024-11-15T05:13:39.304+0000] {processor.py:186} INFO - Started process (PID=190) to work on /home/airflow/.local/lib/python3.12/site-packages/airflow/example_dags/example_display_name.py
[2024-11-15T05:13:39.305+0000] {processor.py:914} INFO - Processing file /home/airflow/.local/lib/python3.12/site-packages/airflow/example_dags/example_display_name.py for tasks to queue
[2024-11-15T05:13:39.308+0000] {logging_mixin.py:190} INFO - [2024-11-15T05:13:39.307+0000] {dagbag.py:588} INFO - Filling up the DagBag from /home/airflow/.local/lib/python3.12/site-packages/airflow/example_dags/example_display_name.py
[2024-11-15T05:13:39.317+0000] {processor.py:925} INFO - DAG(s) 'example_display_name' retrieved from /home/airflow/.local/lib/python3.12/site-packages/airflow/example_dags/example_display_name.py
[2024-11-15T05:13:39.338+0000] {logging_mixin.py:190} INFO - [2024-11-15T05:13:39.338+0000] {dag.py:3239} INFO - Sync 1 DAGs
[2024-11-15T05:13:39.353+0000] {logging_mixin.py:190} INFO - [2024-11-15T05:13:39.353+0000] {dag.py:4180} INFO - Setting next_dagrun for example_display_name to None, run_after=None
[2024-11-15T05:13:39.398+0000] {processor.py:208} INFO - Processing /home/airflow/.local/lib/python3.12/site-packages/airflow/example_dags/example_display_name.py took 0.101 seconds
[2024-11-15T05:14:09.801+0000] {processor.py:186} INFO - Started process (PID=254) to work on /home/airflow/.local/lib/python3.12/site-packages/airflow/example_dags/example_display_name.py
[2024-11-15T05:14:09.802+0000] {processor.py:914} INFO - Processing file /home/airflow/.local/lib/python3.12/site-packages/airflow/example_dags/example_display_name.py for tasks to queue
[2024-11-15T05:14:09.805+0000] {logging_mixin.py:190} INFO - [2024-11-15T05:14:09.805+0000] {dagbag.py:588} INFO - Filling up the DagBag from /home/airflow/.local/lib/python3.12/site-packages/airflow/example_dags/example_display_name.py
[2024-11-15T05:14:09.814+0000] {processor.py:925} INFO - DAG(s) 'example_display_name' retrieved from /home/airflow/.local/lib/python3.12/site-packages/airflow/example_dags/example_display_name.py
[2024-11-15T05:14:09.832+0000] {logging_mixin.py:190} INFO - [2024-11-15T05:14:09.832+0000] {dag.py:3239} INFO - Sync 1 DAGs
[2024-11-15T05:14:09.846+0000] {logging_mixin.py:190} INFO - [2024-11-15T05:14:09.845+0000] {dag.py:4180} INFO - Setting next_dagrun for example_display_name to None, run_after=None
[2024-11-15T05:14:09.866+0000] {processor.py:208} INFO - Processing /home/airflow/.local/lib/python3.12/site-packages/airflow/example_dags/example_display_name.py took 0.072 seconds
[2024-11-15T05:14:40.552+0000] {processor.py:186} INFO - Started process (PID=318) to work on /home/airflow/.local/lib/python3.12/site-packages/airflow/example_dags/example_display_name.py
[2024-11-15T05:14:40.553+0000] {processor.py:914} INFO - Processing file /home/airflow/.local/lib/python3.12/site-packages/airflow/example_dags/example_display_name.py for tasks to queue
[2024-11-15T05:14:40.556+0000] {logging_mixin.py:190} INFO - [2024-11-15T05:14:40.555+0000] {dagbag.py:588} INFO - Filling up the DagBag from /home/airflow/.local/lib/python3.12/site-packages/airflow/example_dags/example_display_name.py
[2024-11-15T05:14:40.566+0000] {processor.py:925} INFO - DAG(s) 'example_display_name' retrieved from /home/airflow/.local/lib/python3.12/site-packages/airflow/example_dags/example_display_name.py
[2024-11-15T05:14:40.590+0000] {logging_mixin.py:190} INFO - [2024-11-15T05:14:40.590+0000] {dag.py:3239} INFO - Sync 1 DAGs
[2024-11-15T05:14:40.605+0000] {logging_mixin.py:190} INFO - [2024-11-15T05:14:40.605+0000] {dag.py:4180} INFO - Setting next_dagrun for example_display_name to None, run_after=None
[2024-11-15T05:14:40.632+0000] {processor.py:208} INFO - Processing /home/airflow/.local/lib/python3.12/site-packages/airflow/example_dags/example_display_name.py took 0.089 seconds
[2024-11-15T05:15:10.885+0000] {processor.py:186} INFO - Started process (PID=409) to work on /home/airflow/.local/lib/python3.12/site-packages/airflow/example_dags/example_display_name.py
[2024-11-15T05:15:10.886+0000] {processor.py:914} INFO - Processing file /home/airflow/.local/lib/python3.12/site-packages/airflow/example_dags/example_display_name.py for tasks to queue
[2024-11-15T05:15:10.889+0000] {logging_mixin.py:190} INFO - [2024-11-15T05:15:10.889+0000] {dagbag.py:588} INFO - Filling up the DagBag from /home/airflow/.local/lib/python3.12/site-packages/airflow/example_dags/example_display_name.py
[2024-11-15T05:15:10.901+0000] {processor.py:925} INFO - DAG(s) 'example_display_name' retrieved from /home/airflow/.local/lib/python3.12/site-packages/airflow/example_dags/example_display_name.py
[2024-11-15T05:15:10.928+0000] {logging_mixin.py:190} INFO - [2024-11-15T05:15:10.928+0000] {dag.py:3239} INFO - Sync 1 DAGs
[2024-11-15T05:15:10.946+0000] {logging_mixin.py:190} INFO - [2024-11-15T05:15:10.946+0000] {dag.py:4180} INFO - Setting next_dagrun for example_display_name to None, run_after=None
[2024-11-15T05:15:10.978+0000] {processor.py:208} INFO - Processing /home/airflow/.local/lib/python3.12/site-packages/airflow/example_dags/example_display_name.py took 0.105 seconds
[2024-11-15T05:15:41.255+0000] {processor.py:186} INFO - Started process (PID=485) to work on /home/airflow/.local/lib/python3.12/site-packages/airflow/example_dags/example_display_name.py
[2024-11-15T05:15:41.257+0000] {processor.py:914} INFO - Processing file /home/airflow/.local/lib/python3.12/site-packages/airflow/example_dags/example_display_name.py for tasks to queue
[2024-11-15T05:15:41.261+0000] {logging_mixin.py:190} INFO - [2024-11-15T05:15:41.260+0000] {dagbag.py:588} INFO - Filling up the DagBag from /home/airflow/.local/lib/python3.12/site-packages/airflow/example_dags/example_display_name.py
[2024-11-15T05:15:41.274+0000] {processor.py:925} INFO - DAG(s) 'example_display_name' retrieved from /home/airflow/.local/lib/python3.12/site-packages/airflow/example_dags/example_display_name.py
[2024-11-15T05:15:41.310+0000] {logging_mixin.py:190} INFO - [2024-11-15T05:15:41.309+0000] {dag.py:3239} INFO - Sync 1 DAGs
[2024-11-15T05:15:41.340+0000] {logging_mixin.py:190} INFO - [2024-11-15T05:15:41.339+0000] {dag.py:4180} INFO - Setting next_dagrun for example_display_name to None, run_after=None
[2024-11-15T05:15:41.374+0000] {processor.py:208} INFO - Processing /home/airflow/.local/lib/python3.12/site-packages/airflow/example_dags/example_display_name.py took 0.137 seconds
[2024-11-15T05:16:11.912+0000] {processor.py:186} INFO - Started process (PID=549) to work on /home/airflow/.local/lib/python3.12/site-packages/airflow/example_dags/example_display_name.py
[2024-11-15T05:16:11.913+0000] {processor.py:914} INFO - Processing file /home/airflow/.local/lib/python3.12/site-packages/airflow/example_dags/example_display_name.py for tasks to queue
[2024-11-15T05:16:11.916+0000] {logging_mixin.py:190} INFO - [2024-11-15T05:16:11.916+0000] {dagbag.py:588} INFO - Filling up the DagBag from /home/airflow/.local/lib/python3.12/site-packages/airflow/example_dags/example_display_name.py
[2024-11-15T05:16:11.922+0000] {processor.py:925} INFO - DAG(s) 'example_display_name' retrieved from /home/airflow/.local/lib/python3.12/site-packages/airflow/example_dags/example_display_name.py
[2024-11-15T05:16:11.940+0000] {logging_mixin.py:190} INFO - [2024-11-15T05:16:11.940+0000] {dag.py:3239} INFO - Sync 1 DAGs
[2024-11-15T05:16:11.952+0000] {logging_mixin.py:190} INFO - [2024-11-15T05:16:11.952+0000] {dag.py:4180} INFO - Setting next_dagrun for example_display_name to None, run_after=None
[2024-11-15T05:16:11.975+0000] {processor.py:208} INFO - Processing /home/airflow/.local/lib/python3.12/site-packages/airflow/example_dags/example_display_name.py took 0.072 seconds
[2024-11-15T05:16:42.672+0000] {processor.py:186} INFO - Started process (PID=613) to work on /home/airflow/.local/lib/python3.12/site-packages/airflow/example_dags/example_display_name.py
[2024-11-15T05:16:42.674+0000] {processor.py:914} INFO - Processing file /home/airflow/.local/lib/python3.12/site-packages/airflow/example_dags/example_display_name.py for tasks to queue
[2024-11-15T05:16:42.678+0000] {logging_mixin.py:190} INFO - [2024-11-15T05:16:42.678+0000] {dagbag.py:588} INFO - Filling up the DagBag from /home/airflow/.local/lib/python3.12/site-packages/airflow/example_dags/example_display_name.py
[2024-11-15T05:16:42.686+0000] {processor.py:925} INFO - DAG(s) 'example_display_name' retrieved from /home/airflow/.local/lib/python3.12/site-packages/airflow/example_dags/example_display_name.py
[2024-11-15T05:16:42.706+0000] {logging_mixin.py:190} INFO - [2024-11-15T05:16:42.705+0000] {dag.py:3239} INFO - Sync 1 DAGs
[2024-11-15T05:16:42.721+0000] {logging_mixin.py:190} INFO - [2024-11-15T05:16:42.721+0000] {dag.py:4180} INFO - Setting next_dagrun for example_display_name to None, run_after=None
[2024-11-15T05:16:42.755+0000] {processor.py:208} INFO - Processing /home/airflow/.local/lib/python3.12/site-packages/airflow/example_dags/example_display_name.py took 0.092 seconds
[2024-11-15T05:17:13.212+0000] {processor.py:186} INFO - Started process (PID=677) to work on /home/airflow/.local/lib/python3.12/site-packages/airflow/example_dags/example_display_name.py
[2024-11-15T05:17:13.213+0000] {processor.py:914} INFO - Processing file /home/airflow/.local/lib/python3.12/site-packages/airflow/example_dags/example_display_name.py for tasks to queue
[2024-11-15T05:17:13.219+0000] {logging_mixin.py:190} INFO - [2024-11-15T05:17:13.217+0000] {dagbag.py:588} INFO - Filling up the DagBag from /home/airflow/.local/lib/python3.12/site-packages/airflow/example_dags/example_display_name.py
[2024-11-15T05:17:13.230+0000] {processor.py:925} INFO - DAG(s) 'example_display_name' retrieved from /home/airflow/.local/lib/python3.12/site-packages/airflow/example_dags/example_display_name.py
[2024-11-15T05:17:13.250+0000] {logging_mixin.py:190} INFO - [2024-11-15T05:17:13.249+0000] {dag.py:3239} INFO - Sync 1 DAGs
[2024-11-15T05:17:13.266+0000] {logging_mixin.py:190} INFO - [2024-11-15T05:17:13.265+0000] {dag.py:4180} INFO - Setting next_dagrun for example_display_name to None, run_after=None
[2024-11-15T05:17:13.301+0000] {processor.py:208} INFO - Processing /home/airflow/.local/lib/python3.12/site-packages/airflow/example_dags/example_display_name.py took 0.100 seconds
[2024-11-15T05:17:43.674+0000] {processor.py:186} INFO - Started process (PID=741) to work on /home/airflow/.local/lib/python3.12/site-packages/airflow/example_dags/example_display_name.py
[2024-11-15T05:17:43.676+0000] {processor.py:914} INFO - Processing file /home/airflow/.local/lib/python3.12/site-packages/airflow/example_dags/example_display_name.py for tasks to queue
[2024-11-15T05:17:43.679+0000] {logging_mixin.py:190} INFO - [2024-11-15T05:17:43.678+0000] {dagbag.py:588} INFO - Filling up the DagBag from /home/airflow/.local/lib/python3.12/site-packages/airflow/example_dags/example_display_name.py
[2024-11-15T05:17:43.689+0000] {processor.py:925} INFO - DAG(s) 'example_display_name' retrieved from /home/airflow/.local/lib/python3.12/site-packages/airflow/example_dags/example_display_name.py
[2024-11-15T05:17:43.716+0000] {logging_mixin.py:190} INFO - [2024-11-15T05:17:43.715+0000] {dag.py:3239} INFO - Sync 1 DAGs
[2024-11-15T05:17:43.735+0000] {logging_mixin.py:190} INFO - [2024-11-15T05:17:43.735+0000] {dag.py:4180} INFO - Setting next_dagrun for example_display_name to None, run_after=None
[2024-11-15T05:17:43.771+0000] {processor.py:208} INFO - Processing /home/airflow/.local/lib/python3.12/site-packages/airflow/example_dags/example_display_name.py took 0.107 seconds
[2024-11-15T05:20:01.184+0000] {processor.py:186} INFO - Started process (PID=53) to work on /home/airflow/.local/lib/python3.12/site-packages/airflow/example_dags/example_display_name.py
[2024-11-15T05:20:01.186+0000] {processor.py:914} INFO - Processing file /home/airflow/.local/lib/python3.12/site-packages/airflow/example_dags/example_display_name.py for tasks to queue
[2024-11-15T05:20:01.189+0000] {logging_mixin.py:190} INFO - [2024-11-15T05:20:01.189+0000] {dagbag.py:588} INFO - Filling up the DagBag from /home/airflow/.local/lib/python3.12/site-packages/airflow/example_dags/example_display_name.py
[2024-11-15T05:20:01.203+0000] {processor.py:925} INFO - DAG(s) 'example_display_name' retrieved from /home/airflow/.local/lib/python3.12/site-packages/airflow/example_dags/example_display_name.py
[2024-11-15T05:20:01.458+0000] {logging_mixin.py:190} INFO - [2024-11-15T05:20:01.457+0000] {override.py:1911} INFO - Created Permission View: can delete on DAG:example_display_name
[2024-11-15T05:20:01.478+0000] {logging_mixin.py:190} INFO - [2024-11-15T05:20:01.477+0000] {override.py:1911} INFO - Created Permission View: can edit on DAG:example_display_name
[2024-11-15T05:20:01.493+0000] {logging_mixin.py:190} INFO - [2024-11-15T05:20:01.493+0000] {override.py:1911} INFO - Created Permission View: can read on DAG:example_display_name
[2024-11-15T05:20:01.512+0000] {logging_mixin.py:190} INFO - [2024-11-15T05:20:01.511+0000] {override.py:1911} INFO - Created Permission View: can delete on DAG Run:example_display_name
[2024-11-15T05:20:01.534+0000] {logging_mixin.py:190} INFO - [2024-11-15T05:20:01.533+0000] {override.py:1911} INFO - Created Permission View: can read on DAG Run:example_display_name
[2024-11-15T05:20:01.554+0000] {logging_mixin.py:190} INFO - [2024-11-15T05:20:01.553+0000] {override.py:1911} INFO - Created Permission View: can create on DAG Run:example_display_name
[2024-11-15T05:20:01.584+0000] {logging_mixin.py:190} INFO - [2024-11-15T05:20:01.582+0000] {override.py:1911} INFO - Created Permission View: menu access on DAG Run:example_display_name
[2024-11-15T05:20:01.586+0000] {logging_mixin.py:190} INFO - [2024-11-15T05:20:01.585+0000] {dag.py:3239} INFO - Sync 1 DAGs
[2024-11-15T05:20:01.617+0000] {logging_mixin.py:190} INFO - [2024-11-15T05:20:01.617+0000] {dag.py:3262} INFO - Creating ORM DAG for example_display_name
[2024-11-15T05:20:01.619+0000] {logging_mixin.py:190} INFO - [2024-11-15T05:20:01.619+0000] {dag.py:4180} INFO - Setting next_dagrun for example_display_name to None, run_after=None
[2024-11-15T05:20:01.648+0000] {processor.py:208} INFO - Processing /home/airflow/.local/lib/python3.12/site-packages/airflow/example_dags/example_display_name.py took 0.474 seconds
[2024-11-15T05:20:32.020+0000] {processor.py:186} INFO - Started process (PID=117) to work on /home/airflow/.local/lib/python3.12/site-packages/airflow/example_dags/example_display_name.py
[2024-11-15T05:20:32.023+0000] {processor.py:914} INFO - Processing file /home/airflow/.local/lib/python3.12/site-packages/airflow/example_dags/example_display_name.py for tasks to queue
[2024-11-15T05:20:32.029+0000] {logging_mixin.py:190} INFO - [2024-11-15T05:20:32.028+0000] {dagbag.py:588} INFO - Filling up the DagBag from /home/airflow/.local/lib/python3.12/site-packages/airflow/example_dags/example_display_name.py
[2024-11-15T05:20:32.046+0000] {processor.py:925} INFO - DAG(s) 'example_display_name' retrieved from /home/airflow/.local/lib/python3.12/site-packages/airflow/example_dags/example_display_name.py
[2024-11-15T05:20:32.081+0000] {logging_mixin.py:190} INFO - [2024-11-15T05:20:32.081+0000] {dag.py:3239} INFO - Sync 1 DAGs
[2024-11-15T05:20:32.103+0000] {logging_mixin.py:190} INFO - [2024-11-15T05:20:32.102+0000] {dag.py:4180} INFO - Setting next_dagrun for example_display_name to None, run_after=None
[2024-11-15T05:20:32.147+0000] {processor.py:208} INFO - Processing /home/airflow/.local/lib/python3.12/site-packages/airflow/example_dags/example_display_name.py took 0.140 seconds
[2024-11-15T05:21:02.917+0000] {processor.py:186} INFO - Started process (PID=181) to work on /home/airflow/.local/lib/python3.12/site-packages/airflow/example_dags/example_display_name.py
[2024-11-15T05:21:02.918+0000] {processor.py:914} INFO - Processing file /home/airflow/.local/lib/python3.12/site-packages/airflow/example_dags/example_display_name.py for tasks to queue
[2024-11-15T05:21:02.921+0000] {logging_mixin.py:190} INFO - [2024-11-15T05:21:02.920+0000] {dagbag.py:588} INFO - Filling up the DagBag from /home/airflow/.local/lib/python3.12/site-packages/airflow/example_dags/example_display_name.py
[2024-11-15T05:21:02.932+0000] {processor.py:925} INFO - DAG(s) 'example_display_name' retrieved from /home/airflow/.local/lib/python3.12/site-packages/airflow/example_dags/example_display_name.py
[2024-11-15T05:21:02.954+0000] {logging_mixin.py:190} INFO - [2024-11-15T05:21:02.953+0000] {dag.py:3239} INFO - Sync 1 DAGs
[2024-11-15T05:21:02.972+0000] {logging_mixin.py:190} INFO - [2024-11-15T05:21:02.972+0000] {dag.py:4180} INFO - Setting next_dagrun for example_display_name to None, run_after=None
[2024-11-15T05:21:02.999+0000] {processor.py:208} INFO - Processing /home/airflow/.local/lib/python3.12/site-packages/airflow/example_dags/example_display_name.py took 0.089 seconds
[2024-11-15T05:21:33.329+0000] {processor.py:186} INFO - Started process (PID=245) to work on /home/airflow/.local/lib/python3.12/site-packages/airflow/example_dags/example_display_name.py
[2024-11-15T05:21:33.330+0000] {processor.py:914} INFO - Processing file /home/airflow/.local/lib/python3.12/site-packages/airflow/example_dags/example_display_name.py for tasks to queue
[2024-11-15T05:21:33.333+0000] {logging_mixin.py:190} INFO - [2024-11-15T05:21:33.333+0000] {dagbag.py:588} INFO - Filling up the DagBag from /home/airflow/.local/lib/python3.12/site-packages/airflow/example_dags/example_display_name.py
[2024-11-15T05:21:33.340+0000] {processor.py:925} INFO - DAG(s) 'example_display_name' retrieved from /home/airflow/.local/lib/python3.12/site-packages/airflow/example_dags/example_display_name.py
[2024-11-15T05:21:33.358+0000] {logging_mixin.py:190} INFO - [2024-11-15T05:21:33.358+0000] {dag.py:3239} INFO - Sync 1 DAGs
[2024-11-15T05:21:33.371+0000] {logging_mixin.py:190} INFO - [2024-11-15T05:21:33.371+0000] {dag.py:4180} INFO - Setting next_dagrun for example_display_name to None, run_after=None
[2024-11-15T05:21:33.392+0000] {processor.py:208} INFO - Processing /home/airflow/.local/lib/python3.12/site-packages/airflow/example_dags/example_display_name.py took 0.069 seconds
[2024-11-15T05:22:03.523+0000] {processor.py:186} INFO - Started process (PID=309) to work on /home/airflow/.local/lib/python3.12/site-packages/airflow/example_dags/example_display_name.py
[2024-11-15T05:22:03.524+0000] {processor.py:914} INFO - Processing file /home/airflow/.local/lib/python3.12/site-packages/airflow/example_dags/example_display_name.py for tasks to queue
[2024-11-15T05:22:03.527+0000] {logging_mixin.py:190} INFO - [2024-11-15T05:22:03.526+0000] {dagbag.py:588} INFO - Filling up the DagBag from /home/airflow/.local/lib/python3.12/site-packages/airflow/example_dags/example_display_name.py
[2024-11-15T05:22:03.534+0000] {processor.py:925} INFO - DAG(s) 'example_display_name' retrieved from /home/airflow/.local/lib/python3.12/site-packages/airflow/example_dags/example_display_name.py
[2024-11-15T05:22:03.554+0000] {logging_mixin.py:190} INFO - [2024-11-15T05:22:03.553+0000] {dag.py:3239} INFO - Sync 1 DAGs
[2024-11-15T05:22:03.567+0000] {logging_mixin.py:190} INFO - [2024-11-15T05:22:03.567+0000] {dag.py:4180} INFO - Setting next_dagrun for example_display_name to None, run_after=None
[2024-11-15T05:22:03.590+0000] {processor.py:208} INFO - Processing /home/airflow/.local/lib/python3.12/site-packages/airflow/example_dags/example_display_name.py took 0.073 seconds
[2024-11-15T05:22:33.716+0000] {processor.py:186} INFO - Started process (PID=373) to work on /home/airflow/.local/lib/python3.12/site-packages/airflow/example_dags/example_display_name.py
[2024-11-15T05:22:33.717+0000] {processor.py:914} INFO - Processing file /home/airflow/.local/lib/python3.12/site-packages/airflow/example_dags/example_display_name.py for tasks to queue
[2024-11-15T05:22:33.720+0000] {logging_mixin.py:190} INFO - [2024-11-15T05:22:33.719+0000] {dagbag.py:588} INFO - Filling up the DagBag from /home/airflow/.local/lib/python3.12/site-packages/airflow/example_dags/example_display_name.py
[2024-11-15T05:22:33.728+0000] {processor.py:925} INFO - DAG(s) 'example_display_name' retrieved from /home/airflow/.local/lib/python3.12/site-packages/airflow/example_dags/example_display_name.py
[2024-11-15T05:22:33.749+0000] {logging_mixin.py:190} INFO - [2024-11-15T05:22:33.749+0000] {dag.py:3239} INFO - Sync 1 DAGs
[2024-11-15T05:22:33.765+0000] {logging_mixin.py:190} INFO - [2024-11-15T05:22:33.764+0000] {dag.py:4180} INFO - Setting next_dagrun for example_display_name to None, run_after=None
[2024-11-15T05:22:33.794+0000] {processor.py:208} INFO - Processing /home/airflow/.local/lib/python3.12/site-packages/airflow/example_dags/example_display_name.py took 0.083 seconds
[2024-11-15T05:23:04.302+0000] {processor.py:186} INFO - Started process (PID=437) to work on /home/airflow/.local/lib/python3.12/site-packages/airflow/example_dags/example_display_name.py
[2024-11-15T05:23:04.303+0000] {processor.py:914} INFO - Processing file /home/airflow/.local/lib/python3.12/site-packages/airflow/example_dags/example_display_name.py for tasks to queue
[2024-11-15T05:23:04.306+0000] {logging_mixin.py:190} INFO - [2024-11-15T05:23:04.306+0000] {dagbag.py:588} INFO - Filling up the DagBag from /home/airflow/.local/lib/python3.12/site-packages/airflow/example_dags/example_display_name.py
[2024-11-15T05:23:04.314+0000] {processor.py:925} INFO - DAG(s) 'example_display_name' retrieved from /home/airflow/.local/lib/python3.12/site-packages/airflow/example_dags/example_display_name.py
[2024-11-15T05:23:04.334+0000] {logging_mixin.py:190} INFO - [2024-11-15T05:23:04.334+0000] {dag.py:3239} INFO - Sync 1 DAGs
[2024-11-15T05:23:04.348+0000] {logging_mixin.py:190} INFO - [2024-11-15T05:23:04.348+0000] {dag.py:4180} INFO - Setting next_dagrun for example_display_name to None, run_after=None
[2024-11-15T05:23:04.373+0000] {processor.py:208} INFO - Processing /home/airflow/.local/lib/python3.12/site-packages/airflow/example_dags/example_display_name.py took 0.076 seconds
