[2024-11-15T05:12:38.417+0000] {processor.py:186} INFO - Started process (PID=54) to work on /home/airflow/.local/lib/python3.12/site-packages/airflow/example_dags/example_dataset_alias_with_no_taskflow.py
[2024-11-15T05:12:38.418+0000] {processor.py:914} INFO - Processing file /home/airflow/.local/lib/python3.12/site-packages/airflow/example_dags/example_dataset_alias_with_no_taskflow.py for tasks to queue
[2024-11-15T05:12:38.423+0000] {logging_mixin.py:190} INFO - [2024-11-15T05:12:38.422+0000] {dagbag.py:588} INFO - Filling up the DagBag from /home/airflow/.local/lib/python3.12/site-packages/airflow/example_dags/example_dataset_alias_with_no_taskflow.py
[2024-11-15T05:12:41.561+0000] {processor.py:925} INFO - DAG(s) 'dataset_s3_bucket_consumer_with_no_taskflow', 'dataset_alias_example_alias_producer_with_no_taskflow', 'dataset_alias_example_alias_consumer_with_no_taskflow', 'dataset_s3_bucket_producer_with_no_taskflow' retrieved from /home/airflow/.local/lib/python3.12/site-packages/airflow/example_dags/example_dataset_alias_with_no_taskflow.py
[2024-11-15T05:12:41.718+0000] {logging_mixin.py:190} INFO - [2024-11-15T05:12:41.717+0000] {override.py:1911} INFO - Created Permission View: can delete on DAG:dataset_s3_bucket_consumer_with_no_taskflow
[2024-11-15T05:12:41.736+0000] {logging_mixin.py:190} INFO - [2024-11-15T05:12:41.736+0000] {override.py:1911} INFO - Created Permission View: can edit on DAG:dataset_s3_bucket_consumer_with_no_taskflow
[2024-11-15T05:12:41.750+0000] {logging_mixin.py:190} INFO - [2024-11-15T05:12:41.750+0000] {override.py:1911} INFO - Created Permission View: can read on DAG:dataset_s3_bucket_consumer_with_no_taskflow
[2024-11-15T05:12:41.770+0000] {logging_mixin.py:190} INFO - [2024-11-15T05:12:41.770+0000] {override.py:1911} INFO - Created Permission View: can create on DAG Run:dataset_s3_bucket_consumer_with_no_taskflow
[2024-11-15T05:12:41.784+0000] {logging_mixin.py:190} INFO - [2024-11-15T05:12:41.784+0000] {override.py:1911} INFO - Created Permission View: can delete on DAG Run:dataset_s3_bucket_consumer_with_no_taskflow
[2024-11-15T05:12:41.800+0000] {logging_mixin.py:190} INFO - [2024-11-15T05:12:41.799+0000] {override.py:1911} INFO - Created Permission View: menu access on DAG Run:dataset_s3_bucket_consumer_with_no_taskflow
[2024-11-15T05:12:41.813+0000] {logging_mixin.py:190} INFO - [2024-11-15T05:12:41.812+0000] {override.py:1911} INFO - Created Permission View: can read on DAG Run:dataset_s3_bucket_consumer_with_no_taskflow
[2024-11-15T05:12:41.840+0000] {logging_mixin.py:190} INFO - [2024-11-15T05:12:41.839+0000] {override.py:1911} INFO - Created Permission View: can delete on DAG:dataset_alias_example_alias_producer_with_no_taskflow
[2024-11-15T05:12:41.855+0000] {logging_mixin.py:190} INFO - [2024-11-15T05:12:41.855+0000] {override.py:1911} INFO - Created Permission View: can edit on DAG:dataset_alias_example_alias_producer_with_no_taskflow
[2024-11-15T05:12:41.870+0000] {logging_mixin.py:190} INFO - [2024-11-15T05:12:41.869+0000] {override.py:1911} INFO - Created Permission View: can read on DAG:dataset_alias_example_alias_producer_with_no_taskflow
[2024-11-15T05:12:41.889+0000] {logging_mixin.py:190} INFO - [2024-11-15T05:12:41.888+0000] {override.py:1911} INFO - Created Permission View: can create on DAG Run:dataset_alias_example_alias_producer_with_no_taskflow
[2024-11-15T05:12:41.904+0000] {logging_mixin.py:190} INFO - [2024-11-15T05:12:41.903+0000] {override.py:1911} INFO - Created Permission View: can delete on DAG Run:dataset_alias_example_alias_producer_with_no_taskflow
[2024-11-15T05:12:41.918+0000] {logging_mixin.py:190} INFO - [2024-11-15T05:12:41.917+0000] {override.py:1911} INFO - Created Permission View: menu access on DAG Run:dataset_alias_example_alias_producer_with_no_taskflow
[2024-11-15T05:12:41.932+0000] {logging_mixin.py:190} INFO - [2024-11-15T05:12:41.931+0000] {override.py:1911} INFO - Created Permission View: can read on DAG Run:dataset_alias_example_alias_producer_with_no_taskflow
[2024-11-15T05:12:41.960+0000] {logging_mixin.py:190} INFO - [2024-11-15T05:12:41.959+0000] {override.py:1911} INFO - Created Permission View: can delete on DAG:dataset_alias_example_alias_consumer_with_no_taskflow
[2024-11-15T05:12:41.972+0000] {logging_mixin.py:190} INFO - [2024-11-15T05:12:41.972+0000] {override.py:1911} INFO - Created Permission View: can edit on DAG:dataset_alias_example_alias_consumer_with_no_taskflow
[2024-11-15T05:12:41.985+0000] {logging_mixin.py:190} INFO - [2024-11-15T05:12:41.984+0000] {override.py:1911} INFO - Created Permission View: can read on DAG:dataset_alias_example_alias_consumer_with_no_taskflow
[2024-11-15T05:12:42.000+0000] {logging_mixin.py:190} INFO - [2024-11-15T05:12:41.999+0000] {override.py:1911} INFO - Created Permission View: can create on DAG Run:dataset_alias_example_alias_consumer_with_no_taskflow
[2024-11-15T05:12:42.015+0000] {logging_mixin.py:190} INFO - [2024-11-15T05:12:42.014+0000] {override.py:1911} INFO - Created Permission View: can delete on DAG Run:dataset_alias_example_alias_consumer_with_no_taskflow
[2024-11-15T05:12:42.029+0000] {logging_mixin.py:190} INFO - [2024-11-15T05:12:42.028+0000] {override.py:1911} INFO - Created Permission View: menu access on DAG Run:dataset_alias_example_alias_consumer_with_no_taskflow
[2024-11-15T05:12:42.043+0000] {logging_mixin.py:190} INFO - [2024-11-15T05:12:42.043+0000] {override.py:1911} INFO - Created Permission View: can read on DAG Run:dataset_alias_example_alias_consumer_with_no_taskflow
[2024-11-15T05:12:42.071+0000] {logging_mixin.py:190} INFO - [2024-11-15T05:12:42.070+0000] {override.py:1911} INFO - Created Permission View: can delete on DAG:dataset_s3_bucket_producer_with_no_taskflow
[2024-11-15T05:12:42.091+0000] {logging_mixin.py:190} INFO - [2024-11-15T05:12:42.090+0000] {override.py:1911} INFO - Created Permission View: can edit on DAG:dataset_s3_bucket_producer_with_no_taskflow
[2024-11-15T05:12:42.108+0000] {logging_mixin.py:190} INFO - [2024-11-15T05:12:42.108+0000] {override.py:1911} INFO - Created Permission View: can read on DAG:dataset_s3_bucket_producer_with_no_taskflow
[2024-11-15T05:12:42.127+0000] {logging_mixin.py:190} INFO - [2024-11-15T05:12:42.126+0000] {override.py:1911} INFO - Created Permission View: can create on DAG Run:dataset_s3_bucket_producer_with_no_taskflow
[2024-11-15T05:12:42.142+0000] {logging_mixin.py:190} INFO - [2024-11-15T05:12:42.142+0000] {override.py:1911} INFO - Created Permission View: can delete on DAG Run:dataset_s3_bucket_producer_with_no_taskflow
[2024-11-15T05:12:42.157+0000] {logging_mixin.py:190} INFO - [2024-11-15T05:12:42.157+0000] {override.py:1911} INFO - Created Permission View: menu access on DAG Run:dataset_s3_bucket_producer_with_no_taskflow
[2024-11-15T05:12:42.172+0000] {logging_mixin.py:190} INFO - [2024-11-15T05:12:42.172+0000] {override.py:1911} INFO - Created Permission View: can read on DAG Run:dataset_s3_bucket_producer_with_no_taskflow
[2024-11-15T05:12:42.174+0000] {logging_mixin.py:190} INFO - [2024-11-15T05:12:42.173+0000] {dag.py:3239} INFO - Sync 4 DAGs
[2024-11-15T05:12:42.200+0000] {logging_mixin.py:190} INFO - [2024-11-15T05:12:42.199+0000] {dag.py:3262} INFO - Creating ORM DAG for dataset_s3_bucket_consumer_with_no_taskflow
[2024-11-15T05:12:42.202+0000] {logging_mixin.py:190} INFO - [2024-11-15T05:12:42.202+0000] {dag.py:3262} INFO - Creating ORM DAG for dataset_alias_example_alias_consumer_with_no_taskflow
[2024-11-15T05:12:42.204+0000] {logging_mixin.py:190} INFO - [2024-11-15T05:12:42.203+0000] {dag.py:3262} INFO - Creating ORM DAG for dataset_s3_bucket_producer_with_no_taskflow
[2024-11-15T05:12:42.205+0000] {logging_mixin.py:190} INFO - [2024-11-15T05:12:42.205+0000] {dag.py:3262} INFO - Creating ORM DAG for dataset_alias_example_alias_producer_with_no_taskflow
[2024-11-15T05:12:42.218+0000] {logging_mixin.py:190} INFO - [2024-11-15T05:12:42.217+0000] {dag.py:4180} INFO - Setting next_dagrun for dataset_alias_example_alias_consumer_with_no_taskflow to None, run_after=None
[2024-11-15T05:12:42.219+0000] {logging_mixin.py:190} INFO - [2024-11-15T05:12:42.219+0000] {dag.py:4180} INFO - Setting next_dagrun for dataset_alias_example_alias_producer_with_no_taskflow to None, run_after=None
[2024-11-15T05:12:42.221+0000] {logging_mixin.py:190} INFO - [2024-11-15T05:12:42.220+0000] {dag.py:4180} INFO - Setting next_dagrun for dataset_s3_bucket_consumer_with_no_taskflow to None, run_after=None
[2024-11-15T05:12:42.222+0000] {logging_mixin.py:190} INFO - [2024-11-15T05:12:42.222+0000] {dag.py:4180} INFO - Setting next_dagrun for dataset_s3_bucket_producer_with_no_taskflow to None, run_after=None
[2024-11-15T05:12:42.269+0000] {processor.py:208} INFO - Processing /home/airflow/.local/lib/python3.12/site-packages/airflow/example_dags/example_dataset_alias_with_no_taskflow.py took 3.864 seconds
[2024-11-15T05:13:12.888+0000] {processor.py:186} INFO - Started process (PID=121) to work on /home/airflow/.local/lib/python3.12/site-packages/airflow/example_dags/example_dataset_alias_with_no_taskflow.py
[2024-11-15T05:13:12.890+0000] {processor.py:914} INFO - Processing file /home/airflow/.local/lib/python3.12/site-packages/airflow/example_dags/example_dataset_alias_with_no_taskflow.py for tasks to queue
[2024-11-15T05:13:12.892+0000] {logging_mixin.py:190} INFO - [2024-11-15T05:13:12.892+0000] {dagbag.py:588} INFO - Filling up the DagBag from /home/airflow/.local/lib/python3.12/site-packages/airflow/example_dags/example_dataset_alias_with_no_taskflow.py
[2024-11-15T05:13:13.763+0000] {processor.py:925} INFO - DAG(s) 'dataset_alias_example_alias_producer_with_no_taskflow', 'dataset_s3_bucket_producer_with_no_taskflow', 'dataset_s3_bucket_consumer_with_no_taskflow', 'dataset_alias_example_alias_consumer_with_no_taskflow' retrieved from /home/airflow/.local/lib/python3.12/site-packages/airflow/example_dags/example_dataset_alias_with_no_taskflow.py
[2024-11-15T05:13:13.794+0000] {logging_mixin.py:190} INFO - [2024-11-15T05:13:13.793+0000] {dag.py:3239} INFO - Sync 4 DAGs
[2024-11-15T05:13:13.826+0000] {logging_mixin.py:190} INFO - [2024-11-15T05:13:13.825+0000] {dag.py:4180} INFO - Setting next_dagrun for dataset_alias_example_alias_consumer_with_no_taskflow to None, run_after=None
[2024-11-15T05:13:13.830+0000] {logging_mixin.py:190} INFO - [2024-11-15T05:13:13.830+0000] {dag.py:4180} INFO - Setting next_dagrun for dataset_alias_example_alias_producer_with_no_taskflow to None, run_after=None
[2024-11-15T05:13:13.834+0000] {logging_mixin.py:190} INFO - [2024-11-15T05:13:13.834+0000] {dag.py:4180} INFO - Setting next_dagrun for dataset_s3_bucket_consumer_with_no_taskflow to None, run_after=None
[2024-11-15T05:13:13.836+0000] {logging_mixin.py:190} INFO - [2024-11-15T05:13:13.836+0000] {dag.py:4180} INFO - Setting next_dagrun for dataset_s3_bucket_producer_with_no_taskflow to None, run_after=None
[2024-11-15T05:13:13.871+0000] {processor.py:208} INFO - Processing /home/airflow/.local/lib/python3.12/site-packages/airflow/example_dags/example_dataset_alias_with_no_taskflow.py took 0.987 seconds
[2024-11-15T05:13:44.497+0000] {processor.py:186} INFO - Started process (PID=194) to work on /home/airflow/.local/lib/python3.12/site-packages/airflow/example_dags/example_dataset_alias_with_no_taskflow.py
[2024-11-15T05:13:44.499+0000] {processor.py:914} INFO - Processing file /home/airflow/.local/lib/python3.12/site-packages/airflow/example_dags/example_dataset_alias_with_no_taskflow.py for tasks to queue
[2024-11-15T05:13:44.501+0000] {logging_mixin.py:190} INFO - [2024-11-15T05:13:44.501+0000] {dagbag.py:588} INFO - Filling up the DagBag from /home/airflow/.local/lib/python3.12/site-packages/airflow/example_dags/example_dataset_alias_with_no_taskflow.py
[2024-11-15T05:13:45.167+0000] {processor.py:925} INFO - DAG(s) 'dataset_s3_bucket_consumer_with_no_taskflow', 'dataset_alias_example_alias_consumer_with_no_taskflow', 'dataset_alias_example_alias_producer_with_no_taskflow', 'dataset_s3_bucket_producer_with_no_taskflow' retrieved from /home/airflow/.local/lib/python3.12/site-packages/airflow/example_dags/example_dataset_alias_with_no_taskflow.py
[2024-11-15T05:13:45.199+0000] {logging_mixin.py:190} INFO - [2024-11-15T05:13:45.198+0000] {dag.py:3239} INFO - Sync 4 DAGs
[2024-11-15T05:13:45.226+0000] {logging_mixin.py:190} INFO - [2024-11-15T05:13:45.226+0000] {dag.py:4180} INFO - Setting next_dagrun for dataset_alias_example_alias_consumer_with_no_taskflow to None, run_after=None
[2024-11-15T05:13:45.230+0000] {logging_mixin.py:190} INFO - [2024-11-15T05:13:45.230+0000] {dag.py:4180} INFO - Setting next_dagrun for dataset_alias_example_alias_producer_with_no_taskflow to None, run_after=None
[2024-11-15T05:13:45.233+0000] {logging_mixin.py:190} INFO - [2024-11-15T05:13:45.232+0000] {dag.py:4180} INFO - Setting next_dagrun for dataset_s3_bucket_consumer_with_no_taskflow to None, run_after=None
[2024-11-15T05:13:45.235+0000] {logging_mixin.py:190} INFO - [2024-11-15T05:13:45.235+0000] {dag.py:4180} INFO - Setting next_dagrun for dataset_s3_bucket_producer_with_no_taskflow to None, run_after=None
[2024-11-15T05:13:45.266+0000] {processor.py:208} INFO - Processing /home/airflow/.local/lib/python3.12/site-packages/airflow/example_dags/example_dataset_alias_with_no_taskflow.py took 0.773 seconds
[2024-11-15T05:14:16.047+0000] {processor.py:186} INFO - Started process (PID=258) to work on /home/airflow/.local/lib/python3.12/site-packages/airflow/example_dags/example_dataset_alias_with_no_taskflow.py
[2024-11-15T05:14:16.048+0000] {processor.py:914} INFO - Processing file /home/airflow/.local/lib/python3.12/site-packages/airflow/example_dags/example_dataset_alias_with_no_taskflow.py for tasks to queue
[2024-11-15T05:14:16.050+0000] {logging_mixin.py:190} INFO - [2024-11-15T05:14:16.050+0000] {dagbag.py:588} INFO - Filling up the DagBag from /home/airflow/.local/lib/python3.12/site-packages/airflow/example_dags/example_dataset_alias_with_no_taskflow.py
[2024-11-15T05:14:16.700+0000] {processor.py:925} INFO - DAG(s) 'dataset_s3_bucket_producer_with_no_taskflow', 'dataset_alias_example_alias_producer_with_no_taskflow', 'dataset_s3_bucket_consumer_with_no_taskflow', 'dataset_alias_example_alias_consumer_with_no_taskflow' retrieved from /home/airflow/.local/lib/python3.12/site-packages/airflow/example_dags/example_dataset_alias_with_no_taskflow.py
[2024-11-15T05:14:16.728+0000] {logging_mixin.py:190} INFO - [2024-11-15T05:14:16.727+0000] {dag.py:3239} INFO - Sync 4 DAGs
[2024-11-15T05:14:16.757+0000] {logging_mixin.py:190} INFO - [2024-11-15T05:14:16.757+0000] {dag.py:4180} INFO - Setting next_dagrun for dataset_alias_example_alias_consumer_with_no_taskflow to None, run_after=None
[2024-11-15T05:14:16.761+0000] {logging_mixin.py:190} INFO - [2024-11-15T05:14:16.761+0000] {dag.py:4180} INFO - Setting next_dagrun for dataset_alias_example_alias_producer_with_no_taskflow to None, run_after=None
[2024-11-15T05:14:16.765+0000] {logging_mixin.py:190} INFO - [2024-11-15T05:14:16.764+0000] {dag.py:4180} INFO - Setting next_dagrun for dataset_s3_bucket_consumer_with_no_taskflow to None, run_after=None
[2024-11-15T05:14:16.767+0000] {logging_mixin.py:190} INFO - [2024-11-15T05:14:16.766+0000] {dag.py:4180} INFO - Setting next_dagrun for dataset_s3_bucket_producer_with_no_taskflow to None, run_after=None
[2024-11-15T05:14:16.803+0000] {processor.py:208} INFO - Processing /home/airflow/.local/lib/python3.12/site-packages/airflow/example_dags/example_dataset_alias_with_no_taskflow.py took 0.762 seconds
[2024-11-15T05:14:46.907+0000] {processor.py:186} INFO - Started process (PID=322) to work on /home/airflow/.local/lib/python3.12/site-packages/airflow/example_dags/example_dataset_alias_with_no_taskflow.py
[2024-11-15T05:14:46.908+0000] {processor.py:914} INFO - Processing file /home/airflow/.local/lib/python3.12/site-packages/airflow/example_dags/example_dataset_alias_with_no_taskflow.py for tasks to queue
[2024-11-15T05:14:46.910+0000] {logging_mixin.py:190} INFO - [2024-11-15T05:14:46.910+0000] {dagbag.py:588} INFO - Filling up the DagBag from /home/airflow/.local/lib/python3.12/site-packages/airflow/example_dags/example_dataset_alias_with_no_taskflow.py
[2024-11-15T05:14:47.576+0000] {processor.py:925} INFO - DAG(s) 'dataset_alias_example_alias_producer_with_no_taskflow', 'dataset_s3_bucket_consumer_with_no_taskflow', 'dataset_s3_bucket_producer_with_no_taskflow', 'dataset_alias_example_alias_consumer_with_no_taskflow' retrieved from /home/airflow/.local/lib/python3.12/site-packages/airflow/example_dags/example_dataset_alias_with_no_taskflow.py
[2024-11-15T05:14:47.601+0000] {logging_mixin.py:190} INFO - [2024-11-15T05:14:47.600+0000] {dag.py:3239} INFO - Sync 4 DAGs
[2024-11-15T05:14:47.624+0000] {logging_mixin.py:190} INFO - [2024-11-15T05:14:47.624+0000] {dag.py:4180} INFO - Setting next_dagrun for dataset_alias_example_alias_consumer_with_no_taskflow to None, run_after=None
[2024-11-15T05:14:47.627+0000] {logging_mixin.py:190} INFO - [2024-11-15T05:14:47.627+0000] {dag.py:4180} INFO - Setting next_dagrun for dataset_alias_example_alias_producer_with_no_taskflow to None, run_after=None
[2024-11-15T05:14:47.631+0000] {logging_mixin.py:190} INFO - [2024-11-15T05:14:47.631+0000] {dag.py:4180} INFO - Setting next_dagrun for dataset_s3_bucket_consumer_with_no_taskflow to None, run_after=None
[2024-11-15T05:14:47.633+0000] {logging_mixin.py:190} INFO - [2024-11-15T05:14:47.633+0000] {dag.py:4180} INFO - Setting next_dagrun for dataset_s3_bucket_producer_with_no_taskflow to None, run_after=None
[2024-11-15T05:14:47.663+0000] {processor.py:208} INFO - Processing /home/airflow/.local/lib/python3.12/site-packages/airflow/example_dags/example_dataset_alias_with_no_taskflow.py took 0.761 seconds
[2024-11-15T05:15:18.167+0000] {processor.py:186} INFO - Started process (PID=413) to work on /home/airflow/.local/lib/python3.12/site-packages/airflow/example_dags/example_dataset_alias_with_no_taskflow.py
[2024-11-15T05:15:18.168+0000] {processor.py:914} INFO - Processing file /home/airflow/.local/lib/python3.12/site-packages/airflow/example_dags/example_dataset_alias_with_no_taskflow.py for tasks to queue
[2024-11-15T05:15:18.171+0000] {logging_mixin.py:190} INFO - [2024-11-15T05:15:18.171+0000] {dagbag.py:588} INFO - Filling up the DagBag from /home/airflow/.local/lib/python3.12/site-packages/airflow/example_dags/example_dataset_alias_with_no_taskflow.py
[2024-11-15T05:15:18.889+0000] {processor.py:925} INFO - DAG(s) 'dataset_alias_example_alias_consumer_with_no_taskflow', 'dataset_s3_bucket_producer_with_no_taskflow', 'dataset_s3_bucket_consumer_with_no_taskflow', 'dataset_alias_example_alias_producer_with_no_taskflow' retrieved from /home/airflow/.local/lib/python3.12/site-packages/airflow/example_dags/example_dataset_alias_with_no_taskflow.py
[2024-11-15T05:15:18.916+0000] {logging_mixin.py:190} INFO - [2024-11-15T05:15:18.916+0000] {dag.py:3239} INFO - Sync 4 DAGs
[2024-11-15T05:15:18.941+0000] {logging_mixin.py:190} INFO - [2024-11-15T05:15:18.941+0000] {dag.py:4180} INFO - Setting next_dagrun for dataset_alias_example_alias_consumer_with_no_taskflow to None, run_after=None
[2024-11-15T05:15:18.946+0000] {logging_mixin.py:190} INFO - [2024-11-15T05:15:18.945+0000] {dag.py:4180} INFO - Setting next_dagrun for dataset_alias_example_alias_producer_with_no_taskflow to None, run_after=None
[2024-11-15T05:15:18.948+0000] {logging_mixin.py:190} INFO - [2024-11-15T05:15:18.948+0000] {dag.py:4180} INFO - Setting next_dagrun for dataset_s3_bucket_consumer_with_no_taskflow to None, run_after=None
[2024-11-15T05:15:18.951+0000] {logging_mixin.py:190} INFO - [2024-11-15T05:15:18.950+0000] {dag.py:4180} INFO - Setting next_dagrun for dataset_s3_bucket_producer_with_no_taskflow to None, run_after=None
[2024-11-15T05:15:18.983+0000] {processor.py:208} INFO - Processing /home/airflow/.local/lib/python3.12/site-packages/airflow/example_dags/example_dataset_alias_with_no_taskflow.py took 0.831 seconds
[2024-11-15T05:15:49.655+0000] {processor.py:186} INFO - Started process (PID=489) to work on /home/airflow/.local/lib/python3.12/site-packages/airflow/example_dags/example_dataset_alias_with_no_taskflow.py
[2024-11-15T05:15:49.657+0000] {processor.py:914} INFO - Processing file /home/airflow/.local/lib/python3.12/site-packages/airflow/example_dags/example_dataset_alias_with_no_taskflow.py for tasks to queue
[2024-11-15T05:15:49.660+0000] {logging_mixin.py:190} INFO - [2024-11-15T05:15:49.660+0000] {dagbag.py:588} INFO - Filling up the DagBag from /home/airflow/.local/lib/python3.12/site-packages/airflow/example_dags/example_dataset_alias_with_no_taskflow.py
[2024-11-15T05:15:50.552+0000] {processor.py:925} INFO - DAG(s) 'dataset_alias_example_alias_consumer_with_no_taskflow', 'dataset_alias_example_alias_producer_with_no_taskflow', 'dataset_s3_bucket_producer_with_no_taskflow', 'dataset_s3_bucket_consumer_with_no_taskflow' retrieved from /home/airflow/.local/lib/python3.12/site-packages/airflow/example_dags/example_dataset_alias_with_no_taskflow.py
[2024-11-15T05:15:50.593+0000] {logging_mixin.py:190} INFO - [2024-11-15T05:15:50.592+0000] {dag.py:3239} INFO - Sync 4 DAGs
[2024-11-15T05:15:50.636+0000] {logging_mixin.py:190} INFO - [2024-11-15T05:15:50.636+0000] {dag.py:4180} INFO - Setting next_dagrun for dataset_alias_example_alias_consumer_with_no_taskflow to None, run_after=None
[2024-11-15T05:15:50.641+0000] {logging_mixin.py:190} INFO - [2024-11-15T05:15:50.641+0000] {dag.py:4180} INFO - Setting next_dagrun for dataset_alias_example_alias_producer_with_no_taskflow to None, run_after=None
[2024-11-15T05:15:50.644+0000] {logging_mixin.py:190} INFO - [2024-11-15T05:15:50.644+0000] {dag.py:4180} INFO - Setting next_dagrun for dataset_s3_bucket_consumer_with_no_taskflow to None, run_after=None
[2024-11-15T05:15:50.648+0000] {logging_mixin.py:190} INFO - [2024-11-15T05:15:50.648+0000] {dag.py:4180} INFO - Setting next_dagrun for dataset_s3_bucket_producer_with_no_taskflow to None, run_after=None
[2024-11-15T05:15:50.692+0000] {processor.py:208} INFO - Processing /home/airflow/.local/lib/python3.12/site-packages/airflow/example_dags/example_dataset_alias_with_no_taskflow.py took 1.052 seconds
[2024-11-15T05:16:21.159+0000] {processor.py:186} INFO - Started process (PID=553) to work on /home/airflow/.local/lib/python3.12/site-packages/airflow/example_dags/example_dataset_alias_with_no_taskflow.py
[2024-11-15T05:16:21.160+0000] {processor.py:914} INFO - Processing file /home/airflow/.local/lib/python3.12/site-packages/airflow/example_dags/example_dataset_alias_with_no_taskflow.py for tasks to queue
[2024-11-15T05:16:21.164+0000] {logging_mixin.py:190} INFO - [2024-11-15T05:16:21.163+0000] {dagbag.py:588} INFO - Filling up the DagBag from /home/airflow/.local/lib/python3.12/site-packages/airflow/example_dags/example_dataset_alias_with_no_taskflow.py
[2024-11-15T05:16:21.813+0000] {processor.py:925} INFO - DAG(s) 'dataset_alias_example_alias_producer_with_no_taskflow', 'dataset_s3_bucket_producer_with_no_taskflow', 'dataset_alias_example_alias_consumer_with_no_taskflow', 'dataset_s3_bucket_consumer_with_no_taskflow' retrieved from /home/airflow/.local/lib/python3.12/site-packages/airflow/example_dags/example_dataset_alias_with_no_taskflow.py
[2024-11-15T05:16:21.844+0000] {logging_mixin.py:190} INFO - [2024-11-15T05:16:21.843+0000] {dag.py:3239} INFO - Sync 4 DAGs
[2024-11-15T05:16:21.870+0000] {logging_mixin.py:190} INFO - [2024-11-15T05:16:21.870+0000] {dag.py:4180} INFO - Setting next_dagrun for dataset_alias_example_alias_consumer_with_no_taskflow to None, run_after=None
[2024-11-15T05:16:21.873+0000] {logging_mixin.py:190} INFO - [2024-11-15T05:16:21.873+0000] {dag.py:4180} INFO - Setting next_dagrun for dataset_alias_example_alias_producer_with_no_taskflow to None, run_after=None
[2024-11-15T05:16:21.875+0000] {logging_mixin.py:190} INFO - [2024-11-15T05:16:21.875+0000] {dag.py:4180} INFO - Setting next_dagrun for dataset_s3_bucket_consumer_with_no_taskflow to None, run_after=None
[2024-11-15T05:16:21.877+0000] {logging_mixin.py:190} INFO - [2024-11-15T05:16:21.877+0000] {dag.py:4180} INFO - Setting next_dagrun for dataset_s3_bucket_producer_with_no_taskflow to None, run_after=None
[2024-11-15T05:16:21.904+0000] {processor.py:208} INFO - Processing /home/airflow/.local/lib/python3.12/site-packages/airflow/example_dags/example_dataset_alias_with_no_taskflow.py took 0.758 seconds
[2024-11-15T05:16:52.037+0000] {processor.py:186} INFO - Started process (PID=618) to work on /home/airflow/.local/lib/python3.12/site-packages/airflow/example_dags/example_dataset_alias_with_no_taskflow.py
[2024-11-15T05:16:52.038+0000] {processor.py:914} INFO - Processing file /home/airflow/.local/lib/python3.12/site-packages/airflow/example_dags/example_dataset_alias_with_no_taskflow.py for tasks to queue
[2024-11-15T05:16:52.041+0000] {logging_mixin.py:190} INFO - [2024-11-15T05:16:52.041+0000] {dagbag.py:588} INFO - Filling up the DagBag from /home/airflow/.local/lib/python3.12/site-packages/airflow/example_dags/example_dataset_alias_with_no_taskflow.py
[2024-11-15T05:16:52.691+0000] {processor.py:925} INFO - DAG(s) 'dataset_s3_bucket_producer_with_no_taskflow', 'dataset_alias_example_alias_producer_with_no_taskflow', 'dataset_s3_bucket_consumer_with_no_taskflow', 'dataset_alias_example_alias_consumer_with_no_taskflow' retrieved from /home/airflow/.local/lib/python3.12/site-packages/airflow/example_dags/example_dataset_alias_with_no_taskflow.py
[2024-11-15T05:16:52.715+0000] {logging_mixin.py:190} INFO - [2024-11-15T05:16:52.714+0000] {dag.py:3239} INFO - Sync 4 DAGs
[2024-11-15T05:16:52.740+0000] {logging_mixin.py:190} INFO - [2024-11-15T05:16:52.740+0000] {dag.py:4180} INFO - Setting next_dagrun for dataset_alias_example_alias_consumer_with_no_taskflow to None, run_after=None
[2024-11-15T05:16:52.744+0000] {logging_mixin.py:190} INFO - [2024-11-15T05:16:52.743+0000] {dag.py:4180} INFO - Setting next_dagrun for dataset_alias_example_alias_producer_with_no_taskflow to None, run_after=None
[2024-11-15T05:16:52.747+0000] {logging_mixin.py:190} INFO - [2024-11-15T05:16:52.746+0000] {dag.py:4180} INFO - Setting next_dagrun for dataset_s3_bucket_consumer_with_no_taskflow to None, run_after=None
[2024-11-15T05:16:52.750+0000] {logging_mixin.py:190} INFO - [2024-11-15T05:16:52.750+0000] {dag.py:4180} INFO - Setting next_dagrun for dataset_s3_bucket_producer_with_no_taskflow to None, run_after=None
[2024-11-15T05:16:52.780+0000] {processor.py:208} INFO - Processing /home/airflow/.local/lib/python3.12/site-packages/airflow/example_dags/example_dataset_alias_with_no_taskflow.py took 0.751 seconds
[2024-11-15T05:17:23.521+0000] {processor.py:186} INFO - Started process (PID=681) to work on /home/airflow/.local/lib/python3.12/site-packages/airflow/example_dags/example_dataset_alias_with_no_taskflow.py
[2024-11-15T05:17:23.522+0000] {processor.py:914} INFO - Processing file /home/airflow/.local/lib/python3.12/site-packages/airflow/example_dags/example_dataset_alias_with_no_taskflow.py for tasks to queue
[2024-11-15T05:17:23.525+0000] {logging_mixin.py:190} INFO - [2024-11-15T05:17:23.525+0000] {dagbag.py:588} INFO - Filling up the DagBag from /home/airflow/.local/lib/python3.12/site-packages/airflow/example_dags/example_dataset_alias_with_no_taskflow.py
[2024-11-15T05:17:24.046+0000] {processor.py:925} INFO - DAG(s) 'dataset_alias_example_alias_producer_with_no_taskflow', 'dataset_s3_bucket_consumer_with_no_taskflow', 'dataset_s3_bucket_producer_with_no_taskflow', 'dataset_alias_example_alias_consumer_with_no_taskflow' retrieved from /home/airflow/.local/lib/python3.12/site-packages/airflow/example_dags/example_dataset_alias_with_no_taskflow.py
[2024-11-15T05:17:24.071+0000] {logging_mixin.py:190} INFO - [2024-11-15T05:17:24.071+0000] {dag.py:3239} INFO - Sync 4 DAGs
[2024-11-15T05:17:24.094+0000] {logging_mixin.py:190} INFO - [2024-11-15T05:17:24.093+0000] {dag.py:4180} INFO - Setting next_dagrun for dataset_alias_example_alias_consumer_with_no_taskflow to None, run_after=None
[2024-11-15T05:17:24.099+0000] {logging_mixin.py:190} INFO - [2024-11-15T05:17:24.098+0000] {dag.py:4180} INFO - Setting next_dagrun for dataset_alias_example_alias_producer_with_no_taskflow to None, run_after=None
[2024-11-15T05:17:24.102+0000] {logging_mixin.py:190} INFO - [2024-11-15T05:17:24.102+0000] {dag.py:4180} INFO - Setting next_dagrun for dataset_s3_bucket_consumer_with_no_taskflow to None, run_after=None
[2024-11-15T05:17:24.104+0000] {logging_mixin.py:190} INFO - [2024-11-15T05:17:24.104+0000] {dag.py:4180} INFO - Setting next_dagrun for dataset_s3_bucket_producer_with_no_taskflow to None, run_after=None
[2024-11-15T05:17:24.132+0000] {processor.py:208} INFO - Processing /home/airflow/.local/lib/python3.12/site-packages/airflow/example_dags/example_dataset_alias_with_no_taskflow.py took 0.621 seconds
[2024-11-15T05:17:54.986+0000] {processor.py:186} INFO - Started process (PID=745) to work on /home/airflow/.local/lib/python3.12/site-packages/airflow/example_dags/example_dataset_alias_with_no_taskflow.py
[2024-11-15T05:17:54.987+0000] {processor.py:914} INFO - Processing file /home/airflow/.local/lib/python3.12/site-packages/airflow/example_dags/example_dataset_alias_with_no_taskflow.py for tasks to queue
[2024-11-15T05:17:54.990+0000] {logging_mixin.py:190} INFO - [2024-11-15T05:17:54.989+0000] {dagbag.py:588} INFO - Filling up the DagBag from /home/airflow/.local/lib/python3.12/site-packages/airflow/example_dags/example_dataset_alias_with_no_taskflow.py
[2024-11-15T05:17:55.508+0000] {processor.py:925} INFO - DAG(s) 'dataset_alias_example_alias_producer_with_no_taskflow', 'dataset_alias_example_alias_consumer_with_no_taskflow', 'dataset_s3_bucket_consumer_with_no_taskflow', 'dataset_s3_bucket_producer_with_no_taskflow' retrieved from /home/airflow/.local/lib/python3.12/site-packages/airflow/example_dags/example_dataset_alias_with_no_taskflow.py
[2024-11-15T05:17:55.528+0000] {logging_mixin.py:190} INFO - [2024-11-15T05:17:55.527+0000] {dag.py:3239} INFO - Sync 4 DAGs
[2024-11-15T05:17:55.549+0000] {logging_mixin.py:190} INFO - [2024-11-15T05:17:55.549+0000] {dag.py:4180} INFO - Setting next_dagrun for dataset_alias_example_alias_consumer_with_no_taskflow to None, run_after=None
[2024-11-15T05:17:55.552+0000] {logging_mixin.py:190} INFO - [2024-11-15T05:17:55.552+0000] {dag.py:4180} INFO - Setting next_dagrun for dataset_alias_example_alias_producer_with_no_taskflow to None, run_after=None
[2024-11-15T05:17:55.554+0000] {logging_mixin.py:190} INFO - [2024-11-15T05:17:55.554+0000] {dag.py:4180} INFO - Setting next_dagrun for dataset_s3_bucket_consumer_with_no_taskflow to None, run_after=None
[2024-11-15T05:17:55.556+0000] {logging_mixin.py:190} INFO - [2024-11-15T05:17:55.555+0000] {dag.py:4180} INFO - Setting next_dagrun for dataset_s3_bucket_producer_with_no_taskflow to None, run_after=None
[2024-11-15T05:17:55.586+0000] {processor.py:208} INFO - Processing /home/airflow/.local/lib/python3.12/site-packages/airflow/example_dags/example_dataset_alias_with_no_taskflow.py took 0.608 seconds
[2024-11-15T05:20:01.703+0000] {processor.py:186} INFO - Started process (PID=54) to work on /home/airflow/.local/lib/python3.12/site-packages/airflow/example_dags/example_dataset_alias_with_no_taskflow.py
[2024-11-15T05:20:01.705+0000] {processor.py:914} INFO - Processing file /home/airflow/.local/lib/python3.12/site-packages/airflow/example_dags/example_dataset_alias_with_no_taskflow.py for tasks to queue
[2024-11-15T05:20:01.710+0000] {logging_mixin.py:190} INFO - [2024-11-15T05:20:01.709+0000] {dagbag.py:588} INFO - Filling up the DagBag from /home/airflow/.local/lib/python3.12/site-packages/airflow/example_dags/example_dataset_alias_with_no_taskflow.py
[2024-11-15T05:20:04.234+0000] {processor.py:925} INFO - DAG(s) 'dataset_s3_bucket_producer_with_no_taskflow', 'dataset_alias_example_alias_consumer_with_no_taskflow', 'dataset_alias_example_alias_producer_with_no_taskflow', 'dataset_s3_bucket_consumer_with_no_taskflow' retrieved from /home/airflow/.local/lib/python3.12/site-packages/airflow/example_dags/example_dataset_alias_with_no_taskflow.py
[2024-11-15T05:20:04.526+0000] {logging_mixin.py:190} INFO - [2024-11-15T05:20:04.521+0000] {override.py:1911} INFO - Created Permission View: can delete on DAG:dataset_s3_bucket_producer_with_no_taskflow
[2024-11-15T05:20:04.564+0000] {logging_mixin.py:190} INFO - [2024-11-15T05:20:04.563+0000] {override.py:1911} INFO - Created Permission View: can edit on DAG:dataset_s3_bucket_producer_with_no_taskflow
[2024-11-15T05:20:04.604+0000] {logging_mixin.py:190} INFO - [2024-11-15T05:20:04.604+0000] {override.py:1911} INFO - Created Permission View: can read on DAG:dataset_s3_bucket_producer_with_no_taskflow
[2024-11-15T05:20:04.626+0000] {logging_mixin.py:190} INFO - [2024-11-15T05:20:04.625+0000] {override.py:1911} INFO - Created Permission View: can delete on DAG Run:dataset_s3_bucket_producer_with_no_taskflow
[2024-11-15T05:20:04.638+0000] {logging_mixin.py:190} INFO - [2024-11-15T05:20:04.637+0000] {override.py:1911} INFO - Created Permission View: can read on DAG Run:dataset_s3_bucket_producer_with_no_taskflow
[2024-11-15T05:20:04.653+0000] {logging_mixin.py:190} INFO - [2024-11-15T05:20:04.652+0000] {override.py:1911} INFO - Created Permission View: can create on DAG Run:dataset_s3_bucket_producer_with_no_taskflow
[2024-11-15T05:20:04.668+0000] {logging_mixin.py:190} INFO - [2024-11-15T05:20:04.668+0000] {override.py:1911} INFO - Created Permission View: menu access on DAG Run:dataset_s3_bucket_producer_with_no_taskflow
[2024-11-15T05:20:04.708+0000] {logging_mixin.py:190} INFO - [2024-11-15T05:20:04.707+0000] {override.py:1911} INFO - Created Permission View: can delete on DAG:dataset_alias_example_alias_consumer_with_no_taskflow
[2024-11-15T05:20:04.722+0000] {logging_mixin.py:190} INFO - [2024-11-15T05:20:04.721+0000] {override.py:1911} INFO - Created Permission View: can edit on DAG:dataset_alias_example_alias_consumer_with_no_taskflow
[2024-11-15T05:20:04.735+0000] {logging_mixin.py:190} INFO - [2024-11-15T05:20:04.735+0000] {override.py:1911} INFO - Created Permission View: can read on DAG:dataset_alias_example_alias_consumer_with_no_taskflow
[2024-11-15T05:20:04.754+0000] {logging_mixin.py:190} INFO - [2024-11-15T05:20:04.753+0000] {override.py:1911} INFO - Created Permission View: can delete on DAG Run:dataset_alias_example_alias_consumer_with_no_taskflow
[2024-11-15T05:20:04.767+0000] {logging_mixin.py:190} INFO - [2024-11-15T05:20:04.766+0000] {override.py:1911} INFO - Created Permission View: can read on DAG Run:dataset_alias_example_alias_consumer_with_no_taskflow
[2024-11-15T05:20:04.782+0000] {logging_mixin.py:190} INFO - [2024-11-15T05:20:04.781+0000] {override.py:1911} INFO - Created Permission View: can create on DAG Run:dataset_alias_example_alias_consumer_with_no_taskflow
[2024-11-15T05:20:04.799+0000] {logging_mixin.py:190} INFO - [2024-11-15T05:20:04.798+0000] {override.py:1911} INFO - Created Permission View: menu access on DAG Run:dataset_alias_example_alias_consumer_with_no_taskflow
[2024-11-15T05:20:04.826+0000] {logging_mixin.py:190} INFO - [2024-11-15T05:20:04.826+0000] {override.py:1911} INFO - Created Permission View: can delete on DAG:dataset_alias_example_alias_producer_with_no_taskflow
[2024-11-15T05:20:04.840+0000] {logging_mixin.py:190} INFO - [2024-11-15T05:20:04.840+0000] {override.py:1911} INFO - Created Permission View: can edit on DAG:dataset_alias_example_alias_producer_with_no_taskflow
[2024-11-15T05:20:04.852+0000] {logging_mixin.py:190} INFO - [2024-11-15T05:20:04.851+0000] {override.py:1911} INFO - Created Permission View: can read on DAG:dataset_alias_example_alias_producer_with_no_taskflow
[2024-11-15T05:20:04.869+0000] {logging_mixin.py:190} INFO - [2024-11-15T05:20:04.869+0000] {override.py:1911} INFO - Created Permission View: can delete on DAG Run:dataset_alias_example_alias_producer_with_no_taskflow
[2024-11-15T05:20:04.885+0000] {logging_mixin.py:190} INFO - [2024-11-15T05:20:04.884+0000] {override.py:1911} INFO - Created Permission View: can read on DAG Run:dataset_alias_example_alias_producer_with_no_taskflow
[2024-11-15T05:20:04.902+0000] {logging_mixin.py:190} INFO - [2024-11-15T05:20:04.901+0000] {override.py:1911} INFO - Created Permission View: can create on DAG Run:dataset_alias_example_alias_producer_with_no_taskflow
[2024-11-15T05:20:04.916+0000] {logging_mixin.py:190} INFO - [2024-11-15T05:20:04.915+0000] {override.py:1911} INFO - Created Permission View: menu access on DAG Run:dataset_alias_example_alias_producer_with_no_taskflow
[2024-11-15T05:20:04.943+0000] {logging_mixin.py:190} INFO - [2024-11-15T05:20:04.943+0000] {override.py:1911} INFO - Created Permission View: can delete on DAG:dataset_s3_bucket_consumer_with_no_taskflow
[2024-11-15T05:20:04.958+0000] {logging_mixin.py:190} INFO - [2024-11-15T05:20:04.957+0000] {override.py:1911} INFO - Created Permission View: can edit on DAG:dataset_s3_bucket_consumer_with_no_taskflow
[2024-11-15T05:20:04.973+0000] {logging_mixin.py:190} INFO - [2024-11-15T05:20:04.973+0000] {override.py:1911} INFO - Created Permission View: can read on DAG:dataset_s3_bucket_consumer_with_no_taskflow
[2024-11-15T05:20:04.990+0000] {logging_mixin.py:190} INFO - [2024-11-15T05:20:04.990+0000] {override.py:1911} INFO - Created Permission View: can delete on DAG Run:dataset_s3_bucket_consumer_with_no_taskflow
[2024-11-15T05:20:05.002+0000] {logging_mixin.py:190} INFO - [2024-11-15T05:20:05.001+0000] {override.py:1911} INFO - Created Permission View: can read on DAG Run:dataset_s3_bucket_consumer_with_no_taskflow
[2024-11-15T05:20:05.019+0000] {logging_mixin.py:190} INFO - [2024-11-15T05:20:05.018+0000] {override.py:1911} INFO - Created Permission View: can create on DAG Run:dataset_s3_bucket_consumer_with_no_taskflow
[2024-11-15T05:20:05.032+0000] {logging_mixin.py:190} INFO - [2024-11-15T05:20:05.032+0000] {override.py:1911} INFO - Created Permission View: menu access on DAG Run:dataset_s3_bucket_consumer_with_no_taskflow
[2024-11-15T05:20:05.034+0000] {logging_mixin.py:190} INFO - [2024-11-15T05:20:05.033+0000] {dag.py:3239} INFO - Sync 4 DAGs
[2024-11-15T05:20:05.058+0000] {logging_mixin.py:190} INFO - [2024-11-15T05:20:05.057+0000] {dag.py:3262} INFO - Creating ORM DAG for dataset_alias_example_alias_consumer_with_no_taskflow
[2024-11-15T05:20:05.060+0000] {logging_mixin.py:190} INFO - [2024-11-15T05:20:05.059+0000] {dag.py:3262} INFO - Creating ORM DAG for dataset_alias_example_alias_producer_with_no_taskflow
[2024-11-15T05:20:05.061+0000] {logging_mixin.py:190} INFO - [2024-11-15T05:20:05.060+0000] {dag.py:3262} INFO - Creating ORM DAG for dataset_s3_bucket_producer_with_no_taskflow
[2024-11-15T05:20:05.062+0000] {logging_mixin.py:190} INFO - [2024-11-15T05:20:05.062+0000] {dag.py:3262} INFO - Creating ORM DAG for dataset_s3_bucket_consumer_with_no_taskflow
[2024-11-15T05:20:05.076+0000] {logging_mixin.py:190} INFO - [2024-11-15T05:20:05.076+0000] {dag.py:4180} INFO - Setting next_dagrun for dataset_alias_example_alias_consumer_with_no_taskflow to None, run_after=None
[2024-11-15T05:20:05.078+0000] {logging_mixin.py:190} INFO - [2024-11-15T05:20:05.077+0000] {dag.py:4180} INFO - Setting next_dagrun for dataset_alias_example_alias_producer_with_no_taskflow to None, run_after=None
[2024-11-15T05:20:05.079+0000] {logging_mixin.py:190} INFO - [2024-11-15T05:20:05.078+0000] {dag.py:4180} INFO - Setting next_dagrun for dataset_s3_bucket_consumer_with_no_taskflow to None, run_after=None
[2024-11-15T05:20:05.080+0000] {logging_mixin.py:190} INFO - [2024-11-15T05:20:05.079+0000] {dag.py:4180} INFO - Setting next_dagrun for dataset_s3_bucket_producer_with_no_taskflow to None, run_after=None
[2024-11-15T05:20:05.130+0000] {processor.py:208} INFO - Processing /home/airflow/.local/lib/python3.12/site-packages/airflow/example_dags/example_dataset_alias_with_no_taskflow.py took 3.437 seconds
[2024-11-15T05:20:35.214+0000] {processor.py:186} INFO - Started process (PID=121) to work on /home/airflow/.local/lib/python3.12/site-packages/airflow/example_dags/example_dataset_alias_with_no_taskflow.py
[2024-11-15T05:20:35.215+0000] {processor.py:914} INFO - Processing file /home/airflow/.local/lib/python3.12/site-packages/airflow/example_dags/example_dataset_alias_with_no_taskflow.py for tasks to queue
[2024-11-15T05:20:35.219+0000] {logging_mixin.py:190} INFO - [2024-11-15T05:20:35.218+0000] {dagbag.py:588} INFO - Filling up the DagBag from /home/airflow/.local/lib/python3.12/site-packages/airflow/example_dags/example_dataset_alias_with_no_taskflow.py
[2024-11-15T05:20:35.713+0000] {processor.py:925} INFO - DAG(s) 'dataset_alias_example_alias_consumer_with_no_taskflow', 'dataset_s3_bucket_producer_with_no_taskflow', 'dataset_s3_bucket_consumer_with_no_taskflow', 'dataset_alias_example_alias_producer_with_no_taskflow' retrieved from /home/airflow/.local/lib/python3.12/site-packages/airflow/example_dags/example_dataset_alias_with_no_taskflow.py
[2024-11-15T05:20:35.740+0000] {logging_mixin.py:190} INFO - [2024-11-15T05:20:35.740+0000] {dag.py:3239} INFO - Sync 4 DAGs
[2024-11-15T05:20:35.758+0000] {logging_mixin.py:190} INFO - [2024-11-15T05:20:35.758+0000] {dag.py:4180} INFO - Setting next_dagrun for dataset_alias_example_alias_consumer_with_no_taskflow to None, run_after=None
[2024-11-15T05:20:35.761+0000] {logging_mixin.py:190} INFO - [2024-11-15T05:20:35.761+0000] {dag.py:4180} INFO - Setting next_dagrun for dataset_alias_example_alias_producer_with_no_taskflow to None, run_after=None
[2024-11-15T05:20:35.763+0000] {logging_mixin.py:190} INFO - [2024-11-15T05:20:35.763+0000] {dag.py:4180} INFO - Setting next_dagrun for dataset_s3_bucket_consumer_with_no_taskflow to None, run_after=None
[2024-11-15T05:20:35.765+0000] {logging_mixin.py:190} INFO - [2024-11-15T05:20:35.765+0000] {dag.py:4180} INFO - Setting next_dagrun for dataset_s3_bucket_producer_with_no_taskflow to None, run_after=None
[2024-11-15T05:20:35.789+0000] {processor.py:208} INFO - Processing /home/airflow/.local/lib/python3.12/site-packages/airflow/example_dags/example_dataset_alias_with_no_taskflow.py took 0.580 seconds
[2024-11-15T05:21:06.209+0000] {processor.py:186} INFO - Started process (PID=185) to work on /home/airflow/.local/lib/python3.12/site-packages/airflow/example_dags/example_dataset_alias_with_no_taskflow.py
[2024-11-15T05:21:06.211+0000] {processor.py:914} INFO - Processing file /home/airflow/.local/lib/python3.12/site-packages/airflow/example_dags/example_dataset_alias_with_no_taskflow.py for tasks to queue
[2024-11-15T05:21:06.214+0000] {logging_mixin.py:190} INFO - [2024-11-15T05:21:06.214+0000] {dagbag.py:588} INFO - Filling up the DagBag from /home/airflow/.local/lib/python3.12/site-packages/airflow/example_dags/example_dataset_alias_with_no_taskflow.py
[2024-11-15T05:21:06.841+0000] {processor.py:925} INFO - DAG(s) 'dataset_alias_example_alias_consumer_with_no_taskflow', 'dataset_alias_example_alias_producer_with_no_taskflow', 'dataset_s3_bucket_producer_with_no_taskflow', 'dataset_s3_bucket_consumer_with_no_taskflow' retrieved from /home/airflow/.local/lib/python3.12/site-packages/airflow/example_dags/example_dataset_alias_with_no_taskflow.py
[2024-11-15T05:21:06.865+0000] {logging_mixin.py:190} INFO - [2024-11-15T05:21:06.865+0000] {dag.py:3239} INFO - Sync 4 DAGs
[2024-11-15T05:21:06.887+0000] {logging_mixin.py:190} INFO - [2024-11-15T05:21:06.887+0000] {dag.py:4180} INFO - Setting next_dagrun for dataset_alias_example_alias_consumer_with_no_taskflow to None, run_after=None
[2024-11-15T05:21:06.890+0000] {logging_mixin.py:190} INFO - [2024-11-15T05:21:06.890+0000] {dag.py:4180} INFO - Setting next_dagrun for dataset_alias_example_alias_producer_with_no_taskflow to None, run_after=None
[2024-11-15T05:21:06.893+0000] {logging_mixin.py:190} INFO - [2024-11-15T05:21:06.892+0000] {dag.py:4180} INFO - Setting next_dagrun for dataset_s3_bucket_consumer_with_no_taskflow to None, run_after=None
[2024-11-15T05:21:06.895+0000] {logging_mixin.py:190} INFO - [2024-11-15T05:21:06.894+0000] {dag.py:4180} INFO - Setting next_dagrun for dataset_s3_bucket_producer_with_no_taskflow to None, run_after=None
[2024-11-15T05:21:06.944+0000] {processor.py:208} INFO - Processing /home/airflow/.local/lib/python3.12/site-packages/airflow/example_dags/example_dataset_alias_with_no_taskflow.py took 0.741 seconds
[2024-11-15T05:21:37.671+0000] {processor.py:186} INFO - Started process (PID=250) to work on /home/airflow/.local/lib/python3.12/site-packages/airflow/example_dags/example_dataset_alias_with_no_taskflow.py
[2024-11-15T05:21:37.672+0000] {processor.py:914} INFO - Processing file /home/airflow/.local/lib/python3.12/site-packages/airflow/example_dags/example_dataset_alias_with_no_taskflow.py for tasks to queue
[2024-11-15T05:21:37.675+0000] {logging_mixin.py:190} INFO - [2024-11-15T05:21:37.675+0000] {dagbag.py:588} INFO - Filling up the DagBag from /home/airflow/.local/lib/python3.12/site-packages/airflow/example_dags/example_dataset_alias_with_no_taskflow.py
[2024-11-15T05:21:38.429+0000] {processor.py:925} INFO - DAG(s) 'dataset_s3_bucket_producer_with_no_taskflow', 'dataset_alias_example_alias_consumer_with_no_taskflow', 'dataset_s3_bucket_consumer_with_no_taskflow', 'dataset_alias_example_alias_producer_with_no_taskflow' retrieved from /home/airflow/.local/lib/python3.12/site-packages/airflow/example_dags/example_dataset_alias_with_no_taskflow.py
[2024-11-15T05:21:38.460+0000] {logging_mixin.py:190} INFO - [2024-11-15T05:21:38.459+0000] {dag.py:3239} INFO - Sync 4 DAGs
[2024-11-15T05:21:38.487+0000] {logging_mixin.py:190} INFO - [2024-11-15T05:21:38.486+0000] {dag.py:4180} INFO - Setting next_dagrun for dataset_alias_example_alias_consumer_with_no_taskflow to None, run_after=None
[2024-11-15T05:21:38.493+0000] {logging_mixin.py:190} INFO - [2024-11-15T05:21:38.493+0000] {dag.py:4180} INFO - Setting next_dagrun for dataset_alias_example_alias_producer_with_no_taskflow to None, run_after=None
[2024-11-15T05:21:38.495+0000] {logging_mixin.py:190} INFO - [2024-11-15T05:21:38.495+0000] {dag.py:4180} INFO - Setting next_dagrun for dataset_s3_bucket_consumer_with_no_taskflow to None, run_after=None
[2024-11-15T05:21:38.497+0000] {logging_mixin.py:190} INFO - [2024-11-15T05:21:38.497+0000] {dag.py:4180} INFO - Setting next_dagrun for dataset_s3_bucket_producer_with_no_taskflow to None, run_after=None
[2024-11-15T05:21:38.532+0000] {processor.py:208} INFO - Processing /home/airflow/.local/lib/python3.12/site-packages/airflow/example_dags/example_dataset_alias_with_no_taskflow.py took 0.866 seconds
[2024-11-15T05:22:08.943+0000] {processor.py:186} INFO - Started process (PID=316) to work on /home/airflow/.local/lib/python3.12/site-packages/airflow/example_dags/example_dataset_alias_with_no_taskflow.py
[2024-11-15T05:22:08.946+0000] {processor.py:914} INFO - Processing file /home/airflow/.local/lib/python3.12/site-packages/airflow/example_dags/example_dataset_alias_with_no_taskflow.py for tasks to queue
[2024-11-15T05:22:08.949+0000] {logging_mixin.py:190} INFO - [2024-11-15T05:22:08.948+0000] {dagbag.py:588} INFO - Filling up the DagBag from /home/airflow/.local/lib/python3.12/site-packages/airflow/example_dags/example_dataset_alias_with_no_taskflow.py
[2024-11-15T05:22:09.580+0000] {processor.py:925} INFO - DAG(s) 'dataset_alias_example_alias_consumer_with_no_taskflow', 'dataset_s3_bucket_producer_with_no_taskflow', 'dataset_s3_bucket_consumer_with_no_taskflow', 'dataset_alias_example_alias_producer_with_no_taskflow' retrieved from /home/airflow/.local/lib/python3.12/site-packages/airflow/example_dags/example_dataset_alias_with_no_taskflow.py
[2024-11-15T05:22:09.605+0000] {logging_mixin.py:190} INFO - [2024-11-15T05:22:09.604+0000] {dag.py:3239} INFO - Sync 4 DAGs
[2024-11-15T05:22:09.631+0000] {logging_mixin.py:190} INFO - [2024-11-15T05:22:09.631+0000] {dag.py:4180} INFO - Setting next_dagrun for dataset_alias_example_alias_consumer_with_no_taskflow to None, run_after=None
[2024-11-15T05:22:09.635+0000] {logging_mixin.py:190} INFO - [2024-11-15T05:22:09.635+0000] {dag.py:4180} INFO - Setting next_dagrun for dataset_alias_example_alias_producer_with_no_taskflow to None, run_after=None
[2024-11-15T05:22:09.638+0000] {logging_mixin.py:190} INFO - [2024-11-15T05:22:09.637+0000] {dag.py:4180} INFO - Setting next_dagrun for dataset_s3_bucket_consumer_with_no_taskflow to None, run_after=None
[2024-11-15T05:22:09.640+0000] {logging_mixin.py:190} INFO - [2024-11-15T05:22:09.640+0000] {dag.py:4180} INFO - Setting next_dagrun for dataset_s3_bucket_producer_with_no_taskflow to None, run_after=None
[2024-11-15T05:22:09.674+0000] {processor.py:208} INFO - Processing /home/airflow/.local/lib/python3.12/site-packages/airflow/example_dags/example_dataset_alias_with_no_taskflow.py took 0.740 seconds
[2024-11-15T05:22:40.240+0000] {processor.py:186} INFO - Started process (PID=380) to work on /home/airflow/.local/lib/python3.12/site-packages/airflow/example_dags/example_dataset_alias_with_no_taskflow.py
[2024-11-15T05:22:40.241+0000] {processor.py:914} INFO - Processing file /home/airflow/.local/lib/python3.12/site-packages/airflow/example_dags/example_dataset_alias_with_no_taskflow.py for tasks to queue
[2024-11-15T05:22:40.244+0000] {logging_mixin.py:190} INFO - [2024-11-15T05:22:40.243+0000] {dagbag.py:588} INFO - Filling up the DagBag from /home/airflow/.local/lib/python3.12/site-packages/airflow/example_dags/example_dataset_alias_with_no_taskflow.py
[2024-11-15T05:22:40.867+0000] {processor.py:925} INFO - DAG(s) 'dataset_s3_bucket_consumer_with_no_taskflow', 'dataset_s3_bucket_producer_with_no_taskflow', 'dataset_alias_example_alias_producer_with_no_taskflow', 'dataset_alias_example_alias_consumer_with_no_taskflow' retrieved from /home/airflow/.local/lib/python3.12/site-packages/airflow/example_dags/example_dataset_alias_with_no_taskflow.py
[2024-11-15T05:22:40.892+0000] {logging_mixin.py:190} INFO - [2024-11-15T05:22:40.891+0000] {dag.py:3239} INFO - Sync 4 DAGs
[2024-11-15T05:22:40.915+0000] {logging_mixin.py:190} INFO - [2024-11-15T05:22:40.915+0000] {dag.py:4180} INFO - Setting next_dagrun for dataset_alias_example_alias_consumer_with_no_taskflow to None, run_after=None
[2024-11-15T05:22:40.919+0000] {logging_mixin.py:190} INFO - [2024-11-15T05:22:40.918+0000] {dag.py:4180} INFO - Setting next_dagrun for dataset_alias_example_alias_producer_with_no_taskflow to None, run_after=None
[2024-11-15T05:22:40.921+0000] {logging_mixin.py:190} INFO - [2024-11-15T05:22:40.921+0000] {dag.py:4180} INFO - Setting next_dagrun for dataset_s3_bucket_consumer_with_no_taskflow to None, run_after=None
[2024-11-15T05:22:40.924+0000] {logging_mixin.py:190} INFO - [2024-11-15T05:22:40.924+0000] {dag.py:4180} INFO - Setting next_dagrun for dataset_s3_bucket_producer_with_no_taskflow to None, run_after=None
[2024-11-15T05:22:40.955+0000] {processor.py:208} INFO - Processing /home/airflow/.local/lib/python3.12/site-packages/airflow/example_dags/example_dataset_alias_with_no_taskflow.py took 0.720 seconds
