[2024-11-15T05:12:48.276+0000] {processor.py:186} INFO - Started process (PID=81) to work on /home/airflow/.local/lib/python3.12/site-packages/airflow/example_dags/example_sla_dag.py
[2024-11-15T05:12:48.278+0000] {processor.py:914} INFO - Processing file /home/airflow/.local/lib/python3.12/site-packages/airflow/example_dags/example_sla_dag.py for tasks to queue
[2024-11-15T05:12:48.284+0000] {logging_mixin.py:190} INFO - [2024-11-15T05:12:48.283+0000] {dagbag.py:588} INFO - Filling up the DagBag from /home/airflow/.local/lib/python3.12/site-packages/airflow/example_dags/example_sla_dag.py
[2024-11-15T05:12:48.305+0000] {processor.py:925} INFO - DAG(s) 'example_sla_dag' retrieved from /home/airflow/.local/lib/python3.12/site-packages/airflow/example_dags/example_sla_dag.py
[2024-11-15T05:12:48.492+0000] {logging_mixin.py:190} INFO - [2024-11-15T05:12:48.491+0000] {override.py:1911} INFO - Created Permission View: can delete on DAG:example_sla_dag
[2024-11-15T05:12:48.508+0000] {logging_mixin.py:190} INFO - [2024-11-15T05:12:48.507+0000] {override.py:1911} INFO - Created Permission View: can edit on DAG:example_sla_dag
[2024-11-15T05:12:48.522+0000] {logging_mixin.py:190} INFO - [2024-11-15T05:12:48.520+0000] {override.py:1911} INFO - Created Permission View: can read on DAG:example_sla_dag
[2024-11-15T05:12:48.537+0000] {logging_mixin.py:190} INFO - [2024-11-15T05:12:48.536+0000] {override.py:1911} INFO - Created Permission View: can create on DAG Run:example_sla_dag
[2024-11-15T05:12:48.551+0000] {logging_mixin.py:190} INFO - [2024-11-15T05:12:48.551+0000] {override.py:1911} INFO - Created Permission View: can delete on DAG Run:example_sla_dag
[2024-11-15T05:12:48.564+0000] {logging_mixin.py:190} INFO - [2024-11-15T05:12:48.563+0000] {override.py:1911} INFO - Created Permission View: menu access on DAG Run:example_sla_dag
[2024-11-15T05:12:48.575+0000] {logging_mixin.py:190} INFO - [2024-11-15T05:12:48.575+0000] {override.py:1911} INFO - Created Permission View: can read on DAG Run:example_sla_dag
[2024-11-15T05:12:48.576+0000] {logging_mixin.py:190} INFO - [2024-11-15T05:12:48.576+0000] {dag.py:3239} INFO - Sync 1 DAGs
[2024-11-15T05:12:48.595+0000] {logging_mixin.py:190} INFO - [2024-11-15T05:12:48.595+0000] {dag.py:3262} INFO - Creating ORM DAG for example_sla_dag
[2024-11-15T05:12:48.613+0000] {logging_mixin.py:190} INFO - [2024-11-15T05:12:48.612+0000] {dag.py:4180} INFO - Setting next_dagrun for example_sla_dag to 2024-11-15 05:10:00+00:00, run_after=2024-11-15 05:12:00+00:00
[2024-11-15T05:12:48.636+0000] {processor.py:208} INFO - Processing /home/airflow/.local/lib/python3.12/site-packages/airflow/example_dags/example_sla_dag.py took 0.371 seconds
[2024-11-15T05:13:18.936+0000] {processor.py:186} INFO - Started process (PID=154) to work on /home/airflow/.local/lib/python3.12/site-packages/airflow/example_dags/example_sla_dag.py
[2024-11-15T05:13:18.937+0000] {processor.py:914} INFO - Processing file /home/airflow/.local/lib/python3.12/site-packages/airflow/example_dags/example_sla_dag.py for tasks to queue
[2024-11-15T05:13:18.940+0000] {logging_mixin.py:190} INFO - [2024-11-15T05:13:18.939+0000] {dagbag.py:588} INFO - Filling up the DagBag from /home/airflow/.local/lib/python3.12/site-packages/airflow/example_dags/example_sla_dag.py
[2024-11-15T05:13:18.948+0000] {processor.py:925} INFO - DAG(s) 'example_sla_dag' retrieved from /home/airflow/.local/lib/python3.12/site-packages/airflow/example_dags/example_sla_dag.py
[2024-11-15T05:13:18.967+0000] {logging_mixin.py:190} INFO - [2024-11-15T05:13:18.967+0000] {dag.py:3239} INFO - Sync 1 DAGs
[2024-11-15T05:13:18.990+0000] {logging_mixin.py:190} INFO - [2024-11-15T05:13:18.990+0000] {dag.py:4180} INFO - Setting next_dagrun for example_sla_dag to 2024-11-15 05:10:00+00:00, run_after=2024-11-15 05:12:00+00:00
[2024-11-15T05:13:19.015+0000] {processor.py:208} INFO - Processing /home/airflow/.local/lib/python3.12/site-packages/airflow/example_dags/example_sla_dag.py took 0.084 seconds
[2024-11-15T05:13:50.383+0000] {processor.py:186} INFO - Started process (PID=218) to work on /home/airflow/.local/lib/python3.12/site-packages/airflow/example_dags/example_sla_dag.py
[2024-11-15T05:13:50.384+0000] {processor.py:914} INFO - Processing file /home/airflow/.local/lib/python3.12/site-packages/airflow/example_dags/example_sla_dag.py for tasks to queue
[2024-11-15T05:13:50.386+0000] {logging_mixin.py:190} INFO - [2024-11-15T05:13:50.386+0000] {dagbag.py:588} INFO - Filling up the DagBag from /home/airflow/.local/lib/python3.12/site-packages/airflow/example_dags/example_sla_dag.py
[2024-11-15T05:13:50.395+0000] {processor.py:925} INFO - DAG(s) 'example_sla_dag' retrieved from /home/airflow/.local/lib/python3.12/site-packages/airflow/example_dags/example_sla_dag.py
[2024-11-15T05:13:50.412+0000] {logging_mixin.py:190} INFO - [2024-11-15T05:13:50.412+0000] {dag.py:3239} INFO - Sync 1 DAGs
[2024-11-15T05:13:50.433+0000] {logging_mixin.py:190} INFO - [2024-11-15T05:13:50.433+0000] {dag.py:4180} INFO - Setting next_dagrun for example_sla_dag to 2024-11-15 05:10:00+00:00, run_after=2024-11-15 05:12:00+00:00
[2024-11-15T05:13:50.456+0000] {processor.py:208} INFO - Processing /home/airflow/.local/lib/python3.12/site-packages/airflow/example_dags/example_sla_dag.py took 0.078 seconds
[2024-11-15T05:14:21.605+0000] {processor.py:186} INFO - Started process (PID=282) to work on /home/airflow/.local/lib/python3.12/site-packages/airflow/example_dags/example_sla_dag.py
[2024-11-15T05:14:21.606+0000] {processor.py:914} INFO - Processing file /home/airflow/.local/lib/python3.12/site-packages/airflow/example_dags/example_sla_dag.py for tasks to queue
[2024-11-15T05:14:21.610+0000] {logging_mixin.py:190} INFO - [2024-11-15T05:14:21.610+0000] {dagbag.py:588} INFO - Filling up the DagBag from /home/airflow/.local/lib/python3.12/site-packages/airflow/example_dags/example_sla_dag.py
[2024-11-15T05:14:21.626+0000] {processor.py:925} INFO - DAG(s) 'example_sla_dag' retrieved from /home/airflow/.local/lib/python3.12/site-packages/airflow/example_dags/example_sla_dag.py
[2024-11-15T05:14:21.653+0000] {logging_mixin.py:190} INFO - [2024-11-15T05:14:21.653+0000] {dag.py:3239} INFO - Sync 1 DAGs
[2024-11-15T05:14:21.698+0000] {logging_mixin.py:190} INFO - [2024-11-15T05:14:21.698+0000] {dag.py:4180} INFO - Setting next_dagrun for example_sla_dag to 2024-11-15 05:12:00+00:00, run_after=2024-11-15 05:14:00+00:00
[2024-11-15T05:14:21.733+0000] {processor.py:208} INFO - Processing /home/airflow/.local/lib/python3.12/site-packages/airflow/example_dags/example_sla_dag.py took 0.137 seconds
[2024-11-15T05:14:52.737+0000] {processor.py:186} INFO - Started process (PID=346) to work on /home/airflow/.local/lib/python3.12/site-packages/airflow/example_dags/example_sla_dag.py
[2024-11-15T05:14:52.738+0000] {processor.py:914} INFO - Processing file /home/airflow/.local/lib/python3.12/site-packages/airflow/example_dags/example_sla_dag.py for tasks to queue
[2024-11-15T05:14:52.742+0000] {logging_mixin.py:190} INFO - [2024-11-15T05:14:52.741+0000] {dagbag.py:588} INFO - Filling up the DagBag from /home/airflow/.local/lib/python3.12/site-packages/airflow/example_dags/example_sla_dag.py
[2024-11-15T05:14:52.752+0000] {processor.py:925} INFO - DAG(s) 'example_sla_dag' retrieved from /home/airflow/.local/lib/python3.12/site-packages/airflow/example_dags/example_sla_dag.py
[2024-11-15T05:14:52.774+0000] {logging_mixin.py:190} INFO - [2024-11-15T05:14:52.773+0000] {dag.py:3239} INFO - Sync 1 DAGs
[2024-11-15T05:14:52.802+0000] {logging_mixin.py:190} INFO - [2024-11-15T05:14:52.801+0000] {dag.py:4180} INFO - Setting next_dagrun for example_sla_dag to 2024-11-15 05:12:00+00:00, run_after=2024-11-15 05:14:00+00:00
[2024-11-15T05:14:52.824+0000] {processor.py:208} INFO - Processing /home/airflow/.local/lib/python3.12/site-packages/airflow/example_dags/example_sla_dag.py took 0.094 seconds
[2024-11-15T05:15:24.191+0000] {processor.py:186} INFO - Started process (PID=437) to work on /home/airflow/.local/lib/python3.12/site-packages/airflow/example_dags/example_sla_dag.py
[2024-11-15T05:15:24.193+0000] {processor.py:914} INFO - Processing file /home/airflow/.local/lib/python3.12/site-packages/airflow/example_dags/example_sla_dag.py for tasks to queue
[2024-11-15T05:15:24.198+0000] {logging_mixin.py:190} INFO - [2024-11-15T05:15:24.197+0000] {dagbag.py:588} INFO - Filling up the DagBag from /home/airflow/.local/lib/python3.12/site-packages/airflow/example_dags/example_sla_dag.py
[2024-11-15T05:15:24.218+0000] {processor.py:925} INFO - DAG(s) 'example_sla_dag' retrieved from /home/airflow/.local/lib/python3.12/site-packages/airflow/example_dags/example_sla_dag.py
[2024-11-15T05:15:24.248+0000] {logging_mixin.py:190} INFO - [2024-11-15T05:15:24.248+0000] {dag.py:3239} INFO - Sync 1 DAGs
[2024-11-15T05:15:24.285+0000] {logging_mixin.py:190} INFO - [2024-11-15T05:15:24.285+0000] {dag.py:4180} INFO - Setting next_dagrun for example_sla_dag to 2024-11-15 05:12:00+00:00, run_after=2024-11-15 05:14:00+00:00
[2024-11-15T05:15:24.316+0000] {processor.py:208} INFO - Processing /home/airflow/.local/lib/python3.12/site-packages/airflow/example_dags/example_sla_dag.py took 0.145 seconds
[2024-11-15T05:15:55.117+0000] {processor.py:186} INFO - Started process (PID=513) to work on /home/airflow/.local/lib/python3.12/site-packages/airflow/example_dags/example_sla_dag.py
[2024-11-15T05:15:55.118+0000] {processor.py:914} INFO - Processing file /home/airflow/.local/lib/python3.12/site-packages/airflow/example_dags/example_sla_dag.py for tasks to queue
[2024-11-15T05:15:55.122+0000] {logging_mixin.py:190} INFO - [2024-11-15T05:15:55.122+0000] {dagbag.py:588} INFO - Filling up the DagBag from /home/airflow/.local/lib/python3.12/site-packages/airflow/example_dags/example_sla_dag.py
[2024-11-15T05:15:55.144+0000] {processor.py:925} INFO - DAG(s) 'example_sla_dag' retrieved from /home/airflow/.local/lib/python3.12/site-packages/airflow/example_dags/example_sla_dag.py
[2024-11-15T05:15:55.188+0000] {logging_mixin.py:190} INFO - [2024-11-15T05:15:55.187+0000] {dag.py:3239} INFO - Sync 1 DAGs
[2024-11-15T05:15:55.236+0000] {logging_mixin.py:190} INFO - [2024-11-15T05:15:55.235+0000] {dag.py:4180} INFO - Setting next_dagrun for example_sla_dag to 2024-11-15 05:12:00+00:00, run_after=2024-11-15 05:14:00+00:00
[2024-11-15T05:15:55.280+0000] {processor.py:208} INFO - Processing /home/airflow/.local/lib/python3.12/site-packages/airflow/example_dags/example_sla_dag.py took 0.179 seconds
[2024-11-15T05:16:25.719+0000] {processor.py:186} INFO - Started process (PID=577) to work on /home/airflow/.local/lib/python3.12/site-packages/airflow/example_dags/example_sla_dag.py
[2024-11-15T05:16:25.721+0000] {processor.py:914} INFO - Processing file /home/airflow/.local/lib/python3.12/site-packages/airflow/example_dags/example_sla_dag.py for tasks to queue
[2024-11-15T05:16:25.723+0000] {logging_mixin.py:190} INFO - [2024-11-15T05:16:25.723+0000] {dagbag.py:588} INFO - Filling up the DagBag from /home/airflow/.local/lib/python3.12/site-packages/airflow/example_dags/example_sla_dag.py
[2024-11-15T05:16:25.733+0000] {processor.py:925} INFO - DAG(s) 'example_sla_dag' retrieved from /home/airflow/.local/lib/python3.12/site-packages/airflow/example_dags/example_sla_dag.py
[2024-11-15T05:16:25.752+0000] {logging_mixin.py:190} INFO - [2024-11-15T05:16:25.752+0000] {dag.py:3239} INFO - Sync 1 DAGs
[2024-11-15T05:16:25.775+0000] {logging_mixin.py:190} INFO - [2024-11-15T05:16:25.775+0000] {dag.py:4180} INFO - Setting next_dagrun for example_sla_dag to 2024-11-15 05:14:00+00:00, run_after=2024-11-15 05:16:00+00:00
[2024-11-15T05:16:25.800+0000] {processor.py:208} INFO - Processing /home/airflow/.local/lib/python3.12/site-packages/airflow/example_dags/example_sla_dag.py took 0.088 seconds
[2024-11-15T05:16:57.068+0000] {processor.py:186} INFO - Started process (PID=641) to work on /home/airflow/.local/lib/python3.12/site-packages/airflow/example_dags/example_sla_dag.py
[2024-11-15T05:16:57.069+0000] {processor.py:914} INFO - Processing file /home/airflow/.local/lib/python3.12/site-packages/airflow/example_dags/example_sla_dag.py for tasks to queue
[2024-11-15T05:16:57.072+0000] {logging_mixin.py:190} INFO - [2024-11-15T05:16:57.072+0000] {dagbag.py:588} INFO - Filling up the DagBag from /home/airflow/.local/lib/python3.12/site-packages/airflow/example_dags/example_sla_dag.py
[2024-11-15T05:16:57.084+0000] {processor.py:925} INFO - DAG(s) 'example_sla_dag' retrieved from /home/airflow/.local/lib/python3.12/site-packages/airflow/example_dags/example_sla_dag.py
[2024-11-15T05:16:57.108+0000] {logging_mixin.py:190} INFO - [2024-11-15T05:16:57.107+0000] {dag.py:3239} INFO - Sync 1 DAGs
[2024-11-15T05:16:57.137+0000] {logging_mixin.py:190} INFO - [2024-11-15T05:16:57.137+0000] {dag.py:4180} INFO - Setting next_dagrun for example_sla_dag to 2024-11-15 05:14:00+00:00, run_after=2024-11-15 05:16:00+00:00
[2024-11-15T05:16:57.165+0000] {processor.py:208} INFO - Processing /home/airflow/.local/lib/python3.12/site-packages/airflow/example_dags/example_sla_dag.py took 0.108 seconds
[2024-11-15T05:17:28.325+0000] {processor.py:186} INFO - Started process (PID=705) to work on /home/airflow/.local/lib/python3.12/site-packages/airflow/example_dags/example_sla_dag.py
[2024-11-15T05:17:28.327+0000] {processor.py:914} INFO - Processing file /home/airflow/.local/lib/python3.12/site-packages/airflow/example_dags/example_sla_dag.py for tasks to queue
[2024-11-15T05:17:28.329+0000] {logging_mixin.py:190} INFO - [2024-11-15T05:17:28.329+0000] {dagbag.py:588} INFO - Filling up the DagBag from /home/airflow/.local/lib/python3.12/site-packages/airflow/example_dags/example_sla_dag.py
[2024-11-15T05:17:28.341+0000] {processor.py:925} INFO - DAG(s) 'example_sla_dag' retrieved from /home/airflow/.local/lib/python3.12/site-packages/airflow/example_dags/example_sla_dag.py
[2024-11-15T05:17:28.364+0000] {logging_mixin.py:190} INFO - [2024-11-15T05:17:28.363+0000] {dag.py:3239} INFO - Sync 1 DAGs
[2024-11-15T05:17:28.393+0000] {logging_mixin.py:190} INFO - [2024-11-15T05:17:28.392+0000] {dag.py:4180} INFO - Setting next_dagrun for example_sla_dag to 2024-11-15 05:14:00+00:00, run_after=2024-11-15 05:16:00+00:00
[2024-11-15T05:17:28.414+0000] {processor.py:208} INFO - Processing /home/airflow/.local/lib/python3.12/site-packages/airflow/example_dags/example_sla_dag.py took 0.100 seconds
[2024-11-15T05:17:59.731+0000] {processor.py:186} INFO - Started process (PID=769) to work on /home/airflow/.local/lib/python3.12/site-packages/airflow/example_dags/example_sla_dag.py
[2024-11-15T05:17:59.732+0000] {processor.py:914} INFO - Processing file /home/airflow/.local/lib/python3.12/site-packages/airflow/example_dags/example_sla_dag.py for tasks to queue
[2024-11-15T05:17:59.735+0000] {logging_mixin.py:190} INFO - [2024-11-15T05:17:59.735+0000] {dagbag.py:588} INFO - Filling up the DagBag from /home/airflow/.local/lib/python3.12/site-packages/airflow/example_dags/example_sla_dag.py
[2024-11-15T05:17:59.744+0000] {processor.py:925} INFO - DAG(s) 'example_sla_dag' retrieved from /home/airflow/.local/lib/python3.12/site-packages/airflow/example_dags/example_sla_dag.py
[2024-11-15T05:17:59.763+0000] {logging_mixin.py:190} INFO - [2024-11-15T05:17:59.762+0000] {dag.py:3239} INFO - Sync 1 DAGs
[2024-11-15T05:17:59.785+0000] {logging_mixin.py:190} INFO - [2024-11-15T05:17:59.784+0000] {dag.py:4180} INFO - Setting next_dagrun for example_sla_dag to 2024-11-15 05:14:00+00:00, run_after=2024-11-15 05:16:00+00:00
[2024-11-15T05:17:59.806+0000] {processor.py:208} INFO - Processing /home/airflow/.local/lib/python3.12/site-packages/airflow/example_dags/example_sla_dag.py took 0.083 seconds
[2024-11-15T05:20:11.167+0000] {processor.py:186} INFO - Started process (PID=81) to work on /home/airflow/.local/lib/python3.12/site-packages/airflow/example_dags/example_sla_dag.py
[2024-11-15T05:20:11.168+0000] {processor.py:914} INFO - Processing file /home/airflow/.local/lib/python3.12/site-packages/airflow/example_dags/example_sla_dag.py for tasks to queue
[2024-11-15T05:20:11.172+0000] {logging_mixin.py:190} INFO - [2024-11-15T05:20:11.172+0000] {dagbag.py:588} INFO - Filling up the DagBag from /home/airflow/.local/lib/python3.12/site-packages/airflow/example_dags/example_sla_dag.py
[2024-11-15T05:20:11.187+0000] {processor.py:925} INFO - DAG(s) 'example_sla_dag' retrieved from /home/airflow/.local/lib/python3.12/site-packages/airflow/example_dags/example_sla_dag.py
[2024-11-15T05:20:11.418+0000] {logging_mixin.py:190} INFO - [2024-11-15T05:20:11.417+0000] {override.py:1911} INFO - Created Permission View: can delete on DAG:example_sla_dag
[2024-11-15T05:20:11.435+0000] {logging_mixin.py:190} INFO - [2024-11-15T05:20:11.435+0000] {override.py:1911} INFO - Created Permission View: can edit on DAG:example_sla_dag
[2024-11-15T05:20:11.447+0000] {logging_mixin.py:190} INFO - [2024-11-15T05:20:11.447+0000] {override.py:1911} INFO - Created Permission View: can read on DAG:example_sla_dag
[2024-11-15T05:20:11.466+0000] {logging_mixin.py:190} INFO - [2024-11-15T05:20:11.465+0000] {override.py:1911} INFO - Created Permission View: can delete on DAG Run:example_sla_dag
[2024-11-15T05:20:11.478+0000] {logging_mixin.py:190} INFO - [2024-11-15T05:20:11.478+0000] {override.py:1911} INFO - Created Permission View: can read on DAG Run:example_sla_dag
[2024-11-15T05:20:11.492+0000] {logging_mixin.py:190} INFO - [2024-11-15T05:20:11.492+0000] {override.py:1911} INFO - Created Permission View: can create on DAG Run:example_sla_dag
[2024-11-15T05:20:11.505+0000] {logging_mixin.py:190} INFO - [2024-11-15T05:20:11.505+0000] {override.py:1911} INFO - Created Permission View: menu access on DAG Run:example_sla_dag
[2024-11-15T05:20:11.507+0000] {logging_mixin.py:190} INFO - [2024-11-15T05:20:11.506+0000] {dag.py:3239} INFO - Sync 1 DAGs
[2024-11-15T05:20:11.532+0000] {logging_mixin.py:190} INFO - [2024-11-15T05:20:11.531+0000] {dag.py:3262} INFO - Creating ORM DAG for example_sla_dag
[2024-11-15T05:20:11.553+0000] {logging_mixin.py:190} INFO - [2024-11-15T05:20:11.553+0000] {dag.py:4180} INFO - Setting next_dagrun for example_sla_dag to 2024-11-15 05:18:00+00:00, run_after=2024-11-15 05:20:00+00:00
[2024-11-15T05:20:11.575+0000] {processor.py:208} INFO - Processing /home/airflow/.local/lib/python3.12/site-packages/airflow/example_dags/example_sla_dag.py took 0.416 seconds
[2024-11-15T05:20:42.282+0000] {processor.py:186} INFO - Started process (PID=145) to work on /home/airflow/.local/lib/python3.12/site-packages/airflow/example_dags/example_sla_dag.py
[2024-11-15T05:20:42.284+0000] {processor.py:914} INFO - Processing file /home/airflow/.local/lib/python3.12/site-packages/airflow/example_dags/example_sla_dag.py for tasks to queue
[2024-11-15T05:20:42.287+0000] {logging_mixin.py:190} INFO - [2024-11-15T05:20:42.287+0000] {dagbag.py:588} INFO - Filling up the DagBag from /home/airflow/.local/lib/python3.12/site-packages/airflow/example_dags/example_sla_dag.py
[2024-11-15T05:20:42.304+0000] {processor.py:925} INFO - DAG(s) 'example_sla_dag' retrieved from /home/airflow/.local/lib/python3.12/site-packages/airflow/example_dags/example_sla_dag.py
[2024-11-15T05:20:42.344+0000] {logging_mixin.py:190} INFO - [2024-11-15T05:20:42.343+0000] {dag.py:3239} INFO - Sync 1 DAGs
[2024-11-15T05:20:42.438+0000] {logging_mixin.py:190} INFO - [2024-11-15T05:20:42.437+0000] {dag.py:4180} INFO - Setting next_dagrun for example_sla_dag to 2024-11-15 05:18:00+00:00, run_after=2024-11-15 05:20:00+00:00
[2024-11-15T05:20:42.539+0000] {processor.py:208} INFO - Processing /home/airflow/.local/lib/python3.12/site-packages/airflow/example_dags/example_sla_dag.py took 0.266 seconds
[2024-11-15T05:21:12.794+0000] {processor.py:186} INFO - Started process (PID=208) to work on /home/airflow/.local/lib/python3.12/site-packages/airflow/example_dags/example_sla_dag.py
[2024-11-15T05:21:12.795+0000] {processor.py:914} INFO - Processing file /home/airflow/.local/lib/python3.12/site-packages/airflow/example_dags/example_sla_dag.py for tasks to queue
[2024-11-15T05:21:12.798+0000] {logging_mixin.py:190} INFO - [2024-11-15T05:21:12.797+0000] {dagbag.py:588} INFO - Filling up the DagBag from /home/airflow/.local/lib/python3.12/site-packages/airflow/example_dags/example_sla_dag.py
[2024-11-15T05:21:12.807+0000] {processor.py:925} INFO - DAG(s) 'example_sla_dag' retrieved from /home/airflow/.local/lib/python3.12/site-packages/airflow/example_dags/example_sla_dag.py
[2024-11-15T05:21:12.826+0000] {logging_mixin.py:190} INFO - [2024-11-15T05:21:12.826+0000] {dag.py:3239} INFO - Sync 1 DAGs
[2024-11-15T05:21:12.848+0000] {logging_mixin.py:190} INFO - [2024-11-15T05:21:12.848+0000] {dag.py:4180} INFO - Setting next_dagrun for example_sla_dag to 2024-11-15 05:18:00+00:00, run_after=2024-11-15 05:20:00+00:00
[2024-11-15T05:21:12.871+0000] {processor.py:208} INFO - Processing /home/airflow/.local/lib/python3.12/site-packages/airflow/example_dags/example_sla_dag.py took 0.082 seconds
[2024-11-15T05:21:43.702+0000] {processor.py:186} INFO - Started process (PID=272) to work on /home/airflow/.local/lib/python3.12/site-packages/airflow/example_dags/example_sla_dag.py
[2024-11-15T05:21:43.703+0000] {processor.py:914} INFO - Processing file /home/airflow/.local/lib/python3.12/site-packages/airflow/example_dags/example_sla_dag.py for tasks to queue
[2024-11-15T05:21:43.707+0000] {logging_mixin.py:190} INFO - [2024-11-15T05:21:43.707+0000] {dagbag.py:588} INFO - Filling up the DagBag from /home/airflow/.local/lib/python3.12/site-packages/airflow/example_dags/example_sla_dag.py
[2024-11-15T05:21:43.716+0000] {processor.py:925} INFO - DAG(s) 'example_sla_dag' retrieved from /home/airflow/.local/lib/python3.12/site-packages/airflow/example_dags/example_sla_dag.py
[2024-11-15T05:21:43.736+0000] {logging_mixin.py:190} INFO - [2024-11-15T05:21:43.736+0000] {dag.py:3239} INFO - Sync 1 DAGs
[2024-11-15T05:21:43.761+0000] {logging_mixin.py:190} INFO - [2024-11-15T05:21:43.761+0000] {dag.py:4180} INFO - Setting next_dagrun for example_sla_dag to 2024-11-15 05:18:00+00:00, run_after=2024-11-15 05:20:00+00:00
[2024-11-15T05:21:43.782+0000] {processor.py:208} INFO - Processing /home/airflow/.local/lib/python3.12/site-packages/airflow/example_dags/example_sla_dag.py took 0.086 seconds
[2024-11-15T05:22:14.675+0000] {processor.py:186} INFO - Started process (PID=336) to work on /home/airflow/.local/lib/python3.12/site-packages/airflow/example_dags/example_sla_dag.py
[2024-11-15T05:22:14.676+0000] {processor.py:914} INFO - Processing file /home/airflow/.local/lib/python3.12/site-packages/airflow/example_dags/example_sla_dag.py for tasks to queue
[2024-11-15T05:22:14.678+0000] {logging_mixin.py:190} INFO - [2024-11-15T05:22:14.678+0000] {dagbag.py:588} INFO - Filling up the DagBag from /home/airflow/.local/lib/python3.12/site-packages/airflow/example_dags/example_sla_dag.py
[2024-11-15T05:22:14.687+0000] {processor.py:925} INFO - DAG(s) 'example_sla_dag' retrieved from /home/airflow/.local/lib/python3.12/site-packages/airflow/example_dags/example_sla_dag.py
[2024-11-15T05:22:14.706+0000] {logging_mixin.py:190} INFO - [2024-11-15T05:22:14.706+0000] {dag.py:3239} INFO - Sync 1 DAGs
[2024-11-15T05:22:14.729+0000] {logging_mixin.py:190} INFO - [2024-11-15T05:22:14.728+0000] {dag.py:4180} INFO - Setting next_dagrun for example_sla_dag to 2024-11-15 05:20:00+00:00, run_after=2024-11-15 05:22:00+00:00
[2024-11-15T05:22:14.751+0000] {processor.py:208} INFO - Processing /home/airflow/.local/lib/python3.12/site-packages/airflow/example_dags/example_sla_dag.py took 0.081 seconds
[2024-11-15T05:22:45.231+0000] {processor.py:186} INFO - Started process (PID=399) to work on /home/airflow/.local/lib/python3.12/site-packages/airflow/example_dags/example_sla_dag.py
[2024-11-15T05:22:45.232+0000] {processor.py:914} INFO - Processing file /home/airflow/.local/lib/python3.12/site-packages/airflow/example_dags/example_sla_dag.py for tasks to queue
[2024-11-15T05:22:45.235+0000] {logging_mixin.py:190} INFO - [2024-11-15T05:22:45.235+0000] {dagbag.py:588} INFO - Filling up the DagBag from /home/airflow/.local/lib/python3.12/site-packages/airflow/example_dags/example_sla_dag.py
[2024-11-15T05:22:45.248+0000] {processor.py:925} INFO - DAG(s) 'example_sla_dag' retrieved from /home/airflow/.local/lib/python3.12/site-packages/airflow/example_dags/example_sla_dag.py
[2024-11-15T05:22:45.268+0000] {logging_mixin.py:190} INFO - [2024-11-15T05:22:45.268+0000] {dag.py:3239} INFO - Sync 1 DAGs
[2024-11-15T05:22:45.296+0000] {logging_mixin.py:190} INFO - [2024-11-15T05:22:45.296+0000] {dag.py:4180} INFO - Setting next_dagrun for example_sla_dag to 2024-11-15 05:20:00+00:00, run_after=2024-11-15 05:22:00+00:00
[2024-11-15T05:22:45.319+0000] {processor.py:208} INFO - Processing /home/airflow/.local/lib/python3.12/site-packages/airflow/example_dags/example_sla_dag.py took 0.093 seconds
