[2024-11-15T05:12:37.158+0000] {processor.py:186} INFO - Started process (PID=50) to work on /home/airflow/.local/lib/python3.12/site-packages/airflow/example_dags/example_kubernetes_executor.py
[2024-11-15T05:12:37.161+0000] {processor.py:914} INFO - Processing file /home/airflow/.local/lib/python3.12/site-packages/airflow/example_dags/example_kubernetes_executor.py for tasks to queue
[2024-11-15T05:12:37.170+0000] {logging_mixin.py:190} INFO - [2024-11-15T05:12:37.168+0000] {dagbag.py:588} INFO - Filling up the DagBag from /home/airflow/.local/lib/python3.12/site-packages/airflow/example_dags/example_kubernetes_executor.py
[2024-11-15T05:12:37.279+0000] {processor.py:925} INFO - DAG(s) 'example_kubernetes_executor' retrieved from /home/airflow/.local/lib/python3.12/site-packages/airflow/example_dags/example_kubernetes_executor.py
[2024-11-15T05:12:37.672+0000] {logging_mixin.py:190} INFO - [2024-11-15T05:12:37.671+0000] {override.py:1911} INFO - Created Permission View: can delete on DAG:example_kubernetes_executor
[2024-11-15T05:12:37.693+0000] {logging_mixin.py:190} INFO - [2024-11-15T05:12:37.693+0000] {override.py:1911} INFO - Created Permission View: can edit on DAG:example_kubernetes_executor
[2024-11-15T05:12:37.709+0000] {logging_mixin.py:190} INFO - [2024-11-15T05:12:37.708+0000] {override.py:1911} INFO - Created Permission View: can read on DAG:example_kubernetes_executor
[2024-11-15T05:12:37.731+0000] {logging_mixin.py:190} INFO - [2024-11-15T05:12:37.730+0000] {override.py:1911} INFO - Created Permission View: can create on DAG Run:example_kubernetes_executor
[2024-11-15T05:12:37.751+0000] {logging_mixin.py:190} INFO - [2024-11-15T05:12:37.750+0000] {override.py:1911} INFO - Created Permission View: can delete on DAG Run:example_kubernetes_executor
[2024-11-15T05:12:37.764+0000] {logging_mixin.py:190} INFO - [2024-11-15T05:12:37.763+0000] {override.py:1911} INFO - Created Permission View: menu access on DAG Run:example_kubernetes_executor
[2024-11-15T05:12:37.778+0000] {logging_mixin.py:190} INFO - [2024-11-15T05:12:37.777+0000] {override.py:1911} INFO - Created Permission View: can read on DAG Run:example_kubernetes_executor
[2024-11-15T05:12:37.779+0000] {logging_mixin.py:190} INFO - [2024-11-15T05:12:37.778+0000] {dag.py:3239} INFO - Sync 1 DAGs
[2024-11-15T05:12:37.806+0000] {logging_mixin.py:190} INFO - [2024-11-15T05:12:37.806+0000] {dag.py:3262} INFO - Creating ORM DAG for example_kubernetes_executor
[2024-11-15T05:12:37.808+0000] {logging_mixin.py:190} INFO - [2024-11-15T05:12:37.808+0000] {dag.py:4180} INFO - Setting next_dagrun for example_kubernetes_executor to None, run_after=None
[2024-11-15T05:12:37.850+0000] {processor.py:208} INFO - Processing /home/airflow/.local/lib/python3.12/site-packages/airflow/example_dags/example_kubernetes_executor.py took 0.716 seconds
[2024-11-15T05:13:08.480+0000] {processor.py:186} INFO - Started process (PID=114) to work on /home/airflow/.local/lib/python3.12/site-packages/airflow/example_dags/example_kubernetes_executor.py
[2024-11-15T05:13:08.481+0000] {processor.py:914} INFO - Processing file /home/airflow/.local/lib/python3.12/site-packages/airflow/example_dags/example_kubernetes_executor.py for tasks to queue
[2024-11-15T05:13:08.483+0000] {logging_mixin.py:190} INFO - [2024-11-15T05:13:08.483+0000] {dagbag.py:588} INFO - Filling up the DagBag from /home/airflow/.local/lib/python3.12/site-packages/airflow/example_dags/example_kubernetes_executor.py
[2024-11-15T05:13:08.495+0000] {processor.py:925} INFO - DAG(s) 'example_kubernetes_executor' retrieved from /home/airflow/.local/lib/python3.12/site-packages/airflow/example_dags/example_kubernetes_executor.py
[2024-11-15T05:13:08.533+0000] {logging_mixin.py:190} INFO - [2024-11-15T05:13:08.533+0000] {dag.py:3239} INFO - Sync 1 DAGs
[2024-11-15T05:13:08.548+0000] {logging_mixin.py:190} INFO - [2024-11-15T05:13:08.547+0000] {dag.py:4180} INFO - Setting next_dagrun for example_kubernetes_executor to None, run_after=None
[2024-11-15T05:13:08.570+0000] {processor.py:208} INFO - Processing /home/airflow/.local/lib/python3.12/site-packages/airflow/example_dags/example_kubernetes_executor.py took 0.095 seconds
[2024-11-15T05:13:38.933+0000] {processor.py:186} INFO - Started process (PID=187) to work on /home/airflow/.local/lib/python3.12/site-packages/airflow/example_dags/example_kubernetes_executor.py
[2024-11-15T05:13:38.934+0000] {processor.py:914} INFO - Processing file /home/airflow/.local/lib/python3.12/site-packages/airflow/example_dags/example_kubernetes_executor.py for tasks to queue
[2024-11-15T05:13:38.936+0000] {logging_mixin.py:190} INFO - [2024-11-15T05:13:38.936+0000] {dagbag.py:588} INFO - Filling up the DagBag from /home/airflow/.local/lib/python3.12/site-packages/airflow/example_dags/example_kubernetes_executor.py
[2024-11-15T05:13:38.951+0000] {processor.py:925} INFO - DAG(s) 'example_kubernetes_executor' retrieved from /home/airflow/.local/lib/python3.12/site-packages/airflow/example_dags/example_kubernetes_executor.py
[2024-11-15T05:13:38.988+0000] {logging_mixin.py:190} INFO - [2024-11-15T05:13:38.988+0000] {dag.py:3239} INFO - Sync 1 DAGs
[2024-11-15T05:13:39.003+0000] {logging_mixin.py:190} INFO - [2024-11-15T05:13:39.003+0000] {dag.py:4180} INFO - Setting next_dagrun for example_kubernetes_executor to None, run_after=None
[2024-11-15T05:13:39.032+0000] {processor.py:208} INFO - Processing /home/airflow/.local/lib/python3.12/site-packages/airflow/example_dags/example_kubernetes_executor.py took 0.106 seconds
[2024-11-15T05:14:09.542+0000] {processor.py:186} INFO - Started process (PID=251) to work on /home/airflow/.local/lib/python3.12/site-packages/airflow/example_dags/example_kubernetes_executor.py
[2024-11-15T05:14:09.543+0000] {processor.py:914} INFO - Processing file /home/airflow/.local/lib/python3.12/site-packages/airflow/example_dags/example_kubernetes_executor.py for tasks to queue
[2024-11-15T05:14:09.548+0000] {logging_mixin.py:190} INFO - [2024-11-15T05:14:09.547+0000] {dagbag.py:588} INFO - Filling up the DagBag from /home/airflow/.local/lib/python3.12/site-packages/airflow/example_dags/example_kubernetes_executor.py
[2024-11-15T05:14:09.585+0000] {processor.py:925} INFO - DAG(s) 'example_kubernetes_executor' retrieved from /home/airflow/.local/lib/python3.12/site-packages/airflow/example_dags/example_kubernetes_executor.py
[2024-11-15T05:14:09.648+0000] {logging_mixin.py:190} INFO - [2024-11-15T05:14:09.648+0000] {dag.py:3239} INFO - Sync 1 DAGs
[2024-11-15T05:14:09.664+0000] {logging_mixin.py:190} INFO - [2024-11-15T05:14:09.664+0000] {dag.py:4180} INFO - Setting next_dagrun for example_kubernetes_executor to None, run_after=None
[2024-11-15T05:14:09.690+0000] {processor.py:208} INFO - Processing /home/airflow/.local/lib/python3.12/site-packages/airflow/example_dags/example_kubernetes_executor.py took 0.156 seconds
[2024-11-15T05:14:40.328+0000] {processor.py:186} INFO - Started process (PID=315) to work on /home/airflow/.local/lib/python3.12/site-packages/airflow/example_dags/example_kubernetes_executor.py
[2024-11-15T05:14:40.330+0000] {processor.py:914} INFO - Processing file /home/airflow/.local/lib/python3.12/site-packages/airflow/example_dags/example_kubernetes_executor.py for tasks to queue
[2024-11-15T05:14:40.333+0000] {logging_mixin.py:190} INFO - [2024-11-15T05:14:40.332+0000] {dagbag.py:588} INFO - Filling up the DagBag from /home/airflow/.local/lib/python3.12/site-packages/airflow/example_dags/example_kubernetes_executor.py
[2024-11-15T05:14:40.350+0000] {processor.py:925} INFO - DAG(s) 'example_kubernetes_executor' retrieved from /home/airflow/.local/lib/python3.12/site-packages/airflow/example_dags/example_kubernetes_executor.py
[2024-11-15T05:14:40.392+0000] {logging_mixin.py:190} INFO - [2024-11-15T05:14:40.392+0000] {dag.py:3239} INFO - Sync 1 DAGs
[2024-11-15T05:14:40.408+0000] {logging_mixin.py:190} INFO - [2024-11-15T05:14:40.408+0000] {dag.py:4180} INFO - Setting next_dagrun for example_kubernetes_executor to None, run_after=None
[2024-11-15T05:14:40.431+0000] {processor.py:208} INFO - Processing /home/airflow/.local/lib/python3.12/site-packages/airflow/example_dags/example_kubernetes_executor.py took 0.114 seconds
[2024-11-15T05:15:10.587+0000] {processor.py:186} INFO - Started process (PID=406) to work on /home/airflow/.local/lib/python3.12/site-packages/airflow/example_dags/example_kubernetes_executor.py
[2024-11-15T05:15:10.588+0000] {processor.py:914} INFO - Processing file /home/airflow/.local/lib/python3.12/site-packages/airflow/example_dags/example_kubernetes_executor.py for tasks to queue
[2024-11-15T05:15:10.591+0000] {logging_mixin.py:190} INFO - [2024-11-15T05:15:10.591+0000] {dagbag.py:588} INFO - Filling up the DagBag from /home/airflow/.local/lib/python3.12/site-packages/airflow/example_dags/example_kubernetes_executor.py
[2024-11-15T05:15:10.616+0000] {processor.py:925} INFO - DAG(s) 'example_kubernetes_executor' retrieved from /home/airflow/.local/lib/python3.12/site-packages/airflow/example_dags/example_kubernetes_executor.py
[2024-11-15T05:15:10.667+0000] {logging_mixin.py:190} INFO - [2024-11-15T05:15:10.667+0000] {dag.py:3239} INFO - Sync 1 DAGs
[2024-11-15T05:15:10.685+0000] {logging_mixin.py:190} INFO - [2024-11-15T05:15:10.685+0000] {dag.py:4180} INFO - Setting next_dagrun for example_kubernetes_executor to None, run_after=None
[2024-11-15T05:15:10.718+0000] {processor.py:208} INFO - Processing /home/airflow/.local/lib/python3.12/site-packages/airflow/example_dags/example_kubernetes_executor.py took 0.143 seconds
[2024-11-15T05:15:40.870+0000] {processor.py:186} INFO - Started process (PID=482) to work on /home/airflow/.local/lib/python3.12/site-packages/airflow/example_dags/example_kubernetes_executor.py
[2024-11-15T05:15:40.872+0000] {processor.py:914} INFO - Processing file /home/airflow/.local/lib/python3.12/site-packages/airflow/example_dags/example_kubernetes_executor.py for tasks to queue
[2024-11-15T05:15:40.876+0000] {logging_mixin.py:190} INFO - [2024-11-15T05:15:40.876+0000] {dagbag.py:588} INFO - Filling up the DagBag from /home/airflow/.local/lib/python3.12/site-packages/airflow/example_dags/example_kubernetes_executor.py
[2024-11-15T05:15:40.902+0000] {processor.py:925} INFO - DAG(s) 'example_kubernetes_executor' retrieved from /home/airflow/.local/lib/python3.12/site-packages/airflow/example_dags/example_kubernetes_executor.py
[2024-11-15T05:15:40.966+0000] {logging_mixin.py:190} INFO - [2024-11-15T05:15:40.966+0000] {dag.py:3239} INFO - Sync 1 DAGs
[2024-11-15T05:15:40.994+0000] {logging_mixin.py:190} INFO - [2024-11-15T05:15:40.993+0000] {dag.py:4180} INFO - Setting next_dagrun for example_kubernetes_executor to None, run_after=None
[2024-11-15T05:15:41.035+0000] {processor.py:208} INFO - Processing /home/airflow/.local/lib/python3.12/site-packages/airflow/example_dags/example_kubernetes_executor.py took 0.183 seconds
[2024-11-15T05:16:11.681+0000] {processor.py:186} INFO - Started process (PID=546) to work on /home/airflow/.local/lib/python3.12/site-packages/airflow/example_dags/example_kubernetes_executor.py
[2024-11-15T05:16:11.682+0000] {processor.py:914} INFO - Processing file /home/airflow/.local/lib/python3.12/site-packages/airflow/example_dags/example_kubernetes_executor.py for tasks to queue
[2024-11-15T05:16:11.685+0000] {logging_mixin.py:190} INFO - [2024-11-15T05:16:11.684+0000] {dagbag.py:588} INFO - Filling up the DagBag from /home/airflow/.local/lib/python3.12/site-packages/airflow/example_dags/example_kubernetes_executor.py
[2024-11-15T05:16:11.697+0000] {processor.py:925} INFO - DAG(s) 'example_kubernetes_executor' retrieved from /home/airflow/.local/lib/python3.12/site-packages/airflow/example_dags/example_kubernetes_executor.py
[2024-11-15T05:16:11.732+0000] {logging_mixin.py:190} INFO - [2024-11-15T05:16:11.732+0000] {dag.py:3239} INFO - Sync 1 DAGs
[2024-11-15T05:16:11.747+0000] {logging_mixin.py:190} INFO - [2024-11-15T05:16:11.746+0000] {dag.py:4180} INFO - Setting next_dagrun for example_kubernetes_executor to None, run_after=None
[2024-11-15T05:16:11.769+0000] {processor.py:208} INFO - Processing /home/airflow/.local/lib/python3.12/site-packages/airflow/example_dags/example_kubernetes_executor.py took 0.095 seconds
[2024-11-15T05:16:42.422+0000] {processor.py:186} INFO - Started process (PID=610) to work on /home/airflow/.local/lib/python3.12/site-packages/airflow/example_dags/example_kubernetes_executor.py
[2024-11-15T05:16:42.424+0000] {processor.py:914} INFO - Processing file /home/airflow/.local/lib/python3.12/site-packages/airflow/example_dags/example_kubernetes_executor.py for tasks to queue
[2024-11-15T05:16:42.427+0000] {logging_mixin.py:190} INFO - [2024-11-15T05:16:42.426+0000] {dagbag.py:588} INFO - Filling up the DagBag from /home/airflow/.local/lib/python3.12/site-packages/airflow/example_dags/example_kubernetes_executor.py
[2024-11-15T05:16:42.442+0000] {processor.py:925} INFO - DAG(s) 'example_kubernetes_executor' retrieved from /home/airflow/.local/lib/python3.12/site-packages/airflow/example_dags/example_kubernetes_executor.py
[2024-11-15T05:16:42.482+0000] {logging_mixin.py:190} INFO - [2024-11-15T05:16:42.482+0000] {dag.py:3239} INFO - Sync 1 DAGs
[2024-11-15T05:16:42.497+0000] {logging_mixin.py:190} INFO - [2024-11-15T05:16:42.496+0000] {dag.py:4180} INFO - Setting next_dagrun for example_kubernetes_executor to None, run_after=None
[2024-11-15T05:16:42.520+0000] {processor.py:208} INFO - Processing /home/airflow/.local/lib/python3.12/site-packages/airflow/example_dags/example_kubernetes_executor.py took 0.105 seconds
[2024-11-15T05:17:12.988+0000] {processor.py:186} INFO - Started process (PID=674) to work on /home/airflow/.local/lib/python3.12/site-packages/airflow/example_dags/example_kubernetes_executor.py
[2024-11-15T05:17:12.989+0000] {processor.py:914} INFO - Processing file /home/airflow/.local/lib/python3.12/site-packages/airflow/example_dags/example_kubernetes_executor.py for tasks to queue
[2024-11-15T05:17:12.991+0000] {logging_mixin.py:190} INFO - [2024-11-15T05:17:12.991+0000] {dagbag.py:588} INFO - Filling up the DagBag from /home/airflow/.local/lib/python3.12/site-packages/airflow/example_dags/example_kubernetes_executor.py
[2024-11-15T05:17:13.005+0000] {processor.py:925} INFO - DAG(s) 'example_kubernetes_executor' retrieved from /home/airflow/.local/lib/python3.12/site-packages/airflow/example_dags/example_kubernetes_executor.py
[2024-11-15T05:17:13.042+0000] {logging_mixin.py:190} INFO - [2024-11-15T05:17:13.042+0000] {dag.py:3239} INFO - Sync 1 DAGs
[2024-11-15T05:17:13.054+0000] {logging_mixin.py:190} INFO - [2024-11-15T05:17:13.054+0000] {dag.py:4180} INFO - Setting next_dagrun for example_kubernetes_executor to None, run_after=None
[2024-11-15T05:17:13.080+0000] {processor.py:208} INFO - Processing /home/airflow/.local/lib/python3.12/site-packages/airflow/example_dags/example_kubernetes_executor.py took 0.100 seconds
[2024-11-15T05:17:43.409+0000] {processor.py:186} INFO - Started process (PID=738) to work on /home/airflow/.local/lib/python3.12/site-packages/airflow/example_dags/example_kubernetes_executor.py
[2024-11-15T05:17:43.411+0000] {processor.py:914} INFO - Processing file /home/airflow/.local/lib/python3.12/site-packages/airflow/example_dags/example_kubernetes_executor.py for tasks to queue
[2024-11-15T05:17:43.414+0000] {logging_mixin.py:190} INFO - [2024-11-15T05:17:43.413+0000] {dagbag.py:588} INFO - Filling up the DagBag from /home/airflow/.local/lib/python3.12/site-packages/airflow/example_dags/example_kubernetes_executor.py
[2024-11-15T05:17:43.438+0000] {processor.py:925} INFO - DAG(s) 'example_kubernetes_executor' retrieved from /home/airflow/.local/lib/python3.12/site-packages/airflow/example_dags/example_kubernetes_executor.py
[2024-11-15T05:17:43.487+0000] {logging_mixin.py:190} INFO - [2024-11-15T05:17:43.487+0000] {dag.py:3239} INFO - Sync 1 DAGs
[2024-11-15T05:17:43.503+0000] {logging_mixin.py:190} INFO - [2024-11-15T05:17:43.503+0000] {dag.py:4180} INFO - Setting next_dagrun for example_kubernetes_executor to None, run_after=None
[2024-11-15T05:17:43.533+0000] {processor.py:208} INFO - Processing /home/airflow/.local/lib/python3.12/site-packages/airflow/example_dags/example_kubernetes_executor.py took 0.137 seconds
[2024-11-15T05:20:00.441+0000] {processor.py:186} INFO - Started process (PID=50) to work on /home/airflow/.local/lib/python3.12/site-packages/airflow/example_dags/example_kubernetes_executor.py
[2024-11-15T05:20:00.455+0000] {processor.py:914} INFO - Processing file /home/airflow/.local/lib/python3.12/site-packages/airflow/example_dags/example_kubernetes_executor.py for tasks to queue
[2024-11-15T05:20:00.469+0000] {logging_mixin.py:190} INFO - [2024-11-15T05:20:00.460+0000] {dagbag.py:588} INFO - Filling up the DagBag from /home/airflow/.local/lib/python3.12/site-packages/airflow/example_dags/example_kubernetes_executor.py
[2024-11-15T05:20:00.532+0000] {processor.py:925} INFO - DAG(s) 'example_kubernetes_executor' retrieved from /home/airflow/.local/lib/python3.12/site-packages/airflow/example_dags/example_kubernetes_executor.py
[2024-11-15T05:20:00.896+0000] {logging_mixin.py:190} INFO - [2024-11-15T05:20:00.895+0000] {override.py:1911} INFO - Created Permission View: can delete on DAG:example_kubernetes_executor
[2024-11-15T05:20:00.922+0000] {logging_mixin.py:190} INFO - [2024-11-15T05:20:00.921+0000] {override.py:1911} INFO - Created Permission View: can edit on DAG:example_kubernetes_executor
[2024-11-15T05:20:00.938+0000] {logging_mixin.py:190} INFO - [2024-11-15T05:20:00.938+0000] {override.py:1911} INFO - Created Permission View: can read on DAG:example_kubernetes_executor
[2024-11-15T05:20:00.955+0000] {logging_mixin.py:190} INFO - [2024-11-15T05:20:00.954+0000] {override.py:1911} INFO - Created Permission View: can delete on DAG Run:example_kubernetes_executor
[2024-11-15T05:20:00.973+0000] {logging_mixin.py:190} INFO - [2024-11-15T05:20:00.972+0000] {override.py:1911} INFO - Created Permission View: can read on DAG Run:example_kubernetes_executor
[2024-11-15T05:20:00.986+0000] {logging_mixin.py:190} INFO - [2024-11-15T05:20:00.985+0000] {override.py:1911} INFO - Created Permission View: can create on DAG Run:example_kubernetes_executor
[2024-11-15T05:20:01.001+0000] {logging_mixin.py:190} INFO - [2024-11-15T05:20:01.001+0000] {override.py:1911} INFO - Created Permission View: menu access on DAG Run:example_kubernetes_executor
[2024-11-15T05:20:01.003+0000] {logging_mixin.py:190} INFO - [2024-11-15T05:20:01.003+0000] {dag.py:3239} INFO - Sync 1 DAGs
[2024-11-15T05:20:01.028+0000] {logging_mixin.py:190} INFO - [2024-11-15T05:20:01.027+0000] {dag.py:3262} INFO - Creating ORM DAG for example_kubernetes_executor
[2024-11-15T05:20:01.029+0000] {logging_mixin.py:190} INFO - [2024-11-15T05:20:01.029+0000] {dag.py:4180} INFO - Setting next_dagrun for example_kubernetes_executor to None, run_after=None
[2024-11-15T05:20:01.061+0000] {processor.py:208} INFO - Processing /home/airflow/.local/lib/python3.12/site-packages/airflow/example_dags/example_kubernetes_executor.py took 0.644 seconds
[2024-11-15T05:20:31.784+0000] {processor.py:186} INFO - Started process (PID=114) to work on /home/airflow/.local/lib/python3.12/site-packages/airflow/example_dags/example_kubernetes_executor.py
[2024-11-15T05:20:31.786+0000] {processor.py:914} INFO - Processing file /home/airflow/.local/lib/python3.12/site-packages/airflow/example_dags/example_kubernetes_executor.py for tasks to queue
[2024-11-15T05:20:31.789+0000] {logging_mixin.py:190} INFO - [2024-11-15T05:20:31.789+0000] {dagbag.py:588} INFO - Filling up the DagBag from /home/airflow/.local/lib/python3.12/site-packages/airflow/example_dags/example_kubernetes_executor.py
[2024-11-15T05:20:31.818+0000] {processor.py:925} INFO - DAG(s) 'example_kubernetes_executor' retrieved from /home/airflow/.local/lib/python3.12/site-packages/airflow/example_dags/example_kubernetes_executor.py
[2024-11-15T05:20:31.891+0000] {logging_mixin.py:190} INFO - [2024-11-15T05:20:31.891+0000] {dag.py:3239} INFO - Sync 1 DAGs
[2024-11-15T05:20:31.918+0000] {logging_mixin.py:190} INFO - [2024-11-15T05:20:31.917+0000] {dag.py:4180} INFO - Setting next_dagrun for example_kubernetes_executor to None, run_after=None
[2024-11-15T05:20:31.958+0000] {processor.py:208} INFO - Processing /home/airflow/.local/lib/python3.12/site-packages/airflow/example_dags/example_kubernetes_executor.py took 0.181 seconds
[2024-11-15T05:21:02.782+0000] {processor.py:186} INFO - Started process (PID=178) to work on /home/airflow/.local/lib/python3.12/site-packages/airflow/example_dags/example_kubernetes_executor.py
[2024-11-15T05:21:02.783+0000] {processor.py:914} INFO - Processing file /home/airflow/.local/lib/python3.12/site-packages/airflow/example_dags/example_kubernetes_executor.py for tasks to queue
[2024-11-15T05:21:02.785+0000] {logging_mixin.py:190} INFO - [2024-11-15T05:21:02.785+0000] {dagbag.py:588} INFO - Filling up the DagBag from /home/airflow/.local/lib/python3.12/site-packages/airflow/example_dags/example_kubernetes_executor.py
[2024-11-15T05:21:02.802+0000] {processor.py:925} INFO - DAG(s) 'example_kubernetes_executor' retrieved from /home/airflow/.local/lib/python3.12/site-packages/airflow/example_dags/example_kubernetes_executor.py
[2024-11-15T05:21:02.837+0000] {logging_mixin.py:190} INFO - [2024-11-15T05:21:02.837+0000] {dag.py:3239} INFO - Sync 1 DAGs
[2024-11-15T05:21:02.851+0000] {logging_mixin.py:190} INFO - [2024-11-15T05:21:02.851+0000] {dag.py:4180} INFO - Setting next_dagrun for example_kubernetes_executor to None, run_after=None
[2024-11-15T05:21:02.880+0000] {processor.py:208} INFO - Processing /home/airflow/.local/lib/python3.12/site-packages/airflow/example_dags/example_kubernetes_executor.py took 0.104 seconds
[2024-11-15T05:21:33.204+0000] {processor.py:186} INFO - Started process (PID=242) to work on /home/airflow/.local/lib/python3.12/site-packages/airflow/example_dags/example_kubernetes_executor.py
[2024-11-15T05:21:33.205+0000] {processor.py:914} INFO - Processing file /home/airflow/.local/lib/python3.12/site-packages/airflow/example_dags/example_kubernetes_executor.py for tasks to queue
[2024-11-15T05:21:33.208+0000] {logging_mixin.py:190} INFO - [2024-11-15T05:21:33.207+0000] {dagbag.py:588} INFO - Filling up the DagBag from /home/airflow/.local/lib/python3.12/site-packages/airflow/example_dags/example_kubernetes_executor.py
[2024-11-15T05:21:33.220+0000] {processor.py:925} INFO - DAG(s) 'example_kubernetes_executor' retrieved from /home/airflow/.local/lib/python3.12/site-packages/airflow/example_dags/example_kubernetes_executor.py
[2024-11-15T05:21:33.254+0000] {logging_mixin.py:190} INFO - [2024-11-15T05:21:33.254+0000] {dag.py:3239} INFO - Sync 1 DAGs
[2024-11-15T05:21:33.268+0000] {logging_mixin.py:190} INFO - [2024-11-15T05:21:33.267+0000] {dag.py:4180} INFO - Setting next_dagrun for example_kubernetes_executor to None, run_after=None
[2024-11-15T05:21:33.291+0000] {processor.py:208} INFO - Processing /home/airflow/.local/lib/python3.12/site-packages/airflow/example_dags/example_kubernetes_executor.py took 0.092 seconds
[2024-11-15T05:22:03.394+0000] {processor.py:186} INFO - Started process (PID=306) to work on /home/airflow/.local/lib/python3.12/site-packages/airflow/example_dags/example_kubernetes_executor.py
[2024-11-15T05:22:03.396+0000] {processor.py:914} INFO - Processing file /home/airflow/.local/lib/python3.12/site-packages/airflow/example_dags/example_kubernetes_executor.py for tasks to queue
[2024-11-15T05:22:03.398+0000] {logging_mixin.py:190} INFO - [2024-11-15T05:22:03.397+0000] {dagbag.py:588} INFO - Filling up the DagBag from /home/airflow/.local/lib/python3.12/site-packages/airflow/example_dags/example_kubernetes_executor.py
[2024-11-15T05:22:03.413+0000] {processor.py:925} INFO - DAG(s) 'example_kubernetes_executor' retrieved from /home/airflow/.local/lib/python3.12/site-packages/airflow/example_dags/example_kubernetes_executor.py
[2024-11-15T05:22:03.449+0000] {logging_mixin.py:190} INFO - [2024-11-15T05:22:03.449+0000] {dag.py:3239} INFO - Sync 1 DAGs
[2024-11-15T05:22:03.465+0000] {logging_mixin.py:190} INFO - [2024-11-15T05:22:03.465+0000] {dag.py:4180} INFO - Setting next_dagrun for example_kubernetes_executor to None, run_after=None
[2024-11-15T05:22:03.490+0000] {processor.py:208} INFO - Processing /home/airflow/.local/lib/python3.12/site-packages/airflow/example_dags/example_kubernetes_executor.py took 0.102 seconds
[2024-11-15T05:22:33.585+0000] {processor.py:186} INFO - Started process (PID=370) to work on /home/airflow/.local/lib/python3.12/site-packages/airflow/example_dags/example_kubernetes_executor.py
[2024-11-15T05:22:33.586+0000] {processor.py:914} INFO - Processing file /home/airflow/.local/lib/python3.12/site-packages/airflow/example_dags/example_kubernetes_executor.py for tasks to queue
[2024-11-15T05:22:33.590+0000] {logging_mixin.py:190} INFO - [2024-11-15T05:22:33.589+0000] {dagbag.py:588} INFO - Filling up the DagBag from /home/airflow/.local/lib/python3.12/site-packages/airflow/example_dags/example_kubernetes_executor.py
[2024-11-15T05:22:33.606+0000] {processor.py:925} INFO - DAG(s) 'example_kubernetes_executor' retrieved from /home/airflow/.local/lib/python3.12/site-packages/airflow/example_dags/example_kubernetes_executor.py
[2024-11-15T05:22:33.640+0000] {logging_mixin.py:190} INFO - [2024-11-15T05:22:33.639+0000] {dag.py:3239} INFO - Sync 1 DAGs
[2024-11-15T05:22:33.654+0000] {logging_mixin.py:190} INFO - [2024-11-15T05:22:33.653+0000] {dag.py:4180} INFO - Setting next_dagrun for example_kubernetes_executor to None, run_after=None
[2024-11-15T05:22:33.678+0000] {processor.py:208} INFO - Processing /home/airflow/.local/lib/python3.12/site-packages/airflow/example_dags/example_kubernetes_executor.py took 0.099 seconds
[2024-11-15T05:23:04.180+0000] {processor.py:186} INFO - Started process (PID=434) to work on /home/airflow/.local/lib/python3.12/site-packages/airflow/example_dags/example_kubernetes_executor.py
[2024-11-15T05:23:04.181+0000] {processor.py:914} INFO - Processing file /home/airflow/.local/lib/python3.12/site-packages/airflow/example_dags/example_kubernetes_executor.py for tasks to queue
[2024-11-15T05:23:04.184+0000] {logging_mixin.py:190} INFO - [2024-11-15T05:23:04.183+0000] {dagbag.py:588} INFO - Filling up the DagBag from /home/airflow/.local/lib/python3.12/site-packages/airflow/example_dags/example_kubernetes_executor.py
[2024-11-15T05:23:04.196+0000] {processor.py:925} INFO - DAG(s) 'example_kubernetes_executor' retrieved from /home/airflow/.local/lib/python3.12/site-packages/airflow/example_dags/example_kubernetes_executor.py
[2024-11-15T05:23:04.230+0000] {logging_mixin.py:190} INFO - [2024-11-15T05:23:04.229+0000] {dag.py:3239} INFO - Sync 1 DAGs
[2024-11-15T05:23:04.243+0000] {logging_mixin.py:190} INFO - [2024-11-15T05:23:04.242+0000] {dag.py:4180} INFO - Setting next_dagrun for example_kubernetes_executor to None, run_after=None
[2024-11-15T05:23:04.264+0000] {processor.py:208} INFO - Processing /home/airflow/.local/lib/python3.12/site-packages/airflow/example_dags/example_kubernetes_executor.py took 0.089 seconds
