[2024-11-15T05:12:50.162+0000] {processor.py:186} INFO - Started process (PID=89) to work on /home/airflow/.local/lib/python3.12/site-packages/airflow/example_dags/example_dag_decorator.py
[2024-11-15T05:12:50.163+0000] {processor.py:914} INFO - Processing file /home/airflow/.local/lib/python3.12/site-packages/airflow/example_dags/example_dag_decorator.py for tasks to queue
[2024-11-15T05:12:50.166+0000] {logging_mixin.py:190} INFO - [2024-11-15T05:12:50.166+0000] {dagbag.py:588} INFO - Filling up the DagBag from /home/airflow/.local/lib/python3.12/site-packages/airflow/example_dags/example_dag_decorator.py
[2024-11-15T05:12:50.185+0000] {processor.py:925} INFO - DAG(s) 'example_dag_decorator' retrieved from /home/airflow/.local/lib/python3.12/site-packages/airflow/example_dags/example_dag_decorator.py
[2024-11-15T05:12:50.323+0000] {logging_mixin.py:190} INFO - [2024-11-15T05:12:50.322+0000] {override.py:1911} INFO - Created Permission View: can delete on DAG:example_dag_decorator
[2024-11-15T05:12:50.338+0000] {logging_mixin.py:190} INFO - [2024-11-15T05:12:50.338+0000] {override.py:1911} INFO - Created Permission View: can edit on DAG:example_dag_decorator
[2024-11-15T05:12:50.350+0000] {logging_mixin.py:190} INFO - [2024-11-15T05:12:50.350+0000] {override.py:1911} INFO - Created Permission View: can read on DAG:example_dag_decorator
[2024-11-15T05:12:50.366+0000] {logging_mixin.py:190} INFO - [2024-11-15T05:12:50.365+0000] {override.py:1911} INFO - Created Permission View: can create on DAG Run:example_dag_decorator
[2024-11-15T05:12:50.379+0000] {logging_mixin.py:190} INFO - [2024-11-15T05:12:50.378+0000] {override.py:1911} INFO - Created Permission View: can delete on DAG Run:example_dag_decorator
[2024-11-15T05:12:50.392+0000] {logging_mixin.py:190} INFO - [2024-11-15T05:12:50.392+0000] {override.py:1911} INFO - Created Permission View: menu access on DAG Run:example_dag_decorator
[2024-11-15T05:12:50.405+0000] {logging_mixin.py:190} INFO - [2024-11-15T05:12:50.404+0000] {override.py:1911} INFO - Created Permission View: can read on DAG Run:example_dag_decorator
[2024-11-15T05:12:50.406+0000] {logging_mixin.py:190} INFO - [2024-11-15T05:12:50.405+0000] {dag.py:3239} INFO - Sync 1 DAGs
[2024-11-15T05:12:50.424+0000] {logging_mixin.py:190} INFO - [2024-11-15T05:12:50.423+0000] {dag.py:3262} INFO - Creating ORM DAG for example_dag_decorator
[2024-11-15T05:12:50.425+0000] {logging_mixin.py:190} INFO - [2024-11-15T05:12:50.425+0000] {dag.py:4180} INFO - Setting next_dagrun for example_dag_decorator to None, run_after=None
[2024-11-15T05:12:50.453+0000] {processor.py:208} INFO - Processing /home/airflow/.local/lib/python3.12/site-packages/airflow/example_dags/example_dag_decorator.py took 0.299 seconds
[2024-11-15T05:13:20.989+0000] {processor.py:186} INFO - Started process (PID=162) to work on /home/airflow/.local/lib/python3.12/site-packages/airflow/example_dags/example_dag_decorator.py
[2024-11-15T05:13:20.990+0000] {processor.py:914} INFO - Processing file /home/airflow/.local/lib/python3.12/site-packages/airflow/example_dags/example_dag_decorator.py for tasks to queue
[2024-11-15T05:13:20.993+0000] {logging_mixin.py:190} INFO - [2024-11-15T05:13:20.993+0000] {dagbag.py:588} INFO - Filling up the DagBag from /home/airflow/.local/lib/python3.12/site-packages/airflow/example_dags/example_dag_decorator.py
[2024-11-15T05:13:21.005+0000] {processor.py:925} INFO - DAG(s) 'example_dag_decorator' retrieved from /home/airflow/.local/lib/python3.12/site-packages/airflow/example_dags/example_dag_decorator.py
[2024-11-15T05:13:21.108+0000] {logging_mixin.py:190} INFO - [2024-11-15T05:13:21.108+0000] {dag.py:3239} INFO - Sync 1 DAGs
[2024-11-15T05:13:21.119+0000] {logging_mixin.py:190} INFO - [2024-11-15T05:13:21.118+0000] {dag.py:4180} INFO - Setting next_dagrun for example_dag_decorator to None, run_after=None
[2024-11-15T05:13:21.142+0000] {processor.py:208} INFO - Processing /home/airflow/.local/lib/python3.12/site-packages/airflow/example_dags/example_dag_decorator.py took 0.158 seconds
[2024-11-15T05:13:51.860+0000] {processor.py:186} INFO - Started process (PID=226) to work on /home/airflow/.local/lib/python3.12/site-packages/airflow/example_dags/example_dag_decorator.py
[2024-11-15T05:13:51.861+0000] {processor.py:914} INFO - Processing file /home/airflow/.local/lib/python3.12/site-packages/airflow/example_dags/example_dag_decorator.py for tasks to queue
[2024-11-15T05:13:51.863+0000] {logging_mixin.py:190} INFO - [2024-11-15T05:13:51.863+0000] {dagbag.py:588} INFO - Filling up the DagBag from /home/airflow/.local/lib/python3.12/site-packages/airflow/example_dags/example_dag_decorator.py
[2024-11-15T05:13:51.874+0000] {processor.py:925} INFO - DAG(s) 'example_dag_decorator' retrieved from /home/airflow/.local/lib/python3.12/site-packages/airflow/example_dags/example_dag_decorator.py
[2024-11-15T05:13:51.978+0000] {logging_mixin.py:190} INFO - [2024-11-15T05:13:51.978+0000] {dag.py:3239} INFO - Sync 1 DAGs
[2024-11-15T05:13:51.989+0000] {logging_mixin.py:190} INFO - [2024-11-15T05:13:51.989+0000] {dag.py:4180} INFO - Setting next_dagrun for example_dag_decorator to None, run_after=None
[2024-11-15T05:13:52.011+0000] {processor.py:208} INFO - Processing /home/airflow/.local/lib/python3.12/site-packages/airflow/example_dags/example_dag_decorator.py took 0.156 seconds
[2024-11-15T05:14:22.277+0000] {processor.py:186} INFO - Started process (PID=290) to work on /home/airflow/.local/lib/python3.12/site-packages/airflow/example_dags/example_dag_decorator.py
[2024-11-15T05:14:22.279+0000] {processor.py:914} INFO - Processing file /home/airflow/.local/lib/python3.12/site-packages/airflow/example_dags/example_dag_decorator.py for tasks to queue
[2024-11-15T05:14:22.283+0000] {logging_mixin.py:190} INFO - [2024-11-15T05:14:22.283+0000] {dagbag.py:588} INFO - Filling up the DagBag from /home/airflow/.local/lib/python3.12/site-packages/airflow/example_dags/example_dag_decorator.py
[2024-11-15T05:14:22.299+0000] {processor.py:925} INFO - DAG(s) 'example_dag_decorator' retrieved from /home/airflow/.local/lib/python3.12/site-packages/airflow/example_dags/example_dag_decorator.py
[2024-11-15T05:14:22.442+0000] {logging_mixin.py:190} INFO - [2024-11-15T05:14:22.442+0000] {dag.py:3239} INFO - Sync 1 DAGs
[2024-11-15T05:14:22.458+0000] {logging_mixin.py:190} INFO - [2024-11-15T05:14:22.458+0000] {dag.py:4180} INFO - Setting next_dagrun for example_dag_decorator to None, run_after=None
[2024-11-15T05:14:22.490+0000] {processor.py:208} INFO - Processing /home/airflow/.local/lib/python3.12/site-packages/airflow/example_dags/example_dag_decorator.py took 0.222 seconds
[2024-11-15T05:14:53.367+0000] {processor.py:186} INFO - Started process (PID=354) to work on /home/airflow/.local/lib/python3.12/site-packages/airflow/example_dags/example_dag_decorator.py
[2024-11-15T05:14:53.368+0000] {processor.py:914} INFO - Processing file /home/airflow/.local/lib/python3.12/site-packages/airflow/example_dags/example_dag_decorator.py for tasks to queue
[2024-11-15T05:14:53.371+0000] {logging_mixin.py:190} INFO - [2024-11-15T05:14:53.370+0000] {dagbag.py:588} INFO - Filling up the DagBag from /home/airflow/.local/lib/python3.12/site-packages/airflow/example_dags/example_dag_decorator.py
[2024-11-15T05:14:53.382+0000] {processor.py:925} INFO - DAG(s) 'example_dag_decorator' retrieved from /home/airflow/.local/lib/python3.12/site-packages/airflow/example_dags/example_dag_decorator.py
[2024-11-15T05:14:53.512+0000] {logging_mixin.py:190} INFO - [2024-11-15T05:14:53.511+0000] {dag.py:3239} INFO - Sync 1 DAGs
[2024-11-15T05:14:53.534+0000] {logging_mixin.py:190} INFO - [2024-11-15T05:14:53.534+0000] {dag.py:4180} INFO - Setting next_dagrun for example_dag_decorator to None, run_after=None
[2024-11-15T05:14:53.566+0000] {processor.py:208} INFO - Processing /home/airflow/.local/lib/python3.12/site-packages/airflow/example_dags/example_dag_decorator.py took 0.204 seconds
[2024-11-15T05:15:25.224+0000] {processor.py:186} INFO - Started process (PID=445) to work on /home/airflow/.local/lib/python3.12/site-packages/airflow/example_dags/example_dag_decorator.py
[2024-11-15T05:15:25.226+0000] {processor.py:914} INFO - Processing file /home/airflow/.local/lib/python3.12/site-packages/airflow/example_dags/example_dag_decorator.py for tasks to queue
[2024-11-15T05:15:25.233+0000] {logging_mixin.py:190} INFO - [2024-11-15T05:15:25.232+0000] {dagbag.py:588} INFO - Filling up the DagBag from /home/airflow/.local/lib/python3.12/site-packages/airflow/example_dags/example_dag_decorator.py
[2024-11-15T05:15:25.267+0000] {processor.py:925} INFO - DAG(s) 'example_dag_decorator' retrieved from /home/airflow/.local/lib/python3.12/site-packages/airflow/example_dags/example_dag_decorator.py
[2024-11-15T05:15:25.554+0000] {logging_mixin.py:190} INFO - [2024-11-15T05:15:25.553+0000] {dag.py:3239} INFO - Sync 1 DAGs
[2024-11-15T05:15:25.611+0000] {logging_mixin.py:190} INFO - [2024-11-15T05:15:25.611+0000] {dag.py:4180} INFO - Setting next_dagrun for example_dag_decorator to None, run_after=None
[2024-11-15T05:15:25.692+0000] {processor.py:208} INFO - Processing /home/airflow/.local/lib/python3.12/site-packages/airflow/example_dags/example_dag_decorator.py took 0.497 seconds
[2024-11-15T05:15:56.188+0000] {processor.py:186} INFO - Started process (PID=521) to work on /home/airflow/.local/lib/python3.12/site-packages/airflow/example_dags/example_dag_decorator.py
[2024-11-15T05:15:56.189+0000] {processor.py:914} INFO - Processing file /home/airflow/.local/lib/python3.12/site-packages/airflow/example_dags/example_dag_decorator.py for tasks to queue
[2024-11-15T05:15:56.192+0000] {logging_mixin.py:190} INFO - [2024-11-15T05:15:56.192+0000] {dagbag.py:588} INFO - Filling up the DagBag from /home/airflow/.local/lib/python3.12/site-packages/airflow/example_dags/example_dag_decorator.py
[2024-11-15T05:15:56.217+0000] {processor.py:925} INFO - DAG(s) 'example_dag_decorator' retrieved from /home/airflow/.local/lib/python3.12/site-packages/airflow/example_dags/example_dag_decorator.py
[2024-11-15T05:15:56.500+0000] {logging_mixin.py:190} INFO - [2024-11-15T05:15:56.499+0000] {dag.py:3239} INFO - Sync 1 DAGs
[2024-11-15T05:15:56.524+0000] {logging_mixin.py:190} INFO - [2024-11-15T05:15:56.524+0000] {dag.py:4180} INFO - Setting next_dagrun for example_dag_decorator to None, run_after=None
[2024-11-15T05:15:56.582+0000] {processor.py:208} INFO - Processing /home/airflow/.local/lib/python3.12/site-packages/airflow/example_dags/example_dag_decorator.py took 0.410 seconds
[2024-11-15T05:16:27.402+0000] {processor.py:186} INFO - Started process (PID=585) to work on /home/airflow/.local/lib/python3.12/site-packages/airflow/example_dags/example_dag_decorator.py
[2024-11-15T05:16:27.403+0000] {processor.py:914} INFO - Processing file /home/airflow/.local/lib/python3.12/site-packages/airflow/example_dags/example_dag_decorator.py for tasks to queue
[2024-11-15T05:16:27.406+0000] {logging_mixin.py:190} INFO - [2024-11-15T05:16:27.405+0000] {dagbag.py:588} INFO - Filling up the DagBag from /home/airflow/.local/lib/python3.12/site-packages/airflow/example_dags/example_dag_decorator.py
[2024-11-15T05:16:27.417+0000] {processor.py:925} INFO - DAG(s) 'example_dag_decorator' retrieved from /home/airflow/.local/lib/python3.12/site-packages/airflow/example_dags/example_dag_decorator.py
[2024-11-15T05:16:27.528+0000] {logging_mixin.py:190} INFO - [2024-11-15T05:16:27.528+0000] {dag.py:3239} INFO - Sync 1 DAGs
[2024-11-15T05:16:27.539+0000] {logging_mixin.py:190} INFO - [2024-11-15T05:16:27.539+0000] {dag.py:4180} INFO - Setting next_dagrun for example_dag_decorator to None, run_after=None
[2024-11-15T05:16:27.563+0000] {processor.py:208} INFO - Processing /home/airflow/.local/lib/python3.12/site-packages/airflow/example_dags/example_dag_decorator.py took 0.170 seconds
[2024-11-15T05:16:57.838+0000] {processor.py:186} INFO - Started process (PID=649) to work on /home/airflow/.local/lib/python3.12/site-packages/airflow/example_dags/example_dag_decorator.py
[2024-11-15T05:16:57.839+0000] {processor.py:914} INFO - Processing file /home/airflow/.local/lib/python3.12/site-packages/airflow/example_dags/example_dag_decorator.py for tasks to queue
[2024-11-15T05:16:57.844+0000] {logging_mixin.py:190} INFO - [2024-11-15T05:16:57.843+0000] {dagbag.py:588} INFO - Filling up the DagBag from /home/airflow/.local/lib/python3.12/site-packages/airflow/example_dags/example_dag_decorator.py
[2024-11-15T05:16:57.868+0000] {processor.py:925} INFO - DAG(s) 'example_dag_decorator' retrieved from /home/airflow/.local/lib/python3.12/site-packages/airflow/example_dags/example_dag_decorator.py
[2024-11-15T05:16:58.266+0000] {logging_mixin.py:190} INFO - [2024-11-15T05:16:58.265+0000] {dag.py:3239} INFO - Sync 1 DAGs
[2024-11-15T05:16:58.291+0000] {logging_mixin.py:190} INFO - [2024-11-15T05:16:58.291+0000] {dag.py:4180} INFO - Setting next_dagrun for example_dag_decorator to None, run_after=None
[2024-11-15T05:16:58.332+0000] {processor.py:208} INFO - Processing /home/airflow/.local/lib/python3.12/site-packages/airflow/example_dags/example_dag_decorator.py took 0.508 seconds
[2024-11-15T05:17:29.114+0000] {processor.py:186} INFO - Started process (PID=713) to work on /home/airflow/.local/lib/python3.12/site-packages/airflow/example_dags/example_dag_decorator.py
[2024-11-15T05:17:29.116+0000] {processor.py:914} INFO - Processing file /home/airflow/.local/lib/python3.12/site-packages/airflow/example_dags/example_dag_decorator.py for tasks to queue
[2024-11-15T05:17:29.118+0000] {logging_mixin.py:190} INFO - [2024-11-15T05:17:29.118+0000] {dagbag.py:588} INFO - Filling up the DagBag from /home/airflow/.local/lib/python3.12/site-packages/airflow/example_dags/example_dag_decorator.py
[2024-11-15T05:17:29.134+0000] {processor.py:925} INFO - DAG(s) 'example_dag_decorator' retrieved from /home/airflow/.local/lib/python3.12/site-packages/airflow/example_dags/example_dag_decorator.py
[2024-11-15T05:17:29.300+0000] {logging_mixin.py:190} INFO - [2024-11-15T05:17:29.300+0000] {dag.py:3239} INFO - Sync 1 DAGs
[2024-11-15T05:17:29.316+0000] {logging_mixin.py:190} INFO - [2024-11-15T05:17:29.316+0000] {dag.py:4180} INFO - Setting next_dagrun for example_dag_decorator to None, run_after=None
[2024-11-15T05:17:29.341+0000] {processor.py:208} INFO - Processing /home/airflow/.local/lib/python3.12/site-packages/airflow/example_dags/example_dag_decorator.py took 0.236 seconds
[2024-11-15T05:18:00.361+0000] {processor.py:186} INFO - Started process (PID=777) to work on /home/airflow/.local/lib/python3.12/site-packages/airflow/example_dags/example_dag_decorator.py
[2024-11-15T05:18:00.362+0000] {processor.py:914} INFO - Processing file /home/airflow/.local/lib/python3.12/site-packages/airflow/example_dags/example_dag_decorator.py for tasks to queue
[2024-11-15T05:18:00.365+0000] {logging_mixin.py:190} INFO - [2024-11-15T05:18:00.364+0000] {dagbag.py:588} INFO - Filling up the DagBag from /home/airflow/.local/lib/python3.12/site-packages/airflow/example_dags/example_dag_decorator.py
[2024-11-15T05:18:00.374+0000] {processor.py:925} INFO - DAG(s) 'example_dag_decorator' retrieved from /home/airflow/.local/lib/python3.12/site-packages/airflow/example_dags/example_dag_decorator.py
[2024-11-15T05:18:00.468+0000] {logging_mixin.py:190} INFO - [2024-11-15T05:18:00.468+0000] {dag.py:3239} INFO - Sync 1 DAGs
[2024-11-15T05:18:00.479+0000] {logging_mixin.py:190} INFO - [2024-11-15T05:18:00.479+0000] {dag.py:4180} INFO - Setting next_dagrun for example_dag_decorator to None, run_after=None
[2024-11-15T05:18:00.502+0000] {processor.py:208} INFO - Processing /home/airflow/.local/lib/python3.12/site-packages/airflow/example_dags/example_dag_decorator.py took 0.149 seconds
[2024-11-15T05:20:12.958+0000] {processor.py:186} INFO - Started process (PID=89) to work on /home/airflow/.local/lib/python3.12/site-packages/airflow/example_dags/example_dag_decorator.py
[2024-11-15T05:20:12.960+0000] {processor.py:914} INFO - Processing file /home/airflow/.local/lib/python3.12/site-packages/airflow/example_dags/example_dag_decorator.py for tasks to queue
[2024-11-15T05:20:12.964+0000] {logging_mixin.py:190} INFO - [2024-11-15T05:20:12.964+0000] {dagbag.py:588} INFO - Filling up the DagBag from /home/airflow/.local/lib/python3.12/site-packages/airflow/example_dags/example_dag_decorator.py
[2024-11-15T05:20:12.988+0000] {processor.py:925} INFO - DAG(s) 'example_dag_decorator' retrieved from /home/airflow/.local/lib/python3.12/site-packages/airflow/example_dags/example_dag_decorator.py
[2024-11-15T05:20:13.156+0000] {logging_mixin.py:190} INFO - [2024-11-15T05:20:13.155+0000] {override.py:1911} INFO - Created Permission View: can delete on DAG:example_dag_decorator
[2024-11-15T05:20:13.173+0000] {logging_mixin.py:190} INFO - [2024-11-15T05:20:13.172+0000] {override.py:1911} INFO - Created Permission View: can edit on DAG:example_dag_decorator
[2024-11-15T05:20:13.187+0000] {logging_mixin.py:190} INFO - [2024-11-15T05:20:13.187+0000] {override.py:1911} INFO - Created Permission View: can read on DAG:example_dag_decorator
[2024-11-15T05:20:13.207+0000] {logging_mixin.py:190} INFO - [2024-11-15T05:20:13.206+0000] {override.py:1911} INFO - Created Permission View: can delete on DAG Run:example_dag_decorator
[2024-11-15T05:20:13.222+0000] {logging_mixin.py:190} INFO - [2024-11-15T05:20:13.222+0000] {override.py:1911} INFO - Created Permission View: can read on DAG Run:example_dag_decorator
[2024-11-15T05:20:13.235+0000] {logging_mixin.py:190} INFO - [2024-11-15T05:20:13.235+0000] {override.py:1911} INFO - Created Permission View: can create on DAG Run:example_dag_decorator
[2024-11-15T05:20:13.248+0000] {logging_mixin.py:190} INFO - [2024-11-15T05:20:13.248+0000] {override.py:1911} INFO - Created Permission View: menu access on DAG Run:example_dag_decorator
[2024-11-15T05:20:13.249+0000] {logging_mixin.py:190} INFO - [2024-11-15T05:20:13.249+0000] {dag.py:3239} INFO - Sync 1 DAGs
[2024-11-15T05:20:13.268+0000] {logging_mixin.py:190} INFO - [2024-11-15T05:20:13.268+0000] {dag.py:3262} INFO - Creating ORM DAG for example_dag_decorator
[2024-11-15T05:20:13.270+0000] {logging_mixin.py:190} INFO - [2024-11-15T05:20:13.269+0000] {dag.py:4180} INFO - Setting next_dagrun for example_dag_decorator to None, run_after=None
[2024-11-15T05:20:13.294+0000] {processor.py:208} INFO - Processing /home/airflow/.local/lib/python3.12/site-packages/airflow/example_dags/example_dag_decorator.py took 0.345 seconds
[2024-11-15T05:20:44.084+0000] {processor.py:186} INFO - Started process (PID=153) to work on /home/airflow/.local/lib/python3.12/site-packages/airflow/example_dags/example_dag_decorator.py
[2024-11-15T05:20:44.087+0000] {processor.py:914} INFO - Processing file /home/airflow/.local/lib/python3.12/site-packages/airflow/example_dags/example_dag_decorator.py for tasks to queue
[2024-11-15T05:20:44.094+0000] {logging_mixin.py:190} INFO - [2024-11-15T05:20:44.094+0000] {dagbag.py:588} INFO - Filling up the DagBag from /home/airflow/.local/lib/python3.12/site-packages/airflow/example_dags/example_dag_decorator.py
[2024-11-15T05:20:44.124+0000] {processor.py:925} INFO - DAG(s) 'example_dag_decorator' retrieved from /home/airflow/.local/lib/python3.12/site-packages/airflow/example_dags/example_dag_decorator.py
[2024-11-15T05:20:44.409+0000] {logging_mixin.py:190} INFO - [2024-11-15T05:20:44.409+0000] {dag.py:3239} INFO - Sync 1 DAGs
[2024-11-15T05:20:44.442+0000] {logging_mixin.py:190} INFO - [2024-11-15T05:20:44.441+0000] {dag.py:4180} INFO - Setting next_dagrun for example_dag_decorator to None, run_after=None
[2024-11-15T05:20:44.509+0000] {processor.py:208} INFO - Processing /home/airflow/.local/lib/python3.12/site-packages/airflow/example_dags/example_dag_decorator.py took 0.436 seconds
[2024-11-15T05:21:15.052+0000] {processor.py:186} INFO - Started process (PID=217) to work on /home/airflow/.local/lib/python3.12/site-packages/airflow/example_dags/example_dag_decorator.py
[2024-11-15T05:21:15.053+0000] {processor.py:914} INFO - Processing file /home/airflow/.local/lib/python3.12/site-packages/airflow/example_dags/example_dag_decorator.py for tasks to queue
[2024-11-15T05:21:15.058+0000] {logging_mixin.py:190} INFO - [2024-11-15T05:21:15.056+0000] {dagbag.py:588} INFO - Filling up the DagBag from /home/airflow/.local/lib/python3.12/site-packages/airflow/example_dags/example_dag_decorator.py
[2024-11-15T05:21:15.070+0000] {processor.py:925} INFO - DAG(s) 'example_dag_decorator' retrieved from /home/airflow/.local/lib/python3.12/site-packages/airflow/example_dags/example_dag_decorator.py
[2024-11-15T05:21:15.189+0000] {logging_mixin.py:190} INFO - [2024-11-15T05:21:15.188+0000] {dag.py:3239} INFO - Sync 1 DAGs
[2024-11-15T05:21:15.202+0000] {logging_mixin.py:190} INFO - [2024-11-15T05:21:15.202+0000] {dag.py:4180} INFO - Setting next_dagrun for example_dag_decorator to None, run_after=None
[2024-11-15T05:21:15.232+0000] {processor.py:208} INFO - Processing /home/airflow/.local/lib/python3.12/site-packages/airflow/example_dags/example_dag_decorator.py took 0.186 seconds
[2024-11-15T05:21:45.588+0000] {processor.py:186} INFO - Started process (PID=280) to work on /home/airflow/.local/lib/python3.12/site-packages/airflow/example_dags/example_dag_decorator.py
[2024-11-15T05:21:45.589+0000] {processor.py:914} INFO - Processing file /home/airflow/.local/lib/python3.12/site-packages/airflow/example_dags/example_dag_decorator.py for tasks to queue
[2024-11-15T05:21:45.591+0000] {logging_mixin.py:190} INFO - [2024-11-15T05:21:45.591+0000] {dagbag.py:588} INFO - Filling up the DagBag from /home/airflow/.local/lib/python3.12/site-packages/airflow/example_dags/example_dag_decorator.py
[2024-11-15T05:21:45.601+0000] {processor.py:925} INFO - DAG(s) 'example_dag_decorator' retrieved from /home/airflow/.local/lib/python3.12/site-packages/airflow/example_dags/example_dag_decorator.py
[2024-11-15T05:21:45.701+0000] {logging_mixin.py:190} INFO - [2024-11-15T05:21:45.701+0000] {dag.py:3239} INFO - Sync 1 DAGs
[2024-11-15T05:21:45.712+0000] {logging_mixin.py:190} INFO - [2024-11-15T05:21:45.711+0000] {dag.py:4180} INFO - Setting next_dagrun for example_dag_decorator to None, run_after=None
[2024-11-15T05:21:45.735+0000] {processor.py:208} INFO - Processing /home/airflow/.local/lib/python3.12/site-packages/airflow/example_dags/example_dag_decorator.py took 0.153 seconds
[2024-11-15T05:22:16.544+0000] {processor.py:186} INFO - Started process (PID=344) to work on /home/airflow/.local/lib/python3.12/site-packages/airflow/example_dags/example_dag_decorator.py
[2024-11-15T05:22:16.546+0000] {processor.py:914} INFO - Processing file /home/airflow/.local/lib/python3.12/site-packages/airflow/example_dags/example_dag_decorator.py for tasks to queue
[2024-11-15T05:22:16.549+0000] {logging_mixin.py:190} INFO - [2024-11-15T05:22:16.548+0000] {dagbag.py:588} INFO - Filling up the DagBag from /home/airflow/.local/lib/python3.12/site-packages/airflow/example_dags/example_dag_decorator.py
[2024-11-15T05:22:16.563+0000] {processor.py:925} INFO - DAG(s) 'example_dag_decorator' retrieved from /home/airflow/.local/lib/python3.12/site-packages/airflow/example_dags/example_dag_decorator.py
[2024-11-15T05:22:16.664+0000] {logging_mixin.py:190} INFO - [2024-11-15T05:22:16.664+0000] {dag.py:3239} INFO - Sync 1 DAGs
[2024-11-15T05:22:16.676+0000] {logging_mixin.py:190} INFO - [2024-11-15T05:22:16.675+0000] {dag.py:4180} INFO - Setting next_dagrun for example_dag_decorator to None, run_after=None
[2024-11-15T05:22:16.697+0000] {processor.py:208} INFO - Processing /home/airflow/.local/lib/python3.12/site-packages/airflow/example_dags/example_dag_decorator.py took 0.158 seconds
[2024-11-15T05:22:47.198+0000] {processor.py:186} INFO - Started process (PID=409) to work on /home/airflow/.local/lib/python3.12/site-packages/airflow/example_dags/example_dag_decorator.py
[2024-11-15T05:22:47.199+0000] {processor.py:914} INFO - Processing file /home/airflow/.local/lib/python3.12/site-packages/airflow/example_dags/example_dag_decorator.py for tasks to queue
[2024-11-15T05:22:47.202+0000] {logging_mixin.py:190} INFO - [2024-11-15T05:22:47.202+0000] {dagbag.py:588} INFO - Filling up the DagBag from /home/airflow/.local/lib/python3.12/site-packages/airflow/example_dags/example_dag_decorator.py
[2024-11-15T05:22:47.221+0000] {processor.py:925} INFO - DAG(s) 'example_dag_decorator' retrieved from /home/airflow/.local/lib/python3.12/site-packages/airflow/example_dags/example_dag_decorator.py
[2024-11-15T05:22:47.399+0000] {logging_mixin.py:190} INFO - [2024-11-15T05:22:47.399+0000] {dag.py:3239} INFO - Sync 1 DAGs
[2024-11-15T05:22:47.418+0000] {logging_mixin.py:190} INFO - [2024-11-15T05:22:47.418+0000] {dag.py:4180} INFO - Setting next_dagrun for example_dag_decorator to None, run_after=None
[2024-11-15T05:22:47.450+0000] {processor.py:208} INFO - Processing /home/airflow/.local/lib/python3.12/site-packages/airflow/example_dags/example_dag_decorator.py took 0.262 seconds
