[2024-11-15T05:12:39.517+0000] {processor.py:186} INFO - Started process (PID=57) to work on /home/airflow/.local/lib/python3.12/site-packages/airflow/example_dags/example_external_task_marker_dag.py
[2024-11-15T05:12:39.519+0000] {processor.py:914} INFO - Processing file /home/airflow/.local/lib/python3.12/site-packages/airflow/example_dags/example_external_task_marker_dag.py for tasks to queue
[2024-11-15T05:12:39.522+0000] {logging_mixin.py:190} INFO - [2024-11-15T05:12:39.522+0000] {dagbag.py:588} INFO - Filling up the DagBag from /home/airflow/.local/lib/python3.12/site-packages/airflow/example_dags/example_external_task_marker_dag.py
[2024-11-15T05:12:39.535+0000] {processor.py:925} INFO - DAG(s) 'example_external_task_marker_parent', 'example_external_task_marker_child' retrieved from /home/airflow/.local/lib/python3.12/site-packages/airflow/example_dags/example_external_task_marker_dag.py
[2024-11-15T05:12:39.691+0000] {logging_mixin.py:190} INFO - [2024-11-15T05:12:39.691+0000] {override.py:1911} INFO - Created Permission View: can delete on DAG:example_external_task_marker_parent
[2024-11-15T05:12:39.707+0000] {logging_mixin.py:190} INFO - [2024-11-15T05:12:39.707+0000] {override.py:1911} INFO - Created Permission View: can edit on DAG:example_external_task_marker_parent
[2024-11-15T05:12:39.721+0000] {logging_mixin.py:190} INFO - [2024-11-15T05:12:39.720+0000] {override.py:1911} INFO - Created Permission View: can read on DAG:example_external_task_marker_parent
[2024-11-15T05:12:39.736+0000] {logging_mixin.py:190} INFO - [2024-11-15T05:12:39.736+0000] {override.py:1911} INFO - Created Permission View: can create on DAG Run:example_external_task_marker_parent
[2024-11-15T05:12:39.748+0000] {logging_mixin.py:190} INFO - [2024-11-15T05:12:39.747+0000] {override.py:1911} INFO - Created Permission View: can delete on DAG Run:example_external_task_marker_parent
[2024-11-15T05:12:39.759+0000] {logging_mixin.py:190} INFO - [2024-11-15T05:12:39.759+0000] {override.py:1911} INFO - Created Permission View: menu access on DAG Run:example_external_task_marker_parent
[2024-11-15T05:12:39.771+0000] {logging_mixin.py:190} INFO - [2024-11-15T05:12:39.771+0000] {override.py:1911} INFO - Created Permission View: can read on DAG Run:example_external_task_marker_parent
[2024-11-15T05:12:39.800+0000] {logging_mixin.py:190} INFO - [2024-11-15T05:12:39.798+0000] {override.py:1911} INFO - Created Permission View: can delete on DAG:example_external_task_marker_child
[2024-11-15T05:12:39.812+0000] {logging_mixin.py:190} INFO - [2024-11-15T05:12:39.812+0000] {override.py:1911} INFO - Created Permission View: can edit on DAG:example_external_task_marker_child
[2024-11-15T05:12:39.826+0000] {logging_mixin.py:190} INFO - [2024-11-15T05:12:39.826+0000] {override.py:1911} INFO - Created Permission View: can read on DAG:example_external_task_marker_child
[2024-11-15T05:12:39.845+0000] {logging_mixin.py:190} INFO - [2024-11-15T05:12:39.844+0000] {override.py:1911} INFO - Created Permission View: can create on DAG Run:example_external_task_marker_child
[2024-11-15T05:12:39.858+0000] {logging_mixin.py:190} INFO - [2024-11-15T05:12:39.858+0000] {override.py:1911} INFO - Created Permission View: can delete on DAG Run:example_external_task_marker_child
[2024-11-15T05:12:39.872+0000] {logging_mixin.py:190} INFO - [2024-11-15T05:12:39.872+0000] {override.py:1911} INFO - Created Permission View: menu access on DAG Run:example_external_task_marker_child
[2024-11-15T05:12:39.885+0000] {logging_mixin.py:190} INFO - [2024-11-15T05:12:39.884+0000] {override.py:1911} INFO - Created Permission View: can read on DAG Run:example_external_task_marker_child
[2024-11-15T05:12:39.885+0000] {logging_mixin.py:190} INFO - [2024-11-15T05:12:39.885+0000] {dag.py:3239} INFO - Sync 2 DAGs
[2024-11-15T05:12:39.906+0000] {logging_mixin.py:190} INFO - [2024-11-15T05:12:39.906+0000] {dag.py:3262} INFO - Creating ORM DAG for example_external_task_marker_parent
[2024-11-15T05:12:39.908+0000] {logging_mixin.py:190} INFO - [2024-11-15T05:12:39.907+0000] {dag.py:3262} INFO - Creating ORM DAG for example_external_task_marker_child
[2024-11-15T05:12:39.909+0000] {logging_mixin.py:190} INFO - [2024-11-15T05:12:39.909+0000] {dag.py:4180} INFO - Setting next_dagrun for example_external_task_marker_child to None, run_after=None
[2024-11-15T05:12:39.910+0000] {logging_mixin.py:190} INFO - [2024-11-15T05:12:39.910+0000] {dag.py:4180} INFO - Setting next_dagrun for example_external_task_marker_parent to None, run_after=None
[2024-11-15T05:12:39.942+0000] {processor.py:208} INFO - Processing /home/airflow/.local/lib/python3.12/site-packages/airflow/example_dags/example_external_task_marker_dag.py took 0.434 seconds
[2024-11-15T05:13:10.865+0000] {processor.py:186} INFO - Started process (PID=120) to work on /home/airflow/.local/lib/python3.12/site-packages/airflow/example_dags/example_external_task_marker_dag.py
[2024-11-15T05:13:10.867+0000] {processor.py:914} INFO - Processing file /home/airflow/.local/lib/python3.12/site-packages/airflow/example_dags/example_external_task_marker_dag.py for tasks to queue
[2024-11-15T05:13:10.869+0000] {logging_mixin.py:190} INFO - [2024-11-15T05:13:10.869+0000] {dagbag.py:588} INFO - Filling up the DagBag from /home/airflow/.local/lib/python3.12/site-packages/airflow/example_dags/example_external_task_marker_dag.py
[2024-11-15T05:13:10.876+0000] {processor.py:925} INFO - DAG(s) 'example_external_task_marker_parent', 'example_external_task_marker_child' retrieved from /home/airflow/.local/lib/python3.12/site-packages/airflow/example_dags/example_external_task_marker_dag.py
[2024-11-15T05:13:10.900+0000] {logging_mixin.py:190} INFO - [2024-11-15T05:13:10.900+0000] {dag.py:3239} INFO - Sync 2 DAGs
[2024-11-15T05:13:10.914+0000] {logging_mixin.py:190} INFO - [2024-11-15T05:13:10.913+0000] {dag.py:4180} INFO - Setting next_dagrun for example_external_task_marker_child to None, run_after=None
[2024-11-15T05:13:10.918+0000] {logging_mixin.py:190} INFO - [2024-11-15T05:13:10.917+0000] {dag.py:4180} INFO - Setting next_dagrun for example_external_task_marker_parent to None, run_after=None
[2024-11-15T05:13:10.939+0000] {processor.py:208} INFO - Processing /home/airflow/.local/lib/python3.12/site-packages/airflow/example_dags/example_external_task_marker_dag.py took 0.080 seconds
[2024-11-15T05:13:41.465+0000] {processor.py:186} INFO - Started process (PID=193) to work on /home/airflow/.local/lib/python3.12/site-packages/airflow/example_dags/example_external_task_marker_dag.py
[2024-11-15T05:13:41.467+0000] {processor.py:914} INFO - Processing file /home/airflow/.local/lib/python3.12/site-packages/airflow/example_dags/example_external_task_marker_dag.py for tasks to queue
[2024-11-15T05:13:41.470+0000] {logging_mixin.py:190} INFO - [2024-11-15T05:13:41.470+0000] {dagbag.py:588} INFO - Filling up the DagBag from /home/airflow/.local/lib/python3.12/site-packages/airflow/example_dags/example_external_task_marker_dag.py
[2024-11-15T05:13:41.488+0000] {processor.py:925} INFO - DAG(s) 'example_external_task_marker_parent', 'example_external_task_marker_child' retrieved from /home/airflow/.local/lib/python3.12/site-packages/airflow/example_dags/example_external_task_marker_dag.py
[2024-11-15T05:13:41.512+0000] {logging_mixin.py:190} INFO - [2024-11-15T05:13:41.512+0000] {dag.py:3239} INFO - Sync 2 DAGs
[2024-11-15T05:13:41.526+0000] {logging_mixin.py:190} INFO - [2024-11-15T05:13:41.526+0000] {dag.py:4180} INFO - Setting next_dagrun for example_external_task_marker_child to None, run_after=None
[2024-11-15T05:13:41.529+0000] {logging_mixin.py:190} INFO - [2024-11-15T05:13:41.529+0000] {dag.py:4180} INFO - Setting next_dagrun for example_external_task_marker_parent to None, run_after=None
[2024-11-15T05:13:41.550+0000] {processor.py:208} INFO - Processing /home/airflow/.local/lib/python3.12/site-packages/airflow/example_dags/example_external_task_marker_dag.py took 0.094 seconds
[2024-11-15T05:14:11.995+0000] {processor.py:186} INFO - Started process (PID=257) to work on /home/airflow/.local/lib/python3.12/site-packages/airflow/example_dags/example_external_task_marker_dag.py
[2024-11-15T05:14:11.997+0000] {processor.py:914} INFO - Processing file /home/airflow/.local/lib/python3.12/site-packages/airflow/example_dags/example_external_task_marker_dag.py for tasks to queue
[2024-11-15T05:14:11.999+0000] {logging_mixin.py:190} INFO - [2024-11-15T05:14:11.999+0000] {dagbag.py:588} INFO - Filling up the DagBag from /home/airflow/.local/lib/python3.12/site-packages/airflow/example_dags/example_external_task_marker_dag.py
[2024-11-15T05:14:12.006+0000] {processor.py:925} INFO - DAG(s) 'example_external_task_marker_child', 'example_external_task_marker_parent' retrieved from /home/airflow/.local/lib/python3.12/site-packages/airflow/example_dags/example_external_task_marker_dag.py
[2024-11-15T05:14:12.028+0000] {logging_mixin.py:190} INFO - [2024-11-15T05:14:12.028+0000] {dag.py:3239} INFO - Sync 2 DAGs
[2024-11-15T05:14:12.042+0000] {logging_mixin.py:190} INFO - [2024-11-15T05:14:12.041+0000] {dag.py:4180} INFO - Setting next_dagrun for example_external_task_marker_child to None, run_after=None
[2024-11-15T05:14:12.047+0000] {logging_mixin.py:190} INFO - [2024-11-15T05:14:12.046+0000] {dag.py:4180} INFO - Setting next_dagrun for example_external_task_marker_parent to None, run_after=None
[2024-11-15T05:14:12.067+0000] {processor.py:208} INFO - Processing /home/airflow/.local/lib/python3.12/site-packages/airflow/example_dags/example_external_task_marker_dag.py took 0.078 seconds
[2024-11-15T05:14:42.749+0000] {processor.py:186} INFO - Started process (PID=321) to work on /home/airflow/.local/lib/python3.12/site-packages/airflow/example_dags/example_external_task_marker_dag.py
[2024-11-15T05:14:42.750+0000] {processor.py:914} INFO - Processing file /home/airflow/.local/lib/python3.12/site-packages/airflow/example_dags/example_external_task_marker_dag.py for tasks to queue
[2024-11-15T05:14:42.753+0000] {logging_mixin.py:190} INFO - [2024-11-15T05:14:42.753+0000] {dagbag.py:588} INFO - Filling up the DagBag from /home/airflow/.local/lib/python3.12/site-packages/airflow/example_dags/example_external_task_marker_dag.py
[2024-11-15T05:14:42.761+0000] {processor.py:925} INFO - DAG(s) 'example_external_task_marker_child', 'example_external_task_marker_parent' retrieved from /home/airflow/.local/lib/python3.12/site-packages/airflow/example_dags/example_external_task_marker_dag.py
[2024-11-15T05:14:42.786+0000] {logging_mixin.py:190} INFO - [2024-11-15T05:14:42.786+0000] {dag.py:3239} INFO - Sync 2 DAGs
[2024-11-15T05:14:42.802+0000] {logging_mixin.py:190} INFO - [2024-11-15T05:14:42.802+0000] {dag.py:4180} INFO - Setting next_dagrun for example_external_task_marker_child to None, run_after=None
[2024-11-15T05:14:42.806+0000] {logging_mixin.py:190} INFO - [2024-11-15T05:14:42.806+0000] {dag.py:4180} INFO - Setting next_dagrun for example_external_task_marker_parent to None, run_after=None
[2024-11-15T05:14:42.827+0000] {processor.py:208} INFO - Processing /home/airflow/.local/lib/python3.12/site-packages/airflow/example_dags/example_external_task_marker_dag.py took 0.085 seconds
[2024-11-15T05:15:13.095+0000] {processor.py:186} INFO - Started process (PID=412) to work on /home/airflow/.local/lib/python3.12/site-packages/airflow/example_dags/example_external_task_marker_dag.py
[2024-11-15T05:15:13.096+0000] {processor.py:914} INFO - Processing file /home/airflow/.local/lib/python3.12/site-packages/airflow/example_dags/example_external_task_marker_dag.py for tasks to queue
[2024-11-15T05:15:13.099+0000] {logging_mixin.py:190} INFO - [2024-11-15T05:15:13.098+0000] {dagbag.py:588} INFO - Filling up the DagBag from /home/airflow/.local/lib/python3.12/site-packages/airflow/example_dags/example_external_task_marker_dag.py
[2024-11-15T05:15:13.107+0000] {processor.py:925} INFO - DAG(s) 'example_external_task_marker_child', 'example_external_task_marker_parent' retrieved from /home/airflow/.local/lib/python3.12/site-packages/airflow/example_dags/example_external_task_marker_dag.py
[2024-11-15T05:15:13.133+0000] {logging_mixin.py:190} INFO - [2024-11-15T05:15:13.133+0000] {dag.py:3239} INFO - Sync 2 DAGs
[2024-11-15T05:15:13.147+0000] {logging_mixin.py:190} INFO - [2024-11-15T05:15:13.147+0000] {dag.py:4180} INFO - Setting next_dagrun for example_external_task_marker_child to None, run_after=None
[2024-11-15T05:15:13.152+0000] {logging_mixin.py:190} INFO - [2024-11-15T05:15:13.152+0000] {dag.py:4180} INFO - Setting next_dagrun for example_external_task_marker_parent to None, run_after=None
[2024-11-15T05:15:13.170+0000] {processor.py:208} INFO - Processing /home/airflow/.local/lib/python3.12/site-packages/airflow/example_dags/example_external_task_marker_dag.py took 0.085 seconds
[2024-11-15T05:15:43.555+0000] {processor.py:186} INFO - Started process (PID=488) to work on /home/airflow/.local/lib/python3.12/site-packages/airflow/example_dags/example_external_task_marker_dag.py
[2024-11-15T05:15:43.557+0000] {processor.py:914} INFO - Processing file /home/airflow/.local/lib/python3.12/site-packages/airflow/example_dags/example_external_task_marker_dag.py for tasks to queue
[2024-11-15T05:15:43.562+0000] {logging_mixin.py:190} INFO - [2024-11-15T05:15:43.561+0000] {dagbag.py:588} INFO - Filling up the DagBag from /home/airflow/.local/lib/python3.12/site-packages/airflow/example_dags/example_external_task_marker_dag.py
[2024-11-15T05:15:43.573+0000] {processor.py:925} INFO - DAG(s) 'example_external_task_marker_child', 'example_external_task_marker_parent' retrieved from /home/airflow/.local/lib/python3.12/site-packages/airflow/example_dags/example_external_task_marker_dag.py
[2024-11-15T05:15:43.610+0000] {logging_mixin.py:190} INFO - [2024-11-15T05:15:43.610+0000] {dag.py:3239} INFO - Sync 2 DAGs
[2024-11-15T05:15:43.633+0000] {logging_mixin.py:190} INFO - [2024-11-15T05:15:43.632+0000] {dag.py:4180} INFO - Setting next_dagrun for example_external_task_marker_child to None, run_after=None
[2024-11-15T05:15:43.638+0000] {logging_mixin.py:190} INFO - [2024-11-15T05:15:43.638+0000] {dag.py:4180} INFO - Setting next_dagrun for example_external_task_marker_parent to None, run_after=None
[2024-11-15T05:15:43.669+0000] {processor.py:208} INFO - Processing /home/airflow/.local/lib/python3.12/site-packages/airflow/example_dags/example_external_task_marker_dag.py took 0.129 seconds
[2024-11-15T05:16:14.080+0000] {processor.py:186} INFO - Started process (PID=552) to work on /home/airflow/.local/lib/python3.12/site-packages/airflow/example_dags/example_external_task_marker_dag.py
[2024-11-15T05:16:14.081+0000] {processor.py:914} INFO - Processing file /home/airflow/.local/lib/python3.12/site-packages/airflow/example_dags/example_external_task_marker_dag.py for tasks to queue
[2024-11-15T05:16:14.083+0000] {logging_mixin.py:190} INFO - [2024-11-15T05:16:14.083+0000] {dagbag.py:588} INFO - Filling up the DagBag from /home/airflow/.local/lib/python3.12/site-packages/airflow/example_dags/example_external_task_marker_dag.py
[2024-11-15T05:16:14.090+0000] {processor.py:925} INFO - DAG(s) 'example_external_task_marker_parent', 'example_external_task_marker_child' retrieved from /home/airflow/.local/lib/python3.12/site-packages/airflow/example_dags/example_external_task_marker_dag.py
[2024-11-15T05:16:14.113+0000] {logging_mixin.py:190} INFO - [2024-11-15T05:16:14.113+0000] {dag.py:3239} INFO - Sync 2 DAGs
[2024-11-15T05:16:14.126+0000] {logging_mixin.py:190} INFO - [2024-11-15T05:16:14.125+0000] {dag.py:4180} INFO - Setting next_dagrun for example_external_task_marker_child to None, run_after=None
[2024-11-15T05:16:14.130+0000] {logging_mixin.py:190} INFO - [2024-11-15T05:16:14.130+0000] {dag.py:4180} INFO - Setting next_dagrun for example_external_task_marker_parent to None, run_after=None
[2024-11-15T05:16:14.149+0000] {processor.py:208} INFO - Processing /home/airflow/.local/lib/python3.12/site-packages/airflow/example_dags/example_external_task_marker_dag.py took 0.077 seconds
[2024-11-15T05:16:44.852+0000] {processor.py:186} INFO - Started process (PID=616) to work on /home/airflow/.local/lib/python3.12/site-packages/airflow/example_dags/example_external_task_marker_dag.py
[2024-11-15T05:16:44.853+0000] {processor.py:914} INFO - Processing file /home/airflow/.local/lib/python3.12/site-packages/airflow/example_dags/example_external_task_marker_dag.py for tasks to queue
[2024-11-15T05:16:44.855+0000] {logging_mixin.py:190} INFO - [2024-11-15T05:16:44.855+0000] {dagbag.py:588} INFO - Filling up the DagBag from /home/airflow/.local/lib/python3.12/site-packages/airflow/example_dags/example_external_task_marker_dag.py
[2024-11-15T05:16:44.864+0000] {processor.py:925} INFO - DAG(s) 'example_external_task_marker_parent', 'example_external_task_marker_child' retrieved from /home/airflow/.local/lib/python3.12/site-packages/airflow/example_dags/example_external_task_marker_dag.py
[2024-11-15T05:16:44.888+0000] {logging_mixin.py:190} INFO - [2024-11-15T05:16:44.888+0000] {dag.py:3239} INFO - Sync 2 DAGs
[2024-11-15T05:16:44.903+0000] {logging_mixin.py:190} INFO - [2024-11-15T05:16:44.902+0000] {dag.py:4180} INFO - Setting next_dagrun for example_external_task_marker_child to None, run_after=None
[2024-11-15T05:16:44.908+0000] {logging_mixin.py:190} INFO - [2024-11-15T05:16:44.907+0000] {dag.py:4180} INFO - Setting next_dagrun for example_external_task_marker_parent to None, run_after=None
[2024-11-15T05:16:44.933+0000] {processor.py:208} INFO - Processing /home/airflow/.local/lib/python3.12/site-packages/airflow/example_dags/example_external_task_marker_dag.py took 0.092 seconds
[2024-11-15T05:17:15.410+0000] {processor.py:186} INFO - Started process (PID=680) to work on /home/airflow/.local/lib/python3.12/site-packages/airflow/example_dags/example_external_task_marker_dag.py
[2024-11-15T05:17:15.411+0000] {processor.py:914} INFO - Processing file /home/airflow/.local/lib/python3.12/site-packages/airflow/example_dags/example_external_task_marker_dag.py for tasks to queue
[2024-11-15T05:17:15.414+0000] {logging_mixin.py:190} INFO - [2024-11-15T05:17:15.413+0000] {dagbag.py:588} INFO - Filling up the DagBag from /home/airflow/.local/lib/python3.12/site-packages/airflow/example_dags/example_external_task_marker_dag.py
[2024-11-15T05:17:15.421+0000] {processor.py:925} INFO - DAG(s) 'example_external_task_marker_child', 'example_external_task_marker_parent' retrieved from /home/airflow/.local/lib/python3.12/site-packages/airflow/example_dags/example_external_task_marker_dag.py
[2024-11-15T05:17:15.442+0000] {logging_mixin.py:190} INFO - [2024-11-15T05:17:15.442+0000] {dag.py:3239} INFO - Sync 2 DAGs
[2024-11-15T05:17:15.454+0000] {logging_mixin.py:190} INFO - [2024-11-15T05:17:15.454+0000] {dag.py:4180} INFO - Setting next_dagrun for example_external_task_marker_child to None, run_after=None
[2024-11-15T05:17:15.458+0000] {logging_mixin.py:190} INFO - [2024-11-15T05:17:15.458+0000] {dag.py:4180} INFO - Setting next_dagrun for example_external_task_marker_parent to None, run_after=None
[2024-11-15T05:17:15.477+0000] {processor.py:208} INFO - Processing /home/airflow/.local/lib/python3.12/site-packages/airflow/example_dags/example_external_task_marker_dag.py took 0.075 seconds
[2024-11-15T05:17:45.869+0000] {processor.py:186} INFO - Started process (PID=744) to work on /home/airflow/.local/lib/python3.12/site-packages/airflow/example_dags/example_external_task_marker_dag.py
[2024-11-15T05:17:45.870+0000] {processor.py:914} INFO - Processing file /home/airflow/.local/lib/python3.12/site-packages/airflow/example_dags/example_external_task_marker_dag.py for tasks to queue
[2024-11-15T05:17:45.872+0000] {logging_mixin.py:190} INFO - [2024-11-15T05:17:45.872+0000] {dagbag.py:588} INFO - Filling up the DagBag from /home/airflow/.local/lib/python3.12/site-packages/airflow/example_dags/example_external_task_marker_dag.py
[2024-11-15T05:17:45.879+0000] {processor.py:925} INFO - DAG(s) 'example_external_task_marker_child', 'example_external_task_marker_parent' retrieved from /home/airflow/.local/lib/python3.12/site-packages/airflow/example_dags/example_external_task_marker_dag.py
[2024-11-15T05:17:45.900+0000] {logging_mixin.py:190} INFO - [2024-11-15T05:17:45.899+0000] {dag.py:3239} INFO - Sync 2 DAGs
[2024-11-15T05:17:45.913+0000] {logging_mixin.py:190} INFO - [2024-11-15T05:17:45.913+0000] {dag.py:4180} INFO - Setting next_dagrun for example_external_task_marker_child to None, run_after=None
[2024-11-15T05:17:45.918+0000] {logging_mixin.py:190} INFO - [2024-11-15T05:17:45.917+0000] {dag.py:4180} INFO - Setting next_dagrun for example_external_task_marker_parent to None, run_after=None
[2024-11-15T05:17:45.945+0000] {processor.py:208} INFO - Processing /home/airflow/.local/lib/python3.12/site-packages/airflow/example_dags/example_external_task_marker_dag.py took 0.083 seconds
[2024-11-15T05:20:03.199+0000] {processor.py:186} INFO - Started process (PID=57) to work on /home/airflow/.local/lib/python3.12/site-packages/airflow/example_dags/example_external_task_marker_dag.py
[2024-11-15T05:20:03.201+0000] {processor.py:914} INFO - Processing file /home/airflow/.local/lib/python3.12/site-packages/airflow/example_dags/example_external_task_marker_dag.py for tasks to queue
[2024-11-15T05:20:03.206+0000] {logging_mixin.py:190} INFO - [2024-11-15T05:20:03.206+0000] {dagbag.py:588} INFO - Filling up the DagBag from /home/airflow/.local/lib/python3.12/site-packages/airflow/example_dags/example_external_task_marker_dag.py
[2024-11-15T05:20:03.220+0000] {processor.py:925} INFO - DAG(s) 'example_external_task_marker_child', 'example_external_task_marker_parent' retrieved from /home/airflow/.local/lib/python3.12/site-packages/airflow/example_dags/example_external_task_marker_dag.py
[2024-11-15T05:20:03.387+0000] {logging_mixin.py:190} INFO - [2024-11-15T05:20:03.386+0000] {override.py:1911} INFO - Created Permission View: can delete on DAG:example_external_task_marker_child
[2024-11-15T05:20:03.406+0000] {logging_mixin.py:190} INFO - [2024-11-15T05:20:03.406+0000] {override.py:1911} INFO - Created Permission View: can edit on DAG:example_external_task_marker_child
[2024-11-15T05:20:03.418+0000] {logging_mixin.py:190} INFO - [2024-11-15T05:20:03.417+0000] {override.py:1911} INFO - Created Permission View: can read on DAG:example_external_task_marker_child
[2024-11-15T05:20:03.435+0000] {logging_mixin.py:190} INFO - [2024-11-15T05:20:03.435+0000] {override.py:1911} INFO - Created Permission View: can delete on DAG Run:example_external_task_marker_child
[2024-11-15T05:20:03.449+0000] {logging_mixin.py:190} INFO - [2024-11-15T05:20:03.448+0000] {override.py:1911} INFO - Created Permission View: can read on DAG Run:example_external_task_marker_child
[2024-11-15T05:20:03.463+0000] {logging_mixin.py:190} INFO - [2024-11-15T05:20:03.462+0000] {override.py:1911} INFO - Created Permission View: can create on DAG Run:example_external_task_marker_child
[2024-11-15T05:20:03.475+0000] {logging_mixin.py:190} INFO - [2024-11-15T05:20:03.474+0000] {override.py:1911} INFO - Created Permission View: menu access on DAG Run:example_external_task_marker_child
[2024-11-15T05:20:03.502+0000] {logging_mixin.py:190} INFO - [2024-11-15T05:20:03.502+0000] {override.py:1911} INFO - Created Permission View: can delete on DAG:example_external_task_marker_parent
[2024-11-15T05:20:03.517+0000] {logging_mixin.py:190} INFO - [2024-11-15T05:20:03.516+0000] {override.py:1911} INFO - Created Permission View: can edit on DAG:example_external_task_marker_parent
[2024-11-15T05:20:03.531+0000] {logging_mixin.py:190} INFO - [2024-11-15T05:20:03.531+0000] {override.py:1911} INFO - Created Permission View: can read on DAG:example_external_task_marker_parent
[2024-11-15T05:20:03.548+0000] {logging_mixin.py:190} INFO - [2024-11-15T05:20:03.548+0000] {override.py:1911} INFO - Created Permission View: can delete on DAG Run:example_external_task_marker_parent
[2024-11-15T05:20:03.561+0000] {logging_mixin.py:190} INFO - [2024-11-15T05:20:03.560+0000] {override.py:1911} INFO - Created Permission View: can read on DAG Run:example_external_task_marker_parent
[2024-11-15T05:20:03.573+0000] {logging_mixin.py:190} INFO - [2024-11-15T05:20:03.572+0000] {override.py:1911} INFO - Created Permission View: can create on DAG Run:example_external_task_marker_parent
[2024-11-15T05:20:03.584+0000] {logging_mixin.py:190} INFO - [2024-11-15T05:20:03.584+0000] {override.py:1911} INFO - Created Permission View: menu access on DAG Run:example_external_task_marker_parent
[2024-11-15T05:20:03.585+0000] {logging_mixin.py:190} INFO - [2024-11-15T05:20:03.585+0000] {dag.py:3239} INFO - Sync 2 DAGs
[2024-11-15T05:20:03.606+0000] {logging_mixin.py:190} INFO - [2024-11-15T05:20:03.605+0000] {dag.py:3262} INFO - Creating ORM DAG for example_external_task_marker_child
[2024-11-15T05:20:03.608+0000] {logging_mixin.py:190} INFO - [2024-11-15T05:20:03.607+0000] {dag.py:3262} INFO - Creating ORM DAG for example_external_task_marker_parent
[2024-11-15T05:20:03.609+0000] {logging_mixin.py:190} INFO - [2024-11-15T05:20:03.609+0000] {dag.py:4180} INFO - Setting next_dagrun for example_external_task_marker_child to None, run_after=None
[2024-11-15T05:20:03.612+0000] {logging_mixin.py:190} INFO - [2024-11-15T05:20:03.612+0000] {dag.py:4180} INFO - Setting next_dagrun for example_external_task_marker_parent to None, run_after=None
[2024-11-15T05:20:03.643+0000] {processor.py:208} INFO - Processing /home/airflow/.local/lib/python3.12/site-packages/airflow/example_dags/example_external_task_marker_dag.py took 0.453 seconds
[2024-11-15T05:20:34.199+0000] {processor.py:186} INFO - Started process (PID=120) to work on /home/airflow/.local/lib/python3.12/site-packages/airflow/example_dags/example_external_task_marker_dag.py
[2024-11-15T05:20:34.200+0000] {processor.py:914} INFO - Processing file /home/airflow/.local/lib/python3.12/site-packages/airflow/example_dags/example_external_task_marker_dag.py for tasks to queue
[2024-11-15T05:20:34.203+0000] {logging_mixin.py:190} INFO - [2024-11-15T05:20:34.202+0000] {dagbag.py:588} INFO - Filling up the DagBag from /home/airflow/.local/lib/python3.12/site-packages/airflow/example_dags/example_external_task_marker_dag.py
[2024-11-15T05:20:34.211+0000] {processor.py:925} INFO - DAG(s) 'example_external_task_marker_child', 'example_external_task_marker_parent' retrieved from /home/airflow/.local/lib/python3.12/site-packages/airflow/example_dags/example_external_task_marker_dag.py
[2024-11-15T05:20:34.235+0000] {logging_mixin.py:190} INFO - [2024-11-15T05:20:34.234+0000] {dag.py:3239} INFO - Sync 2 DAGs
[2024-11-15T05:20:34.249+0000] {logging_mixin.py:190} INFO - [2024-11-15T05:20:34.249+0000] {dag.py:4180} INFO - Setting next_dagrun for example_external_task_marker_child to None, run_after=None
[2024-11-15T05:20:34.253+0000] {logging_mixin.py:190} INFO - [2024-11-15T05:20:34.253+0000] {dag.py:4180} INFO - Setting next_dagrun for example_external_task_marker_parent to None, run_after=None
[2024-11-15T05:20:34.274+0000] {processor.py:208} INFO - Processing /home/airflow/.local/lib/python3.12/site-packages/airflow/example_dags/example_external_task_marker_dag.py took 0.080 seconds
[2024-11-15T05:21:05.193+0000] {processor.py:186} INFO - Started process (PID=184) to work on /home/airflow/.local/lib/python3.12/site-packages/airflow/example_dags/example_external_task_marker_dag.py
[2024-11-15T05:21:05.195+0000] {processor.py:914} INFO - Processing file /home/airflow/.local/lib/python3.12/site-packages/airflow/example_dags/example_external_task_marker_dag.py for tasks to queue
[2024-11-15T05:21:05.199+0000] {logging_mixin.py:190} INFO - [2024-11-15T05:21:05.198+0000] {dagbag.py:588} INFO - Filling up the DagBag from /home/airflow/.local/lib/python3.12/site-packages/airflow/example_dags/example_external_task_marker_dag.py
[2024-11-15T05:21:05.208+0000] {processor.py:925} INFO - DAG(s) 'example_external_task_marker_child', 'example_external_task_marker_parent' retrieved from /home/airflow/.local/lib/python3.12/site-packages/airflow/example_dags/example_external_task_marker_dag.py
[2024-11-15T05:21:05.238+0000] {logging_mixin.py:190} INFO - [2024-11-15T05:21:05.238+0000] {dag.py:3239} INFO - Sync 2 DAGs
[2024-11-15T05:21:05.262+0000] {logging_mixin.py:190} INFO - [2024-11-15T05:21:05.262+0000] {dag.py:4180} INFO - Setting next_dagrun for example_external_task_marker_child to None, run_after=None
[2024-11-15T05:21:05.268+0000] {logging_mixin.py:190} INFO - [2024-11-15T05:21:05.268+0000] {dag.py:4180} INFO - Setting next_dagrun for example_external_task_marker_parent to None, run_after=None
[2024-11-15T05:21:05.302+0000] {processor.py:208} INFO - Processing /home/airflow/.local/lib/python3.12/site-packages/airflow/example_dags/example_external_task_marker_dag.py took 0.116 seconds
[2024-11-15T05:21:35.550+0000] {processor.py:186} INFO - Started process (PID=248) to work on /home/airflow/.local/lib/python3.12/site-packages/airflow/example_dags/example_external_task_marker_dag.py
[2024-11-15T05:21:35.551+0000] {processor.py:914} INFO - Processing file /home/airflow/.local/lib/python3.12/site-packages/airflow/example_dags/example_external_task_marker_dag.py for tasks to queue
[2024-11-15T05:21:35.554+0000] {logging_mixin.py:190} INFO - [2024-11-15T05:21:35.553+0000] {dagbag.py:588} INFO - Filling up the DagBag from /home/airflow/.local/lib/python3.12/site-packages/airflow/example_dags/example_external_task_marker_dag.py
[2024-11-15T05:21:35.561+0000] {processor.py:925} INFO - DAG(s) 'example_external_task_marker_parent', 'example_external_task_marker_child' retrieved from /home/airflow/.local/lib/python3.12/site-packages/airflow/example_dags/example_external_task_marker_dag.py
[2024-11-15T05:21:35.581+0000] {logging_mixin.py:190} INFO - [2024-11-15T05:21:35.581+0000] {dag.py:3239} INFO - Sync 2 DAGs
[2024-11-15T05:21:35.594+0000] {logging_mixin.py:190} INFO - [2024-11-15T05:21:35.594+0000] {dag.py:4180} INFO - Setting next_dagrun for example_external_task_marker_child to None, run_after=None
[2024-11-15T05:21:35.598+0000] {logging_mixin.py:190} INFO - [2024-11-15T05:21:35.598+0000] {dag.py:4180} INFO - Setting next_dagrun for example_external_task_marker_parent to None, run_after=None
[2024-11-15T05:21:35.618+0000] {processor.py:208} INFO - Processing /home/airflow/.local/lib/python3.12/site-packages/airflow/example_dags/example_external_task_marker_dag.py took 0.072 seconds
[2024-11-15T05:22:05.671+0000] {processor.py:186} INFO - Started process (PID=312) to work on /home/airflow/.local/lib/python3.12/site-packages/airflow/example_dags/example_external_task_marker_dag.py
[2024-11-15T05:22:05.672+0000] {processor.py:914} INFO - Processing file /home/airflow/.local/lib/python3.12/site-packages/airflow/example_dags/example_external_task_marker_dag.py for tasks to queue
[2024-11-15T05:22:05.674+0000] {logging_mixin.py:190} INFO - [2024-11-15T05:22:05.674+0000] {dagbag.py:588} INFO - Filling up the DagBag from /home/airflow/.local/lib/python3.12/site-packages/airflow/example_dags/example_external_task_marker_dag.py
[2024-11-15T05:22:05.682+0000] {processor.py:925} INFO - DAG(s) 'example_external_task_marker_child', 'example_external_task_marker_parent' retrieved from /home/airflow/.local/lib/python3.12/site-packages/airflow/example_dags/example_external_task_marker_dag.py
[2024-11-15T05:22:05.706+0000] {logging_mixin.py:190} INFO - [2024-11-15T05:22:05.706+0000] {dag.py:3239} INFO - Sync 2 DAGs
[2024-11-15T05:22:05.720+0000] {logging_mixin.py:190} INFO - [2024-11-15T05:22:05.720+0000] {dag.py:4180} INFO - Setting next_dagrun for example_external_task_marker_child to None, run_after=None
[2024-11-15T05:22:05.725+0000] {logging_mixin.py:190} INFO - [2024-11-15T05:22:05.724+0000] {dag.py:4180} INFO - Setting next_dagrun for example_external_task_marker_parent to None, run_after=None
[2024-11-15T05:22:05.748+0000] {processor.py:208} INFO - Processing /home/airflow/.local/lib/python3.12/site-packages/airflow/example_dags/example_external_task_marker_dag.py took 0.082 seconds
[2024-11-15T05:22:35.971+0000] {processor.py:186} INFO - Started process (PID=376) to work on /home/airflow/.local/lib/python3.12/site-packages/airflow/example_dags/example_external_task_marker_dag.py
[2024-11-15T05:22:35.972+0000] {processor.py:914} INFO - Processing file /home/airflow/.local/lib/python3.12/site-packages/airflow/example_dags/example_external_task_marker_dag.py for tasks to queue
[2024-11-15T05:22:35.975+0000] {logging_mixin.py:190} INFO - [2024-11-15T05:22:35.974+0000] {dagbag.py:588} INFO - Filling up the DagBag from /home/airflow/.local/lib/python3.12/site-packages/airflow/example_dags/example_external_task_marker_dag.py
[2024-11-15T05:22:35.982+0000] {processor.py:925} INFO - DAG(s) 'example_external_task_marker_child', 'example_external_task_marker_parent' retrieved from /home/airflow/.local/lib/python3.12/site-packages/airflow/example_dags/example_external_task_marker_dag.py
[2024-11-15T05:22:36.006+0000] {logging_mixin.py:190} INFO - [2024-11-15T05:22:36.005+0000] {dag.py:3239} INFO - Sync 2 DAGs
[2024-11-15T05:22:36.023+0000] {logging_mixin.py:190} INFO - [2024-11-15T05:22:36.023+0000] {dag.py:4180} INFO - Setting next_dagrun for example_external_task_marker_child to None, run_after=None
[2024-11-15T05:22:36.027+0000] {logging_mixin.py:190} INFO - [2024-11-15T05:22:36.027+0000] {dag.py:4180} INFO - Setting next_dagrun for example_external_task_marker_parent to None, run_after=None
[2024-11-15T05:22:36.052+0000] {processor.py:208} INFO - Processing /home/airflow/.local/lib/python3.12/site-packages/airflow/example_dags/example_external_task_marker_dag.py took 0.086 seconds
[2024-11-15T05:23:06.543+0000] {processor.py:186} INFO - Started process (PID=440) to work on /home/airflow/.local/lib/python3.12/site-packages/airflow/example_dags/example_external_task_marker_dag.py
[2024-11-15T05:23:06.544+0000] {processor.py:914} INFO - Processing file /home/airflow/.local/lib/python3.12/site-packages/airflow/example_dags/example_external_task_marker_dag.py for tasks to queue
[2024-11-15T05:23:06.546+0000] {logging_mixin.py:190} INFO - [2024-11-15T05:23:06.546+0000] {dagbag.py:588} INFO - Filling up the DagBag from /home/airflow/.local/lib/python3.12/site-packages/airflow/example_dags/example_external_task_marker_dag.py
[2024-11-15T05:23:06.554+0000] {processor.py:925} INFO - DAG(s) 'example_external_task_marker_child', 'example_external_task_marker_parent' retrieved from /home/airflow/.local/lib/python3.12/site-packages/airflow/example_dags/example_external_task_marker_dag.py
[2024-11-15T05:23:06.574+0000] {logging_mixin.py:190} INFO - [2024-11-15T05:23:06.574+0000] {dag.py:3239} INFO - Sync 2 DAGs
[2024-11-15T05:23:06.587+0000] {logging_mixin.py:190} INFO - [2024-11-15T05:23:06.587+0000] {dag.py:4180} INFO - Setting next_dagrun for example_external_task_marker_child to None, run_after=None
[2024-11-15T05:23:06.591+0000] {logging_mixin.py:190} INFO - [2024-11-15T05:23:06.591+0000] {dag.py:4180} INFO - Setting next_dagrun for example_external_task_marker_parent to None, run_after=None
[2024-11-15T05:23:06.611+0000] {processor.py:208} INFO - Processing /home/airflow/.local/lib/python3.12/site-packages/airflow/example_dags/example_external_task_marker_dag.py took 0.074 seconds
