[2024-11-15T05:12:35.073+0000] {processor.py:186} INFO - Started process (PID=46) to work on /home/airflow/.local/lib/python3.12/site-packages/airflow/example_dags/example_complex.py
[2024-11-15T05:12:35.077+0000] {processor.py:914} INFO - Processing file /home/airflow/.local/lib/python3.12/site-packages/airflow/example_dags/example_complex.py for tasks to queue
[2024-11-15T05:12:35.084+0000] {logging_mixin.py:190} INFO - [2024-11-15T05:12:35.083+0000] {dagbag.py:588} INFO - Filling up the DagBag from /home/airflow/.local/lib/python3.12/site-packages/airflow/example_dags/example_complex.py
[2024-11-15T05:12:35.145+0000] {processor.py:925} INFO - DAG(s) 'example_complex' retrieved from /home/airflow/.local/lib/python3.12/site-packages/airflow/example_dags/example_complex.py
[2024-11-15T05:12:35.664+0000] {logging_mixin.py:190} INFO - [2024-11-15T05:12:35.663+0000] {override.py:1911} INFO - Created Permission View: can delete on DAG:example_complex
[2024-11-15T05:12:35.715+0000] {logging_mixin.py:190} INFO - [2024-11-15T05:12:35.714+0000] {override.py:1911} INFO - Created Permission View: can edit on DAG:example_complex
[2024-11-15T05:12:35.756+0000] {logging_mixin.py:190} INFO - [2024-11-15T05:12:35.755+0000] {override.py:1911} INFO - Created Permission View: can read on DAG:example_complex
[2024-11-15T05:12:35.813+0000] {logging_mixin.py:190} INFO - [2024-11-15T05:12:35.813+0000] {override.py:1911} INFO - Created Permission View: can create on DAG Run:example_complex
[2024-11-15T05:12:35.845+0000] {logging_mixin.py:190} INFO - [2024-11-15T05:12:35.844+0000] {override.py:1911} INFO - Created Permission View: can delete on DAG Run:example_complex
[2024-11-15T05:12:35.876+0000] {logging_mixin.py:190} INFO - [2024-11-15T05:12:35.876+0000] {override.py:1911} INFO - Created Permission View: menu access on DAG Run:example_complex
[2024-11-15T05:12:35.910+0000] {logging_mixin.py:190} INFO - [2024-11-15T05:12:35.910+0000] {override.py:1911} INFO - Created Permission View: can read on DAG Run:example_complex
[2024-11-15T05:12:35.912+0000] {logging_mixin.py:190} INFO - [2024-11-15T05:12:35.911+0000] {dag.py:3239} INFO - Sync 1 DAGs
[2024-11-15T05:12:35.956+0000] {logging_mixin.py:190} INFO - [2024-11-15T05:12:35.956+0000] {dag.py:3262} INFO - Creating ORM DAG for example_complex
[2024-11-15T05:12:35.960+0000] {logging_mixin.py:190} INFO - [2024-11-15T05:12:35.959+0000] {dag.py:4180} INFO - Setting next_dagrun for example_complex to None, run_after=None
[2024-11-15T05:12:36.030+0000] {processor.py:208} INFO - Processing /home/airflow/.local/lib/python3.12/site-packages/airflow/example_dags/example_complex.py took 0.970 seconds
[2024-11-15T05:13:06.311+0000] {processor.py:186} INFO - Started process (PID=110) to work on /home/airflow/.local/lib/python3.12/site-packages/airflow/example_dags/example_complex.py
[2024-11-15T05:13:06.312+0000] {processor.py:914} INFO - Processing file /home/airflow/.local/lib/python3.12/site-packages/airflow/example_dags/example_complex.py for tasks to queue
[2024-11-15T05:13:06.316+0000] {logging_mixin.py:190} INFO - [2024-11-15T05:13:06.314+0000] {dagbag.py:588} INFO - Filling up the DagBag from /home/airflow/.local/lib/python3.12/site-packages/airflow/example_dags/example_complex.py
[2024-11-15T05:13:06.330+0000] {processor.py:925} INFO - DAG(s) 'example_complex' retrieved from /home/airflow/.local/lib/python3.12/site-packages/airflow/example_dags/example_complex.py
[2024-11-15T05:13:06.366+0000] {logging_mixin.py:190} INFO - [2024-11-15T05:13:06.365+0000] {dag.py:3239} INFO - Sync 1 DAGs
[2024-11-15T05:13:06.379+0000] {logging_mixin.py:190} INFO - [2024-11-15T05:13:06.379+0000] {dag.py:4180} INFO - Setting next_dagrun for example_complex to None, run_after=None
[2024-11-15T05:13:06.405+0000] {processor.py:208} INFO - Processing /home/airflow/.local/lib/python3.12/site-packages/airflow/example_dags/example_complex.py took 0.101 seconds
[2024-11-15T05:13:36.708+0000] {processor.py:186} INFO - Started process (PID=183) to work on /home/airflow/.local/lib/python3.12/site-packages/airflow/example_dags/example_complex.py
[2024-11-15T05:13:36.709+0000] {processor.py:914} INFO - Processing file /home/airflow/.local/lib/python3.12/site-packages/airflow/example_dags/example_complex.py for tasks to queue
[2024-11-15T05:13:36.712+0000] {logging_mixin.py:190} INFO - [2024-11-15T05:13:36.712+0000] {dagbag.py:588} INFO - Filling up the DagBag from /home/airflow/.local/lib/python3.12/site-packages/airflow/example_dags/example_complex.py
[2024-11-15T05:13:36.731+0000] {processor.py:925} INFO - DAG(s) 'example_complex' retrieved from /home/airflow/.local/lib/python3.12/site-packages/airflow/example_dags/example_complex.py
[2024-11-15T05:13:36.785+0000] {logging_mixin.py:190} INFO - [2024-11-15T05:13:36.784+0000] {dag.py:3239} INFO - Sync 1 DAGs
[2024-11-15T05:13:36.808+0000] {logging_mixin.py:190} INFO - [2024-11-15T05:13:36.807+0000] {dag.py:4180} INFO - Setting next_dagrun for example_complex to None, run_after=None
[2024-11-15T05:13:36.842+0000] {processor.py:208} INFO - Processing /home/airflow/.local/lib/python3.12/site-packages/airflow/example_dags/example_complex.py took 0.141 seconds
[2024-11-15T05:14:07.359+0000] {processor.py:186} INFO - Started process (PID=247) to work on /home/airflow/.local/lib/python3.12/site-packages/airflow/example_dags/example_complex.py
[2024-11-15T05:14:07.360+0000] {processor.py:914} INFO - Processing file /home/airflow/.local/lib/python3.12/site-packages/airflow/example_dags/example_complex.py for tasks to queue
[2024-11-15T05:14:07.363+0000] {logging_mixin.py:190} INFO - [2024-11-15T05:14:07.362+0000] {dagbag.py:588} INFO - Filling up the DagBag from /home/airflow/.local/lib/python3.12/site-packages/airflow/example_dags/example_complex.py
[2024-11-15T05:14:07.375+0000] {processor.py:925} INFO - DAG(s) 'example_complex' retrieved from /home/airflow/.local/lib/python3.12/site-packages/airflow/example_dags/example_complex.py
[2024-11-15T05:14:07.408+0000] {logging_mixin.py:190} INFO - [2024-11-15T05:14:07.408+0000] {dag.py:3239} INFO - Sync 1 DAGs
[2024-11-15T05:14:07.425+0000] {logging_mixin.py:190} INFO - [2024-11-15T05:14:07.425+0000] {dag.py:4180} INFO - Setting next_dagrun for example_complex to None, run_after=None
[2024-11-15T05:14:07.453+0000] {processor.py:208} INFO - Processing /home/airflow/.local/lib/python3.12/site-packages/airflow/example_dags/example_complex.py took 0.100 seconds
[2024-11-15T05:14:38.132+0000] {processor.py:186} INFO - Started process (PID=311) to work on /home/airflow/.local/lib/python3.12/site-packages/airflow/example_dags/example_complex.py
[2024-11-15T05:14:38.133+0000] {processor.py:914} INFO - Processing file /home/airflow/.local/lib/python3.12/site-packages/airflow/example_dags/example_complex.py for tasks to queue
[2024-11-15T05:14:38.136+0000] {logging_mixin.py:190} INFO - [2024-11-15T05:14:38.136+0000] {dagbag.py:588} INFO - Filling up the DagBag from /home/airflow/.local/lib/python3.12/site-packages/airflow/example_dags/example_complex.py
[2024-11-15T05:14:38.151+0000] {processor.py:925} INFO - DAG(s) 'example_complex' retrieved from /home/airflow/.local/lib/python3.12/site-packages/airflow/example_dags/example_complex.py
[2024-11-15T05:14:38.186+0000] {logging_mixin.py:190} INFO - [2024-11-15T05:14:38.186+0000] {dag.py:3239} INFO - Sync 1 DAGs
[2024-11-15T05:14:38.203+0000] {logging_mixin.py:190} INFO - [2024-11-15T05:14:38.203+0000] {dag.py:4180} INFO - Setting next_dagrun for example_complex to None, run_after=None
[2024-11-15T05:14:38.233+0000] {processor.py:208} INFO - Processing /home/airflow/.local/lib/python3.12/site-packages/airflow/example_dags/example_complex.py took 0.110 seconds
[2024-11-15T05:15:08.375+0000] {processor.py:186} INFO - Started process (PID=401) to work on /home/airflow/.local/lib/python3.12/site-packages/airflow/example_dags/example_complex.py
[2024-11-15T05:15:08.386+0000] {processor.py:914} INFO - Processing file /home/airflow/.local/lib/python3.12/site-packages/airflow/example_dags/example_complex.py for tasks to queue
[2024-11-15T05:15:08.390+0000] {logging_mixin.py:190} INFO - [2024-11-15T05:15:08.389+0000] {dagbag.py:588} INFO - Filling up the DagBag from /home/airflow/.local/lib/python3.12/site-packages/airflow/example_dags/example_complex.py
[2024-11-15T05:15:08.415+0000] {processor.py:925} INFO - DAG(s) 'example_complex' retrieved from /home/airflow/.local/lib/python3.12/site-packages/airflow/example_dags/example_complex.py
[2024-11-15T05:15:08.463+0000] {logging_mixin.py:190} INFO - [2024-11-15T05:15:08.463+0000] {dag.py:3239} INFO - Sync 1 DAGs
[2024-11-15T05:15:08.488+0000] {logging_mixin.py:190} INFO - [2024-11-15T05:15:08.488+0000] {dag.py:4180} INFO - Setting next_dagrun for example_complex to None, run_after=None
[2024-11-15T05:15:08.509+0000] {processor.py:208} INFO - Processing /home/airflow/.local/lib/python3.12/site-packages/airflow/example_dags/example_complex.py took 0.141 seconds
[2024-11-15T05:15:38.646+0000] {processor.py:186} INFO - Started process (PID=478) to work on /home/airflow/.local/lib/python3.12/site-packages/airflow/example_dags/example_complex.py
[2024-11-15T05:15:38.648+0000] {processor.py:914} INFO - Processing file /home/airflow/.local/lib/python3.12/site-packages/airflow/example_dags/example_complex.py for tasks to queue
[2024-11-15T05:15:38.651+0000] {logging_mixin.py:190} INFO - [2024-11-15T05:15:38.651+0000] {dagbag.py:588} INFO - Filling up the DagBag from /home/airflow/.local/lib/python3.12/site-packages/airflow/example_dags/example_complex.py
[2024-11-15T05:15:38.665+0000] {processor.py:925} INFO - DAG(s) 'example_complex' retrieved from /home/airflow/.local/lib/python3.12/site-packages/airflow/example_dags/example_complex.py
[2024-11-15T05:15:38.702+0000] {logging_mixin.py:190} INFO - [2024-11-15T05:15:38.701+0000] {dag.py:3239} INFO - Sync 1 DAGs
[2024-11-15T05:15:38.719+0000] {logging_mixin.py:190} INFO - [2024-11-15T05:15:38.719+0000] {dag.py:4180} INFO - Setting next_dagrun for example_complex to None, run_after=None
[2024-11-15T05:15:38.752+0000] {processor.py:208} INFO - Processing /home/airflow/.local/lib/python3.12/site-packages/airflow/example_dags/example_complex.py took 0.116 seconds
[2024-11-15T05:16:09.486+0000] {processor.py:186} INFO - Started process (PID=542) to work on /home/airflow/.local/lib/python3.12/site-packages/airflow/example_dags/example_complex.py
[2024-11-15T05:16:09.487+0000] {processor.py:914} INFO - Processing file /home/airflow/.local/lib/python3.12/site-packages/airflow/example_dags/example_complex.py for tasks to queue
[2024-11-15T05:16:09.490+0000] {logging_mixin.py:190} INFO - [2024-11-15T05:16:09.489+0000] {dagbag.py:588} INFO - Filling up the DagBag from /home/airflow/.local/lib/python3.12/site-packages/airflow/example_dags/example_complex.py
[2024-11-15T05:16:09.506+0000] {processor.py:925} INFO - DAG(s) 'example_complex' retrieved from /home/airflow/.local/lib/python3.12/site-packages/airflow/example_dags/example_complex.py
[2024-11-15T05:16:09.541+0000] {logging_mixin.py:190} INFO - [2024-11-15T05:16:09.541+0000] {dag.py:3239} INFO - Sync 1 DAGs
[2024-11-15T05:16:09.563+0000] {logging_mixin.py:190} INFO - [2024-11-15T05:16:09.562+0000] {dag.py:4180} INFO - Setting next_dagrun for example_complex to None, run_after=None
[2024-11-15T05:16:09.589+0000] {processor.py:208} INFO - Processing /home/airflow/.local/lib/python3.12/site-packages/airflow/example_dags/example_complex.py took 0.113 seconds
[2024-11-15T05:16:40.217+0000] {processor.py:186} INFO - Started process (PID=606) to work on /home/airflow/.local/lib/python3.12/site-packages/airflow/example_dags/example_complex.py
[2024-11-15T05:16:40.218+0000] {processor.py:914} INFO - Processing file /home/airflow/.local/lib/python3.12/site-packages/airflow/example_dags/example_complex.py for tasks to queue
[2024-11-15T05:16:40.221+0000] {logging_mixin.py:190} INFO - [2024-11-15T05:16:40.221+0000] {dagbag.py:588} INFO - Filling up the DagBag from /home/airflow/.local/lib/python3.12/site-packages/airflow/example_dags/example_complex.py
[2024-11-15T05:16:40.233+0000] {processor.py:925} INFO - DAG(s) 'example_complex' retrieved from /home/airflow/.local/lib/python3.12/site-packages/airflow/example_dags/example_complex.py
[2024-11-15T05:16:40.268+0000] {logging_mixin.py:190} INFO - [2024-11-15T05:16:40.268+0000] {dag.py:3239} INFO - Sync 1 DAGs
[2024-11-15T05:16:40.285+0000] {logging_mixin.py:190} INFO - [2024-11-15T05:16:40.285+0000] {dag.py:4180} INFO - Setting next_dagrun for example_complex to None, run_after=None
[2024-11-15T05:16:40.320+0000] {processor.py:208} INFO - Processing /home/airflow/.local/lib/python3.12/site-packages/airflow/example_dags/example_complex.py took 0.112 seconds
[2024-11-15T05:17:10.948+0000] {processor.py:186} INFO - Started process (PID=670) to work on /home/airflow/.local/lib/python3.12/site-packages/airflow/example_dags/example_complex.py
[2024-11-15T05:17:10.949+0000] {processor.py:914} INFO - Processing file /home/airflow/.local/lib/python3.12/site-packages/airflow/example_dags/example_complex.py for tasks to queue
[2024-11-15T05:17:10.951+0000] {logging_mixin.py:190} INFO - [2024-11-15T05:17:10.951+0000] {dagbag.py:588} INFO - Filling up the DagBag from /home/airflow/.local/lib/python3.12/site-packages/airflow/example_dags/example_complex.py
[2024-11-15T05:17:10.962+0000] {processor.py:925} INFO - DAG(s) 'example_complex' retrieved from /home/airflow/.local/lib/python3.12/site-packages/airflow/example_dags/example_complex.py
[2024-11-15T05:17:10.992+0000] {logging_mixin.py:190} INFO - [2024-11-15T05:17:10.992+0000] {dag.py:3239} INFO - Sync 1 DAGs
[2024-11-15T05:17:11.007+0000] {logging_mixin.py:190} INFO - [2024-11-15T05:17:11.007+0000] {dag.py:4180} INFO - Setting next_dagrun for example_complex to None, run_after=None
[2024-11-15T05:17:11.032+0000] {processor.py:208} INFO - Processing /home/airflow/.local/lib/python3.12/site-packages/airflow/example_dags/example_complex.py took 0.091 seconds
[2024-11-15T05:17:41.204+0000] {processor.py:186} INFO - Started process (PID=734) to work on /home/airflow/.local/lib/python3.12/site-packages/airflow/example_dags/example_complex.py
[2024-11-15T05:17:41.205+0000] {processor.py:914} INFO - Processing file /home/airflow/.local/lib/python3.12/site-packages/airflow/example_dags/example_complex.py for tasks to queue
[2024-11-15T05:17:41.208+0000] {logging_mixin.py:190} INFO - [2024-11-15T05:17:41.208+0000] {dagbag.py:588} INFO - Filling up the DagBag from /home/airflow/.local/lib/python3.12/site-packages/airflow/example_dags/example_complex.py
[2024-11-15T05:17:41.228+0000] {processor.py:925} INFO - DAG(s) 'example_complex' retrieved from /home/airflow/.local/lib/python3.12/site-packages/airflow/example_dags/example_complex.py
[2024-11-15T05:17:41.278+0000] {logging_mixin.py:190} INFO - [2024-11-15T05:17:41.276+0000] {dag.py:3239} INFO - Sync 1 DAGs
[2024-11-15T05:17:41.299+0000] {logging_mixin.py:190} INFO - [2024-11-15T05:17:41.299+0000] {dag.py:4180} INFO - Setting next_dagrun for example_complex to None, run_after=None
[2024-11-15T05:17:41.332+0000] {processor.py:208} INFO - Processing /home/airflow/.local/lib/python3.12/site-packages/airflow/example_dags/example_complex.py took 0.138 seconds
[2024-11-15T05:19:59.366+0000] {processor.py:186} INFO - Started process (PID=46) to work on /home/airflow/.local/lib/python3.12/site-packages/airflow/example_dags/example_complex.py
[2024-11-15T05:19:59.367+0000] {processor.py:914} INFO - Processing file /home/airflow/.local/lib/python3.12/site-packages/airflow/example_dags/example_complex.py for tasks to queue
[2024-11-15T05:19:59.373+0000] {logging_mixin.py:190} INFO - [2024-11-15T05:19:59.372+0000] {dagbag.py:588} INFO - Filling up the DagBag from /home/airflow/.local/lib/python3.12/site-packages/airflow/example_dags/example_complex.py
[2024-11-15T05:19:59.398+0000] {processor.py:925} INFO - DAG(s) 'example_complex' retrieved from /home/airflow/.local/lib/python3.12/site-packages/airflow/example_dags/example_complex.py
[2024-11-15T05:19:59.658+0000] {logging_mixin.py:190} INFO - [2024-11-15T05:19:59.657+0000] {override.py:1911} INFO - Created Permission View: can delete on DAG:example_complex
[2024-11-15T05:19:59.674+0000] {logging_mixin.py:190} INFO - [2024-11-15T05:19:59.674+0000] {override.py:1911} INFO - Created Permission View: can edit on DAG:example_complex
[2024-11-15T05:19:59.689+0000] {logging_mixin.py:190} INFO - [2024-11-15T05:19:59.688+0000] {override.py:1911} INFO - Created Permission View: can read on DAG:example_complex
[2024-11-15T05:19:59.706+0000] {logging_mixin.py:190} INFO - [2024-11-15T05:19:59.706+0000] {override.py:1911} INFO - Created Permission View: can delete on DAG Run:example_complex
[2024-11-15T05:19:59.719+0000] {logging_mixin.py:190} INFO - [2024-11-15T05:19:59.718+0000] {override.py:1911} INFO - Created Permission View: can read on DAG Run:example_complex
[2024-11-15T05:19:59.737+0000] {logging_mixin.py:190} INFO - [2024-11-15T05:19:59.737+0000] {override.py:1911} INFO - Created Permission View: can create on DAG Run:example_complex
[2024-11-15T05:19:59.752+0000] {logging_mixin.py:190} INFO - [2024-11-15T05:19:59.751+0000] {override.py:1911} INFO - Created Permission View: menu access on DAG Run:example_complex
[2024-11-15T05:19:59.753+0000] {logging_mixin.py:190} INFO - [2024-11-15T05:19:59.753+0000] {dag.py:3239} INFO - Sync 1 DAGs
[2024-11-15T05:19:59.776+0000] {logging_mixin.py:190} INFO - [2024-11-15T05:19:59.776+0000] {dag.py:3262} INFO - Creating ORM DAG for example_complex
[2024-11-15T05:19:59.777+0000] {logging_mixin.py:190} INFO - [2024-11-15T05:19:59.777+0000] {dag.py:4180} INFO - Setting next_dagrun for example_complex to None, run_after=None
[2024-11-15T05:19:59.814+0000] {processor.py:208} INFO - Processing /home/airflow/.local/lib/python3.12/site-packages/airflow/example_dags/example_complex.py took 0.461 seconds
[2024-11-15T05:20:30.374+0000] {processor.py:186} INFO - Started process (PID=110) to work on /home/airflow/.local/lib/python3.12/site-packages/airflow/example_dags/example_complex.py
[2024-11-15T05:20:30.377+0000] {processor.py:914} INFO - Processing file /home/airflow/.local/lib/python3.12/site-packages/airflow/example_dags/example_complex.py for tasks to queue
[2024-11-15T05:20:30.385+0000] {logging_mixin.py:190} INFO - [2024-11-15T05:20:30.384+0000] {dagbag.py:588} INFO - Filling up the DagBag from /home/airflow/.local/lib/python3.12/site-packages/airflow/example_dags/example_complex.py
[2024-11-15T05:20:30.417+0000] {processor.py:925} INFO - DAG(s) 'example_complex' retrieved from /home/airflow/.local/lib/python3.12/site-packages/airflow/example_dags/example_complex.py
[2024-11-15T05:20:30.488+0000] {logging_mixin.py:190} INFO - [2024-11-15T05:20:30.488+0000] {dag.py:3239} INFO - Sync 1 DAGs
[2024-11-15T05:20:30.512+0000] {logging_mixin.py:190} INFO - [2024-11-15T05:20:30.512+0000] {dag.py:4180} INFO - Setting next_dagrun for example_complex to None, run_after=None
[2024-11-15T05:20:30.553+0000] {processor.py:208} INFO - Processing /home/airflow/.local/lib/python3.12/site-packages/airflow/example_dags/example_complex.py took 0.193 seconds
[2024-11-15T05:21:00.608+0000] {processor.py:186} INFO - Started process (PID=174) to work on /home/airflow/.local/lib/python3.12/site-packages/airflow/example_dags/example_complex.py
[2024-11-15T05:21:00.609+0000] {processor.py:914} INFO - Processing file /home/airflow/.local/lib/python3.12/site-packages/airflow/example_dags/example_complex.py for tasks to queue
[2024-11-15T05:21:00.612+0000] {logging_mixin.py:190} INFO - [2024-11-15T05:21:00.611+0000] {dagbag.py:588} INFO - Filling up the DagBag from /home/airflow/.local/lib/python3.12/site-packages/airflow/example_dags/example_complex.py
[2024-11-15T05:21:00.624+0000] {processor.py:925} INFO - DAG(s) 'example_complex' retrieved from /home/airflow/.local/lib/python3.12/site-packages/airflow/example_dags/example_complex.py
[2024-11-15T05:21:00.656+0000] {logging_mixin.py:190} INFO - [2024-11-15T05:21:00.655+0000] {dag.py:3239} INFO - Sync 1 DAGs
[2024-11-15T05:21:00.669+0000] {logging_mixin.py:190} INFO - [2024-11-15T05:21:00.669+0000] {dag.py:4180} INFO - Setting next_dagrun for example_complex to None, run_after=None
[2024-11-15T05:21:00.696+0000] {processor.py:208} INFO - Processing /home/airflow/.local/lib/python3.12/site-packages/airflow/example_dags/example_complex.py took 0.095 seconds
[2024-11-15T05:21:30.954+0000] {processor.py:186} INFO - Started process (PID=238) to work on /home/airflow/.local/lib/python3.12/site-packages/airflow/example_dags/example_complex.py
[2024-11-15T05:21:30.955+0000] {processor.py:914} INFO - Processing file /home/airflow/.local/lib/python3.12/site-packages/airflow/example_dags/example_complex.py for tasks to queue
[2024-11-15T05:21:30.958+0000] {logging_mixin.py:190} INFO - [2024-11-15T05:21:30.958+0000] {dagbag.py:588} INFO - Filling up the DagBag from /home/airflow/.local/lib/python3.12/site-packages/airflow/example_dags/example_complex.py
[2024-11-15T05:21:30.974+0000] {processor.py:925} INFO - DAG(s) 'example_complex' retrieved from /home/airflow/.local/lib/python3.12/site-packages/airflow/example_dags/example_complex.py
[2024-11-15T05:21:31.012+0000] {logging_mixin.py:190} INFO - [2024-11-15T05:21:31.012+0000] {dag.py:3239} INFO - Sync 1 DAGs
[2024-11-15T05:21:31.026+0000] {logging_mixin.py:190} INFO - [2024-11-15T05:21:31.026+0000] {dag.py:4180} INFO - Setting next_dagrun for example_complex to None, run_after=None
[2024-11-15T05:21:31.048+0000] {processor.py:208} INFO - Processing /home/airflow/.local/lib/python3.12/site-packages/airflow/example_dags/example_complex.py took 0.100 seconds
[2024-11-15T05:22:02.035+0000] {processor.py:186} INFO - Started process (PID=302) to work on /home/airflow/.local/lib/python3.12/site-packages/airflow/example_dags/example_complex.py
[2024-11-15T05:22:02.036+0000] {processor.py:914} INFO - Processing file /home/airflow/.local/lib/python3.12/site-packages/airflow/example_dags/example_complex.py for tasks to queue
[2024-11-15T05:22:02.040+0000] {logging_mixin.py:190} INFO - [2024-11-15T05:22:02.040+0000] {dagbag.py:588} INFO - Filling up the DagBag from /home/airflow/.local/lib/python3.12/site-packages/airflow/example_dags/example_complex.py
[2024-11-15T05:22:02.051+0000] {processor.py:925} INFO - DAG(s) 'example_complex' retrieved from /home/airflow/.local/lib/python3.12/site-packages/airflow/example_dags/example_complex.py
[2024-11-15T05:22:02.080+0000] {logging_mixin.py:190} INFO - [2024-11-15T05:22:02.080+0000] {dag.py:3239} INFO - Sync 1 DAGs
[2024-11-15T05:22:02.094+0000] {logging_mixin.py:190} INFO - [2024-11-15T05:22:02.094+0000] {dag.py:4180} INFO - Setting next_dagrun for example_complex to None, run_after=None
[2024-11-15T05:22:02.117+0000] {processor.py:208} INFO - Processing /home/airflow/.local/lib/python3.12/site-packages/airflow/example_dags/example_complex.py took 0.088 seconds
[2024-11-15T05:22:32.207+0000] {processor.py:186} INFO - Started process (PID=366) to work on /home/airflow/.local/lib/python3.12/site-packages/airflow/example_dags/example_complex.py
[2024-11-15T05:22:32.209+0000] {processor.py:914} INFO - Processing file /home/airflow/.local/lib/python3.12/site-packages/airflow/example_dags/example_complex.py for tasks to queue
[2024-11-15T05:22:32.212+0000] {logging_mixin.py:190} INFO - [2024-11-15T05:22:32.211+0000] {dagbag.py:588} INFO - Filling up the DagBag from /home/airflow/.local/lib/python3.12/site-packages/airflow/example_dags/example_complex.py
[2024-11-15T05:22:32.227+0000] {processor.py:925} INFO - DAG(s) 'example_complex' retrieved from /home/airflow/.local/lib/python3.12/site-packages/airflow/example_dags/example_complex.py
[2024-11-15T05:22:32.262+0000] {logging_mixin.py:190} INFO - [2024-11-15T05:22:32.262+0000] {dag.py:3239} INFO - Sync 1 DAGs
[2024-11-15T05:22:32.279+0000] {logging_mixin.py:190} INFO - [2024-11-15T05:22:32.278+0000] {dag.py:4180} INFO - Setting next_dagrun for example_complex to None, run_after=None
[2024-11-15T05:22:32.303+0000] {processor.py:208} INFO - Processing /home/airflow/.local/lib/python3.12/site-packages/airflow/example_dags/example_complex.py took 0.104 seconds
[2024-11-15T05:23:02.919+0000] {processor.py:186} INFO - Started process (PID=430) to work on /home/airflow/.local/lib/python3.12/site-packages/airflow/example_dags/example_complex.py
[2024-11-15T05:23:02.921+0000] {processor.py:914} INFO - Processing file /home/airflow/.local/lib/python3.12/site-packages/airflow/example_dags/example_complex.py for tasks to queue
[2024-11-15T05:23:02.924+0000] {logging_mixin.py:190} INFO - [2024-11-15T05:23:02.923+0000] {dagbag.py:588} INFO - Filling up the DagBag from /home/airflow/.local/lib/python3.12/site-packages/airflow/example_dags/example_complex.py
[2024-11-15T05:23:02.935+0000] {processor.py:925} INFO - DAG(s) 'example_complex' retrieved from /home/airflow/.local/lib/python3.12/site-packages/airflow/example_dags/example_complex.py
[2024-11-15T05:23:02.964+0000] {logging_mixin.py:190} INFO - [2024-11-15T05:23:02.964+0000] {dag.py:3239} INFO - Sync 1 DAGs
[2024-11-15T05:23:02.981+0000] {logging_mixin.py:190} INFO - [2024-11-15T05:23:02.981+0000] {dag.py:4180} INFO - Setting next_dagrun for example_complex to None, run_after=None
[2024-11-15T05:23:03.010+0000] {processor.py:208} INFO - Processing /home/airflow/.local/lib/python3.12/site-packages/airflow/example_dags/example_complex.py took 0.095 seconds
