[2024-11-15T05:12:44.402+0000] {processor.py:186} INFO - Started process (PID=70) to work on /home/airflow/.local/lib/python3.12/site-packages/airflow/example_dags/example_workday_timetable.py
[2024-11-15T05:12:44.404+0000] {processor.py:914} INFO - Processing file /home/airflow/.local/lib/python3.12/site-packages/airflow/example_dags/example_workday_timetable.py for tasks to queue
[2024-11-15T05:12:44.408+0000] {logging_mixin.py:190} INFO - [2024-11-15T05:12:44.408+0000] {dagbag.py:588} INFO - Filling up the DagBag from /home/airflow/.local/lib/python3.12/site-packages/airflow/example_dags/example_workday_timetable.py
[2024-11-15T05:12:44.417+0000] {processor.py:925} INFO - DAG(s) 'example_workday_timetable' retrieved from /home/airflow/.local/lib/python3.12/site-packages/airflow/example_dags/example_workday_timetable.py
[2024-11-15T05:12:44.566+0000] {logging_mixin.py:190} INFO - [2024-11-15T05:12:44.565+0000] {override.py:1911} INFO - Created Permission View: can delete on DAG:example_workday_timetable
[2024-11-15T05:12:44.583+0000] {logging_mixin.py:190} INFO - [2024-11-15T05:12:44.583+0000] {override.py:1911} INFO - Created Permission View: can edit on DAG:example_workday_timetable
[2024-11-15T05:12:44.594+0000] {logging_mixin.py:190} INFO - [2024-11-15T05:12:44.594+0000] {override.py:1911} INFO - Created Permission View: can read on DAG:example_workday_timetable
[2024-11-15T05:12:44.617+0000] {logging_mixin.py:190} INFO - [2024-11-15T05:12:44.616+0000] {override.py:1911} INFO - Created Permission View: can create on DAG Run:example_workday_timetable
[2024-11-15T05:12:44.630+0000] {logging_mixin.py:190} INFO - [2024-11-15T05:12:44.630+0000] {override.py:1911} INFO - Created Permission View: can delete on DAG Run:example_workday_timetable
[2024-11-15T05:12:44.645+0000] {logging_mixin.py:190} INFO - [2024-11-15T05:12:44.644+0000] {override.py:1911} INFO - Created Permission View: menu access on DAG Run:example_workday_timetable
[2024-11-15T05:12:44.658+0000] {logging_mixin.py:190} INFO - [2024-11-15T05:12:44.657+0000] {override.py:1911} INFO - Created Permission View: can read on DAG Run:example_workday_timetable
[2024-11-15T05:12:44.659+0000] {logging_mixin.py:190} INFO - [2024-11-15T05:12:44.658+0000] {dag.py:3239} INFO - Sync 1 DAGs
[2024-11-15T05:12:44.676+0000] {logging_mixin.py:190} INFO - [2024-11-15T05:12:44.676+0000] {dag.py:3262} INFO - Creating ORM DAG for example_workday_timetable
[2024-11-15T05:12:44.753+0000] {logging_mixin.py:190} INFO - [2024-11-15T05:12:44.753+0000] {dag.py:4180} INFO - Setting next_dagrun for example_workday_timetable to 2021-01-04 00:00:00+00:00, run_after=2021-01-05 00:00:00+00:00
[2024-11-15T05:12:44.780+0000] {processor.py:208} INFO - Processing /home/airflow/.local/lib/python3.12/site-packages/airflow/example_dags/example_workday_timetable.py took 0.390 seconds
[2024-11-15T05:13:14.838+0000] {processor.py:186} INFO - Started process (PID=134) to work on /home/airflow/.local/lib/python3.12/site-packages/airflow/example_dags/example_workday_timetable.py
[2024-11-15T05:13:14.839+0000] {processor.py:914} INFO - Processing file /home/airflow/.local/lib/python3.12/site-packages/airflow/example_dags/example_workday_timetable.py for tasks to queue
[2024-11-15T05:13:14.842+0000] {logging_mixin.py:190} INFO - [2024-11-15T05:13:14.841+0000] {dagbag.py:588} INFO - Filling up the DagBag from /home/airflow/.local/lib/python3.12/site-packages/airflow/example_dags/example_workday_timetable.py
[2024-11-15T05:13:14.848+0000] {processor.py:925} INFO - DAG(s) 'example_workday_timetable' retrieved from /home/airflow/.local/lib/python3.12/site-packages/airflow/example_dags/example_workday_timetable.py
[2024-11-15T05:13:14.873+0000] {logging_mixin.py:190} INFO - [2024-11-15T05:13:14.872+0000] {dag.py:3239} INFO - Sync 1 DAGs
[2024-11-15T05:13:14.942+0000] {logging_mixin.py:190} INFO - [2024-11-15T05:13:14.941+0000] {dag.py:4180} INFO - Setting next_dagrun for example_workday_timetable to 2021-01-04 00:00:00+00:00, run_after=2021-01-05 00:00:00+00:00
[2024-11-15T05:13:14.972+0000] {processor.py:208} INFO - Processing /home/airflow/.local/lib/python3.12/site-packages/airflow/example_dags/example_workday_timetable.py took 0.141 seconds
[2024-11-15T05:13:46.078+0000] {processor.py:186} INFO - Started process (PID=207) to work on /home/airflow/.local/lib/python3.12/site-packages/airflow/example_dags/example_workday_timetable.py
[2024-11-15T05:13:46.079+0000] {processor.py:914} INFO - Processing file /home/airflow/.local/lib/python3.12/site-packages/airflow/example_dags/example_workday_timetable.py for tasks to queue
[2024-11-15T05:13:46.082+0000] {logging_mixin.py:190} INFO - [2024-11-15T05:13:46.082+0000] {dagbag.py:588} INFO - Filling up the DagBag from /home/airflow/.local/lib/python3.12/site-packages/airflow/example_dags/example_workday_timetable.py
[2024-11-15T05:13:46.090+0000] {processor.py:925} INFO - DAG(s) 'example_workday_timetable' retrieved from /home/airflow/.local/lib/python3.12/site-packages/airflow/example_dags/example_workday_timetable.py
[2024-11-15T05:13:46.113+0000] {logging_mixin.py:190} INFO - [2024-11-15T05:13:46.113+0000] {dag.py:3239} INFO - Sync 1 DAGs
[2024-11-15T05:13:46.208+0000] {logging_mixin.py:190} INFO - [2024-11-15T05:13:46.207+0000] {dag.py:4180} INFO - Setting next_dagrun for example_workday_timetable to 2021-01-04 00:00:00+00:00, run_after=2021-01-05 00:00:00+00:00
[2024-11-15T05:13:46.237+0000] {processor.py:208} INFO - Processing /home/airflow/.local/lib/python3.12/site-packages/airflow/example_dags/example_workday_timetable.py took 0.167 seconds
[2024-11-15T05:14:17.586+0000] {processor.py:186} INFO - Started process (PID=271) to work on /home/airflow/.local/lib/python3.12/site-packages/airflow/example_dags/example_workday_timetable.py
[2024-11-15T05:14:17.588+0000] {processor.py:914} INFO - Processing file /home/airflow/.local/lib/python3.12/site-packages/airflow/example_dags/example_workday_timetable.py for tasks to queue
[2024-11-15T05:14:17.591+0000] {logging_mixin.py:190} INFO - [2024-11-15T05:14:17.591+0000] {dagbag.py:588} INFO - Filling up the DagBag from /home/airflow/.local/lib/python3.12/site-packages/airflow/example_dags/example_workday_timetable.py
[2024-11-15T05:14:17.600+0000] {processor.py:925} INFO - DAG(s) 'example_workday_timetable' retrieved from /home/airflow/.local/lib/python3.12/site-packages/airflow/example_dags/example_workday_timetable.py
[2024-11-15T05:14:17.627+0000] {logging_mixin.py:190} INFO - [2024-11-15T05:14:17.627+0000] {dag.py:3239} INFO - Sync 1 DAGs
[2024-11-15T05:14:17.713+0000] {logging_mixin.py:190} INFO - [2024-11-15T05:14:17.713+0000] {dag.py:4180} INFO - Setting next_dagrun for example_workday_timetable to 2021-01-04 00:00:00+00:00, run_after=2021-01-05 00:00:00+00:00
[2024-11-15T05:14:17.741+0000] {processor.py:208} INFO - Processing /home/airflow/.local/lib/python3.12/site-packages/airflow/example_dags/example_workday_timetable.py took 0.163 seconds
[2024-11-15T05:14:48.379+0000] {processor.py:186} INFO - Started process (PID=335) to work on /home/airflow/.local/lib/python3.12/site-packages/airflow/example_dags/example_workday_timetable.py
[2024-11-15T05:14:48.380+0000] {processor.py:914} INFO - Processing file /home/airflow/.local/lib/python3.12/site-packages/airflow/example_dags/example_workday_timetable.py for tasks to queue
[2024-11-15T05:14:48.384+0000] {logging_mixin.py:190} INFO - [2024-11-15T05:14:48.383+0000] {dagbag.py:588} INFO - Filling up the DagBag from /home/airflow/.local/lib/python3.12/site-packages/airflow/example_dags/example_workday_timetable.py
[2024-11-15T05:14:48.391+0000] {processor.py:925} INFO - DAG(s) 'example_workday_timetable' retrieved from /home/airflow/.local/lib/python3.12/site-packages/airflow/example_dags/example_workday_timetable.py
[2024-11-15T05:14:48.413+0000] {logging_mixin.py:190} INFO - [2024-11-15T05:14:48.413+0000] {dag.py:3239} INFO - Sync 1 DAGs
[2024-11-15T05:14:48.481+0000] {logging_mixin.py:190} INFO - [2024-11-15T05:14:48.480+0000] {dag.py:4180} INFO - Setting next_dagrun for example_workday_timetable to 2021-01-04 00:00:00+00:00, run_after=2021-01-05 00:00:00+00:00
[2024-11-15T05:14:48.503+0000] {processor.py:208} INFO - Processing /home/airflow/.local/lib/python3.12/site-packages/airflow/example_dags/example_workday_timetable.py took 0.131 seconds
[2024-11-15T05:15:19.963+0000] {processor.py:186} INFO - Started process (PID=426) to work on /home/airflow/.local/lib/python3.12/site-packages/airflow/example_dags/example_workday_timetable.py
[2024-11-15T05:15:19.965+0000] {processor.py:914} INFO - Processing file /home/airflow/.local/lib/python3.12/site-packages/airflow/example_dags/example_workday_timetable.py for tasks to queue
[2024-11-15T05:15:19.968+0000] {logging_mixin.py:190} INFO - [2024-11-15T05:15:19.968+0000] {dagbag.py:588} INFO - Filling up the DagBag from /home/airflow/.local/lib/python3.12/site-packages/airflow/example_dags/example_workday_timetable.py
[2024-11-15T05:15:19.976+0000] {processor.py:925} INFO - DAG(s) 'example_workday_timetable' retrieved from /home/airflow/.local/lib/python3.12/site-packages/airflow/example_dags/example_workday_timetable.py
[2024-11-15T05:15:20.004+0000] {logging_mixin.py:190} INFO - [2024-11-15T05:15:20.003+0000] {dag.py:3239} INFO - Sync 1 DAGs
[2024-11-15T05:15:20.116+0000] {logging_mixin.py:190} INFO - [2024-11-15T05:15:20.116+0000] {dag.py:4180} INFO - Setting next_dagrun for example_workday_timetable to 2021-01-04 00:00:00+00:00, run_after=2021-01-05 00:00:00+00:00
[2024-11-15T05:15:20.150+0000] {processor.py:208} INFO - Processing /home/airflow/.local/lib/python3.12/site-packages/airflow/example_dags/example_workday_timetable.py took 0.205 seconds
[2024-11-15T05:15:51.516+0000] {processor.py:186} INFO - Started process (PID=502) to work on /home/airflow/.local/lib/python3.12/site-packages/airflow/example_dags/example_workday_timetable.py
[2024-11-15T05:15:51.518+0000] {processor.py:914} INFO - Processing file /home/airflow/.local/lib/python3.12/site-packages/airflow/example_dags/example_workday_timetable.py for tasks to queue
[2024-11-15T05:15:51.521+0000] {logging_mixin.py:190} INFO - [2024-11-15T05:15:51.521+0000] {dagbag.py:588} INFO - Filling up the DagBag from /home/airflow/.local/lib/python3.12/site-packages/airflow/example_dags/example_workday_timetable.py
[2024-11-15T05:15:51.528+0000] {processor.py:925} INFO - DAG(s) 'example_workday_timetable' retrieved from /home/airflow/.local/lib/python3.12/site-packages/airflow/example_dags/example_workday_timetable.py
[2024-11-15T05:15:51.554+0000] {logging_mixin.py:190} INFO - [2024-11-15T05:15:51.553+0000] {dag.py:3239} INFO - Sync 1 DAGs
[2024-11-15T05:15:51.631+0000] {logging_mixin.py:190} INFO - [2024-11-15T05:15:51.631+0000] {dag.py:4180} INFO - Setting next_dagrun for example_workday_timetable to 2021-01-04 00:00:00+00:00, run_after=2021-01-05 00:00:00+00:00
[2024-11-15T05:15:51.660+0000] {processor.py:208} INFO - Processing /home/airflow/.local/lib/python3.12/site-packages/airflow/example_dags/example_workday_timetable.py took 0.155 seconds
[2024-11-15T05:16:22.516+0000] {processor.py:186} INFO - Started process (PID=566) to work on /home/airflow/.local/lib/python3.12/site-packages/airflow/example_dags/example_workday_timetable.py
[2024-11-15T05:16:22.517+0000] {processor.py:914} INFO - Processing file /home/airflow/.local/lib/python3.12/site-packages/airflow/example_dags/example_workday_timetable.py for tasks to queue
[2024-11-15T05:16:22.519+0000] {logging_mixin.py:190} INFO - [2024-11-15T05:16:22.519+0000] {dagbag.py:588} INFO - Filling up the DagBag from /home/airflow/.local/lib/python3.12/site-packages/airflow/example_dags/example_workday_timetable.py
[2024-11-15T05:16:22.526+0000] {processor.py:925} INFO - DAG(s) 'example_workday_timetable' retrieved from /home/airflow/.local/lib/python3.12/site-packages/airflow/example_dags/example_workday_timetable.py
[2024-11-15T05:16:22.549+0000] {logging_mixin.py:190} INFO - [2024-11-15T05:16:22.549+0000] {dag.py:3239} INFO - Sync 1 DAGs
[2024-11-15T05:16:22.619+0000] {logging_mixin.py:190} INFO - [2024-11-15T05:16:22.619+0000] {dag.py:4180} INFO - Setting next_dagrun for example_workday_timetable to 2021-01-04 00:00:00+00:00, run_after=2021-01-05 00:00:00+00:00
[2024-11-15T05:16:22.638+0000] {processor.py:208} INFO - Processing /home/airflow/.local/lib/python3.12/site-packages/airflow/example_dags/example_workday_timetable.py took 0.134 seconds
[2024-11-15T05:16:53.534+0000] {processor.py:186} INFO - Started process (PID=630) to work on /home/airflow/.local/lib/python3.12/site-packages/airflow/example_dags/example_workday_timetable.py
[2024-11-15T05:16:53.535+0000] {processor.py:914} INFO - Processing file /home/airflow/.local/lib/python3.12/site-packages/airflow/example_dags/example_workday_timetable.py for tasks to queue
[2024-11-15T05:16:53.538+0000] {logging_mixin.py:190} INFO - [2024-11-15T05:16:53.537+0000] {dagbag.py:588} INFO - Filling up the DagBag from /home/airflow/.local/lib/python3.12/site-packages/airflow/example_dags/example_workday_timetable.py
[2024-11-15T05:16:53.544+0000] {processor.py:925} INFO - DAG(s) 'example_workday_timetable' retrieved from /home/airflow/.local/lib/python3.12/site-packages/airflow/example_dags/example_workday_timetable.py
[2024-11-15T05:16:53.562+0000] {logging_mixin.py:190} INFO - [2024-11-15T05:16:53.561+0000] {dag.py:3239} INFO - Sync 1 DAGs
[2024-11-15T05:16:53.622+0000] {logging_mixin.py:190} INFO - [2024-11-15T05:16:53.622+0000] {dag.py:4180} INFO - Setting next_dagrun for example_workday_timetable to 2021-01-04 00:00:00+00:00, run_after=2021-01-05 00:00:00+00:00
[2024-11-15T05:16:53.649+0000] {processor.py:208} INFO - Processing /home/airflow/.local/lib/python3.12/site-packages/airflow/example_dags/example_workday_timetable.py took 0.125 seconds
[2024-11-15T05:17:24.797+0000] {processor.py:186} INFO - Started process (PID=694) to work on /home/airflow/.local/lib/python3.12/site-packages/airflow/example_dags/example_workday_timetable.py
[2024-11-15T05:17:24.798+0000] {processor.py:914} INFO - Processing file /home/airflow/.local/lib/python3.12/site-packages/airflow/example_dags/example_workday_timetable.py for tasks to queue
[2024-11-15T05:17:24.801+0000] {logging_mixin.py:190} INFO - [2024-11-15T05:17:24.801+0000] {dagbag.py:588} INFO - Filling up the DagBag from /home/airflow/.local/lib/python3.12/site-packages/airflow/example_dags/example_workday_timetable.py
[2024-11-15T05:17:24.807+0000] {processor.py:925} INFO - DAG(s) 'example_workday_timetable' retrieved from /home/airflow/.local/lib/python3.12/site-packages/airflow/example_dags/example_workday_timetable.py
[2024-11-15T05:17:24.826+0000] {logging_mixin.py:190} INFO - [2024-11-15T05:17:24.826+0000] {dag.py:3239} INFO - Sync 1 DAGs
[2024-11-15T05:17:24.885+0000] {logging_mixin.py:190} INFO - [2024-11-15T05:17:24.885+0000] {dag.py:4180} INFO - Setting next_dagrun for example_workday_timetable to 2021-01-04 00:00:00+00:00, run_after=2021-01-05 00:00:00+00:00
[2024-11-15T05:17:24.906+0000] {processor.py:208} INFO - Processing /home/airflow/.local/lib/python3.12/site-packages/airflow/example_dags/example_workday_timetable.py took 0.117 seconds
[2024-11-15T05:17:56.300+0000] {processor.py:186} INFO - Started process (PID=758) to work on /home/airflow/.local/lib/python3.12/site-packages/airflow/example_dags/example_workday_timetable.py
[2024-11-15T05:17:56.301+0000] {processor.py:914} INFO - Processing file /home/airflow/.local/lib/python3.12/site-packages/airflow/example_dags/example_workday_timetable.py for tasks to queue
[2024-11-15T05:17:56.303+0000] {logging_mixin.py:190} INFO - [2024-11-15T05:17:56.303+0000] {dagbag.py:588} INFO - Filling up the DagBag from /home/airflow/.local/lib/python3.12/site-packages/airflow/example_dags/example_workday_timetable.py
[2024-11-15T05:17:56.309+0000] {processor.py:925} INFO - DAG(s) 'example_workday_timetable' retrieved from /home/airflow/.local/lib/python3.12/site-packages/airflow/example_dags/example_workday_timetable.py
[2024-11-15T05:17:56.328+0000] {logging_mixin.py:190} INFO - [2024-11-15T05:17:56.328+0000] {dag.py:3239} INFO - Sync 1 DAGs
[2024-11-15T05:17:56.459+0000] {logging_mixin.py:190} INFO - [2024-11-15T05:17:56.458+0000] {dag.py:4180} INFO - Setting next_dagrun for example_workday_timetable to 2021-01-04 00:00:00+00:00, run_after=2021-01-05 00:00:00+00:00
[2024-11-15T05:17:56.487+0000] {processor.py:208} INFO - Processing /home/airflow/.local/lib/python3.12/site-packages/airflow/example_dags/example_workday_timetable.py took 0.195 seconds
[2024-11-15T05:20:07.637+0000] {processor.py:186} INFO - Started process (PID=70) to work on /home/airflow/.local/lib/python3.12/site-packages/airflow/example_dags/example_workday_timetable.py
[2024-11-15T05:20:07.638+0000] {processor.py:914} INFO - Processing file /home/airflow/.local/lib/python3.12/site-packages/airflow/example_dags/example_workday_timetable.py for tasks to queue
[2024-11-15T05:20:07.642+0000] {logging_mixin.py:190} INFO - [2024-11-15T05:20:07.642+0000] {dagbag.py:588} INFO - Filling up the DagBag from /home/airflow/.local/lib/python3.12/site-packages/airflow/example_dags/example_workday_timetable.py
[2024-11-15T05:20:07.655+0000] {processor.py:925} INFO - DAG(s) 'example_workday_timetable' retrieved from /home/airflow/.local/lib/python3.12/site-packages/airflow/example_dags/example_workday_timetable.py
[2024-11-15T05:20:07.849+0000] {logging_mixin.py:190} INFO - [2024-11-15T05:20:07.848+0000] {override.py:1911} INFO - Created Permission View: can delete on DAG:example_workday_timetable
[2024-11-15T05:20:07.868+0000] {logging_mixin.py:190} INFO - [2024-11-15T05:20:07.867+0000] {override.py:1911} INFO - Created Permission View: can edit on DAG:example_workday_timetable
[2024-11-15T05:20:07.882+0000] {logging_mixin.py:190} INFO - [2024-11-15T05:20:07.881+0000] {override.py:1911} INFO - Created Permission View: can read on DAG:example_workday_timetable
[2024-11-15T05:20:07.899+0000] {logging_mixin.py:190} INFO - [2024-11-15T05:20:07.899+0000] {override.py:1911} INFO - Created Permission View: can delete on DAG Run:example_workday_timetable
[2024-11-15T05:20:07.913+0000] {logging_mixin.py:190} INFO - [2024-11-15T05:20:07.912+0000] {override.py:1911} INFO - Created Permission View: can read on DAG Run:example_workday_timetable
[2024-11-15T05:20:07.925+0000] {logging_mixin.py:190} INFO - [2024-11-15T05:20:07.925+0000] {override.py:1911} INFO - Created Permission View: can create on DAG Run:example_workday_timetable
[2024-11-15T05:20:07.946+0000] {logging_mixin.py:190} INFO - [2024-11-15T05:20:07.945+0000] {override.py:1911} INFO - Created Permission View: menu access on DAG Run:example_workday_timetable
[2024-11-15T05:20:07.947+0000] {logging_mixin.py:190} INFO - [2024-11-15T05:20:07.947+0000] {dag.py:3239} INFO - Sync 1 DAGs
[2024-11-15T05:20:07.968+0000] {logging_mixin.py:190} INFO - [2024-11-15T05:20:07.967+0000] {dag.py:3262} INFO - Creating ORM DAG for example_workday_timetable
[2024-11-15T05:20:08.069+0000] {logging_mixin.py:190} INFO - [2024-11-15T05:20:08.069+0000] {dag.py:4180} INFO - Setting next_dagrun for example_workday_timetable to 2021-01-04 00:00:00+00:00, run_after=2021-01-05 00:00:00+00:00
[2024-11-15T05:20:08.103+0000] {processor.py:208} INFO - Processing /home/airflow/.local/lib/python3.12/site-packages/airflow/example_dags/example_workday_timetable.py took 0.480 seconds
[2024-11-15T05:20:38.471+0000] {processor.py:186} INFO - Started process (PID=134) to work on /home/airflow/.local/lib/python3.12/site-packages/airflow/example_dags/example_workday_timetable.py
[2024-11-15T05:20:38.472+0000] {processor.py:914} INFO - Processing file /home/airflow/.local/lib/python3.12/site-packages/airflow/example_dags/example_workday_timetable.py for tasks to queue
[2024-11-15T05:20:38.475+0000] {logging_mixin.py:190} INFO - [2024-11-15T05:20:38.474+0000] {dagbag.py:588} INFO - Filling up the DagBag from /home/airflow/.local/lib/python3.12/site-packages/airflow/example_dags/example_workday_timetable.py
[2024-11-15T05:20:38.483+0000] {processor.py:925} INFO - DAG(s) 'example_workday_timetable' retrieved from /home/airflow/.local/lib/python3.12/site-packages/airflow/example_dags/example_workday_timetable.py
[2024-11-15T05:20:38.511+0000] {logging_mixin.py:190} INFO - [2024-11-15T05:20:38.511+0000] {dag.py:3239} INFO - Sync 1 DAGs
[2024-11-15T05:20:38.609+0000] {logging_mixin.py:190} INFO - [2024-11-15T05:20:38.609+0000] {dag.py:4180} INFO - Setting next_dagrun for example_workday_timetable to 2021-01-04 00:00:00+00:00, run_after=2021-01-05 00:00:00+00:00
[2024-11-15T05:20:38.652+0000] {processor.py:208} INFO - Processing /home/airflow/.local/lib/python3.12/site-packages/airflow/example_dags/example_workday_timetable.py took 0.189 seconds
[2024-11-15T05:21:09.196+0000] {processor.py:186} INFO - Started process (PID=198) to work on /home/airflow/.local/lib/python3.12/site-packages/airflow/example_dags/example_workday_timetable.py
[2024-11-15T05:21:09.197+0000] {processor.py:914} INFO - Processing file /home/airflow/.local/lib/python3.12/site-packages/airflow/example_dags/example_workday_timetable.py for tasks to queue
[2024-11-15T05:21:09.200+0000] {logging_mixin.py:190} INFO - [2024-11-15T05:21:09.199+0000] {dagbag.py:588} INFO - Filling up the DagBag from /home/airflow/.local/lib/python3.12/site-packages/airflow/example_dags/example_workday_timetable.py
[2024-11-15T05:21:09.205+0000] {processor.py:925} INFO - DAG(s) 'example_workday_timetable' retrieved from /home/airflow/.local/lib/python3.12/site-packages/airflow/example_dags/example_workday_timetable.py
[2024-11-15T05:21:09.227+0000] {logging_mixin.py:190} INFO - [2024-11-15T05:21:09.227+0000] {dag.py:3239} INFO - Sync 1 DAGs
[2024-11-15T05:21:09.306+0000] {logging_mixin.py:190} INFO - [2024-11-15T05:21:09.306+0000] {dag.py:4180} INFO - Setting next_dagrun for example_workday_timetable to 2021-01-04 00:00:00+00:00, run_after=2021-01-05 00:00:00+00:00
[2024-11-15T05:21:09.334+0000] {processor.py:208} INFO - Processing /home/airflow/.local/lib/python3.12/site-packages/airflow/example_dags/example_workday_timetable.py took 0.143 seconds
[2024-11-15T05:21:40.087+0000] {processor.py:186} INFO - Started process (PID=262) to work on /home/airflow/.local/lib/python3.12/site-packages/airflow/example_dags/example_workday_timetable.py
[2024-11-15T05:21:40.088+0000] {processor.py:914} INFO - Processing file /home/airflow/.local/lib/python3.12/site-packages/airflow/example_dags/example_workday_timetable.py for tasks to queue
[2024-11-15T05:21:40.091+0000] {logging_mixin.py:190} INFO - [2024-11-15T05:21:40.091+0000] {dagbag.py:588} INFO - Filling up the DagBag from /home/airflow/.local/lib/python3.12/site-packages/airflow/example_dags/example_workday_timetable.py
[2024-11-15T05:21:40.097+0000] {processor.py:925} INFO - DAG(s) 'example_workday_timetable' retrieved from /home/airflow/.local/lib/python3.12/site-packages/airflow/example_dags/example_workday_timetable.py
[2024-11-15T05:21:40.117+0000] {logging_mixin.py:190} INFO - [2024-11-15T05:21:40.117+0000] {dag.py:3239} INFO - Sync 1 DAGs
[2024-11-15T05:21:40.177+0000] {logging_mixin.py:190} INFO - [2024-11-15T05:21:40.177+0000] {dag.py:4180} INFO - Setting next_dagrun for example_workday_timetable to 2021-01-04 00:00:00+00:00, run_after=2021-01-05 00:00:00+00:00
[2024-11-15T05:21:40.198+0000] {processor.py:208} INFO - Processing /home/airflow/.local/lib/python3.12/site-packages/airflow/example_dags/example_workday_timetable.py took 0.117 seconds
[2024-11-15T05:22:11.100+0000] {processor.py:186} INFO - Started process (PID=326) to work on /home/airflow/.local/lib/python3.12/site-packages/airflow/example_dags/example_workday_timetable.py
[2024-11-15T05:22:11.101+0000] {processor.py:914} INFO - Processing file /home/airflow/.local/lib/python3.12/site-packages/airflow/example_dags/example_workday_timetable.py for tasks to queue
[2024-11-15T05:22:11.104+0000] {logging_mixin.py:190} INFO - [2024-11-15T05:22:11.104+0000] {dagbag.py:588} INFO - Filling up the DagBag from /home/airflow/.local/lib/python3.12/site-packages/airflow/example_dags/example_workday_timetable.py
[2024-11-15T05:22:11.109+0000] {processor.py:925} INFO - DAG(s) 'example_workday_timetable' retrieved from /home/airflow/.local/lib/python3.12/site-packages/airflow/example_dags/example_workday_timetable.py
[2024-11-15T05:22:11.128+0000] {logging_mixin.py:190} INFO - [2024-11-15T05:22:11.128+0000] {dag.py:3239} INFO - Sync 1 DAGs
[2024-11-15T05:22:11.194+0000] {logging_mixin.py:190} INFO - [2024-11-15T05:22:11.194+0000] {dag.py:4180} INFO - Setting next_dagrun for example_workday_timetable to 2021-01-04 00:00:00+00:00, run_after=2021-01-05 00:00:00+00:00
[2024-11-15T05:22:11.217+0000] {processor.py:208} INFO - Processing /home/airflow/.local/lib/python3.12/site-packages/airflow/example_dags/example_workday_timetable.py took 0.123 seconds
[2024-11-15T05:22:41.515+0000] {processor.py:186} INFO - Started process (PID=390) to work on /home/airflow/.local/lib/python3.12/site-packages/airflow/example_dags/example_workday_timetable.py
[2024-11-15T05:22:41.516+0000] {processor.py:914} INFO - Processing file /home/airflow/.local/lib/python3.12/site-packages/airflow/example_dags/example_workday_timetable.py for tasks to queue
[2024-11-15T05:22:41.519+0000] {logging_mixin.py:190} INFO - [2024-11-15T05:22:41.519+0000] {dagbag.py:588} INFO - Filling up the DagBag from /home/airflow/.local/lib/python3.12/site-packages/airflow/example_dags/example_workday_timetable.py
[2024-11-15T05:22:41.528+0000] {processor.py:925} INFO - DAG(s) 'example_workday_timetable' retrieved from /home/airflow/.local/lib/python3.12/site-packages/airflow/example_dags/example_workday_timetable.py
[2024-11-15T05:22:41.556+0000] {logging_mixin.py:190} INFO - [2024-11-15T05:22:41.556+0000] {dag.py:3239} INFO - Sync 1 DAGs
[2024-11-15T05:22:41.641+0000] {logging_mixin.py:190} INFO - [2024-11-15T05:22:41.641+0000] {dag.py:4180} INFO - Setting next_dagrun for example_workday_timetable to 2021-01-04 00:00:00+00:00, run_after=2021-01-05 00:00:00+00:00
[2024-11-15T05:22:41.674+0000] {processor.py:208} INFO - Processing /home/airflow/.local/lib/python3.12/site-packages/airflow/example_dags/example_workday_timetable.py took 0.167 seconds
