[2024-11-15T05:12:34.463+0000] {processor.py:186} INFO - Started process (PID=44) to work on /home/airflow/.local/lib/python3.12/site-packages/airflow/example_dags/example_sensors.py
[2024-11-15T05:12:34.465+0000] {processor.py:914} INFO - Processing file /home/airflow/.local/lib/python3.12/site-packages/airflow/example_dags/example_sensors.py for tasks to queue
[2024-11-15T05:12:34.469+0000] {logging_mixin.py:190} INFO - [2024-11-15T05:12:34.469+0000] {dagbag.py:588} INFO - Filling up the DagBag from /home/airflow/.local/lib/python3.12/site-packages/airflow/example_dags/example_sensors.py
[2024-11-15T05:12:34.504+0000] {processor.py:925} INFO - DAG(s) 'example_sensors' retrieved from /home/airflow/.local/lib/python3.12/site-packages/airflow/example_dags/example_sensors.py
[2024-11-15T05:12:34.793+0000] {logging_mixin.py:190} INFO - [2024-11-15T05:12:34.791+0000] {override.py:1911} INFO - Created Permission View: can delete on DAG:example_sensors
[2024-11-15T05:12:34.815+0000] {logging_mixin.py:190} INFO - [2024-11-15T05:12:34.814+0000] {override.py:1911} INFO - Created Permission View: can edit on DAG:example_sensors
[2024-11-15T05:12:34.837+0000] {logging_mixin.py:190} INFO - [2024-11-15T05:12:34.836+0000] {override.py:1911} INFO - Created Permission View: can read on DAG:example_sensors
[2024-11-15T05:12:34.861+0000] {logging_mixin.py:190} INFO - [2024-11-15T05:12:34.860+0000] {override.py:1911} INFO - Created Permission View: can create on DAG Run:example_sensors
[2024-11-15T05:12:34.879+0000] {logging_mixin.py:190} INFO - [2024-11-15T05:12:34.879+0000] {override.py:1911} INFO - Created Permission View: can delete on DAG Run:example_sensors
[2024-11-15T05:12:34.898+0000] {logging_mixin.py:190} INFO - [2024-11-15T05:12:34.897+0000] {override.py:1911} INFO - Created Permission View: menu access on DAG Run:example_sensors
[2024-11-15T05:12:34.914+0000] {logging_mixin.py:190} INFO - [2024-11-15T05:12:34.914+0000] {override.py:1911} INFO - Created Permission View: can read on DAG Run:example_sensors
[2024-11-15T05:12:34.916+0000] {logging_mixin.py:190} INFO - [2024-11-15T05:12:34.915+0000] {dag.py:3239} INFO - Sync 1 DAGs
[2024-11-15T05:12:34.940+0000] {logging_mixin.py:190} INFO - [2024-11-15T05:12:34.940+0000] {dag.py:3262} INFO - Creating ORM DAG for example_sensors
[2024-11-15T05:12:34.943+0000] {logging_mixin.py:190} INFO - [2024-11-15T05:12:34.942+0000] {dag.py:4180} INFO - Setting next_dagrun for example_sensors to None, run_after=None
[2024-11-15T05:12:34.985+0000] {processor.py:208} INFO - Processing /home/airflow/.local/lib/python3.12/site-packages/airflow/example_dags/example_sensors.py took 0.534 seconds
[2024-11-15T05:13:05.269+0000] {processor.py:186} INFO - Started process (PID=108) to work on /home/airflow/.local/lib/python3.12/site-packages/airflow/example_dags/example_sensors.py
[2024-11-15T05:13:05.271+0000] {processor.py:914} INFO - Processing file /home/airflow/.local/lib/python3.12/site-packages/airflow/example_dags/example_sensors.py for tasks to queue
[2024-11-15T05:13:05.273+0000] {logging_mixin.py:190} INFO - [2024-11-15T05:13:05.272+0000] {dagbag.py:588} INFO - Filling up the DagBag from /home/airflow/.local/lib/python3.12/site-packages/airflow/example_dags/example_sensors.py
[2024-11-15T05:13:05.282+0000] {processor.py:925} INFO - DAG(s) 'example_sensors' retrieved from /home/airflow/.local/lib/python3.12/site-packages/airflow/example_dags/example_sensors.py
[2024-11-15T05:13:05.303+0000] {logging_mixin.py:190} INFO - [2024-11-15T05:13:05.303+0000] {dag.py:3239} INFO - Sync 1 DAGs
[2024-11-15T05:13:05.315+0000] {logging_mixin.py:190} INFO - [2024-11-15T05:13:05.315+0000] {dag.py:4180} INFO - Setting next_dagrun for example_sensors to None, run_after=None
[2024-11-15T05:13:05.341+0000] {processor.py:208} INFO - Processing /home/airflow/.local/lib/python3.12/site-packages/airflow/example_dags/example_sensors.py took 0.076 seconds
[2024-11-15T05:13:35.665+0000] {processor.py:186} INFO - Started process (PID=181) to work on /home/airflow/.local/lib/python3.12/site-packages/airflow/example_dags/example_sensors.py
[2024-11-15T05:13:35.666+0000] {processor.py:914} INFO - Processing file /home/airflow/.local/lib/python3.12/site-packages/airflow/example_dags/example_sensors.py for tasks to queue
[2024-11-15T05:13:35.669+0000] {logging_mixin.py:190} INFO - [2024-11-15T05:13:35.669+0000] {dagbag.py:588} INFO - Filling up the DagBag from /home/airflow/.local/lib/python3.12/site-packages/airflow/example_dags/example_sensors.py
[2024-11-15T05:13:35.682+0000] {processor.py:925} INFO - DAG(s) 'example_sensors' retrieved from /home/airflow/.local/lib/python3.12/site-packages/airflow/example_dags/example_sensors.py
[2024-11-15T05:13:35.715+0000] {logging_mixin.py:190} INFO - [2024-11-15T05:13:35.715+0000] {dag.py:3239} INFO - Sync 1 DAGs
[2024-11-15T05:13:35.733+0000] {logging_mixin.py:190} INFO - [2024-11-15T05:13:35.733+0000] {dag.py:4180} INFO - Setting next_dagrun for example_sensors to None, run_after=None
[2024-11-15T05:13:35.762+0000] {processor.py:208} INFO - Processing /home/airflow/.local/lib/python3.12/site-packages/airflow/example_dags/example_sensors.py took 0.103 seconds
[2024-11-15T05:14:06.326+0000] {processor.py:186} INFO - Started process (PID=245) to work on /home/airflow/.local/lib/python3.12/site-packages/airflow/example_dags/example_sensors.py
[2024-11-15T05:14:06.327+0000] {processor.py:914} INFO - Processing file /home/airflow/.local/lib/python3.12/site-packages/airflow/example_dags/example_sensors.py for tasks to queue
[2024-11-15T05:14:06.330+0000] {logging_mixin.py:190} INFO - [2024-11-15T05:14:06.330+0000] {dagbag.py:588} INFO - Filling up the DagBag from /home/airflow/.local/lib/python3.12/site-packages/airflow/example_dags/example_sensors.py
[2024-11-15T05:14:06.340+0000] {processor.py:925} INFO - DAG(s) 'example_sensors' retrieved from /home/airflow/.local/lib/python3.12/site-packages/airflow/example_dags/example_sensors.py
[2024-11-15T05:14:06.364+0000] {logging_mixin.py:190} INFO - [2024-11-15T05:14:06.364+0000] {dag.py:3239} INFO - Sync 1 DAGs
[2024-11-15T05:14:06.375+0000] {logging_mixin.py:190} INFO - [2024-11-15T05:14:06.375+0000] {dag.py:4180} INFO - Setting next_dagrun for example_sensors to None, run_after=None
[2024-11-15T05:14:06.408+0000] {processor.py:208} INFO - Processing /home/airflow/.local/lib/python3.12/site-packages/airflow/example_dags/example_sensors.py took 0.089 seconds
[2024-11-15T05:14:37.092+0000] {processor.py:186} INFO - Started process (PID=309) to work on /home/airflow/.local/lib/python3.12/site-packages/airflow/example_dags/example_sensors.py
[2024-11-15T05:14:37.093+0000] {processor.py:914} INFO - Processing file /home/airflow/.local/lib/python3.12/site-packages/airflow/example_dags/example_sensors.py for tasks to queue
[2024-11-15T05:14:37.097+0000] {logging_mixin.py:190} INFO - [2024-11-15T05:14:37.096+0000] {dagbag.py:588} INFO - Filling up the DagBag from /home/airflow/.local/lib/python3.12/site-packages/airflow/example_dags/example_sensors.py
[2024-11-15T05:14:37.106+0000] {processor.py:925} INFO - DAG(s) 'example_sensors' retrieved from /home/airflow/.local/lib/python3.12/site-packages/airflow/example_dags/example_sensors.py
[2024-11-15T05:14:37.129+0000] {logging_mixin.py:190} INFO - [2024-11-15T05:14:37.128+0000] {dag.py:3239} INFO - Sync 1 DAGs
[2024-11-15T05:14:37.140+0000] {logging_mixin.py:190} INFO - [2024-11-15T05:14:37.140+0000] {dag.py:4180} INFO - Setting next_dagrun for example_sensors to None, run_after=None
[2024-11-15T05:14:37.168+0000] {processor.py:208} INFO - Processing /home/airflow/.local/lib/python3.12/site-packages/airflow/example_dags/example_sensors.py took 0.083 seconds
[2024-11-15T05:15:07.331+0000] {processor.py:186} INFO - Started process (PID=399) to work on /home/airflow/.local/lib/python3.12/site-packages/airflow/example_dags/example_sensors.py
[2024-11-15T05:15:07.332+0000] {processor.py:914} INFO - Processing file /home/airflow/.local/lib/python3.12/site-packages/airflow/example_dags/example_sensors.py for tasks to queue
[2024-11-15T05:15:07.334+0000] {logging_mixin.py:190} INFO - [2024-11-15T05:15:07.334+0000] {dagbag.py:588} INFO - Filling up the DagBag from /home/airflow/.local/lib/python3.12/site-packages/airflow/example_dags/example_sensors.py
[2024-11-15T05:15:07.343+0000] {processor.py:925} INFO - DAG(s) 'example_sensors' retrieved from /home/airflow/.local/lib/python3.12/site-packages/airflow/example_dags/example_sensors.py
[2024-11-15T05:15:07.365+0000] {logging_mixin.py:190} INFO - [2024-11-15T05:15:07.364+0000] {dag.py:3239} INFO - Sync 1 DAGs
[2024-11-15T05:15:07.377+0000] {logging_mixin.py:190} INFO - [2024-11-15T05:15:07.377+0000] {dag.py:4180} INFO - Setting next_dagrun for example_sensors to None, run_after=None
[2024-11-15T05:15:07.405+0000] {processor.py:208} INFO - Processing /home/airflow/.local/lib/python3.12/site-packages/airflow/example_dags/example_sensors.py took 0.081 seconds
[2024-11-15T05:15:37.619+0000] {processor.py:186} INFO - Started process (PID=476) to work on /home/airflow/.local/lib/python3.12/site-packages/airflow/example_dags/example_sensors.py
[2024-11-15T05:15:37.620+0000] {processor.py:914} INFO - Processing file /home/airflow/.local/lib/python3.12/site-packages/airflow/example_dags/example_sensors.py for tasks to queue
[2024-11-15T05:15:37.623+0000] {logging_mixin.py:190} INFO - [2024-11-15T05:15:37.622+0000] {dagbag.py:588} INFO - Filling up the DagBag from /home/airflow/.local/lib/python3.12/site-packages/airflow/example_dags/example_sensors.py
[2024-11-15T05:15:37.633+0000] {processor.py:925} INFO - DAG(s) 'example_sensors' retrieved from /home/airflow/.local/lib/python3.12/site-packages/airflow/example_dags/example_sensors.py
[2024-11-15T05:15:37.660+0000] {logging_mixin.py:190} INFO - [2024-11-15T05:15:37.660+0000] {dag.py:3239} INFO - Sync 1 DAGs
[2024-11-15T05:15:37.675+0000] {logging_mixin.py:190} INFO - [2024-11-15T05:15:37.675+0000] {dag.py:4180} INFO - Setting next_dagrun for example_sensors to None, run_after=None
[2024-11-15T05:15:37.701+0000] {processor.py:208} INFO - Processing /home/airflow/.local/lib/python3.12/site-packages/airflow/example_dags/example_sensors.py took 0.092 seconds
[2024-11-15T05:16:08.445+0000] {processor.py:186} INFO - Started process (PID=540) to work on /home/airflow/.local/lib/python3.12/site-packages/airflow/example_dags/example_sensors.py
[2024-11-15T05:16:08.447+0000] {processor.py:914} INFO - Processing file /home/airflow/.local/lib/python3.12/site-packages/airflow/example_dags/example_sensors.py for tasks to queue
[2024-11-15T05:16:08.451+0000] {logging_mixin.py:190} INFO - [2024-11-15T05:16:08.450+0000] {dagbag.py:588} INFO - Filling up the DagBag from /home/airflow/.local/lib/python3.12/site-packages/airflow/example_dags/example_sensors.py
[2024-11-15T05:16:08.465+0000] {processor.py:925} INFO - DAG(s) 'example_sensors' retrieved from /home/airflow/.local/lib/python3.12/site-packages/airflow/example_dags/example_sensors.py
[2024-11-15T05:16:08.500+0000] {logging_mixin.py:190} INFO - [2024-11-15T05:16:08.500+0000] {dag.py:3239} INFO - Sync 1 DAGs
[2024-11-15T05:16:08.516+0000] {logging_mixin.py:190} INFO - [2024-11-15T05:16:08.515+0000] {dag.py:4180} INFO - Setting next_dagrun for example_sensors to None, run_after=None
[2024-11-15T05:16:08.540+0000] {processor.py:208} INFO - Processing /home/airflow/.local/lib/python3.12/site-packages/airflow/example_dags/example_sensors.py took 0.130 seconds
[2024-11-15T05:16:39.182+0000] {processor.py:186} INFO - Started process (PID=604) to work on /home/airflow/.local/lib/python3.12/site-packages/airflow/example_dags/example_sensors.py
[2024-11-15T05:16:39.183+0000] {processor.py:914} INFO - Processing file /home/airflow/.local/lib/python3.12/site-packages/airflow/example_dags/example_sensors.py for tasks to queue
[2024-11-15T05:16:39.185+0000] {logging_mixin.py:190} INFO - [2024-11-15T05:16:39.185+0000] {dagbag.py:588} INFO - Filling up the DagBag from /home/airflow/.local/lib/python3.12/site-packages/airflow/example_dags/example_sensors.py
[2024-11-15T05:16:39.194+0000] {processor.py:925} INFO - DAG(s) 'example_sensors' retrieved from /home/airflow/.local/lib/python3.12/site-packages/airflow/example_dags/example_sensors.py
[2024-11-15T05:16:39.217+0000] {logging_mixin.py:190} INFO - [2024-11-15T05:16:39.216+0000] {dag.py:3239} INFO - Sync 1 DAGs
[2024-11-15T05:16:39.230+0000] {logging_mixin.py:190} INFO - [2024-11-15T05:16:39.229+0000] {dag.py:4180} INFO - Setting next_dagrun for example_sensors to None, run_after=None
[2024-11-15T05:16:39.253+0000] {processor.py:208} INFO - Processing /home/airflow/.local/lib/python3.12/site-packages/airflow/example_dags/example_sensors.py took 0.078 seconds
[2024-11-15T05:17:09.907+0000] {processor.py:186} INFO - Started process (PID=668) to work on /home/airflow/.local/lib/python3.12/site-packages/airflow/example_dags/example_sensors.py
[2024-11-15T05:17:09.909+0000] {processor.py:914} INFO - Processing file /home/airflow/.local/lib/python3.12/site-packages/airflow/example_dags/example_sensors.py for tasks to queue
[2024-11-15T05:17:09.913+0000] {logging_mixin.py:190} INFO - [2024-11-15T05:17:09.912+0000] {dagbag.py:588} INFO - Filling up the DagBag from /home/airflow/.local/lib/python3.12/site-packages/airflow/example_dags/example_sensors.py
[2024-11-15T05:17:09.928+0000] {processor.py:925} INFO - DAG(s) 'example_sensors' retrieved from /home/airflow/.local/lib/python3.12/site-packages/airflow/example_dags/example_sensors.py
[2024-11-15T05:17:09.968+0000] {logging_mixin.py:190} INFO - [2024-11-15T05:17:09.968+0000] {dag.py:3239} INFO - Sync 1 DAGs
[2024-11-15T05:17:09.991+0000] {logging_mixin.py:190} INFO - [2024-11-15T05:17:09.991+0000] {dag.py:4180} INFO - Setting next_dagrun for example_sensors to None, run_after=None
[2024-11-15T05:17:10.026+0000] {processor.py:208} INFO - Processing /home/airflow/.local/lib/python3.12/site-packages/airflow/example_dags/example_sensors.py took 0.132 seconds
[2024-11-15T05:17:40.196+0000] {processor.py:186} INFO - Started process (PID=732) to work on /home/airflow/.local/lib/python3.12/site-packages/airflow/example_dags/example_sensors.py
[2024-11-15T05:17:40.197+0000] {processor.py:914} INFO - Processing file /home/airflow/.local/lib/python3.12/site-packages/airflow/example_dags/example_sensors.py for tasks to queue
[2024-11-15T05:17:40.200+0000] {logging_mixin.py:190} INFO - [2024-11-15T05:17:40.199+0000] {dagbag.py:588} INFO - Filling up the DagBag from /home/airflow/.local/lib/python3.12/site-packages/airflow/example_dags/example_sensors.py
[2024-11-15T05:17:40.209+0000] {processor.py:925} INFO - DAG(s) 'example_sensors' retrieved from /home/airflow/.local/lib/python3.12/site-packages/airflow/example_dags/example_sensors.py
[2024-11-15T05:17:40.232+0000] {logging_mixin.py:190} INFO - [2024-11-15T05:17:40.232+0000] {dag.py:3239} INFO - Sync 1 DAGs
[2024-11-15T05:17:40.245+0000] {logging_mixin.py:190} INFO - [2024-11-15T05:17:40.245+0000] {dag.py:4180} INFO - Setting next_dagrun for example_sensors to None, run_after=None
[2024-11-15T05:17:40.270+0000] {processor.py:208} INFO - Processing /home/airflow/.local/lib/python3.12/site-packages/airflow/example_dags/example_sensors.py took 0.081 seconds
[2024-11-15T05:19:58.587+0000] {processor.py:186} INFO - Started process (PID=44) to work on /home/airflow/.local/lib/python3.12/site-packages/airflow/example_dags/example_sensors.py
[2024-11-15T05:19:58.589+0000] {processor.py:914} INFO - Processing file /home/airflow/.local/lib/python3.12/site-packages/airflow/example_dags/example_sensors.py for tasks to queue
[2024-11-15T05:19:58.595+0000] {logging_mixin.py:190} INFO - [2024-11-15T05:19:58.594+0000] {dagbag.py:588} INFO - Filling up the DagBag from /home/airflow/.local/lib/python3.12/site-packages/airflow/example_dags/example_sensors.py
[2024-11-15T05:19:58.624+0000] {processor.py:925} INFO - DAG(s) 'example_sensors' retrieved from /home/airflow/.local/lib/python3.12/site-packages/airflow/example_dags/example_sensors.py
[2024-11-15T05:19:58.875+0000] {logging_mixin.py:190} INFO - [2024-11-15T05:19:58.874+0000] {override.py:1911} INFO - Created Permission View: can delete on DAG:example_sensors
[2024-11-15T05:19:58.917+0000] {logging_mixin.py:190} INFO - [2024-11-15T05:19:58.916+0000] {override.py:1911} INFO - Created Permission View: can edit on DAG:example_sensors
[2024-11-15T05:19:58.955+0000] {logging_mixin.py:190} INFO - [2024-11-15T05:19:58.954+0000] {override.py:1911} INFO - Created Permission View: can read on DAG:example_sensors
[2024-11-15T05:19:59.127+0000] {logging_mixin.py:190} INFO - [2024-11-15T05:19:59.127+0000] {override.py:1911} INFO - Created Permission View: can delete on DAG Run:example_sensors
[2024-11-15T05:19:59.176+0000] {logging_mixin.py:190} INFO - [2024-11-15T05:19:59.175+0000] {override.py:1911} INFO - Created Permission View: can read on DAG Run:example_sensors
[2024-11-15T05:19:59.207+0000] {logging_mixin.py:190} INFO - [2024-11-15T05:19:59.206+0000] {override.py:1911} INFO - Created Permission View: can create on DAG Run:example_sensors
[2024-11-15T05:19:59.225+0000] {logging_mixin.py:190} INFO - [2024-11-15T05:19:59.224+0000] {override.py:1911} INFO - Created Permission View: menu access on DAG Run:example_sensors
[2024-11-15T05:19:59.227+0000] {logging_mixin.py:190} INFO - [2024-11-15T05:19:59.226+0000] {dag.py:3239} INFO - Sync 1 DAGs
[2024-11-15T05:19:59.258+0000] {logging_mixin.py:190} INFO - [2024-11-15T05:19:59.256+0000] {dag.py:3262} INFO - Creating ORM DAG for example_sensors
[2024-11-15T05:19:59.260+0000] {logging_mixin.py:190} INFO - [2024-11-15T05:19:59.260+0000] {dag.py:4180} INFO - Setting next_dagrun for example_sensors to None, run_after=None
[2024-11-15T05:19:59.297+0000] {processor.py:208} INFO - Processing /home/airflow/.local/lib/python3.12/site-packages/airflow/example_dags/example_sensors.py took 0.721 seconds
[2024-11-15T05:20:30.124+0000] {processor.py:186} INFO - Started process (PID=108) to work on /home/airflow/.local/lib/python3.12/site-packages/airflow/example_dags/example_sensors.py
[2024-11-15T05:20:30.127+0000] {processor.py:914} INFO - Processing file /home/airflow/.local/lib/python3.12/site-packages/airflow/example_dags/example_sensors.py for tasks to queue
[2024-11-15T05:20:30.132+0000] {logging_mixin.py:190} INFO - [2024-11-15T05:20:30.132+0000] {dagbag.py:588} INFO - Filling up the DagBag from /home/airflow/.local/lib/python3.12/site-packages/airflow/example_dags/example_sensors.py
[2024-11-15T05:20:30.154+0000] {processor.py:925} INFO - DAG(s) 'example_sensors' retrieved from /home/airflow/.local/lib/python3.12/site-packages/airflow/example_dags/example_sensors.py
[2024-11-15T05:20:30.211+0000] {logging_mixin.py:190} INFO - [2024-11-15T05:20:30.211+0000] {dag.py:3239} INFO - Sync 1 DAGs
[2024-11-15T05:20:30.236+0000] {logging_mixin.py:190} INFO - [2024-11-15T05:20:30.236+0000] {dag.py:4180} INFO - Setting next_dagrun for example_sensors to None, run_after=None
[2024-11-15T05:20:30.297+0000] {processor.py:208} INFO - Processing /home/airflow/.local/lib/python3.12/site-packages/airflow/example_dags/example_sensors.py took 0.183 seconds
[2024-11-15T05:21:00.474+0000] {processor.py:186} INFO - Started process (PID=172) to work on /home/airflow/.local/lib/python3.12/site-packages/airflow/example_dags/example_sensors.py
[2024-11-15T05:21:00.475+0000] {processor.py:914} INFO - Processing file /home/airflow/.local/lib/python3.12/site-packages/airflow/example_dags/example_sensors.py for tasks to queue
[2024-11-15T05:21:00.478+0000] {logging_mixin.py:190} INFO - [2024-11-15T05:21:00.477+0000] {dagbag.py:588} INFO - Filling up the DagBag from /home/airflow/.local/lib/python3.12/site-packages/airflow/example_dags/example_sensors.py
[2024-11-15T05:21:00.492+0000] {processor.py:925} INFO - DAG(s) 'example_sensors' retrieved from /home/airflow/.local/lib/python3.12/site-packages/airflow/example_dags/example_sensors.py
[2024-11-15T05:21:00.524+0000] {logging_mixin.py:190} INFO - [2024-11-15T05:21:00.522+0000] {dag.py:3239} INFO - Sync 1 DAGs
[2024-11-15T05:21:00.542+0000] {logging_mixin.py:190} INFO - [2024-11-15T05:21:00.541+0000] {dag.py:4180} INFO - Setting next_dagrun for example_sensors to None, run_after=None
[2024-11-15T05:21:00.565+0000] {processor.py:208} INFO - Processing /home/airflow/.local/lib/python3.12/site-packages/airflow/example_dags/example_sensors.py took 0.099 seconds
[2024-11-15T05:21:30.830+0000] {processor.py:186} INFO - Started process (PID=236) to work on /home/airflow/.local/lib/python3.12/site-packages/airflow/example_dags/example_sensors.py
[2024-11-15T05:21:30.831+0000] {processor.py:914} INFO - Processing file /home/airflow/.local/lib/python3.12/site-packages/airflow/example_dags/example_sensors.py for tasks to queue
[2024-11-15T05:21:30.834+0000] {logging_mixin.py:190} INFO - [2024-11-15T05:21:30.833+0000] {dagbag.py:588} INFO - Filling up the DagBag from /home/airflow/.local/lib/python3.12/site-packages/airflow/example_dags/example_sensors.py
[2024-11-15T05:21:30.845+0000] {processor.py:925} INFO - DAG(s) 'example_sensors' retrieved from /home/airflow/.local/lib/python3.12/site-packages/airflow/example_dags/example_sensors.py
[2024-11-15T05:21:30.871+0000] {logging_mixin.py:190} INFO - [2024-11-15T05:21:30.870+0000] {dag.py:3239} INFO - Sync 1 DAGs
[2024-11-15T05:21:30.890+0000] {logging_mixin.py:190} INFO - [2024-11-15T05:21:30.890+0000] {dag.py:4180} INFO - Setting next_dagrun for example_sensors to None, run_after=None
[2024-11-15T05:21:30.919+0000] {processor.py:208} INFO - Processing /home/airflow/.local/lib/python3.12/site-packages/airflow/example_dags/example_sensors.py took 0.094 seconds
[2024-11-15T05:22:01.896+0000] {processor.py:186} INFO - Started process (PID=300) to work on /home/airflow/.local/lib/python3.12/site-packages/airflow/example_dags/example_sensors.py
[2024-11-15T05:22:01.898+0000] {processor.py:914} INFO - Processing file /home/airflow/.local/lib/python3.12/site-packages/airflow/example_dags/example_sensors.py for tasks to queue
[2024-11-15T05:22:01.901+0000] {logging_mixin.py:190} INFO - [2024-11-15T05:22:01.901+0000] {dagbag.py:588} INFO - Filling up the DagBag from /home/airflow/.local/lib/python3.12/site-packages/airflow/example_dags/example_sensors.py
[2024-11-15T05:22:01.932+0000] {processor.py:925} INFO - DAG(s) 'example_sensors' retrieved from /home/airflow/.local/lib/python3.12/site-packages/airflow/example_dags/example_sensors.py
[2024-11-15T05:22:01.966+0000] {logging_mixin.py:190} INFO - [2024-11-15T05:22:01.966+0000] {dag.py:3239} INFO - Sync 1 DAGs
[2024-11-15T05:22:01.980+0000] {logging_mixin.py:190} INFO - [2024-11-15T05:22:01.980+0000] {dag.py:4180} INFO - Setting next_dagrun for example_sensors to None, run_after=None
[2024-11-15T05:22:02.002+0000] {processor.py:208} INFO - Processing /home/airflow/.local/lib/python3.12/site-packages/airflow/example_dags/example_sensors.py took 0.123 seconds
[2024-11-15T05:22:32.086+0000] {processor.py:186} INFO - Started process (PID=364) to work on /home/airflow/.local/lib/python3.12/site-packages/airflow/example_dags/example_sensors.py
[2024-11-15T05:22:32.087+0000] {processor.py:914} INFO - Processing file /home/airflow/.local/lib/python3.12/site-packages/airflow/example_dags/example_sensors.py for tasks to queue
[2024-11-15T05:22:32.090+0000] {logging_mixin.py:190} INFO - [2024-11-15T05:22:32.089+0000] {dagbag.py:588} INFO - Filling up the DagBag from /home/airflow/.local/lib/python3.12/site-packages/airflow/example_dags/example_sensors.py
[2024-11-15T05:22:32.100+0000] {processor.py:925} INFO - DAG(s) 'example_sensors' retrieved from /home/airflow/.local/lib/python3.12/site-packages/airflow/example_dags/example_sensors.py
[2024-11-15T05:22:32.127+0000] {logging_mixin.py:190} INFO - [2024-11-15T05:22:32.127+0000] {dag.py:3239} INFO - Sync 1 DAGs
[2024-11-15T05:22:32.140+0000] {logging_mixin.py:190} INFO - [2024-11-15T05:22:32.140+0000] {dag.py:4180} INFO - Setting next_dagrun for example_sensors to None, run_after=None
[2024-11-15T05:22:32.164+0000] {processor.py:208} INFO - Processing /home/airflow/.local/lib/python3.12/site-packages/airflow/example_dags/example_sensors.py took 0.085 seconds
[2024-11-15T05:23:02.810+0000] {processor.py:186} INFO - Started process (PID=428) to work on /home/airflow/.local/lib/python3.12/site-packages/airflow/example_dags/example_sensors.py
[2024-11-15T05:23:02.811+0000] {processor.py:914} INFO - Processing file /home/airflow/.local/lib/python3.12/site-packages/airflow/example_dags/example_sensors.py for tasks to queue
[2024-11-15T05:23:02.814+0000] {logging_mixin.py:190} INFO - [2024-11-15T05:23:02.814+0000] {dagbag.py:588} INFO - Filling up the DagBag from /home/airflow/.local/lib/python3.12/site-packages/airflow/example_dags/example_sensors.py
[2024-11-15T05:23:02.823+0000] {processor.py:925} INFO - DAG(s) 'example_sensors' retrieved from /home/airflow/.local/lib/python3.12/site-packages/airflow/example_dags/example_sensors.py
[2024-11-15T05:23:02.849+0000] {logging_mixin.py:190} INFO - [2024-11-15T05:23:02.848+0000] {dag.py:3239} INFO - Sync 1 DAGs
[2024-11-15T05:23:02.861+0000] {logging_mixin.py:190} INFO - [2024-11-15T05:23:02.861+0000] {dag.py:4180} INFO - Setting next_dagrun for example_sensors to None, run_after=None
[2024-11-15T05:23:02.884+0000] {processor.py:208} INFO - Processing /home/airflow/.local/lib/python3.12/site-packages/airflow/example_dags/example_sensors.py took 0.079 seconds
