[2024-11-15T05:12:50.048+0000] {processor.py:186} INFO - Started process (PID=88) to work on /home/airflow/.local/lib/python3.12/site-packages/airflow/example_dags/example_short_circuit_decorator.py
[2024-11-15T05:12:50.050+0000] {processor.py:914} INFO - Processing file /home/airflow/.local/lib/python3.12/site-packages/airflow/example_dags/example_short_circuit_decorator.py for tasks to queue
[2024-11-15T05:12:50.054+0000] {logging_mixin.py:190} INFO - [2024-11-15T05:12:50.053+0000] {dagbag.py:588} INFO - Filling up the DagBag from /home/airflow/.local/lib/python3.12/site-packages/airflow/example_dags/example_short_circuit_decorator.py
[2024-11-15T05:12:50.071+0000] {processor.py:925} INFO - DAG(s) 'example_short_circuit_decorator' retrieved from /home/airflow/.local/lib/python3.12/site-packages/airflow/example_dags/example_short_circuit_decorator.py
[2024-11-15T05:12:50.215+0000] {logging_mixin.py:190} INFO - [2024-11-15T05:12:50.215+0000] {override.py:1911} INFO - Created Permission View: can delete on DAG:example_short_circuit_decorator
[2024-11-15T05:12:50.230+0000] {logging_mixin.py:190} INFO - [2024-11-15T05:12:50.230+0000] {override.py:1911} INFO - Created Permission View: can edit on DAG:example_short_circuit_decorator
[2024-11-15T05:12:50.241+0000] {logging_mixin.py:190} INFO - [2024-11-15T05:12:50.241+0000] {override.py:1911} INFO - Created Permission View: can read on DAG:example_short_circuit_decorator
[2024-11-15T05:12:50.255+0000] {logging_mixin.py:190} INFO - [2024-11-15T05:12:50.254+0000] {override.py:1911} INFO - Created Permission View: can create on DAG Run:example_short_circuit_decorator
[2024-11-15T05:12:50.265+0000] {logging_mixin.py:190} INFO - [2024-11-15T05:12:50.265+0000] {override.py:1911} INFO - Created Permission View: can delete on DAG Run:example_short_circuit_decorator
[2024-11-15T05:12:50.276+0000] {logging_mixin.py:190} INFO - [2024-11-15T05:12:50.275+0000] {override.py:1911} INFO - Created Permission View: menu access on DAG Run:example_short_circuit_decorator
[2024-11-15T05:12:50.290+0000] {logging_mixin.py:190} INFO - [2024-11-15T05:12:50.289+0000] {override.py:1911} INFO - Created Permission View: can read on DAG Run:example_short_circuit_decorator
[2024-11-15T05:12:50.291+0000] {logging_mixin.py:190} INFO - [2024-11-15T05:12:50.291+0000] {dag.py:3239} INFO - Sync 1 DAGs
[2024-11-15T05:12:50.309+0000] {logging_mixin.py:190} INFO - [2024-11-15T05:12:50.308+0000] {dag.py:3262} INFO - Creating ORM DAG for example_short_circuit_decorator
[2024-11-15T05:12:50.310+0000] {logging_mixin.py:190} INFO - [2024-11-15T05:12:50.310+0000] {dag.py:4180} INFO - Setting next_dagrun for example_short_circuit_decorator to None, run_after=None
[2024-11-15T05:12:50.340+0000] {processor.py:208} INFO - Processing /home/airflow/.local/lib/python3.12/site-packages/airflow/example_dags/example_short_circuit_decorator.py took 0.303 seconds
[2024-11-15T05:13:20.978+0000] {processor.py:186} INFO - Started process (PID=161) to work on /home/airflow/.local/lib/python3.12/site-packages/airflow/example_dags/example_short_circuit_decorator.py
[2024-11-15T05:13:20.979+0000] {processor.py:914} INFO - Processing file /home/airflow/.local/lib/python3.12/site-packages/airflow/example_dags/example_short_circuit_decorator.py for tasks to queue
[2024-11-15T05:13:20.981+0000] {logging_mixin.py:190} INFO - [2024-11-15T05:13:20.981+0000] {dagbag.py:588} INFO - Filling up the DagBag from /home/airflow/.local/lib/python3.12/site-packages/airflow/example_dags/example_short_circuit_decorator.py
[2024-11-15T05:13:20.990+0000] {processor.py:925} INFO - DAG(s) 'example_short_circuit_decorator' retrieved from /home/airflow/.local/lib/python3.12/site-packages/airflow/example_dags/example_short_circuit_decorator.py
[2024-11-15T05:13:21.012+0000] {logging_mixin.py:190} INFO - [2024-11-15T05:13:21.012+0000] {dag.py:3239} INFO - Sync 1 DAGs
[2024-11-15T05:13:21.025+0000] {logging_mixin.py:190} INFO - [2024-11-15T05:13:21.025+0000] {dag.py:4180} INFO - Setting next_dagrun for example_short_circuit_decorator to None, run_after=None
[2024-11-15T05:13:21.048+0000] {processor.py:208} INFO - Processing /home/airflow/.local/lib/python3.12/site-packages/airflow/example_dags/example_short_circuit_decorator.py took 0.074 seconds
[2024-11-15T05:13:51.853+0000] {processor.py:186} INFO - Started process (PID=225) to work on /home/airflow/.local/lib/python3.12/site-packages/airflow/example_dags/example_short_circuit_decorator.py
[2024-11-15T05:13:51.854+0000] {processor.py:914} INFO - Processing file /home/airflow/.local/lib/python3.12/site-packages/airflow/example_dags/example_short_circuit_decorator.py for tasks to queue
[2024-11-15T05:13:51.856+0000] {logging_mixin.py:190} INFO - [2024-11-15T05:13:51.856+0000] {dagbag.py:588} INFO - Filling up the DagBag from /home/airflow/.local/lib/python3.12/site-packages/airflow/example_dags/example_short_circuit_decorator.py
[2024-11-15T05:13:51.865+0000] {processor.py:925} INFO - DAG(s) 'example_short_circuit_decorator' retrieved from /home/airflow/.local/lib/python3.12/site-packages/airflow/example_dags/example_short_circuit_decorator.py
[2024-11-15T05:13:51.886+0000] {logging_mixin.py:190} INFO - [2024-11-15T05:13:51.885+0000] {dag.py:3239} INFO - Sync 1 DAGs
[2024-11-15T05:13:51.898+0000] {logging_mixin.py:190} INFO - [2024-11-15T05:13:51.898+0000] {dag.py:4180} INFO - Setting next_dagrun for example_short_circuit_decorator to None, run_after=None
[2024-11-15T05:13:51.922+0000] {processor.py:208} INFO - Processing /home/airflow/.local/lib/python3.12/site-packages/airflow/example_dags/example_short_circuit_decorator.py took 0.075 seconds
[2024-11-15T05:14:22.169+0000] {processor.py:186} INFO - Started process (PID=289) to work on /home/airflow/.local/lib/python3.12/site-packages/airflow/example_dags/example_short_circuit_decorator.py
[2024-11-15T05:14:22.170+0000] {processor.py:914} INFO - Processing file /home/airflow/.local/lib/python3.12/site-packages/airflow/example_dags/example_short_circuit_decorator.py for tasks to queue
[2024-11-15T05:14:22.174+0000] {logging_mixin.py:190} INFO - [2024-11-15T05:14:22.174+0000] {dagbag.py:588} INFO - Filling up the DagBag from /home/airflow/.local/lib/python3.12/site-packages/airflow/example_dags/example_short_circuit_decorator.py
[2024-11-15T05:14:22.187+0000] {processor.py:925} INFO - DAG(s) 'example_short_circuit_decorator' retrieved from /home/airflow/.local/lib/python3.12/site-packages/airflow/example_dags/example_short_circuit_decorator.py
[2024-11-15T05:14:22.219+0000] {logging_mixin.py:190} INFO - [2024-11-15T05:14:22.218+0000] {dag.py:3239} INFO - Sync 1 DAGs
[2024-11-15T05:14:22.238+0000] {logging_mixin.py:190} INFO - [2024-11-15T05:14:22.237+0000] {dag.py:4180} INFO - Setting next_dagrun for example_short_circuit_decorator to None, run_after=None
[2024-11-15T05:14:22.268+0000] {processor.py:208} INFO - Processing /home/airflow/.local/lib/python3.12/site-packages/airflow/example_dags/example_short_circuit_decorator.py took 0.108 seconds
[2024-11-15T05:14:53.367+0000] {processor.py:186} INFO - Started process (PID=353) to work on /home/airflow/.local/lib/python3.12/site-packages/airflow/example_dags/example_short_circuit_decorator.py
[2024-11-15T05:14:53.368+0000] {processor.py:914} INFO - Processing file /home/airflow/.local/lib/python3.12/site-packages/airflow/example_dags/example_short_circuit_decorator.py for tasks to queue
[2024-11-15T05:14:53.371+0000] {logging_mixin.py:190} INFO - [2024-11-15T05:14:53.370+0000] {dagbag.py:588} INFO - Filling up the DagBag from /home/airflow/.local/lib/python3.12/site-packages/airflow/example_dags/example_short_circuit_decorator.py
[2024-11-15T05:14:53.380+0000] {processor.py:925} INFO - DAG(s) 'example_short_circuit_decorator' retrieved from /home/airflow/.local/lib/python3.12/site-packages/airflow/example_dags/example_short_circuit_decorator.py
[2024-11-15T05:14:53.404+0000] {logging_mixin.py:190} INFO - [2024-11-15T05:14:53.404+0000] {dag.py:3239} INFO - Sync 1 DAGs
[2024-11-15T05:14:53.420+0000] {logging_mixin.py:190} INFO - [2024-11-15T05:14:53.420+0000] {dag.py:4180} INFO - Setting next_dagrun for example_short_circuit_decorator to None, run_after=None
[2024-11-15T05:14:53.442+0000] {processor.py:208} INFO - Processing /home/airflow/.local/lib/python3.12/site-packages/airflow/example_dags/example_short_circuit_decorator.py took 0.080 seconds
[2024-11-15T05:15:25.073+0000] {processor.py:186} INFO - Started process (PID=444) to work on /home/airflow/.local/lib/python3.12/site-packages/airflow/example_dags/example_short_circuit_decorator.py
[2024-11-15T05:15:25.079+0000] {processor.py:914} INFO - Processing file /home/airflow/.local/lib/python3.12/site-packages/airflow/example_dags/example_short_circuit_decorator.py for tasks to queue
[2024-11-15T05:15:25.095+0000] {logging_mixin.py:190} INFO - [2024-11-15T05:15:25.094+0000] {dagbag.py:588} INFO - Filling up the DagBag from /home/airflow/.local/lib/python3.12/site-packages/airflow/example_dags/example_short_circuit_decorator.py
[2024-11-15T05:15:25.156+0000] {processor.py:925} INFO - DAG(s) 'example_short_circuit_decorator' retrieved from /home/airflow/.local/lib/python3.12/site-packages/airflow/example_dags/example_short_circuit_decorator.py
[2024-11-15T05:15:25.231+0000] {logging_mixin.py:190} INFO - [2024-11-15T05:15:25.230+0000] {dag.py:3239} INFO - Sync 1 DAGs
[2024-11-15T05:15:25.274+0000] {logging_mixin.py:190} INFO - [2024-11-15T05:15:25.273+0000] {dag.py:4180} INFO - Setting next_dagrun for example_short_circuit_decorator to None, run_after=None
[2024-11-15T05:15:25.347+0000] {processor.py:208} INFO - Processing /home/airflow/.local/lib/python3.12/site-packages/airflow/example_dags/example_short_circuit_decorator.py took 0.301 seconds
[2024-11-15T05:15:56.085+0000] {processor.py:186} INFO - Started process (PID=520) to work on /home/airflow/.local/lib/python3.12/site-packages/airflow/example_dags/example_short_circuit_decorator.py
[2024-11-15T05:15:56.087+0000] {processor.py:914} INFO - Processing file /home/airflow/.local/lib/python3.12/site-packages/airflow/example_dags/example_short_circuit_decorator.py for tasks to queue
[2024-11-15T05:15:56.090+0000] {logging_mixin.py:190} INFO - [2024-11-15T05:15:56.090+0000] {dagbag.py:588} INFO - Filling up the DagBag from /home/airflow/.local/lib/python3.12/site-packages/airflow/example_dags/example_short_circuit_decorator.py
[2024-11-15T05:15:56.105+0000] {processor.py:925} INFO - DAG(s) 'example_short_circuit_decorator' retrieved from /home/airflow/.local/lib/python3.12/site-packages/airflow/example_dags/example_short_circuit_decorator.py
[2024-11-15T05:15:56.141+0000] {logging_mixin.py:190} INFO - [2024-11-15T05:15:56.141+0000] {dag.py:3239} INFO - Sync 1 DAGs
[2024-11-15T05:15:56.168+0000] {logging_mixin.py:190} INFO - [2024-11-15T05:15:56.168+0000] {dag.py:4180} INFO - Setting next_dagrun for example_short_circuit_decorator to None, run_after=None
[2024-11-15T05:15:56.200+0000] {processor.py:208} INFO - Processing /home/airflow/.local/lib/python3.12/site-packages/airflow/example_dags/example_short_circuit_decorator.py took 0.130 seconds
[2024-11-15T05:16:26.389+0000] {processor.py:186} INFO - Started process (PID=584) to work on /home/airflow/.local/lib/python3.12/site-packages/airflow/example_dags/example_short_circuit_decorator.py
[2024-11-15T05:16:26.390+0000] {processor.py:914} INFO - Processing file /home/airflow/.local/lib/python3.12/site-packages/airflow/example_dags/example_short_circuit_decorator.py for tasks to queue
[2024-11-15T05:16:26.393+0000] {logging_mixin.py:190} INFO - [2024-11-15T05:16:26.393+0000] {dagbag.py:588} INFO - Filling up the DagBag from /home/airflow/.local/lib/python3.12/site-packages/airflow/example_dags/example_short_circuit_decorator.py
[2024-11-15T05:16:26.402+0000] {processor.py:925} INFO - DAG(s) 'example_short_circuit_decorator' retrieved from /home/airflow/.local/lib/python3.12/site-packages/airflow/example_dags/example_short_circuit_decorator.py
[2024-11-15T05:16:26.426+0000] {logging_mixin.py:190} INFO - [2024-11-15T05:16:26.426+0000] {dag.py:3239} INFO - Sync 1 DAGs
[2024-11-15T05:16:26.440+0000] {logging_mixin.py:190} INFO - [2024-11-15T05:16:26.440+0000] {dag.py:4180} INFO - Setting next_dagrun for example_short_circuit_decorator to None, run_after=None
[2024-11-15T05:16:26.462+0000] {processor.py:208} INFO - Processing /home/airflow/.local/lib/python3.12/site-packages/airflow/example_dags/example_short_circuit_decorator.py took 0.081 seconds
[2024-11-15T05:16:57.690+0000] {processor.py:186} INFO - Started process (PID=648) to work on /home/airflow/.local/lib/python3.12/site-packages/airflow/example_dags/example_short_circuit_decorator.py
[2024-11-15T05:16:57.692+0000] {processor.py:914} INFO - Processing file /home/airflow/.local/lib/python3.12/site-packages/airflow/example_dags/example_short_circuit_decorator.py for tasks to queue
[2024-11-15T05:16:57.695+0000] {logging_mixin.py:190} INFO - [2024-11-15T05:16:57.694+0000] {dagbag.py:588} INFO - Filling up the DagBag from /home/airflow/.local/lib/python3.12/site-packages/airflow/example_dags/example_short_circuit_decorator.py
[2024-11-15T05:16:57.706+0000] {processor.py:925} INFO - DAG(s) 'example_short_circuit_decorator' retrieved from /home/airflow/.local/lib/python3.12/site-packages/airflow/example_dags/example_short_circuit_decorator.py
[2024-11-15T05:16:57.733+0000] {logging_mixin.py:190} INFO - [2024-11-15T05:16:57.733+0000] {dag.py:3239} INFO - Sync 1 DAGs
[2024-11-15T05:16:57.751+0000] {logging_mixin.py:190} INFO - [2024-11-15T05:16:57.751+0000] {dag.py:4180} INFO - Setting next_dagrun for example_short_circuit_decorator to None, run_after=None
[2024-11-15T05:16:57.777+0000] {processor.py:208} INFO - Processing /home/airflow/.local/lib/python3.12/site-packages/airflow/example_dags/example_short_circuit_decorator.py took 0.098 seconds
[2024-11-15T05:17:29.114+0000] {processor.py:186} INFO - Started process (PID=712) to work on /home/airflow/.local/lib/python3.12/site-packages/airflow/example_dags/example_short_circuit_decorator.py
[2024-11-15T05:17:29.116+0000] {processor.py:914} INFO - Processing file /home/airflow/.local/lib/python3.12/site-packages/airflow/example_dags/example_short_circuit_decorator.py for tasks to queue
[2024-11-15T05:17:29.118+0000] {logging_mixin.py:190} INFO - [2024-11-15T05:17:29.118+0000] {dagbag.py:588} INFO - Filling up the DagBag from /home/airflow/.local/lib/python3.12/site-packages/airflow/example_dags/example_short_circuit_decorator.py
[2024-11-15T05:17:29.129+0000] {processor.py:925} INFO - DAG(s) 'example_short_circuit_decorator' retrieved from /home/airflow/.local/lib/python3.12/site-packages/airflow/example_dags/example_short_circuit_decorator.py
[2024-11-15T05:17:29.162+0000] {logging_mixin.py:190} INFO - [2024-11-15T05:17:29.161+0000] {dag.py:3239} INFO - Sync 1 DAGs
[2024-11-15T05:17:29.182+0000] {logging_mixin.py:190} INFO - [2024-11-15T05:17:29.182+0000] {dag.py:4180} INFO - Setting next_dagrun for example_short_circuit_decorator to None, run_after=None
[2024-11-15T05:17:29.213+0000] {processor.py:208} INFO - Processing /home/airflow/.local/lib/python3.12/site-packages/airflow/example_dags/example_short_circuit_decorator.py took 0.109 seconds
[2024-11-15T05:18:00.241+0000] {processor.py:186} INFO - Started process (PID=776) to work on /home/airflow/.local/lib/python3.12/site-packages/airflow/example_dags/example_short_circuit_decorator.py
[2024-11-15T05:18:00.243+0000] {processor.py:914} INFO - Processing file /home/airflow/.local/lib/python3.12/site-packages/airflow/example_dags/example_short_circuit_decorator.py for tasks to queue
[2024-11-15T05:18:00.245+0000] {logging_mixin.py:190} INFO - [2024-11-15T05:18:00.245+0000] {dagbag.py:588} INFO - Filling up the DagBag from /home/airflow/.local/lib/python3.12/site-packages/airflow/example_dags/example_short_circuit_decorator.py
[2024-11-15T05:18:00.254+0000] {processor.py:925} INFO - DAG(s) 'example_short_circuit_decorator' retrieved from /home/airflow/.local/lib/python3.12/site-packages/airflow/example_dags/example_short_circuit_decorator.py
[2024-11-15T05:18:00.275+0000] {logging_mixin.py:190} INFO - [2024-11-15T05:18:00.275+0000] {dag.py:3239} INFO - Sync 1 DAGs
[2024-11-15T05:18:00.287+0000] {logging_mixin.py:190} INFO - [2024-11-15T05:18:00.287+0000] {dag.py:4180} INFO - Setting next_dagrun for example_short_circuit_decorator to None, run_after=None
[2024-11-15T05:18:00.310+0000] {processor.py:208} INFO - Processing /home/airflow/.local/lib/python3.12/site-packages/airflow/example_dags/example_short_circuit_decorator.py took 0.076 seconds
[2024-11-15T05:20:12.861+0000] {processor.py:186} INFO - Started process (PID=88) to work on /home/airflow/.local/lib/python3.12/site-packages/airflow/example_dags/example_short_circuit_decorator.py
[2024-11-15T05:20:12.863+0000] {processor.py:914} INFO - Processing file /home/airflow/.local/lib/python3.12/site-packages/airflow/example_dags/example_short_circuit_decorator.py for tasks to queue
[2024-11-15T05:20:12.866+0000] {logging_mixin.py:190} INFO - [2024-11-15T05:20:12.866+0000] {dagbag.py:588} INFO - Filling up the DagBag from /home/airflow/.local/lib/python3.12/site-packages/airflow/example_dags/example_short_circuit_decorator.py
[2024-11-15T05:20:12.883+0000] {processor.py:925} INFO - DAG(s) 'example_short_circuit_decorator' retrieved from /home/airflow/.local/lib/python3.12/site-packages/airflow/example_dags/example_short_circuit_decorator.py
[2024-11-15T05:20:13.067+0000] {logging_mixin.py:190} INFO - [2024-11-15T05:20:13.066+0000] {override.py:1911} INFO - Created Permission View: can delete on DAG:example_short_circuit_decorator
[2024-11-15T05:20:13.084+0000] {logging_mixin.py:190} INFO - [2024-11-15T05:20:13.083+0000] {override.py:1911} INFO - Created Permission View: can edit on DAG:example_short_circuit_decorator
[2024-11-15T05:20:13.095+0000] {logging_mixin.py:190} INFO - [2024-11-15T05:20:13.095+0000] {override.py:1911} INFO - Created Permission View: can read on DAG:example_short_circuit_decorator
[2024-11-15T05:20:13.110+0000] {logging_mixin.py:190} INFO - [2024-11-15T05:20:13.109+0000] {override.py:1911} INFO - Created Permission View: can delete on DAG Run:example_short_circuit_decorator
[2024-11-15T05:20:13.121+0000] {logging_mixin.py:190} INFO - [2024-11-15T05:20:13.121+0000] {override.py:1911} INFO - Created Permission View: can read on DAG Run:example_short_circuit_decorator
[2024-11-15T05:20:13.132+0000] {logging_mixin.py:190} INFO - [2024-11-15T05:20:13.132+0000] {override.py:1911} INFO - Created Permission View: can create on DAG Run:example_short_circuit_decorator
[2024-11-15T05:20:13.143+0000] {logging_mixin.py:190} INFO - [2024-11-15T05:20:13.143+0000] {override.py:1911} INFO - Created Permission View: menu access on DAG Run:example_short_circuit_decorator
[2024-11-15T05:20:13.144+0000] {logging_mixin.py:190} INFO - [2024-11-15T05:20:13.144+0000] {dag.py:3239} INFO - Sync 1 DAGs
[2024-11-15T05:20:13.163+0000] {logging_mixin.py:190} INFO - [2024-11-15T05:20:13.163+0000] {dag.py:3262} INFO - Creating ORM DAG for example_short_circuit_decorator
[2024-11-15T05:20:13.164+0000] {logging_mixin.py:190} INFO - [2024-11-15T05:20:13.164+0000] {dag.py:4180} INFO - Setting next_dagrun for example_short_circuit_decorator to None, run_after=None
[2024-11-15T05:20:13.195+0000] {processor.py:208} INFO - Processing /home/airflow/.local/lib/python3.12/site-packages/airflow/example_dags/example_short_circuit_decorator.py took 0.344 seconds
[2024-11-15T05:20:43.944+0000] {processor.py:186} INFO - Started process (PID=152) to work on /home/airflow/.local/lib/python3.12/site-packages/airflow/example_dags/example_short_circuit_decorator.py
[2024-11-15T05:20:43.946+0000] {processor.py:914} INFO - Processing file /home/airflow/.local/lib/python3.12/site-packages/airflow/example_dags/example_short_circuit_decorator.py for tasks to queue
[2024-11-15T05:20:43.950+0000] {logging_mixin.py:190} INFO - [2024-11-15T05:20:43.949+0000] {dagbag.py:588} INFO - Filling up the DagBag from /home/airflow/.local/lib/python3.12/site-packages/airflow/example_dags/example_short_circuit_decorator.py
[2024-11-15T05:20:43.967+0000] {processor.py:925} INFO - DAG(s) 'example_short_circuit_decorator' retrieved from /home/airflow/.local/lib/python3.12/site-packages/airflow/example_dags/example_short_circuit_decorator.py
[2024-11-15T05:20:44.005+0000] {logging_mixin.py:190} INFO - [2024-11-15T05:20:44.004+0000] {dag.py:3239} INFO - Sync 1 DAGs
[2024-11-15T05:20:44.034+0000] {logging_mixin.py:190} INFO - [2024-11-15T05:20:44.033+0000] {dag.py:4180} INFO - Setting next_dagrun for example_short_circuit_decorator to None, run_after=None
[2024-11-15T05:20:44.076+0000] {processor.py:208} INFO - Processing /home/airflow/.local/lib/python3.12/site-packages/airflow/example_dags/example_short_circuit_decorator.py took 0.142 seconds
[2024-11-15T05:21:14.929+0000] {processor.py:186} INFO - Started process (PID=216) to work on /home/airflow/.local/lib/python3.12/site-packages/airflow/example_dags/example_short_circuit_decorator.py
[2024-11-15T05:21:14.931+0000] {processor.py:914} INFO - Processing file /home/airflow/.local/lib/python3.12/site-packages/airflow/example_dags/example_short_circuit_decorator.py for tasks to queue
[2024-11-15T05:21:14.933+0000] {logging_mixin.py:190} INFO - [2024-11-15T05:21:14.933+0000] {dagbag.py:588} INFO - Filling up the DagBag from /home/airflow/.local/lib/python3.12/site-packages/airflow/example_dags/example_short_circuit_decorator.py
[2024-11-15T05:21:14.945+0000] {processor.py:925} INFO - DAG(s) 'example_short_circuit_decorator' retrieved from /home/airflow/.local/lib/python3.12/site-packages/airflow/example_dags/example_short_circuit_decorator.py
[2024-11-15T05:21:14.969+0000] {logging_mixin.py:190} INFO - [2024-11-15T05:21:14.968+0000] {dag.py:3239} INFO - Sync 1 DAGs
[2024-11-15T05:21:14.986+0000] {logging_mixin.py:190} INFO - [2024-11-15T05:21:14.986+0000] {dag.py:4180} INFO - Setting next_dagrun for example_short_circuit_decorator to None, run_after=None
[2024-11-15T05:21:15.015+0000] {processor.py:208} INFO - Processing /home/airflow/.local/lib/python3.12/site-packages/airflow/example_dags/example_short_circuit_decorator.py took 0.093 seconds
[2024-11-15T05:21:45.473+0000] {processor.py:186} INFO - Started process (PID=279) to work on /home/airflow/.local/lib/python3.12/site-packages/airflow/example_dags/example_short_circuit_decorator.py
[2024-11-15T05:21:45.474+0000] {processor.py:914} INFO - Processing file /home/airflow/.local/lib/python3.12/site-packages/airflow/example_dags/example_short_circuit_decorator.py for tasks to queue
[2024-11-15T05:21:45.476+0000] {logging_mixin.py:190} INFO - [2024-11-15T05:21:45.476+0000] {dagbag.py:588} INFO - Filling up the DagBag from /home/airflow/.local/lib/python3.12/site-packages/airflow/example_dags/example_short_circuit_decorator.py
[2024-11-15T05:21:45.485+0000] {processor.py:925} INFO - DAG(s) 'example_short_circuit_decorator' retrieved from /home/airflow/.local/lib/python3.12/site-packages/airflow/example_dags/example_short_circuit_decorator.py
[2024-11-15T05:21:45.507+0000] {logging_mixin.py:190} INFO - [2024-11-15T05:21:45.507+0000] {dag.py:3239} INFO - Sync 1 DAGs
[2024-11-15T05:21:45.520+0000] {logging_mixin.py:190} INFO - [2024-11-15T05:21:45.519+0000] {dag.py:4180} INFO - Setting next_dagrun for example_short_circuit_decorator to None, run_after=None
[2024-11-15T05:21:45.545+0000] {processor.py:208} INFO - Processing /home/airflow/.local/lib/python3.12/site-packages/airflow/example_dags/example_short_circuit_decorator.py took 0.078 seconds
[2024-11-15T05:22:16.436+0000] {processor.py:186} INFO - Started process (PID=343) to work on /home/airflow/.local/lib/python3.12/site-packages/airflow/example_dags/example_short_circuit_decorator.py
[2024-11-15T05:22:16.437+0000] {processor.py:914} INFO - Processing file /home/airflow/.local/lib/python3.12/site-packages/airflow/example_dags/example_short_circuit_decorator.py for tasks to queue
[2024-11-15T05:22:16.441+0000] {logging_mixin.py:190} INFO - [2024-11-15T05:22:16.441+0000] {dagbag.py:588} INFO - Filling up the DagBag from /home/airflow/.local/lib/python3.12/site-packages/airflow/example_dags/example_short_circuit_decorator.py
[2024-11-15T05:22:16.452+0000] {processor.py:925} INFO - DAG(s) 'example_short_circuit_decorator' retrieved from /home/airflow/.local/lib/python3.12/site-packages/airflow/example_dags/example_short_circuit_decorator.py
[2024-11-15T05:22:16.473+0000] {logging_mixin.py:190} INFO - [2024-11-15T05:22:16.473+0000] {dag.py:3239} INFO - Sync 1 DAGs
[2024-11-15T05:22:16.485+0000] {logging_mixin.py:190} INFO - [2024-11-15T05:22:16.485+0000] {dag.py:4180} INFO - Setting next_dagrun for example_short_circuit_decorator to None, run_after=None
[2024-11-15T05:22:16.507+0000] {processor.py:208} INFO - Processing /home/airflow/.local/lib/python3.12/site-packages/airflow/example_dags/example_short_circuit_decorator.py took 0.079 seconds
[2024-11-15T05:22:46.843+0000] {processor.py:186} INFO - Started process (PID=407) to work on /home/airflow/.local/lib/python3.12/site-packages/airflow/example_dags/example_short_circuit_decorator.py
[2024-11-15T05:22:46.844+0000] {processor.py:914} INFO - Processing file /home/airflow/.local/lib/python3.12/site-packages/airflow/example_dags/example_short_circuit_decorator.py for tasks to queue
[2024-11-15T05:22:46.847+0000] {logging_mixin.py:190} INFO - [2024-11-15T05:22:46.846+0000] {dagbag.py:588} INFO - Filling up the DagBag from /home/airflow/.local/lib/python3.12/site-packages/airflow/example_dags/example_short_circuit_decorator.py
[2024-11-15T05:22:46.859+0000] {processor.py:925} INFO - DAG(s) 'example_short_circuit_decorator' retrieved from /home/airflow/.local/lib/python3.12/site-packages/airflow/example_dags/example_short_circuit_decorator.py
[2024-11-15T05:22:46.887+0000] {logging_mixin.py:190} INFO - [2024-11-15T05:22:46.887+0000] {dag.py:3239} INFO - Sync 1 DAGs
[2024-11-15T05:22:46.903+0000] {logging_mixin.py:190} INFO - [2024-11-15T05:22:46.902+0000] {dag.py:4180} INFO - Setting next_dagrun for example_short_circuit_decorator to None, run_after=None
[2024-11-15T05:22:46.935+0000] {processor.py:208} INFO - Processing /home/airflow/.local/lib/python3.12/site-packages/airflow/example_dags/example_short_circuit_decorator.py took 0.100 seconds
