[2024-11-15T05:12:43.155+0000] {processor.py:186} INFO - Started process (PID=64) to work on /home/airflow/.local/lib/python3.12/site-packages/airflow/example_dags/example_trigger_target_dag.py
[2024-11-15T05:12:43.156+0000] {processor.py:914} INFO - Processing file /home/airflow/.local/lib/python3.12/site-packages/airflow/example_dags/example_trigger_target_dag.py for tasks to queue
[2024-11-15T05:12:43.161+0000] {logging_mixin.py:190} INFO - [2024-11-15T05:12:43.161+0000] {dagbag.py:588} INFO - Filling up the DagBag from /home/airflow/.local/lib/python3.12/site-packages/airflow/example_dags/example_trigger_target_dag.py
[2024-11-15T05:12:43.173+0000] {processor.py:925} INFO - DAG(s) 'example_trigger_target_dag' retrieved from /home/airflow/.local/lib/python3.12/site-packages/airflow/example_dags/example_trigger_target_dag.py
[2024-11-15T05:12:43.377+0000] {logging_mixin.py:190} INFO - [2024-11-15T05:12:43.376+0000] {override.py:1911} INFO - Created Permission View: can delete on DAG:example_trigger_target_dag
[2024-11-15T05:12:43.401+0000] {logging_mixin.py:190} INFO - [2024-11-15T05:12:43.400+0000] {override.py:1911} INFO - Created Permission View: can edit on DAG:example_trigger_target_dag
[2024-11-15T05:12:43.415+0000] {logging_mixin.py:190} INFO - [2024-11-15T05:12:43.414+0000] {override.py:1911} INFO - Created Permission View: can read on DAG:example_trigger_target_dag
[2024-11-15T05:12:43.433+0000] {logging_mixin.py:190} INFO - [2024-11-15T05:12:43.432+0000] {override.py:1911} INFO - Created Permission View: can create on DAG Run:example_trigger_target_dag
[2024-11-15T05:12:43.449+0000] {logging_mixin.py:190} INFO - [2024-11-15T05:12:43.448+0000] {override.py:1911} INFO - Created Permission View: can delete on DAG Run:example_trigger_target_dag
[2024-11-15T05:12:43.466+0000] {logging_mixin.py:190} INFO - [2024-11-15T05:12:43.465+0000] {override.py:1911} INFO - Created Permission View: menu access on DAG Run:example_trigger_target_dag
[2024-11-15T05:12:43.481+0000] {logging_mixin.py:190} INFO - [2024-11-15T05:12:43.480+0000] {override.py:1911} INFO - Created Permission View: can read on DAG Run:example_trigger_target_dag
[2024-11-15T05:12:43.483+0000] {logging_mixin.py:190} INFO - [2024-11-15T05:12:43.483+0000] {dag.py:3239} INFO - Sync 1 DAGs
[2024-11-15T05:12:43.505+0000] {logging_mixin.py:190} INFO - [2024-11-15T05:12:43.504+0000] {dag.py:3262} INFO - Creating ORM DAG for example_trigger_target_dag
[2024-11-15T05:12:43.506+0000] {logging_mixin.py:190} INFO - [2024-11-15T05:12:43.506+0000] {dag.py:4180} INFO - Setting next_dagrun for example_trigger_target_dag to None, run_after=None
[2024-11-15T05:12:43.534+0000] {processor.py:208} INFO - Processing /home/airflow/.local/lib/python3.12/site-packages/airflow/example_dags/example_trigger_target_dag.py took 0.387 seconds
[2024-11-15T05:13:14.266+0000] {processor.py:186} INFO - Started process (PID=128) to work on /home/airflow/.local/lib/python3.12/site-packages/airflow/example_dags/example_trigger_target_dag.py
[2024-11-15T05:13:14.268+0000] {processor.py:914} INFO - Processing file /home/airflow/.local/lib/python3.12/site-packages/airflow/example_dags/example_trigger_target_dag.py for tasks to queue
[2024-11-15T05:13:14.271+0000] {logging_mixin.py:190} INFO - [2024-11-15T05:13:14.271+0000] {dagbag.py:588} INFO - Filling up the DagBag from /home/airflow/.local/lib/python3.12/site-packages/airflow/example_dags/example_trigger_target_dag.py
[2024-11-15T05:13:14.281+0000] {processor.py:925} INFO - DAG(s) 'example_trigger_target_dag' retrieved from /home/airflow/.local/lib/python3.12/site-packages/airflow/example_dags/example_trigger_target_dag.py
[2024-11-15T05:13:14.306+0000] {logging_mixin.py:190} INFO - [2024-11-15T05:13:14.305+0000] {dag.py:3239} INFO - Sync 1 DAGs
[2024-11-15T05:13:14.327+0000] {logging_mixin.py:190} INFO - [2024-11-15T05:13:14.327+0000] {dag.py:4180} INFO - Setting next_dagrun for example_trigger_target_dag to None, run_after=None
[2024-11-15T05:13:14.354+0000] {processor.py:208} INFO - Processing /home/airflow/.local/lib/python3.12/site-packages/airflow/example_dags/example_trigger_target_dag.py took 0.096 seconds
[2024-11-15T05:13:45.684+0000] {processor.py:186} INFO - Started process (PID=201) to work on /home/airflow/.local/lib/python3.12/site-packages/airflow/example_dags/example_trigger_target_dag.py
[2024-11-15T05:13:45.695+0000] {processor.py:914} INFO - Processing file /home/airflow/.local/lib/python3.12/site-packages/airflow/example_dags/example_trigger_target_dag.py for tasks to queue
[2024-11-15T05:13:45.698+0000] {logging_mixin.py:190} INFO - [2024-11-15T05:13:45.698+0000] {dagbag.py:588} INFO - Filling up the DagBag from /home/airflow/.local/lib/python3.12/site-packages/airflow/example_dags/example_trigger_target_dag.py
[2024-11-15T05:13:45.708+0000] {processor.py:925} INFO - DAG(s) 'example_trigger_target_dag' retrieved from /home/airflow/.local/lib/python3.12/site-packages/airflow/example_dags/example_trigger_target_dag.py
[2024-11-15T05:13:45.735+0000] {logging_mixin.py:190} INFO - [2024-11-15T05:13:45.735+0000] {dag.py:3239} INFO - Sync 1 DAGs
[2024-11-15T05:13:45.757+0000] {logging_mixin.py:190} INFO - [2024-11-15T05:13:45.757+0000] {dag.py:4180} INFO - Setting next_dagrun for example_trigger_target_dag to None, run_after=None
[2024-11-15T05:13:45.782+0000] {processor.py:208} INFO - Processing /home/airflow/.local/lib/python3.12/site-packages/airflow/example_dags/example_trigger_target_dag.py took 0.106 seconds
[2024-11-15T05:14:17.155+0000] {processor.py:186} INFO - Started process (PID=265) to work on /home/airflow/.local/lib/python3.12/site-packages/airflow/example_dags/example_trigger_target_dag.py
[2024-11-15T05:14:17.157+0000] {processor.py:914} INFO - Processing file /home/airflow/.local/lib/python3.12/site-packages/airflow/example_dags/example_trigger_target_dag.py for tasks to queue
[2024-11-15T05:14:17.160+0000] {logging_mixin.py:190} INFO - [2024-11-15T05:14:17.159+0000] {dagbag.py:588} INFO - Filling up the DagBag from /home/airflow/.local/lib/python3.12/site-packages/airflow/example_dags/example_trigger_target_dag.py
[2024-11-15T05:14:17.172+0000] {processor.py:925} INFO - DAG(s) 'example_trigger_target_dag' retrieved from /home/airflow/.local/lib/python3.12/site-packages/airflow/example_dags/example_trigger_target_dag.py
[2024-11-15T05:14:17.202+0000] {logging_mixin.py:190} INFO - [2024-11-15T05:14:17.202+0000] {dag.py:3239} INFO - Sync 1 DAGs
[2024-11-15T05:14:17.224+0000] {logging_mixin.py:190} INFO - [2024-11-15T05:14:17.223+0000] {dag.py:4180} INFO - Setting next_dagrun for example_trigger_target_dag to None, run_after=None
[2024-11-15T05:14:17.258+0000] {processor.py:208} INFO - Processing /home/airflow/.local/lib/python3.12/site-packages/airflow/example_dags/example_trigger_target_dag.py took 0.110 seconds
[2024-11-15T05:14:47.952+0000] {processor.py:186} INFO - Started process (PID=329) to work on /home/airflow/.local/lib/python3.12/site-packages/airflow/example_dags/example_trigger_target_dag.py
[2024-11-15T05:14:47.954+0000] {processor.py:914} INFO - Processing file /home/airflow/.local/lib/python3.12/site-packages/airflow/example_dags/example_trigger_target_dag.py for tasks to queue
[2024-11-15T05:14:47.956+0000] {logging_mixin.py:190} INFO - [2024-11-15T05:14:47.956+0000] {dagbag.py:588} INFO - Filling up the DagBag from /home/airflow/.local/lib/python3.12/site-packages/airflow/example_dags/example_trigger_target_dag.py
[2024-11-15T05:14:47.964+0000] {processor.py:925} INFO - DAG(s) 'example_trigger_target_dag' retrieved from /home/airflow/.local/lib/python3.12/site-packages/airflow/example_dags/example_trigger_target_dag.py
[2024-11-15T05:14:47.984+0000] {logging_mixin.py:190} INFO - [2024-11-15T05:14:47.984+0000] {dag.py:3239} INFO - Sync 1 DAGs
[2024-11-15T05:14:48.002+0000] {logging_mixin.py:190} INFO - [2024-11-15T05:14:48.001+0000] {dag.py:4180} INFO - Setting next_dagrun for example_trigger_target_dag to None, run_after=None
[2024-11-15T05:14:48.028+0000] {processor.py:208} INFO - Processing /home/airflow/.local/lib/python3.12/site-packages/airflow/example_dags/example_trigger_target_dag.py took 0.082 seconds
[2024-11-15T05:15:19.324+0000] {processor.py:186} INFO - Started process (PID=420) to work on /home/airflow/.local/lib/python3.12/site-packages/airflow/example_dags/example_trigger_target_dag.py
[2024-11-15T05:15:19.326+0000] {processor.py:914} INFO - Processing file /home/airflow/.local/lib/python3.12/site-packages/airflow/example_dags/example_trigger_target_dag.py for tasks to queue
[2024-11-15T05:15:19.329+0000] {logging_mixin.py:190} INFO - [2024-11-15T05:15:19.329+0000] {dagbag.py:588} INFO - Filling up the DagBag from /home/airflow/.local/lib/python3.12/site-packages/airflow/example_dags/example_trigger_target_dag.py
[2024-11-15T05:15:19.339+0000] {processor.py:925} INFO - DAG(s) 'example_trigger_target_dag' retrieved from /home/airflow/.local/lib/python3.12/site-packages/airflow/example_dags/example_trigger_target_dag.py
[2024-11-15T05:15:19.362+0000] {logging_mixin.py:190} INFO - [2024-11-15T05:15:19.362+0000] {dag.py:3239} INFO - Sync 1 DAGs
[2024-11-15T05:15:19.379+0000] {logging_mixin.py:190} INFO - [2024-11-15T05:15:19.379+0000] {dag.py:4180} INFO - Setting next_dagrun for example_trigger_target_dag to None, run_after=None
[2024-11-15T05:15:19.404+0000] {processor.py:208} INFO - Processing /home/airflow/.local/lib/python3.12/site-packages/airflow/example_dags/example_trigger_target_dag.py took 0.090 seconds
[2024-11-15T05:15:51.081+0000] {processor.py:186} INFO - Started process (PID=496) to work on /home/airflow/.local/lib/python3.12/site-packages/airflow/example_dags/example_trigger_target_dag.py
[2024-11-15T05:15:51.083+0000] {processor.py:914} INFO - Processing file /home/airflow/.local/lib/python3.12/site-packages/airflow/example_dags/example_trigger_target_dag.py for tasks to queue
[2024-11-15T05:15:51.088+0000] {logging_mixin.py:190} INFO - [2024-11-15T05:15:51.087+0000] {dagbag.py:588} INFO - Filling up the DagBag from /home/airflow/.local/lib/python3.12/site-packages/airflow/example_dags/example_trigger_target_dag.py
[2024-11-15T05:15:51.098+0000] {processor.py:925} INFO - DAG(s) 'example_trigger_target_dag' retrieved from /home/airflow/.local/lib/python3.12/site-packages/airflow/example_dags/example_trigger_target_dag.py
[2024-11-15T05:15:51.134+0000] {logging_mixin.py:190} INFO - [2024-11-15T05:15:51.134+0000] {dag.py:3239} INFO - Sync 1 DAGs
[2024-11-15T05:15:51.156+0000] {logging_mixin.py:190} INFO - [2024-11-15T05:15:51.156+0000] {dag.py:4180} INFO - Setting next_dagrun for example_trigger_target_dag to None, run_after=None
[2024-11-15T05:15:51.189+0000] {processor.py:208} INFO - Processing /home/airflow/.local/lib/python3.12/site-packages/airflow/example_dags/example_trigger_target_dag.py took 0.121 seconds
[2024-11-15T05:16:22.183+0000] {processor.py:186} INFO - Started process (PID=560) to work on /home/airflow/.local/lib/python3.12/site-packages/airflow/example_dags/example_trigger_target_dag.py
[2024-11-15T05:16:22.184+0000] {processor.py:914} INFO - Processing file /home/airflow/.local/lib/python3.12/site-packages/airflow/example_dags/example_trigger_target_dag.py for tasks to queue
[2024-11-15T05:16:22.187+0000] {logging_mixin.py:190} INFO - [2024-11-15T05:16:22.186+0000] {dagbag.py:588} INFO - Filling up the DagBag from /home/airflow/.local/lib/python3.12/site-packages/airflow/example_dags/example_trigger_target_dag.py
[2024-11-15T05:16:22.194+0000] {processor.py:925} INFO - DAG(s) 'example_trigger_target_dag' retrieved from /home/airflow/.local/lib/python3.12/site-packages/airflow/example_dags/example_trigger_target_dag.py
[2024-11-15T05:16:22.216+0000] {logging_mixin.py:190} INFO - [2024-11-15T05:16:22.215+0000] {dag.py:3239} INFO - Sync 1 DAGs
[2024-11-15T05:16:22.236+0000] {logging_mixin.py:190} INFO - [2024-11-15T05:16:22.236+0000] {dag.py:4180} INFO - Setting next_dagrun for example_trigger_target_dag to None, run_after=None
[2024-11-15T05:16:22.259+0000] {processor.py:208} INFO - Processing /home/airflow/.local/lib/python3.12/site-packages/airflow/example_dags/example_trigger_target_dag.py took 0.084 seconds
[2024-11-15T05:16:53.079+0000] {processor.py:186} INFO - Started process (PID=624) to work on /home/airflow/.local/lib/python3.12/site-packages/airflow/example_dags/example_trigger_target_dag.py
[2024-11-15T05:16:53.081+0000] {processor.py:914} INFO - Processing file /home/airflow/.local/lib/python3.12/site-packages/airflow/example_dags/example_trigger_target_dag.py for tasks to queue
[2024-11-15T05:16:53.083+0000] {logging_mixin.py:190} INFO - [2024-11-15T05:16:53.083+0000] {dagbag.py:588} INFO - Filling up the DagBag from /home/airflow/.local/lib/python3.12/site-packages/airflow/example_dags/example_trigger_target_dag.py
[2024-11-15T05:16:53.091+0000] {processor.py:925} INFO - DAG(s) 'example_trigger_target_dag' retrieved from /home/airflow/.local/lib/python3.12/site-packages/airflow/example_dags/example_trigger_target_dag.py
[2024-11-15T05:16:53.109+0000] {logging_mixin.py:190} INFO - [2024-11-15T05:16:53.109+0000] {dag.py:3239} INFO - Sync 1 DAGs
[2024-11-15T05:16:53.124+0000] {logging_mixin.py:190} INFO - [2024-11-15T05:16:53.124+0000] {dag.py:4180} INFO - Setting next_dagrun for example_trigger_target_dag to None, run_after=None
[2024-11-15T05:16:53.152+0000] {processor.py:208} INFO - Processing /home/airflow/.local/lib/python3.12/site-packages/airflow/example_dags/example_trigger_target_dag.py took 0.081 seconds
[2024-11-15T05:17:24.498+0000] {processor.py:186} INFO - Started process (PID=688) to work on /home/airflow/.local/lib/python3.12/site-packages/airflow/example_dags/example_trigger_target_dag.py
[2024-11-15T05:17:24.499+0000] {processor.py:914} INFO - Processing file /home/airflow/.local/lib/python3.12/site-packages/airflow/example_dags/example_trigger_target_dag.py for tasks to queue
[2024-11-15T05:17:24.501+0000] {logging_mixin.py:190} INFO - [2024-11-15T05:17:24.501+0000] {dagbag.py:588} INFO - Filling up the DagBag from /home/airflow/.local/lib/python3.12/site-packages/airflow/example_dags/example_trigger_target_dag.py
[2024-11-15T05:17:24.508+0000] {processor.py:925} INFO - DAG(s) 'example_trigger_target_dag' retrieved from /home/airflow/.local/lib/python3.12/site-packages/airflow/example_dags/example_trigger_target_dag.py
[2024-11-15T05:17:24.528+0000] {logging_mixin.py:190} INFO - [2024-11-15T05:17:24.527+0000] {dag.py:3239} INFO - Sync 1 DAGs
[2024-11-15T05:17:24.543+0000] {logging_mixin.py:190} INFO - [2024-11-15T05:17:24.543+0000] {dag.py:4180} INFO - Setting next_dagrun for example_trigger_target_dag to None, run_after=None
[2024-11-15T05:17:24.563+0000] {processor.py:208} INFO - Processing /home/airflow/.local/lib/python3.12/site-packages/airflow/example_dags/example_trigger_target_dag.py took 0.073 seconds
[2024-11-15T05:17:55.875+0000] {processor.py:186} INFO - Started process (PID=752) to work on /home/airflow/.local/lib/python3.12/site-packages/airflow/example_dags/example_trigger_target_dag.py
[2024-11-15T05:17:55.876+0000] {processor.py:914} INFO - Processing file /home/airflow/.local/lib/python3.12/site-packages/airflow/example_dags/example_trigger_target_dag.py for tasks to queue
[2024-11-15T05:17:55.879+0000] {logging_mixin.py:190} INFO - [2024-11-15T05:17:55.878+0000] {dagbag.py:588} INFO - Filling up the DagBag from /home/airflow/.local/lib/python3.12/site-packages/airflow/example_dags/example_trigger_target_dag.py
[2024-11-15T05:17:55.886+0000] {processor.py:925} INFO - DAG(s) 'example_trigger_target_dag' retrieved from /home/airflow/.local/lib/python3.12/site-packages/airflow/example_dags/example_trigger_target_dag.py
[2024-11-15T05:17:55.905+0000] {logging_mixin.py:190} INFO - [2024-11-15T05:17:55.904+0000] {dag.py:3239} INFO - Sync 1 DAGs
[2024-11-15T05:17:55.918+0000] {logging_mixin.py:190} INFO - [2024-11-15T05:17:55.918+0000] {dag.py:4180} INFO - Setting next_dagrun for example_trigger_target_dag to None, run_after=None
[2024-11-15T05:17:55.940+0000] {processor.py:208} INFO - Processing /home/airflow/.local/lib/python3.12/site-packages/airflow/example_dags/example_trigger_target_dag.py took 0.073 seconds
[2024-11-15T05:20:06.366+0000] {processor.py:186} INFO - Started process (PID=64) to work on /home/airflow/.local/lib/python3.12/site-packages/airflow/example_dags/example_trigger_target_dag.py
[2024-11-15T05:20:06.368+0000] {processor.py:914} INFO - Processing file /home/airflow/.local/lib/python3.12/site-packages/airflow/example_dags/example_trigger_target_dag.py for tasks to queue
[2024-11-15T05:20:06.374+0000] {logging_mixin.py:190} INFO - [2024-11-15T05:20:06.372+0000] {dagbag.py:588} INFO - Filling up the DagBag from /home/airflow/.local/lib/python3.12/site-packages/airflow/example_dags/example_trigger_target_dag.py
[2024-11-15T05:20:06.387+0000] {processor.py:925} INFO - DAG(s) 'example_trigger_target_dag' retrieved from /home/airflow/.local/lib/python3.12/site-packages/airflow/example_dags/example_trigger_target_dag.py
[2024-11-15T05:20:06.602+0000] {logging_mixin.py:190} INFO - [2024-11-15T05:20:06.601+0000] {override.py:1911} INFO - Created Permission View: can delete on DAG:example_trigger_target_dag
[2024-11-15T05:20:06.619+0000] {logging_mixin.py:190} INFO - [2024-11-15T05:20:06.619+0000] {override.py:1911} INFO - Created Permission View: can edit on DAG:example_trigger_target_dag
[2024-11-15T05:20:06.631+0000] {logging_mixin.py:190} INFO - [2024-11-15T05:20:06.631+0000] {override.py:1911} INFO - Created Permission View: can read on DAG:example_trigger_target_dag
[2024-11-15T05:20:06.651+0000] {logging_mixin.py:190} INFO - [2024-11-15T05:20:06.650+0000] {override.py:1911} INFO - Created Permission View: can delete on DAG Run:example_trigger_target_dag
[2024-11-15T05:20:06.668+0000] {logging_mixin.py:190} INFO - [2024-11-15T05:20:06.668+0000] {override.py:1911} INFO - Created Permission View: can read on DAG Run:example_trigger_target_dag
[2024-11-15T05:20:06.683+0000] {logging_mixin.py:190} INFO - [2024-11-15T05:20:06.682+0000] {override.py:1911} INFO - Created Permission View: can create on DAG Run:example_trigger_target_dag
[2024-11-15T05:20:06.697+0000] {logging_mixin.py:190} INFO - [2024-11-15T05:20:06.696+0000] {override.py:1911} INFO - Created Permission View: menu access on DAG Run:example_trigger_target_dag
[2024-11-15T05:20:06.698+0000] {logging_mixin.py:190} INFO - [2024-11-15T05:20:06.698+0000] {dag.py:3239} INFO - Sync 1 DAGs
[2024-11-15T05:20:06.717+0000] {logging_mixin.py:190} INFO - [2024-11-15T05:20:06.716+0000] {dag.py:3262} INFO - Creating ORM DAG for example_trigger_target_dag
[2024-11-15T05:20:06.719+0000] {logging_mixin.py:190} INFO - [2024-11-15T05:20:06.718+0000] {dag.py:4180} INFO - Setting next_dagrun for example_trigger_target_dag to None, run_after=None
[2024-11-15T05:20:06.751+0000] {processor.py:208} INFO - Processing /home/airflow/.local/lib/python3.12/site-packages/airflow/example_dags/example_trigger_target_dag.py took 0.401 seconds
[2024-11-15T05:20:37.010+0000] {processor.py:186} INFO - Started process (PID=128) to work on /home/airflow/.local/lib/python3.12/site-packages/airflow/example_dags/example_trigger_target_dag.py
[2024-11-15T05:20:37.011+0000] {processor.py:914} INFO - Processing file /home/airflow/.local/lib/python3.12/site-packages/airflow/example_dags/example_trigger_target_dag.py for tasks to queue
[2024-11-15T05:20:37.015+0000] {logging_mixin.py:190} INFO - [2024-11-15T05:20:37.015+0000] {dagbag.py:588} INFO - Filling up the DagBag from /home/airflow/.local/lib/python3.12/site-packages/airflow/example_dags/example_trigger_target_dag.py
[2024-11-15T05:20:37.025+0000] {processor.py:925} INFO - DAG(s) 'example_trigger_target_dag' retrieved from /home/airflow/.local/lib/python3.12/site-packages/airflow/example_dags/example_trigger_target_dag.py
[2024-11-15T05:20:37.051+0000] {logging_mixin.py:190} INFO - [2024-11-15T05:20:37.051+0000] {dag.py:3239} INFO - Sync 1 DAGs
[2024-11-15T05:20:37.069+0000] {logging_mixin.py:190} INFO - [2024-11-15T05:20:37.069+0000] {dag.py:4180} INFO - Setting next_dagrun for example_trigger_target_dag to None, run_after=None
[2024-11-15T05:20:37.120+0000] {processor.py:208} INFO - Processing /home/airflow/.local/lib/python3.12/site-packages/airflow/example_dags/example_trigger_target_dag.py took 0.118 seconds
[2024-11-15T05:21:07.759+0000] {processor.py:186} INFO - Started process (PID=192) to work on /home/airflow/.local/lib/python3.12/site-packages/airflow/example_dags/example_trigger_target_dag.py
[2024-11-15T05:21:07.761+0000] {processor.py:914} INFO - Processing file /home/airflow/.local/lib/python3.12/site-packages/airflow/example_dags/example_trigger_target_dag.py for tasks to queue
[2024-11-15T05:21:07.764+0000] {logging_mixin.py:190} INFO - [2024-11-15T05:21:07.764+0000] {dagbag.py:588} INFO - Filling up the DagBag from /home/airflow/.local/lib/python3.12/site-packages/airflow/example_dags/example_trigger_target_dag.py
[2024-11-15T05:21:07.776+0000] {processor.py:925} INFO - DAG(s) 'example_trigger_target_dag' retrieved from /home/airflow/.local/lib/python3.12/site-packages/airflow/example_dags/example_trigger_target_dag.py
[2024-11-15T05:21:07.805+0000] {logging_mixin.py:190} INFO - [2024-11-15T05:21:07.805+0000] {dag.py:3239} INFO - Sync 1 DAGs
[2024-11-15T05:21:07.828+0000] {logging_mixin.py:190} INFO - [2024-11-15T05:21:07.827+0000] {dag.py:4180} INFO - Setting next_dagrun for example_trigger_target_dag to None, run_after=None
[2024-11-15T05:21:07.859+0000] {processor.py:208} INFO - Processing /home/airflow/.local/lib/python3.12/site-packages/airflow/example_dags/example_trigger_target_dag.py took 0.109 seconds
[2024-11-15T05:21:38.684+0000] {processor.py:186} INFO - Started process (PID=256) to work on /home/airflow/.local/lib/python3.12/site-packages/airflow/example_dags/example_trigger_target_dag.py
[2024-11-15T05:21:38.685+0000] {processor.py:914} INFO - Processing file /home/airflow/.local/lib/python3.12/site-packages/airflow/example_dags/example_trigger_target_dag.py for tasks to queue
[2024-11-15T05:21:38.687+0000] {logging_mixin.py:190} INFO - [2024-11-15T05:21:38.687+0000] {dagbag.py:588} INFO - Filling up the DagBag from /home/airflow/.local/lib/python3.12/site-packages/airflow/example_dags/example_trigger_target_dag.py
[2024-11-15T05:21:38.696+0000] {processor.py:925} INFO - DAG(s) 'example_trigger_target_dag' retrieved from /home/airflow/.local/lib/python3.12/site-packages/airflow/example_dags/example_trigger_target_dag.py
[2024-11-15T05:21:38.715+0000] {logging_mixin.py:190} INFO - [2024-11-15T05:21:38.715+0000] {dag.py:3239} INFO - Sync 1 DAGs
[2024-11-15T05:21:38.730+0000] {logging_mixin.py:190} INFO - [2024-11-15T05:21:38.729+0000] {dag.py:4180} INFO - Setting next_dagrun for example_trigger_target_dag to None, run_after=None
[2024-11-15T05:21:38.754+0000] {processor.py:208} INFO - Processing /home/airflow/.local/lib/python3.12/site-packages/airflow/example_dags/example_trigger_target_dag.py took 0.076 seconds
[2024-11-15T05:22:09.819+0000] {processor.py:186} INFO - Started process (PID=320) to work on /home/airflow/.local/lib/python3.12/site-packages/airflow/example_dags/example_trigger_target_dag.py
[2024-11-15T05:22:09.820+0000] {processor.py:914} INFO - Processing file /home/airflow/.local/lib/python3.12/site-packages/airflow/example_dags/example_trigger_target_dag.py for tasks to queue
[2024-11-15T05:22:09.823+0000] {logging_mixin.py:190} INFO - [2024-11-15T05:22:09.823+0000] {dagbag.py:588} INFO - Filling up the DagBag from /home/airflow/.local/lib/python3.12/site-packages/airflow/example_dags/example_trigger_target_dag.py
[2024-11-15T05:22:09.831+0000] {processor.py:925} INFO - DAG(s) 'example_trigger_target_dag' retrieved from /home/airflow/.local/lib/python3.12/site-packages/airflow/example_dags/example_trigger_target_dag.py
[2024-11-15T05:22:09.852+0000] {logging_mixin.py:190} INFO - [2024-11-15T05:22:09.852+0000] {dag.py:3239} INFO - Sync 1 DAGs
[2024-11-15T05:22:09.872+0000] {logging_mixin.py:190} INFO - [2024-11-15T05:22:09.871+0000] {dag.py:4180} INFO - Setting next_dagrun for example_trigger_target_dag to None, run_after=None
[2024-11-15T05:22:09.909+0000] {processor.py:208} INFO - Processing /home/airflow/.local/lib/python3.12/site-packages/airflow/example_dags/example_trigger_target_dag.py took 0.096 seconds
[2024-11-15T05:22:41.098+0000] {processor.py:186} INFO - Started process (PID=384) to work on /home/airflow/.local/lib/python3.12/site-packages/airflow/example_dags/example_trigger_target_dag.py
[2024-11-15T05:22:41.100+0000] {processor.py:914} INFO - Processing file /home/airflow/.local/lib/python3.12/site-packages/airflow/example_dags/example_trigger_target_dag.py for tasks to queue
[2024-11-15T05:22:41.103+0000] {logging_mixin.py:190} INFO - [2024-11-15T05:22:41.103+0000] {dagbag.py:588} INFO - Filling up the DagBag from /home/airflow/.local/lib/python3.12/site-packages/airflow/example_dags/example_trigger_target_dag.py
[2024-11-15T05:22:41.115+0000] {processor.py:925} INFO - DAG(s) 'example_trigger_target_dag' retrieved from /home/airflow/.local/lib/python3.12/site-packages/airflow/example_dags/example_trigger_target_dag.py
[2024-11-15T05:22:41.138+0000] {logging_mixin.py:190} INFO - [2024-11-15T05:22:41.138+0000] {dag.py:3239} INFO - Sync 1 DAGs
[2024-11-15T05:22:41.156+0000] {logging_mixin.py:190} INFO - [2024-11-15T05:22:41.155+0000] {dag.py:4180} INFO - Setting next_dagrun for example_trigger_target_dag to None, run_after=None
[2024-11-15T05:22:41.183+0000] {processor.py:208} INFO - Processing /home/airflow/.local/lib/python3.12/site-packages/airflow/example_dags/example_trigger_target_dag.py took 0.093 seconds
