[2024-11-15T05:12:49.103+0000] {processor.py:186} INFO - Started process (PID=84) to work on /home/airflow/.local/lib/python3.12/site-packages/airflow/example_dags/example_python_operator.py
[2024-11-15T05:12:49.105+0000] {processor.py:914} INFO - Processing file /home/airflow/.local/lib/python3.12/site-packages/airflow/example_dags/example_python_operator.py for tasks to queue
[2024-11-15T05:12:49.109+0000] {logging_mixin.py:190} INFO - [2024-11-15T05:12:49.108+0000] {dagbag.py:588} INFO - Filling up the DagBag from /home/airflow/.local/lib/python3.12/site-packages/airflow/example_dags/example_python_operator.py
[2024-11-15T05:12:49.129+0000] {processor.py:925} INFO - DAG(s) 'example_python_operator' retrieved from /home/airflow/.local/lib/python3.12/site-packages/airflow/example_dags/example_python_operator.py
[2024-11-15T05:12:49.275+0000] {logging_mixin.py:190} INFO - [2024-11-15T05:12:49.275+0000] {override.py:1911} INFO - Created Permission View: can delete on DAG:example_python_operator
[2024-11-15T05:12:49.294+0000] {logging_mixin.py:190} INFO - [2024-11-15T05:12:49.293+0000] {override.py:1911} INFO - Created Permission View: can edit on DAG:example_python_operator
[2024-11-15T05:12:49.307+0000] {logging_mixin.py:190} INFO - [2024-11-15T05:12:49.307+0000] {override.py:1911} INFO - Created Permission View: can read on DAG:example_python_operator
[2024-11-15T05:12:49.324+0000] {logging_mixin.py:190} INFO - [2024-11-15T05:12:49.324+0000] {override.py:1911} INFO - Created Permission View: can create on DAG Run:example_python_operator
[2024-11-15T05:12:49.339+0000] {logging_mixin.py:190} INFO - [2024-11-15T05:12:49.338+0000] {override.py:1911} INFO - Created Permission View: can delete on DAG Run:example_python_operator
[2024-11-15T05:12:49.356+0000] {logging_mixin.py:190} INFO - [2024-11-15T05:12:49.355+0000] {override.py:1911} INFO - Created Permission View: menu access on DAG Run:example_python_operator
[2024-11-15T05:12:49.371+0000] {logging_mixin.py:190} INFO - [2024-11-15T05:12:49.370+0000] {override.py:1911} INFO - Created Permission View: can read on DAG Run:example_python_operator
[2024-11-15T05:12:49.372+0000] {logging_mixin.py:190} INFO - [2024-11-15T05:12:49.372+0000] {dag.py:3239} INFO - Sync 1 DAGs
[2024-11-15T05:12:49.393+0000] {logging_mixin.py:190} INFO - [2024-11-15T05:12:49.393+0000] {dag.py:3262} INFO - Creating ORM DAG for example_python_operator
[2024-11-15T05:12:49.395+0000] {logging_mixin.py:190} INFO - [2024-11-15T05:12:49.394+0000] {dag.py:4180} INFO - Setting next_dagrun for example_python_operator to None, run_after=None
[2024-11-15T05:12:49.424+0000] {processor.py:208} INFO - Processing /home/airflow/.local/lib/python3.12/site-packages/airflow/example_dags/example_python_operator.py took 0.331 seconds
[2024-11-15T05:13:19.747+0000] {processor.py:186} INFO - Started process (PID=157) to work on /home/airflow/.local/lib/python3.12/site-packages/airflow/example_dags/example_python_operator.py
[2024-11-15T05:13:19.749+0000] {processor.py:914} INFO - Processing file /home/airflow/.local/lib/python3.12/site-packages/airflow/example_dags/example_python_operator.py for tasks to queue
[2024-11-15T05:13:19.752+0000] {logging_mixin.py:190} INFO - [2024-11-15T05:13:19.751+0000] {dagbag.py:588} INFO - Filling up the DagBag from /home/airflow/.local/lib/python3.12/site-packages/airflow/example_dags/example_python_operator.py
[2024-11-15T05:13:19.765+0000] {processor.py:925} INFO - DAG(s) 'example_python_operator' retrieved from /home/airflow/.local/lib/python3.12/site-packages/airflow/example_dags/example_python_operator.py
[2024-11-15T05:13:19.788+0000] {logging_mixin.py:190} INFO - [2024-11-15T05:13:19.787+0000] {dag.py:3239} INFO - Sync 1 DAGs
[2024-11-15T05:13:19.804+0000] {logging_mixin.py:190} INFO - [2024-11-15T05:13:19.803+0000] {dag.py:4180} INFO - Setting next_dagrun for example_python_operator to None, run_after=None
[2024-11-15T05:13:19.831+0000] {processor.py:208} INFO - Processing /home/airflow/.local/lib/python3.12/site-packages/airflow/example_dags/example_python_operator.py took 0.089 seconds
[2024-11-15T05:13:50.624+0000] {processor.py:186} INFO - Started process (PID=221) to work on /home/airflow/.local/lib/python3.12/site-packages/airflow/example_dags/example_python_operator.py
[2024-11-15T05:13:50.626+0000] {processor.py:914} INFO - Processing file /home/airflow/.local/lib/python3.12/site-packages/airflow/example_dags/example_python_operator.py for tasks to queue
[2024-11-15T05:13:50.628+0000] {logging_mixin.py:190} INFO - [2024-11-15T05:13:50.627+0000] {dagbag.py:588} INFO - Filling up the DagBag from /home/airflow/.local/lib/python3.12/site-packages/airflow/example_dags/example_python_operator.py
[2024-11-15T05:13:50.642+0000] {processor.py:925} INFO - DAG(s) 'example_python_operator' retrieved from /home/airflow/.local/lib/python3.12/site-packages/airflow/example_dags/example_python_operator.py
[2024-11-15T05:13:50.663+0000] {logging_mixin.py:190} INFO - [2024-11-15T05:13:50.663+0000] {dag.py:3239} INFO - Sync 1 DAGs
[2024-11-15T05:13:50.676+0000] {logging_mixin.py:190} INFO - [2024-11-15T05:13:50.676+0000] {dag.py:4180} INFO - Setting next_dagrun for example_python_operator to None, run_after=None
[2024-11-15T05:13:50.697+0000] {processor.py:208} INFO - Processing /home/airflow/.local/lib/python3.12/site-packages/airflow/example_dags/example_python_operator.py took 0.078 seconds
[2024-11-15T05:14:21.851+0000] {processor.py:186} INFO - Started process (PID=285) to work on /home/airflow/.local/lib/python3.12/site-packages/airflow/example_dags/example_python_operator.py
[2024-11-15T05:14:21.853+0000] {processor.py:914} INFO - Processing file /home/airflow/.local/lib/python3.12/site-packages/airflow/example_dags/example_python_operator.py for tasks to queue
[2024-11-15T05:14:21.856+0000] {logging_mixin.py:190} INFO - [2024-11-15T05:14:21.856+0000] {dagbag.py:588} INFO - Filling up the DagBag from /home/airflow/.local/lib/python3.12/site-packages/airflow/example_dags/example_python_operator.py
[2024-11-15T05:14:21.878+0000] {processor.py:925} INFO - DAG(s) 'example_python_operator' retrieved from /home/airflow/.local/lib/python3.12/site-packages/airflow/example_dags/example_python_operator.py
[2024-11-15T05:14:21.908+0000] {logging_mixin.py:190} INFO - [2024-11-15T05:14:21.908+0000] {dag.py:3239} INFO - Sync 1 DAGs
[2024-11-15T05:14:21.928+0000] {logging_mixin.py:190} INFO - [2024-11-15T05:14:21.928+0000] {dag.py:4180} INFO - Setting next_dagrun for example_python_operator to None, run_after=None
[2024-11-15T05:14:21.962+0000] {processor.py:208} INFO - Processing /home/airflow/.local/lib/python3.12/site-packages/airflow/example_dags/example_python_operator.py took 0.120 seconds
[2024-11-15T05:14:52.997+0000] {processor.py:186} INFO - Started process (PID=349) to work on /home/airflow/.local/lib/python3.12/site-packages/airflow/example_dags/example_python_operator.py
[2024-11-15T05:14:52.998+0000] {processor.py:914} INFO - Processing file /home/airflow/.local/lib/python3.12/site-packages/airflow/example_dags/example_python_operator.py for tasks to queue
[2024-11-15T05:14:53.001+0000] {logging_mixin.py:190} INFO - [2024-11-15T05:14:53.000+0000] {dagbag.py:588} INFO - Filling up the DagBag from /home/airflow/.local/lib/python3.12/site-packages/airflow/example_dags/example_python_operator.py
[2024-11-15T05:14:53.013+0000] {processor.py:925} INFO - DAG(s) 'example_python_operator' retrieved from /home/airflow/.local/lib/python3.12/site-packages/airflow/example_dags/example_python_operator.py
[2024-11-15T05:14:53.037+0000] {logging_mixin.py:190} INFO - [2024-11-15T05:14:53.037+0000] {dag.py:3239} INFO - Sync 1 DAGs
[2024-11-15T05:14:53.052+0000] {logging_mixin.py:190} INFO - [2024-11-15T05:14:53.052+0000] {dag.py:4180} INFO - Setting next_dagrun for example_python_operator to None, run_after=None
[2024-11-15T05:14:53.075+0000] {processor.py:208} INFO - Processing /home/airflow/.local/lib/python3.12/site-packages/airflow/example_dags/example_python_operator.py took 0.084 seconds
[2024-11-15T05:15:24.694+0000] {processor.py:186} INFO - Started process (PID=440) to work on /home/airflow/.local/lib/python3.12/site-packages/airflow/example_dags/example_python_operator.py
[2024-11-15T05:15:24.696+0000] {processor.py:914} INFO - Processing file /home/airflow/.local/lib/python3.12/site-packages/airflow/example_dags/example_python_operator.py for tasks to queue
[2024-11-15T05:15:24.700+0000] {logging_mixin.py:190} INFO - [2024-11-15T05:15:24.700+0000] {dagbag.py:588} INFO - Filling up the DagBag from /home/airflow/.local/lib/python3.12/site-packages/airflow/example_dags/example_python_operator.py
[2024-11-15T05:15:24.717+0000] {processor.py:925} INFO - DAG(s) 'example_python_operator' retrieved from /home/airflow/.local/lib/python3.12/site-packages/airflow/example_dags/example_python_operator.py
[2024-11-15T05:15:24.746+0000] {logging_mixin.py:190} INFO - [2024-11-15T05:15:24.746+0000] {dag.py:3239} INFO - Sync 1 DAGs
[2024-11-15T05:15:24.766+0000] {logging_mixin.py:190} INFO - [2024-11-15T05:15:24.765+0000] {dag.py:4180} INFO - Setting next_dagrun for example_python_operator to None, run_after=None
[2024-11-15T05:15:24.800+0000] {processor.py:208} INFO - Processing /home/airflow/.local/lib/python3.12/site-packages/airflow/example_dags/example_python_operator.py took 0.121 seconds
[2024-11-15T05:15:55.655+0000] {processor.py:186} INFO - Started process (PID=516) to work on /home/airflow/.local/lib/python3.12/site-packages/airflow/example_dags/example_python_operator.py
[2024-11-15T05:15:55.656+0000] {processor.py:914} INFO - Processing file /home/airflow/.local/lib/python3.12/site-packages/airflow/example_dags/example_python_operator.py for tasks to queue
[2024-11-15T05:15:55.662+0000] {logging_mixin.py:190} INFO - [2024-11-15T05:15:55.661+0000] {dagbag.py:588} INFO - Filling up the DagBag from /home/airflow/.local/lib/python3.12/site-packages/airflow/example_dags/example_python_operator.py
[2024-11-15T05:15:55.686+0000] {processor.py:925} INFO - DAG(s) 'example_python_operator' retrieved from /home/airflow/.local/lib/python3.12/site-packages/airflow/example_dags/example_python_operator.py
[2024-11-15T05:15:55.720+0000] {logging_mixin.py:190} INFO - [2024-11-15T05:15:55.719+0000] {dag.py:3239} INFO - Sync 1 DAGs
[2024-11-15T05:15:55.745+0000] {logging_mixin.py:190} INFO - [2024-11-15T05:15:55.745+0000] {dag.py:4180} INFO - Setting next_dagrun for example_python_operator to None, run_after=None
[2024-11-15T05:15:55.782+0000] {processor.py:208} INFO - Processing /home/airflow/.local/lib/python3.12/site-packages/airflow/example_dags/example_python_operator.py took 0.143 seconds
[2024-11-15T05:16:25.978+0000] {processor.py:186} INFO - Started process (PID=580) to work on /home/airflow/.local/lib/python3.12/site-packages/airflow/example_dags/example_python_operator.py
[2024-11-15T05:16:25.979+0000] {processor.py:914} INFO - Processing file /home/airflow/.local/lib/python3.12/site-packages/airflow/example_dags/example_python_operator.py for tasks to queue
[2024-11-15T05:16:25.981+0000] {logging_mixin.py:190} INFO - [2024-11-15T05:16:25.981+0000] {dagbag.py:588} INFO - Filling up the DagBag from /home/airflow/.local/lib/python3.12/site-packages/airflow/example_dags/example_python_operator.py
[2024-11-15T05:16:25.992+0000] {processor.py:925} INFO - DAG(s) 'example_python_operator' retrieved from /home/airflow/.local/lib/python3.12/site-packages/airflow/example_dags/example_python_operator.py
[2024-11-15T05:16:26.015+0000] {logging_mixin.py:190} INFO - [2024-11-15T05:16:26.014+0000] {dag.py:3239} INFO - Sync 1 DAGs
[2024-11-15T05:16:26.028+0000] {logging_mixin.py:190} INFO - [2024-11-15T05:16:26.028+0000] {dag.py:4180} INFO - Setting next_dagrun for example_python_operator to None, run_after=None
[2024-11-15T05:16:26.051+0000] {processor.py:208} INFO - Processing /home/airflow/.local/lib/python3.12/site-packages/airflow/example_dags/example_python_operator.py took 0.082 seconds
[2024-11-15T05:16:57.391+0000] {processor.py:186} INFO - Started process (PID=644) to work on /home/airflow/.local/lib/python3.12/site-packages/airflow/example_dags/example_python_operator.py
[2024-11-15T05:16:57.393+0000] {processor.py:914} INFO - Processing file /home/airflow/.local/lib/python3.12/site-packages/airflow/example_dags/example_python_operator.py for tasks to queue
[2024-11-15T05:16:57.396+0000] {logging_mixin.py:190} INFO - [2024-11-15T05:16:57.395+0000] {dagbag.py:588} INFO - Filling up the DagBag from /home/airflow/.local/lib/python3.12/site-packages/airflow/example_dags/example_python_operator.py
[2024-11-15T05:16:57.409+0000] {processor.py:925} INFO - DAG(s) 'example_python_operator' retrieved from /home/airflow/.local/lib/python3.12/site-packages/airflow/example_dags/example_python_operator.py
[2024-11-15T05:16:57.436+0000] {logging_mixin.py:190} INFO - [2024-11-15T05:16:57.435+0000] {dag.py:3239} INFO - Sync 1 DAGs
[2024-11-15T05:16:57.452+0000] {logging_mixin.py:190} INFO - [2024-11-15T05:16:57.452+0000] {dag.py:4180} INFO - Setting next_dagrun for example_python_operator to None, run_after=None
[2024-11-15T05:16:57.478+0000] {processor.py:208} INFO - Processing /home/airflow/.local/lib/python3.12/site-packages/airflow/example_dags/example_python_operator.py took 0.096 seconds
[2024-11-15T05:17:28.649+0000] {processor.py:186} INFO - Started process (PID=708) to work on /home/airflow/.local/lib/python3.12/site-packages/airflow/example_dags/example_python_operator.py
[2024-11-15T05:17:28.651+0000] {processor.py:914} INFO - Processing file /home/airflow/.local/lib/python3.12/site-packages/airflow/example_dags/example_python_operator.py for tasks to queue
[2024-11-15T05:17:28.659+0000] {logging_mixin.py:190} INFO - [2024-11-15T05:17:28.658+0000] {dagbag.py:588} INFO - Filling up the DagBag from /home/airflow/.local/lib/python3.12/site-packages/airflow/example_dags/example_python_operator.py
[2024-11-15T05:17:28.679+0000] {processor.py:925} INFO - DAG(s) 'example_python_operator' retrieved from /home/airflow/.local/lib/python3.12/site-packages/airflow/example_dags/example_python_operator.py
[2024-11-15T05:17:28.705+0000] {logging_mixin.py:190} INFO - [2024-11-15T05:17:28.704+0000] {dag.py:3239} INFO - Sync 1 DAGs
[2024-11-15T05:17:28.724+0000] {logging_mixin.py:190} INFO - [2024-11-15T05:17:28.724+0000] {dag.py:4180} INFO - Setting next_dagrun for example_python_operator to None, run_after=None
[2024-11-15T05:17:28.750+0000] {processor.py:208} INFO - Processing /home/airflow/.local/lib/python3.12/site-packages/airflow/example_dags/example_python_operator.py took 0.115 seconds
[2024-11-15T05:17:59.875+0000] {processor.py:186} INFO - Started process (PID=772) to work on /home/airflow/.local/lib/python3.12/site-packages/airflow/example_dags/example_python_operator.py
[2024-11-15T05:17:59.876+0000] {processor.py:914} INFO - Processing file /home/airflow/.local/lib/python3.12/site-packages/airflow/example_dags/example_python_operator.py for tasks to queue
[2024-11-15T05:17:59.879+0000] {logging_mixin.py:190} INFO - [2024-11-15T05:17:59.878+0000] {dagbag.py:588} INFO - Filling up the DagBag from /home/airflow/.local/lib/python3.12/site-packages/airflow/example_dags/example_python_operator.py
[2024-11-15T05:17:59.892+0000] {processor.py:925} INFO - DAG(s) 'example_python_operator' retrieved from /home/airflow/.local/lib/python3.12/site-packages/airflow/example_dags/example_python_operator.py
[2024-11-15T05:17:59.913+0000] {logging_mixin.py:190} INFO - [2024-11-15T05:17:59.912+0000] {dag.py:3239} INFO - Sync 1 DAGs
[2024-11-15T05:17:59.928+0000] {logging_mixin.py:190} INFO - [2024-11-15T05:17:59.927+0000] {dag.py:4180} INFO - Setting next_dagrun for example_python_operator to None, run_after=None
[2024-11-15T05:17:59.954+0000] {processor.py:208} INFO - Processing /home/airflow/.local/lib/python3.12/site-packages/airflow/example_dags/example_python_operator.py took 0.087 seconds
[2024-11-15T05:20:11.960+0000] {processor.py:186} INFO - Started process (PID=84) to work on /home/airflow/.local/lib/python3.12/site-packages/airflow/example_dags/example_python_operator.py
[2024-11-15T05:20:11.961+0000] {processor.py:914} INFO - Processing file /home/airflow/.local/lib/python3.12/site-packages/airflow/example_dags/example_python_operator.py for tasks to queue
[2024-11-15T05:20:11.965+0000] {logging_mixin.py:190} INFO - [2024-11-15T05:20:11.964+0000] {dagbag.py:588} INFO - Filling up the DagBag from /home/airflow/.local/lib/python3.12/site-packages/airflow/example_dags/example_python_operator.py
[2024-11-15T05:20:11.988+0000] {processor.py:925} INFO - DAG(s) 'example_python_operator' retrieved from /home/airflow/.local/lib/python3.12/site-packages/airflow/example_dags/example_python_operator.py
[2024-11-15T05:20:12.174+0000] {logging_mixin.py:190} INFO - [2024-11-15T05:20:12.173+0000] {override.py:1911} INFO - Created Permission View: can delete on DAG:example_python_operator
[2024-11-15T05:20:12.192+0000] {logging_mixin.py:190} INFO - [2024-11-15T05:20:12.191+0000] {override.py:1911} INFO - Created Permission View: can edit on DAG:example_python_operator
[2024-11-15T05:20:12.203+0000] {logging_mixin.py:190} INFO - [2024-11-15T05:20:12.202+0000] {override.py:1911} INFO - Created Permission View: can read on DAG:example_python_operator
[2024-11-15T05:20:12.220+0000] {logging_mixin.py:190} INFO - [2024-11-15T05:20:12.219+0000] {override.py:1911} INFO - Created Permission View: can delete on DAG Run:example_python_operator
[2024-11-15T05:20:12.231+0000] {logging_mixin.py:190} INFO - [2024-11-15T05:20:12.230+0000] {override.py:1911} INFO - Created Permission View: can read on DAG Run:example_python_operator
[2024-11-15T05:20:12.242+0000] {logging_mixin.py:190} INFO - [2024-11-15T05:20:12.241+0000] {override.py:1911} INFO - Created Permission View: can create on DAG Run:example_python_operator
[2024-11-15T05:20:12.255+0000] {logging_mixin.py:190} INFO - [2024-11-15T05:20:12.255+0000] {override.py:1911} INFO - Created Permission View: menu access on DAG Run:example_python_operator
[2024-11-15T05:20:12.256+0000] {logging_mixin.py:190} INFO - [2024-11-15T05:20:12.256+0000] {dag.py:3239} INFO - Sync 1 DAGs
[2024-11-15T05:20:12.274+0000] {logging_mixin.py:190} INFO - [2024-11-15T05:20:12.274+0000] {dag.py:3262} INFO - Creating ORM DAG for example_python_operator
[2024-11-15T05:20:12.275+0000] {logging_mixin.py:190} INFO - [2024-11-15T05:20:12.275+0000] {dag.py:4180} INFO - Setting next_dagrun for example_python_operator to None, run_after=None
[2024-11-15T05:20:12.303+0000] {processor.py:208} INFO - Processing /home/airflow/.local/lib/python3.12/site-packages/airflow/example_dags/example_python_operator.py took 0.353 seconds
[2024-11-15T05:20:43.252+0000] {processor.py:186} INFO - Started process (PID=148) to work on /home/airflow/.local/lib/python3.12/site-packages/airflow/example_dags/example_python_operator.py
[2024-11-15T05:20:43.253+0000] {processor.py:914} INFO - Processing file /home/airflow/.local/lib/python3.12/site-packages/airflow/example_dags/example_python_operator.py for tasks to queue
[2024-11-15T05:20:43.258+0000] {logging_mixin.py:190} INFO - [2024-11-15T05:20:43.257+0000] {dagbag.py:588} INFO - Filling up the DagBag from /home/airflow/.local/lib/python3.12/site-packages/airflow/example_dags/example_python_operator.py
[2024-11-15T05:20:43.280+0000] {processor.py:925} INFO - DAG(s) 'example_python_operator' retrieved from /home/airflow/.local/lib/python3.12/site-packages/airflow/example_dags/example_python_operator.py
[2024-11-15T05:20:43.320+0000] {logging_mixin.py:190} INFO - [2024-11-15T05:20:43.319+0000] {dag.py:3239} INFO - Sync 1 DAGs
[2024-11-15T05:20:43.352+0000] {logging_mixin.py:190} INFO - [2024-11-15T05:20:43.352+0000] {dag.py:4180} INFO - Setting next_dagrun for example_python_operator to None, run_after=None
[2024-11-15T05:20:43.403+0000] {processor.py:208} INFO - Processing /home/airflow/.local/lib/python3.12/site-packages/airflow/example_dags/example_python_operator.py took 0.160 seconds
[2024-11-15T05:21:13.547+0000] {processor.py:186} INFO - Started process (PID=211) to work on /home/airflow/.local/lib/python3.12/site-packages/airflow/example_dags/example_python_operator.py
[2024-11-15T05:21:13.548+0000] {processor.py:914} INFO - Processing file /home/airflow/.local/lib/python3.12/site-packages/airflow/example_dags/example_python_operator.py for tasks to queue
[2024-11-15T05:21:13.550+0000] {logging_mixin.py:190} INFO - [2024-11-15T05:21:13.550+0000] {dagbag.py:588} INFO - Filling up the DagBag from /home/airflow/.local/lib/python3.12/site-packages/airflow/example_dags/example_python_operator.py
[2024-11-15T05:21:13.560+0000] {processor.py:925} INFO - DAG(s) 'example_python_operator' retrieved from /home/airflow/.local/lib/python3.12/site-packages/airflow/example_dags/example_python_operator.py
[2024-11-15T05:21:13.581+0000] {logging_mixin.py:190} INFO - [2024-11-15T05:21:13.581+0000] {dag.py:3239} INFO - Sync 1 DAGs
[2024-11-15T05:21:13.596+0000] {logging_mixin.py:190} INFO - [2024-11-15T05:21:13.596+0000] {dag.py:4180} INFO - Setting next_dagrun for example_python_operator to None, run_after=None
[2024-11-15T05:21:13.621+0000] {processor.py:208} INFO - Processing /home/airflow/.local/lib/python3.12/site-packages/airflow/example_dags/example_python_operator.py took 0.080 seconds
[2024-11-15T05:21:44.103+0000] {processor.py:186} INFO - Started process (PID=275) to work on /home/airflow/.local/lib/python3.12/site-packages/airflow/example_dags/example_python_operator.py
[2024-11-15T05:21:44.105+0000] {processor.py:914} INFO - Processing file /home/airflow/.local/lib/python3.12/site-packages/airflow/example_dags/example_python_operator.py for tasks to queue
[2024-11-15T05:21:44.108+0000] {logging_mixin.py:190} INFO - [2024-11-15T05:21:44.108+0000] {dagbag.py:588} INFO - Filling up the DagBag from /home/airflow/.local/lib/python3.12/site-packages/airflow/example_dags/example_python_operator.py
[2024-11-15T05:21:44.120+0000] {processor.py:925} INFO - DAG(s) 'example_python_operator' retrieved from /home/airflow/.local/lib/python3.12/site-packages/airflow/example_dags/example_python_operator.py
[2024-11-15T05:21:44.143+0000] {logging_mixin.py:190} INFO - [2024-11-15T05:21:44.142+0000] {dag.py:3239} INFO - Sync 1 DAGs
[2024-11-15T05:21:44.157+0000] {logging_mixin.py:190} INFO - [2024-11-15T05:21:44.157+0000] {dag.py:4180} INFO - Setting next_dagrun for example_python_operator to None, run_after=None
[2024-11-15T05:21:44.181+0000] {processor.py:208} INFO - Processing /home/airflow/.local/lib/python3.12/site-packages/airflow/example_dags/example_python_operator.py took 0.083 seconds
[2024-11-15T05:22:15.069+0000] {processor.py:186} INFO - Started process (PID=339) to work on /home/airflow/.local/lib/python3.12/site-packages/airflow/example_dags/example_python_operator.py
[2024-11-15T05:22:15.070+0000] {processor.py:914} INFO - Processing file /home/airflow/.local/lib/python3.12/site-packages/airflow/example_dags/example_python_operator.py for tasks to queue
[2024-11-15T05:22:15.074+0000] {logging_mixin.py:190} INFO - [2024-11-15T05:22:15.073+0000] {dagbag.py:588} INFO - Filling up the DagBag from /home/airflow/.local/lib/python3.12/site-packages/airflow/example_dags/example_python_operator.py
[2024-11-15T05:22:15.084+0000] {processor.py:925} INFO - DAG(s) 'example_python_operator' retrieved from /home/airflow/.local/lib/python3.12/site-packages/airflow/example_dags/example_python_operator.py
[2024-11-15T05:22:15.106+0000] {logging_mixin.py:190} INFO - [2024-11-15T05:22:15.106+0000] {dag.py:3239} INFO - Sync 1 DAGs
[2024-11-15T05:22:15.119+0000] {logging_mixin.py:190} INFO - [2024-11-15T05:22:15.119+0000] {dag.py:4180} INFO - Setting next_dagrun for example_python_operator to None, run_after=None
[2024-11-15T05:22:15.141+0000] {processor.py:208} INFO - Processing /home/airflow/.local/lib/python3.12/site-packages/airflow/example_dags/example_python_operator.py took 0.080 seconds
[2024-11-15T05:22:45.375+0000] {processor.py:186} INFO - Started process (PID=402) to work on /home/airflow/.local/lib/python3.12/site-packages/airflow/example_dags/example_python_operator.py
[2024-11-15T05:22:45.377+0000] {processor.py:914} INFO - Processing file /home/airflow/.local/lib/python3.12/site-packages/airflow/example_dags/example_python_operator.py for tasks to queue
[2024-11-15T05:22:45.380+0000] {logging_mixin.py:190} INFO - [2024-11-15T05:22:45.379+0000] {dagbag.py:588} INFO - Filling up the DagBag from /home/airflow/.local/lib/python3.12/site-packages/airflow/example_dags/example_python_operator.py
[2024-11-15T05:22:45.394+0000] {processor.py:925} INFO - DAG(s) 'example_python_operator' retrieved from /home/airflow/.local/lib/python3.12/site-packages/airflow/example_dags/example_python_operator.py
[2024-11-15T05:22:45.419+0000] {logging_mixin.py:190} INFO - [2024-11-15T05:22:45.418+0000] {dag.py:3239} INFO - Sync 1 DAGs
[2024-11-15T05:22:45.434+0000] {logging_mixin.py:190} INFO - [2024-11-15T05:22:45.434+0000] {dag.py:4180} INFO - Setting next_dagrun for example_python_operator to None, run_after=None
[2024-11-15T05:22:45.460+0000] {processor.py:208} INFO - Processing /home/airflow/.local/lib/python3.12/site-packages/airflow/example_dags/example_python_operator.py took 0.091 seconds
