[2024-11-15T05:12:46.643+0000] {processor.py:186} INFO - Started process (PID=79) to work on /home/airflow/.local/lib/python3.12/site-packages/airflow/example_dags/example_dataset_alias.py
[2024-11-15T05:12:46.645+0000] {processor.py:914} INFO - Processing file /home/airflow/.local/lib/python3.12/site-packages/airflow/example_dags/example_dataset_alias.py for tasks to queue
[2024-11-15T05:12:46.651+0000] {logging_mixin.py:190} INFO - [2024-11-15T05:12:46.650+0000] {dagbag.py:588} INFO - Filling up the DagBag from /home/airflow/.local/lib/python3.12/site-packages/airflow/example_dags/example_dataset_alias.py
[2024-11-15T05:12:47.983+0000] {processor.py:925} INFO - DAG(s) 'dataset_alias_example_alias_producer', 'dataset_s3_bucket_consumer', 'dataset_alias_example_alias_consumer', 'dataset_s3_bucket_producer' retrieved from /home/airflow/.local/lib/python3.12/site-packages/airflow/example_dags/example_dataset_alias.py
[2024-11-15T05:12:48.166+0000] {logging_mixin.py:190} INFO - [2024-11-15T05:12:48.164+0000] {override.py:1911} INFO - Created Permission View: can delete on DAG:dataset_alias_example_alias_producer
[2024-11-15T05:12:48.188+0000] {logging_mixin.py:190} INFO - [2024-11-15T05:12:48.187+0000] {override.py:1911} INFO - Created Permission View: can edit on DAG:dataset_alias_example_alias_producer
[2024-11-15T05:12:48.203+0000] {logging_mixin.py:190} INFO - [2024-11-15T05:12:48.202+0000] {override.py:1911} INFO - Created Permission View: can read on DAG:dataset_alias_example_alias_producer
[2024-11-15T05:12:48.222+0000] {logging_mixin.py:190} INFO - [2024-11-15T05:12:48.221+0000] {override.py:1911} INFO - Created Permission View: can create on DAG Run:dataset_alias_example_alias_producer
[2024-11-15T05:12:48.241+0000] {logging_mixin.py:190} INFO - [2024-11-15T05:12:48.240+0000] {override.py:1911} INFO - Created Permission View: can delete on DAG Run:dataset_alias_example_alias_producer
[2024-11-15T05:12:48.260+0000] {logging_mixin.py:190} INFO - [2024-11-15T05:12:48.260+0000] {override.py:1911} INFO - Created Permission View: menu access on DAG Run:dataset_alias_example_alias_producer
[2024-11-15T05:12:48.278+0000] {logging_mixin.py:190} INFO - [2024-11-15T05:12:48.278+0000] {override.py:1911} INFO - Created Permission View: can read on DAG Run:dataset_alias_example_alias_producer
[2024-11-15T05:12:48.310+0000] {logging_mixin.py:190} INFO - [2024-11-15T05:12:48.310+0000] {override.py:1911} INFO - Created Permission View: can delete on DAG:dataset_s3_bucket_consumer
[2024-11-15T05:12:48.328+0000] {logging_mixin.py:190} INFO - [2024-11-15T05:12:48.328+0000] {override.py:1911} INFO - Created Permission View: can edit on DAG:dataset_s3_bucket_consumer
[2024-11-15T05:12:48.345+0000] {logging_mixin.py:190} INFO - [2024-11-15T05:12:48.344+0000] {override.py:1911} INFO - Created Permission View: can read on DAG:dataset_s3_bucket_consumer
[2024-11-15T05:12:48.370+0000] {logging_mixin.py:190} INFO - [2024-11-15T05:12:48.370+0000] {override.py:1911} INFO - Created Permission View: can create on DAG Run:dataset_s3_bucket_consumer
[2024-11-15T05:12:48.386+0000] {logging_mixin.py:190} INFO - [2024-11-15T05:12:48.386+0000] {override.py:1911} INFO - Created Permission View: can delete on DAG Run:dataset_s3_bucket_consumer
[2024-11-15T05:12:48.399+0000] {logging_mixin.py:190} INFO - [2024-11-15T05:12:48.399+0000] {override.py:1911} INFO - Created Permission View: menu access on DAG Run:dataset_s3_bucket_consumer
[2024-11-15T05:12:48.412+0000] {logging_mixin.py:190} INFO - [2024-11-15T05:12:48.412+0000] {override.py:1911} INFO - Created Permission View: can read on DAG Run:dataset_s3_bucket_consumer
[2024-11-15T05:12:48.440+0000] {logging_mixin.py:190} INFO - [2024-11-15T05:12:48.440+0000] {override.py:1911} INFO - Created Permission View: can delete on DAG:dataset_alias_example_alias_consumer
[2024-11-15T05:12:48.453+0000] {logging_mixin.py:190} INFO - [2024-11-15T05:12:48.453+0000] {override.py:1911} INFO - Created Permission View: can edit on DAG:dataset_alias_example_alias_consumer
[2024-11-15T05:12:48.469+0000] {logging_mixin.py:190} INFO - [2024-11-15T05:12:48.469+0000] {override.py:1911} INFO - Created Permission View: can read on DAG:dataset_alias_example_alias_consumer
[2024-11-15T05:12:48.487+0000] {logging_mixin.py:190} INFO - [2024-11-15T05:12:48.486+0000] {override.py:1911} INFO - Created Permission View: can create on DAG Run:dataset_alias_example_alias_consumer
[2024-11-15T05:12:48.499+0000] {logging_mixin.py:190} INFO - [2024-11-15T05:12:48.499+0000] {override.py:1911} INFO - Created Permission View: can delete on DAG Run:dataset_alias_example_alias_consumer
[2024-11-15T05:12:48.510+0000] {logging_mixin.py:190} INFO - [2024-11-15T05:12:48.510+0000] {override.py:1911} INFO - Created Permission View: menu access on DAG Run:dataset_alias_example_alias_consumer
[2024-11-15T05:12:48.525+0000] {logging_mixin.py:190} INFO - [2024-11-15T05:12:48.524+0000] {override.py:1911} INFO - Created Permission View: can read on DAG Run:dataset_alias_example_alias_consumer
[2024-11-15T05:12:48.547+0000] {logging_mixin.py:190} INFO - [2024-11-15T05:12:48.547+0000] {override.py:1911} INFO - Created Permission View: can delete on DAG:dataset_s3_bucket_producer
[2024-11-15T05:12:48.560+0000] {logging_mixin.py:190} INFO - [2024-11-15T05:12:48.559+0000] {override.py:1911} INFO - Created Permission View: can edit on DAG:dataset_s3_bucket_producer
[2024-11-15T05:12:48.572+0000] {logging_mixin.py:190} INFO - [2024-11-15T05:12:48.572+0000] {override.py:1911} INFO - Created Permission View: can read on DAG:dataset_s3_bucket_producer
[2024-11-15T05:12:48.589+0000] {logging_mixin.py:190} INFO - [2024-11-15T05:12:48.588+0000] {override.py:1911} INFO - Created Permission View: can create on DAG Run:dataset_s3_bucket_producer
[2024-11-15T05:12:48.602+0000] {logging_mixin.py:190} INFO - [2024-11-15T05:12:48.601+0000] {override.py:1911} INFO - Created Permission View: can delete on DAG Run:dataset_s3_bucket_producer
[2024-11-15T05:12:48.614+0000] {logging_mixin.py:190} INFO - [2024-11-15T05:12:48.614+0000] {override.py:1911} INFO - Created Permission View: menu access on DAG Run:dataset_s3_bucket_producer
[2024-11-15T05:12:48.630+0000] {logging_mixin.py:190} INFO - [2024-11-15T05:12:48.630+0000] {override.py:1911} INFO - Created Permission View: can read on DAG Run:dataset_s3_bucket_producer
[2024-11-15T05:12:48.631+0000] {logging_mixin.py:190} INFO - [2024-11-15T05:12:48.631+0000] {dag.py:3239} INFO - Sync 4 DAGs
[2024-11-15T05:12:48.655+0000] {logging_mixin.py:190} INFO - [2024-11-15T05:12:48.654+0000] {dag.py:3262} INFO - Creating ORM DAG for dataset_s3_bucket_producer
[2024-11-15T05:12:48.656+0000] {logging_mixin.py:190} INFO - [2024-11-15T05:12:48.656+0000] {dag.py:3262} INFO - Creating ORM DAG for dataset_alias_example_alias_consumer
[2024-11-15T05:12:48.657+0000] {logging_mixin.py:190} INFO - [2024-11-15T05:12:48.657+0000] {dag.py:3262} INFO - Creating ORM DAG for dataset_alias_example_alias_producer
[2024-11-15T05:12:48.659+0000] {logging_mixin.py:190} INFO - [2024-11-15T05:12:48.658+0000] {dag.py:3262} INFO - Creating ORM DAG for dataset_s3_bucket_consumer
[2024-11-15T05:12:48.673+0000] {logging_mixin.py:190} INFO - [2024-11-15T05:12:48.672+0000] {dag.py:4180} INFO - Setting next_dagrun for dataset_alias_example_alias_consumer to None, run_after=None
[2024-11-15T05:12:48.674+0000] {logging_mixin.py:190} INFO - [2024-11-15T05:12:48.674+0000] {dag.py:4180} INFO - Setting next_dagrun for dataset_alias_example_alias_producer to None, run_after=None
[2024-11-15T05:12:48.675+0000] {logging_mixin.py:190} INFO - [2024-11-15T05:12:48.675+0000] {dag.py:4180} INFO - Setting next_dagrun for dataset_s3_bucket_consumer to None, run_after=None
[2024-11-15T05:12:48.676+0000] {logging_mixin.py:190} INFO - [2024-11-15T05:12:48.676+0000] {dag.py:4180} INFO - Setting next_dagrun for dataset_s3_bucket_producer to None, run_after=None
[2024-11-15T05:12:48.720+0000] {processor.py:208} INFO - Processing /home/airflow/.local/lib/python3.12/site-packages/airflow/example_dags/example_dataset_alias.py took 2.089 seconds
[2024-11-15T05:13:18.936+0000] {processor.py:186} INFO - Started process (PID=153) to work on /home/airflow/.local/lib/python3.12/site-packages/airflow/example_dags/example_dataset_alias.py
[2024-11-15T05:13:18.937+0000] {processor.py:914} INFO - Processing file /home/airflow/.local/lib/python3.12/site-packages/airflow/example_dags/example_dataset_alias.py for tasks to queue
[2024-11-15T05:13:18.939+0000] {logging_mixin.py:190} INFO - [2024-11-15T05:13:18.939+0000] {dagbag.py:588} INFO - Filling up the DagBag from /home/airflow/.local/lib/python3.12/site-packages/airflow/example_dags/example_dataset_alias.py
[2024-11-15T05:13:19.470+0000] {processor.py:925} INFO - DAG(s) 'dataset_alias_example_alias_consumer', 'dataset_alias_example_alias_producer', 'dataset_s3_bucket_producer', 'dataset_s3_bucket_consumer' retrieved from /home/airflow/.local/lib/python3.12/site-packages/airflow/example_dags/example_dataset_alias.py
[2024-11-15T05:13:19.492+0000] {logging_mixin.py:190} INFO - [2024-11-15T05:13:19.491+0000] {dag.py:3239} INFO - Sync 4 DAGs
[2024-11-15T05:13:19.513+0000] {logging_mixin.py:190} INFO - [2024-11-15T05:13:19.512+0000] {dag.py:4180} INFO - Setting next_dagrun for dataset_alias_example_alias_consumer to None, run_after=None
[2024-11-15T05:13:19.517+0000] {logging_mixin.py:190} INFO - [2024-11-15T05:13:19.517+0000] {dag.py:4180} INFO - Setting next_dagrun for dataset_alias_example_alias_producer to None, run_after=None
[2024-11-15T05:13:19.520+0000] {logging_mixin.py:190} INFO - [2024-11-15T05:13:19.520+0000] {dag.py:4180} INFO - Setting next_dagrun for dataset_s3_bucket_consumer to None, run_after=None
[2024-11-15T05:13:19.522+0000] {logging_mixin.py:190} INFO - [2024-11-15T05:13:19.522+0000] {dag.py:4180} INFO - Setting next_dagrun for dataset_s3_bucket_producer to None, run_after=None
[2024-11-15T05:13:19.549+0000] {processor.py:208} INFO - Processing /home/airflow/.local/lib/python3.12/site-packages/airflow/example_dags/example_dataset_alias.py took 0.618 seconds
[2024-11-15T05:13:49.787+0000] {processor.py:186} INFO - Started process (PID=217) to work on /home/airflow/.local/lib/python3.12/site-packages/airflow/example_dags/example_dataset_alias.py
[2024-11-15T05:13:49.788+0000] {processor.py:914} INFO - Processing file /home/airflow/.local/lib/python3.12/site-packages/airflow/example_dags/example_dataset_alias.py for tasks to queue
[2024-11-15T05:13:49.791+0000] {logging_mixin.py:190} INFO - [2024-11-15T05:13:49.790+0000] {dagbag.py:588} INFO - Filling up the DagBag from /home/airflow/.local/lib/python3.12/site-packages/airflow/example_dags/example_dataset_alias.py
[2024-11-15T05:13:50.276+0000] {processor.py:925} INFO - DAG(s) 'dataset_s3_bucket_producer', 'dataset_alias_example_alias_producer', 'dataset_alias_example_alias_consumer', 'dataset_s3_bucket_consumer' retrieved from /home/airflow/.local/lib/python3.12/site-packages/airflow/example_dags/example_dataset_alias.py
[2024-11-15T05:13:50.297+0000] {logging_mixin.py:190} INFO - [2024-11-15T05:13:50.296+0000] {dag.py:3239} INFO - Sync 4 DAGs
[2024-11-15T05:13:50.315+0000] {logging_mixin.py:190} INFO - [2024-11-15T05:13:50.315+0000] {dag.py:4180} INFO - Setting next_dagrun for dataset_alias_example_alias_consumer to None, run_after=None
[2024-11-15T05:13:50.318+0000] {logging_mixin.py:190} INFO - [2024-11-15T05:13:50.318+0000] {dag.py:4180} INFO - Setting next_dagrun for dataset_alias_example_alias_producer to None, run_after=None
[2024-11-15T05:13:50.321+0000] {logging_mixin.py:190} INFO - [2024-11-15T05:13:50.320+0000] {dag.py:4180} INFO - Setting next_dagrun for dataset_s3_bucket_consumer to None, run_after=None
[2024-11-15T05:13:50.322+0000] {logging_mixin.py:190} INFO - [2024-11-15T05:13:50.322+0000] {dag.py:4180} INFO - Setting next_dagrun for dataset_s3_bucket_producer to None, run_after=None
[2024-11-15T05:13:50.347+0000] {processor.py:208} INFO - Processing /home/airflow/.local/lib/python3.12/site-packages/airflow/example_dags/example_dataset_alias.py took 0.565 seconds
[2024-11-15T05:14:20.513+0000] {processor.py:186} INFO - Started process (PID=281) to work on /home/airflow/.local/lib/python3.12/site-packages/airflow/example_dags/example_dataset_alias.py
[2024-11-15T05:14:20.514+0000] {processor.py:914} INFO - Processing file /home/airflow/.local/lib/python3.12/site-packages/airflow/example_dags/example_dataset_alias.py for tasks to queue
[2024-11-15T05:14:20.526+0000] {logging_mixin.py:190} INFO - [2024-11-15T05:14:20.525+0000] {dagbag.py:588} INFO - Filling up the DagBag from /home/airflow/.local/lib/python3.12/site-packages/airflow/example_dags/example_dataset_alias.py
[2024-11-15T05:14:21.460+0000] {processor.py:925} INFO - DAG(s) 'dataset_s3_bucket_consumer', 'dataset_alias_example_alias_producer', 'dataset_s3_bucket_producer', 'dataset_alias_example_alias_consumer' retrieved from /home/airflow/.local/lib/python3.12/site-packages/airflow/example_dags/example_dataset_alias.py
[2024-11-15T05:14:21.500+0000] {logging_mixin.py:190} INFO - [2024-11-15T05:14:21.499+0000] {dag.py:3239} INFO - Sync 4 DAGs
[2024-11-15T05:14:21.534+0000] {logging_mixin.py:190} INFO - [2024-11-15T05:14:21.533+0000] {dag.py:4180} INFO - Setting next_dagrun for dataset_alias_example_alias_consumer to None, run_after=None
[2024-11-15T05:14:21.538+0000] {logging_mixin.py:190} INFO - [2024-11-15T05:14:21.538+0000] {dag.py:4180} INFO - Setting next_dagrun for dataset_alias_example_alias_producer to None, run_after=None
[2024-11-15T05:14:21.542+0000] {logging_mixin.py:190} INFO - [2024-11-15T05:14:21.542+0000] {dag.py:4180} INFO - Setting next_dagrun for dataset_s3_bucket_consumer to None, run_after=None
[2024-11-15T05:14:21.544+0000] {logging_mixin.py:190} INFO - [2024-11-15T05:14:21.544+0000] {dag.py:4180} INFO - Setting next_dagrun for dataset_s3_bucket_producer to None, run_after=None
[2024-11-15T05:14:21.585+0000] {processor.py:208} INFO - Processing /home/airflow/.local/lib/python3.12/site-packages/airflow/example_dags/example_dataset_alias.py took 1.083 seconds
[2024-11-15T05:14:52.047+0000] {processor.py:186} INFO - Started process (PID=345) to work on /home/airflow/.local/lib/python3.12/site-packages/airflow/example_dags/example_dataset_alias.py
[2024-11-15T05:14:52.049+0000] {processor.py:914} INFO - Processing file /home/airflow/.local/lib/python3.12/site-packages/airflow/example_dags/example_dataset_alias.py for tasks to queue
[2024-11-15T05:14:52.052+0000] {logging_mixin.py:190} INFO - [2024-11-15T05:14:52.052+0000] {dagbag.py:588} INFO - Filling up the DagBag from /home/airflow/.local/lib/python3.12/site-packages/airflow/example_dags/example_dataset_alias.py
[2024-11-15T05:14:52.614+0000] {processor.py:925} INFO - DAG(s) 'dataset_alias_example_alias_producer', 'dataset_s3_bucket_producer', 'dataset_alias_example_alias_consumer', 'dataset_s3_bucket_consumer' retrieved from /home/airflow/.local/lib/python3.12/site-packages/airflow/example_dags/example_dataset_alias.py
[2024-11-15T05:14:52.634+0000] {logging_mixin.py:190} INFO - [2024-11-15T05:14:52.634+0000] {dag.py:3239} INFO - Sync 4 DAGs
[2024-11-15T05:14:52.655+0000] {logging_mixin.py:190} INFO - [2024-11-15T05:14:52.655+0000] {dag.py:4180} INFO - Setting next_dagrun for dataset_alias_example_alias_consumer to None, run_after=None
[2024-11-15T05:14:52.658+0000] {logging_mixin.py:190} INFO - [2024-11-15T05:14:52.658+0000] {dag.py:4180} INFO - Setting next_dagrun for dataset_alias_example_alias_producer to None, run_after=None
[2024-11-15T05:14:52.660+0000] {logging_mixin.py:190} INFO - [2024-11-15T05:14:52.660+0000] {dag.py:4180} INFO - Setting next_dagrun for dataset_s3_bucket_consumer to None, run_after=None
[2024-11-15T05:14:52.662+0000] {logging_mixin.py:190} INFO - [2024-11-15T05:14:52.662+0000] {dag.py:4180} INFO - Setting next_dagrun for dataset_s3_bucket_producer to None, run_after=None
[2024-11-15T05:14:52.688+0000] {processor.py:208} INFO - Processing /home/airflow/.local/lib/python3.12/site-packages/airflow/example_dags/example_dataset_alias.py took 0.648 seconds
[2024-11-15T05:15:22.915+0000] {processor.py:186} INFO - Started process (PID=436) to work on /home/airflow/.local/lib/python3.12/site-packages/airflow/example_dags/example_dataset_alias.py
[2024-11-15T05:15:22.916+0000] {processor.py:914} INFO - Processing file /home/airflow/.local/lib/python3.12/site-packages/airflow/example_dags/example_dataset_alias.py for tasks to queue
[2024-11-15T05:15:22.919+0000] {logging_mixin.py:190} INFO - [2024-11-15T05:15:22.918+0000] {dagbag.py:588} INFO - Filling up the DagBag from /home/airflow/.local/lib/python3.12/site-packages/airflow/example_dags/example_dataset_alias.py
[2024-11-15T05:15:23.881+0000] {processor.py:925} INFO - DAG(s) 'dataset_alias_example_alias_consumer', 'dataset_alias_example_alias_producer', 'dataset_s3_bucket_consumer', 'dataset_s3_bucket_producer' retrieved from /home/airflow/.local/lib/python3.12/site-packages/airflow/example_dags/example_dataset_alias.py
[2024-11-15T05:15:23.961+0000] {logging_mixin.py:190} INFO - [2024-11-15T05:15:23.960+0000] {dag.py:3239} INFO - Sync 4 DAGs
[2024-11-15T05:15:24.022+0000] {logging_mixin.py:190} INFO - [2024-11-15T05:15:24.021+0000] {dag.py:4180} INFO - Setting next_dagrun for dataset_alias_example_alias_consumer to None, run_after=None
[2024-11-15T05:15:24.028+0000] {logging_mixin.py:190} INFO - [2024-11-15T05:15:24.028+0000] {dag.py:4180} INFO - Setting next_dagrun for dataset_alias_example_alias_producer to None, run_after=None
[2024-11-15T05:15:24.035+0000] {logging_mixin.py:190} INFO - [2024-11-15T05:15:24.034+0000] {dag.py:4180} INFO - Setting next_dagrun for dataset_s3_bucket_consumer to None, run_after=None
[2024-11-15T05:15:24.039+0000] {logging_mixin.py:190} INFO - [2024-11-15T05:15:24.038+0000] {dag.py:4180} INFO - Setting next_dagrun for dataset_s3_bucket_producer to None, run_after=None
[2024-11-15T05:15:24.104+0000] {processor.py:208} INFO - Processing /home/airflow/.local/lib/python3.12/site-packages/airflow/example_dags/example_dataset_alias.py took 1.200 seconds
[2024-11-15T05:15:54.208+0000] {processor.py:186} INFO - Started process (PID=512) to work on /home/airflow/.local/lib/python3.12/site-packages/airflow/example_dags/example_dataset_alias.py
[2024-11-15T05:15:54.210+0000] {processor.py:914} INFO - Processing file /home/airflow/.local/lib/python3.12/site-packages/airflow/example_dags/example_dataset_alias.py for tasks to queue
[2024-11-15T05:15:54.214+0000] {logging_mixin.py:190} INFO - [2024-11-15T05:15:54.213+0000] {dagbag.py:588} INFO - Filling up the DagBag from /home/airflow/.local/lib/python3.12/site-packages/airflow/example_dags/example_dataset_alias.py
[2024-11-15T05:15:54.861+0000] {processor.py:925} INFO - DAG(s) 'dataset_s3_bucket_producer', 'dataset_alias_example_alias_consumer', 'dataset_alias_example_alias_producer', 'dataset_s3_bucket_consumer' retrieved from /home/airflow/.local/lib/python3.12/site-packages/airflow/example_dags/example_dataset_alias.py
[2024-11-15T05:15:54.902+0000] {logging_mixin.py:190} INFO - [2024-11-15T05:15:54.901+0000] {dag.py:3239} INFO - Sync 4 DAGs
[2024-11-15T05:15:54.941+0000] {logging_mixin.py:190} INFO - [2024-11-15T05:15:54.940+0000] {dag.py:4180} INFO - Setting next_dagrun for dataset_alias_example_alias_consumer to None, run_after=None
[2024-11-15T05:15:54.947+0000] {logging_mixin.py:190} INFO - [2024-11-15T05:15:54.946+0000] {dag.py:4180} INFO - Setting next_dagrun for dataset_alias_example_alias_producer to None, run_after=None
[2024-11-15T05:15:54.960+0000] {logging_mixin.py:190} INFO - [2024-11-15T05:15:54.959+0000] {dag.py:4180} INFO - Setting next_dagrun for dataset_s3_bucket_consumer to None, run_after=None
[2024-11-15T05:15:54.963+0000] {logging_mixin.py:190} INFO - [2024-11-15T05:15:54.963+0000] {dag.py:4180} INFO - Setting next_dagrun for dataset_s3_bucket_producer to None, run_after=None
[2024-11-15T05:15:55.019+0000] {processor.py:208} INFO - Processing /home/airflow/.local/lib/python3.12/site-packages/airflow/example_dags/example_dataset_alias.py took 0.819 seconds
[2024-11-15T05:16:25.176+0000] {processor.py:186} INFO - Started process (PID=576) to work on /home/airflow/.local/lib/python3.12/site-packages/airflow/example_dags/example_dataset_alias.py
[2024-11-15T05:16:25.178+0000] {processor.py:914} INFO - Processing file /home/airflow/.local/lib/python3.12/site-packages/airflow/example_dags/example_dataset_alias.py for tasks to queue
[2024-11-15T05:16:25.180+0000] {logging_mixin.py:190} INFO - [2024-11-15T05:16:25.180+0000] {dagbag.py:588} INFO - Filling up the DagBag from /home/airflow/.local/lib/python3.12/site-packages/airflow/example_dags/example_dataset_alias.py
[2024-11-15T05:16:25.711+0000] {processor.py:925} INFO - DAG(s) 'dataset_s3_bucket_consumer', 'dataset_s3_bucket_producer', 'dataset_alias_example_alias_producer', 'dataset_alias_example_alias_consumer' retrieved from /home/airflow/.local/lib/python3.12/site-packages/airflow/example_dags/example_dataset_alias.py
[2024-11-15T05:16:25.733+0000] {logging_mixin.py:190} INFO - [2024-11-15T05:16:25.732+0000] {dag.py:3239} INFO - Sync 4 DAGs
[2024-11-15T05:16:25.754+0000] {logging_mixin.py:190} INFO - [2024-11-15T05:16:25.754+0000] {dag.py:4180} INFO - Setting next_dagrun for dataset_alias_example_alias_consumer to None, run_after=None
[2024-11-15T05:16:25.758+0000] {logging_mixin.py:190} INFO - [2024-11-15T05:16:25.758+0000] {dag.py:4180} INFO - Setting next_dagrun for dataset_alias_example_alias_producer to None, run_after=None
[2024-11-15T05:16:25.760+0000] {logging_mixin.py:190} INFO - [2024-11-15T05:16:25.760+0000] {dag.py:4180} INFO - Setting next_dagrun for dataset_s3_bucket_consumer to None, run_after=None
[2024-11-15T05:16:25.762+0000] {logging_mixin.py:190} INFO - [2024-11-15T05:16:25.762+0000] {dag.py:4180} INFO - Setting next_dagrun for dataset_s3_bucket_producer to None, run_after=None
[2024-11-15T05:16:25.788+0000] {processor.py:208} INFO - Processing /home/airflow/.local/lib/python3.12/site-packages/airflow/example_dags/example_dataset_alias.py took 0.619 seconds
[2024-11-15T05:16:56.152+0000] {processor.py:186} INFO - Started process (PID=640) to work on /home/airflow/.local/lib/python3.12/site-packages/airflow/example_dags/example_dataset_alias.py
[2024-11-15T05:16:56.153+0000] {processor.py:914} INFO - Processing file /home/airflow/.local/lib/python3.12/site-packages/airflow/example_dags/example_dataset_alias.py for tasks to queue
[2024-11-15T05:16:56.155+0000] {logging_mixin.py:190} INFO - [2024-11-15T05:16:56.154+0000] {dagbag.py:588} INFO - Filling up the DagBag from /home/airflow/.local/lib/python3.12/site-packages/airflow/example_dags/example_dataset_alias.py
[2024-11-15T05:16:56.906+0000] {processor.py:925} INFO - DAG(s) 'dataset_s3_bucket_consumer', 'dataset_alias_example_alias_producer', 'dataset_alias_example_alias_consumer', 'dataset_s3_bucket_producer' retrieved from /home/airflow/.local/lib/python3.12/site-packages/airflow/example_dags/example_dataset_alias.py
[2024-11-15T05:16:56.934+0000] {logging_mixin.py:190} INFO - [2024-11-15T05:16:56.933+0000] {dag.py:3239} INFO - Sync 4 DAGs
[2024-11-15T05:16:56.962+0000] {logging_mixin.py:190} INFO - [2024-11-15T05:16:56.962+0000] {dag.py:4180} INFO - Setting next_dagrun for dataset_alias_example_alias_consumer to None, run_after=None
[2024-11-15T05:16:56.966+0000] {logging_mixin.py:190} INFO - [2024-11-15T05:16:56.966+0000] {dag.py:4180} INFO - Setting next_dagrun for dataset_alias_example_alias_producer to None, run_after=None
[2024-11-15T05:16:56.969+0000] {logging_mixin.py:190} INFO - [2024-11-15T05:16:56.969+0000] {dag.py:4180} INFO - Setting next_dagrun for dataset_s3_bucket_consumer to None, run_after=None
[2024-11-15T05:16:56.971+0000] {logging_mixin.py:190} INFO - [2024-11-15T05:16:56.971+0000] {dag.py:4180} INFO - Setting next_dagrun for dataset_s3_bucket_producer to None, run_after=None
[2024-11-15T05:16:57.001+0000] {processor.py:208} INFO - Processing /home/airflow/.local/lib/python3.12/site-packages/airflow/example_dags/example_dataset_alias.py took 0.857 seconds
[2024-11-15T05:17:27.494+0000] {processor.py:186} INFO - Started process (PID=704) to work on /home/airflow/.local/lib/python3.12/site-packages/airflow/example_dags/example_dataset_alias.py
[2024-11-15T05:17:27.495+0000] {processor.py:914} INFO - Processing file /home/airflow/.local/lib/python3.12/site-packages/airflow/example_dags/example_dataset_alias.py for tasks to queue
[2024-11-15T05:17:27.498+0000] {logging_mixin.py:190} INFO - [2024-11-15T05:17:27.498+0000] {dagbag.py:588} INFO - Filling up the DagBag from /home/airflow/.local/lib/python3.12/site-packages/airflow/example_dags/example_dataset_alias.py
[2024-11-15T05:17:28.197+0000] {processor.py:925} INFO - DAG(s) 'dataset_alias_example_alias_consumer', 'dataset_alias_example_alias_producer', 'dataset_s3_bucket_consumer', 'dataset_s3_bucket_producer' retrieved from /home/airflow/.local/lib/python3.12/site-packages/airflow/example_dags/example_dataset_alias.py
[2024-11-15T05:17:28.218+0000] {logging_mixin.py:190} INFO - [2024-11-15T05:17:28.218+0000] {dag.py:3239} INFO - Sync 4 DAGs
[2024-11-15T05:17:28.238+0000] {logging_mixin.py:190} INFO - [2024-11-15T05:17:28.238+0000] {dag.py:4180} INFO - Setting next_dagrun for dataset_alias_example_alias_consumer to None, run_after=None
[2024-11-15T05:17:28.241+0000] {logging_mixin.py:190} INFO - [2024-11-15T05:17:28.241+0000] {dag.py:4180} INFO - Setting next_dagrun for dataset_alias_example_alias_producer to None, run_after=None
[2024-11-15T05:17:28.246+0000] {logging_mixin.py:190} INFO - [2024-11-15T05:17:28.246+0000] {dag.py:4180} INFO - Setting next_dagrun for dataset_s3_bucket_consumer to None, run_after=None
[2024-11-15T05:17:28.249+0000] {logging_mixin.py:190} INFO - [2024-11-15T05:17:28.248+0000] {dag.py:4180} INFO - Setting next_dagrun for dataset_s3_bucket_producer to None, run_after=None
[2024-11-15T05:17:28.277+0000] {processor.py:208} INFO - Processing /home/airflow/.local/lib/python3.12/site-packages/airflow/example_dags/example_dataset_alias.py took 0.796 seconds
[2024-11-15T05:17:59.053+0000] {processor.py:186} INFO - Started process (PID=768) to work on /home/airflow/.local/lib/python3.12/site-packages/airflow/example_dags/example_dataset_alias.py
[2024-11-15T05:17:59.054+0000] {processor.py:914} INFO - Processing file /home/airflow/.local/lib/python3.12/site-packages/airflow/example_dags/example_dataset_alias.py for tasks to queue
[2024-11-15T05:17:59.057+0000] {logging_mixin.py:190} INFO - [2024-11-15T05:17:59.057+0000] {dagbag.py:588} INFO - Filling up the DagBag from /home/airflow/.local/lib/python3.12/site-packages/airflow/example_dags/example_dataset_alias.py
[2024-11-15T05:17:59.623+0000] {processor.py:925} INFO - DAG(s) 'dataset_alias_example_alias_producer', 'dataset_s3_bucket_consumer', 'dataset_s3_bucket_producer', 'dataset_alias_example_alias_consumer' retrieved from /home/airflow/.local/lib/python3.12/site-packages/airflow/example_dags/example_dataset_alias.py
[2024-11-15T05:17:59.645+0000] {logging_mixin.py:190} INFO - [2024-11-15T05:17:59.644+0000] {dag.py:3239} INFO - Sync 4 DAGs
[2024-11-15T05:17:59.664+0000] {logging_mixin.py:190} INFO - [2024-11-15T05:17:59.664+0000] {dag.py:4180} INFO - Setting next_dagrun for dataset_alias_example_alias_consumer to None, run_after=None
[2024-11-15T05:17:59.667+0000] {logging_mixin.py:190} INFO - [2024-11-15T05:17:59.667+0000] {dag.py:4180} INFO - Setting next_dagrun for dataset_alias_example_alias_producer to None, run_after=None
[2024-11-15T05:17:59.669+0000] {logging_mixin.py:190} INFO - [2024-11-15T05:17:59.669+0000] {dag.py:4180} INFO - Setting next_dagrun for dataset_s3_bucket_consumer to None, run_after=None
[2024-11-15T05:17:59.672+0000] {logging_mixin.py:190} INFO - [2024-11-15T05:17:59.671+0000] {dag.py:4180} INFO - Setting next_dagrun for dataset_s3_bucket_producer to None, run_after=None
[2024-11-15T05:17:59.698+0000] {processor.py:208} INFO - Processing /home/airflow/.local/lib/python3.12/site-packages/airflow/example_dags/example_dataset_alias.py took 0.654 seconds
[2024-11-15T05:20:09.885+0000] {processor.py:186} INFO - Started process (PID=79) to work on /home/airflow/.local/lib/python3.12/site-packages/airflow/example_dags/example_dataset_alias.py
[2024-11-15T05:20:09.886+0000] {processor.py:914} INFO - Processing file /home/airflow/.local/lib/python3.12/site-packages/airflow/example_dags/example_dataset_alias.py for tasks to queue
[2024-11-15T05:20:09.890+0000] {logging_mixin.py:190} INFO - [2024-11-15T05:20:09.890+0000] {dagbag.py:588} INFO - Filling up the DagBag from /home/airflow/.local/lib/python3.12/site-packages/airflow/example_dags/example_dataset_alias.py
[2024-11-15T05:20:10.761+0000] {processor.py:925} INFO - DAG(s) 'dataset_s3_bucket_consumer', 'dataset_alias_example_alias_consumer', 'dataset_s3_bucket_producer', 'dataset_alias_example_alias_producer' retrieved from /home/airflow/.local/lib/python3.12/site-packages/airflow/example_dags/example_dataset_alias.py
[2024-11-15T05:20:10.900+0000] {logging_mixin.py:190} INFO - [2024-11-15T05:20:10.898+0000] {override.py:1911} INFO - Created Permission View: can delete on DAG:dataset_s3_bucket_consumer
[2024-11-15T05:20:10.920+0000] {logging_mixin.py:190} INFO - [2024-11-15T05:20:10.920+0000] {override.py:1911} INFO - Created Permission View: can edit on DAG:dataset_s3_bucket_consumer
[2024-11-15T05:20:10.933+0000] {logging_mixin.py:190} INFO - [2024-11-15T05:20:10.933+0000] {override.py:1911} INFO - Created Permission View: can read on DAG:dataset_s3_bucket_consumer
[2024-11-15T05:20:10.951+0000] {logging_mixin.py:190} INFO - [2024-11-15T05:20:10.951+0000] {override.py:1911} INFO - Created Permission View: can delete on DAG Run:dataset_s3_bucket_consumer
[2024-11-15T05:20:10.967+0000] {logging_mixin.py:190} INFO - [2024-11-15T05:20:10.966+0000] {override.py:1911} INFO - Created Permission View: can read on DAG Run:dataset_s3_bucket_consumer
[2024-11-15T05:20:10.982+0000] {logging_mixin.py:190} INFO - [2024-11-15T05:20:10.982+0000] {override.py:1911} INFO - Created Permission View: can create on DAG Run:dataset_s3_bucket_consumer
[2024-11-15T05:20:10.996+0000] {logging_mixin.py:190} INFO - [2024-11-15T05:20:10.995+0000] {override.py:1911} INFO - Created Permission View: menu access on DAG Run:dataset_s3_bucket_consumer
[2024-11-15T05:20:11.027+0000] {logging_mixin.py:190} INFO - [2024-11-15T05:20:11.026+0000] {override.py:1911} INFO - Created Permission View: can delete on DAG:dataset_alias_example_alias_consumer
[2024-11-15T05:20:11.040+0000] {logging_mixin.py:190} INFO - [2024-11-15T05:20:11.040+0000] {override.py:1911} INFO - Created Permission View: can edit on DAG:dataset_alias_example_alias_consumer
[2024-11-15T05:20:11.054+0000] {logging_mixin.py:190} INFO - [2024-11-15T05:20:11.054+0000] {override.py:1911} INFO - Created Permission View: can read on DAG:dataset_alias_example_alias_consumer
[2024-11-15T05:20:11.072+0000] {logging_mixin.py:190} INFO - [2024-11-15T05:20:11.071+0000] {override.py:1911} INFO - Created Permission View: can delete on DAG Run:dataset_alias_example_alias_consumer
[2024-11-15T05:20:11.085+0000] {logging_mixin.py:190} INFO - [2024-11-15T05:20:11.084+0000] {override.py:1911} INFO - Created Permission View: can read on DAG Run:dataset_alias_example_alias_consumer
[2024-11-15T05:20:11.099+0000] {logging_mixin.py:190} INFO - [2024-11-15T05:20:11.098+0000] {override.py:1911} INFO - Created Permission View: can create on DAG Run:dataset_alias_example_alias_consumer
[2024-11-15T05:20:11.115+0000] {logging_mixin.py:190} INFO - [2024-11-15T05:20:11.115+0000] {override.py:1911} INFO - Created Permission View: menu access on DAG Run:dataset_alias_example_alias_consumer
[2024-11-15T05:20:11.140+0000] {logging_mixin.py:190} INFO - [2024-11-15T05:20:11.139+0000] {override.py:1911} INFO - Created Permission View: can delete on DAG:dataset_s3_bucket_producer
[2024-11-15T05:20:11.155+0000] {logging_mixin.py:190} INFO - [2024-11-15T05:20:11.155+0000] {override.py:1911} INFO - Created Permission View: can edit on DAG:dataset_s3_bucket_producer
[2024-11-15T05:20:11.170+0000] {logging_mixin.py:190} INFO - [2024-11-15T05:20:11.170+0000] {override.py:1911} INFO - Created Permission View: can read on DAG:dataset_s3_bucket_producer
[2024-11-15T05:20:11.188+0000] {logging_mixin.py:190} INFO - [2024-11-15T05:20:11.187+0000] {override.py:1911} INFO - Created Permission View: can delete on DAG Run:dataset_s3_bucket_producer
[2024-11-15T05:20:11.202+0000] {logging_mixin.py:190} INFO - [2024-11-15T05:20:11.202+0000] {override.py:1911} INFO - Created Permission View: can read on DAG Run:dataset_s3_bucket_producer
[2024-11-15T05:20:11.218+0000] {logging_mixin.py:190} INFO - [2024-11-15T05:20:11.218+0000] {override.py:1911} INFO - Created Permission View: can create on DAG Run:dataset_s3_bucket_producer
[2024-11-15T05:20:11.230+0000] {logging_mixin.py:190} INFO - [2024-11-15T05:20:11.230+0000] {override.py:1911} INFO - Created Permission View: menu access on DAG Run:dataset_s3_bucket_producer
[2024-11-15T05:20:11.255+0000] {logging_mixin.py:190} INFO - [2024-11-15T05:20:11.255+0000] {override.py:1911} INFO - Created Permission View: can delete on DAG:dataset_alias_example_alias_producer
[2024-11-15T05:20:11.268+0000] {logging_mixin.py:190} INFO - [2024-11-15T05:20:11.268+0000] {override.py:1911} INFO - Created Permission View: can edit on DAG:dataset_alias_example_alias_producer
[2024-11-15T05:20:11.284+0000] {logging_mixin.py:190} INFO - [2024-11-15T05:20:11.283+0000] {override.py:1911} INFO - Created Permission View: can read on DAG:dataset_alias_example_alias_producer
[2024-11-15T05:20:11.300+0000] {logging_mixin.py:190} INFO - [2024-11-15T05:20:11.300+0000] {override.py:1911} INFO - Created Permission View: can delete on DAG Run:dataset_alias_example_alias_producer
[2024-11-15T05:20:11.312+0000] {logging_mixin.py:190} INFO - [2024-11-15T05:20:11.311+0000] {override.py:1911} INFO - Created Permission View: can read on DAG Run:dataset_alias_example_alias_producer
[2024-11-15T05:20:11.412+0000] {logging_mixin.py:190} INFO - [2024-11-15T05:20:11.412+0000] {override.py:1911} INFO - Created Permission View: can create on DAG Run:dataset_alias_example_alias_producer
[2024-11-15T05:20:11.427+0000] {logging_mixin.py:190} INFO - [2024-11-15T05:20:11.427+0000] {override.py:1911} INFO - Created Permission View: menu access on DAG Run:dataset_alias_example_alias_producer
[2024-11-15T05:20:11.429+0000] {logging_mixin.py:190} INFO - [2024-11-15T05:20:11.428+0000] {dag.py:3239} INFO - Sync 4 DAGs
[2024-11-15T05:20:11.447+0000] {logging_mixin.py:190} INFO - [2024-11-15T05:20:11.446+0000] {dag.py:3262} INFO - Creating ORM DAG for dataset_s3_bucket_consumer
[2024-11-15T05:20:11.448+0000] {logging_mixin.py:190} INFO - [2024-11-15T05:20:11.448+0000] {dag.py:3262} INFO - Creating ORM DAG for dataset_alias_example_alias_consumer
[2024-11-15T05:20:11.449+0000] {logging_mixin.py:190} INFO - [2024-11-15T05:20:11.449+0000] {dag.py:3262} INFO - Creating ORM DAG for dataset_alias_example_alias_producer
[2024-11-15T05:20:11.450+0000] {logging_mixin.py:190} INFO - [2024-11-15T05:20:11.450+0000] {dag.py:3262} INFO - Creating ORM DAG for dataset_s3_bucket_producer
[2024-11-15T05:20:11.464+0000] {logging_mixin.py:190} INFO - [2024-11-15T05:20:11.464+0000] {dag.py:4180} INFO - Setting next_dagrun for dataset_alias_example_alias_consumer to None, run_after=None
[2024-11-15T05:20:11.466+0000] {logging_mixin.py:190} INFO - [2024-11-15T05:20:11.466+0000] {dag.py:4180} INFO - Setting next_dagrun for dataset_alias_example_alias_producer to None, run_after=None
[2024-11-15T05:20:11.467+0000] {logging_mixin.py:190} INFO - [2024-11-15T05:20:11.467+0000] {dag.py:4180} INFO - Setting next_dagrun for dataset_s3_bucket_consumer to None, run_after=None
[2024-11-15T05:20:11.468+0000] {logging_mixin.py:190} INFO - [2024-11-15T05:20:11.468+0000] {dag.py:4180} INFO - Setting next_dagrun for dataset_s3_bucket_producer to None, run_after=None
[2024-11-15T05:20:11.513+0000] {processor.py:208} INFO - Processing /home/airflow/.local/lib/python3.12/site-packages/airflow/example_dags/example_dataset_alias.py took 1.639 seconds
[2024-11-15T05:20:42.279+0000] {processor.py:186} INFO - Started process (PID=144) to work on /home/airflow/.local/lib/python3.12/site-packages/airflow/example_dags/example_dataset_alias.py
[2024-11-15T05:20:42.280+0000] {processor.py:914} INFO - Processing file /home/airflow/.local/lib/python3.12/site-packages/airflow/example_dags/example_dataset_alias.py for tasks to queue
[2024-11-15T05:20:42.284+0000] {logging_mixin.py:190} INFO - [2024-11-15T05:20:42.284+0000] {dagbag.py:588} INFO - Filling up the DagBag from /home/airflow/.local/lib/python3.12/site-packages/airflow/example_dags/example_dataset_alias.py
[2024-11-15T05:20:43.692+0000] {processor.py:925} INFO - DAG(s) 'dataset_s3_bucket_producer', 'dataset_alias_example_alias_producer', 'dataset_alias_example_alias_consumer', 'dataset_s3_bucket_consumer' retrieved from /home/airflow/.local/lib/python3.12/site-packages/airflow/example_dags/example_dataset_alias.py
[2024-11-15T05:20:43.734+0000] {logging_mixin.py:190} INFO - [2024-11-15T05:20:43.733+0000] {dag.py:3239} INFO - Sync 4 DAGs
[2024-11-15T05:20:43.793+0000] {logging_mixin.py:190} INFO - [2024-11-15T05:20:43.793+0000] {dag.py:4180} INFO - Setting next_dagrun for dataset_alias_example_alias_consumer to None, run_after=None
[2024-11-15T05:20:43.799+0000] {logging_mixin.py:190} INFO - [2024-11-15T05:20:43.799+0000] {dag.py:4180} INFO - Setting next_dagrun for dataset_alias_example_alias_producer to None, run_after=None
[2024-11-15T05:20:43.803+0000] {logging_mixin.py:190} INFO - [2024-11-15T05:20:43.802+0000] {dag.py:4180} INFO - Setting next_dagrun for dataset_s3_bucket_consumer to None, run_after=None
[2024-11-15T05:20:43.810+0000] {logging_mixin.py:190} INFO - [2024-11-15T05:20:43.809+0000] {dag.py:4180} INFO - Setting next_dagrun for dataset_s3_bucket_producer to None, run_after=None
[2024-11-15T05:20:43.871+0000] {processor.py:208} INFO - Processing /home/airflow/.local/lib/python3.12/site-packages/airflow/example_dags/example_dataset_alias.py took 1.602 seconds
[2024-11-15T05:21:14.677+0000] {processor.py:186} INFO - Started process (PID=213) to work on /home/airflow/.local/lib/python3.12/site-packages/airflow/example_dags/example_dataset_alias.py
[2024-11-15T05:21:14.678+0000] {processor.py:914} INFO - Processing file /home/airflow/.local/lib/python3.12/site-packages/airflow/example_dags/example_dataset_alias.py for tasks to queue
[2024-11-15T05:21:14.680+0000] {logging_mixin.py:190} INFO - [2024-11-15T05:21:14.680+0000] {dagbag.py:588} INFO - Filling up the DagBag from /home/airflow/.local/lib/python3.12/site-packages/airflow/example_dags/example_dataset_alias.py
[2024-11-15T05:21:15.295+0000] {processor.py:925} INFO - DAG(s) 'dataset_s3_bucket_producer', 'dataset_alias_example_alias_consumer', 'dataset_alias_example_alias_producer', 'dataset_s3_bucket_consumer' retrieved from /home/airflow/.local/lib/python3.12/site-packages/airflow/example_dags/example_dataset_alias.py
[2024-11-15T05:21:15.317+0000] {logging_mixin.py:190} INFO - [2024-11-15T05:21:15.316+0000] {dag.py:3239} INFO - Sync 4 DAGs
[2024-11-15T05:21:15.337+0000] {logging_mixin.py:190} INFO - [2024-11-15T05:21:15.337+0000] {dag.py:4180} INFO - Setting next_dagrun for dataset_alias_example_alias_consumer to None, run_after=None
[2024-11-15T05:21:15.340+0000] {logging_mixin.py:190} INFO - [2024-11-15T05:21:15.340+0000] {dag.py:4180} INFO - Setting next_dagrun for dataset_alias_example_alias_producer to None, run_after=None
[2024-11-15T05:21:15.342+0000] {logging_mixin.py:190} INFO - [2024-11-15T05:21:15.342+0000] {dag.py:4180} INFO - Setting next_dagrun for dataset_s3_bucket_consumer to None, run_after=None
[2024-11-15T05:21:15.344+0000] {logging_mixin.py:190} INFO - [2024-11-15T05:21:15.344+0000] {dag.py:4180} INFO - Setting next_dagrun for dataset_s3_bucket_producer to None, run_after=None
[2024-11-15T05:21:15.370+0000] {processor.py:208} INFO - Processing /home/airflow/.local/lib/python3.12/site-packages/airflow/example_dags/example_dataset_alias.py took 0.701 seconds
[2024-11-15T05:21:45.779+0000] {processor.py:186} INFO - Started process (PID=281) to work on /home/airflow/.local/lib/python3.12/site-packages/airflow/example_dags/example_dataset_alias.py
[2024-11-15T05:21:45.780+0000] {processor.py:914} INFO - Processing file /home/airflow/.local/lib/python3.12/site-packages/airflow/example_dags/example_dataset_alias.py for tasks to queue
[2024-11-15T05:21:45.782+0000] {logging_mixin.py:190} INFO - [2024-11-15T05:21:45.782+0000] {dagbag.py:588} INFO - Filling up the DagBag from /home/airflow/.local/lib/python3.12/site-packages/airflow/example_dags/example_dataset_alias.py
[2024-11-15T05:21:46.396+0000] {processor.py:925} INFO - DAG(s) 'dataset_s3_bucket_producer', 'dataset_s3_bucket_consumer', 'dataset_alias_example_alias_consumer', 'dataset_alias_example_alias_producer' retrieved from /home/airflow/.local/lib/python3.12/site-packages/airflow/example_dags/example_dataset_alias.py
[2024-11-15T05:21:46.418+0000] {logging_mixin.py:190} INFO - [2024-11-15T05:21:46.418+0000] {dag.py:3239} INFO - Sync 4 DAGs
[2024-11-15T05:21:46.450+0000] {logging_mixin.py:190} INFO - [2024-11-15T05:21:46.449+0000] {dag.py:4180} INFO - Setting next_dagrun for dataset_alias_example_alias_consumer to None, run_after=None
[2024-11-15T05:21:46.453+0000] {logging_mixin.py:190} INFO - [2024-11-15T05:21:46.452+0000] {dag.py:4180} INFO - Setting next_dagrun for dataset_alias_example_alias_producer to None, run_after=None
[2024-11-15T05:21:46.455+0000] {logging_mixin.py:190} INFO - [2024-11-15T05:21:46.455+0000] {dag.py:4180} INFO - Setting next_dagrun for dataset_s3_bucket_consumer to None, run_after=None
[2024-11-15T05:21:46.457+0000] {logging_mixin.py:190} INFO - [2024-11-15T05:21:46.457+0000] {dag.py:4180} INFO - Setting next_dagrun for dataset_s3_bucket_producer to None, run_after=None
[2024-11-15T05:21:46.479+0000] {processor.py:208} INFO - Processing /home/airflow/.local/lib/python3.12/site-packages/airflow/example_dags/example_dataset_alias.py took 0.706 seconds
[2024-11-15T05:22:16.859+0000] {processor.py:186} INFO - Started process (PID=349) to work on /home/airflow/.local/lib/python3.12/site-packages/airflow/example_dags/example_dataset_alias.py
[2024-11-15T05:22:16.860+0000] {processor.py:914} INFO - Processing file /home/airflow/.local/lib/python3.12/site-packages/airflow/example_dags/example_dataset_alias.py for tasks to queue
[2024-11-15T05:22:16.863+0000] {logging_mixin.py:190} INFO - [2024-11-15T05:22:16.863+0000] {dagbag.py:588} INFO - Filling up the DagBag from /home/airflow/.local/lib/python3.12/site-packages/airflow/example_dags/example_dataset_alias.py
[2024-11-15T05:22:17.385+0000] {processor.py:925} INFO - DAG(s) 'dataset_alias_example_alias_consumer', 'dataset_alias_example_alias_producer', 'dataset_s3_bucket_consumer', 'dataset_s3_bucket_producer' retrieved from /home/airflow/.local/lib/python3.12/site-packages/airflow/example_dags/example_dataset_alias.py
[2024-11-15T05:22:17.404+0000] {logging_mixin.py:190} INFO - [2024-11-15T05:22:17.403+0000] {dag.py:3239} INFO - Sync 4 DAGs
[2024-11-15T05:22:17.423+0000] {logging_mixin.py:190} INFO - [2024-11-15T05:22:17.423+0000] {dag.py:4180} INFO - Setting next_dagrun for dataset_alias_example_alias_consumer to None, run_after=None
[2024-11-15T05:22:17.426+0000] {logging_mixin.py:190} INFO - [2024-11-15T05:22:17.426+0000] {dag.py:4180} INFO - Setting next_dagrun for dataset_alias_example_alias_producer to None, run_after=None
[2024-11-15T05:22:17.428+0000] {logging_mixin.py:190} INFO - [2024-11-15T05:22:17.427+0000] {dag.py:4180} INFO - Setting next_dagrun for dataset_s3_bucket_consumer to None, run_after=None
[2024-11-15T05:22:17.430+0000] {logging_mixin.py:190} INFO - [2024-11-15T05:22:17.430+0000] {dag.py:4180} INFO - Setting next_dagrun for dataset_s3_bucket_producer to None, run_after=None
[2024-11-15T05:22:17.456+0000] {processor.py:208} INFO - Processing /home/airflow/.local/lib/python3.12/site-packages/airflow/example_dags/example_dataset_alias.py took 0.602 seconds
[2024-11-15T05:22:47.783+0000] {processor.py:186} INFO - Started process (PID=424) to work on /home/airflow/.local/lib/python3.12/site-packages/airflow/example_dags/example_dataset_alias.py
[2024-11-15T05:22:47.784+0000] {processor.py:914} INFO - Processing file /home/airflow/.local/lib/python3.12/site-packages/airflow/example_dags/example_dataset_alias.py for tasks to queue
[2024-11-15T05:22:47.788+0000] {logging_mixin.py:190} INFO - [2024-11-15T05:22:47.787+0000] {dagbag.py:588} INFO - Filling up the DagBag from /home/airflow/.local/lib/python3.12/site-packages/airflow/example_dags/example_dataset_alias.py
[2024-11-15T05:22:48.415+0000] {processor.py:925} INFO - DAG(s) 'dataset_s3_bucket_consumer', 'dataset_s3_bucket_producer', 'dataset_alias_example_alias_consumer', 'dataset_alias_example_alias_producer' retrieved from /home/airflow/.local/lib/python3.12/site-packages/airflow/example_dags/example_dataset_alias.py
[2024-11-15T05:22:48.441+0000] {logging_mixin.py:190} INFO - [2024-11-15T05:22:48.440+0000] {dag.py:3239} INFO - Sync 4 DAGs
[2024-11-15T05:22:48.464+0000] {logging_mixin.py:190} INFO - [2024-11-15T05:22:48.463+0000] {dag.py:4180} INFO - Setting next_dagrun for dataset_alias_example_alias_consumer to None, run_after=None
[2024-11-15T05:22:48.467+0000] {logging_mixin.py:190} INFO - [2024-11-15T05:22:48.466+0000] {dag.py:4180} INFO - Setting next_dagrun for dataset_alias_example_alias_producer to None, run_after=None
[2024-11-15T05:22:48.469+0000] {logging_mixin.py:190} INFO - [2024-11-15T05:22:48.469+0000] {dag.py:4180} INFO - Setting next_dagrun for dataset_s3_bucket_consumer to None, run_after=None
[2024-11-15T05:22:48.471+0000] {logging_mixin.py:190} INFO - [2024-11-15T05:22:48.471+0000] {dag.py:4180} INFO - Setting next_dagrun for dataset_s3_bucket_producer to None, run_after=None
[2024-11-15T05:22:48.496+0000] {processor.py:208} INFO - Processing /home/airflow/.local/lib/python3.12/site-packages/airflow/example_dags/example_dataset_alias.py took 0.721 seconds
