[2024-11-15T05:12:45.741+0000] {processor.py:186} INFO - Started process (PID=76) to work on /home/airflow/.local/lib/python3.12/site-packages/airflow/example_dags/tutorial_dag.py
[2024-11-15T05:12:45.742+0000] {processor.py:914} INFO - Processing file /home/airflow/.local/lib/python3.12/site-packages/airflow/example_dags/tutorial_dag.py for tasks to queue
[2024-11-15T05:12:45.745+0000] {logging_mixin.py:190} INFO - [2024-11-15T05:12:45.745+0000] {dagbag.py:588} INFO - Filling up the DagBag from /home/airflow/.local/lib/python3.12/site-packages/airflow/example_dags/tutorial_dag.py
[2024-11-15T05:12:45.758+0000] {processor.py:925} INFO - DAG(s) 'tutorial_dag' retrieved from /home/airflow/.local/lib/python3.12/site-packages/airflow/example_dags/tutorial_dag.py
[2024-11-15T05:12:46.038+0000] {logging_mixin.py:190} INFO - [2024-11-15T05:12:46.038+0000] {override.py:1911} INFO - Created Permission View: can delete on DAG:tutorial_dag
[2024-11-15T05:12:46.057+0000] {logging_mixin.py:190} INFO - [2024-11-15T05:12:46.057+0000] {override.py:1911} INFO - Created Permission View: can edit on DAG:tutorial_dag
[2024-11-15T05:12:46.071+0000] {logging_mixin.py:190} INFO - [2024-11-15T05:12:46.070+0000] {override.py:1911} INFO - Created Permission View: can read on DAG:tutorial_dag
[2024-11-15T05:12:46.089+0000] {logging_mixin.py:190} INFO - [2024-11-15T05:12:46.089+0000] {override.py:1911} INFO - Created Permission View: can create on DAG Run:tutorial_dag
[2024-11-15T05:12:46.101+0000] {logging_mixin.py:190} INFO - [2024-11-15T05:12:46.101+0000] {override.py:1911} INFO - Created Permission View: can delete on DAG Run:tutorial_dag
[2024-11-15T05:12:46.119+0000] {logging_mixin.py:190} INFO - [2024-11-15T05:12:46.118+0000] {override.py:1911} INFO - Created Permission View: menu access on DAG Run:tutorial_dag
[2024-11-15T05:12:46.131+0000] {logging_mixin.py:190} INFO - [2024-11-15T05:12:46.130+0000] {override.py:1911} INFO - Created Permission View: can read on DAG Run:tutorial_dag
[2024-11-15T05:12:46.132+0000] {logging_mixin.py:190} INFO - [2024-11-15T05:12:46.131+0000] {dag.py:3239} INFO - Sync 1 DAGs
[2024-11-15T05:12:46.149+0000] {logging_mixin.py:190} INFO - [2024-11-15T05:12:46.148+0000] {dag.py:3262} INFO - Creating ORM DAG for tutorial_dag
[2024-11-15T05:12:46.150+0000] {logging_mixin.py:190} INFO - [2024-11-15T05:12:46.150+0000] {dag.py:4180} INFO - Setting next_dagrun for tutorial_dag to None, run_after=None
[2024-11-15T05:12:46.175+0000] {processor.py:208} INFO - Processing /home/airflow/.local/lib/python3.12/site-packages/airflow/example_dags/tutorial_dag.py took 0.442 seconds
[2024-11-15T05:13:16.289+0000] {processor.py:186} INFO - Started process (PID=147) to work on /home/airflow/.local/lib/python3.12/site-packages/airflow/example_dags/tutorial_dag.py
[2024-11-15T05:13:16.291+0000] {processor.py:914} INFO - Processing file /home/airflow/.local/lib/python3.12/site-packages/airflow/example_dags/tutorial_dag.py for tasks to queue
[2024-11-15T05:13:16.293+0000] {logging_mixin.py:190} INFO - [2024-11-15T05:13:16.293+0000] {dagbag.py:588} INFO - Filling up the DagBag from /home/airflow/.local/lib/python3.12/site-packages/airflow/example_dags/tutorial_dag.py
[2024-11-15T05:13:16.300+0000] {processor.py:925} INFO - DAG(s) 'tutorial_dag' retrieved from /home/airflow/.local/lib/python3.12/site-packages/airflow/example_dags/tutorial_dag.py
[2024-11-15T05:13:16.321+0000] {logging_mixin.py:190} INFO - [2024-11-15T05:13:16.320+0000] {dag.py:3239} INFO - Sync 1 DAGs
[2024-11-15T05:13:16.335+0000] {logging_mixin.py:190} INFO - [2024-11-15T05:13:16.334+0000] {dag.py:4180} INFO - Setting next_dagrun for tutorial_dag to None, run_after=None
[2024-11-15T05:13:16.437+0000] {processor.py:208} INFO - Processing /home/airflow/.local/lib/python3.12/site-packages/airflow/example_dags/tutorial_dag.py took 0.153 seconds
[2024-11-15T05:13:46.635+0000] {processor.py:186} INFO - Started process (PID=213) to work on /home/airflow/.local/lib/python3.12/site-packages/airflow/example_dags/tutorial_dag.py
[2024-11-15T05:13:46.636+0000] {processor.py:914} INFO - Processing file /home/airflow/.local/lib/python3.12/site-packages/airflow/example_dags/tutorial_dag.py for tasks to queue
[2024-11-15T05:13:46.640+0000] {logging_mixin.py:190} INFO - [2024-11-15T05:13:46.639+0000] {dagbag.py:588} INFO - Filling up the DagBag from /home/airflow/.local/lib/python3.12/site-packages/airflow/example_dags/tutorial_dag.py
[2024-11-15T05:13:46.651+0000] {processor.py:925} INFO - DAG(s) 'tutorial_dag' retrieved from /home/airflow/.local/lib/python3.12/site-packages/airflow/example_dags/tutorial_dag.py
[2024-11-15T05:13:46.680+0000] {logging_mixin.py:190} INFO - [2024-11-15T05:13:46.679+0000] {dag.py:3239} INFO - Sync 1 DAGs
[2024-11-15T05:13:46.700+0000] {logging_mixin.py:190} INFO - [2024-11-15T05:13:46.700+0000] {dag.py:4180} INFO - Setting next_dagrun for tutorial_dag to None, run_after=None
[2024-11-15T05:13:46.730+0000] {processor.py:208} INFO - Processing /home/airflow/.local/lib/python3.12/site-packages/airflow/example_dags/tutorial_dag.py took 0.102 seconds
[2024-11-15T05:14:18.176+0000] {processor.py:186} INFO - Started process (PID=277) to work on /home/airflow/.local/lib/python3.12/site-packages/airflow/example_dags/tutorial_dag.py
[2024-11-15T05:14:18.177+0000] {processor.py:914} INFO - Processing file /home/airflow/.local/lib/python3.12/site-packages/airflow/example_dags/tutorial_dag.py for tasks to queue
[2024-11-15T05:14:18.182+0000] {logging_mixin.py:190} INFO - [2024-11-15T05:14:18.182+0000] {dagbag.py:588} INFO - Filling up the DagBag from /home/airflow/.local/lib/python3.12/site-packages/airflow/example_dags/tutorial_dag.py
[2024-11-15T05:14:18.193+0000] {processor.py:925} INFO - DAG(s) 'tutorial_dag' retrieved from /home/airflow/.local/lib/python3.12/site-packages/airflow/example_dags/tutorial_dag.py
[2024-11-15T05:14:18.222+0000] {logging_mixin.py:190} INFO - [2024-11-15T05:14:18.222+0000] {dag.py:3239} INFO - Sync 1 DAGs
[2024-11-15T05:14:18.242+0000] {logging_mixin.py:190} INFO - [2024-11-15T05:14:18.242+0000] {dag.py:4180} INFO - Setting next_dagrun for tutorial_dag to None, run_after=None
[2024-11-15T05:14:18.273+0000] {processor.py:208} INFO - Processing /home/airflow/.local/lib/python3.12/site-packages/airflow/example_dags/tutorial_dag.py took 0.106 seconds
[2024-11-15T05:14:48.907+0000] {processor.py:186} INFO - Started process (PID=341) to work on /home/airflow/.local/lib/python3.12/site-packages/airflow/example_dags/tutorial_dag.py
[2024-11-15T05:14:48.909+0000] {processor.py:914} INFO - Processing file /home/airflow/.local/lib/python3.12/site-packages/airflow/example_dags/tutorial_dag.py for tasks to queue
[2024-11-15T05:14:48.911+0000] {logging_mixin.py:190} INFO - [2024-11-15T05:14:48.911+0000] {dagbag.py:588} INFO - Filling up the DagBag from /home/airflow/.local/lib/python3.12/site-packages/airflow/example_dags/tutorial_dag.py
[2024-11-15T05:14:48.918+0000] {processor.py:925} INFO - DAG(s) 'tutorial_dag' retrieved from /home/airflow/.local/lib/python3.12/site-packages/airflow/example_dags/tutorial_dag.py
[2024-11-15T05:14:48.938+0000] {logging_mixin.py:190} INFO - [2024-11-15T05:14:48.938+0000] {dag.py:3239} INFO - Sync 1 DAGs
[2024-11-15T05:14:48.951+0000] {logging_mixin.py:190} INFO - [2024-11-15T05:14:48.951+0000] {dag.py:4180} INFO - Setting next_dagrun for tutorial_dag to None, run_after=None
[2024-11-15T05:14:48.980+0000] {processor.py:208} INFO - Processing /home/airflow/.local/lib/python3.12/site-packages/airflow/example_dags/tutorial_dag.py took 0.078 seconds
[2024-11-15T05:15:20.524+0000] {processor.py:186} INFO - Started process (PID=432) to work on /home/airflow/.local/lib/python3.12/site-packages/airflow/example_dags/tutorial_dag.py
[2024-11-15T05:15:20.525+0000] {processor.py:914} INFO - Processing file /home/airflow/.local/lib/python3.12/site-packages/airflow/example_dags/tutorial_dag.py for tasks to queue
[2024-11-15T05:15:20.530+0000] {logging_mixin.py:190} INFO - [2024-11-15T05:15:20.530+0000] {dagbag.py:588} INFO - Filling up the DagBag from /home/airflow/.local/lib/python3.12/site-packages/airflow/example_dags/tutorial_dag.py
[2024-11-15T05:15:20.542+0000] {processor.py:925} INFO - DAG(s) 'tutorial_dag' retrieved from /home/airflow/.local/lib/python3.12/site-packages/airflow/example_dags/tutorial_dag.py
[2024-11-15T05:15:20.572+0000] {logging_mixin.py:190} INFO - [2024-11-15T05:15:20.572+0000] {dag.py:3239} INFO - Sync 1 DAGs
[2024-11-15T05:15:20.593+0000] {logging_mixin.py:190} INFO - [2024-11-15T05:15:20.593+0000] {dag.py:4180} INFO - Setting next_dagrun for tutorial_dag to None, run_after=None
[2024-11-15T05:15:20.631+0000] {processor.py:208} INFO - Processing /home/airflow/.local/lib/python3.12/site-packages/airflow/example_dags/tutorial_dag.py took 0.121 seconds
[2024-11-15T05:15:52.037+0000] {processor.py:186} INFO - Started process (PID=508) to work on /home/airflow/.local/lib/python3.12/site-packages/airflow/example_dags/tutorial_dag.py
[2024-11-15T05:15:52.039+0000] {processor.py:914} INFO - Processing file /home/airflow/.local/lib/python3.12/site-packages/airflow/example_dags/tutorial_dag.py for tasks to queue
[2024-11-15T05:15:52.042+0000] {logging_mixin.py:190} INFO - [2024-11-15T05:15:52.041+0000] {dagbag.py:588} INFO - Filling up the DagBag from /home/airflow/.local/lib/python3.12/site-packages/airflow/example_dags/tutorial_dag.py
[2024-11-15T05:15:52.050+0000] {processor.py:925} INFO - DAG(s) 'tutorial_dag' retrieved from /home/airflow/.local/lib/python3.12/site-packages/airflow/example_dags/tutorial_dag.py
[2024-11-15T05:15:52.073+0000] {logging_mixin.py:190} INFO - [2024-11-15T05:15:52.072+0000] {dag.py:3239} INFO - Sync 1 DAGs
[2024-11-15T05:15:52.089+0000] {logging_mixin.py:190} INFO - [2024-11-15T05:15:52.088+0000] {dag.py:4180} INFO - Setting next_dagrun for tutorial_dag to None, run_after=None
[2024-11-15T05:15:52.117+0000] {processor.py:208} INFO - Processing /home/airflow/.local/lib/python3.12/site-packages/airflow/example_dags/tutorial_dag.py took 0.089 seconds
[2024-11-15T05:16:22.946+0000] {processor.py:186} INFO - Started process (PID=572) to work on /home/airflow/.local/lib/python3.12/site-packages/airflow/example_dags/tutorial_dag.py
[2024-11-15T05:16:22.947+0000] {processor.py:914} INFO - Processing file /home/airflow/.local/lib/python3.12/site-packages/airflow/example_dags/tutorial_dag.py for tasks to queue
[2024-11-15T05:16:22.949+0000] {logging_mixin.py:190} INFO - [2024-11-15T05:16:22.949+0000] {dagbag.py:588} INFO - Filling up the DagBag from /home/airflow/.local/lib/python3.12/site-packages/airflow/example_dags/tutorial_dag.py
[2024-11-15T05:16:22.955+0000] {processor.py:925} INFO - DAG(s) 'tutorial_dag' retrieved from /home/airflow/.local/lib/python3.12/site-packages/airflow/example_dags/tutorial_dag.py
[2024-11-15T05:16:22.974+0000] {logging_mixin.py:190} INFO - [2024-11-15T05:16:22.974+0000] {dag.py:3239} INFO - Sync 1 DAGs
[2024-11-15T05:16:22.987+0000] {logging_mixin.py:190} INFO - [2024-11-15T05:16:22.986+0000] {dag.py:4180} INFO - Setting next_dagrun for tutorial_dag to None, run_after=None
[2024-11-15T05:16:23.011+0000] {processor.py:208} INFO - Processing /home/airflow/.local/lib/python3.12/site-packages/airflow/example_dags/tutorial_dag.py took 0.074 seconds
[2024-11-15T05:16:54.008+0000] {processor.py:186} INFO - Started process (PID=636) to work on /home/airflow/.local/lib/python3.12/site-packages/airflow/example_dags/tutorial_dag.py
[2024-11-15T05:16:54.009+0000] {processor.py:914} INFO - Processing file /home/airflow/.local/lib/python3.12/site-packages/airflow/example_dags/tutorial_dag.py for tasks to queue
[2024-11-15T05:16:54.011+0000] {logging_mixin.py:190} INFO - [2024-11-15T05:16:54.011+0000] {dagbag.py:588} INFO - Filling up the DagBag from /home/airflow/.local/lib/python3.12/site-packages/airflow/example_dags/tutorial_dag.py
[2024-11-15T05:16:54.019+0000] {processor.py:925} INFO - DAG(s) 'tutorial_dag' retrieved from /home/airflow/.local/lib/python3.12/site-packages/airflow/example_dags/tutorial_dag.py
[2024-11-15T05:16:54.038+0000] {logging_mixin.py:190} INFO - [2024-11-15T05:16:54.037+0000] {dag.py:3239} INFO - Sync 1 DAGs
[2024-11-15T05:16:54.052+0000] {logging_mixin.py:190} INFO - [2024-11-15T05:16:54.051+0000] {dag.py:4180} INFO - Setting next_dagrun for tutorial_dag to None, run_after=None
[2024-11-15T05:16:54.075+0000] {processor.py:208} INFO - Processing /home/airflow/.local/lib/python3.12/site-packages/airflow/example_dags/tutorial_dag.py took 0.077 seconds
[2024-11-15T05:17:25.238+0000] {processor.py:186} INFO - Started process (PID=700) to work on /home/airflow/.local/lib/python3.12/site-packages/airflow/example_dags/tutorial_dag.py
[2024-11-15T05:17:25.239+0000] {processor.py:914} INFO - Processing file /home/airflow/.local/lib/python3.12/site-packages/airflow/example_dags/tutorial_dag.py for tasks to queue
[2024-11-15T05:17:25.241+0000] {logging_mixin.py:190} INFO - [2024-11-15T05:17:25.241+0000] {dagbag.py:588} INFO - Filling up the DagBag from /home/airflow/.local/lib/python3.12/site-packages/airflow/example_dags/tutorial_dag.py
[2024-11-15T05:17:25.249+0000] {processor.py:925} INFO - DAG(s) 'tutorial_dag' retrieved from /home/airflow/.local/lib/python3.12/site-packages/airflow/example_dags/tutorial_dag.py
[2024-11-15T05:17:25.266+0000] {logging_mixin.py:190} INFO - [2024-11-15T05:17:25.266+0000] {dag.py:3239} INFO - Sync 1 DAGs
[2024-11-15T05:17:25.280+0000] {logging_mixin.py:190} INFO - [2024-11-15T05:17:25.280+0000] {dag.py:4180} INFO - Setting next_dagrun for tutorial_dag to None, run_after=None
[2024-11-15T05:17:25.302+0000] {processor.py:208} INFO - Processing /home/airflow/.local/lib/python3.12/site-packages/airflow/example_dags/tutorial_dag.py took 0.072 seconds
[2024-11-15T05:17:56.811+0000] {processor.py:186} INFO - Started process (PID=764) to work on /home/airflow/.local/lib/python3.12/site-packages/airflow/example_dags/tutorial_dag.py
[2024-11-15T05:17:56.812+0000] {processor.py:914} INFO - Processing file /home/airflow/.local/lib/python3.12/site-packages/airflow/example_dags/tutorial_dag.py for tasks to queue
[2024-11-15T05:17:56.815+0000] {logging_mixin.py:190} INFO - [2024-11-15T05:17:56.815+0000] {dagbag.py:588} INFO - Filling up the DagBag from /home/airflow/.local/lib/python3.12/site-packages/airflow/example_dags/tutorial_dag.py
[2024-11-15T05:17:56.825+0000] {processor.py:925} INFO - DAG(s) 'tutorial_dag' retrieved from /home/airflow/.local/lib/python3.12/site-packages/airflow/example_dags/tutorial_dag.py
[2024-11-15T05:17:56.850+0000] {logging_mixin.py:190} INFO - [2024-11-15T05:17:56.850+0000] {dag.py:3239} INFO - Sync 1 DAGs
[2024-11-15T05:17:56.868+0000] {logging_mixin.py:190} INFO - [2024-11-15T05:17:56.868+0000] {dag.py:4180} INFO - Setting next_dagrun for tutorial_dag to None, run_after=None
[2024-11-15T05:17:56.901+0000] {processor.py:208} INFO - Processing /home/airflow/.local/lib/python3.12/site-packages/airflow/example_dags/tutorial_dag.py took 0.101 seconds
[2024-11-15T05:20:09.149+0000] {processor.py:186} INFO - Started process (PID=76) to work on /home/airflow/.local/lib/python3.12/site-packages/airflow/example_dags/tutorial_dag.py
[2024-11-15T05:20:09.150+0000] {processor.py:914} INFO - Processing file /home/airflow/.local/lib/python3.12/site-packages/airflow/example_dags/tutorial_dag.py for tasks to queue
[2024-11-15T05:20:09.153+0000] {logging_mixin.py:190} INFO - [2024-11-15T05:20:09.153+0000] {dagbag.py:588} INFO - Filling up the DagBag from /home/airflow/.local/lib/python3.12/site-packages/airflow/example_dags/tutorial_dag.py
[2024-11-15T05:20:09.164+0000] {processor.py:925} INFO - DAG(s) 'tutorial_dag' retrieved from /home/airflow/.local/lib/python3.12/site-packages/airflow/example_dags/tutorial_dag.py
[2024-11-15T05:20:09.317+0000] {logging_mixin.py:190} INFO - [2024-11-15T05:20:09.316+0000] {override.py:1911} INFO - Created Permission View: can delete on DAG:tutorial_dag
[2024-11-15T05:20:09.334+0000] {logging_mixin.py:190} INFO - [2024-11-15T05:20:09.334+0000] {override.py:1911} INFO - Created Permission View: can edit on DAG:tutorial_dag
[2024-11-15T05:20:09.347+0000] {logging_mixin.py:190} INFO - [2024-11-15T05:20:09.346+0000] {override.py:1911} INFO - Created Permission View: can read on DAG:tutorial_dag
[2024-11-15T05:20:09.364+0000] {logging_mixin.py:190} INFO - [2024-11-15T05:20:09.364+0000] {override.py:1911} INFO - Created Permission View: can delete on DAG Run:tutorial_dag
[2024-11-15T05:20:09.378+0000] {logging_mixin.py:190} INFO - [2024-11-15T05:20:09.377+0000] {override.py:1911} INFO - Created Permission View: can read on DAG Run:tutorial_dag
[2024-11-15T05:20:09.390+0000] {logging_mixin.py:190} INFO - [2024-11-15T05:20:09.390+0000] {override.py:1911} INFO - Created Permission View: can create on DAG Run:tutorial_dag
[2024-11-15T05:20:09.402+0000] {logging_mixin.py:190} INFO - [2024-11-15T05:20:09.402+0000] {override.py:1911} INFO - Created Permission View: menu access on DAG Run:tutorial_dag
[2024-11-15T05:20:09.403+0000] {logging_mixin.py:190} INFO - [2024-11-15T05:20:09.403+0000] {dag.py:3239} INFO - Sync 1 DAGs
[2024-11-15T05:20:09.420+0000] {logging_mixin.py:190} INFO - [2024-11-15T05:20:09.419+0000] {dag.py:3262} INFO - Creating ORM DAG for tutorial_dag
[2024-11-15T05:20:09.421+0000] {logging_mixin.py:190} INFO - [2024-11-15T05:20:09.421+0000] {dag.py:4180} INFO - Setting next_dagrun for tutorial_dag to None, run_after=None
[2024-11-15T05:20:09.446+0000] {processor.py:208} INFO - Processing /home/airflow/.local/lib/python3.12/site-packages/airflow/example_dags/tutorial_dag.py took 0.306 seconds
[2024-11-15T05:20:40.100+0000] {processor.py:186} INFO - Started process (PID=140) to work on /home/airflow/.local/lib/python3.12/site-packages/airflow/example_dags/tutorial_dag.py
[2024-11-15T05:20:40.101+0000] {processor.py:914} INFO - Processing file /home/airflow/.local/lib/python3.12/site-packages/airflow/example_dags/tutorial_dag.py for tasks to queue
[2024-11-15T05:20:40.105+0000] {logging_mixin.py:190} INFO - [2024-11-15T05:20:40.105+0000] {dagbag.py:588} INFO - Filling up the DagBag from /home/airflow/.local/lib/python3.12/site-packages/airflow/example_dags/tutorial_dag.py
[2024-11-15T05:20:40.118+0000] {processor.py:925} INFO - DAG(s) 'tutorial_dag' retrieved from /home/airflow/.local/lib/python3.12/site-packages/airflow/example_dags/tutorial_dag.py
[2024-11-15T05:20:40.148+0000] {logging_mixin.py:190} INFO - [2024-11-15T05:20:40.147+0000] {dag.py:3239} INFO - Sync 1 DAGs
[2024-11-15T05:20:40.168+0000] {logging_mixin.py:190} INFO - [2024-11-15T05:20:40.168+0000] {dag.py:4180} INFO - Setting next_dagrun for tutorial_dag to None, run_after=None
[2024-11-15T05:20:40.198+0000] {processor.py:208} INFO - Processing /home/airflow/.local/lib/python3.12/site-packages/airflow/example_dags/tutorial_dag.py took 0.108 seconds
[2024-11-15T05:21:10.645+0000] {processor.py:186} INFO - Started process (PID=204) to work on /home/airflow/.local/lib/python3.12/site-packages/airflow/example_dags/tutorial_dag.py
[2024-11-15T05:21:10.647+0000] {processor.py:914} INFO - Processing file /home/airflow/.local/lib/python3.12/site-packages/airflow/example_dags/tutorial_dag.py for tasks to queue
[2024-11-15T05:21:10.649+0000] {logging_mixin.py:190} INFO - [2024-11-15T05:21:10.649+0000] {dagbag.py:588} INFO - Filling up the DagBag from /home/airflow/.local/lib/python3.12/site-packages/airflow/example_dags/tutorial_dag.py
[2024-11-15T05:21:10.658+0000] {processor.py:925} INFO - DAG(s) 'tutorial_dag' retrieved from /home/airflow/.local/lib/python3.12/site-packages/airflow/example_dags/tutorial_dag.py
[2024-11-15T05:21:10.675+0000] {logging_mixin.py:190} INFO - [2024-11-15T05:21:10.675+0000] {dag.py:3239} INFO - Sync 1 DAGs
[2024-11-15T05:21:10.688+0000] {logging_mixin.py:190} INFO - [2024-11-15T05:21:10.688+0000] {dag.py:4180} INFO - Setting next_dagrun for tutorial_dag to None, run_after=None
[2024-11-15T05:21:10.710+0000] {processor.py:208} INFO - Processing /home/airflow/.local/lib/python3.12/site-packages/airflow/example_dags/tutorial_dag.py took 0.070 seconds
[2024-11-15T05:21:41.527+0000] {processor.py:186} INFO - Started process (PID=268) to work on /home/airflow/.local/lib/python3.12/site-packages/airflow/example_dags/tutorial_dag.py
[2024-11-15T05:21:41.529+0000] {processor.py:914} INFO - Processing file /home/airflow/.local/lib/python3.12/site-packages/airflow/example_dags/tutorial_dag.py for tasks to queue
[2024-11-15T05:21:41.531+0000] {logging_mixin.py:190} INFO - [2024-11-15T05:21:41.531+0000] {dagbag.py:588} INFO - Filling up the DagBag from /home/airflow/.local/lib/python3.12/site-packages/airflow/example_dags/tutorial_dag.py
[2024-11-15T05:21:41.540+0000] {processor.py:925} INFO - DAG(s) 'tutorial_dag' retrieved from /home/airflow/.local/lib/python3.12/site-packages/airflow/example_dags/tutorial_dag.py
[2024-11-15T05:21:41.560+0000] {logging_mixin.py:190} INFO - [2024-11-15T05:21:41.559+0000] {dag.py:3239} INFO - Sync 1 DAGs
[2024-11-15T05:21:41.574+0000] {logging_mixin.py:190} INFO - [2024-11-15T05:21:41.574+0000] {dag.py:4180} INFO - Setting next_dagrun for tutorial_dag to None, run_after=None
[2024-11-15T05:21:41.598+0000] {processor.py:208} INFO - Processing /home/airflow/.local/lib/python3.12/site-packages/airflow/example_dags/tutorial_dag.py took 0.076 seconds
[2024-11-15T05:22:12.530+0000] {processor.py:186} INFO - Started process (PID=332) to work on /home/airflow/.local/lib/python3.12/site-packages/airflow/example_dags/tutorial_dag.py
[2024-11-15T05:22:12.531+0000] {processor.py:914} INFO - Processing file /home/airflow/.local/lib/python3.12/site-packages/airflow/example_dags/tutorial_dag.py for tasks to queue
[2024-11-15T05:22:12.533+0000] {logging_mixin.py:190} INFO - [2024-11-15T05:22:12.533+0000] {dagbag.py:588} INFO - Filling up the DagBag from /home/airflow/.local/lib/python3.12/site-packages/airflow/example_dags/tutorial_dag.py
[2024-11-15T05:22:12.541+0000] {processor.py:925} INFO - DAG(s) 'tutorial_dag' retrieved from /home/airflow/.local/lib/python3.12/site-packages/airflow/example_dags/tutorial_dag.py
[2024-11-15T05:22:12.563+0000] {logging_mixin.py:190} INFO - [2024-11-15T05:22:12.563+0000] {dag.py:3239} INFO - Sync 1 DAGs
[2024-11-15T05:22:12.576+0000] {logging_mixin.py:190} INFO - [2024-11-15T05:22:12.576+0000] {dag.py:4180} INFO - Setting next_dagrun for tutorial_dag to None, run_after=None
[2024-11-15T05:22:12.598+0000] {processor.py:208} INFO - Processing /home/airflow/.local/lib/python3.12/site-packages/airflow/example_dags/tutorial_dag.py took 0.074 seconds
[2024-11-15T05:22:43.045+0000] {processor.py:186} INFO - Started process (PID=396) to work on /home/airflow/.local/lib/python3.12/site-packages/airflow/example_dags/tutorial_dag.py
[2024-11-15T05:22:43.046+0000] {processor.py:914} INFO - Processing file /home/airflow/.local/lib/python3.12/site-packages/airflow/example_dags/tutorial_dag.py for tasks to queue
[2024-11-15T05:22:43.050+0000] {logging_mixin.py:190} INFO - [2024-11-15T05:22:43.049+0000] {dagbag.py:588} INFO - Filling up the DagBag from /home/airflow/.local/lib/python3.12/site-packages/airflow/example_dags/tutorial_dag.py
[2024-11-15T05:22:43.060+0000] {processor.py:925} INFO - DAG(s) 'tutorial_dag' retrieved from /home/airflow/.local/lib/python3.12/site-packages/airflow/example_dags/tutorial_dag.py
[2024-11-15T05:22:43.087+0000] {logging_mixin.py:190} INFO - [2024-11-15T05:22:43.087+0000] {dag.py:3239} INFO - Sync 1 DAGs
[2024-11-15T05:22:43.111+0000] {logging_mixin.py:190} INFO - [2024-11-15T05:22:43.111+0000] {dag.py:4180} INFO - Setting next_dagrun for tutorial_dag to None, run_after=None
[2024-11-15T05:22:43.141+0000] {processor.py:208} INFO - Processing /home/airflow/.local/lib/python3.12/site-packages/airflow/example_dags/tutorial_dag.py took 0.105 seconds
