[2024-11-15T05:12:43.582+0000] {processor.py:186} INFO - Started process (PID=66) to work on /home/airflow/.local/lib/python3.12/site-packages/airflow/example_dags/tutorial_taskflow_api.py
[2024-11-15T05:12:43.583+0000] {processor.py:914} INFO - Processing file /home/airflow/.local/lib/python3.12/site-packages/airflow/example_dags/tutorial_taskflow_api.py for tasks to queue
[2024-11-15T05:12:43.588+0000] {logging_mixin.py:190} INFO - [2024-11-15T05:12:43.587+0000] {dagbag.py:588} INFO - Filling up the DagBag from /home/airflow/.local/lib/python3.12/site-packages/airflow/example_dags/tutorial_taskflow_api.py
[2024-11-15T05:12:43.605+0000] {processor.py:925} INFO - DAG(s) 'tutorial_taskflow_api' retrieved from /home/airflow/.local/lib/python3.12/site-packages/airflow/example_dags/tutorial_taskflow_api.py
[2024-11-15T05:12:43.777+0000] {logging_mixin.py:190} INFO - [2024-11-15T05:12:43.776+0000] {override.py:1911} INFO - Created Permission View: can delete on DAG:tutorial_taskflow_api
[2024-11-15T05:12:43.793+0000] {logging_mixin.py:190} INFO - [2024-11-15T05:12:43.793+0000] {override.py:1911} INFO - Created Permission View: can edit on DAG:tutorial_taskflow_api
[2024-11-15T05:12:43.805+0000] {logging_mixin.py:190} INFO - [2024-11-15T05:12:43.805+0000] {override.py:1911} INFO - Created Permission View: can read on DAG:tutorial_taskflow_api
[2024-11-15T05:12:43.824+0000] {logging_mixin.py:190} INFO - [2024-11-15T05:12:43.823+0000] {override.py:1911} INFO - Created Permission View: can create on DAG Run:tutorial_taskflow_api
[2024-11-15T05:12:43.835+0000] {logging_mixin.py:190} INFO - [2024-11-15T05:12:43.835+0000] {override.py:1911} INFO - Created Permission View: can delete on DAG Run:tutorial_taskflow_api
[2024-11-15T05:12:43.848+0000] {logging_mixin.py:190} INFO - [2024-11-15T05:12:43.848+0000] {override.py:1911} INFO - Created Permission View: menu access on DAG Run:tutorial_taskflow_api
[2024-11-15T05:12:43.863+0000] {logging_mixin.py:190} INFO - [2024-11-15T05:12:43.863+0000] {override.py:1911} INFO - Created Permission View: can read on DAG Run:tutorial_taskflow_api
[2024-11-15T05:12:43.865+0000] {logging_mixin.py:190} INFO - [2024-11-15T05:12:43.864+0000] {dag.py:3239} INFO - Sync 1 DAGs
[2024-11-15T05:12:43.883+0000] {logging_mixin.py:190} INFO - [2024-11-15T05:12:43.883+0000] {dag.py:3262} INFO - Creating ORM DAG for tutorial_taskflow_api
[2024-11-15T05:12:43.885+0000] {logging_mixin.py:190} INFO - [2024-11-15T05:12:43.884+0000] {dag.py:4180} INFO - Setting next_dagrun for tutorial_taskflow_api to None, run_after=None
[2024-11-15T05:12:43.916+0000] {processor.py:208} INFO - Processing /home/airflow/.local/lib/python3.12/site-packages/airflow/example_dags/tutorial_taskflow_api.py took 0.345 seconds
[2024-11-15T05:13:14.403+0000] {processor.py:186} INFO - Started process (PID=130) to work on /home/airflow/.local/lib/python3.12/site-packages/airflow/example_dags/tutorial_taskflow_api.py
[2024-11-15T05:13:14.404+0000] {processor.py:914} INFO - Processing file /home/airflow/.local/lib/python3.12/site-packages/airflow/example_dags/tutorial_taskflow_api.py for tasks to queue
[2024-11-15T05:13:14.408+0000] {logging_mixin.py:190} INFO - [2024-11-15T05:13:14.407+0000] {dagbag.py:588} INFO - Filling up the DagBag from /home/airflow/.local/lib/python3.12/site-packages/airflow/example_dags/tutorial_taskflow_api.py
[2024-11-15T05:13:14.418+0000] {processor.py:925} INFO - DAG(s) 'tutorial_taskflow_api' retrieved from /home/airflow/.local/lib/python3.12/site-packages/airflow/example_dags/tutorial_taskflow_api.py
[2024-11-15T05:13:14.442+0000] {logging_mixin.py:190} INFO - [2024-11-15T05:13:14.442+0000] {dag.py:3239} INFO - Sync 1 DAGs
[2024-11-15T05:13:14.459+0000] {logging_mixin.py:190} INFO - [2024-11-15T05:13:14.459+0000] {dag.py:4180} INFO - Setting next_dagrun for tutorial_taskflow_api to None, run_after=None
[2024-11-15T05:13:14.488+0000] {processor.py:208} INFO - Processing /home/airflow/.local/lib/python3.12/site-packages/airflow/example_dags/tutorial_taskflow_api.py took 0.092 seconds
[2024-11-15T05:13:45.820+0000] {processor.py:186} INFO - Started process (PID=203) to work on /home/airflow/.local/lib/python3.12/site-packages/airflow/example_dags/tutorial_taskflow_api.py
[2024-11-15T05:13:45.821+0000] {processor.py:914} INFO - Processing file /home/airflow/.local/lib/python3.12/site-packages/airflow/example_dags/tutorial_taskflow_api.py for tasks to queue
[2024-11-15T05:13:45.824+0000] {logging_mixin.py:190} INFO - [2024-11-15T05:13:45.824+0000] {dagbag.py:588} INFO - Filling up the DagBag from /home/airflow/.local/lib/python3.12/site-packages/airflow/example_dags/tutorial_taskflow_api.py
[2024-11-15T05:13:45.835+0000] {processor.py:925} INFO - DAG(s) 'tutorial_taskflow_api' retrieved from /home/airflow/.local/lib/python3.12/site-packages/airflow/example_dags/tutorial_taskflow_api.py
[2024-11-15T05:13:45.858+0000] {logging_mixin.py:190} INFO - [2024-11-15T05:13:45.858+0000] {dag.py:3239} INFO - Sync 1 DAGs
[2024-11-15T05:13:45.882+0000] {logging_mixin.py:190} INFO - [2024-11-15T05:13:45.882+0000] {dag.py:4180} INFO - Setting next_dagrun for tutorial_taskflow_api to None, run_after=None
[2024-11-15T05:13:45.908+0000] {processor.py:208} INFO - Processing /home/airflow/.local/lib/python3.12/site-packages/airflow/example_dags/tutorial_taskflow_api.py took 0.096 seconds
[2024-11-15T05:14:17.303+0000] {processor.py:186} INFO - Started process (PID=267) to work on /home/airflow/.local/lib/python3.12/site-packages/airflow/example_dags/tutorial_taskflow_api.py
[2024-11-15T05:14:17.305+0000] {processor.py:914} INFO - Processing file /home/airflow/.local/lib/python3.12/site-packages/airflow/example_dags/tutorial_taskflow_api.py for tasks to queue
[2024-11-15T05:14:17.308+0000] {logging_mixin.py:190} INFO - [2024-11-15T05:14:17.308+0000] {dagbag.py:588} INFO - Filling up the DagBag from /home/airflow/.local/lib/python3.12/site-packages/airflow/example_dags/tutorial_taskflow_api.py
[2024-11-15T05:14:17.320+0000] {processor.py:925} INFO - DAG(s) 'tutorial_taskflow_api' retrieved from /home/airflow/.local/lib/python3.12/site-packages/airflow/example_dags/tutorial_taskflow_api.py
[2024-11-15T05:14:17.347+0000] {logging_mixin.py:190} INFO - [2024-11-15T05:14:17.347+0000] {dag.py:3239} INFO - Sync 1 DAGs
[2024-11-15T05:14:17.372+0000] {logging_mixin.py:190} INFO - [2024-11-15T05:14:17.372+0000] {dag.py:4180} INFO - Setting next_dagrun for tutorial_taskflow_api to None, run_after=None
[2024-11-15T05:14:17.402+0000] {processor.py:208} INFO - Processing /home/airflow/.local/lib/python3.12/site-packages/airflow/example_dags/tutorial_taskflow_api.py took 0.106 seconds
[2024-11-15T05:14:48.058+0000] {processor.py:186} INFO - Started process (PID=331) to work on /home/airflow/.local/lib/python3.12/site-packages/airflow/example_dags/tutorial_taskflow_api.py
[2024-11-15T05:14:48.059+0000] {processor.py:914} INFO - Processing file /home/airflow/.local/lib/python3.12/site-packages/airflow/example_dags/tutorial_taskflow_api.py for tasks to queue
[2024-11-15T05:14:48.062+0000] {logging_mixin.py:190} INFO - [2024-11-15T05:14:48.061+0000] {dagbag.py:588} INFO - Filling up the DagBag from /home/airflow/.local/lib/python3.12/site-packages/airflow/example_dags/tutorial_taskflow_api.py
[2024-11-15T05:14:48.072+0000] {processor.py:925} INFO - DAG(s) 'tutorial_taskflow_api' retrieved from /home/airflow/.local/lib/python3.12/site-packages/airflow/example_dags/tutorial_taskflow_api.py
[2024-11-15T05:14:48.093+0000] {logging_mixin.py:190} INFO - [2024-11-15T05:14:48.093+0000] {dag.py:3239} INFO - Sync 1 DAGs
[2024-11-15T05:14:48.109+0000] {logging_mixin.py:190} INFO - [2024-11-15T05:14:48.108+0000] {dag.py:4180} INFO - Setting next_dagrun for tutorial_taskflow_api to None, run_after=None
[2024-11-15T05:14:48.135+0000] {processor.py:208} INFO - Processing /home/airflow/.local/lib/python3.12/site-packages/airflow/example_dags/tutorial_taskflow_api.py took 0.083 seconds
[2024-11-15T05:15:19.455+0000] {processor.py:186} INFO - Started process (PID=422) to work on /home/airflow/.local/lib/python3.12/site-packages/airflow/example_dags/tutorial_taskflow_api.py
[2024-11-15T05:15:19.456+0000] {processor.py:914} INFO - Processing file /home/airflow/.local/lib/python3.12/site-packages/airflow/example_dags/tutorial_taskflow_api.py for tasks to queue
[2024-11-15T05:15:19.460+0000] {logging_mixin.py:190} INFO - [2024-11-15T05:15:19.459+0000] {dagbag.py:588} INFO - Filling up the DagBag from /home/airflow/.local/lib/python3.12/site-packages/airflow/example_dags/tutorial_taskflow_api.py
[2024-11-15T05:15:19.470+0000] {processor.py:925} INFO - DAG(s) 'tutorial_taskflow_api' retrieved from /home/airflow/.local/lib/python3.12/site-packages/airflow/example_dags/tutorial_taskflow_api.py
[2024-11-15T05:15:19.503+0000] {logging_mixin.py:190} INFO - [2024-11-15T05:15:19.502+0000] {dag.py:3239} INFO - Sync 1 DAGs
[2024-11-15T05:15:19.526+0000] {logging_mixin.py:190} INFO - [2024-11-15T05:15:19.526+0000] {dag.py:4180} INFO - Setting next_dagrun for tutorial_taskflow_api to None, run_after=None
[2024-11-15T05:15:19.566+0000] {processor.py:208} INFO - Processing /home/airflow/.local/lib/python3.12/site-packages/airflow/example_dags/tutorial_taskflow_api.py took 0.124 seconds
[2024-11-15T05:15:51.239+0000] {processor.py:186} INFO - Started process (PID=498) to work on /home/airflow/.local/lib/python3.12/site-packages/airflow/example_dags/tutorial_taskflow_api.py
[2024-11-15T05:15:51.241+0000] {processor.py:914} INFO - Processing file /home/airflow/.local/lib/python3.12/site-packages/airflow/example_dags/tutorial_taskflow_api.py for tasks to queue
[2024-11-15T05:15:51.244+0000] {logging_mixin.py:190} INFO - [2024-11-15T05:15:51.244+0000] {dagbag.py:588} INFO - Filling up the DagBag from /home/airflow/.local/lib/python3.12/site-packages/airflow/example_dags/tutorial_taskflow_api.py
[2024-11-15T05:15:51.258+0000] {processor.py:925} INFO - DAG(s) 'tutorial_taskflow_api' retrieved from /home/airflow/.local/lib/python3.12/site-packages/airflow/example_dags/tutorial_taskflow_api.py
[2024-11-15T05:15:51.286+0000] {logging_mixin.py:190} INFO - [2024-11-15T05:15:51.286+0000] {dag.py:3239} INFO - Sync 1 DAGs
[2024-11-15T05:15:51.308+0000] {logging_mixin.py:190} INFO - [2024-11-15T05:15:51.308+0000] {dag.py:4180} INFO - Setting next_dagrun for tutorial_taskflow_api to None, run_after=None
[2024-11-15T05:15:51.339+0000] {processor.py:208} INFO - Processing /home/airflow/.local/lib/python3.12/site-packages/airflow/example_dags/tutorial_taskflow_api.py took 0.114 seconds
[2024-11-15T05:16:22.295+0000] {processor.py:186} INFO - Started process (PID=562) to work on /home/airflow/.local/lib/python3.12/site-packages/airflow/example_dags/tutorial_taskflow_api.py
[2024-11-15T05:16:22.296+0000] {processor.py:914} INFO - Processing file /home/airflow/.local/lib/python3.12/site-packages/airflow/example_dags/tutorial_taskflow_api.py for tasks to queue
[2024-11-15T05:16:22.300+0000] {logging_mixin.py:190} INFO - [2024-11-15T05:16:22.299+0000] {dagbag.py:588} INFO - Filling up the DagBag from /home/airflow/.local/lib/python3.12/site-packages/airflow/example_dags/tutorial_taskflow_api.py
[2024-11-15T05:16:22.308+0000] {processor.py:925} INFO - DAG(s) 'tutorial_taskflow_api' retrieved from /home/airflow/.local/lib/python3.12/site-packages/airflow/example_dags/tutorial_taskflow_api.py
[2024-11-15T05:16:22.332+0000] {logging_mixin.py:190} INFO - [2024-11-15T05:16:22.331+0000] {dag.py:3239} INFO - Sync 1 DAGs
[2024-11-15T05:16:22.352+0000] {logging_mixin.py:190} INFO - [2024-11-15T05:16:22.351+0000] {dag.py:4180} INFO - Setting next_dagrun for tutorial_taskflow_api to None, run_after=None
[2024-11-15T05:16:22.374+0000] {processor.py:208} INFO - Processing /home/airflow/.local/lib/python3.12/site-packages/airflow/example_dags/tutorial_taskflow_api.py took 0.089 seconds
[2024-11-15T05:16:53.307+0000] {processor.py:186} INFO - Started process (PID=626) to work on /home/airflow/.local/lib/python3.12/site-packages/airflow/example_dags/tutorial_taskflow_api.py
[2024-11-15T05:16:53.308+0000] {processor.py:914} INFO - Processing file /home/airflow/.local/lib/python3.12/site-packages/airflow/example_dags/tutorial_taskflow_api.py for tasks to queue
[2024-11-15T05:16:53.311+0000] {logging_mixin.py:190} INFO - [2024-11-15T05:16:53.311+0000] {dagbag.py:588} INFO - Filling up the DagBag from /home/airflow/.local/lib/python3.12/site-packages/airflow/example_dags/tutorial_taskflow_api.py
[2024-11-15T05:16:53.323+0000] {processor.py:925} INFO - DAG(s) 'tutorial_taskflow_api' retrieved from /home/airflow/.local/lib/python3.12/site-packages/airflow/example_dags/tutorial_taskflow_api.py
[2024-11-15T05:16:53.343+0000] {logging_mixin.py:190} INFO - [2024-11-15T05:16:53.343+0000] {dag.py:3239} INFO - Sync 1 DAGs
[2024-11-15T05:16:53.356+0000] {logging_mixin.py:190} INFO - [2024-11-15T05:16:53.356+0000] {dag.py:4180} INFO - Setting next_dagrun for tutorial_taskflow_api to None, run_after=None
[2024-11-15T05:16:53.379+0000] {processor.py:208} INFO - Processing /home/airflow/.local/lib/python3.12/site-packages/airflow/example_dags/tutorial_taskflow_api.py took 0.080 seconds
[2024-11-15T05:17:24.592+0000] {processor.py:186} INFO - Started process (PID=690) to work on /home/airflow/.local/lib/python3.12/site-packages/airflow/example_dags/tutorial_taskflow_api.py
[2024-11-15T05:17:24.593+0000] {processor.py:914} INFO - Processing file /home/airflow/.local/lib/python3.12/site-packages/airflow/example_dags/tutorial_taskflow_api.py for tasks to queue
[2024-11-15T05:17:24.596+0000] {logging_mixin.py:190} INFO - [2024-11-15T05:17:24.595+0000] {dagbag.py:588} INFO - Filling up the DagBag from /home/airflow/.local/lib/python3.12/site-packages/airflow/example_dags/tutorial_taskflow_api.py
[2024-11-15T05:17:24.603+0000] {processor.py:925} INFO - DAG(s) 'tutorial_taskflow_api' retrieved from /home/airflow/.local/lib/python3.12/site-packages/airflow/example_dags/tutorial_taskflow_api.py
[2024-11-15T05:17:24.621+0000] {logging_mixin.py:190} INFO - [2024-11-15T05:17:24.620+0000] {dag.py:3239} INFO - Sync 1 DAGs
[2024-11-15T05:17:24.634+0000] {logging_mixin.py:190} INFO - [2024-11-15T05:17:24.634+0000] {dag.py:4180} INFO - Setting next_dagrun for tutorial_taskflow_api to None, run_after=None
[2024-11-15T05:17:24.654+0000] {processor.py:208} INFO - Processing /home/airflow/.local/lib/python3.12/site-packages/airflow/example_dags/tutorial_taskflow_api.py took 0.070 seconds
[2024-11-15T05:17:55.978+0000] {processor.py:186} INFO - Started process (PID=754) to work on /home/airflow/.local/lib/python3.12/site-packages/airflow/example_dags/tutorial_taskflow_api.py
[2024-11-15T05:17:55.980+0000] {processor.py:914} INFO - Processing file /home/airflow/.local/lib/python3.12/site-packages/airflow/example_dags/tutorial_taskflow_api.py for tasks to queue
[2024-11-15T05:17:55.982+0000] {logging_mixin.py:190} INFO - [2024-11-15T05:17:55.982+0000] {dagbag.py:588} INFO - Filling up the DagBag from /home/airflow/.local/lib/python3.12/site-packages/airflow/example_dags/tutorial_taskflow_api.py
[2024-11-15T05:17:55.990+0000] {processor.py:925} INFO - DAG(s) 'tutorial_taskflow_api' retrieved from /home/airflow/.local/lib/python3.12/site-packages/airflow/example_dags/tutorial_taskflow_api.py
[2024-11-15T05:17:56.010+0000] {logging_mixin.py:190} INFO - [2024-11-15T05:17:56.010+0000] {dag.py:3239} INFO - Sync 1 DAGs
[2024-11-15T05:17:56.023+0000] {logging_mixin.py:190} INFO - [2024-11-15T05:17:56.023+0000] {dag.py:4180} INFO - Setting next_dagrun for tutorial_taskflow_api to None, run_after=None
[2024-11-15T05:17:56.048+0000] {processor.py:208} INFO - Processing /home/airflow/.local/lib/python3.12/site-packages/airflow/example_dags/tutorial_taskflow_api.py took 0.077 seconds
[2024-11-15T05:20:06.797+0000] {processor.py:186} INFO - Started process (PID=66) to work on /home/airflow/.local/lib/python3.12/site-packages/airflow/example_dags/tutorial_taskflow_api.py
[2024-11-15T05:20:06.799+0000] {processor.py:914} INFO - Processing file /home/airflow/.local/lib/python3.12/site-packages/airflow/example_dags/tutorial_taskflow_api.py for tasks to queue
[2024-11-15T05:20:06.804+0000] {logging_mixin.py:190} INFO - [2024-11-15T05:20:06.803+0000] {dagbag.py:588} INFO - Filling up the DagBag from /home/airflow/.local/lib/python3.12/site-packages/airflow/example_dags/tutorial_taskflow_api.py
[2024-11-15T05:20:06.817+0000] {processor.py:925} INFO - DAG(s) 'tutorial_taskflow_api' retrieved from /home/airflow/.local/lib/python3.12/site-packages/airflow/example_dags/tutorial_taskflow_api.py
[2024-11-15T05:20:07.010+0000] {logging_mixin.py:190} INFO - [2024-11-15T05:20:07.008+0000] {override.py:1911} INFO - Created Permission View: can delete on DAG:tutorial_taskflow_api
[2024-11-15T05:20:07.026+0000] {logging_mixin.py:190} INFO - [2024-11-15T05:20:07.025+0000] {override.py:1911} INFO - Created Permission View: can edit on DAG:tutorial_taskflow_api
[2024-11-15T05:20:07.041+0000] {logging_mixin.py:190} INFO - [2024-11-15T05:20:07.041+0000] {override.py:1911} INFO - Created Permission View: can read on DAG:tutorial_taskflow_api
[2024-11-15T05:20:07.057+0000] {logging_mixin.py:190} INFO - [2024-11-15T05:20:07.057+0000] {override.py:1911} INFO - Created Permission View: can delete on DAG Run:tutorial_taskflow_api
[2024-11-15T05:20:07.072+0000] {logging_mixin.py:190} INFO - [2024-11-15T05:20:07.071+0000] {override.py:1911} INFO - Created Permission View: can read on DAG Run:tutorial_taskflow_api
[2024-11-15T05:20:07.085+0000] {logging_mixin.py:190} INFO - [2024-11-15T05:20:07.084+0000] {override.py:1911} INFO - Created Permission View: can create on DAG Run:tutorial_taskflow_api
[2024-11-15T05:20:07.097+0000] {logging_mixin.py:190} INFO - [2024-11-15T05:20:07.097+0000] {override.py:1911} INFO - Created Permission View: menu access on DAG Run:tutorial_taskflow_api
[2024-11-15T05:20:07.098+0000] {logging_mixin.py:190} INFO - [2024-11-15T05:20:07.098+0000] {dag.py:3239} INFO - Sync 1 DAGs
[2024-11-15T05:20:07.118+0000] {logging_mixin.py:190} INFO - [2024-11-15T05:20:07.117+0000] {dag.py:3262} INFO - Creating ORM DAG for tutorial_taskflow_api
[2024-11-15T05:20:07.119+0000] {logging_mixin.py:190} INFO - [2024-11-15T05:20:07.119+0000] {dag.py:4180} INFO - Setting next_dagrun for tutorial_taskflow_api to None, run_after=None
[2024-11-15T05:20:07.151+0000] {processor.py:208} INFO - Processing /home/airflow/.local/lib/python3.12/site-packages/airflow/example_dags/tutorial_taskflow_api.py took 0.363 seconds
[2024-11-15T05:20:37.302+0000] {processor.py:186} INFO - Started process (PID=130) to work on /home/airflow/.local/lib/python3.12/site-packages/airflow/example_dags/tutorial_taskflow_api.py
[2024-11-15T05:20:37.303+0000] {processor.py:914} INFO - Processing file /home/airflow/.local/lib/python3.12/site-packages/airflow/example_dags/tutorial_taskflow_api.py for tasks to queue
[2024-11-15T05:20:37.306+0000] {logging_mixin.py:190} INFO - [2024-11-15T05:20:37.305+0000] {dagbag.py:588} INFO - Filling up the DagBag from /home/airflow/.local/lib/python3.12/site-packages/airflow/example_dags/tutorial_taskflow_api.py
[2024-11-15T05:20:37.314+0000] {processor.py:925} INFO - DAG(s) 'tutorial_taskflow_api' retrieved from /home/airflow/.local/lib/python3.12/site-packages/airflow/example_dags/tutorial_taskflow_api.py
[2024-11-15T05:20:37.337+0000] {logging_mixin.py:190} INFO - [2024-11-15T05:20:37.336+0000] {dag.py:3239} INFO - Sync 1 DAGs
[2024-11-15T05:20:37.357+0000] {logging_mixin.py:190} INFO - [2024-11-15T05:20:37.357+0000] {dag.py:4180} INFO - Setting next_dagrun for tutorial_taskflow_api to None, run_after=None
[2024-11-15T05:20:37.383+0000] {processor.py:208} INFO - Processing /home/airflow/.local/lib/python3.12/site-packages/airflow/example_dags/tutorial_taskflow_api.py took 0.088 seconds
[2024-11-15T05:21:08.048+0000] {processor.py:186} INFO - Started process (PID=194) to work on /home/airflow/.local/lib/python3.12/site-packages/airflow/example_dags/tutorial_taskflow_api.py
[2024-11-15T05:21:08.049+0000] {processor.py:914} INFO - Processing file /home/airflow/.local/lib/python3.12/site-packages/airflow/example_dags/tutorial_taskflow_api.py for tasks to queue
[2024-11-15T05:21:08.053+0000] {logging_mixin.py:190} INFO - [2024-11-15T05:21:08.052+0000] {dagbag.py:588} INFO - Filling up the DagBag from /home/airflow/.local/lib/python3.12/site-packages/airflow/example_dags/tutorial_taskflow_api.py
[2024-11-15T05:21:08.064+0000] {processor.py:925} INFO - DAG(s) 'tutorial_taskflow_api' retrieved from /home/airflow/.local/lib/python3.12/site-packages/airflow/example_dags/tutorial_taskflow_api.py
[2024-11-15T05:21:08.088+0000] {logging_mixin.py:190} INFO - [2024-11-15T05:21:08.087+0000] {dag.py:3239} INFO - Sync 1 DAGs
[2024-11-15T05:21:08.106+0000] {logging_mixin.py:190} INFO - [2024-11-15T05:21:08.105+0000] {dag.py:4180} INFO - Setting next_dagrun for tutorial_taskflow_api to None, run_after=None
[2024-11-15T05:21:08.132+0000] {processor.py:208} INFO - Processing /home/airflow/.local/lib/python3.12/site-packages/airflow/example_dags/tutorial_taskflow_api.py took 0.093 seconds
[2024-11-15T05:21:38.862+0000] {processor.py:186} INFO - Started process (PID=258) to work on /home/airflow/.local/lib/python3.12/site-packages/airflow/example_dags/tutorial_taskflow_api.py
[2024-11-15T05:21:38.863+0000] {processor.py:914} INFO - Processing file /home/airflow/.local/lib/python3.12/site-packages/airflow/example_dags/tutorial_taskflow_api.py for tasks to queue
[2024-11-15T05:21:38.866+0000] {logging_mixin.py:190} INFO - [2024-11-15T05:21:38.866+0000] {dagbag.py:588} INFO - Filling up the DagBag from /home/airflow/.local/lib/python3.12/site-packages/airflow/example_dags/tutorial_taskflow_api.py
[2024-11-15T05:21:38.877+0000] {processor.py:925} INFO - DAG(s) 'tutorial_taskflow_api' retrieved from /home/airflow/.local/lib/python3.12/site-packages/airflow/example_dags/tutorial_taskflow_api.py
[2024-11-15T05:21:38.900+0000] {logging_mixin.py:190} INFO - [2024-11-15T05:21:38.900+0000] {dag.py:3239} INFO - Sync 1 DAGs
[2024-11-15T05:21:38.914+0000] {logging_mixin.py:190} INFO - [2024-11-15T05:21:38.914+0000] {dag.py:4180} INFO - Setting next_dagrun for tutorial_taskflow_api to None, run_after=None
[2024-11-15T05:21:38.939+0000] {processor.py:208} INFO - Processing /home/airflow/.local/lib/python3.12/site-packages/airflow/example_dags/tutorial_taskflow_api.py took 0.084 seconds
[2024-11-15T05:22:09.948+0000] {processor.py:186} INFO - Started process (PID=322) to work on /home/airflow/.local/lib/python3.12/site-packages/airflow/example_dags/tutorial_taskflow_api.py
[2024-11-15T05:22:09.949+0000] {processor.py:914} INFO - Processing file /home/airflow/.local/lib/python3.12/site-packages/airflow/example_dags/tutorial_taskflow_api.py for tasks to queue
[2024-11-15T05:22:09.952+0000] {logging_mixin.py:190} INFO - [2024-11-15T05:22:09.951+0000] {dagbag.py:588} INFO - Filling up the DagBag from /home/airflow/.local/lib/python3.12/site-packages/airflow/example_dags/tutorial_taskflow_api.py
[2024-11-15T05:22:09.962+0000] {processor.py:925} INFO - DAG(s) 'tutorial_taskflow_api' retrieved from /home/airflow/.local/lib/python3.12/site-packages/airflow/example_dags/tutorial_taskflow_api.py
[2024-11-15T05:22:09.979+0000] {logging_mixin.py:190} INFO - [2024-11-15T05:22:09.978+0000] {dag.py:3239} INFO - Sync 1 DAGs
[2024-11-15T05:22:09.992+0000] {logging_mixin.py:190} INFO - [2024-11-15T05:22:09.992+0000] {dag.py:4180} INFO - Setting next_dagrun for tutorial_taskflow_api to None, run_after=None
[2024-11-15T05:22:10.013+0000] {processor.py:208} INFO - Processing /home/airflow/.local/lib/python3.12/site-packages/airflow/example_dags/tutorial_taskflow_api.py took 0.074 seconds
[2024-11-15T05:22:41.228+0000] {processor.py:186} INFO - Started process (PID=386) to work on /home/airflow/.local/lib/python3.12/site-packages/airflow/example_dags/tutorial_taskflow_api.py
[2024-11-15T05:22:41.230+0000] {processor.py:914} INFO - Processing file /home/airflow/.local/lib/python3.12/site-packages/airflow/example_dags/tutorial_taskflow_api.py for tasks to queue
[2024-11-15T05:22:41.234+0000] {logging_mixin.py:190} INFO - [2024-11-15T05:22:41.233+0000] {dagbag.py:588} INFO - Filling up the DagBag from /home/airflow/.local/lib/python3.12/site-packages/airflow/example_dags/tutorial_taskflow_api.py
[2024-11-15T05:22:41.246+0000] {processor.py:925} INFO - DAG(s) 'tutorial_taskflow_api' retrieved from /home/airflow/.local/lib/python3.12/site-packages/airflow/example_dags/tutorial_taskflow_api.py
[2024-11-15T05:22:41.275+0000] {logging_mixin.py:190} INFO - [2024-11-15T05:22:41.275+0000] {dag.py:3239} INFO - Sync 1 DAGs
[2024-11-15T05:22:41.299+0000] {logging_mixin.py:190} INFO - [2024-11-15T05:22:41.298+0000] {dag.py:4180} INFO - Setting next_dagrun for tutorial_taskflow_api to None, run_after=None
[2024-11-15T05:22:41.332+0000] {processor.py:208} INFO - Processing /home/airflow/.local/lib/python3.12/site-packages/airflow/example_dags/tutorial_taskflow_api.py took 0.111 seconds
