[2024-11-15T07:13:36.497+0000] {local_task_job_runner.py:123} INFO - ::group::Pre task execution logs
[2024-11-15T07:13:36.519+0000] {taskinstance.py:2613} INFO - Dependencies all met for dep_context=non-requeueable deps ti=<TaskInstance: email_pipeline.run_result_script manual__2024-11-15T07:13:35.197149+00:00 [queued]>
[2024-11-15T07:13:36.535+0000] {taskinstance.py:2613} INFO - Dependencies all met for dep_context=requeueable deps ti=<TaskInstance: email_pipeline.run_result_script manual__2024-11-15T07:13:35.197149+00:00 [queued]>
[2024-11-15T07:13:36.535+0000] {taskinstance.py:2866} INFO - Starting attempt 1 of 2
[2024-11-15T07:13:36.557+0000] {taskinstance.py:2889} INFO - Executing <Task(BashOperator): run_result_script> on 2024-11-15 07:13:35.197149+00:00
[2024-11-15T07:13:36.563+0000] {warnings.py:112} WARNING - /home/***/.local/lib/python3.12/site-packages/***/task/task_runner/standard_task_runner.py:70: DeprecationWarning: This process (pid=365) is multi-threaded, use of fork() may lead to deadlocks in the child.
  pid = os.fork()

[2024-11-15T07:13:36.565+0000] {standard_task_runner.py:72} INFO - Started process 366 to run task
[2024-11-15T07:13:36.565+0000] {standard_task_runner.py:104} INFO - Running: ['***', 'tasks', 'run', 'email_pipeline', 'run_result_script', 'manual__2024-11-15T07:13:35.197149+00:00', '--job-id', '11', '--raw', '--subdir', 'DAGS_FOLDER/workflow.py', '--cfg-path', '/tmp/tmp7b06fu57']
[2024-11-15T07:13:36.566+0000] {standard_task_runner.py:105} INFO - Job 11: Subtask run_result_script
[2024-11-15T07:13:36.645+0000] {task_command.py:467} INFO - Running <TaskInstance: email_pipeline.run_result_script manual__2024-11-15T07:13:35.197149+00:00 [running]> on host 1d9b6efd6c03
[2024-11-15T07:13:36.784+0000] {taskinstance.py:3132} INFO - Exporting env vars: AIRFLOW_CTX_DAG_OWNER='***' AIRFLOW_CTX_DAG_ID='email_pipeline' AIRFLOW_CTX_TASK_ID='run_result_script' AIRFLOW_CTX_EXECUTION_DATE='2024-11-15T07:13:35.197149+00:00' AIRFLOW_CTX_TRY_NUMBER='1' AIRFLOW_CTX_DAG_RUN_ID='manual__2024-11-15T07:13:35.197149+00:00'
[2024-11-15T07:13:36.786+0000] {taskinstance.py:731} INFO - ::endgroup::
[2024-11-15T07:13:36.804+0000] {subprocess.py:78} INFO - Tmp dir root location: /tmp
[2024-11-15T07:13:36.807+0000] {subprocess.py:88} INFO - Running command: ['/usr/bin/bash', '-c', 'python /opt/***/dags/result.py']
[2024-11-15T07:13:36.817+0000] {subprocess.py:99} INFO - Output:
[2024-11-15T07:13:57.589+0000] {subprocess.py:110} INFO - Command exited with return code 0
[2024-11-15T07:13:57.616+0000] {taskinstance.py:340} INFO - ::group::Post task execution logs
[2024-11-15T07:13:57.617+0000] {taskinstance.py:352} INFO - Marking task as SUCCESS. dag_id=email_pipeline, task_id=run_result_script, run_id=manual__2024-11-15T07:13:35.197149+00:00, execution_date=20241115T071335, start_date=20241115T071336, end_date=20241115T071357
[2024-11-15T07:13:57.638+0000] {local_task_job_runner.py:266} INFO - Task exited with return code 0
[2024-11-15T07:13:57.653+0000] {taskinstance.py:3895} INFO - 0 downstream tasks scheduled from follow-on schedule check
[2024-11-15T07:13:57.659+0000] {local_task_job_runner.py:245} INFO - ::endgroup::
