[2024-11-15T07:55:53.234+0000] {local_task_job_runner.py:123} INFO - ::group::Pre task execution logs
[2024-11-15T07:55:53.273+0000] {taskinstance.py:2613} INFO - Dependencies all met for dep_context=non-requeueable deps ti=<TaskInstance: email_pipeline.run_result_script manual__2024-11-15T07:55:48.799231+00:00 [queued]>
[2024-11-15T07:55:53.298+0000] {taskinstance.py:2613} INFO - Dependencies all met for dep_context=requeueable deps ti=<TaskInstance: email_pipeline.run_result_script manual__2024-11-15T07:55:48.799231+00:00 [queued]>
[2024-11-15T07:55:53.299+0000] {taskinstance.py:2866} INFO - Starting attempt 1 of 2
[2024-11-15T07:55:53.327+0000] {taskinstance.py:2889} INFO - Executing <Task(BashOperator): run_result_script> on 2024-11-15 07:55:48.799231+00:00
[2024-11-15T07:55:53.336+0000] {warnings.py:112} WARNING - /home/***/.local/lib/python3.12/site-packages/***/task/task_runner/standard_task_runner.py:70: DeprecationWarning: This process (pid=61) is multi-threaded, use of fork() may lead to deadlocks in the child.
  pid = os.fork()

[2024-11-15T07:55:53.339+0000] {standard_task_runner.py:72} INFO - Started process 64 to run task
[2024-11-15T07:55:53.342+0000] {standard_task_runner.py:104} INFO - Running: ['***', 'tasks', 'run', 'email_pipeline', 'run_result_script', 'manual__2024-11-15T07:55:48.799231+00:00', '--job-id', '4', '--raw', '--subdir', 'DAGS_FOLDER/workflow.py', '--cfg-path', '/tmp/tmpqalzhf0r']
[2024-11-15T07:55:53.345+0000] {standard_task_runner.py:105} INFO - Job 4: Subtask run_result_script
[2024-11-15T07:55:53.452+0000] {task_command.py:467} INFO - Running <TaskInstance: email_pipeline.run_result_script manual__2024-11-15T07:55:48.799231+00:00 [running]> on host 64ec42a6425f
[2024-11-15T07:55:53.721+0000] {taskinstance.py:3132} INFO - Exporting env vars: AIRFLOW_CTX_DAG_OWNER='***' AIRFLOW_CTX_DAG_ID='email_pipeline' AIRFLOW_CTX_TASK_ID='run_result_script' AIRFLOW_CTX_EXECUTION_DATE='2024-11-15T07:55:48.799231+00:00' AIRFLOW_CTX_TRY_NUMBER='1' AIRFLOW_CTX_DAG_RUN_ID='manual__2024-11-15T07:55:48.799231+00:00'
[2024-11-15T07:55:53.723+0000] {taskinstance.py:731} INFO - ::endgroup::
[2024-11-15T07:55:53.893+0000] {subprocess.py:78} INFO - Tmp dir root location: /tmp
[2024-11-15T07:55:54.036+0000] {subprocess.py:88} INFO - Running command: ['/usr/bin/bash', '-c', 'python /opt/***/dags/result.py']
[2024-11-15T07:55:54.051+0000] {subprocess.py:99} INFO - Output:
[2024-11-15T07:56:14.660+0000] {subprocess.py:110} INFO - Command exited with return code 0
[2024-11-15T07:56:14.728+0000] {taskinstance.py:340} INFO - ::group::Post task execution logs
[2024-11-15T07:56:14.729+0000] {taskinstance.py:352} INFO - Marking task as SUCCESS. dag_id=email_pipeline, task_id=run_result_script, run_id=manual__2024-11-15T07:55:48.799231+00:00, execution_date=20241115T075548, start_date=20241115T075553, end_date=20241115T075614
[2024-11-15T07:56:14.772+0000] {local_task_job_runner.py:266} INFO - Task exited with return code 0
[2024-11-15T07:56:14.801+0000] {taskinstance.py:3895} INFO - 0 downstream tasks scheduled from follow-on schedule check
[2024-11-15T07:56:14.806+0000] {local_task_job_runner.py:245} INFO - ::endgroup::
