[2024-11-15T06:28:12.162+0000] {processor.py:186} INFO - Started process (PID=41) to work on /opt/airflow/dags/workflow.py
[2024-11-15T06:28:12.167+0000] {processor.py:914} INFO - Processing file /opt/airflow/dags/workflow.py for tasks to queue
[2024-11-15T06:28:12.174+0000] {logging_mixin.py:190} INFO - [2024-11-15T06:28:12.173+0000] {dagbag.py:588} INFO - Filling up the DagBag from /opt/airflow/dags/workflow.py
[2024-11-15T06:28:12.231+0000] {processor.py:925} INFO - DAG(s) 'email_pipeline' retrieved from /opt/airflow/dags/workflow.py
[2024-11-15T06:28:12.812+0000] {logging_mixin.py:190} INFO - [2024-11-15T06:28:12.809+0000] {override.py:1911} INFO - Created Permission View: can delete on DAG:email_pipeline
[2024-11-15T06:28:12.836+0000] {logging_mixin.py:190} INFO - [2024-11-15T06:28:12.836+0000] {override.py:1911} INFO - Created Permission View: can read on DAG:email_pipeline
[2024-11-15T06:28:12.855+0000] {logging_mixin.py:190} INFO - [2024-11-15T06:28:12.855+0000] {override.py:1911} INFO - Created Permission View: can edit on DAG:email_pipeline
[2024-11-15T06:28:12.873+0000] {logging_mixin.py:190} INFO - [2024-11-15T06:28:12.872+0000] {override.py:1911} INFO - Created Permission View: can delete on DAG Run:email_pipeline
[2024-11-15T06:28:12.886+0000] {logging_mixin.py:190} INFO - [2024-11-15T06:28:12.885+0000] {override.py:1911} INFO - Created Permission View: can read on DAG Run:email_pipeline
[2024-11-15T06:28:12.899+0000] {logging_mixin.py:190} INFO - [2024-11-15T06:28:12.898+0000] {override.py:1911} INFO - Created Permission View: can create on DAG Run:email_pipeline
[2024-11-15T06:28:12.916+0000] {logging_mixin.py:190} INFO - [2024-11-15T06:28:12.915+0000] {override.py:1911} INFO - Created Permission View: menu access on DAG Run:email_pipeline
[2024-11-15T06:28:12.917+0000] {logging_mixin.py:190} INFO - [2024-11-15T06:28:12.917+0000] {dag.py:3239} INFO - Sync 1 DAGs
[2024-11-15T06:28:12.946+0000] {logging_mixin.py:190} INFO - [2024-11-15T06:28:12.946+0000] {dag.py:3262} INFO - Creating ORM DAG for email_pipeline
[2024-11-15T06:28:12.975+0000] {logging_mixin.py:190} INFO - [2024-11-15T06:28:12.974+0000] {dag.py:4180} INFO - Setting next_dagrun for email_pipeline to 2024-11-15 06:20:00+00:00, run_after=2024-11-15 06:25:00+00:00
[2024-11-15T06:28:13.007+0000] {processor.py:208} INFO - Processing /opt/airflow/dags/workflow.py took 0.853 seconds
[2024-11-15T06:28:43.304+0000] {processor.py:186} INFO - Started process (PID=48) to work on /opt/airflow/dags/workflow.py
[2024-11-15T06:28:43.306+0000] {processor.py:914} INFO - Processing file /opt/airflow/dags/workflow.py for tasks to queue
[2024-11-15T06:28:43.310+0000] {logging_mixin.py:190} INFO - [2024-11-15T06:28:43.309+0000] {dagbag.py:588} INFO - Filling up the DagBag from /opt/airflow/dags/workflow.py
[2024-11-15T06:28:43.344+0000] {processor.py:925} INFO - DAG(s) 'email_pipeline' retrieved from /opt/airflow/dags/workflow.py
[2024-11-15T06:28:43.380+0000] {logging_mixin.py:190} INFO - [2024-11-15T06:28:43.380+0000] {dag.py:3239} INFO - Sync 1 DAGs
[2024-11-15T06:28:43.448+0000] {logging_mixin.py:190} INFO - [2024-11-15T06:28:43.447+0000] {dag.py:4180} INFO - Setting next_dagrun for email_pipeline to 2024-11-15 06:20:00+00:00, run_after=2024-11-15 06:25:00+00:00
[2024-11-15T06:28:43.558+0000] {processor.py:208} INFO - Processing /opt/airflow/dags/workflow.py took 0.266 seconds
[2024-11-15T06:29:13.766+0000] {processor.py:186} INFO - Started process (PID=55) to work on /opt/airflow/dags/workflow.py
[2024-11-15T06:29:13.767+0000] {processor.py:914} INFO - Processing file /opt/airflow/dags/workflow.py for tasks to queue
[2024-11-15T06:29:13.770+0000] {logging_mixin.py:190} INFO - [2024-11-15T06:29:13.770+0000] {dagbag.py:588} INFO - Filling up the DagBag from /opt/airflow/dags/workflow.py
[2024-11-15T06:29:13.790+0000] {processor.py:925} INFO - DAG(s) 'email_pipeline' retrieved from /opt/airflow/dags/workflow.py
[2024-11-15T06:29:13.815+0000] {logging_mixin.py:190} INFO - [2024-11-15T06:29:13.815+0000] {dag.py:3239} INFO - Sync 1 DAGs
[2024-11-15T06:29:13.841+0000] {logging_mixin.py:190} INFO - [2024-11-15T06:29:13.841+0000] {dag.py:4180} INFO - Setting next_dagrun for email_pipeline to 2024-11-15 06:20:00+00:00, run_after=2024-11-15 06:25:00+00:00
[2024-11-15T06:29:13.866+0000] {processor.py:208} INFO - Processing /opt/airflow/dags/workflow.py took 0.105 seconds
[2024-11-15T06:29:44.411+0000] {processor.py:186} INFO - Started process (PID=62) to work on /opt/airflow/dags/workflow.py
[2024-11-15T06:29:44.414+0000] {processor.py:914} INFO - Processing file /opt/airflow/dags/workflow.py for tasks to queue
[2024-11-15T06:29:44.419+0000] {logging_mixin.py:190} INFO - [2024-11-15T06:29:44.418+0000] {dagbag.py:588} INFO - Filling up the DagBag from /opt/airflow/dags/workflow.py
[2024-11-15T06:29:44.479+0000] {processor.py:925} INFO - DAG(s) 'email_pipeline' retrieved from /opt/airflow/dags/workflow.py
[2024-11-15T06:29:44.582+0000] {logging_mixin.py:190} INFO - [2024-11-15T06:29:44.581+0000] {dag.py:3239} INFO - Sync 1 DAGs
[2024-11-15T06:29:44.657+0000] {logging_mixin.py:190} INFO - [2024-11-15T06:29:44.657+0000] {dag.py:4180} INFO - Setting next_dagrun for email_pipeline to 2024-11-15 06:20:00+00:00, run_after=2024-11-15 06:25:00+00:00
[2024-11-15T06:29:44.704+0000] {processor.py:208} INFO - Processing /opt/airflow/dags/workflow.py took 0.311 seconds
[2024-11-15T06:30:15.041+0000] {processor.py:186} INFO - Started process (PID=69) to work on /opt/airflow/dags/workflow.py
[2024-11-15T06:30:15.044+0000] {processor.py:914} INFO - Processing file /opt/airflow/dags/workflow.py for tasks to queue
[2024-11-15T06:30:15.047+0000] {logging_mixin.py:190} INFO - [2024-11-15T06:30:15.046+0000] {dagbag.py:588} INFO - Filling up the DagBag from /opt/airflow/dags/workflow.py
[2024-11-15T06:30:15.078+0000] {processor.py:925} INFO - DAG(s) 'email_pipeline' retrieved from /opt/airflow/dags/workflow.py
[2024-11-15T06:30:15.110+0000] {logging_mixin.py:190} INFO - [2024-11-15T06:30:15.110+0000] {dag.py:3239} INFO - Sync 1 DAGs
[2024-11-15T06:30:15.142+0000] {logging_mixin.py:190} INFO - [2024-11-15T06:30:15.142+0000] {dag.py:4180} INFO - Setting next_dagrun for email_pipeline to 2024-11-15 06:30:00+00:00, run_after=2024-11-15 06:35:00+00:00
[2024-11-15T06:30:15.170+0000] {processor.py:208} INFO - Processing /opt/airflow/dags/workflow.py took 0.134 seconds
[2024-11-15T06:30:45.347+0000] {processor.py:186} INFO - Started process (PID=76) to work on /opt/airflow/dags/workflow.py
[2024-11-15T06:30:45.350+0000] {processor.py:914} INFO - Processing file /opt/airflow/dags/workflow.py for tasks to queue
[2024-11-15T06:30:45.354+0000] {logging_mixin.py:190} INFO - [2024-11-15T06:30:45.354+0000] {dagbag.py:588} INFO - Filling up the DagBag from /opt/airflow/dags/workflow.py
[2024-11-15T06:30:45.386+0000] {processor.py:925} INFO - DAG(s) 'email_pipeline' retrieved from /opt/airflow/dags/workflow.py
[2024-11-15T06:30:45.421+0000] {logging_mixin.py:190} INFO - [2024-11-15T06:30:45.420+0000] {dag.py:3239} INFO - Sync 1 DAGs
[2024-11-15T06:30:45.453+0000] {logging_mixin.py:190} INFO - [2024-11-15T06:30:45.452+0000] {dag.py:4180} INFO - Setting next_dagrun for email_pipeline to 2024-11-15 06:30:00+00:00, run_after=2024-11-15 06:35:00+00:00
[2024-11-15T06:30:45.488+0000] {processor.py:208} INFO - Processing /opt/airflow/dags/workflow.py took 0.148 seconds
[2024-11-15T06:31:15.854+0000] {processor.py:186} INFO - Started process (PID=84) to work on /opt/airflow/dags/workflow.py
[2024-11-15T06:31:15.856+0000] {processor.py:914} INFO - Processing file /opt/airflow/dags/workflow.py for tasks to queue
[2024-11-15T06:31:15.860+0000] {logging_mixin.py:190} INFO - [2024-11-15T06:31:15.860+0000] {dagbag.py:588} INFO - Filling up the DagBag from /opt/airflow/dags/workflow.py
[2024-11-15T06:31:15.896+0000] {processor.py:925} INFO - DAG(s) 'email_pipeline' retrieved from /opt/airflow/dags/workflow.py
[2024-11-15T06:31:15.953+0000] {logging_mixin.py:190} INFO - [2024-11-15T06:31:15.952+0000] {dag.py:3239} INFO - Sync 1 DAGs
[2024-11-15T06:31:16.006+0000] {logging_mixin.py:190} INFO - [2024-11-15T06:31:16.005+0000] {dag.py:4180} INFO - Setting next_dagrun for email_pipeline to 2024-11-15 06:30:00+00:00, run_after=2024-11-15 06:35:00+00:00
[2024-11-15T06:31:16.038+0000] {processor.py:208} INFO - Processing /opt/airflow/dags/workflow.py took 0.201 seconds
[2024-11-15T06:31:46.106+0000] {processor.py:186} INFO - Started process (PID=91) to work on /opt/airflow/dags/workflow.py
[2024-11-15T06:31:46.107+0000] {processor.py:914} INFO - Processing file /opt/airflow/dags/workflow.py for tasks to queue
[2024-11-15T06:31:46.109+0000] {logging_mixin.py:190} INFO - [2024-11-15T06:31:46.109+0000] {dagbag.py:588} INFO - Filling up the DagBag from /opt/airflow/dags/workflow.py
[2024-11-15T06:31:46.131+0000] {processor.py:925} INFO - DAG(s) 'email_pipeline' retrieved from /opt/airflow/dags/workflow.py
[2024-11-15T06:31:46.166+0000] {logging_mixin.py:190} INFO - [2024-11-15T06:31:46.165+0000] {dag.py:3239} INFO - Sync 1 DAGs
[2024-11-15T06:31:46.224+0000] {logging_mixin.py:190} INFO - [2024-11-15T06:31:46.223+0000] {dag.py:4180} INFO - Setting next_dagrun for email_pipeline to 2024-11-15 06:30:00+00:00, run_after=2024-11-15 06:35:00+00:00
[2024-11-15T06:31:46.270+0000] {processor.py:208} INFO - Processing /opt/airflow/dags/workflow.py took 0.170 seconds
[2024-11-15T06:32:16.573+0000] {processor.py:186} INFO - Started process (PID=98) to work on /opt/airflow/dags/workflow.py
[2024-11-15T06:32:16.574+0000] {processor.py:914} INFO - Processing file /opt/airflow/dags/workflow.py for tasks to queue
[2024-11-15T06:32:16.576+0000] {logging_mixin.py:190} INFO - [2024-11-15T06:32:16.576+0000] {dagbag.py:588} INFO - Filling up the DagBag from /opt/airflow/dags/workflow.py
[2024-11-15T06:32:16.594+0000] {processor.py:925} INFO - DAG(s) 'email_pipeline' retrieved from /opt/airflow/dags/workflow.py
[2024-11-15T06:32:16.614+0000] {logging_mixin.py:190} INFO - [2024-11-15T06:32:16.614+0000] {dag.py:3239} INFO - Sync 1 DAGs
[2024-11-15T06:32:16.638+0000] {logging_mixin.py:190} INFO - [2024-11-15T06:32:16.637+0000] {dag.py:4180} INFO - Setting next_dagrun for email_pipeline to 2024-11-15 06:30:00+00:00, run_after=2024-11-15 06:35:00+00:00
[2024-11-15T06:32:16.657+0000] {processor.py:208} INFO - Processing /opt/airflow/dags/workflow.py took 0.089 seconds
[2024-11-15T06:32:46.818+0000] {processor.py:186} INFO - Started process (PID=105) to work on /opt/airflow/dags/workflow.py
[2024-11-15T06:32:46.819+0000] {processor.py:914} INFO - Processing file /opt/airflow/dags/workflow.py for tasks to queue
[2024-11-15T06:32:46.822+0000] {logging_mixin.py:190} INFO - [2024-11-15T06:32:46.821+0000] {dagbag.py:588} INFO - Filling up the DagBag from /opt/airflow/dags/workflow.py
[2024-11-15T06:32:46.843+0000] {processor.py:925} INFO - DAG(s) 'email_pipeline' retrieved from /opt/airflow/dags/workflow.py
[2024-11-15T06:32:46.869+0000] {logging_mixin.py:190} INFO - [2024-11-15T06:32:46.869+0000] {dag.py:3239} INFO - Sync 1 DAGs
[2024-11-15T06:32:46.900+0000] {logging_mixin.py:190} INFO - [2024-11-15T06:32:46.900+0000] {dag.py:4180} INFO - Setting next_dagrun for email_pipeline to 2024-11-15 06:30:00+00:00, run_after=2024-11-15 06:35:00+00:00
[2024-11-15T06:32:46.933+0000] {processor.py:208} INFO - Processing /opt/airflow/dags/workflow.py took 0.120 seconds
[2024-11-15T06:33:17.375+0000] {processor.py:186} INFO - Started process (PID=112) to work on /opt/airflow/dags/workflow.py
[2024-11-15T06:33:17.377+0000] {processor.py:914} INFO - Processing file /opt/airflow/dags/workflow.py for tasks to queue
[2024-11-15T06:33:17.385+0000] {logging_mixin.py:190} INFO - [2024-11-15T06:33:17.384+0000] {dagbag.py:588} INFO - Filling up the DagBag from /opt/airflow/dags/workflow.py
[2024-11-15T06:33:17.429+0000] {processor.py:925} INFO - DAG(s) 'email_pipeline' retrieved from /opt/airflow/dags/workflow.py
[2024-11-15T06:33:17.502+0000] {logging_mixin.py:190} INFO - [2024-11-15T06:33:17.495+0000] {dag.py:3239} INFO - Sync 1 DAGs
[2024-11-15T06:33:17.558+0000] {logging_mixin.py:190} INFO - [2024-11-15T06:33:17.558+0000] {dag.py:4180} INFO - Setting next_dagrun for email_pipeline to 2024-11-15 06:30:00+00:00, run_after=2024-11-15 06:35:00+00:00
[2024-11-15T06:33:17.611+0000] {processor.py:208} INFO - Processing /opt/airflow/dags/workflow.py took 0.253 seconds
[2024-11-15T06:33:48.483+0000] {processor.py:186} INFO - Started process (PID=119) to work on /opt/airflow/dags/workflow.py
[2024-11-15T06:33:48.486+0000] {processor.py:914} INFO - Processing file /opt/airflow/dags/workflow.py for tasks to queue
[2024-11-15T06:33:48.490+0000] {logging_mixin.py:190} INFO - [2024-11-15T06:33:48.489+0000] {dagbag.py:588} INFO - Filling up the DagBag from /opt/airflow/dags/workflow.py
[2024-11-15T06:33:48.528+0000] {processor.py:925} INFO - DAG(s) 'email_pipeline' retrieved from /opt/airflow/dags/workflow.py
[2024-11-15T06:33:48.584+0000] {logging_mixin.py:190} INFO - [2024-11-15T06:33:48.583+0000] {dag.py:3239} INFO - Sync 1 DAGs
[2024-11-15T06:33:48.637+0000] {logging_mixin.py:190} INFO - [2024-11-15T06:33:48.637+0000] {dag.py:4180} INFO - Setting next_dagrun for email_pipeline to 2024-11-15 06:30:00+00:00, run_after=2024-11-15 06:35:00+00:00
[2024-11-15T06:33:49.068+0000] {processor.py:208} INFO - Processing /opt/airflow/dags/workflow.py took 0.599 seconds
[2024-11-15T06:34:19.329+0000] {processor.py:186} INFO - Started process (PID=126) to work on /opt/airflow/dags/workflow.py
[2024-11-15T06:34:19.330+0000] {processor.py:914} INFO - Processing file /opt/airflow/dags/workflow.py for tasks to queue
[2024-11-15T06:34:19.332+0000] {logging_mixin.py:190} INFO - [2024-11-15T06:34:19.332+0000] {dagbag.py:588} INFO - Filling up the DagBag from /opt/airflow/dags/workflow.py
[2024-11-15T06:34:19.349+0000] {processor.py:925} INFO - DAG(s) 'email_pipeline' retrieved from /opt/airflow/dags/workflow.py
[2024-11-15T06:34:19.371+0000] {logging_mixin.py:190} INFO - [2024-11-15T06:34:19.370+0000] {dag.py:3239} INFO - Sync 1 DAGs
[2024-11-15T06:34:19.540+0000] {logging_mixin.py:190} INFO - [2024-11-15T06:34:19.539+0000] {dag.py:4180} INFO - Setting next_dagrun for email_pipeline to 2024-11-15 06:30:00+00:00, run_after=2024-11-15 06:35:00+00:00
[2024-11-15T06:34:19.568+0000] {processor.py:208} INFO - Processing /opt/airflow/dags/workflow.py took 0.245 seconds
[2024-11-15T06:34:49.823+0000] {processor.py:186} INFO - Started process (PID=133) to work on /opt/airflow/dags/workflow.py
[2024-11-15T06:34:49.825+0000] {processor.py:914} INFO - Processing file /opt/airflow/dags/workflow.py for tasks to queue
[2024-11-15T06:34:49.828+0000] {logging_mixin.py:190} INFO - [2024-11-15T06:34:49.827+0000] {dagbag.py:588} INFO - Filling up the DagBag from /opt/airflow/dags/workflow.py
[2024-11-15T06:34:49.848+0000] {processor.py:925} INFO - DAG(s) 'email_pipeline' retrieved from /opt/airflow/dags/workflow.py
[2024-11-15T06:34:49.876+0000] {logging_mixin.py:190} INFO - [2024-11-15T06:34:49.876+0000] {dag.py:3239} INFO - Sync 1 DAGs
[2024-11-15T06:34:49.908+0000] {logging_mixin.py:190} INFO - [2024-11-15T06:34:49.908+0000] {dag.py:4180} INFO - Setting next_dagrun for email_pipeline to 2024-11-15 06:30:00+00:00, run_after=2024-11-15 06:35:00+00:00
[2024-11-15T06:34:49.938+0000] {processor.py:208} INFO - Processing /opt/airflow/dags/workflow.py took 0.121 seconds
[2024-11-15T06:39:51.329+0000] {processor.py:186} INFO - Started process (PID=48) to work on /opt/airflow/dags/workflow.py
[2024-11-15T06:39:51.332+0000] {processor.py:914} INFO - Processing file /opt/airflow/dags/workflow.py for tasks to queue
[2024-11-15T06:39:51.336+0000] {logging_mixin.py:190} INFO - [2024-11-15T06:39:51.335+0000] {dagbag.py:588} INFO - Filling up the DagBag from /opt/airflow/dags/workflow.py
[2024-11-15T06:39:51.420+0000] {processor.py:925} INFO - DAG(s) 'email_pipeline' retrieved from /opt/airflow/dags/workflow.py
[2024-11-15T06:39:51.717+0000] {logging_mixin.py:190} INFO - [2024-11-15T06:39:51.717+0000] {dag.py:3239} INFO - Sync 1 DAGs
[2024-11-15T06:39:52.109+0000] {logging_mixin.py:190} INFO - [2024-11-15T06:39:52.109+0000] {dag.py:4180} INFO - Setting next_dagrun for email_pipeline to 2024-11-15 06:35:00+00:00, run_after=2024-11-15 06:40:00+00:00
[2024-11-15T06:39:52.195+0000] {processor.py:208} INFO - Processing /opt/airflow/dags/workflow.py took 0.899 seconds
[2024-11-15T06:40:24.115+0000] {processor.py:186} INFO - Started process (PID=55) to work on /opt/airflow/dags/workflow.py
[2024-11-15T06:40:24.130+0000] {processor.py:914} INFO - Processing file /opt/airflow/dags/workflow.py for tasks to queue
[2024-11-15T06:40:24.185+0000] {logging_mixin.py:190} INFO - [2024-11-15T06:40:24.179+0000] {dagbag.py:588} INFO - Filling up the DagBag from /opt/airflow/dags/workflow.py
[2024-11-15T06:40:24.423+0000] {processor.py:925} INFO - DAG(s) 'email_pipeline' retrieved from /opt/airflow/dags/workflow.py
[2024-11-15T06:40:25.069+0000] {logging_mixin.py:190} INFO - [2024-11-15T06:40:25.069+0000] {dag.py:3239} INFO - Sync 1 DAGs
[2024-11-15T06:40:25.692+0000] {logging_mixin.py:190} INFO - [2024-11-15T06:40:25.690+0000] {dag.py:4180} INFO - Setting next_dagrun for email_pipeline to 2024-11-15 06:40:00+00:00, run_after=2024-11-15 06:45:00+00:00
[2024-11-15T06:40:25.877+0000] {processor.py:208} INFO - Processing /opt/airflow/dags/workflow.py took 1.787 seconds
[2024-11-15T06:40:56.756+0000] {processor.py:186} INFO - Started process (PID=67) to work on /opt/airflow/dags/workflow.py
[2024-11-15T06:40:56.765+0000] {processor.py:914} INFO - Processing file /opt/airflow/dags/workflow.py for tasks to queue
[2024-11-15T06:40:56.772+0000] {logging_mixin.py:190} INFO - [2024-11-15T06:40:56.771+0000] {dagbag.py:588} INFO - Filling up the DagBag from /opt/airflow/dags/workflow.py
[2024-11-15T06:40:56.876+0000] {processor.py:925} INFO - DAG(s) 'email_pipeline' retrieved from /opt/airflow/dags/workflow.py
[2024-11-15T06:40:57.371+0000] {logging_mixin.py:190} INFO - [2024-11-15T06:40:57.371+0000] {dag.py:3239} INFO - Sync 1 DAGs
[2024-11-15T06:40:57.497+0000] {logging_mixin.py:190} INFO - [2024-11-15T06:40:57.496+0000] {dag.py:4180} INFO - Setting next_dagrun for email_pipeline to 2024-11-15 06:40:00+00:00, run_after=2024-11-15 06:45:00+00:00
[2024-11-15T06:40:57.563+0000] {processor.py:208} INFO - Processing /opt/airflow/dags/workflow.py took 0.832 seconds
[2024-11-15T06:41:28.100+0000] {processor.py:186} INFO - Started process (PID=74) to work on /opt/airflow/dags/workflow.py
[2024-11-15T06:41:28.137+0000] {processor.py:914} INFO - Processing file /opt/airflow/dags/workflow.py for tasks to queue
[2024-11-15T06:41:28.141+0000] {logging_mixin.py:190} INFO - [2024-11-15T06:41:28.140+0000] {dagbag.py:588} INFO - Filling up the DagBag from /opt/airflow/dags/workflow.py
[2024-11-15T06:41:28.201+0000] {processor.py:925} INFO - DAG(s) 'email_pipeline' retrieved from /opt/airflow/dags/workflow.py
[2024-11-15T06:41:28.231+0000] {logging_mixin.py:190} INFO - [2024-11-15T06:41:28.230+0000] {dag.py:3239} INFO - Sync 1 DAGs
[2024-11-15T06:41:28.256+0000] {logging_mixin.py:190} INFO - [2024-11-15T06:41:28.255+0000] {dag.py:4180} INFO - Setting next_dagrun for email_pipeline to 2024-11-15 06:40:00+00:00, run_after=2024-11-15 06:45:00+00:00
[2024-11-15T06:41:28.308+0000] {processor.py:208} INFO - Processing /opt/airflow/dags/workflow.py took 0.213 seconds
[2024-11-15T06:44:07.810+0000] {processor.py:186} INFO - Started process (PID=41) to work on /opt/airflow/dags/workflow.py
[2024-11-15T06:44:07.812+0000] {processor.py:914} INFO - Processing file /opt/airflow/dags/workflow.py for tasks to queue
[2024-11-15T06:44:07.814+0000] {logging_mixin.py:190} INFO - [2024-11-15T06:44:07.814+0000] {dagbag.py:588} INFO - Filling up the DagBag from /opt/airflow/dags/workflow.py
[2024-11-15T06:44:07.863+0000] {processor.py:925} INFO - DAG(s) 'email_pipeline' retrieved from /opt/airflow/dags/workflow.py
[2024-11-15T06:44:08.307+0000] {logging_mixin.py:190} INFO - [2024-11-15T06:44:08.305+0000] {override.py:1911} INFO - Created Permission View: can delete on DAG:email_pipeline
[2024-11-15T06:44:08.331+0000] {logging_mixin.py:190} INFO - [2024-11-15T06:44:08.330+0000] {override.py:1911} INFO - Created Permission View: can edit on DAG:email_pipeline
[2024-11-15T06:44:08.346+0000] {logging_mixin.py:190} INFO - [2024-11-15T06:44:08.345+0000] {override.py:1911} INFO - Created Permission View: can read on DAG:email_pipeline
[2024-11-15T06:44:08.362+0000] {logging_mixin.py:190} INFO - [2024-11-15T06:44:08.362+0000] {override.py:1911} INFO - Created Permission View: can delete on DAG Run:email_pipeline
[2024-11-15T06:44:08.376+0000] {logging_mixin.py:190} INFO - [2024-11-15T06:44:08.375+0000] {override.py:1911} INFO - Created Permission View: menu access on DAG Run:email_pipeline
[2024-11-15T06:44:08.392+0000] {logging_mixin.py:190} INFO - [2024-11-15T06:44:08.392+0000] {override.py:1911} INFO - Created Permission View: can create on DAG Run:email_pipeline
[2024-11-15T06:44:08.407+0000] {logging_mixin.py:190} INFO - [2024-11-15T06:44:08.406+0000] {override.py:1911} INFO - Created Permission View: can read on DAG Run:email_pipeline
[2024-11-15T06:44:08.408+0000] {logging_mixin.py:190} INFO - [2024-11-15T06:44:08.408+0000] {dag.py:3239} INFO - Sync 1 DAGs
[2024-11-15T06:44:08.428+0000] {logging_mixin.py:190} INFO - [2024-11-15T06:44:08.428+0000] {dag.py:3262} INFO - Creating ORM DAG for email_pipeline
[2024-11-15T06:44:08.454+0000] {logging_mixin.py:190} INFO - [2024-11-15T06:44:08.453+0000] {dag.py:4180} INFO - Setting next_dagrun for email_pipeline to 2024-11-15 06:35:00+00:00, run_after=2024-11-15 06:40:00+00:00
[2024-11-15T06:44:08.492+0000] {processor.py:208} INFO - Processing /opt/airflow/dags/workflow.py took 0.691 seconds
[2024-11-15T06:44:38.849+0000] {processor.py:186} INFO - Started process (PID=48) to work on /opt/airflow/dags/workflow.py
[2024-11-15T06:44:38.851+0000] {processor.py:914} INFO - Processing file /opt/airflow/dags/workflow.py for tasks to queue
[2024-11-15T06:44:38.853+0000] {logging_mixin.py:190} INFO - [2024-11-15T06:44:38.852+0000] {dagbag.py:588} INFO - Filling up the DagBag from /opt/airflow/dags/workflow.py
[2024-11-15T06:44:38.878+0000] {processor.py:925} INFO - DAG(s) 'email_pipeline' retrieved from /opt/airflow/dags/workflow.py
[2024-11-15T06:44:38.901+0000] {logging_mixin.py:190} INFO - [2024-11-15T06:44:38.901+0000] {dag.py:3239} INFO - Sync 1 DAGs
[2024-11-15T06:44:38.926+0000] {logging_mixin.py:190} INFO - [2024-11-15T06:44:38.926+0000] {dag.py:4180} INFO - Setting next_dagrun for email_pipeline to 2024-11-15 06:35:00+00:00, run_after=2024-11-15 06:40:00+00:00
[2024-11-15T06:44:38.950+0000] {processor.py:208} INFO - Processing /opt/airflow/dags/workflow.py took 0.106 seconds
[2024-11-15T06:45:09.105+0000] {processor.py:186} INFO - Started process (PID=55) to work on /opt/airflow/dags/workflow.py
[2024-11-15T06:45:09.107+0000] {processor.py:914} INFO - Processing file /opt/airflow/dags/workflow.py for tasks to queue
[2024-11-15T06:45:09.111+0000] {logging_mixin.py:190} INFO - [2024-11-15T06:45:09.111+0000] {dagbag.py:588} INFO - Filling up the DagBag from /opt/airflow/dags/workflow.py
[2024-11-15T06:45:09.134+0000] {processor.py:925} INFO - DAG(s) 'email_pipeline' retrieved from /opt/airflow/dags/workflow.py
[2024-11-15T06:45:09.164+0000] {logging_mixin.py:190} INFO - [2024-11-15T06:45:09.163+0000] {dag.py:3239} INFO - Sync 1 DAGs
[2024-11-15T06:45:09.192+0000] {logging_mixin.py:190} INFO - [2024-11-15T06:45:09.192+0000] {dag.py:4180} INFO - Setting next_dagrun for email_pipeline to 2024-11-15 06:40:00+00:00, run_after=2024-11-15 06:45:00+00:00
[2024-11-15T06:45:09.223+0000] {processor.py:208} INFO - Processing /opt/airflow/dags/workflow.py took 0.126 seconds
[2024-11-15T06:45:39.514+0000] {processor.py:186} INFO - Started process (PID=62) to work on /opt/airflow/dags/workflow.py
[2024-11-15T06:45:39.516+0000] {processor.py:914} INFO - Processing file /opt/airflow/dags/workflow.py for tasks to queue
[2024-11-15T06:45:39.522+0000] {logging_mixin.py:190} INFO - [2024-11-15T06:45:39.521+0000] {dagbag.py:588} INFO - Filling up the DagBag from /opt/airflow/dags/workflow.py
[2024-11-15T06:45:39.589+0000] {processor.py:925} INFO - DAG(s) 'email_pipeline' retrieved from /opt/airflow/dags/workflow.py
[2024-11-15T06:45:39.643+0000] {logging_mixin.py:190} INFO - [2024-11-15T06:45:39.642+0000] {dag.py:3239} INFO - Sync 1 DAGs
[2024-11-15T06:45:39.688+0000] {logging_mixin.py:190} INFO - [2024-11-15T06:45:39.687+0000] {dag.py:4180} INFO - Setting next_dagrun for email_pipeline to 2024-11-15 06:45:00+00:00, run_after=2024-11-15 06:50:00+00:00
[2024-11-15T06:45:39.721+0000] {processor.py:208} INFO - Processing /opt/airflow/dags/workflow.py took 0.217 seconds
[2024-11-15T06:46:09.833+0000] {processor.py:186} INFO - Started process (PID=69) to work on /opt/airflow/dags/workflow.py
[2024-11-15T06:46:09.835+0000] {processor.py:914} INFO - Processing file /opt/airflow/dags/workflow.py for tasks to queue
[2024-11-15T06:46:09.838+0000] {logging_mixin.py:190} INFO - [2024-11-15T06:46:09.838+0000] {dagbag.py:588} INFO - Filling up the DagBag from /opt/airflow/dags/workflow.py
[2024-11-15T06:46:09.870+0000] {processor.py:925} INFO - DAG(s) 'email_pipeline' retrieved from /opt/airflow/dags/workflow.py
[2024-11-15T06:46:09.897+0000] {logging_mixin.py:190} INFO - [2024-11-15T06:46:09.897+0000] {dag.py:3239} INFO - Sync 1 DAGs
[2024-11-15T06:46:09.925+0000] {logging_mixin.py:190} INFO - [2024-11-15T06:46:09.925+0000] {dag.py:4180} INFO - Setting next_dagrun for email_pipeline to 2024-11-15 06:45:00+00:00, run_after=2024-11-15 06:50:00+00:00
[2024-11-15T06:46:09.949+0000] {processor.py:208} INFO - Processing /opt/airflow/dags/workflow.py took 0.121 seconds
[2024-11-15T06:46:40.127+0000] {processor.py:186} INFO - Started process (PID=76) to work on /opt/airflow/dags/workflow.py
[2024-11-15T06:46:40.128+0000] {processor.py:914} INFO - Processing file /opt/airflow/dags/workflow.py for tasks to queue
[2024-11-15T06:46:40.130+0000] {logging_mixin.py:190} INFO - [2024-11-15T06:46:40.130+0000] {dagbag.py:588} INFO - Filling up the DagBag from /opt/airflow/dags/workflow.py
[2024-11-15T06:46:40.162+0000] {processor.py:925} INFO - DAG(s) 'email_pipeline' retrieved from /opt/airflow/dags/workflow.py
[2024-11-15T06:46:40.195+0000] {logging_mixin.py:190} INFO - [2024-11-15T06:46:40.195+0000] {dag.py:3239} INFO - Sync 1 DAGs
[2024-11-15T06:46:40.223+0000] {logging_mixin.py:190} INFO - [2024-11-15T06:46:40.223+0000] {dag.py:4180} INFO - Setting next_dagrun for email_pipeline to 2024-11-15 06:45:00+00:00, run_after=2024-11-15 06:50:00+00:00
[2024-11-15T06:46:40.247+0000] {processor.py:208} INFO - Processing /opt/airflow/dags/workflow.py took 0.127 seconds
[2024-11-15T06:47:10.688+0000] {processor.py:186} INFO - Started process (PID=83) to work on /opt/airflow/dags/workflow.py
[2024-11-15T06:47:10.689+0000] {processor.py:914} INFO - Processing file /opt/airflow/dags/workflow.py for tasks to queue
[2024-11-15T06:47:10.696+0000] {logging_mixin.py:190} INFO - [2024-11-15T06:47:10.696+0000] {dagbag.py:588} INFO - Filling up the DagBag from /opt/airflow/dags/workflow.py
[2024-11-15T06:47:10.737+0000] {processor.py:925} INFO - DAG(s) 'email_pipeline' retrieved from /opt/airflow/dags/workflow.py
[2024-11-15T06:47:10.781+0000] {logging_mixin.py:190} INFO - [2024-11-15T06:47:10.780+0000] {dag.py:3239} INFO - Sync 1 DAGs
[2024-11-15T06:47:10.820+0000] {logging_mixin.py:190} INFO - [2024-11-15T06:47:10.820+0000] {dag.py:4180} INFO - Setting next_dagrun for email_pipeline to 2024-11-15 06:45:00+00:00, run_after=2024-11-15 06:50:00+00:00
[2024-11-15T06:47:10.850+0000] {processor.py:208} INFO - Processing /opt/airflow/dags/workflow.py took 0.173 seconds
[2024-11-15T06:47:41.403+0000] {processor.py:186} INFO - Started process (PID=89) to work on /opt/airflow/dags/workflow.py
[2024-11-15T06:47:41.404+0000] {processor.py:914} INFO - Processing file /opt/airflow/dags/workflow.py for tasks to queue
[2024-11-15T06:47:41.407+0000] {logging_mixin.py:190} INFO - [2024-11-15T06:47:41.407+0000] {dagbag.py:588} INFO - Filling up the DagBag from /opt/airflow/dags/workflow.py
[2024-11-15T06:47:41.427+0000] {processor.py:925} INFO - DAG(s) 'email_pipeline' retrieved from /opt/airflow/dags/workflow.py
[2024-11-15T06:47:41.454+0000] {logging_mixin.py:190} INFO - [2024-11-15T06:47:41.453+0000] {dag.py:3239} INFO - Sync 1 DAGs
[2024-11-15T06:47:41.479+0000] {logging_mixin.py:190} INFO - [2024-11-15T06:47:41.479+0000] {dag.py:4180} INFO - Setting next_dagrun for email_pipeline to 2024-11-15 06:45:00+00:00, run_after=2024-11-15 06:50:00+00:00
[2024-11-15T06:47:41.506+0000] {processor.py:208} INFO - Processing /opt/airflow/dags/workflow.py took 0.109 seconds
[2024-11-15T06:49:56.961+0000] {processor.py:186} INFO - Started process (PID=35) to work on /opt/airflow/dags/workflow.py
[2024-11-15T06:49:56.962+0000] {processor.py:914} INFO - Processing file /opt/airflow/dags/workflow.py for tasks to queue
[2024-11-15T06:49:56.966+0000] {logging_mixin.py:190} INFO - [2024-11-15T06:49:56.965+0000] {dagbag.py:588} INFO - Filling up the DagBag from /opt/airflow/dags/workflow.py
[2024-11-15T06:49:56.998+0000] {processor.py:925} INFO - DAG(s) 'email_pipeline' retrieved from /opt/airflow/dags/workflow.py
[2024-11-15T06:49:57.327+0000] {logging_mixin.py:190} INFO - [2024-11-15T06:49:57.327+0000] {override.py:1911} INFO - Created Permission View: can edit on DAG:email_pipeline
[2024-11-15T06:49:57.343+0000] {logging_mixin.py:190} INFO - [2024-11-15T06:49:57.343+0000] {override.py:1911} INFO - Created Permission View: can delete on DAG:email_pipeline
[2024-11-15T06:49:57.354+0000] {logging_mixin.py:190} INFO - [2024-11-15T06:49:57.354+0000] {override.py:1911} INFO - Created Permission View: can read on DAG:email_pipeline
[2024-11-15T06:49:57.370+0000] {logging_mixin.py:190} INFO - [2024-11-15T06:49:57.369+0000] {override.py:1911} INFO - Created Permission View: can create on DAG Run:email_pipeline
[2024-11-15T06:49:57.381+0000] {logging_mixin.py:190} INFO - [2024-11-15T06:49:57.380+0000] {override.py:1911} INFO - Created Permission View: menu access on DAG Run:email_pipeline
[2024-11-15T06:49:57.392+0000] {logging_mixin.py:190} INFO - [2024-11-15T06:49:57.391+0000] {override.py:1911} INFO - Created Permission View: can delete on DAG Run:email_pipeline
[2024-11-15T06:49:57.407+0000] {logging_mixin.py:190} INFO - [2024-11-15T06:49:57.406+0000] {override.py:1911} INFO - Created Permission View: can read on DAG Run:email_pipeline
[2024-11-15T06:49:57.408+0000] {logging_mixin.py:190} INFO - [2024-11-15T06:49:57.408+0000] {dag.py:3239} INFO - Sync 1 DAGs
[2024-11-15T06:49:57.429+0000] {logging_mixin.py:190} INFO - [2024-11-15T06:49:57.429+0000] {dag.py:3262} INFO - Creating ORM DAG for email_pipeline
[2024-11-15T06:49:57.448+0000] {logging_mixin.py:190} INFO - [2024-11-15T06:49:57.447+0000] {dag.py:4180} INFO - Setting next_dagrun for email_pipeline to 2024-11-15 06:40:00+00:00, run_after=2024-11-15 06:45:00+00:00
[2024-11-15T06:49:57.476+0000] {processor.py:208} INFO - Processing /opt/airflow/dags/workflow.py took 0.521 seconds
[2024-11-15T06:50:27.884+0000] {processor.py:186} INFO - Started process (PID=42) to work on /opt/airflow/dags/workflow.py
[2024-11-15T06:50:27.886+0000] {processor.py:914} INFO - Processing file /opt/airflow/dags/workflow.py for tasks to queue
[2024-11-15T06:50:27.892+0000] {logging_mixin.py:190} INFO - [2024-11-15T06:50:27.891+0000] {dagbag.py:588} INFO - Filling up the DagBag from /opt/airflow/dags/workflow.py
[2024-11-15T06:50:27.922+0000] {processor.py:925} INFO - DAG(s) 'email_pipeline' retrieved from /opt/airflow/dags/workflow.py
[2024-11-15T06:50:27.950+0000] {logging_mixin.py:190} INFO - [2024-11-15T06:50:27.950+0000] {dag.py:3239} INFO - Sync 1 DAGs
[2024-11-15T06:50:27.981+0000] {logging_mixin.py:190} INFO - [2024-11-15T06:50:27.980+0000] {dag.py:4180} INFO - Setting next_dagrun for email_pipeline to 2024-11-15 06:45:00+00:00, run_after=2024-11-15 06:50:00+00:00
[2024-11-15T06:50:28.013+0000] {processor.py:208} INFO - Processing /opt/airflow/dags/workflow.py took 0.140 seconds
[2024-11-15T06:50:58.132+0000] {processor.py:186} INFO - Started process (PID=49) to work on /opt/airflow/dags/workflow.py
[2024-11-15T06:50:58.133+0000] {processor.py:914} INFO - Processing file /opt/airflow/dags/workflow.py for tasks to queue
[2024-11-15T06:50:58.135+0000] {logging_mixin.py:190} INFO - [2024-11-15T06:50:58.135+0000] {dagbag.py:588} INFO - Filling up the DagBag from /opt/airflow/dags/workflow.py
[2024-11-15T06:50:58.154+0000] {processor.py:925} INFO - DAG(s) 'email_pipeline' retrieved from /opt/airflow/dags/workflow.py
[2024-11-15T06:50:58.181+0000] {logging_mixin.py:190} INFO - [2024-11-15T06:50:58.181+0000] {dag.py:3239} INFO - Sync 1 DAGs
[2024-11-15T06:50:58.205+0000] {logging_mixin.py:190} INFO - [2024-11-15T06:50:58.205+0000] {dag.py:4180} INFO - Setting next_dagrun for email_pipeline to 2024-11-15 06:45:00+00:00, run_after=2024-11-15 06:50:00+00:00
[2024-11-15T06:50:58.230+0000] {processor.py:208} INFO - Processing /opt/airflow/dags/workflow.py took 0.105 seconds
[2024-11-15T06:51:28.419+0000] {processor.py:186} INFO - Started process (PID=60) to work on /opt/airflow/dags/workflow.py
[2024-11-15T06:51:28.420+0000] {processor.py:914} INFO - Processing file /opt/airflow/dags/workflow.py for tasks to queue
[2024-11-15T06:51:28.423+0000] {logging_mixin.py:190} INFO - [2024-11-15T06:51:28.422+0000] {dagbag.py:588} INFO - Filling up the DagBag from /opt/airflow/dags/workflow.py
[2024-11-15T06:51:28.482+0000] {processor.py:925} INFO - DAG(s) 'email_pipeline' retrieved from /opt/airflow/dags/workflow.py
[2024-11-15T06:51:28.539+0000] {logging_mixin.py:190} INFO - [2024-11-15T06:51:28.538+0000] {dag.py:3239} INFO - Sync 1 DAGs
[2024-11-15T06:51:28.596+0000] {logging_mixin.py:190} INFO - [2024-11-15T06:51:28.595+0000] {dag.py:4180} INFO - Setting next_dagrun for email_pipeline to 2024-11-15 06:50:00+00:00, run_after=2024-11-15 06:55:00+00:00
[2024-11-15T06:51:28.624+0000] {processor.py:208} INFO - Processing /opt/airflow/dags/workflow.py took 0.215 seconds
[2024-11-15T06:51:58.796+0000] {processor.py:186} INFO - Started process (PID=67) to work on /opt/airflow/dags/workflow.py
[2024-11-15T06:51:58.798+0000] {processor.py:914} INFO - Processing file /opt/airflow/dags/workflow.py for tasks to queue
[2024-11-15T06:51:58.800+0000] {logging_mixin.py:190} INFO - [2024-11-15T06:51:58.800+0000] {dagbag.py:588} INFO - Filling up the DagBag from /opt/airflow/dags/workflow.py
[2024-11-15T06:51:58.824+0000] {processor.py:925} INFO - DAG(s) 'email_pipeline' retrieved from /opt/airflow/dags/workflow.py
[2024-11-15T06:51:58.851+0000] {logging_mixin.py:190} INFO - [2024-11-15T06:51:58.851+0000] {dag.py:3239} INFO - Sync 1 DAGs
[2024-11-15T06:51:58.876+0000] {logging_mixin.py:190} INFO - [2024-11-15T06:51:58.876+0000] {dag.py:4180} INFO - Setting next_dagrun for email_pipeline to 2024-11-15 06:50:00+00:00, run_after=2024-11-15 06:55:00+00:00
[2024-11-15T06:51:58.904+0000] {processor.py:208} INFO - Processing /opt/airflow/dags/workflow.py took 0.116 seconds
[2024-11-15T06:52:29.190+0000] {processor.py:186} INFO - Started process (PID=74) to work on /opt/airflow/dags/workflow.py
[2024-11-15T06:52:29.191+0000] {processor.py:914} INFO - Processing file /opt/airflow/dags/workflow.py for tasks to queue
[2024-11-15T06:52:29.195+0000] {logging_mixin.py:190} INFO - [2024-11-15T06:52:29.194+0000] {dagbag.py:588} INFO - Filling up the DagBag from /opt/airflow/dags/workflow.py
[2024-11-15T06:52:29.218+0000] {processor.py:925} INFO - DAG(s) 'email_pipeline' retrieved from /opt/airflow/dags/workflow.py
[2024-11-15T06:52:29.244+0000] {logging_mixin.py:190} INFO - [2024-11-15T06:52:29.243+0000] {dag.py:3239} INFO - Sync 1 DAGs
[2024-11-15T06:52:29.275+0000] {logging_mixin.py:190} INFO - [2024-11-15T06:52:29.275+0000] {dag.py:4180} INFO - Setting next_dagrun for email_pipeline to 2024-11-15 06:50:00+00:00, run_after=2024-11-15 06:55:00+00:00
[2024-11-15T06:52:29.300+0000] {processor.py:208} INFO - Processing /opt/airflow/dags/workflow.py took 0.116 seconds
[2024-11-15T06:52:59.530+0000] {processor.py:186} INFO - Started process (PID=85) to work on /opt/airflow/dags/workflow.py
[2024-11-15T06:52:59.533+0000] {processor.py:914} INFO - Processing file /opt/airflow/dags/workflow.py for tasks to queue
[2024-11-15T06:52:59.537+0000] {logging_mixin.py:190} INFO - [2024-11-15T06:52:59.536+0000] {dagbag.py:588} INFO - Filling up the DagBag from /opt/airflow/dags/workflow.py
[2024-11-15T06:52:59.574+0000] {processor.py:925} INFO - DAG(s) 'email_pipeline' retrieved from /opt/airflow/dags/workflow.py
[2024-11-15T06:52:59.645+0000] {logging_mixin.py:190} INFO - [2024-11-15T06:52:59.644+0000] {dag.py:3239} INFO - Sync 1 DAGs
[2024-11-15T06:52:59.692+0000] {logging_mixin.py:190} INFO - [2024-11-15T06:52:59.692+0000] {dag.py:4180} INFO - Setting next_dagrun for email_pipeline to 2024-11-15 06:50:00+00:00, run_after=2024-11-15 06:55:00+00:00
[2024-11-15T06:52:59.719+0000] {processor.py:208} INFO - Processing /opt/airflow/dags/workflow.py took 0.203 seconds
[2024-11-15T06:53:29.878+0000] {processor.py:186} INFO - Started process (PID=98) to work on /opt/airflow/dags/workflow.py
[2024-11-15T06:53:29.879+0000] {processor.py:914} INFO - Processing file /opt/airflow/dags/workflow.py for tasks to queue
[2024-11-15T06:53:29.881+0000] {logging_mixin.py:190} INFO - [2024-11-15T06:53:29.881+0000] {dagbag.py:588} INFO - Filling up the DagBag from /opt/airflow/dags/workflow.py
[2024-11-15T06:53:29.900+0000] {processor.py:925} INFO - DAG(s) 'email_pipeline' retrieved from /opt/airflow/dags/workflow.py
[2024-11-15T06:53:29.926+0000] {logging_mixin.py:190} INFO - [2024-11-15T06:53:29.926+0000] {dag.py:3239} INFO - Sync 1 DAGs
[2024-11-15T06:53:29.957+0000] {logging_mixin.py:190} INFO - [2024-11-15T06:53:29.957+0000] {dag.py:4180} INFO - Setting next_dagrun for email_pipeline to 2024-11-15 06:50:00+00:00, run_after=2024-11-15 06:55:00+00:00
[2024-11-15T06:53:29.987+0000] {processor.py:208} INFO - Processing /opt/airflow/dags/workflow.py took 0.115 seconds
[2024-11-15T07:00:36.625+0000] {processor.py:186} INFO - Started process (PID=41) to work on /opt/airflow/dags/workflow.py
[2024-11-15T07:00:36.627+0000] {processor.py:914} INFO - Processing file /opt/airflow/dags/workflow.py for tasks to queue
[2024-11-15T07:00:36.630+0000] {logging_mixin.py:190} INFO - [2024-11-15T07:00:36.630+0000] {dagbag.py:588} INFO - Filling up the DagBag from /opt/airflow/dags/workflow.py
[2024-11-15T07:00:36.687+0000] {processor.py:925} INFO - DAG(s) 'email_pipeline' retrieved from /opt/airflow/dags/workflow.py
[2024-11-15T07:00:37.096+0000] {logging_mixin.py:190} INFO - [2024-11-15T07:00:37.095+0000] {override.py:1911} INFO - Created Permission View: can edit on DAG:email_pipeline
[2024-11-15T07:00:37.113+0000] {logging_mixin.py:190} INFO - [2024-11-15T07:00:37.113+0000] {override.py:1911} INFO - Created Permission View: can read on DAG:email_pipeline
[2024-11-15T07:00:37.127+0000] {logging_mixin.py:190} INFO - [2024-11-15T07:00:37.126+0000] {override.py:1911} INFO - Created Permission View: can delete on DAG:email_pipeline
[2024-11-15T07:00:37.146+0000] {logging_mixin.py:190} INFO - [2024-11-15T07:00:37.145+0000] {override.py:1911} INFO - Created Permission View: menu access on DAG Run:email_pipeline
[2024-11-15T07:00:37.158+0000] {logging_mixin.py:190} INFO - [2024-11-15T07:00:37.158+0000] {override.py:1911} INFO - Created Permission View: can create on DAG Run:email_pipeline
[2024-11-15T07:00:37.173+0000] {logging_mixin.py:190} INFO - [2024-11-15T07:00:37.173+0000] {override.py:1911} INFO - Created Permission View: can read on DAG Run:email_pipeline
[2024-11-15T07:00:37.184+0000] {logging_mixin.py:190} INFO - [2024-11-15T07:00:37.183+0000] {override.py:1911} INFO - Created Permission View: can delete on DAG Run:email_pipeline
[2024-11-15T07:00:37.185+0000] {logging_mixin.py:190} INFO - [2024-11-15T07:00:37.184+0000] {dag.py:3239} INFO - Sync 1 DAGs
[2024-11-15T07:00:37.207+0000] {logging_mixin.py:190} INFO - [2024-11-15T07:00:37.207+0000] {dag.py:3262} INFO - Creating ORM DAG for email_pipeline
[2024-11-15T07:00:37.226+0000] {logging_mixin.py:190} INFO - [2024-11-15T07:00:37.226+0000] {dag.py:4180} INFO - Setting next_dagrun for email_pipeline to 2024-11-15 06:55:00+00:00, run_after=2024-11-15 07:00:00+00:00
[2024-11-15T07:00:37.252+0000] {processor.py:208} INFO - Processing /opt/airflow/dags/workflow.py took 0.639 seconds
[2024-11-15T07:01:07.526+0000] {processor.py:186} INFO - Started process (PID=48) to work on /opt/airflow/dags/workflow.py
[2024-11-15T07:01:07.527+0000] {processor.py:914} INFO - Processing file /opt/airflow/dags/workflow.py for tasks to queue
[2024-11-15T07:01:07.529+0000] {logging_mixin.py:190} INFO - [2024-11-15T07:01:07.529+0000] {dagbag.py:588} INFO - Filling up the DagBag from /opt/airflow/dags/workflow.py
[2024-11-15T07:01:07.550+0000] {processor.py:925} INFO - DAG(s) 'email_pipeline' retrieved from /opt/airflow/dags/workflow.py
[2024-11-15T07:01:07.576+0000] {logging_mixin.py:190} INFO - [2024-11-15T07:01:07.575+0000] {dag.py:3239} INFO - Sync 1 DAGs
[2024-11-15T07:01:07.602+0000] {logging_mixin.py:190} INFO - [2024-11-15T07:01:07.602+0000] {dag.py:4180} INFO - Setting next_dagrun for email_pipeline to 2024-11-15 06:55:00+00:00, run_after=2024-11-15 07:00:00+00:00
[2024-11-15T07:01:07.626+0000] {processor.py:208} INFO - Processing /opt/airflow/dags/workflow.py took 0.106 seconds
[2024-11-15T07:01:37.832+0000] {processor.py:186} INFO - Started process (PID=59) to work on /opt/airflow/dags/workflow.py
[2024-11-15T07:01:37.833+0000] {processor.py:914} INFO - Processing file /opt/airflow/dags/workflow.py for tasks to queue
[2024-11-15T07:01:37.837+0000] {logging_mixin.py:190} INFO - [2024-11-15T07:01:37.836+0000] {dagbag.py:588} INFO - Filling up the DagBag from /opt/airflow/dags/workflow.py
[2024-11-15T07:01:37.857+0000] {processor.py:925} INFO - DAG(s) 'email_pipeline' retrieved from /opt/airflow/dags/workflow.py
[2024-11-15T07:01:37.880+0000] {logging_mixin.py:190} INFO - [2024-11-15T07:01:37.880+0000] {dag.py:3239} INFO - Sync 1 DAGs
[2024-11-15T07:01:37.908+0000] {logging_mixin.py:190} INFO - [2024-11-15T07:01:37.908+0000] {dag.py:4180} INFO - Setting next_dagrun for email_pipeline to 2024-11-15 07:00:00+00:00, run_after=2024-11-15 07:05:00+00:00
[2024-11-15T07:01:37.933+0000] {processor.py:208} INFO - Processing /opt/airflow/dags/workflow.py took 0.106 seconds
[2024-11-15T07:02:08.184+0000] {processor.py:186} INFO - Started process (PID=66) to work on /opt/airflow/dags/workflow.py
[2024-11-15T07:02:08.186+0000] {processor.py:914} INFO - Processing file /opt/airflow/dags/workflow.py for tasks to queue
[2024-11-15T07:02:08.189+0000] {logging_mixin.py:190} INFO - [2024-11-15T07:02:08.188+0000] {dagbag.py:588} INFO - Filling up the DagBag from /opt/airflow/dags/workflow.py
[2024-11-15T07:02:08.225+0000] {processor.py:925} INFO - DAG(s) 'email_pipeline' retrieved from /opt/airflow/dags/workflow.py
[2024-11-15T07:02:08.253+0000] {logging_mixin.py:190} INFO - [2024-11-15T07:02:08.252+0000] {dag.py:3239} INFO - Sync 1 DAGs
[2024-11-15T07:02:08.282+0000] {logging_mixin.py:190} INFO - [2024-11-15T07:02:08.282+0000] {dag.py:4180} INFO - Setting next_dagrun for email_pipeline to 2024-11-15 07:00:00+00:00, run_after=2024-11-15 07:05:00+00:00
[2024-11-15T07:02:08.308+0000] {processor.py:208} INFO - Processing /opt/airflow/dags/workflow.py took 0.130 seconds
[2024-11-15T07:02:39.169+0000] {processor.py:186} INFO - Started process (PID=73) to work on /opt/airflow/dags/workflow.py
[2024-11-15T07:02:39.177+0000] {processor.py:914} INFO - Processing file /opt/airflow/dags/workflow.py for tasks to queue
[2024-11-15T07:02:39.200+0000] {logging_mixin.py:190} INFO - [2024-11-15T07:02:39.199+0000] {dagbag.py:588} INFO - Filling up the DagBag from /opt/airflow/dags/workflow.py
[2024-11-15T07:02:39.400+0000] {processor.py:925} INFO - DAG(s) 'email_pipeline' retrieved from /opt/airflow/dags/workflow.py
[2024-11-15T07:02:39.527+0000] {logging_mixin.py:190} INFO - [2024-11-15T07:02:39.526+0000] {dag.py:3239} INFO - Sync 1 DAGs
[2024-11-15T07:02:39.595+0000] {logging_mixin.py:190} INFO - [2024-11-15T07:02:39.595+0000] {dag.py:4180} INFO - Setting next_dagrun for email_pipeline to 2024-11-15 07:00:00+00:00, run_after=2024-11-15 07:05:00+00:00
[2024-11-15T07:02:39.641+0000] {processor.py:208} INFO - Processing /opt/airflow/dags/workflow.py took 0.488 seconds
[2024-11-15T07:03:10.020+0000] {processor.py:186} INFO - Started process (PID=80) to work on /opt/airflow/dags/workflow.py
[2024-11-15T07:03:10.022+0000] {processor.py:914} INFO - Processing file /opt/airflow/dags/workflow.py for tasks to queue
[2024-11-15T07:03:10.024+0000] {logging_mixin.py:190} INFO - [2024-11-15T07:03:10.023+0000] {dagbag.py:588} INFO - Filling up the DagBag from /opt/airflow/dags/workflow.py
[2024-11-15T07:03:10.047+0000] {processor.py:925} INFO - DAG(s) 'email_pipeline' retrieved from /opt/airflow/dags/workflow.py
[2024-11-15T07:03:10.071+0000] {logging_mixin.py:190} INFO - [2024-11-15T07:03:10.070+0000] {dag.py:3239} INFO - Sync 1 DAGs
[2024-11-15T07:03:10.101+0000] {logging_mixin.py:190} INFO - [2024-11-15T07:03:10.101+0000] {dag.py:4180} INFO - Setting next_dagrun for email_pipeline to 2024-11-15 07:00:00+00:00, run_after=2024-11-15 07:05:00+00:00
[2024-11-15T07:03:10.130+0000] {processor.py:208} INFO - Processing /opt/airflow/dags/workflow.py took 0.115 seconds
[2024-11-15T07:03:40.335+0000] {processor.py:186} INFO - Started process (PID=87) to work on /opt/airflow/dags/workflow.py
[2024-11-15T07:03:40.337+0000] {processor.py:914} INFO - Processing file /opt/airflow/dags/workflow.py for tasks to queue
[2024-11-15T07:03:40.341+0000] {logging_mixin.py:190} INFO - [2024-11-15T07:03:40.341+0000] {dagbag.py:588} INFO - Filling up the DagBag from /opt/airflow/dags/workflow.py
[2024-11-15T07:03:40.391+0000] {processor.py:925} INFO - DAG(s) 'email_pipeline' retrieved from /opt/airflow/dags/workflow.py
[2024-11-15T07:03:40.437+0000] {logging_mixin.py:190} INFO - [2024-11-15T07:03:40.437+0000] {dag.py:3239} INFO - Sync 1 DAGs
[2024-11-15T07:03:40.490+0000] {logging_mixin.py:190} INFO - [2024-11-15T07:03:40.489+0000] {dag.py:4180} INFO - Setting next_dagrun for email_pipeline to 2024-11-15 07:00:00+00:00, run_after=2024-11-15 07:05:00+00:00
[2024-11-15T07:03:40.535+0000] {processor.py:208} INFO - Processing /opt/airflow/dags/workflow.py took 0.212 seconds
[2024-11-15T07:04:10.829+0000] {processor.py:186} INFO - Started process (PID=94) to work on /opt/airflow/dags/workflow.py
[2024-11-15T07:04:10.839+0000] {processor.py:914} INFO - Processing file /opt/airflow/dags/workflow.py for tasks to queue
[2024-11-15T07:04:10.855+0000] {logging_mixin.py:190} INFO - [2024-11-15T07:04:10.851+0000] {dagbag.py:588} INFO - Filling up the DagBag from /opt/airflow/dags/workflow.py
[2024-11-15T07:04:10.947+0000] {processor.py:925} INFO - DAG(s) 'email_pipeline' retrieved from /opt/airflow/dags/workflow.py
[2024-11-15T07:04:11.107+0000] {logging_mixin.py:190} INFO - [2024-11-15T07:04:11.106+0000] {dag.py:3239} INFO - Sync 1 DAGs
[2024-11-15T07:04:11.331+0000] {logging_mixin.py:190} INFO - [2024-11-15T07:04:11.320+0000] {dag.py:4180} INFO - Setting next_dagrun for email_pipeline to 2024-11-15 07:00:00+00:00, run_after=2024-11-15 07:05:00+00:00
[2024-11-15T07:04:11.430+0000] {processor.py:208} INFO - Processing /opt/airflow/dags/workflow.py took 0.655 seconds
[2024-11-15T07:04:41.793+0000] {processor.py:186} INFO - Started process (PID=101) to work on /opt/airflow/dags/workflow.py
[2024-11-15T07:04:41.794+0000] {processor.py:914} INFO - Processing file /opt/airflow/dags/workflow.py for tasks to queue
[2024-11-15T07:04:41.797+0000] {logging_mixin.py:190} INFO - [2024-11-15T07:04:41.796+0000] {dagbag.py:588} INFO - Filling up the DagBag from /opt/airflow/dags/workflow.py
[2024-11-15T07:04:41.817+0000] {processor.py:925} INFO - DAG(s) 'email_pipeline' retrieved from /opt/airflow/dags/workflow.py
[2024-11-15T07:04:41.845+0000] {logging_mixin.py:190} INFO - [2024-11-15T07:04:41.844+0000] {dag.py:3239} INFO - Sync 1 DAGs
[2024-11-15T07:04:41.887+0000] {logging_mixin.py:190} INFO - [2024-11-15T07:04:41.886+0000] {dag.py:4180} INFO - Setting next_dagrun for email_pipeline to 2024-11-15 07:00:00+00:00, run_after=2024-11-15 07:05:00+00:00
[2024-11-15T07:04:41.913+0000] {processor.py:208} INFO - Processing /opt/airflow/dags/workflow.py took 0.125 seconds
[2024-11-15T07:05:12.107+0000] {processor.py:186} INFO - Started process (PID=107) to work on /opt/airflow/dags/workflow.py
[2024-11-15T07:05:12.109+0000] {processor.py:914} INFO - Processing file /opt/airflow/dags/workflow.py for tasks to queue
[2024-11-15T07:05:12.114+0000] {logging_mixin.py:190} INFO - [2024-11-15T07:05:12.114+0000] {dagbag.py:588} INFO - Filling up the DagBag from /opt/airflow/dags/workflow.py
[2024-11-15T07:05:12.147+0000] {processor.py:925} INFO - DAG(s) 'email_pipeline' retrieved from /opt/airflow/dags/workflow.py
[2024-11-15T07:05:12.182+0000] {logging_mixin.py:190} INFO - [2024-11-15T07:05:12.182+0000] {dag.py:3239} INFO - Sync 1 DAGs
[2024-11-15T07:05:12.216+0000] {logging_mixin.py:190} INFO - [2024-11-15T07:05:12.216+0000] {dag.py:4180} INFO - Setting next_dagrun for email_pipeline to 2024-11-15 07:05:00+00:00, run_after=2024-11-15 07:10:00+00:00
[2024-11-15T07:05:12.247+0000] {processor.py:208} INFO - Processing /opt/airflow/dags/workflow.py took 0.150 seconds
[2024-11-15T07:05:42.577+0000] {processor.py:186} INFO - Started process (PID=114) to work on /opt/airflow/dags/workflow.py
[2024-11-15T07:05:42.578+0000] {processor.py:914} INFO - Processing file /opt/airflow/dags/workflow.py for tasks to queue
[2024-11-15T07:05:42.580+0000] {logging_mixin.py:190} INFO - [2024-11-15T07:05:42.580+0000] {dagbag.py:588} INFO - Filling up the DagBag from /opt/airflow/dags/workflow.py
[2024-11-15T07:05:42.600+0000] {processor.py:925} INFO - DAG(s) 'email_pipeline' retrieved from /opt/airflow/dags/workflow.py
[2024-11-15T07:05:42.625+0000] {logging_mixin.py:190} INFO - [2024-11-15T07:05:42.624+0000] {dag.py:3239} INFO - Sync 1 DAGs
[2024-11-15T07:05:42.653+0000] {logging_mixin.py:190} INFO - [2024-11-15T07:05:42.653+0000] {dag.py:4180} INFO - Setting next_dagrun for email_pipeline to 2024-11-15 07:05:00+00:00, run_after=2024-11-15 07:10:00+00:00
[2024-11-15T07:05:42.681+0000] {processor.py:208} INFO - Processing /opt/airflow/dags/workflow.py took 0.109 seconds
[2024-11-15T07:06:12.870+0000] {processor.py:186} INFO - Started process (PID=121) to work on /opt/airflow/dags/workflow.py
[2024-11-15T07:06:12.871+0000] {processor.py:914} INFO - Processing file /opt/airflow/dags/workflow.py for tasks to queue
[2024-11-15T07:06:12.874+0000] {logging_mixin.py:190} INFO - [2024-11-15T07:06:12.873+0000] {dagbag.py:588} INFO - Filling up the DagBag from /opt/airflow/dags/workflow.py
[2024-11-15T07:06:12.893+0000] {processor.py:925} INFO - DAG(s) 'email_pipeline' retrieved from /opt/airflow/dags/workflow.py
[2024-11-15T07:06:12.913+0000] {logging_mixin.py:190} INFO - [2024-11-15T07:06:12.912+0000] {dag.py:3239} INFO - Sync 1 DAGs
[2024-11-15T07:06:12.937+0000] {logging_mixin.py:190} INFO - [2024-11-15T07:06:12.937+0000] {dag.py:4180} INFO - Setting next_dagrun for email_pipeline to 2024-11-15 07:05:00+00:00, run_after=2024-11-15 07:10:00+00:00
[2024-11-15T07:06:13.089+0000] {processor.py:208} INFO - Processing /opt/airflow/dags/workflow.py took 0.223 seconds
[2024-11-15T07:06:43.228+0000] {processor.py:186} INFO - Started process (PID=128) to work on /opt/airflow/dags/workflow.py
[2024-11-15T07:06:43.229+0000] {processor.py:914} INFO - Processing file /opt/airflow/dags/workflow.py for tasks to queue
[2024-11-15T07:06:43.232+0000] {logging_mixin.py:190} INFO - [2024-11-15T07:06:43.231+0000] {dagbag.py:588} INFO - Filling up the DagBag from /opt/airflow/dags/workflow.py
[2024-11-15T07:06:43.250+0000] {processor.py:925} INFO - DAG(s) 'email_pipeline' retrieved from /opt/airflow/dags/workflow.py
[2024-11-15T07:06:43.275+0000] {logging_mixin.py:190} INFO - [2024-11-15T07:06:43.275+0000] {dag.py:3239} INFO - Sync 1 DAGs
[2024-11-15T07:06:43.440+0000] {logging_mixin.py:190} INFO - [2024-11-15T07:06:43.440+0000] {dag.py:4180} INFO - Setting next_dagrun for email_pipeline to 2024-11-15 07:05:00+00:00, run_after=2024-11-15 07:10:00+00:00
[2024-11-15T07:06:43.471+0000] {processor.py:208} INFO - Processing /opt/airflow/dags/workflow.py took 0.248 seconds
[2024-11-15T07:07:13.611+0000] {processor.py:186} INFO - Started process (PID=135) to work on /opt/airflow/dags/workflow.py
[2024-11-15T07:07:13.613+0000] {processor.py:914} INFO - Processing file /opt/airflow/dags/workflow.py for tasks to queue
[2024-11-15T07:07:13.616+0000] {logging_mixin.py:190} INFO - [2024-11-15T07:07:13.615+0000] {dagbag.py:588} INFO - Filling up the DagBag from /opt/airflow/dags/workflow.py
[2024-11-15T07:07:13.633+0000] {processor.py:925} INFO - DAG(s) 'email_pipeline' retrieved from /opt/airflow/dags/workflow.py
[2024-11-15T07:07:13.656+0000] {logging_mixin.py:190} INFO - [2024-11-15T07:07:13.656+0000] {dag.py:3239} INFO - Sync 1 DAGs
[2024-11-15T07:07:13.686+0000] {logging_mixin.py:190} INFO - [2024-11-15T07:07:13.686+0000] {dag.py:4180} INFO - Setting next_dagrun for email_pipeline to 2024-11-15 07:05:00+00:00, run_after=2024-11-15 07:10:00+00:00
[2024-11-15T07:07:13.728+0000] {processor.py:208} INFO - Processing /opt/airflow/dags/workflow.py took 0.122 seconds
[2024-11-15T07:07:44.035+0000] {processor.py:186} INFO - Started process (PID=142) to work on /opt/airflow/dags/workflow.py
[2024-11-15T07:07:44.036+0000] {processor.py:914} INFO - Processing file /opt/airflow/dags/workflow.py for tasks to queue
[2024-11-15T07:07:44.039+0000] {logging_mixin.py:190} INFO - [2024-11-15T07:07:44.039+0000] {dagbag.py:588} INFO - Filling up the DagBag from /opt/airflow/dags/workflow.py
[2024-11-15T07:07:44.064+0000] {processor.py:925} INFO - DAG(s) 'email_pipeline' retrieved from /opt/airflow/dags/workflow.py
[2024-11-15T07:07:44.089+0000] {logging_mixin.py:190} INFO - [2024-11-15T07:07:44.088+0000] {dag.py:3239} INFO - Sync 1 DAGs
[2024-11-15T07:07:44.116+0000] {logging_mixin.py:190} INFO - [2024-11-15T07:07:44.116+0000] {dag.py:4180} INFO - Setting next_dagrun for email_pipeline to 2024-11-15 07:05:00+00:00, run_after=2024-11-15 07:10:00+00:00
[2024-11-15T07:07:44.138+0000] {processor.py:208} INFO - Processing /opt/airflow/dags/workflow.py took 0.110 seconds
[2024-11-15T07:08:08.267+0000] {processor.py:186} INFO - Started process (PID=149) to work on /opt/airflow/dags/workflow.py
[2024-11-15T07:08:08.268+0000] {processor.py:914} INFO - Processing file /opt/airflow/dags/workflow.py for tasks to queue
[2024-11-15T07:08:08.271+0000] {logging_mixin.py:190} INFO - [2024-11-15T07:08:08.270+0000] {dagbag.py:588} INFO - Filling up the DagBag from /opt/airflow/dags/workflow.py
[2024-11-15T07:08:08.309+0000] {processor.py:925} INFO - DAG(s) 'email_pipeline' retrieved from /opt/airflow/dags/workflow.py
[2024-11-15T07:08:08.334+0000] {logging_mixin.py:190} INFO - [2024-11-15T07:08:08.334+0000] {dag.py:3239} INFO - Sync 1 DAGs
[2024-11-15T07:08:08.360+0000] {logging_mixin.py:190} INFO - [2024-11-15T07:08:08.360+0000] {dag.py:4180} INFO - Setting next_dagrun for email_pipeline to 2024-11-15 07:05:00+00:00, run_after=2024-11-15 07:10:00+00:00
[2024-11-15T07:08:08.388+0000] {processor.py:208} INFO - Processing /opt/airflow/dags/workflow.py took 0.128 seconds
[2024-11-15T07:08:16.433+0000] {processor.py:186} INFO - Started process (PID=150) to work on /opt/airflow/dags/workflow.py
[2024-11-15T07:08:16.434+0000] {processor.py:914} INFO - Processing file /opt/airflow/dags/workflow.py for tasks to queue
[2024-11-15T07:08:16.436+0000] {logging_mixin.py:190} INFO - [2024-11-15T07:08:16.435+0000] {dagbag.py:588} INFO - Filling up the DagBag from /opt/airflow/dags/workflow.py
[2024-11-15T07:08:16.462+0000] {processor.py:925} INFO - DAG(s) 'email_pipeline' retrieved from /opt/airflow/dags/workflow.py
[2024-11-15T07:08:16.484+0000] {logging_mixin.py:190} INFO - [2024-11-15T07:08:16.484+0000] {dag.py:3239} INFO - Sync 1 DAGs
[2024-11-15T07:08:16.506+0000] {logging_mixin.py:190} INFO - [2024-11-15T07:08:16.505+0000] {dag.py:4180} INFO - Setting next_dagrun for email_pipeline to 2024-11-15 07:05:00+00:00, run_after=2024-11-15 07:10:00+00:00
[2024-11-15T07:08:16.540+0000] {processor.py:208} INFO - Processing /opt/airflow/dags/workflow.py took 0.113 seconds
[2024-11-15T07:08:16.606+0000] {processor.py:186} INFO - Started process (PID=151) to work on /opt/airflow/dags/workflow.py
[2024-11-15T07:08:16.607+0000] {processor.py:914} INFO - Processing file /opt/airflow/dags/workflow.py for tasks to queue
[2024-11-15T07:08:16.610+0000] {logging_mixin.py:190} INFO - [2024-11-15T07:08:16.609+0000] {dagbag.py:588} INFO - Filling up the DagBag from /opt/airflow/dags/workflow.py
[2024-11-15T07:08:16.642+0000] {processor.py:925} INFO - DAG(s) 'email_pipeline' retrieved from /opt/airflow/dags/workflow.py
[2024-11-15T07:08:16.670+0000] {logging_mixin.py:190} INFO - [2024-11-15T07:08:16.670+0000] {dag.py:3239} INFO - Sync 1 DAGs
[2024-11-15T07:08:16.699+0000] {logging_mixin.py:190} INFO - [2024-11-15T07:08:16.699+0000] {dag.py:4180} INFO - Setting next_dagrun for email_pipeline to 2024-11-15 07:05:00+00:00, run_after=2024-11-15 07:10:00+00:00
[2024-11-15T07:08:16.738+0000] {processor.py:208} INFO - Processing /opt/airflow/dags/workflow.py took 0.138 seconds
[2024-11-15T07:08:17.635+0000] {processor.py:186} INFO - Started process (PID=152) to work on /opt/airflow/dags/workflow.py
[2024-11-15T07:08:17.636+0000] {processor.py:914} INFO - Processing file /opt/airflow/dags/workflow.py for tasks to queue
[2024-11-15T07:08:17.638+0000] {logging_mixin.py:190} INFO - [2024-11-15T07:08:17.638+0000] {dagbag.py:588} INFO - Filling up the DagBag from /opt/airflow/dags/workflow.py
[2024-11-15T07:08:17.668+0000] {processor.py:925} INFO - DAG(s) 'email_pipeline' retrieved from /opt/airflow/dags/workflow.py
[2024-11-15T07:08:17.710+0000] {logging_mixin.py:190} INFO - [2024-11-15T07:08:17.710+0000] {dag.py:3239} INFO - Sync 1 DAGs
[2024-11-15T07:08:17.767+0000] {logging_mixin.py:190} INFO - [2024-11-15T07:08:17.766+0000] {dag.py:4180} INFO - Setting next_dagrun for email_pipeline to 2024-11-15 07:05:00+00:00, run_after=2024-11-15 07:10:00+00:00
[2024-11-15T07:08:17.801+0000] {processor.py:208} INFO - Processing /opt/airflow/dags/workflow.py took 0.174 seconds
[2024-11-15T07:08:38.965+0000] {processor.py:186} INFO - Started process (PID=159) to work on /opt/airflow/dags/workflow.py
[2024-11-15T07:08:38.966+0000] {processor.py:914} INFO - Processing file /opt/airflow/dags/workflow.py for tasks to queue
[2024-11-15T07:08:38.968+0000] {logging_mixin.py:190} INFO - [2024-11-15T07:08:38.968+0000] {dagbag.py:588} INFO - Filling up the DagBag from /opt/airflow/dags/workflow.py
[2024-11-15T07:08:39.006+0000] {processor.py:925} INFO - DAG(s) 'email_pipeline' retrieved from /opt/airflow/dags/workflow.py
[2024-11-15T07:08:39.033+0000] {logging_mixin.py:190} INFO - [2024-11-15T07:08:39.033+0000] {dag.py:3239} INFO - Sync 1 DAGs
[2024-11-15T07:08:39.062+0000] {logging_mixin.py:190} INFO - [2024-11-15T07:08:39.062+0000] {dag.py:4180} INFO - Setting next_dagrun for email_pipeline to 2024-11-15 07:05:00+00:00, run_after=2024-11-15 07:10:00+00:00
[2024-11-15T07:08:39.099+0000] {processor.py:208} INFO - Processing /opt/airflow/dags/workflow.py took 0.141 seconds
[2024-11-15T07:09:09.258+0000] {processor.py:186} INFO - Started process (PID=166) to work on /opt/airflow/dags/workflow.py
[2024-11-15T07:09:09.259+0000] {processor.py:914} INFO - Processing file /opt/airflow/dags/workflow.py for tasks to queue
[2024-11-15T07:09:09.263+0000] {logging_mixin.py:190} INFO - [2024-11-15T07:09:09.262+0000] {dagbag.py:588} INFO - Filling up the DagBag from /opt/airflow/dags/workflow.py
[2024-11-15T07:09:09.283+0000] {processor.py:925} INFO - DAG(s) 'email_pipeline' retrieved from /opt/airflow/dags/workflow.py
[2024-11-15T07:09:09.307+0000] {logging_mixin.py:190} INFO - [2024-11-15T07:09:09.307+0000] {dag.py:3239} INFO - Sync 1 DAGs
[2024-11-15T07:09:09.336+0000] {logging_mixin.py:190} INFO - [2024-11-15T07:09:09.336+0000] {dag.py:4180} INFO - Setting next_dagrun for email_pipeline to 2024-11-15 07:05:00+00:00, run_after=2024-11-15 07:10:00+00:00
[2024-11-15T07:09:09.539+0000] {processor.py:208} INFO - Processing /opt/airflow/dags/workflow.py took 0.286 seconds
[2024-11-15T07:09:39.681+0000] {processor.py:186} INFO - Started process (PID=173) to work on /opt/airflow/dags/workflow.py
[2024-11-15T07:09:39.682+0000] {processor.py:914} INFO - Processing file /opt/airflow/dags/workflow.py for tasks to queue
[2024-11-15T07:09:39.685+0000] {logging_mixin.py:190} INFO - [2024-11-15T07:09:39.685+0000] {dagbag.py:588} INFO - Filling up the DagBag from /opt/airflow/dags/workflow.py
[2024-11-15T07:09:39.705+0000] {processor.py:925} INFO - DAG(s) 'email_pipeline' retrieved from /opt/airflow/dags/workflow.py
[2024-11-15T07:09:39.734+0000] {logging_mixin.py:190} INFO - [2024-11-15T07:09:39.734+0000] {dag.py:3239} INFO - Sync 1 DAGs
[2024-11-15T07:09:39.917+0000] {logging_mixin.py:190} INFO - [2024-11-15T07:09:39.917+0000] {dag.py:4180} INFO - Setting next_dagrun for email_pipeline to 2024-11-15 07:05:00+00:00, run_after=2024-11-15 07:10:00+00:00
[2024-11-15T07:09:39.944+0000] {processor.py:208} INFO - Processing /opt/airflow/dags/workflow.py took 0.271 seconds
[2024-11-15T07:10:10.079+0000] {processor.py:186} INFO - Started process (PID=180) to work on /opt/airflow/dags/workflow.py
[2024-11-15T07:10:10.080+0000] {processor.py:914} INFO - Processing file /opt/airflow/dags/workflow.py for tasks to queue
[2024-11-15T07:10:10.084+0000] {logging_mixin.py:190} INFO - [2024-11-15T07:10:10.084+0000] {dagbag.py:588} INFO - Filling up the DagBag from /opt/airflow/dags/workflow.py
[2024-11-15T07:10:10.111+0000] {processor.py:925} INFO - DAG(s) 'email_pipeline' retrieved from /opt/airflow/dags/workflow.py
[2024-11-15T07:10:10.150+0000] {logging_mixin.py:190} INFO - [2024-11-15T07:10:10.149+0000] {dag.py:3239} INFO - Sync 1 DAGs
[2024-11-15T07:10:10.204+0000] {logging_mixin.py:190} INFO - [2024-11-15T07:10:10.203+0000] {dag.py:4180} INFO - Setting next_dagrun for email_pipeline to 2024-11-15 07:10:00+00:00, run_after=2024-11-15 07:15:00+00:00
[2024-11-15T07:10:10.251+0000] {processor.py:208} INFO - Processing /opt/airflow/dags/workflow.py took 0.182 seconds
[2024-11-15T07:10:40.638+0000] {processor.py:186} INFO - Started process (PID=187) to work on /opt/airflow/dags/workflow.py
[2024-11-15T07:10:40.639+0000] {processor.py:914} INFO - Processing file /opt/airflow/dags/workflow.py for tasks to queue
[2024-11-15T07:10:40.642+0000] {logging_mixin.py:190} INFO - [2024-11-15T07:10:40.642+0000] {dagbag.py:588} INFO - Filling up the DagBag from /opt/airflow/dags/workflow.py
[2024-11-15T07:10:40.669+0000] {processor.py:925} INFO - DAG(s) 'email_pipeline' retrieved from /opt/airflow/dags/workflow.py
[2024-11-15T07:10:40.712+0000] {logging_mixin.py:190} INFO - [2024-11-15T07:10:40.712+0000] {dag.py:3239} INFO - Sync 1 DAGs
[2024-11-15T07:10:40.757+0000] {logging_mixin.py:190} INFO - [2024-11-15T07:10:40.756+0000] {dag.py:4180} INFO - Setting next_dagrun for email_pipeline to 2024-11-15 07:10:00+00:00, run_after=2024-11-15 07:15:00+00:00
[2024-11-15T07:10:40.786+0000] {processor.py:208} INFO - Processing /opt/airflow/dags/workflow.py took 0.160 seconds
[2024-11-15T07:11:10.902+0000] {processor.py:186} INFO - Started process (PID=194) to work on /opt/airflow/dags/workflow.py
[2024-11-15T07:11:10.904+0000] {processor.py:914} INFO - Processing file /opt/airflow/dags/workflow.py for tasks to queue
[2024-11-15T07:11:10.906+0000] {logging_mixin.py:190} INFO - [2024-11-15T07:11:10.905+0000] {dagbag.py:588} INFO - Filling up the DagBag from /opt/airflow/dags/workflow.py
[2024-11-15T07:11:10.921+0000] {processor.py:925} INFO - DAG(s) 'email_pipeline' retrieved from /opt/airflow/dags/workflow.py
[2024-11-15T07:11:10.944+0000] {logging_mixin.py:190} INFO - [2024-11-15T07:11:10.944+0000] {dag.py:3239} INFO - Sync 1 DAGs
[2024-11-15T07:11:10.967+0000] {logging_mixin.py:190} INFO - [2024-11-15T07:11:10.967+0000] {dag.py:4180} INFO - Setting next_dagrun for email_pipeline to 2024-11-15 07:10:00+00:00, run_after=2024-11-15 07:15:00+00:00
[2024-11-15T07:11:10.988+0000] {processor.py:208} INFO - Processing /opt/airflow/dags/workflow.py took 0.091 seconds
