[2024-11-15T06:28:11.716+0000] {manager.py:483} INFO - Processing files using up to 2 processes at a time 
[2024-11-15T06:28:11.721+0000] {manager.py:484} INFO - Process each file at most once every 30 seconds
[2024-11-15T06:28:11.722+0000] {manager.py:485} INFO - Checking for new files in /opt/airflow/dags every 300 seconds
[2024-11-15T06:28:11.734+0000] {manager.py:821} INFO - Searching for files in /opt/airflow/dags
[2024-11-15T06:28:11.995+0000] {manager.py:824} INFO - There are 1 files in /opt/airflow/dags
[2024-11-15T06:28:12.164+0000] {manager.py:997} INFO - 
================================================================================
DAG File Processing Stats

File Path                        PID  Runtime      # DAGs    # Errors  Last Runtime    Last Run      Last # of DB Queries
-----------------------------  -----  ---------  --------  ----------  --------------  ----------  ----------------------
/opt/airflow/dags/workflow.py     41  0.04s             0           0                                                   0
================================================================================
[2024-11-15T06:28:42.252+0000] {manager.py:997} INFO - 
================================================================================
DAG File Processing Stats

File Path                      PID    Runtime      # DAGs    # Errors  Last Runtime    Last Run               Last # of DB Queries
-----------------------------  -----  ---------  --------  ----------  --------------  -------------------  ----------------------
/opt/airflow/dags/workflow.py                           1           0  0.90s           2024-11-15T06:28:13                      45
================================================================================
[2024-11-15T06:29:12.731+0000] {manager.py:997} INFO - 
================================================================================
DAG File Processing Stats

File Path                      PID    Runtime      # DAGs    # Errors  Last Runtime    Last Run               Last # of DB Queries
-----------------------------  -----  ---------  --------  ----------  --------------  -------------------  ----------------------
/opt/airflow/dags/workflow.py                           1           0  0.30s           2024-11-15T06:28:43                      12
================================================================================
[2024-11-15T06:29:43.234+0000] {manager.py:997} INFO - 
================================================================================
DAG File Processing Stats

File Path                      PID    Runtime      # DAGs    # Errors  Last Runtime    Last Run               Last # of DB Queries
-----------------------------  -----  ---------  --------  ----------  --------------  -------------------  ----------------------
/opt/airflow/dags/workflow.py                           1           0  0.13s           2024-11-15T06:29:13                      12
================================================================================
[2024-11-15T06:30:13.637+0000] {manager.py:997} INFO - 
================================================================================
DAG File Processing Stats

File Path                      PID    Runtime      # DAGs    # Errors  Last Runtime    Last Run               Last # of DB Queries
-----------------------------  -----  ---------  --------  ----------  --------------  -------------------  ----------------------
/opt/airflow/dags/workflow.py                           1           0  0.43s           2024-11-15T06:29:44                      12
================================================================================
[2024-11-15T06:30:44.298+0000] {manager.py:997} INFO - 
================================================================================
DAG File Processing Stats

File Path                      PID    Runtime      # DAGs    # Errors  Last Runtime    Last Run               Last # of DB Queries
-----------------------------  -----  ---------  --------  ----------  --------------  -------------------  ----------------------
/opt/airflow/dags/workflow.py                           1           0  0.16s           2024-11-15T06:30:15                      12
================================================================================
[2024-11-15T06:31:14.797+0000] {manager.py:997} INFO - 
================================================================================
DAG File Processing Stats

File Path                      PID    Runtime      # DAGs    # Errors  Last Runtime    Last Run               Last # of DB Queries
-----------------------------  -----  ---------  --------  ----------  --------------  -------------------  ----------------------
/opt/airflow/dags/workflow.py                           1           0  0.17s           2024-11-15T06:30:45                      12
================================================================================
[2024-11-15T06:31:45.052+0000] {manager.py:997} INFO - 
================================================================================
DAG File Processing Stats

File Path                      PID    Runtime      # DAGs    # Errors  Last Runtime    Last Run               Last # of DB Queries
-----------------------------  -----  ---------  --------  ----------  --------------  -------------------  ----------------------
/opt/airflow/dags/workflow.py                           1           0  0.23s           2024-11-15T06:31:16                      12
================================================================================
[2024-11-15T06:32:15.535+0000] {manager.py:997} INFO - 
================================================================================
DAG File Processing Stats

File Path                      PID    Runtime      # DAGs    # Errors  Last Runtime    Last Run               Last # of DB Queries
-----------------------------  -----  ---------  --------  ----------  --------------  -------------------  ----------------------
/opt/airflow/dags/workflow.py                           1           0  0.21s           2024-11-15T06:31:46                      12
================================================================================
[2024-11-15T06:32:45.788+0000] {manager.py:997} INFO - 
================================================================================
DAG File Processing Stats

File Path                      PID    Runtime      # DAGs    # Errors  Last Runtime    Last Run               Last # of DB Queries
-----------------------------  -----  ---------  --------  ----------  --------------  -------------------  ----------------------
/opt/airflow/dags/workflow.py                           1           0  0.11s           2024-11-15T06:32:16                      12
================================================================================
[2024-11-15T06:33:12.186+0000] {manager.py:821} INFO - Searching for files in /opt/airflow/dags
[2024-11-15T06:33:12.238+0000] {manager.py:824} INFO - There are 1 files in /opt/airflow/dags
[2024-11-15T06:33:16.312+0000] {manager.py:997} INFO - 
================================================================================
DAG File Processing Stats

File Path                      PID    Runtime      # DAGs    # Errors  Last Runtime    Last Run               Last # of DB Queries
-----------------------------  -----  ---------  --------  ----------  --------------  -------------------  ----------------------
/opt/airflow/dags/workflow.py                           1           0  0.14s           2024-11-15T06:32:46                      12
================================================================================
[2024-11-15T06:33:46.411+0000] {manager.py:997} INFO - 
================================================================================
DAG File Processing Stats

File Path                      PID    Runtime      # DAGs    # Errors  Last Runtime    Last Run               Last # of DB Queries
-----------------------------  -----  ---------  --------  ----------  --------------  -------------------  ----------------------
/opt/airflow/dags/workflow.py                           1           0  0.30s           2024-11-15T06:33:17                      12
================================================================================
[2024-11-15T06:34:16.851+0000] {manager.py:997} INFO - 
================================================================================
DAG File Processing Stats

File Path                      PID    Runtime      # DAGs    # Errors  Last Runtime    Last Run               Last # of DB Queries
-----------------------------  -----  ---------  --------  ----------  --------------  -------------------  ----------------------
/opt/airflow/dags/workflow.py                           1           0  0.64s           2024-11-15T06:33:49                      12
================================================================================
[2024-11-15T06:34:47.547+0000] {manager.py:997} INFO - 
================================================================================
DAG File Processing Stats

File Path                      PID    Runtime      # DAGs    # Errors  Last Runtime    Last Run               Last # of DB Queries
-----------------------------  -----  ---------  --------  ----------  --------------  -------------------  ----------------------
/opt/airflow/dags/workflow.py                           1           0  0.27s           2024-11-15T06:34:19                      12
================================================================================
[2024-11-15T06:35:04.111+0000] {manager.py:465} INFO - Exiting gracefully upon receiving signal 15
[2024-11-15T06:39:50.787+0000] {manager.py:483} INFO - Processing files using up to 2 processes at a time 
[2024-11-15T06:39:50.789+0000] {manager.py:484} INFO - Process each file at most once every 30 seconds
[2024-11-15T06:39:50.791+0000] {manager.py:485} INFO - Checking for new files in /opt/airflow/dags every 300 seconds
[2024-11-15T06:39:50.793+0000] {manager.py:821} INFO - Searching for files in /opt/airflow/dags
[2024-11-15T06:39:50.929+0000] {manager.py:824} INFO - There are 1 files in /opt/airflow/dags
[2024-11-15T06:39:51.336+0000] {manager.py:997} INFO - 
================================================================================
DAG File Processing Stats

File Path                        PID  Runtime      # DAGs    # Errors  Last Runtime    Last Run      Last # of DB Queries
-----------------------------  -----  ---------  --------  ----------  --------------  ----------  ----------------------
/opt/airflow/dags/workflow.py     48  0.07s             0           0                                                   0
================================================================================
[2024-11-15T06:40:21.938+0000] {manager.py:997} INFO - 
================================================================================
DAG File Processing Stats

File Path                      PID    Runtime      # DAGs    # Errors  Last Runtime    Last Run               Last # of DB Queries
-----------------------------  -----  ---------  --------  ----------  --------------  -------------------  ----------------------
/opt/airflow/dags/workflow.py                           1           0  0.94s           2024-11-15T06:39:52                      12
================================================================================
[2024-11-15T06:40:52.456+0000] {manager.py:997} INFO - 
================================================================================
DAG File Processing Stats

File Path                      PID    Runtime      # DAGs    # Errors  Last Runtime    Last Run               Last # of DB Queries
-----------------------------  -----  ---------  --------  ----------  --------------  -------------------  ----------------------
/opt/airflow/dags/workflow.py                           1           0  2.82s           2024-11-15T06:40:25                      12
================================================================================
[2024-11-15T06:41:22.923+0000] {manager.py:997} INFO - 
================================================================================
DAG File Processing Stats

File Path                      PID    Runtime      # DAGs    # Errors  Last Runtime    Last Run               Last # of DB Queries
-----------------------------  -----  ---------  --------  ----------  --------------  -------------------  ----------------------
/opt/airflow/dags/workflow.py                           1           0  1.25s           2024-11-15T06:40:57                      12
================================================================================
[2024-11-15T06:41:40.425+0000] {manager.py:465} INFO - Exiting gracefully upon receiving signal 15
[2024-11-15T06:44:07.675+0000] {manager.py:483} INFO - Processing files using up to 2 processes at a time 
[2024-11-15T06:44:07.676+0000] {manager.py:484} INFO - Process each file at most once every 30 seconds
[2024-11-15T06:44:07.677+0000] {manager.py:485} INFO - Checking for new files in /opt/airflow/dags every 300 seconds
[2024-11-15T06:44:07.677+0000] {manager.py:821} INFO - Searching for files in /opt/airflow/dags
[2024-11-15T06:44:07.728+0000] {manager.py:824} INFO - There are 1 files in /opt/airflow/dags
[2024-11-15T06:44:07.809+0000] {manager.py:997} INFO - 
================================================================================
DAG File Processing Stats

File Path                        PID  Runtime      # DAGs    # Errors  Last Runtime    Last Run      Last # of DB Queries
-----------------------------  -----  ---------  --------  ----------  --------------  ----------  ----------------------
/opt/airflow/dags/workflow.py     41  0.02s             0           0                                                   0
================================================================================
[2024-11-15T06:44:38.048+0000] {manager.py:997} INFO - 
================================================================================
DAG File Processing Stats

File Path                      PID    Runtime      # DAGs    # Errors  Last Runtime    Last Run               Last # of DB Queries
-----------------------------  -----  ---------  --------  ----------  --------------  -------------------  ----------------------
/opt/airflow/dags/workflow.py                           1           0  0.72s           2024-11-15T06:44:08                      45
================================================================================
[2024-11-15T06:45:08.061+0000] {manager.py:997} INFO - 
================================================================================
DAG File Processing Stats

File Path                      PID    Runtime      # DAGs    # Errors  Last Runtime    Last Run               Last # of DB Queries
-----------------------------  -----  ---------  --------  ----------  --------------  -------------------  ----------------------
/opt/airflow/dags/workflow.py                           1           0  0.13s           2024-11-15T06:44:38                      12
================================================================================
[2024-11-15T06:45:38.461+0000] {manager.py:997} INFO - 
================================================================================
DAG File Processing Stats

File Path                      PID    Runtime      # DAGs    # Errors  Last Runtime    Last Run               Last # of DB Queries
-----------------------------  -----  ---------  --------  ----------  --------------  -------------------  ----------------------
/opt/airflow/dags/workflow.py                           1           0  0.15s           2024-11-15T06:45:09                      12
================================================================================
[2024-11-15T06:46:08.779+0000] {manager.py:997} INFO - 
================================================================================
DAG File Processing Stats

File Path                      PID    Runtime      # DAGs    # Errors  Last Runtime    Last Run               Last # of DB Queries
-----------------------------  -----  ---------  --------  ----------  --------------  -------------------  ----------------------
/opt/airflow/dags/workflow.py                           1           0  0.25s           2024-11-15T06:45:39                      12
================================================================================
[2024-11-15T06:46:39.076+0000] {manager.py:997} INFO - 
================================================================================
DAG File Processing Stats

File Path                      PID    Runtime      # DAGs    # Errors  Last Runtime    Last Run               Last # of DB Queries
-----------------------------  -----  ---------  --------  ----------  --------------  -------------------  ----------------------
/opt/airflow/dags/workflow.py                           1           0  0.16s           2024-11-15T06:46:09                      12
================================================================================
[2024-11-15T06:47:09.639+0000] {manager.py:997} INFO - 
================================================================================
DAG File Processing Stats

File Path                      PID    Runtime      # DAGs    # Errors  Last Runtime    Last Run               Last # of DB Queries
-----------------------------  -----  ---------  --------  ----------  --------------  -------------------  ----------------------
/opt/airflow/dags/workflow.py                           1           0  0.16s           2024-11-15T06:46:40                      12
================================================================================
[2024-11-15T06:47:40.363+0000] {manager.py:997} INFO - 
================================================================================
DAG File Processing Stats

File Path                      PID    Runtime      # DAGs    # Errors  Last Runtime    Last Run               Last # of DB Queries
-----------------------------  -----  ---------  --------  ----------  --------------  -------------------  ----------------------
/opt/airflow/dags/workflow.py                           1           0  0.20s           2024-11-15T06:47:10                      12
================================================================================
[2024-11-15T06:47:50.289+0000] {manager.py:465} INFO - Exiting gracefully upon receiving signal 15
[2024-11-15T06:49:56.858+0000] {manager.py:483} INFO - Processing files using up to 2 processes at a time 
[2024-11-15T06:49:56.859+0000] {manager.py:484} INFO - Process each file at most once every 30 seconds
[2024-11-15T06:49:56.859+0000] {manager.py:485} INFO - Checking for new files in /opt/airflow/dags every 300 seconds
[2024-11-15T06:49:56.860+0000] {manager.py:821} INFO - Searching for files in /opt/airflow/dags
[2024-11-15T06:49:56.893+0000] {manager.py:824} INFO - There are 1 files in /opt/airflow/dags
[2024-11-15T06:49:56.966+0000] {manager.py:997} INFO - 
================================================================================
DAG File Processing Stats

File Path                        PID  Runtime      # DAGs    # Errors  Last Runtime    Last Run      Last # of DB Queries
-----------------------------  -----  ---------  --------  ----------  --------------  ----------  ----------------------
/opt/airflow/dags/workflow.py     35  0.02s             0           0                                                   0
================================================================================
[2024-11-15T06:50:27.344+0000] {manager.py:997} INFO - 
================================================================================
DAG File Processing Stats

File Path                      PID    Runtime      # DAGs    # Errors  Last Runtime    Last Run               Last # of DB Queries
-----------------------------  -----  ---------  --------  ----------  --------------  -------------------  ----------------------
/opt/airflow/dags/workflow.py                           1           0  0.55s           2024-11-15T06:49:57                      45
================================================================================
[2024-11-15T06:50:58.117+0000] {manager.py:997} INFO - 
================================================================================
DAG File Processing Stats

File Path                        PID  Runtime      # DAGs    # Errors  Last Runtime    Last Run               Last # of DB Queries
-----------------------------  -----  ---------  --------  ----------  --------------  -------------------  ----------------------
/opt/airflow/dags/workflow.py     49  0.00s             1           0  0.19s           2024-11-15T06:50:28                      12
================================================================================
[2024-11-15T06:51:28.392+0000] {manager.py:997} INFO - 
================================================================================
DAG File Processing Stats

File Path                        PID  Runtime      # DAGs    # Errors  Last Runtime    Last Run               Last # of DB Queries
-----------------------------  -----  ---------  --------  ----------  --------------  -------------------  ----------------------
/opt/airflow/dags/workflow.py     60  0.00s             1           0  0.13s           2024-11-15T06:50:58                      12
================================================================================
[2024-11-15T06:51:58.777+0000] {manager.py:997} INFO - 
================================================================================
DAG File Processing Stats

File Path                        PID  Runtime      # DAGs    # Errors  Last Runtime    Last Run               Last # of DB Queries
-----------------------------  -----  ---------  --------  ----------  --------------  -------------------  ----------------------
/opt/airflow/dags/workflow.py     67  0.00s             1           0  0.25s           2024-11-15T06:51:28                      12
================================================================================
[2024-11-15T06:52:29.171+0000] {manager.py:997} INFO - 
================================================================================
DAG File Processing Stats

File Path                        PID  Runtime      # DAGs    # Errors  Last Runtime    Last Run               Last # of DB Queries
-----------------------------  -----  ---------  --------  ----------  --------------  -------------------  ----------------------
/opt/airflow/dags/workflow.py     74  0.00s             1           0  0.14s           2024-11-15T06:51:58                      12
================================================================================
[2024-11-15T06:52:59.498+0000] {manager.py:997} INFO - 
================================================================================
DAG File Processing Stats

File Path                        PID  Runtime      # DAGs    # Errors  Last Runtime    Last Run               Last # of DB Queries
-----------------------------  -----  ---------  --------  ----------  --------------  -------------------  ----------------------
/opt/airflow/dags/workflow.py     85  0.01s             1           0  0.14s           2024-11-15T06:52:29                      12
================================================================================
[2024-11-15T06:53:29.866+0000] {manager.py:997} INFO - 
================================================================================
DAG File Processing Stats

File Path                        PID  Runtime      # DAGs    # Errors  Last Runtime    Last Run               Last # of DB Queries
-----------------------------  -----  ---------  --------  ----------  --------------  -------------------  ----------------------
/opt/airflow/dags/workflow.py     98  0.00s             1           0  0.24s           2024-11-15T06:52:59                      12
================================================================================
[2024-11-15T06:53:56.115+0000] {manager.py:465} INFO - Exiting gracefully upon receiving signal 15
[2024-11-15T07:00:36.494+0000] {manager.py:483} INFO - Processing files using up to 2 processes at a time 
[2024-11-15T07:00:36.495+0000] {manager.py:484} INFO - Process each file at most once every 30 seconds
[2024-11-15T07:00:36.496+0000] {manager.py:485} INFO - Checking for new files in /opt/airflow/dags every 300 seconds
[2024-11-15T07:00:36.497+0000] {manager.py:821} INFO - Searching for files in /opt/airflow/dags
[2024-11-15T07:00:36.532+0000] {manager.py:824} INFO - There are 1 files in /opt/airflow/dags
[2024-11-15T07:00:36.629+0000] {manager.py:997} INFO - 
================================================================================
DAG File Processing Stats

File Path                        PID  Runtime      # DAGs    # Errors  Last Runtime    Last Run      Last # of DB Queries
-----------------------------  -----  ---------  --------  ----------  --------------  ----------  ----------------------
/opt/airflow/dags/workflow.py     41  0.03s             0           0                                                   0
================================================================================
[2024-11-15T07:01:06.860+0000] {manager.py:997} INFO - 
================================================================================
DAG File Processing Stats

File Path                      PID    Runtime      # DAGs    # Errors  Last Runtime    Last Run               Last # of DB Queries
-----------------------------  -----  ---------  --------  ----------  --------------  -------------------  ----------------------
/opt/airflow/dags/workflow.py                           1           0  0.67s           2024-11-15T07:00:37                      45
================================================================================
[2024-11-15T07:01:36.883+0000] {manager.py:997} INFO - 
================================================================================
DAG File Processing Stats

File Path                      PID    Runtime      # DAGs    # Errors  Last Runtime    Last Run               Last # of DB Queries
-----------------------------  -----  ---------  --------  ----------  --------------  -------------------  ----------------------
/opt/airflow/dags/workflow.py                           1           0  0.13s           2024-11-15T07:01:07                      12
================================================================================
[2024-11-15T07:02:07.153+0000] {manager.py:997} INFO - 
================================================================================
DAG File Processing Stats

File Path                      PID    Runtime      # DAGs    # Errors  Last Runtime    Last Run               Last # of DB Queries
-----------------------------  -----  ---------  --------  ----------  --------------  -------------------  ----------------------
/opt/airflow/dags/workflow.py                           1           0  0.13s           2024-11-15T07:01:37                      12
================================================================================
[2024-11-15T07:02:37.430+0000] {manager.py:997} INFO - 
================================================================================
DAG File Processing Stats

File Path                      PID    Runtime      # DAGs    # Errors  Last Runtime    Last Run               Last # of DB Queries
-----------------------------  -----  ---------  --------  ----------  --------------  -------------------  ----------------------
/opt/airflow/dags/workflow.py                           1           0  0.15s           2024-11-15T07:02:08                      12
================================================================================
[2024-11-15T07:03:07.975+0000] {manager.py:997} INFO - 
================================================================================
DAG File Processing Stats

File Path                      PID    Runtime      # DAGs    # Errors  Last Runtime    Last Run               Last # of DB Queries
-----------------------------  -----  ---------  --------  ----------  --------------  -------------------  ----------------------
/opt/airflow/dags/workflow.py                           1           0  0.72s           2024-11-15T07:02:39                      12
================================================================================
[2024-11-15T07:03:38.269+0000] {manager.py:997} INFO - 
================================================================================
DAG File Processing Stats

File Path                      PID    Runtime      # DAGs    # Errors  Last Runtime    Last Run               Last # of DB Queries
-----------------------------  -----  ---------  --------  ----------  --------------  -------------------  ----------------------
/opt/airflow/dags/workflow.py                           1           0  0.14s           2024-11-15T07:03:10                      12
================================================================================
[2024-11-15T07:04:08.660+0000] {manager.py:997} INFO - 
================================================================================
DAG File Processing Stats

File Path                      PID    Runtime      # DAGs    # Errors  Last Runtime    Last Run               Last # of DB Queries
-----------------------------  -----  ---------  --------  ----------  --------------  -------------------  ----------------------
/opt/airflow/dags/workflow.py                           1           0  0.25s           2024-11-15T07:03:40                      12
================================================================================
[2024-11-15T07:04:38.741+0000] {manager.py:997} INFO - 
================================================================================
DAG File Processing Stats

File Path                      PID    Runtime      # DAGs    # Errors  Last Runtime    Last Run               Last # of DB Queries
-----------------------------  -----  ---------  --------  ----------  --------------  -------------------  ----------------------
/opt/airflow/dags/workflow.py                           1           0  0.74s           2024-11-15T07:04:11                      12
================================================================================
[2024-11-15T07:05:09.033+0000] {manager.py:997} INFO - 
================================================================================
DAG File Processing Stats

File Path                      PID    Runtime      # DAGs    # Errors  Last Runtime    Last Run               Last # of DB Queries
-----------------------------  -----  ---------  --------  ----------  --------------  -------------------  ----------------------
/opt/airflow/dags/workflow.py                           1           0  0.15s           2024-11-15T07:04:41                      12
================================================================================
[2024-11-15T07:05:37.434+0000] {manager.py:821} INFO - Searching for files in /opt/airflow/dags
[2024-11-15T07:05:37.479+0000] {manager.py:824} INFO - There are 1 files in /opt/airflow/dags
[2024-11-15T07:05:39.519+0000] {manager.py:997} INFO - 
================================================================================
DAG File Processing Stats

File Path                      PID    Runtime      # DAGs    # Errors  Last Runtime    Last Run               Last # of DB Queries
-----------------------------  -----  ---------  --------  ----------  --------------  -------------------  ----------------------
/opt/airflow/dags/workflow.py                           1           0  0.18s           2024-11-15T07:05:12                      12
================================================================================
[2024-11-15T07:06:09.807+0000] {manager.py:997} INFO - 
================================================================================
DAG File Processing Stats

File Path                      PID    Runtime      # DAGs    # Errors  Last Runtime    Last Run               Last # of DB Queries
-----------------------------  -----  ---------  --------  ----------  --------------  -------------------  ----------------------
/opt/airflow/dags/workflow.py                           1           0  0.13s           2024-11-15T07:05:42                      12
================================================================================
[2024-11-15T07:06:40.182+0000] {manager.py:997} INFO - 
================================================================================
DAG File Processing Stats

File Path                      PID    Runtime      # DAGs    # Errors  Last Runtime    Last Run               Last # of DB Queries
-----------------------------  -----  ---------  --------  ----------  --------------  -------------------  ----------------------
/opt/airflow/dags/workflow.py                           1           0  0.25s           2024-11-15T07:06:13                      12
================================================================================
[2024-11-15T07:07:10.563+0000] {manager.py:997} INFO - 
================================================================================
DAG File Processing Stats

File Path                      PID    Runtime      # DAGs    # Errors  Last Runtime    Last Run               Last # of DB Queries
-----------------------------  -----  ---------  --------  ----------  --------------  -------------------  ----------------------
/opt/airflow/dags/workflow.py                           1           0  0.27s           2024-11-15T07:06:43                      12
================================================================================
[2024-11-15T07:07:40.971+0000] {manager.py:997} INFO - 
================================================================================
DAG File Processing Stats

File Path                      PID    Runtime      # DAGs    # Errors  Last Runtime    Last Run               Last # of DB Queries
-----------------------------  -----  ---------  --------  ----------  --------------  -------------------  ----------------------
/opt/airflow/dags/workflow.py                           1           0  0.15s           2024-11-15T07:07:13                      12
================================================================================
[2024-11-15T07:08:11.351+0000] {manager.py:997} INFO - 
================================================================================
DAG File Processing Stats

File Path                      PID    Runtime      # DAGs    # Errors  Last Runtime    Last Run               Last # of DB Queries
-----------------------------  -----  ---------  --------  ----------  --------------  -------------------  ----------------------
/opt/airflow/dags/workflow.py                           1           0  0.15s           2024-11-15T07:08:08                      12
================================================================================
[2024-11-15T07:08:41.990+0000] {manager.py:997} INFO - 
================================================================================
DAG File Processing Stats

File Path                      PID    Runtime      # DAGs    # Errors  Last Runtime    Last Run               Last # of DB Queries
-----------------------------  -----  ---------  --------  ----------  --------------  -------------------  ----------------------
/opt/airflow/dags/workflow.py                           1           0  0.16s           2024-11-15T07:08:39                      12
================================================================================
[2024-11-15T07:09:12.395+0000] {manager.py:997} INFO - 
================================================================================
DAG File Processing Stats

File Path                      PID    Runtime      # DAGs    # Errors  Last Runtime    Last Run               Last # of DB Queries
-----------------------------  -----  ---------  --------  ----------  --------------  -------------------  ----------------------
/opt/airflow/dags/workflow.py                           1           0  0.31s           2024-11-15T07:09:09                      12
================================================================================
[2024-11-15T07:09:42.815+0000] {manager.py:997} INFO - 
================================================================================
DAG File Processing Stats

File Path                      PID    Runtime      # DAGs    # Errors  Last Runtime    Last Run               Last # of DB Queries
-----------------------------  -----  ---------  --------  ----------  --------------  -------------------  ----------------------
/opt/airflow/dags/workflow.py                           1           0  0.29s           2024-11-15T07:09:39                      12
================================================================================
[2024-11-15T07:10:13.233+0000] {manager.py:997} INFO - 
================================================================================
DAG File Processing Stats

File Path                      PID    Runtime      # DAGs    # Errors  Last Runtime    Last Run               Last # of DB Queries
-----------------------------  -----  ---------  --------  ----------  --------------  -------------------  ----------------------
/opt/airflow/dags/workflow.py                           1           0  0.21s           2024-11-15T07:10:10                      12
================================================================================
[2024-11-15T07:10:37.515+0000] {manager.py:821} INFO - Searching for files in /opt/airflow/dags
[2024-11-15T07:10:37.555+0000] {manager.py:824} INFO - There are 1 files in /opt/airflow/dags
[2024-11-15T07:10:43.654+0000] {manager.py:997} INFO - 
================================================================================
DAG File Processing Stats

File Path                      PID    Runtime      # DAGs    # Errors  Last Runtime    Last Run               Last # of DB Queries
-----------------------------  -----  ---------  --------  ----------  --------------  -------------------  ----------------------
/opt/airflow/dags/workflow.py                           1           0  0.19s           2024-11-15T07:10:40                      12
================================================================================
[2024-11-15T07:11:13.910+0000] {manager.py:997} INFO - 
================================================================================
DAG File Processing Stats

File Path                      PID    Runtime      # DAGs    # Errors  Last Runtime    Last Run               Last # of DB Queries
-----------------------------  -----  ---------  --------  ----------  --------------  -------------------  ----------------------
/opt/airflow/dags/workflow.py                           1           0  0.11s           2024-11-15T07:11:10                      12
================================================================================
[2024-11-15T07:11:44.338+0000] {manager.py:997} INFO - 
================================================================================
DAG File Processing Stats

File Path                      PID    Runtime      # DAGs    # Errors  Last Runtime    Last Run               Last # of DB Queries
-----------------------------  -----  ---------  --------  ----------  --------------  -------------------  ----------------------
/opt/airflow/dags/workflow.py                           1           0  0.27s           2024-11-15T07:11:41                      12
================================================================================
[2024-11-15T07:12:14.814+0000] {manager.py:997} INFO - 
================================================================================
DAG File Processing Stats

File Path                      PID    Runtime      # DAGs    # Errors  Last Runtime    Last Run               Last # of DB Queries
-----------------------------  -----  ---------  --------  ----------  --------------  -------------------  ----------------------
/opt/airflow/dags/workflow.py                           1           0  0.27s           2024-11-15T07:12:11                      12
================================================================================
[2024-11-15T07:12:45.098+0000] {manager.py:997} INFO - 
================================================================================
DAG File Processing Stats

File Path                      PID    Runtime      # DAGs    # Errors  Last Runtime    Last Run               Last # of DB Queries
-----------------------------  -----  ---------  --------  ----------  --------------  -------------------  ----------------------
/opt/airflow/dags/workflow.py                           1           0  0.27s           2024-11-15T07:12:42                      12
================================================================================
[2024-11-15T07:13:15.610+0000] {manager.py:997} INFO - 
================================================================================
DAG File Processing Stats

File Path                      PID    Runtime      # DAGs    # Errors  Last Runtime    Last Run               Last # of DB Queries
-----------------------------  -----  ---------  --------  ----------  --------------  -------------------  ----------------------
/opt/airflow/dags/workflow.py                           1           0  0.16s           2024-11-15T07:13:12                      12
================================================================================
[2024-11-15T07:13:45.997+0000] {manager.py:997} INFO - 
================================================================================
DAG File Processing Stats

File Path                      PID    Runtime      # DAGs    # Errors  Last Runtime    Last Run               Last # of DB Queries
-----------------------------  -----  ---------  --------  ----------  --------------  -------------------  ----------------------
/opt/airflow/dags/workflow.py                           1           0  0.26s           2024-11-15T07:13:43                      12
================================================================================
[2024-11-15T07:14:16.546+0000] {manager.py:997} INFO - 
================================================================================
DAG File Processing Stats

File Path                      PID    Runtime      # DAGs    # Errors  Last Runtime    Last Run               Last # of DB Queries
-----------------------------  -----  ---------  --------  ----------  --------------  -------------------  ----------------------
/opt/airflow/dags/workflow.py                           1           0  0.54s           2024-11-15T07:14:13                      12
================================================================================
[2024-11-15T07:14:47.267+0000] {manager.py:997} INFO - 
================================================================================
DAG File Processing Stats

File Path                      PID    Runtime      # DAGs    # Errors  Last Runtime    Last Run               Last # of DB Queries
-----------------------------  -----  ---------  --------  ----------  --------------  -------------------  ----------------------
/opt/airflow/dags/workflow.py                           1           0  0.25s           2024-11-15T07:14:44                      12
================================================================================
[2024-11-15T07:15:17.774+0000] {manager.py:997} INFO - 
================================================================================
DAG File Processing Stats

File Path                      PID    Runtime      # DAGs    # Errors  Last Runtime    Last Run               Last # of DB Queries
-----------------------------  -----  ---------  --------  ----------  --------------  -------------------  ----------------------
/opt/airflow/dags/workflow.py                           1           0  0.31s           2024-11-15T07:15:15                      12
================================================================================
[2024-11-15T07:15:37.921+0000] {manager.py:821} INFO - Searching for files in /opt/airflow/dags
[2024-11-15T07:15:37.952+0000] {manager.py:824} INFO - There are 1 files in /opt/airflow/dags
[2024-11-15T07:15:48.325+0000] {manager.py:997} INFO - 
================================================================================
DAG File Processing Stats

File Path                      PID    Runtime      # DAGs    # Errors  Last Runtime    Last Run               Last # of DB Queries
-----------------------------  -----  ---------  --------  ----------  --------------  -------------------  ----------------------
/opt/airflow/dags/workflow.py                           1           0  0.25s           2024-11-15T07:15:45                      12
================================================================================
[2024-11-15T07:16:18.808+0000] {manager.py:997} INFO - 
================================================================================
DAG File Processing Stats

File Path                      PID    Runtime      # DAGs    # Errors  Last Runtime    Last Run               Last # of DB Queries
-----------------------------  -----  ---------  --------  ----------  --------------  -------------------  ----------------------
/opt/airflow/dags/workflow.py                           1           0  0.17s           2024-11-15T07:16:15                      12
================================================================================
[2024-11-15T07:16:49.079+0000] {manager.py:997} INFO - 
================================================================================
DAG File Processing Stats

File Path                      PID    Runtime      # DAGs    # Errors  Last Runtime    Last Run               Last # of DB Queries
-----------------------------  -----  ---------  --------  ----------  --------------  -------------------  ----------------------
/opt/airflow/dags/workflow.py                           1           0  0.12s           2024-11-15T07:16:46                      12
================================================================================
[2024-11-15T07:17:19.456+0000] {manager.py:997} INFO - 
================================================================================
DAG File Processing Stats

File Path                      PID    Runtime      # DAGs    # Errors  Last Runtime    Last Run               Last # of DB Queries
-----------------------------  -----  ---------  --------  ----------  --------------  -------------------  ----------------------
/opt/airflow/dags/workflow.py                           1           0  0.35s           2024-11-15T07:17:16                      12
================================================================================
[2024-11-15T07:17:49.955+0000] {manager.py:997} INFO - 
================================================================================
DAG File Processing Stats

File Path                      PID    Runtime      # DAGs    # Errors  Last Runtime    Last Run               Last # of DB Queries
-----------------------------  -----  ---------  --------  ----------  --------------  -------------------  ----------------------
/opt/airflow/dags/workflow.py                           1           0  0.28s           2024-11-15T07:17:46                      12
================================================================================
[2024-11-15T07:18:20.295+0000] {manager.py:997} INFO - 
================================================================================
DAG File Processing Stats

File Path                      PID    Runtime      # DAGs    # Errors  Last Runtime    Last Run               Last # of DB Queries
-----------------------------  -----  ---------  --------  ----------  --------------  -------------------  ----------------------
/opt/airflow/dags/workflow.py                           1           0  0.35s           2024-11-15T07:18:17                      12
================================================================================
[2024-11-15T07:18:50.568+0000] {manager.py:997} INFO - 
================================================================================
DAG File Processing Stats

File Path                      PID    Runtime      # DAGs    # Errors  Last Runtime    Last Run               Last # of DB Queries
-----------------------------  -----  ---------  --------  ----------  --------------  -------------------  ----------------------
/opt/airflow/dags/workflow.py                           1           0  0.12s           2024-11-15T07:18:47                      12
================================================================================
[2024-11-15T07:19:20.839+0000] {manager.py:997} INFO - 
================================================================================
DAG File Processing Stats

File Path                      PID    Runtime      # DAGs    # Errors  Last Runtime    Last Run               Last # of DB Queries
-----------------------------  -----  ---------  --------  ----------  --------------  -------------------  ----------------------
/opt/airflow/dags/workflow.py                           1           0  0.12s           2024-11-15T07:19:17                      12
================================================================================
[2024-11-15T07:19:51.212+0000] {manager.py:997} INFO - 
================================================================================
DAG File Processing Stats

File Path                      PID    Runtime      # DAGs    # Errors  Last Runtime    Last Run               Last # of DB Queries
-----------------------------  -----  ---------  --------  ----------  --------------  -------------------  ----------------------
/opt/airflow/dags/workflow.py                           1           0  0.18s           2024-11-15T07:19:48                      12
================================================================================
[2024-11-15T07:20:21.504+0000] {manager.py:997} INFO - 
================================================================================
DAG File Processing Stats

File Path                      PID    Runtime      # DAGs    # Errors  Last Runtime    Last Run               Last # of DB Queries
-----------------------------  -----  ---------  --------  ----------  --------------  -------------------  ----------------------
/opt/airflow/dags/workflow.py                           1           0  0.12s           2024-11-15T07:20:18                      12
================================================================================
[2024-11-15T07:20:38.658+0000] {manager.py:821} INFO - Searching for files in /opt/airflow/dags
[2024-11-15T07:20:38.804+0000] {manager.py:824} INFO - There are 1 files in /opt/airflow/dags
[2024-11-15T07:20:51.859+0000] {manager.py:997} INFO - 
================================================================================
DAG File Processing Stats

File Path                      PID    Runtime      # DAGs    # Errors  Last Runtime    Last Run               Last # of DB Queries
-----------------------------  -----  ---------  --------  ----------  --------------  -------------------  ----------------------
/opt/airflow/dags/workflow.py                           1           0  0.75s           2024-11-15T07:20:49                      12
================================================================================
[2024-11-15T07:21:22.380+0000] {manager.py:997} INFO - 
================================================================================
DAG File Processing Stats

File Path                      PID    Runtime      # DAGs    # Errors  Last Runtime    Last Run               Last # of DB Queries
-----------------------------  -----  ---------  --------  ----------  --------------  -------------------  ----------------------
/opt/airflow/dags/workflow.py                           1           0  0.27s           2024-11-15T07:21:20                      12
================================================================================
[2024-11-15T07:21:52.700+0000] {manager.py:997} INFO - 
================================================================================
DAG File Processing Stats

File Path                      PID    Runtime      # DAGs    # Errors  Last Runtime    Last Run               Last # of DB Queries
-----------------------------  -----  ---------  --------  ----------  --------------  -------------------  ----------------------
/opt/airflow/dags/workflow.py                           1           0  0.12s           2024-11-15T07:21:50                      12
================================================================================
[2024-11-15T07:22:12.041+0000] {manager.py:465} INFO - Exiting gracefully upon receiving signal 15
[2024-11-15T07:23:27.451+0000] {manager.py:483} INFO - Processing files using up to 2 processes at a time 
[2024-11-15T07:23:27.452+0000] {manager.py:484} INFO - Process each file at most once every 30 seconds
[2024-11-15T07:23:27.453+0000] {manager.py:485} INFO - Checking for new files in /opt/airflow/dags every 300 seconds
[2024-11-15T07:23:27.453+0000] {manager.py:821} INFO - Searching for files in /opt/airflow/dags
[2024-11-15T07:23:27.504+0000] {manager.py:824} INFO - There are 1 files in /opt/airflow/dags
[2024-11-15T07:23:27.616+0000] {manager.py:997} INFO - 
================================================================================
DAG File Processing Stats

File Path                        PID  Runtime      # DAGs    # Errors  Last Runtime    Last Run      Last # of DB Queries
-----------------------------  -----  ---------  --------  ----------  --------------  ----------  ----------------------
/opt/airflow/dags/workflow.py     35  0.04s             0           0                                                   0
================================================================================
[2024-11-15T07:23:57.860+0000] {manager.py:997} INFO - 
================================================================================
DAG File Processing Stats

File Path                      PID    Runtime      # DAGs    # Errors  Last Runtime    Last Run               Last # of DB Queries
-----------------------------  -----  ---------  --------  ----------  --------------  -------------------  ----------------------
/opt/airflow/dags/workflow.py                           1           0  0.75s           2024-11-15T07:23:28                      45
================================================================================
[2024-11-15T07:24:27.972+0000] {manager.py:997} INFO - 
================================================================================
DAG File Processing Stats

File Path                      PID    Runtime      # DAGs    # Errors  Last Runtime    Last Run               Last # of DB Queries
-----------------------------  -----  ---------  --------  ----------  --------------  -------------------  ----------------------
/opt/airflow/dags/workflow.py                           1           0  0.16s           2024-11-15T07:23:58                      12
================================================================================
[2024-11-15T07:24:58.293+0000] {manager.py:997} INFO - 
================================================================================
DAG File Processing Stats

File Path                      PID    Runtime      # DAGs    # Errors  Last Runtime    Last Run               Last # of DB Queries
-----------------------------  -----  ---------  --------  ----------  --------------  -------------------  ----------------------
/opt/airflow/dags/workflow.py                           1           0  0.16s           2024-11-15T07:24:29                      12
================================================================================
[2024-11-15T07:25:28.593+0000] {manager.py:997} INFO - 
================================================================================
DAG File Processing Stats

File Path                      PID    Runtime      # DAGs    # Errors  Last Runtime    Last Run               Last # of DB Queries
-----------------------------  -----  ---------  --------  ----------  --------------  -------------------  ----------------------
/opt/airflow/dags/workflow.py                           1           0  0.13s           2024-11-15T07:24:59                      12
================================================================================
[2024-11-15T07:25:58.948+0000] {manager.py:997} INFO - 
================================================================================
DAG File Processing Stats

File Path                      PID    Runtime      # DAGs    # Errors  Last Runtime    Last Run               Last # of DB Queries
-----------------------------  -----  ---------  --------  ----------  --------------  -------------------  ----------------------
/opt/airflow/dags/workflow.py                           1           0  0.18s           2024-11-15T07:25:29                      12
================================================================================
[2024-11-15T07:26:29.399+0000] {manager.py:997} INFO - 
================================================================================
DAG File Processing Stats

File Path                      PID    Runtime      # DAGs    # Errors  Last Runtime    Last Run               Last # of DB Queries
-----------------------------  -----  ---------  --------  ----------  --------------  -------------------  ----------------------
/opt/airflow/dags/workflow.py                           1           0  0.14s           2024-11-15T07:26:00                      12
================================================================================
[2024-11-15T07:26:59.967+0000] {manager.py:997} INFO - 
================================================================================
DAG File Processing Stats

File Path                      PID    Runtime      # DAGs    # Errors  Last Runtime    Last Run               Last # of DB Queries
-----------------------------  -----  ---------  --------  ----------  --------------  -------------------  ----------------------
/opt/airflow/dags/workflow.py                           1           0  0.30s           2024-11-15T07:26:30                      12
================================================================================
[2024-11-15T07:27:30.446+0000] {manager.py:997} INFO - 
================================================================================
DAG File Processing Stats

File Path                      PID    Runtime      # DAGs    # Errors  Last Runtime    Last Run               Last # of DB Queries
-----------------------------  -----  ---------  --------  ----------  --------------  -------------------  ----------------------
/opt/airflow/dags/workflow.py                           1           0  0.98s           2024-11-15T07:27:02                      12
================================================================================
[2024-11-15T07:28:00.815+0000] {manager.py:997} INFO - 
================================================================================
DAG File Processing Stats

File Path                      PID    Runtime      # DAGs    # Errors  Last Runtime    Last Run               Last # of DB Queries
-----------------------------  -----  ---------  --------  ----------  --------------  -------------------  ----------------------
/opt/airflow/dags/workflow.py                           1           0  0.11s           2024-11-15T07:27:32                      12
================================================================================
[2024-11-15T07:28:27.593+0000] {manager.py:821} INFO - Searching for files in /opt/airflow/dags
[2024-11-15T07:28:27.621+0000] {manager.py:824} INFO - There are 1 files in /opt/airflow/dags
[2024-11-15T07:28:31.249+0000] {manager.py:997} INFO - 
================================================================================
DAG File Processing Stats

File Path                      PID    Runtime      # DAGs    # Errors  Last Runtime    Last Run               Last # of DB Queries
-----------------------------  -----  ---------  --------  ----------  --------------  -------------------  ----------------------
/opt/airflow/dags/workflow.py                           1           0  0.43s           2024-11-15T07:28:03                      12
================================================================================
[2024-11-15T07:29:01.943+0000] {manager.py:997} INFO - 
================================================================================
DAG File Processing Stats

File Path                      PID    Runtime      # DAGs    # Errors  Last Runtime    Last Run               Last # of DB Queries
-----------------------------  -----  ---------  --------  ----------  --------------  -------------------  ----------------------
/opt/airflow/dags/workflow.py                           1           0  0.14s           2024-11-15T07:28:33                      12
================================================================================
[2024-11-15T07:29:32.381+0000] {manager.py:997} INFO - 
================================================================================
DAG File Processing Stats

File Path                      PID    Runtime      # DAGs    # Errors  Last Runtime    Last Run               Last # of DB Queries
-----------------------------  -----  ---------  --------  ----------  --------------  -------------------  ----------------------
/opt/airflow/dags/workflow.py                           1           0  0.35s           2024-11-15T07:29:04                      12
================================================================================
[2024-11-15T07:30:02.830+0000] {manager.py:997} INFO - 
================================================================================
DAG File Processing Stats

File Path                      PID    Runtime      # DAGs    # Errors  Last Runtime    Last Run               Last # of DB Queries
-----------------------------  -----  ---------  --------  ----------  --------------  -------------------  ----------------------
/opt/airflow/dags/workflow.py                           1           0  0.39s           2024-11-15T07:29:34                      12
================================================================================
[2024-11-15T07:30:09.542+0000] {manager.py:465} INFO - Exiting gracefully upon receiving signal 15
[2024-11-15T07:33:39.313+0000] {manager.py:483} INFO - Processing files using up to 2 processes at a time 
[2024-11-15T07:33:39.314+0000] {manager.py:484} INFO - Process each file at most once every 30 seconds
[2024-11-15T07:33:39.314+0000] {manager.py:485} INFO - Checking for new files in /opt/airflow/dags every 300 seconds
[2024-11-15T07:33:39.315+0000] {manager.py:821} INFO - Searching for files in /opt/airflow/dags
[2024-11-15T07:33:39.351+0000] {manager.py:824} INFO - There are 1 files in /opt/airflow/dags
[2024-11-15T07:33:39.425+0000] {manager.py:997} INFO - 
================================================================================
DAG File Processing Stats

File Path                        PID  Runtime      # DAGs    # Errors  Last Runtime    Last Run      Last # of DB Queries
-----------------------------  -----  ---------  --------  ----------  --------------  ----------  ----------------------
/opt/airflow/dags/workflow.py     35  0.02s             0           0                                                   0
================================================================================
[2024-11-15T07:34:09.726+0000] {manager.py:997} INFO - 
================================================================================
DAG File Processing Stats

File Path                      PID    Runtime      # DAGs    # Errors  Last Runtime    Last Run               Last # of DB Queries
-----------------------------  -----  ---------  --------  ----------  --------------  -------------------  ----------------------
/opt/airflow/dags/workflow.py                           1           0  0.58s           2024-11-15T07:33:39                      45
================================================================================
[2024-11-15T07:34:40.535+0000] {manager.py:997} INFO - 
================================================================================
DAG File Processing Stats

File Path                        PID  Runtime      # DAGs    # Errors  Last Runtime    Last Run               Last # of DB Queries
-----------------------------  -----  ---------  --------  ----------  --------------  -------------------  ----------------------
/opt/airflow/dags/workflow.py     55  0.00s             1           0  0.17s           2024-11-15T07:34:10                      12
================================================================================
[2024-11-15T07:35:10.846+0000] {manager.py:997} INFO - 
================================================================================
DAG File Processing Stats

File Path                        PID  Runtime      # DAGs    # Errors  Last Runtime    Last Run               Last # of DB Queries
-----------------------------  -----  ---------  --------  ----------  --------------  -------------------  ----------------------
/opt/airflow/dags/workflow.py     62  0.00s             1           0  0.11s           2024-11-15T07:34:40                      12
================================================================================
[2024-11-15T07:35:41.161+0000] {manager.py:997} INFO - 
================================================================================
DAG File Processing Stats

File Path                        PID  Runtime      # DAGs    # Errors  Last Runtime    Last Run               Last # of DB Queries
-----------------------------  -----  ---------  --------  ----------  --------------  -------------------  ----------------------
/opt/airflow/dags/workflow.py     73  0.00s             1           0  0.11s           2024-11-15T07:35:10                      12
================================================================================
[2024-11-15T07:36:11.456+0000] {manager.py:997} INFO - 
================================================================================
DAG File Processing Stats

File Path                        PID  Runtime      # DAGs    # Errors  Last Runtime    Last Run               Last # of DB Queries
-----------------------------  -----  ---------  --------  ----------  --------------  -------------------  ----------------------
/opt/airflow/dags/workflow.py     80  0.00s             1           0  0.14s           2024-11-15T07:35:41                      12
================================================================================
[2024-11-15T07:36:41.803+0000] {manager.py:997} INFO - 
================================================================================
DAG File Processing Stats

File Path                        PID  Runtime      # DAGs    # Errors  Last Runtime    Last Run               Last # of DB Queries
-----------------------------  -----  ---------  --------  ----------  --------------  -------------------  ----------------------
/opt/airflow/dags/workflow.py     87  0.01s             1           0  0.16s           2024-11-15T07:36:11                      12
================================================================================
[2024-11-15T07:37:11.997+0000] {manager.py:997} INFO - 
================================================================================
DAG File Processing Stats

File Path                        PID  Runtime      # DAGs    # Errors  Last Runtime    Last Run               Last # of DB Queries
-----------------------------  -----  ---------  --------  ----------  --------------  -------------------  ----------------------
/opt/airflow/dags/workflow.py     94  0.02s             1           0  0.14s           2024-11-15T07:36:41                      12
================================================================================
[2024-11-15T07:37:42.019+0000] {manager.py:997} INFO - 
================================================================================
DAG File Processing Stats

File Path                      PID    Runtime      # DAGs    # Errors  Last Runtime    Last Run               Last # of DB Queries
-----------------------------  -----  ---------  --------  ----------  --------------  -------------------  ----------------------
/opt/airflow/dags/workflow.py                           1           0  0.66s           2024-11-15T07:37:12                      12
================================================================================
[2024-11-15T07:38:12.321+0000] {manager.py:997} INFO - 
================================================================================
DAG File Processing Stats

File Path                      PID    Runtime      # DAGs    # Errors  Last Runtime    Last Run               Last # of DB Queries
-----------------------------  -----  ---------  --------  ----------  --------------  -------------------  ----------------------
/opt/airflow/dags/workflow.py                           1           0  0.19s           2024-11-15T07:37:43                      12
================================================================================
[2024-11-15T07:38:39.673+0000] {manager.py:821} INFO - Searching for files in /opt/airflow/dags
[2024-11-15T07:38:39.708+0000] {manager.py:824} INFO - There are 1 files in /opt/airflow/dags
[2024-11-15T07:38:42.750+0000] {manager.py:997} INFO - 
================================================================================
DAG File Processing Stats

File Path                      PID    Runtime      # DAGs    # Errors  Last Runtime    Last Run               Last # of DB Queries
-----------------------------  -----  ---------  --------  ----------  --------------  -------------------  ----------------------
/opt/airflow/dags/workflow.py                           1           0  0.17s           2024-11-15T07:38:13                      12
================================================================================
[2024-11-15T07:39:13.198+0000] {manager.py:997} INFO - 
================================================================================
DAG File Processing Stats

File Path                      PID    Runtime      # DAGs    # Errors  Last Runtime    Last Run               Last # of DB Queries
-----------------------------  -----  ---------  --------  ----------  --------------  -------------------  ----------------------
/opt/airflow/dags/workflow.py                           1           0  0.12s           2024-11-15T07:38:43                      12
================================================================================
[2024-11-15T07:39:43.618+0000] {manager.py:997} INFO - 
================================================================================
DAG File Processing Stats

File Path                      PID    Runtime      # DAGs    # Errors  Last Runtime    Last Run               Last # of DB Queries
-----------------------------  -----  ---------  --------  ----------  --------------  -------------------  ----------------------
/opt/airflow/dags/workflow.py                           1           0  0.27s           2024-11-15T07:39:14                      12
================================================================================
[2024-11-15T07:40:14.138+0000] {manager.py:997} INFO - 
================================================================================
DAG File Processing Stats

File Path                      PID    Runtime      # DAGs    # Errors  Last Runtime    Last Run               Last # of DB Queries
-----------------------------  -----  ---------  --------  ----------  --------------  -------------------  ----------------------
/opt/airflow/dags/workflow.py                           1           0  0.34s           2024-11-15T07:39:44                      12
================================================================================
[2024-11-15T07:40:44.654+0000] {manager.py:997} INFO - 
================================================================================
DAG File Processing Stats

File Path                      PID    Runtime      # DAGs    # Errors  Last Runtime    Last Run               Last # of DB Queries
-----------------------------  -----  ---------  --------  ----------  --------------  -------------------  ----------------------
/opt/airflow/dags/workflow.py                           1           0  1.06s           2024-11-15T07:40:16                      12
================================================================================
[2024-11-15T07:41:14.956+0000] {manager.py:997} INFO - 
================================================================================
DAG File Processing Stats

File Path                      PID    Runtime      # DAGs    # Errors  Last Runtime    Last Run               Last # of DB Queries
-----------------------------  -----  ---------  --------  ----------  --------------  -------------------  ----------------------
/opt/airflow/dags/workflow.py                           1           0  0.20s           2024-11-15T07:40:46                      12
================================================================================
[2024-11-15T07:41:45.224+0000] {manager.py:997} INFO - 
================================================================================
DAG File Processing Stats

File Path                      PID    Runtime      # DAGs    # Errors  Last Runtime    Last Run               Last # of DB Queries
-----------------------------  -----  ---------  --------  ----------  --------------  -------------------  ----------------------
/opt/airflow/dags/workflow.py                           1           0  0.15s           2024-11-15T07:41:17                      12
================================================================================
[2024-11-15T07:42:15.611+0000] {manager.py:997} INFO - 
================================================================================
DAG File Processing Stats

File Path                      PID    Runtime      # DAGs    # Errors  Last Runtime    Last Run               Last # of DB Queries
-----------------------------  -----  ---------  --------  ----------  --------------  -------------------  ----------------------
/opt/airflow/dags/workflow.py                           1           0  0.12s           2024-11-15T07:41:47                      12
================================================================================
[2024-11-15T07:42:45.899+0000] {manager.py:997} INFO - 
================================================================================
DAG File Processing Stats

File Path                      PID    Runtime      # DAGs    # Errors  Last Runtime    Last Run               Last # of DB Queries
-----------------------------  -----  ---------  --------  ----------  --------------  -------------------  ----------------------
/opt/airflow/dags/workflow.py                           1           0  0.30s           2024-11-15T07:42:17                      12
================================================================================
[2024-11-15T07:43:16.439+0000] {manager.py:997} INFO - 
================================================================================
DAG File Processing Stats

File Path                      PID    Runtime      # DAGs    # Errors  Last Runtime    Last Run               Last # of DB Queries
-----------------------------  -----  ---------  --------  ----------  --------------  -------------------  ----------------------
/opt/airflow/dags/workflow.py                           1           0  0.31s           2024-11-15T07:42:48                      12
================================================================================
[2024-11-15T07:43:39.958+0000] {manager.py:821} INFO - Searching for files in /opt/airflow/dags
[2024-11-15T07:43:39.997+0000] {manager.py:824} INFO - There are 1 files in /opt/airflow/dags
[2024-11-15T07:43:47.082+0000] {manager.py:997} INFO - 
================================================================================
DAG File Processing Stats

File Path                      PID    Runtime      # DAGs    # Errors  Last Runtime    Last Run               Last # of DB Queries
-----------------------------  -----  ---------  --------  ----------  --------------  -------------------  ----------------------
/opt/airflow/dags/workflow.py                           1           0  0.15s           2024-11-15T07:43:18                      12
================================================================================
[2024-11-15T07:44:17.456+0000] {manager.py:997} INFO - 
================================================================================
DAG File Processing Stats

File Path                      PID    Runtime      # DAGs    # Errors  Last Runtime    Last Run               Last # of DB Queries
-----------------------------  -----  ---------  --------  ----------  --------------  -------------------  ----------------------
/opt/airflow/dags/workflow.py                           1           0  0.15s           2024-11-15T07:43:49                      12
================================================================================
[2024-11-15T07:44:47.797+0000] {manager.py:997} INFO - 
================================================================================
DAG File Processing Stats

File Path                      PID    Runtime      # DAGs    # Errors  Last Runtime    Last Run               Last # of DB Queries
-----------------------------  -----  ---------  --------  ----------  --------------  -------------------  ----------------------
/opt/airflow/dags/workflow.py                           1           0  0.18s           2024-11-15T07:44:19                      12
================================================================================
[2024-11-15T07:45:18.347+0000] {manager.py:997} INFO - 
================================================================================
DAG File Processing Stats

File Path                      PID    Runtime      # DAGs    # Errors  Last Runtime    Last Run               Last # of DB Queries
-----------------------------  -----  ---------  --------  ----------  --------------  -------------------  ----------------------
/opt/airflow/dags/workflow.py                           1           0  0.27s           2024-11-15T07:44:50                      12
================================================================================
[2024-11-15T07:45:48.662+0000] {manager.py:997} INFO - 
================================================================================
DAG File Processing Stats

File Path                      PID    Runtime      # DAGs    # Errors  Last Runtime    Last Run               Last # of DB Queries
-----------------------------  -----  ---------  --------  ----------  --------------  -------------------  ----------------------
/opt/airflow/dags/workflow.py                           1           0  0.55s           2024-11-15T07:45:20                      12
================================================================================
[2024-11-15T07:46:19.045+0000] {manager.py:997} INFO - 
================================================================================
DAG File Processing Stats

File Path                      PID    Runtime      # DAGs    # Errors  Last Runtime    Last Run               Last # of DB Queries
-----------------------------  -----  ---------  --------  ----------  --------------  -------------------  ----------------------
/opt/airflow/dags/workflow.py                           1           0  0.49s           2024-11-15T07:45:51                      12
================================================================================
[2024-11-15T07:46:49.481+0000] {manager.py:997} INFO - 
================================================================================
DAG File Processing Stats

File Path                      PID    Runtime      # DAGs    # Errors  Last Runtime    Last Run               Last # of DB Queries
-----------------------------  -----  ---------  --------  ----------  --------------  -------------------  ----------------------
/opt/airflow/dags/workflow.py                           1           0  0.20s           2024-11-15T07:46:22                      12
================================================================================
[2024-11-15T07:47:19.816+0000] {manager.py:997} INFO - 
================================================================================
DAG File Processing Stats

File Path                      PID    Runtime      # DAGs    # Errors  Last Runtime    Last Run               Last # of DB Queries
-----------------------------  -----  ---------  --------  ----------  --------------  -------------------  ----------------------
/opt/airflow/dags/workflow.py                           1           0  0.12s           2024-11-15T07:46:52                      12
================================================================================
[2024-11-15T07:47:50.102+0000] {manager.py:997} INFO - 
================================================================================
DAG File Processing Stats

File Path                      PID    Runtime      # DAGs    # Errors  Last Runtime    Last Run               Last # of DB Queries
-----------------------------  -----  ---------  --------  ----------  --------------  -------------------  ----------------------
/opt/airflow/dags/workflow.py                           1           0  0.13s           2024-11-15T07:47:22                      12
================================================================================
[2024-11-15T07:48:20.508+0000] {manager.py:997} INFO - 
================================================================================
DAG File Processing Stats

File Path                      PID    Runtime      # DAGs    # Errors  Last Runtime    Last Run               Last # of DB Queries
-----------------------------  -----  ---------  --------  ----------  --------------  -------------------  ----------------------
/opt/airflow/dags/workflow.py                           1           0  0.27s           2024-11-15T07:47:53                      12
================================================================================
[2024-11-15T07:48:40.024+0000] {manager.py:821} INFO - Searching for files in /opt/airflow/dags
[2024-11-15T07:48:40.057+0000] {manager.py:824} INFO - There are 1 files in /opt/airflow/dags
[2024-11-15T07:48:50.896+0000] {manager.py:997} INFO - 
================================================================================
DAG File Processing Stats

File Path                      PID    Runtime      # DAGs    # Errors  Last Runtime    Last Run               Last # of DB Queries
-----------------------------  -----  ---------  --------  ----------  --------------  -------------------  ----------------------
/opt/airflow/dags/workflow.py                           1           0  0.33s           2024-11-15T07:48:23                      12
================================================================================
[2024-11-15T07:49:21.165+0000] {manager.py:997} INFO - 
================================================================================
DAG File Processing Stats

File Path                      PID    Runtime      # DAGs    # Errors  Last Runtime    Last Run               Last # of DB Queries
-----------------------------  -----  ---------  --------  ----------  --------------  -------------------  ----------------------
/opt/airflow/dags/workflow.py                           1           0  0.12s           2024-11-15T07:48:54                      12
================================================================================
[2024-11-15T07:49:21.611+0000] {manager.py:465} INFO - Exiting gracefully upon receiving signal 15
[2024-11-15T07:55:12.596+0000] {manager.py:483} INFO - Processing files using up to 2 processes at a time 
[2024-11-15T07:55:12.598+0000] {manager.py:484} INFO - Process each file at most once every 30 seconds
[2024-11-15T07:55:12.599+0000] {manager.py:485} INFO - Checking for new files in /opt/airflow/dags every 300 seconds
[2024-11-15T07:55:12.599+0000] {manager.py:821} INFO - Searching for files in /opt/airflow/dags
[2024-11-15T07:55:12.704+0000] {manager.py:824} INFO - There are 1 files in /opt/airflow/dags
[2024-11-15T07:55:12.799+0000] {manager.py:997} INFO - 
================================================================================
DAG File Processing Stats

File Path                        PID  Runtime      # DAGs    # Errors  Last Runtime    Last Run      Last # of DB Queries
-----------------------------  -----  ---------  --------  ----------  --------------  ----------  ----------------------
/opt/airflow/dags/workflow.py     35  0.02s             0           0                                                   0
================================================================================
[2024-11-15T07:55:43.020+0000] {manager.py:997} INFO - 
================================================================================
DAG File Processing Stats

File Path                      PID    Runtime      # DAGs    # Errors  Last Runtime    Last Run               Last # of DB Queries
-----------------------------  -----  ---------  --------  ----------  --------------  -------------------  ----------------------
/opt/airflow/dags/workflow.py                           1           0  0.62s           2024-11-15T07:55:13                      45
================================================================================
[2024-11-15T07:56:13.142+0000] {manager.py:997} INFO - 
================================================================================
DAG File Processing Stats

File Path                      PID    Runtime      # DAGs    # Errors  Last Runtime    Last Run               Last # of DB Queries
-----------------------------  -----  ---------  --------  ----------  --------------  -------------------  ----------------------
/opt/airflow/dags/workflow.py                           1           0  0.25s           2024-11-15T07:55:43                      12
================================================================================
[2024-11-15T07:56:43.603+0000] {manager.py:997} INFO - 
================================================================================
DAG File Processing Stats

File Path                      PID    Runtime      # DAGs    # Errors  Last Runtime    Last Run               Last # of DB Queries
-----------------------------  -----  ---------  --------  ----------  --------------  -------------------  ----------------------
/opt/airflow/dags/workflow.py                           1           0  0.38s           2024-11-15T07:56:14                      12
================================================================================
