[2024-11-15T07:27:43.897+0000] {local_task_job_runner.py:123} INFO - ::group::Pre task execution logs
[2024-11-15T07:27:43.915+0000] {taskinstance.py:2613} INFO - Dependencies all met for dep_context=non-requeueable deps ti=<TaskInstance: email_pipeline.run_result_script scheduled__2024-11-15T07:15:00+00:00 [queued]>
[2024-11-15T07:27:43.925+0000] {taskinstance.py:2613} INFO - Dependencies all met for dep_context=requeueable deps ti=<TaskInstance: email_pipeline.run_result_script scheduled__2024-11-15T07:15:00+00:00 [queued]>
[2024-11-15T07:27:43.926+0000] {taskinstance.py:2866} INFO - Starting attempt 3 of 4
[2024-11-15T07:27:43.944+0000] {taskinstance.py:2889} INFO - Executing <Task(BashOperator): run_result_script> on 2024-11-15 07:15:00+00:00
[2024-11-15T07:27:43.950+0000] {warnings.py:112} WARNING - /home/***/.local/lib/python3.12/site-packages/***/task/task_runner/standard_task_runner.py:70: DeprecationWarning: This process (pid=194) is multi-threaded, use of fork() may lead to deadlocks in the child.
  pid = os.fork()

[2024-11-15T07:27:43.952+0000] {standard_task_runner.py:72} INFO - Started process 195 to run task
[2024-11-15T07:27:43.952+0000] {standard_task_runner.py:104} INFO - Running: ['***', 'tasks', 'run', 'email_pipeline', 'run_result_script', 'scheduled__2024-11-15T07:15:00+00:00', '--job-id', '9', '--raw', '--subdir', 'DAGS_FOLDER/workflow.py', '--cfg-path', '/tmp/tmpxv4v4fii']
[2024-11-15T07:27:43.953+0000] {standard_task_runner.py:105} INFO - Job 9: Subtask run_result_script
[2024-11-15T07:27:44.014+0000] {task_command.py:467} INFO - Running <TaskInstance: email_pipeline.run_result_script scheduled__2024-11-15T07:15:00+00:00 [running]> on host d4c24de2763c
[2024-11-15T07:27:44.108+0000] {taskinstance.py:3132} INFO - Exporting env vars: AIRFLOW_CTX_DAG_OWNER='***' AIRFLOW_CTX_DAG_ID='email_pipeline' AIRFLOW_CTX_TASK_ID='run_result_script' AIRFLOW_CTX_EXECUTION_DATE='2024-11-15T07:15:00+00:00' AIRFLOW_CTX_TRY_NUMBER='3' AIRFLOW_CTX_DAG_RUN_ID='scheduled__2024-11-15T07:15:00+00:00'
[2024-11-15T07:27:44.110+0000] {taskinstance.py:731} INFO - ::endgroup::
[2024-11-15T07:27:44.128+0000] {subprocess.py:78} INFO - Tmp dir root location: /tmp
[2024-11-15T07:27:44.130+0000] {subprocess.py:88} INFO - Running command: ['/usr/bin/bash', '-c', 'python /opt/***/dags/result.py']
[2024-11-15T07:27:44.139+0000] {subprocess.py:99} INFO - Output:
[2024-11-15T07:27:51.940+0000] {subprocess.py:110} INFO - Command exited with return code 0
[2024-11-15T07:27:51.981+0000] {taskinstance.py:340} INFO - ::group::Post task execution logs
[2024-11-15T07:27:51.982+0000] {taskinstance.py:352} INFO - Marking task as SUCCESS. dag_id=email_pipeline, task_id=run_result_script, run_id=scheduled__2024-11-15T07:15:00+00:00, execution_date=20241115T071500, start_date=20241115T072743, end_date=20241115T072751
[2024-11-15T07:27:52.028+0000] {local_task_job_runner.py:266} INFO - Task exited with return code 0
[2024-11-15T07:27:52.053+0000] {taskinstance.py:3895} INFO - 0 downstream tasks scheduled from follow-on schedule check
[2024-11-15T07:27:52.058+0000] {local_task_job_runner.py:245} INFO - ::endgroup::
